Creating network.
The layer structure is following:
[70, 100, 1]
Setting newtork parameters
Getting training data : ALL_S6_959126400_hveto_channels_signif_dt_set_5_training.pat
Setting GA training parameters
Start running GA
Gen. 0 (0.00%): Max/Min/Avg Fitness(Raw) [25.22(61.84)/18.96(1.02)/21.01(21.01)]
Gen. 1 (5.00%): Max/Min/Avg Fitness(Raw) [47.86(73.04)/30.53(1.02)/39.89(39.89)]
Gen. 2 (10.00%): Max/Min/Avg Fitness(Raw) [44.25(78.06)/30.45(1.02)/36.87(36.87)]
Gen. 3 (15.00%): Max/Min/Avg Fitness(Raw) [48.60(81.64)/32.73(1.02)/40.50(40.50)]
Gen. 4 (20.00%): Max/Min/Avg Fitness(Raw) [50.23(85.22)/33.97(1.02)/41.86(41.86)]
Gen. 5 (25.00%): Max/Min/Avg Fitness(Raw) [52.74(86.09)/34.99(1.02)/43.95(43.95)]
Gen. 6 (30.00%): Max/Min/Avg Fitness(Raw) [46.70(86.97)/32.78(1.02)/38.92(38.92)]
Gen. 7 (35.00%): Max/Min/Avg Fitness(Raw) [45.96(90.37)/32.81(1.02)/38.30(38.30)]
Gen. 8 (40.00%): Max/Min/Avg Fitness(Raw) [45.26(90.37)/32.46(1.02)/37.72(37.72)]
Gen. 9 (45.00%): Max/Min/Avg Fitness(Raw) [46.09(90.37)/32.88(1.02)/38.41(38.41)]
Gen. 10 (50.00%): Max/Min/Avg Fitness(Raw) [46.06(90.37)/32.87(1.02)/38.39(38.39)]
Gen. 11 (55.00%): Max/Min/Avg Fitness(Raw) [46.37(90.37)/33.02(1.02)/38.64(38.64)]
Gen. 12 (60.00%): Max/Min/Avg Fitness(Raw) [46.25(90.98)/33.03(1.02)/38.54(38.54)]
Gen. 13 (65.00%): Max/Min/Avg Fitness(Raw) [47.52(91.73)/33.74(1.02)/39.60(39.60)]
Gen. 14 (70.00%): Max/Min/Avg Fitness(Raw) [45.70(92.70)/32.91(1.02)/38.08(38.08)]
Gen. 15 (75.00%): Max/Min/Avg Fitness(Raw) [45.16(92.70)/32.63(1.02)/37.63(37.63)]
Gen. 16 (80.00%): Max/Min/Avg Fitness(Raw) [45.41(92.70)/32.76(1.02)/37.84(37.84)]
Gen. 17 (85.00%): Max/Min/Avg Fitness(Raw) [45.17(93.00)/32.66(1.02)/37.64(37.64)]
Gen. 18 (90.00%): Max/Min/Avg Fitness(Raw) [46.24(94.59)/33.37(1.02)/38.53(38.53)]
Gen. 19 (95.00%): Max/Min/Avg Fitness(Raw) [46.06(94.69)/33.29(1.02)/38.38(38.38)]
Gen. 20 (100.00%): Max/Min/Avg Fitness(Raw) [41.61(94.69)/30.79(1.02)/34.68(34.68)]
Total time elapsed: 56589.915 seconds.
GA MSE : 0.014898
Best initial connection wetighs are set on Network
Setting FANN training parameters
Input layer                          :  70 neurons, 1 bias
  Hidden layer                       : 100 neurons, 1 bias
Output layer                         :   1 neurons
Total neurons and biases             : 173
Total connections                    :3701
Connection rate                      :   0.500
Network type                         :   FANN_NETTYPE_LAYER
Training algorithm                   :   FANN_TRAIN_RPROP
Training error function              :   FANN_ERRORFUNC_TANH
Training stop function               :   FANN_STOPFUNC_MSE
Bit fail limit                       :   0.350
Learning rate                        :   0.700
Learning momentum                    :   0.000
Quickprop decay                      :  -0.000100
Quickprop mu                         :   1.750
RPROP increase factor                :   1.001
RPROP decrease factor                :   0.333
RPROP delta min                      :   0.000
RPROP delta max                      :  50.000
Cascade output change fraction       :   0.010000
Cascade candidate change fraction    :   0.010000
Cascade output stagnation epochs     :  12
Cascade candidate stagnation epochs  :  12
Cascade max output epochs            : 150
Cascade max candidate epochs         : 150
Cascade weight multiplier            :   0.400
Cascade candidate limit              :1000.000
Cascade activation functions[0]      :   FANN_SIGMOID
Cascade activation functions[1]      :   FANN_SIGMOID_SYMMETRIC
Cascade activation functions[2]      :   FANN_GAUSSIAN
Cascade activation functions[3]      :   FANN_GAUSSIAN_SYMMETRIC
Cascade activation functions[4]      :   FANN_ELLIOT
Cascade activation functions[5]      :   FANN_ELLIOT_SYMMETRIC
Cascade activation functions[6]      :   FANN_SIN_SYMMETRIC
Cascade activation functions[7]      :   FANN_COS_SYMMETRIC
Cascade activation functions[8]      :   FANN_SIN
Cascade activation functions[9]      :   FANN_COS
Cascade activation steepnesses[0]    :   0.250
Cascade activation steepnesses[1]    :   0.500
Cascade activation steepnesses[2]    :   0.750
Cascade activation steepnesses[3]    :   1.000
Cascade candidate groups             :   2
Cascade no. of candidates            :  80
Start training network with 2-algorithm in FANN
Max epochs     8000. Desired error: 0.0010000000.
Epochs            1. Current error: 0.0105610508. Bit fail 194.
Epochs          100. Current error: 0.0108639030. Bit fail 218.
Epochs          200. Current error: 0.0098504415. Bit fail 207.
Epochs          300. Current error: 0.0092157377. Bit fail 195.
Epochs          400. Current error: 0.0087611163. Bit fail 189.
Epochs          500. Current error: 0.0086033493. Bit fail 181.
Epochs          600. Current error: 0.0084390268. Bit fail 177.
Epochs          700. Current error: 0.0084023671. Bit fail 179.
Epochs          800. Current error: 0.0083746174. Bit fail 179.
Epochs          900. Current error: 0.0082559176. Bit fail 174.
Epochs         1000. Current error: 0.0081347898. Bit fail 174.
Epochs         1100. Current error: 0.0080284979. Bit fail 168.
Epochs         1200. Current error: 0.0079161804. Bit fail 168.
Epochs         1300. Current error: 0.0078623127. Bit fail 169.
Epochs         1400. Current error: 0.0077706873. Bit fail 172.
Epochs         1500. Current error: 0.0076647056. Bit fail 173.
Epochs         1600. Current error: 0.0075445697. Bit fail 169.
Epochs         1700. Current error: 0.0073945308. Bit fail 163.
Epochs         1800. Current error: 0.0072576939. Bit fail 163.
Epochs         1900. Current error: 0.0071456176. Bit fail 163.
Epochs         2000. Current error: 0.0070124660. Bit fail 157.
Epochs         2100. Current error: 0.0069128606. Bit fail 155.
Epochs         2200. Current error: 0.0068423012. Bit fail 149.
Epochs         2300. Current error: 0.0067716176. Bit fail 143.
Epochs         2400. Current error: 0.0067287609. Bit fail 140.
Epochs         2500. Current error: 0.0066837836. Bit fail 141.
Epochs         2600. Current error: 0.0066532549. Bit fail 138.
Epochs         2700. Current error: 0.0066004614. Bit fail 138.
Epochs         2800. Current error: 0.0065338332. Bit fail 137.
Epochs         2900. Current error: 0.0064419233. Bit fail 135.
Epochs         3000. Current error: 0.0063688271. Bit fail 131.
Epochs         3100. Current error: 0.0063288445. Bit fail 132.
Epochs         3200. Current error: 0.0062951720. Bit fail 128.
Epochs         3300. Current error: 0.0062616686. Bit fail 130.
Epochs         3400. Current error: 0.0062068100. Bit fail 132.
Epochs         3500. Current error: 0.0061272741. Bit fail 128.
Epochs         3600. Current error: 0.0060615013. Bit fail 127.
Epochs         3700. Current error: 0.0060255732. Bit fail 125.
Epochs         3800. Current error: 0.0059634089. Bit fail 119.
Epochs         3900. Current error: 0.0059151631. Bit fail 120.
Epochs         4000. Current error: 0.0058675106. Bit fail 118.
Epochs         4100. Current error: 0.0058128093. Bit fail 119.
Epochs         4200. Current error: 0.0057658316. Bit fail 119.
Epochs         4300. Current error: 0.0057239761. Bit fail 120.
Epochs         4400. Current error: 0.0056795646. Bit fail 119.
Epochs         4500. Current error: 0.0056415051. Bit fail 117.
Epochs         4600. Current error: 0.0056102076. Bit fail 116.
Epochs         4700. Current error: 0.0055791698. Bit fail 118.
Epochs         4800. Current error: 0.0055526374. Bit fail 117.
Epochs         4900. Current error: 0.0055245399. Bit fail 115.
Epochs         5000. Current error: 0.0055024447. Bit fail 112.
Epochs         5100. Current error: 0.0055235964. Bit fail 111.
Epochs         5200. Current error: 0.0054793311. Bit fail 109.
Epochs         5300. Current error: 0.0054564858. Bit fail 109.
Epochs         5400. Current error: 0.0054444177. Bit fail 109.
Epochs         5500. Current error: 0.0054269815. Bit fail 108.
Epochs         5600. Current error: 0.0054091387. Bit fail 106.
Epochs         5700. Current error: 0.0054009920. Bit fail 107.
Epochs         5800. Current error: 0.0053983345. Bit fail 106.
Epochs         5900. Current error: 0.0053806361. Bit fail 106.
Epochs         6000. Current error: 0.0054792902. Bit fail 108.
Epochs         6100. Current error: 0.0054187397. Bit fail 107.
Epochs         6200. Current error: 0.0053499751. Bit fail 106.
Epochs         6300. Current error: 0.0053354036. Bit fail 106.
Epochs         6400. Current error: 0.0053403638. Bit fail 107.
Epochs         6500. Current error: 0.0053491057. Bit fail 107.
Epochs         6600. Current error: 0.0053298036. Bit fail 107.
Epochs         6700. Current error: 0.0053543639. Bit fail 109.
Epochs         6800. Current error: 0.0053044995. Bit fail 108.
Epochs         6900. Current error: 0.0052829036. Bit fail 106.
Epochs         7000. Current error: 0.0052695666. Bit fail 107.
Epochs         7100. Current error: 0.0052522123. Bit fail 107.
Epochs         7200. Current error: 0.0052361502. Bit fail 108.
Epochs         7300. Current error: 0.0052089947. Bit fail 109.
Epochs         7400. Current error: 0.0051870006. Bit fail 108.
Epochs         7500. Current error: 0.0051712552. Bit fail 108.
Epochs         7600. Current error: 0.0051488760. Bit fail 109.
Epochs         7700. Current error: 0.0051788324. Bit fail 108.
Epochs         7800. Current error: 0.0051715458. Bit fail 108.
Epochs         7900. Current error: 0.0051705232. Bit fail 108.
Epochs         8000. Current error: 0.0051676743. Bit fail 109.
Time elpased for FANN training: 2583.223182 seconds
Trained Network by GA+FANN is saved in 
./ALL_S6_959126400_hveto_channels_signif_dt_set_5_training_n70n100n1_c05_mr02_p5000_g20_rmin-25_rmax25_gsigma10_y1001_z03333_f05g09_m8000.net.
Total Running Time: 59173.811486 seconds
