Creating network.
The layer structure is following:
[70, 10, 1]
Setting newtork parameters
Getting training data : ALL_S6_959126400_hveto_channels_signif_dt_set_6_training.pat
Setting GA training parameters
Start running GA
Gen. 0 (0.00%): Max/Min/Avg Fitness(Raw) [17.60(54.40)/13.66(1.02)/14.67(14.67)]
Gen. 1 (5.00%): Max/Min/Avg Fitness(Raw) [38.26(58.05)/24.36(1.02)/31.88(31.88)]
Gen. 2 (10.00%): Max/Min/Avg Fitness(Raw) [52.19(63.75)/25.26(1.02)/43.49(43.49)]
Gen. 3 (15.00%): Max/Min/Avg Fitness(Raw) [65.08(64.68)/0.00(1.02)/46.98(46.98)]
Gen. 4 (20.00%): Max/Min/Avg Fitness(Raw) [48.75(64.73)/27.28(1.02)/40.63(40.63)]
Gen. 5 (25.00%): Max/Min/Avg Fitness(Raw) [50.34(66.72)/28.09(1.02)/41.95(41.95)]
Gen. 6 (30.00%): Max/Min/Avg Fitness(Raw) [45.91(68.65)/28.88(1.02)/38.26(38.26)]
Gen. 7 (35.00%): Max/Min/Avg Fitness(Raw) [48.88(68.65)/29.15(1.02)/40.74(40.74)]
Gen. 8 (40.00%): Max/Min/Avg Fitness(Raw) [46.47(68.65)/28.97(1.02)/38.72(38.72)]
Gen. 9 (45.00%): Max/Min/Avg Fitness(Raw) [44.91(68.65)/28.70(1.02)/37.43(37.43)]
Gen. 10 (50.00%): Max/Min/Avg Fitness(Raw) [52.77(68.65)/28.67(1.02)/43.98(43.98)]
Gen. 11 (55.00%): Max/Min/Avg Fitness(Raw) [51.34(68.65)/28.97(1.02)/42.78(42.78)]
Gen. 12 (60.00%): Max/Min/Avg Fitness(Raw) [49.64(68.65)/29.13(1.02)/41.37(41.37)]
Gen. 13 (65.00%): Max/Min/Avg Fitness(Raw) [54.07(68.65)/28.24(1.02)/45.06(45.06)]
Gen. 14 (70.00%): Max/Min/Avg Fitness(Raw) [51.49(70.46)/29.86(1.02)/42.91(42.91)]
Gen. 15 (75.00%): Max/Min/Avg Fitness(Raw) [53.80(72.65)/30.71(1.02)/44.83(44.83)]
Gen. 16 (80.00%): Max/Min/Avg Fitness(Raw) [49.60(73.10)/30.84(1.02)/41.33(41.33)]
Gen. 17 (85.00%): Max/Min/Avg Fitness(Raw) [61.63(73.16)/27.65(1.02)/51.36(51.36)]
Gen. 18 (90.00%): Max/Min/Avg Fitness(Raw) [52.11(73.28)/31.09(1.02)/43.43(43.43)]
Gen. 19 (95.00%): Max/Min/Avg Fitness(Raw) [46.21(73.62)/30.29(1.02)/38.51(38.51)]
Gen. 20 (100.00%): Max/Min/Avg Fitness(Raw) [49.74(73.62)/31.03(1.02)/41.45(41.45)]
Total time elapsed: 34.970 seconds.
GA MSE : 0.014111
Best initial connection wetighs are set on Network
Setting FANN training parameters
Input layer                          :  70 neurons, 1 bias
  Hidden layer                       :  10 neurons, 1 bias
Output layer                         :   1 neurons
Total neurons and biases             :  83
Total connections                    : 721
Connection rate                      :   1.000
Network type                         :   FANN_NETTYPE_LAYER
Training algorithm                   :   FANN_TRAIN_RPROP
Training error function              :   FANN_ERRORFUNC_TANH
Training stop function               :   FANN_STOPFUNC_MSE
Bit fail limit                       :   0.350
Learning rate                        :   0.700
Learning momentum                    :   0.000
Quickprop decay                      :  -0.000100
Quickprop mu                         :   1.750
RPROP increase factor                :   1.001
RPROP decrease factor                :   0.333
RPROP delta min                      :   0.000
RPROP delta max                      :  50.000
Cascade output change fraction       :   0.010000
Cascade candidate change fraction    :   0.010000
Cascade output stagnation epochs     :  12
Cascade candidate stagnation epochs  :  12
Cascade max output epochs            : 150
Cascade max candidate epochs         : 150
Cascade weight multiplier            :   0.400
Cascade candidate limit              :1000.000
Cascade activation functions[0]      :   FANN_SIGMOID
Cascade activation functions[1]      :   FANN_SIGMOID_SYMMETRIC
Cascade activation functions[2]      :   FANN_GAUSSIAN
Cascade activation functions[3]      :   FANN_GAUSSIAN_SYMMETRIC
Cascade activation functions[4]      :   FANN_ELLIOT
Cascade activation functions[5]      :   FANN_ELLIOT_SYMMETRIC
Cascade activation functions[6]      :   FANN_SIN_SYMMETRIC
Cascade activation functions[7]      :   FANN_COS_SYMMETRIC
Cascade activation functions[8]      :   FANN_SIN
Cascade activation functions[9]      :   FANN_COS
Cascade activation steepnesses[0]    :   0.250
Cascade activation steepnesses[1]    :   0.500
Cascade activation steepnesses[2]    :   0.750
Cascade activation steepnesses[3]    :   1.000
Cascade candidate groups             :   2
Cascade no. of candidates            :  80
Start training network with 2-algorithm in FANN
Max epochs     5000. Desired error: 0.0010000000.
Epochs            1. Current error: 0.0135829914. Bit fail 252.
Epochs          100. Current error: 0.0126520870. Bit fail 257.
Epochs          200. Current error: 0.0120605892. Bit fail 268.
Epochs          300. Current error: 0.0114620468. Bit fail 245.
Epochs          400. Current error: 0.0108603789. Bit fail 235.
Epochs          500. Current error: 0.0104838526. Bit fail 225.
Epochs          600. Current error: 0.0101363221. Bit fail 216.
Epochs          700. Current error: 0.0099062864. Bit fail 212.
Epochs          800. Current error: 0.0096162921. Bit fail 206.
Epochs          900. Current error: 0.0093287155. Bit fail 199.
Epochs         1000. Current error: 0.0091471281. Bit fail 195.
Epochs         1100. Current error: 0.0089960322. Bit fail 193.
Epochs         1200. Current error: 0.0088112336. Bit fail 189.
Epochs         1300. Current error: 0.0086693028. Bit fail 188.
Epochs         1400. Current error: 0.0085251043. Bit fail 185.
Epochs         1500. Current error: 0.0083727892. Bit fail 183.
Epochs         1600. Current error: 0.0082441904. Bit fail 180.
Epochs         1700. Current error: 0.0081029329. Bit fail 175.
Epochs         1800. Current error: 0.0079592336. Bit fail 168.
Epochs         1900. Current error: 0.0078256894. Bit fail 160.
Epochs         2000. Current error: 0.0077486383. Bit fail 158.
Epochs         2100. Current error: 0.0076876725. Bit fail 158.
Epochs         2200. Current error: 0.0076079699. Bit fail 158.
Epochs         2300. Current error: 0.0075358981. Bit fail 154.
Epochs         2400. Current error: 0.0074596489. Bit fail 153.
Epochs         2500. Current error: 0.0073932917. Bit fail 150.
Epochs         2600. Current error: 0.0073542544. Bit fail 150.
Epochs         2700. Current error: 0.0073107518. Bit fail 151.
Epochs         2800. Current error: 0.0072649266. Bit fail 150.
Epochs         2900. Current error: 0.0072174682. Bit fail 150.
Epochs         3000. Current error: 0.0071708360. Bit fail 150.
Epochs         3100. Current error: 0.0071322499. Bit fail 147.
Epochs         3200. Current error: 0.0070791752. Bit fail 147.
Epochs         3300. Current error: 0.0070137172. Bit fail 146.
Epochs         3400. Current error: 0.0069680242. Bit fail 145.
Epochs         3500. Current error: 0.0069176001. Bit fail 147.
Epochs         3600. Current error: 0.0068750959. Bit fail 146.
Epochs         3700. Current error: 0.0068199378. Bit fail 143.
Epochs         3800. Current error: 0.0067636394. Bit fail 142.
Epochs         3900. Current error: 0.0067299684. Bit fail 142.
Epochs         4000. Current error: 0.0067144977. Bit fail 140.
Epochs         4100. Current error: 0.0066683413. Bit fail 138.
Epochs         4200. Current error: 0.0066111595. Bit fail 136.
Epochs         4300. Current error: 0.0065284236. Bit fail 132.
Epochs         4400. Current error: 0.0064185010. Bit fail 130.
Epochs         4500. Current error: 0.0063662804. Bit fail 129.
Epochs         4600. Current error: 0.0063269236. Bit fail 129.
Epochs         4700. Current error: 0.0063081272. Bit fail 128.
Epochs         4800. Current error: 0.0062938663. Bit fail 129.
Epochs         4900. Current error: 0.0062645678. Bit fail 129.
Epochs         5000. Current error: 0.0062397895. Bit fail 130.
Time elpased for FANN training: 294.434292 seconds
Trained Network by GA+FANN is saved in 
./ALL_S6_959126400_hveto_channels_signif_dt_set_6_training_n70n10n1_c10_mr02_p50_g20_rmin-25_rmax25_gsigma10_y1001_z03333_f05g09_m5000.net.
Total Running Time: 329.829926 seconds
