Creating network.
The layer structure is following:
[70, 100, 1]
Setting newtork parameters
Getting training data : ALL_S6_959126400_hveto_channels_signif_dt_set_1_training.pat
Setting GA training parameters
Start running GA
Gen. 0 (0.00%): Max/Min/Avg Fitness(Raw) [34.21(52.62)/22.01(1.02)/28.50(28.50)]
Gen. 1 (5.00%): Max/Min/Avg Fitness(Raw) [44.02(56.36)/23.39(1.02)/36.68(36.68)]
Gen. 2 (10.00%): Max/Min/Avg Fitness(Raw) [38.79(65.47)/26.22(1.02)/32.33(32.33)]
Gen. 3 (15.00%): Max/Min/Avg Fitness(Raw) [41.26(65.47)/27.00(1.02)/34.38(34.38)]
Gen. 4 (20.00%): Max/Min/Avg Fitness(Raw) [41.52(66.76)/27.38(1.02)/34.60(34.60)]
Gen. 5 (25.00%): Max/Min/Avg Fitness(Raw) [47.93(74.42)/30.92(1.02)/39.94(39.94)]
Gen. 6 (30.00%): Max/Min/Avg Fitness(Raw) [44.14(79.46)/30.62(1.02)/36.79(36.79)]
Gen. 7 (35.00%): Max/Min/Avg Fitness(Raw) [45.11(82.60)/31.48(1.02)/37.59(37.59)]
Gen. 8 (40.00%): Max/Min/Avg Fitness(Raw) [44.67(82.60)/31.28(1.02)/37.22(37.22)]
Gen. 9 (45.00%): Max/Min/Avg Fitness(Raw) [49.02(82.60)/33.06(1.02)/40.85(40.85)]
Gen. 10 (50.00%): Max/Min/Avg Fitness(Raw) [37.23(82.60)/27.42(1.02)/31.03(31.03)]
Gen. 11 (55.00%): Max/Min/Avg Fitness(Raw) [42.51(82.60)/30.26(1.02)/35.42(35.42)]
Gen. 12 (60.00%): Max/Min/Avg Fitness(Raw) [44.43(82.60)/31.18(1.02)/37.02(37.02)]
Gen. 13 (65.00%): Max/Min/Avg Fitness(Raw) [52.69(82.60)/34.17(1.02)/43.91(43.91)]
Gen. 14 (70.00%): Max/Min/Avg Fitness(Raw) [52.61(82.60)/34.15(1.02)/43.84(43.84)]
Gen. 15 (75.00%): Max/Min/Avg Fitness(Raw) [45.22(82.60)/31.53(1.02)/37.68(37.68)]
Gen. 16 (80.00%): Max/Min/Avg Fitness(Raw) [39.19(82.60)/28.52(1.02)/32.66(32.66)]
Gen. 17 (85.00%): Max/Min/Avg Fitness(Raw) [34.72(82.60)/25.92(1.02)/28.93(28.93)]
Gen. 18 (90.00%): Max/Min/Avg Fitness(Raw) [41.86(84.50)/30.12(1.02)/34.89(34.89)]
Gen. 19 (95.00%): Max/Min/Avg Fitness(Raw) [52.73(85.52)/34.87(1.02)/43.94(43.94)]
Gen. 20 (100.00%): Max/Min/Avg Fitness(Raw) [54.74(85.52)/35.42(1.02)/45.62(45.62)]
Total time elapsed: 358.287 seconds.
GA MSE : 0.014675
Best initial connection wetighs are set on Network
Setting FANN training parameters
Input layer                          :  70 neurons, 1 bias
  Hidden layer                       : 100 neurons, 1 bias
Output layer                         :   1 neurons
Total neurons and biases             : 173
Total connections                    :3701
Connection rate                      :   0.500
Network type                         :   FANN_NETTYPE_LAYER
Training algorithm                   :   FANN_TRAIN_RPROP
Training error function              :   FANN_ERRORFUNC_TANH
Training stop function               :   FANN_STOPFUNC_MSE
Bit fail limit                       :   0.350
Learning rate                        :   0.700
Learning momentum                    :   0.000
Quickprop decay                      :  -0.000100
Quickprop mu                         :   1.750
RPROP increase factor                :   1.001
RPROP decrease factor                :   0.500
RPROP delta min                      :   0.000
RPROP delta max                      :  50.000
Cascade output change fraction       :   0.010000
Cascade candidate change fraction    :   0.010000
Cascade output stagnation epochs     :  12
Cascade candidate stagnation epochs  :  12
Cascade max output epochs            : 150
Cascade max candidate epochs         : 150
Cascade weight multiplier            :   0.400
Cascade candidate limit              :1000.000
Cascade activation functions[0]      :   FANN_SIGMOID
Cascade activation functions[1]      :   FANN_SIGMOID_SYMMETRIC
Cascade activation functions[2]      :   FANN_GAUSSIAN
Cascade activation functions[3]      :   FANN_GAUSSIAN_SYMMETRIC
Cascade activation functions[4]      :   FANN_ELLIOT
Cascade activation functions[5]      :   FANN_ELLIOT_SYMMETRIC
Cascade activation functions[6]      :   FANN_SIN_SYMMETRIC
Cascade activation functions[7]      :   FANN_COS_SYMMETRIC
Cascade activation functions[8]      :   FANN_SIN
Cascade activation functions[9]      :   FANN_COS
Cascade activation steepnesses[0]    :   0.250
Cascade activation steepnesses[1]    :   0.500
Cascade activation steepnesses[2]    :   0.750
Cascade activation steepnesses[3]    :   1.000
Cascade candidate groups             :   2
Cascade no. of candidates            :  80
Start training network with 2-algorithm in FANN
Max epochs     4000. Desired error: 0.0010000000.
Epochs            1. Current error: 0.0116928043. Bit fail 212.
Epochs          100. Current error: 0.0118330223. Bit fail 232.
Epochs          200. Current error: 0.0114207640. Bit fail 235.
Epochs          300. Current error: 0.0110374978. Bit fail 226.
Epochs          400. Current error: 0.0103493221. Bit fail 217.
Epochs          500. Current error: 0.0096683018. Bit fail 207.
Epochs          600. Current error: 0.0091806687. Bit fail 192.
Epochs          700. Current error: 0.0089899898. Bit fail 188.
Epochs          800. Current error: 0.0087630562. Bit fail 191.
Epochs          900. Current error: 0.0085470229. Bit fail 183.
Epochs         1000. Current error: 0.0083704302. Bit fail 180.
Epochs         1100. Current error: 0.0081848633. Bit fail 178.
Epochs         1200. Current error: 0.0079987068. Bit fail 171.
Epochs         1300. Current error: 0.0078631071. Bit fail 168.
Epochs         1400. Current error: 0.0076606539. Bit fail 160.
Epochs         1500. Current error: 0.0075228964. Bit fail 156.
Epochs         1600. Current error: 0.0074263420. Bit fail 158.
Epochs         1700. Current error: 0.0072985590. Bit fail 156.
Epochs         1800. Current error: 0.0071842456. Bit fail 155.
Epochs         1900. Current error: 0.0070829531. Bit fail 153.
Epochs         2000. Current error: 0.0069807000. Bit fail 150.
Epochs         2100. Current error: 0.0068895645. Bit fail 143.
Epochs         2200. Current error: 0.0067748106. Bit fail 143.
Epochs         2300. Current error: 0.0066890684. Bit fail 140.
Epochs         2400. Current error: 0.0066242497. Bit fail 138.
Epochs         2500. Current error: 0.0065399338. Bit fail 135.
Epochs         2600. Current error: 0.0064475560. Bit fail 132.
Epochs         2700. Current error: 0.0063673058. Bit fail 130.
Epochs         2800. Current error: 0.0062822076. Bit fail 127.
Epochs         2900. Current error: 0.0062181521. Bit fail 128.
Epochs         3000. Current error: 0.0061893915. Bit fail 130.
Epochs         3100. Current error: 0.0061510149. Bit fail 131.
Epochs         3200. Current error: 0.0061168191. Bit fail 130.
Epochs         3300. Current error: 0.0060753212. Bit fail 130.
Epochs         3400. Current error: 0.0060246903. Bit fail 127.
Epochs         3500. Current error: 0.0059744082. Bit fail 126.
Epochs         3600. Current error: 0.0059235096. Bit fail 128.
Epochs         3700. Current error: 0.0058617075. Bit fail 125.
Epochs         3800. Current error: 0.0057828631. Bit fail 123.
Epochs         3900. Current error: 0.0057041375. Bit fail 121.
Epochs         4000. Current error: 0.0056668478. Bit fail 117.
Time elpased for FANN training: 1303.825981 seconds
Trained Network by GA+FANN is saved in 
./ALL_S6_959126400_hveto_channels_signif_dt_set_1_training_n70n100n1_c05_mr02_p50_g20_rmin-25_rmax25_gsigma10_y1001_z05_f05g09_m4000.net.
Total Running Time: 1662.688993 seconds
