Creating network.
The layer structure is following:
[70, 100, 1]
Setting newtork parameters
Getting training data : ALL_S6_959126400_hveto_channels_signif_dt_set_0_training.pat
Setting GA training parameters
Start running GA
Gen. 0 (0.00%): Max/Min/Avg Fitness(Raw) [31.34(50.69)/20.78(1.02)/26.12(26.12)]
Gen. 1 (5.00%): Max/Min/Avg Fitness(Raw) [45.29(54.37)/21.08(1.02)/37.74(37.74)]
Gen. 2 (10.00%): Max/Min/Avg Fitness(Raw) [46.22(56.54)/22.50(1.02)/38.51(38.51)]
Gen. 3 (15.00%): Max/Min/Avg Fitness(Raw) [46.60(60.69)/25.39(1.02)/38.83(38.83)]
Gen. 4 (20.00%): Max/Min/Avg Fitness(Raw) [49.68(60.69)/24.07(1.03)/41.40(41.40)]
Gen. 5 (25.00%): Max/Min/Avg Fitness(Raw) [51.85(60.86)/22.55(1.02)/43.21(43.21)]
Gen. 6 (30.00%): Max/Min/Avg Fitness(Raw) [40.84(62.79)/26.22(1.02)/34.03(34.03)]
Gen. 7 (35.00%): Max/Min/Avg Fitness(Raw) [46.93(62.79)/26.53(1.02)/39.11(39.11)]
Gen. 8 (40.00%): Max/Min/Avg Fitness(Raw) [37.97(62.79)/25.42(1.02)/31.64(31.64)]
Gen. 9 (45.00%): Max/Min/Avg Fitness(Raw) [46.05(63.45)/26.94(1.02)/38.37(38.37)]
Gen. 10 (50.00%): Max/Min/Avg Fitness(Raw) [46.00(63.73)/27.07(1.02)/38.33(38.33)]
Gen. 11 (55.00%): Max/Min/Avg Fitness(Raw) [44.05(66.38)/27.88(1.02)/36.71(36.71)]
Gen. 12 (60.00%): Max/Min/Avg Fitness(Raw) [53.15(69.99)/29.38(1.02)/44.29(44.29)]
Gen. 13 (65.00%): Max/Min/Avg Fitness(Raw) [44.29(73.39)/29.65(1.02)/36.91(36.91)]
Gen. 14 (70.00%): Max/Min/Avg Fitness(Raw) [40.20(73.39)/28.04(1.02)/33.50(33.50)]
Gen. 15 (75.00%): Max/Min/Avg Fitness(Raw) [41.19(73.39)/28.47(1.02)/34.32(34.32)]
Gen. 16 (80.00%): Max/Min/Avg Fitness(Raw) [38.98(78.63)/28.05(1.02)/32.48(32.48)]
Gen. 17 (85.00%): Max/Min/Avg Fitness(Raw) [46.27(78.63)/31.33(1.02)/38.56(38.56)]
Gen. 18 (90.00%): Max/Min/Avg Fitness(Raw) [53.10(78.63)/33.12(1.02)/44.25(44.25)]
Gen. 19 (95.00%): Max/Min/Avg Fitness(Raw) [42.80(78.63)/29.91(1.02)/35.67(35.67)]
Gen. 20 (100.00%): Max/Min/Avg Fitness(Raw) [53.67(78.63)/33.20(1.02)/44.73(44.73)]
Total time elapsed: 359.327 seconds.
GA MSE : 0.015438
Best initial connection wetighs are set on Network
Setting FANN training parameters
Input layer                          :  70 neurons, 1 bias
  Hidden layer                       : 100 neurons, 1 bias
Output layer                         :   1 neurons
Total neurons and biases             : 173
Total connections                    :3701
Connection rate                      :   0.500
Network type                         :   FANN_NETTYPE_LAYER
Training algorithm                   :   FANN_TRAIN_RPROP
Training error function              :   FANN_ERRORFUNC_TANH
Training stop function               :   FANN_STOPFUNC_MSE
Bit fail limit                       :   0.350
Learning rate                        :   0.700
Learning momentum                    :   0.000
Quickprop decay                      :  -0.000100
Quickprop mu                         :   1.750
RPROP increase factor                :   1.001
RPROP decrease factor                :   0.333
RPROP delta min                      :   0.000
RPROP delta max                      :  50.000
Cascade output change fraction       :   0.010000
Cascade candidate change fraction    :   0.010000
Cascade output stagnation epochs     :  12
Cascade candidate stagnation epochs  :  12
Cascade max output epochs            : 150
Cascade max candidate epochs         : 150
Cascade weight multiplier            :   0.400
Cascade candidate limit              :1000.000
Cascade activation functions[0]      :   FANN_SIGMOID
Cascade activation functions[1]      :   FANN_SIGMOID_SYMMETRIC
Cascade activation functions[2]      :   FANN_GAUSSIAN
Cascade activation functions[3]      :   FANN_GAUSSIAN_SYMMETRIC
Cascade activation functions[4]      :   FANN_ELLIOT
Cascade activation functions[5]      :   FANN_ELLIOT_SYMMETRIC
Cascade activation functions[6]      :   FANN_SIN_SYMMETRIC
Cascade activation functions[7]      :   FANN_COS_SYMMETRIC
Cascade activation functions[8]      :   FANN_SIN
Cascade activation functions[9]      :   FANN_COS
Cascade activation steepnesses[0]    :   0.250
Cascade activation steepnesses[1]    :   0.500
Cascade activation steepnesses[2]    :   0.750
Cascade activation steepnesses[3]    :   1.000
Cascade candidate groups             :   2
Cascade no. of candidates            :  80
Start training network with 2-algorithm in FANN
Max epochs     4000. Desired error: 0.0010000000.
Epochs            1. Current error: 0.0127171138. Bit fail 224.
Epochs          100. Current error: 0.0114185410. Bit fail 220.
Epochs          200. Current error: 0.0107104527. Bit fail 213.
Epochs          300. Current error: 0.0103341062. Bit fail 217.
Epochs          400. Current error: 0.0099945571. Bit fail 207.
Epochs          500. Current error: 0.0097023286. Bit fail 204.
Epochs          600. Current error: 0.0094135916. Bit fail 203.
Epochs          700. Current error: 0.0091787055. Bit fail 200.
Epochs          800. Current error: 0.0089156078. Bit fail 200.
Epochs          900. Current error: 0.0087123271. Bit fail 192.
Epochs         1000. Current error: 0.0085449954. Bit fail 180.
Epochs         1100. Current error: 0.0083936090. Bit fail 176.
Epochs         1200. Current error: 0.0082429331. Bit fail 179.
Epochs         1300. Current error: 0.0080732414. Bit fail 177.
Epochs         1400. Current error: 0.0079640783. Bit fail 171.
Epochs         1500. Current error: 0.0078929281. Bit fail 169.
Epochs         1600. Current error: 0.0077897157. Bit fail 162.
Epochs         1700. Current error: 0.0076709292. Bit fail 159.
Epochs         1800. Current error: 0.0075775152. Bit fail 156.
Epochs         1900. Current error: 0.0074933730. Bit fail 155.
Epochs         2000. Current error: 0.0073965839. Bit fail 158.
Epochs         2100. Current error: 0.0072678714. Bit fail 153.
Epochs         2200. Current error: 0.0071337363. Bit fail 151.
Epochs         2300. Current error: 0.0070696888. Bit fail 150.
Epochs         2400. Current error: 0.0069832820. Bit fail 150.
Epochs         2500. Current error: 0.0069124736. Bit fail 150.
Epochs         2600. Current error: 0.0068580899. Bit fail 150.
Epochs         2700. Current error: 0.0067538712. Bit fail 148.
Epochs         2800. Current error: 0.0066494704. Bit fail 147.
Epochs         2900. Current error: 0.0065838220. Bit fail 145.
Epochs         3000. Current error: 0.0064919880. Bit fail 142.
Epochs         3100. Current error: 0.0064466512. Bit fail 138.
Epochs         3200. Current error: 0.0064038024. Bit fail 138.
Epochs         3300. Current error: 0.0063426984. Bit fail 137.
Epochs         3400. Current error: 0.0062759379. Bit fail 133.
Epochs         3500. Current error: 0.0062573268. Bit fail 133.
Epochs         3600. Current error: 0.0062151672. Bit fail 131.
Epochs         3700. Current error: 0.0061861584. Bit fail 129.
Epochs         3800. Current error: 0.0061734118. Bit fail 125.
Epochs         3900. Current error: 0.0061587873. Bit fail 124.
Epochs         4000. Current error: 0.0061559225. Bit fail 124.
Time elpased for FANN training: 1331.314977 seconds
Trained Network by GA+FANN is saved in 
./ALL_S6_959126400_hveto_channels_signif_dt_set_0_training_n70n100n1_c05_mr02_p50_g20_rmin-25_rmax25_gsigma10_y1001_z03333_f05g09_m4000.net.
Total Running Time: 1691.206207 seconds
