Creating network.
The layer structure is following:
[70, 10, 1]
Setting newtork parameters
Getting training data : ALL_S6_959126400_hveto_channels_signif_dt_set_2_training.pat
Setting GA training parameters
Start running GA
Gen. 0 (0.00%): Max/Min/Avg Fitness(Raw) [27.82(48.69)/19.16(1.02)/23.19(23.19)]
Gen. 1 (5.00%): Max/Min/Avg Fitness(Raw) [58.06(49.68)/28.28(45.67)/48.38(48.38)]
Gen. 2 (10.00%): Max/Min/Avg Fitness(Raw) [58.89(50.10)/0.00(43.33)/49.19(49.08)]
Gen. 3 (15.00%): Max/Min/Avg Fitness(Raw) [59.76(50.60)/5.44(46.21)/49.80(49.80)]
Gen. 4 (20.00%): Max/Min/Avg Fitness(Raw) [59.65(50.84)/0.00(32.89)/51.70(49.71)]
Gen. 5 (25.00%): Max/Min/Avg Fitness(Raw) [59.80(51.04)/0.00(39.93)/50.48(49.84)]
Gen. 6 (30.00%): Max/Min/Avg Fitness(Raw) [60.30(51.27)/0.00(42.57)/50.77(50.25)]
Gen. 7 (35.00%): Max/Min/Avg Fitness(Raw) [60.77(51.41)/0.00(41.47)/52.35(50.64)]
Gen. 8 (40.00%): Max/Min/Avg Fitness(Raw) [60.33(51.54)/0.00(26.71)/53.04(50.28)]
Gen. 9 (45.00%): Max/Min/Avg Fitness(Raw) [60.90(51.78)/0.00(38.99)/52.06(50.75)]
Gen. 10 (50.00%): Max/Min/Avg Fitness(Raw) [52.39(51.90)/0.00(8.83)/49.62(49.62)]
Gen. 11 (55.00%): Max/Min/Avg Fitness(Raw) [61.23(52.50)/0.00(30.23)/52.90(51.03)]
Gen. 12 (60.00%): Max/Min/Avg Fitness(Raw) [53.45(52.86)/0.00(13.38)/51.19(51.19)]
Gen. 13 (65.00%): Max/Min/Avg Fitness(Raw) [61.63(53.17)/0.00(29.87)/53.77(51.36)]
Gen. 14 (70.00%): Max/Min/Avg Fitness(Raw) [62.37(53.73)/0.00(23.33)/54.33(51.98)]
Gen. 15 (75.00%): Max/Min/Avg Fitness(Raw) [62.81(54.06)/0.00(41.58)/52.69(52.34)]
Gen. 16 (80.00%): Max/Min/Avg Fitness(Raw) [63.56(54.82)/18.09(46.87)/52.97(52.97)]
Gen. 17 (85.00%): Max/Min/Avg Fitness(Raw) [64.30(55.81)/0.00(31.59)/54.63(53.58)]
Gen. 18 (90.00%): Max/Min/Avg Fitness(Raw) [65.86(56.39)/0.00(38.48)/56.18(54.89)]
Gen. 19 (95.00%): Max/Min/Avg Fitness(Raw) [64.87(57.62)/0.00(25.32)/54.72(54.06)]
Gen. 20 (100.00%): Max/Min/Avg Fitness(Raw) [66.03(58.01)/0.00(19.42)/57.22(55.02)]
Total time elapsed: 35.662 seconds.
GA MSE : 0.017298
Best initial connection wetighs are set on Network
Setting FANN training parameters
Input layer                          :  70 neurons, 1 bias
  Hidden layer                       :  10 neurons, 1 bias
Output layer                         :   1 neurons
Total neurons and biases             :  83
Total connections                    : 721
Connection rate                      :   1.000
Network type                         :   FANN_NETTYPE_LAYER
Training algorithm                   :   FANN_TRAIN_RPROP
Training error function              :   FANN_ERRORFUNC_TANH
Training stop function               :   FANN_STOPFUNC_MSE
Bit fail limit                       :   0.350
Learning rate                        :   0.700
Learning momentum                    :   0.000
Quickprop decay                      :  -0.000100
Quickprop mu                         :   1.750
RPROP increase factor                :   1.001
RPROP decrease factor                :   0.333
RPROP delta min                      :   0.000
RPROP delta max                      :  50.000
Cascade output change fraction       :   0.010000
Cascade candidate change fraction    :   0.010000
Cascade output stagnation epochs     :  12
Cascade candidate stagnation epochs  :  12
Cascade max output epochs            : 150
Cascade max candidate epochs         : 150
Cascade weight multiplier            :   0.400
Cascade candidate limit              :1000.000
Cascade activation functions[0]      :   FANN_SIGMOID
Cascade activation functions[1]      :   FANN_SIGMOID_SYMMETRIC
Cascade activation functions[2]      :   FANN_GAUSSIAN
Cascade activation functions[3]      :   FANN_GAUSSIAN_SYMMETRIC
Cascade activation functions[4]      :   FANN_ELLIOT
Cascade activation functions[5]      :   FANN_ELLIOT_SYMMETRIC
Cascade activation functions[6]      :   FANN_SIN_SYMMETRIC
Cascade activation functions[7]      :   FANN_COS_SYMMETRIC
Cascade activation functions[8]      :   FANN_SIN
Cascade activation functions[9]      :   FANN_COS
Cascade activation steepnesses[0]    :   0.250
Cascade activation steepnesses[1]    :   0.500
Cascade activation steepnesses[2]    :   0.750
Cascade activation steepnesses[3]    :   1.000
Cascade candidate groups             :   2
Cascade no. of candidates            :  80
Start training network with 2-algorithm in FANN
Max epochs     2000. Desired error: 0.0010000000.
Epochs            1. Current error: 0.0172394998. Bit fail 347.
Epochs          100. Current error: 0.0147773372. Bit fail 321.
Epochs          200. Current error: 0.0141353477. Bit fail 344.
Epochs          300. Current error: 0.0135930199. Bit fail 322.
Epochs          400. Current error: 0.0132465633. Bit fail 308.
Epochs          500. Current error: 0.0129627977. Bit fail 303.
Epochs          600. Current error: 0.0126107130. Bit fail 292.
Epochs          700. Current error: 0.0122030340. Bit fail 282.
Epochs          800. Current error: 0.0118898787. Bit fail 279.
Epochs          900. Current error: 0.0115444204. Bit fail 285.
Epochs         1000. Current error: 0.0112025887. Bit fail 281.
Epochs         1100. Current error: 0.0108672371. Bit fail 276.
Epochs         1200. Current error: 0.0105683059. Bit fail 266.
Epochs         1300. Current error: 0.0102226930. Bit fail 257.
Epochs         1400. Current error: 0.0098825116. Bit fail 245.
Epochs         1500. Current error: 0.0095913587. Bit fail 240.
Epochs         1600. Current error: 0.0093219969. Bit fail 228.
Epochs         1700. Current error: 0.0091014775. Bit fail 214.
Epochs         1800. Current error: 0.0089239450. Bit fail 209.
Epochs         1900. Current error: 0.0087595629. Bit fail 202.
Epochs         2000. Current error: 0.0085959388. Bit fail 197.
Time elpased for FANN training: 120.434965 seconds
Trained Network by GA+FANN is saved in 
./ALL_S6_959126400_hveto_channels_signif_dt_set_2_training_n70n10n1_c10_mr02_p50_g20_rmin-25_rmax25_gsigma1_y1001_z03333_f05g09_m2000.net.
Total Running Time: 156.495152 seconds
