Creating network.
The layer structure is following:
[70, 10, 1]
Setting newtork parameters
Getting training data : ALL_S6_959126400_hveto_channels_signif_dt_set_0_training.pat
Setting GA training parameters
Start running GA
Gen. 0 (0.00%): Max/Min/Avg Fitness(Raw) [26.80(51.25)/19.04(1.02)/22.34(22.34)]
Gen. 1 (5.00%): Max/Min/Avg Fitness(Raw) [60.58(52.75)/0.00(28.42)/51.44(50.49)]
Gen. 2 (10.00%): Max/Min/Avg Fitness(Raw) [62.18(54.16)/0.00(19.20)/53.65(51.81)]
Gen. 3 (15.00%): Max/Min/Avg Fitness(Raw) [56.87(56.63)/0.00(1.55)/49.35(49.35)]
Gen. 4 (20.00%): Max/Min/Avg Fitness(Raw) [67.04(58.16)/0.00(40.29)/56.27(55.87)]
Gen. 5 (25.00%): Max/Min/Avg Fitness(Raw) [59.95(58.90)/0.00(8.47)/53.33(53.33)]
Gen. 6 (30.00%): Max/Min/Avg Fitness(Raw) [60.08(59.61)/0.00(4.79)/54.70(54.70)]
Gen. 7 (35.00%): Max/Min/Avg Fitness(Raw) [69.93(60.45)/0.00(32.06)/59.91(58.27)]
Gen. 8 (40.00%): Max/Min/Avg Fitness(Raw) [62.47(62.00)/0.00(5.62)/57.66(57.66)]
Gen. 9 (45.00%): Max/Min/Avg Fitness(Raw) [63.30(63.15)/0.00(2.07)/59.18(59.18)]
Gen. 10 (50.00%): Max/Min/Avg Fitness(Raw) [71.28(63.68)/0.00(33.89)/59.80(59.40)]
Gen. 11 (55.00%): Max/Min/Avg Fitness(Raw) [64.59(64.32)/0.00(2.68)/58.65(58.65)]
Gen. 12 (60.00%): Max/Min/Avg Fitness(Raw) [65.04(64.84)/0.00(2.05)/59.13(59.13)]
Gen. 13 (65.00%): Max/Min/Avg Fitness(Raw) [66.76(65.05)/0.00(12.44)/58.67(58.67)]
Gen. 14 (70.00%): Max/Min/Avg Fitness(Raw) [65.35(65.31)/0.00(1.13)/62.93(62.93)]
Gen. 15 (75.00%): Max/Min/Avg Fitness(Raw) [66.41(66.25)/0.00(2.05)/61.47(61.47)]
Gen. 16 (80.00%): Max/Min/Avg Fitness(Raw) [66.82(66.62)/0.00(1.93)/60.71(60.71)]
Gen. 17 (85.00%): Max/Min/Avg Fitness(Raw) [69.09(68.93)/0.00(1.02)/59.62(59.62)]
Gen. 18 (90.00%): Max/Min/Avg Fitness(Raw) [70.41(70.25)/0.00(1.74)/64.46(64.46)]
Gen. 19 (95.00%): Max/Min/Avg Fitness(Raw) [80.47(70.55)/0.00(31.17)/68.64(67.06)]
Gen. 20 (100.00%): Max/Min/Avg Fitness(Raw) [70.92(70.83)/0.00(1.18)/65.69(65.69)]
Total time elapsed: 32.955 seconds.
GA MSE : 0.014119
Best initial connection wetighs are set on Network
Setting FANN training parameters
Input layer                          :  70 neurons, 1 bias
  Hidden layer                       :  10 neurons, 1 bias
Output layer                         :   1 neurons
Total neurons and biases             :  83
Total connections                    : 721
Connection rate                      :   1.000
Network type                         :   FANN_NETTYPE_LAYER
Training algorithm                   :   FANN_TRAIN_RPROP
Training error function              :   FANN_ERRORFUNC_TANH
Training stop function               :   FANN_STOPFUNC_MSE
Bit fail limit                       :   0.350
Learning rate                        :   0.700
Learning momentum                    :   0.000
Quickprop decay                      :  -0.000100
Quickprop mu                         :   1.750
RPROP increase factor                :   1.001
RPROP decrease factor                :   0.333
RPROP delta min                      :   0.000
RPROP delta max                      :  50.000
Cascade output change fraction       :   0.010000
Cascade candidate change fraction    :   0.010000
Cascade output stagnation epochs     :  12
Cascade candidate stagnation epochs  :  12
Cascade max output epochs            : 150
Cascade max candidate epochs         : 150
Cascade weight multiplier            :   0.400
Cascade candidate limit              :1000.000
Cascade activation functions[0]      :   FANN_SIGMOID
Cascade activation functions[1]      :   FANN_SIGMOID_SYMMETRIC
Cascade activation functions[2]      :   FANN_GAUSSIAN
Cascade activation functions[3]      :   FANN_GAUSSIAN_SYMMETRIC
Cascade activation functions[4]      :   FANN_ELLIOT
Cascade activation functions[5]      :   FANN_ELLIOT_SYMMETRIC
Cascade activation functions[6]      :   FANN_SIN_SYMMETRIC
Cascade activation functions[7]      :   FANN_COS_SYMMETRIC
Cascade activation functions[8]      :   FANN_SIN
Cascade activation functions[9]      :   FANN_COS
Cascade activation steepnesses[0]    :   0.250
Cascade activation steepnesses[1]    :   0.500
Cascade activation steepnesses[2]    :   0.750
Cascade activation steepnesses[3]    :   1.000
Cascade candidate groups             :   2
Cascade no. of candidates            :  80
Start training network with 2-algorithm in FANN
Max epochs     5000. Desired error: 0.0010000000.
Epochs            1. Current error: 0.0141185438. Bit fail 303.
Epochs          100. Current error: 0.0132602034. Bit fail 306.
Epochs          200. Current error: 0.0126199033. Bit fail 295.
Epochs          300. Current error: 0.0121314153. Bit fail 297.
Epochs          400. Current error: 0.0116053279. Bit fail 290.
Epochs          500. Current error: 0.0111613898. Bit fail 288.
Epochs          600. Current error: 0.0107165296. Bit fail 283.
Epochs          700. Current error: 0.0102213407. Bit fail 269.
Epochs          800. Current error: 0.0098422365. Bit fail 264.
Epochs          900. Current error: 0.0095533412. Bit fail 253.
Epochs         1000. Current error: 0.0092980638. Bit fail 241.
Epochs         1100. Current error: 0.0090698870. Bit fail 232.
Epochs         1200. Current error: 0.0089100897. Bit fail 230.
Epochs         1300. Current error: 0.0087777516. Bit fail 230.
Epochs         1400. Current error: 0.0087165963. Bit fail 229.
Epochs         1500. Current error: 0.0086201252. Bit fail 228.
Epochs         1600. Current error: 0.0085329013. Bit fail 228.
Epochs         1700. Current error: 0.0084254155. Bit fail 224.
Epochs         1800. Current error: 0.0083012795. Bit fail 217.
Epochs         1900. Current error: 0.0081473943. Bit fail 210.
Epochs         2000. Current error: 0.0079991845. Bit fail 203.
Epochs         2100. Current error: 0.0078318818. Bit fail 198.
Epochs         2200. Current error: 0.0076170750. Bit fail 192.
Epochs         2300. Current error: 0.0074863336. Bit fail 187.
Epochs         2400. Current error: 0.0074137985. Bit fail 186.
Epochs         2500. Current error: 0.0073339646. Bit fail 186.
Epochs         2600. Current error: 0.0072379429. Bit fail 183.
Epochs         2700. Current error: 0.0071207643. Bit fail 173.
Epochs         2800. Current error: 0.0070535308. Bit fail 168.
Epochs         2900. Current error: 0.0070110350. Bit fail 166.
Epochs         3000. Current error: 0.0069801351. Bit fail 165.
Epochs         3100. Current error: 0.0069664316. Bit fail 165.
Epochs         3200. Current error: 0.0069447951. Bit fail 166.
Epochs         3300. Current error: 0.0069163805. Bit fail 170.
Epochs         3400. Current error: 0.0069026076. Bit fail 168.
Epochs         3500. Current error: 0.0068710945. Bit fail 168.
Epochs         3600. Current error: 0.0068487325. Bit fail 172.
Epochs         3700. Current error: 0.0068287030. Bit fail 168.
Epochs         3800. Current error: 0.0068023251. Bit fail 167.
Epochs         3900. Current error: 0.0067745866. Bit fail 167.
Epochs         4000. Current error: 0.0067529259. Bit fail 167.
Epochs         4100. Current error: 0.0067372299. Bit fail 166.
Epochs         4200. Current error: 0.0067010401. Bit fail 163.
Epochs         4300. Current error: 0.0066720699. Bit fail 160.
Epochs         4400. Current error: 0.0066431770. Bit fail 159.
Epochs         4500. Current error: 0.0066076606. Bit fail 160.
Epochs         4600. Current error: 0.0065800459. Bit fail 159.
Epochs         4700. Current error: 0.0065322942. Bit fail 157.
Epochs         4800. Current error: 0.0064787865. Bit fail 155.
Epochs         4900. Current error: 0.0064561558. Bit fail 154.
Epochs         5000. Current error: 0.0064289398. Bit fail 155.
Time elpased for FANN training: 279.011500 seconds
Trained Network by GA+FANN is saved in 
./ALL_S6_959126400_hveto_channels_signif_dt_set_0_training_n70n10n1_c10_mr02_p50_g20_rmin-25_rmax25_gsigma1_y1001_z03333_f05g09_m5000.net.
Total Running Time: 312.521780 seconds
