Creating network.
The layer structure is following:
[70, 10, 1]
Setting newtork parameters
Getting training data : ALL_S6_959126400_hveto_channels_signif_dt_set_8_training.pat
Setting GA training parameters
Start running GA
Gen. 0 (0.00%): Max/Min/Avg Fitness(Raw) [23.53(56.10)/17.61(1.02)/19.61(19.61)]
Gen. 1 (5.00%): Max/Min/Avg Fitness(Raw) [48.97(59.37)/23.31(1.02)/40.81(40.81)]
Gen. 2 (10.00%): Max/Min/Avg Fitness(Raw) [49.71(61.18)/24.48(1.02)/41.43(41.43)]
Gen. 3 (15.00%): Max/Min/Avg Fitness(Raw) [51.68(61.65)/23.59(1.02)/43.07(43.07)]
Gen. 4 (20.00%): Max/Min/Avg Fitness(Raw) [50.20(63.63)/26.17(1.02)/41.83(41.83)]
Gen. 5 (25.00%): Max/Min/Avg Fitness(Raw) [49.29(66.97)/28.37(1.02)/41.07(41.07)]
Gen. 6 (30.00%): Max/Min/Avg Fitness(Raw) [53.61(68.67)/28.42(1.02)/44.67(44.67)]
Gen. 7 (35.00%): Max/Min/Avg Fitness(Raw) [50.62(69.08)/29.27(1.02)/42.18(42.18)]
Gen. 8 (40.00%): Max/Min/Avg Fitness(Raw) [56.59(73.28)/30.50(1.02)/47.16(47.16)]
Gen. 9 (45.00%): Max/Min/Avg Fitness(Raw) [51.53(74.10)/31.39(1.02)/42.94(42.94)]
Gen. 10 (50.00%): Max/Min/Avg Fitness(Raw) [57.65(75.69)/31.70(1.02)/48.04(48.04)]
Gen. 11 (55.00%): Max/Min/Avg Fitness(Raw) [58.04(76.78)/32.25(1.02)/48.37(48.37)]
Gen. 12 (60.00%): Max/Min/Avg Fitness(Raw) [61.10(77.18)/31.57(1.02)/50.91(50.91)]
Gen. 13 (65.00%): Max/Min/Avg Fitness(Raw) [58.05(77.18)/32.47(1.02)/48.37(48.37)]
Gen. 14 (70.00%): Max/Min/Avg Fitness(Raw) [48.87(77.18)/31.86(1.02)/40.73(40.73)]
Gen. 15 (75.00%): Max/Min/Avg Fitness(Raw) [56.88(77.21)/32.65(1.02)/47.40(47.40)]
Gen. 16 (80.00%): Max/Min/Avg Fitness(Raw) [55.88(77.80)/32.99(1.02)/46.56(46.56)]
Gen. 17 (85.00%): Max/Min/Avg Fitness(Raw) [59.48(78.41)/32.88(1.02)/49.57(49.57)]
Gen. 18 (90.00%): Max/Min/Avg Fitness(Raw) [45.21(78.72)/30.95(1.02)/37.68(37.68)]
Gen. 19 (95.00%): Max/Min/Avg Fitness(Raw) [65.58(78.72)/30.30(1.02)/54.65(54.65)]
Gen. 20 (100.00%): Max/Min/Avg Fitness(Raw) [55.98(79.08)/33.52(1.02)/46.65(46.65)]
Total time elapsed: 35.193 seconds.
GA MSE : 0.977208
Best initial connection wetighs are set on Network
Setting FANN training parameters
Input layer                          :  70 neurons, 1 bias
  Hidden layer                       :  10 neurons, 1 bias
Output layer                         :   1 neurons
Total neurons and biases             :  83
Total connections                    : 721
Connection rate                      :   1.000
Network type                         :   FANN_NETTYPE_LAYER
Training algorithm                   :   FANN_TRAIN_RPROP
Training error function              :   FANN_ERRORFUNC_TANH
Training stop function               :   FANN_STOPFUNC_MSE
Bit fail limit                       :   0.350
Learning rate                        :   0.700
Learning momentum                    :   0.000
Quickprop decay                      :  -0.000100
Quickprop mu                         :   1.750
RPROP increase factor                :   1.001
RPROP decrease factor                :   0.333
RPROP delta min                      :   0.000
RPROP delta max                      :  50.000
Cascade output change fraction       :   0.010000
Cascade candidate change fraction    :   0.010000
Cascade output stagnation epochs     :  12
Cascade candidate stagnation epochs  :  12
Cascade max output epochs            : 150
Cascade max candidate epochs         : 150
Cascade weight multiplier            :   0.400
Cascade candidate limit              :1000.000
Cascade activation functions[0]      :   FANN_SIGMOID
Cascade activation functions[1]      :   FANN_SIGMOID_SYMMETRIC
Cascade activation functions[2]      :   FANN_GAUSSIAN
Cascade activation functions[3]      :   FANN_GAUSSIAN_SYMMETRIC
Cascade activation functions[4]      :   FANN_ELLIOT
Cascade activation functions[5]      :   FANN_ELLIOT_SYMMETRIC
Cascade activation functions[6]      :   FANN_SIN_SYMMETRIC
Cascade activation functions[7]      :   FANN_COS_SYMMETRIC
Cascade activation functions[8]      :   FANN_SIN
Cascade activation functions[9]      :   FANN_COS
Cascade activation steepnesses[0]    :   0.250
Cascade activation steepnesses[1]    :   0.500
Cascade activation steepnesses[2]    :   0.750
Cascade activation steepnesses[3]    :   1.000
Cascade candidate groups             :   2
Cascade no. of candidates            :  80
Start training network with 2-algorithm in FANN
Max epochs     5000. Desired error: 0.0010000000.
Epochs            1. Current error: 0.0126459580. Bit fail 233.
Epochs          100. Current error: 0.0115718301. Bit fail 223.
Epochs          200. Current error: 0.0109152729. Bit fail 218.
Epochs          300. Current error: 0.0104402127. Bit fail 222.
Epochs          400. Current error: 0.0100811701. Bit fail 239.
Epochs          500. Current error: 0.0097672343. Bit fail 230.
Epochs          600. Current error: 0.0095415767. Bit fail 224.
Epochs          700. Current error: 0.0093284342. Bit fail 221.
Epochs          800. Current error: 0.0090431646. Bit fail 213.
Epochs          900. Current error: 0.0088637546. Bit fail 206.
Epochs         1000. Current error: 0.0087917503. Bit fail 197.
Epochs         1100. Current error: 0.0087374793. Bit fail 195.
Epochs         1200. Current error: 0.0087223053. Bit fail 195.
Epochs         1300. Current error: 0.0086757252. Bit fail 195.
Epochs         1400. Current error: 0.0086358804. Bit fail 197.
Epochs         1500. Current error: 0.0086006569. Bit fail 200.
Epochs         1600. Current error: 0.0085471710. Bit fail 200.
Epochs         1700. Current error: 0.0084846048. Bit fail 199.
Epochs         1800. Current error: 0.0084114131. Bit fail 197.
Epochs         1900. Current error: 0.0083321836. Bit fail 192.
Epochs         2000. Current error: 0.0082596345. Bit fail 190.
Epochs         2100. Current error: 0.0082526095. Bit fail 188.
Epochs         2200. Current error: 0.0082622366. Bit fail 193.
Epochs         2300. Current error: 0.0082322778. Bit fail 194.
Epochs         2400. Current error: 0.0081899157. Bit fail 195.
Epochs         2500. Current error: 0.0081213694. Bit fail 197.
Epochs         2600. Current error: 0.0080744727. Bit fail 192.
Epochs         2700. Current error: 0.0080017969. Bit fail 189.
Epochs         2800. Current error: 0.0079490356. Bit fail 188.
Epochs         2900. Current error: 0.0078513846. Bit fail 187.
Epochs         3000. Current error: 0.0078365002. Bit fail 188.
Epochs         3100. Current error: 0.0078155650. Bit fail 187.
Epochs         3200. Current error: 0.0077923234. Bit fail 189.
Epochs         3300. Current error: 0.0077687721. Bit fail 189.
Epochs         3400. Current error: 0.0077527370. Bit fail 189.
Epochs         3500. Current error: 0.0077261250. Bit fail 188.
Epochs         3600. Current error: 0.0076969070. Bit fail 186.
Epochs         3700. Current error: 0.0076647731. Bit fail 185.
Epochs         3800. Current error: 0.0076884874. Bit fail 185.
Epochs         3900. Current error: 0.0075997892. Bit fail 183.
Epochs         4000. Current error: 0.0075519206. Bit fail 184.
Epochs         4100. Current error: 0.0075223758. Bit fail 184.
Epochs         4200. Current error: 0.0074855969. Bit fail 180.
Epochs         4300. Current error: 0.0074596135. Bit fail 177.
Epochs         4400. Current error: 0.0074368166. Bit fail 179.
Epochs         4500. Current error: 0.0074120434. Bit fail 177.
Epochs         4600. Current error: 0.0073852916. Bit fail 175.
Epochs         4700. Current error: 0.0073614381. Bit fail 175.
Epochs         4800. Current error: 0.0073401476. Bit fail 176.
Epochs         4900. Current error: 0.0073122270. Bit fail 176.
Epochs         5000. Current error: 0.0072886921. Bit fail 172.
Time elpased for FANN training: 299.456979 seconds
Trained Network by GA+FANN is saved in 
./ALL_S6_959126400_hveto_channels_signif_dt_set_8_training_n70n10n1_c10_mr02_p50_g20_rmin-25_rmax25_gsigma10_y1001_z03333_f05g09_m5000.net.
Total Running Time: 335.078820 seconds
