Creating network.
The layer structure is following:
[70, 10, 1]
Setting newtork parameters
Getting training data : ALL_S6_959126400_hveto_channels_signif_dt_set_5_training.pat
Setting GA training parameters
Start running GA
Gen. 0 (0.00%): Max/Min/Avg Fitness(Raw) [24.70(52.72)/18.08(1.02)/20.58(20.58)]
Gen. 1 (5.00%): Max/Min/Avg Fitness(Raw) [62.94(55.02)/31.93(47.42)/52.45(52.45)]
Gen. 2 (10.00%): Max/Min/Avg Fitness(Raw) [65.14(55.76)/0.00(45.10)/54.55(54.28)]
Gen. 3 (15.00%): Max/Min/Avg Fitness(Raw) [65.75(56.26)/0.00(31.07)/57.23(54.79)]
Gen. 4 (20.00%): Max/Min/Avg Fitness(Raw) [65.31(56.62)/0.00(19.19)/57.04(54.43)]
Gen. 5 (25.00%): Max/Min/Avg Fitness(Raw) [66.63(56.89)/0.00(39.30)/57.33(55.52)]
Gen. 6 (30.00%): Max/Min/Avg Fitness(Raw) [66.46(57.24)/0.00(31.50)/57.13(55.39)]
Gen. 7 (35.00%): Max/Min/Avg Fitness(Raw) [58.34(57.47)/0.00(12.57)/54.57(54.57)]
Gen. 8 (40.00%): Max/Min/Avg Fitness(Raw) [68.12(57.89)/0.00(47.62)/57.48(56.77)]
Gen. 9 (45.00%): Max/Min/Avg Fitness(Raw) [67.21(58.34)/0.00(42.17)/56.42(56.01)]
Gen. 10 (50.00%): Max/Min/Avg Fitness(Raw) [67.77(58.72)/0.00(36.54)/57.35(56.47)]
Gen. 11 (55.00%): Max/Min/Avg Fitness(Raw) [69.12(58.96)/32.47(54.64)/57.60(57.60)]
Gen. 12 (60.00%): Max/Min/Avg Fitness(Raw) [69.83(59.20)/0.00(52.98)/58.22(58.19)]
Gen. 13 (65.00%): Max/Min/Avg Fitness(Raw) [69.94(60.13)/0.00(43.53)/58.97(58.28)]
Gen. 14 (70.00%): Max/Min/Avg Fitness(Raw) [69.57(60.28)/0.00(38.05)/58.82(57.98)]
Gen. 15 (75.00%): Max/Min/Avg Fitness(Raw) [70.71(60.42)/0.00(48.29)/59.42(58.93)]
Gen. 16 (80.00%): Max/Min/Avg Fitness(Raw) [69.74(60.45)/0.00(41.87)/59.42(58.12)]
Gen. 17 (85.00%): Max/Min/Avg Fitness(Raw) [71.06(60.75)/3.41(52.00)/59.22(59.22)]
Gen. 18 (90.00%): Max/Min/Avg Fitness(Raw) [70.83(60.79)/0.00(44.84)/60.16(59.02)]
Gen. 19 (95.00%): Max/Min/Avg Fitness(Raw) [70.27(61.04)/0.00(37.39)/59.75(58.56)]
Gen. 20 (100.00%): Max/Min/Avg Fitness(Raw) [70.27(61.04)/0.00(39.58)/59.61(58.56)]
Total time elapsed: 36.016 seconds.
GA MSE : 0.016653
Best initial connection wetighs are set on Network
Setting FANN training parameters
Input layer                          :  70 neurons, 1 bias
  Hidden layer                       :  10 neurons, 1 bias
Output layer                         :   1 neurons
Total neurons and biases             :  83
Total connections                    : 721
Connection rate                      :   1.000
Network type                         :   FANN_NETTYPE_LAYER
Training algorithm                   :   FANN_TRAIN_RPROP
Training error function              :   FANN_ERRORFUNC_TANH
Training stop function               :   FANN_STOPFUNC_MSE
Bit fail limit                       :   0.350
Learning rate                        :   0.700
Learning momentum                    :   0.000
Quickprop decay                      :  -0.000100
Quickprop mu                         :   1.750
RPROP increase factor                :   1.001
RPROP decrease factor                :   0.500
RPROP delta min                      :   0.000
RPROP delta max                      :  50.000
Cascade output change fraction       :   0.010000
Cascade candidate change fraction    :   0.010000
Cascade output stagnation epochs     :  12
Cascade candidate stagnation epochs  :  12
Cascade max output epochs            : 150
Cascade max candidate epochs         : 150
Cascade weight multiplier            :   0.400
Cascade candidate limit              :1000.000
Cascade activation functions[0]      :   FANN_SIGMOID
Cascade activation functions[1]      :   FANN_SIGMOID_SYMMETRIC
Cascade activation functions[2]      :   FANN_GAUSSIAN
Cascade activation functions[3]      :   FANN_GAUSSIAN_SYMMETRIC
Cascade activation functions[4]      :   FANN_ELLIOT
Cascade activation functions[5]      :   FANN_ELLIOT_SYMMETRIC
Cascade activation functions[6]      :   FANN_SIN_SYMMETRIC
Cascade activation functions[7]      :   FANN_COS_SYMMETRIC
Cascade activation functions[8]      :   FANN_SIN
Cascade activation functions[9]      :   FANN_COS
Cascade activation steepnesses[0]    :   0.250
Cascade activation steepnesses[1]    :   0.500
Cascade activation steepnesses[2]    :   0.750
Cascade activation steepnesses[3]    :   1.000
Cascade candidate groups             :   2
Cascade no. of candidates            :  80
Start training network with 2-algorithm in FANN
Max epochs     2000. Desired error: 0.0010000000.
Epochs            1. Current error: 0.0163815022. Bit fail 303.
Epochs          100. Current error: 0.0139282467. Bit fail 320.
Epochs          200. Current error: 0.0131972572. Bit fail 299.
Epochs          300. Current error: 0.0124878595. Bit fail 289.
Epochs          400. Current error: 0.0118100932. Bit fail 279.
Epochs          500. Current error: 0.0111453291. Bit fail 261.
Epochs          600. Current error: 0.0106551265. Bit fail 252.
Epochs          700. Current error: 0.0102878623. Bit fail 238.
Epochs          800. Current error: 0.0099272896. Bit fail 234.
Epochs          900. Current error: 0.0096704438. Bit fail 229.
Epochs         1000. Current error: 0.0093776286. Bit fail 222.
Epochs         1100. Current error: 0.0091332896. Bit fail 220.
Epochs         1200. Current error: 0.0089615453. Bit fail 215.
Epochs         1300. Current error: 0.0087788878. Bit fail 215.
Epochs         1400. Current error: 0.0086524114. Bit fail 210.
Epochs         1500. Current error: 0.0085440800. Bit fail 211.
Epochs         1600. Current error: 0.0084440848. Bit fail 204.
Epochs         1700. Current error: 0.0083147772. Bit fail 197.
Epochs         1800. Current error: 0.0082259662. Bit fail 195.
Epochs         1900. Current error: 0.0080274446. Bit fail 198.
Epochs         2000. Current error: 0.0078681726. Bit fail 196.
Time elpased for FANN training: 119.777345 seconds
Trained Network by GA+FANN is saved in 
./ALL_S6_959126400_hveto_channels_signif_dt_set_5_training_n70n10n1_c10_mr02_p50_g20_rmin-25_rmax25_gsigma1_y1001_z05_f05g09_m2000.net.
Total Running Time: 156.201364 seconds
