Creating network.
The layer structure is following:
[70, 10, 1]
Setting newtork parameters
Getting training data : ALL_S6_959126400_hveto_channels_signif_dt_set_9_training.pat
Setting GA training parameters
Start running GA
Gen. 0 (0.00%): Max/Min/Avg Fitness(Raw) [17.40(47.06)/13.30(1.02)/14.50(14.50)]
Gen. 1 (5.00%): Max/Min/Avg Fitness(Raw) [51.16(50.80)/0.00(1.02)/37.76(37.76)]
Gen. 2 (10.00%): Max/Min/Avg Fitness(Raw) [54.09(53.74)/0.00(1.02)/40.31(40.31)]
Gen. 3 (15.00%): Max/Min/Avg Fitness(Raw) [55.27(54.93)/0.00(1.02)/41.62(41.62)]
Gen. 4 (20.00%): Max/Min/Avg Fitness(Raw) [43.97(57.03)/23.84(1.02)/36.64(36.64)]
Gen. 5 (25.00%): Max/Min/Avg Fitness(Raw) [36.72(57.32)/23.83(1.02)/30.60(30.60)]
Gen. 6 (30.00%): Max/Min/Avg Fitness(Raw) [58.49(58.18)/0.00(1.02)/44.80(44.80)]
Gen. 7 (35.00%): Max/Min/Avg Fitness(Raw) [44.49(58.69)/24.71(1.02)/37.08(37.08)]
Gen. 8 (40.00%): Max/Min/Avg Fitness(Raw) [60.96(60.60)/0.00(1.02)/45.30(45.30)]
Gen. 9 (45.00%): Max/Min/Avg Fitness(Raw) [46.71(61.63)/25.93(1.02)/38.93(38.93)]
Gen. 10 (50.00%): Max/Min/Avg Fitness(Raw) [62.27(62.03)/0.00(1.02)/50.42(50.42)]
Gen. 11 (55.00%): Max/Min/Avg Fitness(Raw) [50.40(62.82)/25.47(1.02)/42.00(42.00)]
Gen. 12 (60.00%): Max/Min/Avg Fitness(Raw) [65.88(65.50)/0.00(1.02)/48.04(48.04)]
Gen. 13 (65.00%): Max/Min/Avg Fitness(Raw) [56.41(65.87)/24.09(1.02)/47.01(47.01)]
Gen. 14 (70.00%): Max/Min/Avg Fitness(Raw) [55.72(67.34)/26.26(1.02)/46.44(46.44)]
Gen. 15 (75.00%): Max/Min/Avg Fitness(Raw) [55.44(67.60)/26.69(1.02)/46.20(46.20)]
Gen. 16 (80.00%): Max/Min/Avg Fitness(Raw) [50.75(69.06)/29.25(1.02)/42.29(42.29)]
Gen. 17 (85.00%): Max/Min/Avg Fitness(Raw) [48.81(69.06)/29.31(1.02)/40.68(40.68)]
Gen. 18 (90.00%): Max/Min/Avg Fitness(Raw) [50.19(69.08)/29.30(1.02)/41.82(41.82)]
Gen. 19 (95.00%): Max/Min/Avg Fitness(Raw) [50.29(69.36)/29.42(1.02)/41.91(41.91)]
Gen. 20 (100.00%): Max/Min/Avg Fitness(Raw) [56.46(69.54)/27.79(1.02)/47.05(47.05)]
Total time elapsed: 32.926 seconds.
GA MSE : 0.016225
Best initial connection wetighs are set on Network
Setting FANN training parameters
Input layer                          :  70 neurons, 1 bias
  Hidden layer                       :  10 neurons, 1 bias
Output layer                         :   1 neurons
Total neurons and biases             :  83
Total connections                    : 721
Connection rate                      :   1.000
Network type                         :   FANN_NETTYPE_LAYER
Training algorithm                   :   FANN_TRAIN_RPROP
Training error function              :   FANN_ERRORFUNC_TANH
Training stop function               :   FANN_STOPFUNC_MSE
Bit fail limit                       :   0.350
Learning rate                        :   0.700
Learning momentum                    :   0.000
Quickprop decay                      :  -0.000100
Quickprop mu                         :   1.750
RPROP increase factor                :   1.001
RPROP decrease factor                :   0.333
RPROP delta min                      :   0.000
RPROP delta max                      :  50.000
Cascade output change fraction       :   0.010000
Cascade candidate change fraction    :   0.010000
Cascade output stagnation epochs     :  12
Cascade candidate stagnation epochs  :  12
Cascade max output epochs            : 150
Cascade max candidate epochs         : 150
Cascade weight multiplier            :   0.400
Cascade candidate limit              :1000.000
Cascade activation functions[0]      :   FANN_SIGMOID
Cascade activation functions[1]      :   FANN_SIGMOID_SYMMETRIC
Cascade activation functions[2]      :   FANN_GAUSSIAN
Cascade activation functions[3]      :   FANN_GAUSSIAN_SYMMETRIC
Cascade activation functions[4]      :   FANN_ELLIOT
Cascade activation functions[5]      :   FANN_ELLIOT_SYMMETRIC
Cascade activation functions[6]      :   FANN_SIN_SYMMETRIC
Cascade activation functions[7]      :   FANN_COS_SYMMETRIC
Cascade activation functions[8]      :   FANN_SIN
Cascade activation functions[9]      :   FANN_COS
Cascade activation steepnesses[0]    :   0.250
Cascade activation steepnesses[1]    :   0.500
Cascade activation steepnesses[2]    :   0.750
Cascade activation steepnesses[3]    :   1.000
Cascade candidate groups             :   2
Cascade no. of candidates            :  80
Start training network with 2-algorithm in FANN
Max epochs     5000. Desired error: 0.0010000000.
Epochs            1. Current error: 0.0143808434. Bit fail 279.
Epochs          100. Current error: 0.0144012533. Bit fail 311.
Epochs          200. Current error: 0.0133328792. Bit fail 268.
Epochs          300. Current error: 0.0126926769. Bit fail 252.
Epochs          400. Current error: 0.0123668388. Bit fail 242.
Epochs          500. Current error: 0.0122511927. Bit fail 236.
Epochs          600. Current error: 0.0120159434. Bit fail 235.
Epochs          700. Current error: 0.0116468892. Bit fail 225.
Epochs          800. Current error: 0.0114025697. Bit fail 226.
Epochs          900. Current error: 0.0110474518. Bit fail 221.
Epochs         1000. Current error: 0.0107122455. Bit fail 217.
Epochs         1100. Current error: 0.0103635686. Bit fail 211.
Epochs         1200. Current error: 0.0100859245. Bit fail 200.
Epochs         1300. Current error: 0.0099963294. Bit fail 196.
Epochs         1400. Current error: 0.0099162590. Bit fail 191.
Epochs         1500. Current error: 0.0098042330. Bit fail 190.
Epochs         1600. Current error: 0.0097191390. Bit fail 189.
Epochs         1700. Current error: 0.0096515035. Bit fail 185.
Epochs         1800. Current error: 0.0095631154. Bit fail 184.
Epochs         1900. Current error: 0.0094484854. Bit fail 182.
Epochs         2000. Current error: 0.0093730241. Bit fail 184.
Epochs         2100. Current error: 0.0092985490. Bit fail 180.
Epochs         2200. Current error: 0.0092458660. Bit fail 178.
Epochs         2300. Current error: 0.0091902781. Bit fail 176.
Epochs         2400. Current error: 0.0090460749. Bit fail 174.
Epochs         2500. Current error: 0.0088681690. Bit fail 172.
Epochs         2600. Current error: 0.0087367510. Bit fail 170.
Epochs         2700. Current error: 0.0086284643. Bit fail 166.
Epochs         2800. Current error: 0.0085704299. Bit fail 168.
Epochs         2900. Current error: 0.0086078215. Bit fail 172.
Epochs         3000. Current error: 0.0085969921. Bit fail 168.
Epochs         3100. Current error: 0.0085880924. Bit fail 168.
Epochs         3200. Current error: 0.0085651651. Bit fail 173.
Epochs         3300. Current error: 0.0085342554. Bit fail 174.
Epochs         3400. Current error: 0.0084948950. Bit fail 174.
Epochs         3500. Current error: 0.0084539168. Bit fail 175.
Epochs         3600. Current error: 0.0084251482. Bit fail 174.
Epochs         3700. Current error: 0.0083944295. Bit fail 175.
Epochs         3800. Current error: 0.0083764503. Bit fail 175.
Epochs         3900. Current error: 0.0083473679. Bit fail 176.
Epochs         4000. Current error: 0.0083239917. Bit fail 175.
Epochs         4100. Current error: 0.0082970858. Bit fail 176.
Epochs         4200. Current error: 0.0082601216. Bit fail 175.
Epochs         4300. Current error: 0.0082242545. Bit fail 174.
Epochs         4400. Current error: 0.0081881918. Bit fail 172.
Epochs         4500. Current error: 0.0081399744. Bit fail 173.
Epochs         4600. Current error: 0.0080734445. Bit fail 174.
Epochs         4700. Current error: 0.0080240639. Bit fail 171.
Epochs         4800. Current error: 0.0079869265. Bit fail 171.
Epochs         4900. Current error: 0.0078358436. Bit fail 169.
Epochs         5000. Current error: 0.0077596689. Bit fail 168.
Time elpased for FANN training: 282.970942 seconds
Trained Network by GA+FANN is saved in 
./ALL_S6_959126400_hveto_channels_signif_dt_set_9_training_n70n10n1_c10_mr02_p50_g20_rmin-25_rmax25_gsigma10_y1001_z03333_f05g09_m5000.net.
Total Running Time: 316.294576 seconds
