Creating network.
The layer structure is following:
[70, 10, 1]
Setting newtork parameters
Getting training data : ALL_S6_959126400_hveto_channels_signif_dt_set_7_training.pat
Setting GA training parameters
Start running GA
Gen. 0 (0.00%): Max/Min/Avg Fitness(Raw) [24.18(47.38)/17.32(1.02)/20.15(20.15)]
Gen. 1 (5.00%): Max/Min/Avg Fitness(Raw) [57.01(49.29)/39.97(46.10)/47.51(47.51)]
Gen. 2 (10.00%): Max/Min/Avg Fitness(Raw) [58.70(51.51)/37.20(45.81)/48.91(48.91)]
Gen. 3 (15.00%): Max/Min/Avg Fitness(Raw) [60.37(52.19)/0.00(39.50)/50.48(50.31)]
Gen. 4 (20.00%): Max/Min/Avg Fitness(Raw) [61.18(52.94)/0.00(33.60)/51.86(50.99)]
Gen. 5 (25.00%): Max/Min/Avg Fitness(Raw) [60.70(53.89)/0.00(32.93)/50.65(50.58)]
Gen. 6 (30.00%): Max/Min/Avg Fitness(Raw) [63.46(54.90)/0.72(42.94)/52.88(52.88)]
Gen. 7 (35.00%): Max/Min/Avg Fitness(Raw) [57.84(57.11)/0.00(8.35)/53.19(53.19)]
Gen. 8 (40.00%): Max/Min/Avg Fitness(Raw) [67.83(57.99)/36.60(53.93)/56.52(56.52)]
Gen. 9 (45.00%): Max/Min/Avg Fitness(Raw) [68.45(59.51)/30.32(51.26)/57.04(57.04)]
Gen. 10 (50.00%): Max/Min/Avg Fitness(Raw) [69.48(59.87)/0.00(32.64)/59.72(57.90)]
Gen. 11 (55.00%): Max/Min/Avg Fitness(Raw) [69.31(60.91)/0.00(27.93)/59.01(57.76)]
Gen. 12 (60.00%): Max/Min/Avg Fitness(Raw) [71.56(61.76)/17.32(52.10)/59.63(59.63)]
Gen. 13 (65.00%): Max/Min/Avg Fitness(Raw) [64.12(62.72)/0.00(14.12)/58.34(58.34)]
Gen. 14 (70.00%): Max/Min/Avg Fitness(Raw) [73.17(63.05)/0.00(44.33)/61.72(60.98)]
Gen. 15 (75.00%): Max/Min/Avg Fitness(Raw) [73.33(63.70)/0.00(46.88)/61.23(61.11)]
Gen. 16 (80.00%): Max/Min/Avg Fitness(Raw) [73.20(64.29)/0.00(38.18)/61.89(61.00)]
Gen. 17 (85.00%): Max/Min/Avg Fitness(Raw) [75.04(64.60)/0.00(37.35)/64.34(62.54)]
Gen. 18 (90.00%): Max/Min/Avg Fitness(Raw) [75.18(64.97)/0.00(44.08)/63.40(62.65)]
Gen. 19 (95.00%): Max/Min/Avg Fitness(Raw) [74.68(65.28)/0.00(40.52)/63.48(62.24)]
Gen. 20 (100.00%): Max/Min/Avg Fitness(Raw) [76.44(65.90)/0.00(50.61)/63.93(63.70)]
Total time elapsed: 35.708 seconds.
GA MSE : 0.015448
Best initial connection wetighs are set on Network
Setting FANN training parameters
Input layer                          :  70 neurons, 1 bias
  Hidden layer                       :  10 neurons, 1 bias
Output layer                         :   1 neurons
Total neurons and biases             :  83
Total connections                    : 721
Connection rate                      :   1.000
Network type                         :   FANN_NETTYPE_LAYER
Training algorithm                   :   FANN_TRAIN_RPROP
Training error function              :   FANN_ERRORFUNC_TANH
Training stop function               :   FANN_STOPFUNC_MSE
Bit fail limit                       :   0.350
Learning rate                        :   0.700
Learning momentum                    :   0.000
Quickprop decay                      :  -0.000100
Quickprop mu                         :   1.750
RPROP increase factor                :   1.001
RPROP decrease factor                :   0.333
RPROP delta min                      :   0.000
RPROP delta max                      :  50.000
Cascade output change fraction       :   0.010000
Cascade candidate change fraction    :   0.010000
Cascade output stagnation epochs     :  12
Cascade candidate stagnation epochs  :  12
Cascade max output epochs            : 150
Cascade max candidate epochs         : 150
Cascade weight multiplier            :   0.400
Cascade candidate limit              :1000.000
Cascade activation functions[0]      :   FANN_SIGMOID
Cascade activation functions[1]      :   FANN_SIGMOID_SYMMETRIC
Cascade activation functions[2]      :   FANN_GAUSSIAN
Cascade activation functions[3]      :   FANN_GAUSSIAN_SYMMETRIC
Cascade activation functions[4]      :   FANN_ELLIOT
Cascade activation functions[5]      :   FANN_ELLIOT_SYMMETRIC
Cascade activation functions[6]      :   FANN_SIN_SYMMETRIC
Cascade activation functions[7]      :   FANN_COS_SYMMETRIC
Cascade activation functions[8]      :   FANN_SIN
Cascade activation functions[9]      :   FANN_COS
Cascade activation steepnesses[0]    :   0.250
Cascade activation steepnesses[1]    :   0.500
Cascade activation steepnesses[2]    :   0.750
Cascade activation steepnesses[3]    :   1.000
Cascade candidate groups             :   2
Cascade no. of candidates            :  80
Start training network with 2-algorithm in FANN
Max epochs     2000. Desired error: 0.0010000000.
Epochs            1. Current error: 0.0151739465. Bit fail 283.
Epochs          100. Current error: 0.0143861342. Bit fail 263.
Epochs          200. Current error: 0.0132764885. Bit fail 249.
Epochs          300. Current error: 0.0126015963. Bit fail 261.
Epochs          400. Current error: 0.0120180333. Bit fail 255.
Epochs          500. Current error: 0.0115904137. Bit fail 230.
Epochs          600. Current error: 0.0113192378. Bit fail 220.
Epochs          700. Current error: 0.0110763339. Bit fail 211.
Epochs          800. Current error: 0.0108738570. Bit fail 218.
Epochs          900. Current error: 0.0106290476. Bit fail 215.
Epochs         1000. Current error: 0.0104116406. Bit fail 210.
Epochs         1100. Current error: 0.0102209300. Bit fail 210.
Epochs         1200. Current error: 0.0100309122. Bit fail 215.
Epochs         1300. Current error: 0.0098263388. Bit fail 213.
Epochs         1400. Current error: 0.0095751071. Bit fail 213.
Epochs         1500. Current error: 0.0093837045. Bit fail 211.
Epochs         1600. Current error: 0.0092073865. Bit fail 210.
Epochs         1700. Current error: 0.0090919100. Bit fail 213.
Epochs         1800. Current error: 0.0089452611. Bit fail 208.
Epochs         1900. Current error: 0.0087780869. Bit fail 206.
Epochs         2000. Current error: 0.0086617889. Bit fail 205.
Time elpased for FANN training: 119.061394 seconds
Trained Network by GA+FANN is saved in 
./ALL_S6_959126400_hveto_channels_signif_dt_set_7_training_n70n10n1_c10_mr02_p50_g20_rmin-25_rmax25_gsigma1_y1001_z03333_f05g09_m2000.net.
Total Running Time: 155.163713 seconds
