Creating network.
The layer structure is following:
[70, 10, 1]
Setting newtork parameters
Getting training data : ALL_S6_959126400_hveto_channels_signif_dt_set_0_training.pat
Setting GA training parameters
Start running GA
Gen. 0 (0.00%): Max/Min/Avg Fitness(Raw) [28.52(48.85)/19.46(1.02)/23.77(23.77)]
Gen. 1 (5.00%): Max/Min/Avg Fitness(Raw) [58.44(50.14)/30.47(46.01)/48.70(48.70)]
Gen. 2 (10.00%): Max/Min/Avg Fitness(Raw) [59.32(51.17)/0.00(35.01)/50.08(49.43)]
Gen. 3 (15.00%): Max/Min/Avg Fitness(Raw) [52.66(51.69)/0.00(13.55)/49.12(49.12)]
Gen. 4 (20.00%): Max/Min/Avg Fitness(Raw) [59.65(51.97)/0.00(27.65)/51.08(49.71)]
Gen. 5 (25.00%): Max/Min/Avg Fitness(Raw) [61.24(53.47)/20.32(43.70)/51.03(51.03)]
Gen. 6 (30.00%): Max/Min/Avg Fitness(Raw) [61.17(54.81)/0.00(17.02)/51.87(50.98)]
Gen. 7 (35.00%): Max/Min/Avg Fitness(Raw) [63.41(55.04)/0.00(30.37)/54.76(52.84)]
Gen. 8 (40.00%): Max/Min/Avg Fitness(Raw) [56.48(55.25)/0.00(11.44)/50.99(50.99)]
Gen. 9 (45.00%): Max/Min/Avg Fitness(Raw) [63.58(55.45)/0.00(34.57)/54.05(52.98)]
Gen. 10 (50.00%): Max/Min/Avg Fitness(Raw) [56.61(55.81)/0.00(14.51)/53.65(53.65)]
Gen. 11 (55.00%): Max/Min/Avg Fitness(Raw) [64.54(55.92)/0.00(29.97)/55.11(53.79)]
Gen. 12 (60.00%): Max/Min/Avg Fitness(Raw) [64.05(56.19)/0.00(26.05)/55.10(53.37)]
Gen. 13 (65.00%): Max/Min/Avg Fitness(Raw) [57.75(56.48)/0.00(15.34)/53.34(53.34)]
Gen. 14 (70.00%): Max/Min/Avg Fitness(Raw) [62.87(56.50)/0.00(26.22)/52.92(52.39)]
Gen. 15 (75.00%): Max/Min/Avg Fitness(Raw) [61.79(56.65)/0.00(15.31)/52.06(51.49)]
Gen. 16 (80.00%): Max/Min/Avg Fitness(Raw) [66.01(56.85)/0.00(45.66)/55.02(55.01)]
Gen. 17 (85.00%): Max/Min/Avg Fitness(Raw) [65.73(58.35)/0.00(23.03)/55.62(54.77)]
Gen. 18 (90.00%): Max/Min/Avg Fitness(Raw) [58.68(58.57)/0.00(1.19)/53.73(53.73)]
Gen. 19 (95.00%): Max/Min/Avg Fitness(Raw) [59.91(58.70)/0.00(10.36)/53.67(53.67)]
Gen. 20 (100.00%): Max/Min/Avg Fitness(Raw) [66.53(58.76)/0.00(23.06)/56.69(55.44)]
Total time elapsed: 32.922 seconds.
GA MSE : 0.017182
Best initial connection wetighs are set on Network
Setting FANN training parameters
Input layer                          :  70 neurons, 1 bias
  Hidden layer                       :  10 neurons, 1 bias
Output layer                         :   1 neurons
Total neurons and biases             :  83
Total connections                    : 721
Connection rate                      :   1.000
Network type                         :   FANN_NETTYPE_LAYER
Training algorithm                   :   FANN_TRAIN_RPROP
Training error function              :   FANN_ERRORFUNC_TANH
Training stop function               :   FANN_STOPFUNC_MSE
Bit fail limit                       :   0.350
Learning rate                        :   0.700
Learning momentum                    :   0.000
Quickprop decay                      :  -0.000100
Quickprop mu                         :   1.750
RPROP increase factor                :   1.001
RPROP decrease factor                :   0.333
RPROP delta min                      :   0.000
RPROP delta max                      :  50.000
Cascade output change fraction       :   0.010000
Cascade candidate change fraction    :   0.010000
Cascade output stagnation epochs     :  12
Cascade candidate stagnation epochs  :  12
Cascade max output epochs            : 150
Cascade max candidate epochs         : 150
Cascade weight multiplier            :   0.400
Cascade candidate limit              :1000.000
Cascade activation functions[0]      :   FANN_SIGMOID
Cascade activation functions[1]      :   FANN_SIGMOID_SYMMETRIC
Cascade activation functions[2]      :   FANN_GAUSSIAN
Cascade activation functions[3]      :   FANN_GAUSSIAN_SYMMETRIC
Cascade activation functions[4]      :   FANN_ELLIOT
Cascade activation functions[5]      :   FANN_ELLIOT_SYMMETRIC
Cascade activation functions[6]      :   FANN_SIN_SYMMETRIC
Cascade activation functions[7]      :   FANN_COS_SYMMETRIC
Cascade activation functions[8]      :   FANN_SIN
Cascade activation functions[9]      :   FANN_COS
Cascade activation steepnesses[0]    :   0.250
Cascade activation steepnesses[1]    :   0.500
Cascade activation steepnesses[2]    :   0.750
Cascade activation steepnesses[3]    :   1.000
Cascade candidate groups             :   2
Cascade no. of candidates            :  80
Start training network with 2-algorithm in FANN
Max epochs     2000. Desired error: 0.0010000000.
Epochs            1. Current error: 0.0170194265. Bit fail 328.
Epochs          100. Current error: 0.0146397464. Bit fail 288.
Epochs          200. Current error: 0.0130907893. Bit fail 268.
Epochs          300. Current error: 0.0121847810. Bit fail 250.
Epochs          400. Current error: 0.0115448087. Bit fail 245.
Epochs          500. Current error: 0.0110421544. Bit fail 237.
Epochs          600. Current error: 0.0106256614. Bit fail 225.
Epochs          700. Current error: 0.0103371721. Bit fail 213.
Epochs          800. Current error: 0.0099777374. Bit fail 206.
Epochs          900. Current error: 0.0097299991. Bit fail 204.
Epochs         1000. Current error: 0.0095316088. Bit fail 194.
Epochs         1100. Current error: 0.0093577979. Bit fail 195.
Epochs         1200. Current error: 0.0091947559. Bit fail 192.
Epochs         1300. Current error: 0.0090055810. Bit fail 187.
Epochs         1400. Current error: 0.0088162320. Bit fail 182.
Epochs         1500. Current error: 0.0086332532. Bit fail 176.
Epochs         1600. Current error: 0.0084535573. Bit fail 172.
Epochs         1700. Current error: 0.0083029717. Bit fail 168.
Epochs         1800. Current error: 0.0082118735. Bit fail 168.
Epochs         1900. Current error: 0.0081612142. Bit fail 164.
Epochs         2000. Current error: 0.0081019811. Bit fail 166.
Time elpased for FANN training: 113.936268 seconds
Trained Network by GA+FANN is saved in 
./ALL_S6_959126400_hveto_channels_signif_dt_set_0_training_n70n10n1_c10_mr02_p50_g20_rmin-25_rmax25_gsigma1_y1001_z03333_f05g09_m2000.net.
Total Running Time: 147.257612 seconds
