Creating network.
The layer structure is following:
[70, 10, 1]
Setting newtork parameters
Getting training data : ALL_S6_959126400_hveto_channels_signif_dt_set_9_training.pat
Setting GA training parameters
Start running GA
Gen. 0 (0.00%): Max/Min/Avg Fitness(Raw) [31.05(54.87)/21.44(1.02)/25.88(25.88)]
Gen. 1 (5.00%): Max/Min/Avg Fitness(Raw) [56.47(56.11)/0.00(1.02)/41.73(41.73)]
Gen. 2 (10.00%): Max/Min/Avg Fitness(Raw) [59.39(59.13)/0.00(1.02)/47.38(47.38)]
Gen. 3 (15.00%): Max/Min/Avg Fitness(Raw) [36.75(59.22)/24.29(1.02)/30.63(30.63)]
Gen. 4 (20.00%): Max/Min/Avg Fitness(Raw) [42.70(63.22)/26.68(1.02)/35.58(35.58)]
Gen. 5 (25.00%): Max/Min/Avg Fitness(Raw) [53.79(67.12)/27.21(1.02)/44.83(44.83)]
Gen. 6 (30.00%): Max/Min/Avg Fitness(Raw) [53.68(70.68)/29.66(1.02)/44.73(44.73)]
Gen. 7 (35.00%): Max/Min/Avg Fitness(Raw) [55.20(71.59)/29.83(1.02)/46.00(46.00)]
Gen. 8 (40.00%): Max/Min/Avg Fitness(Raw) [56.73(72.04)/29.61(1.02)/47.28(47.28)]
Gen. 9 (45.00%): Max/Min/Avg Fitness(Raw) [55.48(72.12)/30.08(1.02)/46.24(46.24)]
Gen. 10 (50.00%): Max/Min/Avg Fitness(Raw) [57.36(72.47)/29.68(1.02)/47.80(47.80)]
Gen. 11 (55.00%): Max/Min/Avg Fitness(Raw) [59.35(72.47)/28.64(1.02)/49.46(49.46)]
Gen. 12 (60.00%): Max/Min/Avg Fitness(Raw) [54.68(72.47)/30.48(1.02)/45.57(45.57)]
Gen. 13 (65.00%): Max/Min/Avg Fitness(Raw) [52.96(72.80)/30.86(1.02)/44.14(44.14)]
Gen. 14 (70.00%): Max/Min/Avg Fitness(Raw) [60.61(73.08)/28.36(1.02)/50.51(50.51)]
Gen. 15 (75.00%): Max/Min/Avg Fitness(Raw) [60.67(73.12)/28.36(1.02)/50.56(50.56)]
Gen. 16 (80.00%): Max/Min/Avg Fitness(Raw) [60.92(73.88)/28.91(1.02)/50.76(50.76)]
Gen. 17 (85.00%): Max/Min/Avg Fitness(Raw) [57.38(74.02)/30.74(1.02)/47.82(47.82)]
Gen. 18 (90.00%): Max/Min/Avg Fitness(Raw) [53.45(74.06)/31.41(1.02)/44.54(44.54)]
Gen. 19 (95.00%): Max/Min/Avg Fitness(Raw) [62.30(74.08)/28.07(1.02)/51.92(51.92)]
Gen. 20 (100.00%): Max/Min/Avg Fitness(Raw) [51.31(74.71)/31.59(1.02)/42.76(42.76)]
Total time elapsed: 33.184 seconds.
GA MSE : 0.015525
Best initial connection wetighs are set on Network
Setting FANN training parameters
Input layer                          :  70 neurons, 1 bias
  Hidden layer                       :  10 neurons, 1 bias
Output layer                         :   1 neurons
Total neurons and biases             :  83
Total connections                    : 721
Connection rate                      :   1.000
Network type                         :   FANN_NETTYPE_LAYER
Training algorithm                   :   FANN_TRAIN_RPROP
Training error function              :   FANN_ERRORFUNC_TANH
Training stop function               :   FANN_STOPFUNC_MSE
Bit fail limit                       :   0.350
Learning rate                        :   0.700
Learning momentum                    :   0.000
Quickprop decay                      :  -0.000100
Quickprop mu                         :   1.750
RPROP increase factor                :   1.001
RPROP decrease factor                :   0.500
RPROP delta min                      :   0.000
RPROP delta max                      :  50.000
Cascade output change fraction       :   0.010000
Cascade candidate change fraction    :   0.010000
Cascade output stagnation epochs     :  12
Cascade candidate stagnation epochs  :  12
Cascade max output epochs            : 150
Cascade max candidate epochs         : 150
Cascade weight multiplier            :   0.400
Cascade candidate limit              :1000.000
Cascade activation functions[0]      :   FANN_SIGMOID
Cascade activation functions[1]      :   FANN_SIGMOID_SYMMETRIC
Cascade activation functions[2]      :   FANN_GAUSSIAN
Cascade activation functions[3]      :   FANN_GAUSSIAN_SYMMETRIC
Cascade activation functions[4]      :   FANN_ELLIOT
Cascade activation functions[5]      :   FANN_ELLIOT_SYMMETRIC
Cascade activation functions[6]      :   FANN_SIN_SYMMETRIC
Cascade activation functions[7]      :   FANN_COS_SYMMETRIC
Cascade activation functions[8]      :   FANN_SIN
Cascade activation functions[9]      :   FANN_COS
Cascade activation steepnesses[0]    :   0.250
Cascade activation steepnesses[1]    :   0.500
Cascade activation steepnesses[2]    :   0.750
Cascade activation steepnesses[3]    :   1.000
Cascade candidate groups             :   2
Cascade no. of candidates            :  80
Start training network with 2-algorithm in FANN
Max epochs     2000. Desired error: 0.0010000000.
Epochs            1. Current error: 0.0133856591. Bit fail 260.
Epochs          100. Current error: 0.0118312612. Bit fail 241.
Epochs          200. Current error: 0.0114364270. Bit fail 239.
Epochs          300. Current error: 0.0109803202. Bit fail 237.
Epochs          400. Current error: 0.0105776833. Bit fail 224.
Epochs          500. Current error: 0.0102517717. Bit fail 215.
Epochs          600. Current error: 0.0100281145. Bit fail 213.
Epochs          700. Current error: 0.0097946562. Bit fail 205.
Epochs          800. Current error: 0.0094634043. Bit fail 204.
Epochs          900. Current error: 0.0092428224. Bit fail 202.
Epochs         1000. Current error: 0.0090141008. Bit fail 198.
Epochs         1100. Current error: 0.0087711653. Bit fail 192.
Epochs         1200. Current error: 0.0085889157. Bit fail 189.
Epochs         1300. Current error: 0.0084710270. Bit fail 192.
Epochs         1400. Current error: 0.0083628166. Bit fail 188.
Epochs         1500. Current error: 0.0082821958. Bit fail 190.
Epochs         1600. Current error: 0.0081547061. Bit fail 188.
Epochs         1700. Current error: 0.0080628190. Bit fail 188.
Epochs         1800. Current error: 0.0079799192. Bit fail 189.
Epochs         1900. Current error: 0.0078729959. Bit fail 189.
Epochs         2000. Current error: 0.0077745090. Bit fail 184.
Time elpased for FANN training: 113.546171 seconds
Trained Network by GA+FANN is saved in 
./ALL_S6_959126400_hveto_channels_signif_dt_set_9_training_n70n10n1_c10_mr02_p50_g20_rmin-25_rmax25_gsigma10_y1001_z05_f05g09_m2000.net.
Total Running Time: 147.151044 seconds
