Creating network.
The layer structure is following:
[70, 100, 1]
Setting newtork parameters
Getting training data : ALL_S6_959126400_hveto_channels_signif_dt_set_9_training.pat
Setting GA training parameters
Start running GA
Gen. 0 (0.00%): Max/Min/Avg Fitness(Raw) [25.11(63.90)/18.99(1.02)/20.93(20.93)]
Gen. 1 (5.00%): Max/Min/Avg Fitness(Raw) [39.06(72.08)/27.36(1.02)/32.55(32.55)]
Gen. 2 (10.00%): Max/Min/Avg Fitness(Raw) [38.83(80.84)/28.18(1.02)/32.36(32.36)]
Gen. 3 (15.00%): Max/Min/Avg Fitness(Raw) [41.89(86.80)/30.35(1.02)/34.90(34.90)]
Gen. 4 (20.00%): Max/Min/Avg Fitness(Raw) [40.84(88.58)/29.91(1.02)/34.03(34.03)]
Gen. 5 (25.00%): Max/Min/Avg Fitness(Raw) [42.32(91.00)/30.93(1.02)/35.27(35.27)]
Gen. 6 (30.00%): Max/Min/Avg Fitness(Raw) [45.73(94.57)/33.10(1.02)/38.11(38.11)]
Gen. 7 (35.00%): Max/Min/Avg Fitness(Raw) [44.97(97.80)/32.95(1.02)/37.48(37.48)]
Gen. 8 (40.00%): Max/Min/Avg Fitness(Raw) [45.72(98.50)/33.42(1.02)/38.10(38.10)]
Gen. 9 (45.00%): Max/Min/Avg Fitness(Raw) [44.98(99.67)/33.09(1.02)/37.49(37.49)]
Gen. 10 (50.00%): Max/Min/Avg Fitness(Raw) [43.20(102.27)/32.20(1.02)/36.00(36.00)]
Gen. 11 (55.00%): Max/Min/Avg Fitness(Raw) [44.96(102.27)/33.25(1.02)/37.47(37.47)]
Gen. 12 (60.00%): Max/Min/Avg Fitness(Raw) [45.78(102.27)/33.73(1.02)/38.15(38.15)]
Gen. 13 (65.00%): Max/Min/Avg Fitness(Raw) [46.19(102.27)/33.97(1.02)/38.49(38.49)]
Gen. 14 (70.00%): Max/Min/Avg Fitness(Raw) [45.78(105.12)/33.92(1.02)/38.15(38.15)]
Gen. 15 (75.00%): Max/Min/Avg Fitness(Raw) [50.60(105.12)/36.66(1.02)/42.17(42.17)]
Gen. 16 (80.00%): Max/Min/Avg Fitness(Raw) [50.08(105.12)/36.37(1.02)/41.73(41.73)]
Gen. 17 (85.00%): Max/Min/Avg Fitness(Raw) [49.93(105.73)/36.34(1.02)/41.61(41.61)]
Gen. 18 (90.00%): Max/Min/Avg Fitness(Raw) [49.95(106.54)/36.42(1.02)/41.62(41.62)]
Gen. 19 (95.00%): Max/Min/Avg Fitness(Raw) [48.27(106.54)/35.47(1.02)/40.23(40.23)]
Gen. 20 (100.00%): Max/Min/Avg Fitness(Raw) [48.24(106.84)/35.47(1.02)/40.20(40.20)]
Total time elapsed: 56501.290 seconds.
GA MSE : 0.011880
Best initial connection wetighs are set on Network
Setting FANN training parameters
Input layer                          :  70 neurons, 1 bias
  Hidden layer                       : 100 neurons, 1 bias
Output layer                         :   1 neurons
Total neurons and biases             : 173
Total connections                    :3701
Connection rate                      :   0.500
Network type                         :   FANN_NETTYPE_LAYER
Training algorithm                   :   FANN_TRAIN_RPROP
Training error function              :   FANN_ERRORFUNC_TANH
Training stop function               :   FANN_STOPFUNC_MSE
Bit fail limit                       :   0.350
Learning rate                        :   0.700
Learning momentum                    :   0.000
Quickprop decay                      :  -0.000100
Quickprop mu                         :   1.750
RPROP increase factor                :   1.001
RPROP decrease factor                :   0.333
RPROP delta min                      :   0.000
RPROP delta max                      :  50.000
Cascade output change fraction       :   0.010000
Cascade candidate change fraction    :   0.010000
Cascade output stagnation epochs     :  12
Cascade candidate stagnation epochs  :  12
Cascade max output epochs            : 150
Cascade max candidate epochs         : 150
Cascade weight multiplier            :   0.400
Cascade candidate limit              :1000.000
Cascade activation functions[0]      :   FANN_SIGMOID
Cascade activation functions[1]      :   FANN_SIGMOID_SYMMETRIC
Cascade activation functions[2]      :   FANN_GAUSSIAN
Cascade activation functions[3]      :   FANN_GAUSSIAN_SYMMETRIC
Cascade activation functions[4]      :   FANN_ELLIOT
Cascade activation functions[5]      :   FANN_ELLIOT_SYMMETRIC
Cascade activation functions[6]      :   FANN_SIN_SYMMETRIC
Cascade activation functions[7]      :   FANN_COS_SYMMETRIC
Cascade activation functions[8]      :   FANN_SIN
Cascade activation functions[9]      :   FANN_COS
Cascade activation steepnesses[0]    :   0.250
Cascade activation steepnesses[1]    :   0.500
Cascade activation steepnesses[2]    :   0.750
Cascade activation steepnesses[3]    :   1.000
Cascade candidate groups             :   2
Cascade no. of candidates            :  80
Start training network with 2-algorithm in FANN
Max epochs     8000. Desired error: 0.0010000000.
Epochs            1. Current error: 0.0093594762. Bit fail 170.
Epochs          100. Current error: 0.0103089139. Bit fail 209.
Epochs          200. Current error: 0.0097018098. Bit fail 190.
Epochs          300. Current error: 0.0099969329. Bit fail 209.
Epochs          400. Current error: 0.0097491834. Bit fail 201.
Epochs          500. Current error: 0.0095918747. Bit fail 204.
Epochs          600. Current error: 0.0093725901. Bit fail 200.
Epochs          700. Current error: 0.0091574369. Bit fail 193.
Epochs          800. Current error: 0.0089379856. Bit fail 189.
Epochs          900. Current error: 0.0088070519. Bit fail 187.
Epochs         1000. Current error: 0.0087063760. Bit fail 186.
Epochs         1100. Current error: 0.0084796054. Bit fail 181.
Epochs         1200. Current error: 0.0082373843. Bit fail 176.
Epochs         1300. Current error: 0.0081653316. Bit fail 178.
Epochs         1400. Current error: 0.0081284530. Bit fail 180.
Epochs         1500. Current error: 0.0080555435. Bit fail 178.
Epochs         1600. Current error: 0.0079850527. Bit fail 176.
Epochs         1700. Current error: 0.0079330048. Bit fail 178.
Epochs         1800. Current error: 0.0078839520. Bit fail 174.
Epochs         1900. Current error: 0.0078047789. Bit fail 167.
Epochs         2000. Current error: 0.0076542185. Bit fail 167.
Epochs         2100. Current error: 0.0075579574. Bit fail 165.
Epochs         2200. Current error: 0.0074735084. Bit fail 164.
Epochs         2300. Current error: 0.0074116937. Bit fail 164.
Epochs         2400. Current error: 0.0072617838. Bit fail 157.
Epochs    