Creating network.
The layer structure is following:
[70, 10, 1]
Setting newtork parameters
Getting training data : ALL_S6_959126400_hveto_channels_signif_dt_set_6_training.pat
Setting GA training parameters
Start running GA
Gen. 0 (0.00%): Max/Min/Avg Fitness(Raw) [31.68(46.99)/19.89(1.02)/26.40(26.40)]
Gen. 1 (5.00%): Max/Min/Avg Fitness(Raw) [56.26(49.83)/0.00(30.35)/47.00(46.88)]
Gen. 2 (10.00%): Max/Min/Avg Fitness(Raw) [58.47(50.54)/0.00(26.22)/50.18(48.73)]
Gen. 3 (15.00%): Max/Min/Avg Fitness(Raw) [60.02(51.24)/15.60(45.78)/50.01(50.01)]
Gen. 4 (20.00%): Max/Min/Avg Fitness(Raw) [53.23(52.66)/0.00(5.61)/48.36(48.36)]
Gen. 5 (25.00%): Max/Min/Avg Fitness(Raw) [53.43(52.94)/0.00(6.84)/49.85(49.85)]
Gen. 6 (30.00%): Max/Min/Avg Fitness(Raw) [61.15(53.37)/0.00(28.63)/51.94(50.96)]
Gen. 7 (35.00%): Max/Min/Avg Fitness(Raw) [62.63(53.67)/0.00(33.70)/54.17(52.20)]
Gen. 8 (40.00%): Max/Min/Avg Fitness(Raw) [63.62(53.90)/7.48(49.21)/53.02(53.02)]
Gen. 9 (45.00%): Max/Min/Avg Fitness(Raw) [62.96(54.28)/0.00(20.88)/55.08(52.47)]
Gen. 10 (50.00%): Max/Min/Avg Fitness(Raw) [62.95(54.72)/0.00(36.03)/53.09(52.46)]
Gen. 11 (55.00%): Max/Min/Avg Fitness(Raw) [63.62(55.19)/0.00(36.41)/53.84(53.02)]
Gen. 12 (60.00%): Max/Min/Avg Fitness(Raw) [64.10(55.87)/0.00(29.82)/55.12(53.41)]
Gen. 13 (65.00%): Max/Min/Avg Fitness(Raw) [56.94(56.77)/0.00(2.50)/53.23(53.23)]
Gen. 14 (70.00%): Max/Min/Avg Fitness(Raw) [65.27(57.46)/0.00(22.00)/55.61(54.40)]
Gen. 15 (75.00%): Max/Min/Avg Fitness(Raw) [65.41(57.92)/0.00(21.63)/56.28(54.50)]
Gen. 16 (80.00%): Max/Min/Avg Fitness(Raw) [65.26(58.43)/0.00(22.63)/55.40(54.38)]
Gen. 17 (85.00%): Max/Min/Avg Fitness(Raw) [59.21(58.65)/0.00(9.89)/56.03(56.03)]
Gen. 18 (90.00%): Max/Min/Avg Fitness(Raw) [60.09(58.99)/0.00(14.25)/55.80(55.80)]
Gen. 19 (95.00%): Max/Min/Avg Fitness(Raw) [68.62(59.39)/0.00(41.67)/57.65(57.18)]
Gen. 20 (100.00%): Max/Min/Avg Fitness(Raw) [69.16(60.01)/0.00(31.22)/59.77(57.64)]
Total time elapsed: 32.341 seconds.
GA MSE : 0.016663
Best initial connection wetighs are set on Network
Setting FANN training parameters
Input layer                          :  70 neurons, 1 bias
  Hidden layer                       :  10 neurons, 1 bias
Output layer                         :   1 neurons
Total neurons and biases             :  83
Total connections                    : 721
Connection rate                      :   1.000
Network type                         :   FANN_NETTYPE_LAYER
Training algorithm                   :   FANN_TRAIN_RPROP
Training error function              :   FANN_ERRORFUNC_TANH
Training stop function               :   FANN_STOPFUNC_MSE
Bit fail limit                       :   0.350
Learning rate                        :   0.700
Learning momentum                    :   0.000
Quickprop decay                      :  -0.000100
Quickprop mu                         :   1.750
RPROP increase factor                :   1.001
RPROP decrease factor                :   0.333
RPROP delta min                      :   0.000
RPROP delta max                      :  50.000
Cascade output change fraction       :   0.010000
Cascade candidate change fraction    :   0.010000
Cascade output stagnation epochs     :  12
Cascade candidate stagnation epochs  :  12
Cascade max output epochs            : 150
Cascade max candidate epochs         : 150
Cascade weight multiplier            :   0.400
Cascade candidate limit              :1000.000
Cascade activation functions[0]      :   FANN_SIGMOID
Cascade activation functions[1]      :   FANN_SIGMOID_SYMMETRIC
Cascade activation functions[2]      :   FANN_GAUSSIAN
Cascade activation functions[3]      :   FANN_GAUSSIAN_SYMMETRIC
Cascade activation functions[4]      :   FANN_ELLIOT
Cascade activation functions[5]      :   FANN_ELLIOT_SYMMETRIC
Cascade activation functions[6]      :   FANN_SIN_SYMMETRIC
Cascade activation functions[7]      :   FANN_COS_SYMMETRIC
Cascade activation functions[8]      :   FANN_SIN
Cascade activation functions[9]      :   FANN_COS
Cascade activation steepnesses[0]    :   0.250
Cascade activation steepnesses[1]    :   0.500
Cascade activation steepnesses[2]    :   0.750
Cascade activation steepnesses[3]    :   1.000
Cascade candidate groups             :   2
Cascade no. of candidates            :  80
Start training network with 2-algorithm in FANN
Max epochs     5000. Desired error: 0.0010000000.
Epochs            1. Current error: 0.0166628715. Bit fail 322.
Epochs          100. Current error: 0.0160635039. Bit fail 303.
Epochs          200. Current error: 0.0146398265. Bit fail 274.
Epochs          300. Current error: 0.0141681153. Bit fail 272.
Epochs          400. Current error: 0.0138520980. Bit fail 264.
Epochs          500. Current error: 0.0135015249. Bit fail 261.
Epochs          600. Current error: 0.0131838452. Bit fail 255.
Epochs          700. Current error: 0.0128642470. Bit fail 244.
Epochs          800. Current error: 0.0125515889. Bit fail 240.
Epochs          900. Current error: 0.0122882370. Bit fail 235.
Epochs         1000. Current error: 0.0119985901. Bit fail 231.
Epochs         1100. Current error: 0.0117604528. Bit fail 228.
Epochs         1200. Current error: 0.0116164889. Bit fail 221.
Epochs         1300. Current error: 0.0114575634. Bit fail 218.
Epochs         1400. Current error: 0.0112080062. Bit fail 214.
Epochs         1500. Current error: 0.0110261180. Bit fail 211.
Epochs         1600. Current error: 0.0107700406. Bit fail 207.
Epochs         1700. Current error: 0.0104824454. Bit fail 205.
Epochs         1800. Current error: 0.0102891168. Bit fail 197.
Epochs         1900. Current error: 0.0101968683. Bit fail 195.
Epochs         2000. Current error: 0.0100389672. Bit fail 195.
Epochs         2100. Current error: 0.0098155169. Bit fail 194.
Epochs         2200. Current error: 0.0096006654. Bit fail 184.
Epochs         2300. Current error: 0.0095064063. Bit fail 177.
Epochs         2400. Current error: 0.0094506629. Bit fail 176.
Epochs         2500. Current error: 0.0093448274. Bit fail 175.
Epochs         2600. Current error: 0.0093009602. Bit fail 174.
Epochs         2700. Current error: 0.0092047881. Bit fail 171.
Epochs         2800. Current error: 0.0091795456. Bit fail 170.
Epochs         2900. Current error: 0.0091898339. Bit fail 169.
Epochs         3000. Current error: 0.0091752000. Bit fail 168.
Epochs         3100. Current error: 0.0091575636. Bit fail 168.
Epochs         3200. Current error: 0.0091352947. Bit fail 167.
Epochs         3300. Current error: 0.0091070151. Bit fail 167.
Epochs         3400. Current error: 0.0090625640. Bit fail 167.
Epochs         3500. Current error: 0.0090225469. Bit fail 167.
Epochs         3600. Current error: 0.0089776590. Bit fail 166.
Epochs         3700. Current error: 0.0089438288. Bit fail 164.
Epochs         3800. Current error: 0.0088548167. Bit fail 163.
Epochs         3900. Current error: 0.0088065816. Bit fail 161.
Epochs         4000. Current error: 0.0087681720. Bit fail 160.
Epochs         4100. Current error: 0.0087406468. Bit fail 159.
Epochs         4200. Current error: 0.0086921491. Bit fail 157.
Epochs         4300. Current error: 0.0086472360. Bit fail 157.
Epochs         4400. Current error: 0.0085955672. Bit fail 157.
Epochs         4500. Current error: 0.0085481089. Bit fail 156.
Epochs         4600. Current error: 0.0085039260. Bit fail 155.
Epochs         4700. Current error: 0.0084674871. Bit fail 153.
Epochs         4800. Current error: 0.0084396265. Bit fail 152.
Epochs         4900. Current error: 0.0083980719. Bit fail 152.
Epochs         5000. Current error: 0.0083740400. Bit fail 151.
Time elpased for FANN training: 275.600275 seconds
Trained Network by GA+FANN is saved in 
./ALL_S6_959126400_hveto_channels_signif_dt_set_6_training_n70n10n1_c10_mr02_p50_g20_rmin-25_rmax25_gsigma1_y1001_z03333_f05g09_m5000.net.
Total Running Time: 308.347233 seconds
