Creating network.
The layer structure is following:
[70, 10, 1]
Setting newtork parameters
Getting training data : ALL_S6_959126400_hveto_channels_signif_dt_set_4_training.pat
Setting GA training parameters
Start running GA
Gen. 0 (0.00%): Max/Min/Avg Fitness(Raw) [22.96(49.60)/16.86(1.02)/19.14(19.14)]
Gen. 1 (5.00%): Max/Min/Avg Fitness(Raw) [50.94(50.72)/0.00(2.40)/46.69(46.69)]
Gen. 2 (10.00%): Max/Min/Avg Fitness(Raw) [58.84(51.71)/0.00(31.29)/49.54(49.04)]
Gen. 3 (15.00%): Max/Min/Avg Fitness(Raw) [53.14(53.01)/0.00(1.41)/48.64(48.64)]
Gen. 4 (20.00%): Max/Min/Avg Fitness(Raw) [54.13(53.83)/0.00(2.55)/48.45(48.45)]
Gen. 5 (25.00%): Max/Min/Avg Fitness(Raw) [62.61(54.91)/8.41(40.72)/52.18(52.18)]
Gen. 6 (30.00%): Max/Min/Avg Fitness(Raw) [55.64(55.49)/0.00(1.13)/48.87(48.87)]
Gen. 7 (35.00%): Max/Min/Avg Fitness(Raw) [56.27(56.16)/0.00(1.09)/51.14(51.14)]
Gen. 8 (40.00%): Max/Min/Avg Fitness(Raw) [65.21(58.81)/0.00(21.94)/54.83(54.34)]
Gen. 9 (45.00%): Max/Min/Avg Fitness(Raw) [59.80(59.35)/0.00(6.57)/55.93(55.93)]
Gen. 10 (50.00%): Max/Min/Avg Fitness(Raw) [69.33(60.05)/0.00(40.37)/58.39(57.77)]
Gen. 11 (55.00%): Max/Min/Avg Fitness(Raw) [61.13(60.76)/0.00(3.66)/55.48(55.48)]
Gen. 12 (60.00%): Max/Min/Avg Fitness(Raw) [61.55(61.20)/0.00(3.59)/56.07(56.07)]
Gen. 13 (65.00%): Max/Min/Avg Fitness(Raw) [61.97(61.85)/0.00(1.11)/56.09(56.09)]
Gen. 14 (70.00%): Max/Min/Avg Fitness(Raw) [63.53(62.35)/0.00(10.28)/56.98(56.98)]
Gen. 15 (75.00%): Max/Min/Avg Fitness(Raw) [62.83(62.73)/0.00(1.09)/57.41(57.41)]
Gen. 16 (80.00%): Max/Min/Avg Fitness(Raw) [63.27(63.11)/0.00(1.72)/57.89(57.89)]
Gen. 17 (85.00%): Max/Min/Avg Fitness(Raw) [64.13(63.98)/0.00(1.30)/57.44(57.44)]
Gen. 18 (90.00%): Max/Min/Avg Fitness(Raw) [65.08(64.66)/0.00(4.10)/59.01(59.01)]
Gen. 19 (95.00%): Max/Min/Avg Fitness(Raw) [66.36(65.33)/0.00(12.88)/61.44(61.44)]
Gen. 20 (100.00%): Max/Min/Avg Fitness(Raw) [66.88(66.76)/0.00(1.02)/60.16(60.16)]
Total time elapsed: 34.604 seconds.
GA MSE : 0.015312
Best initial connection wetighs are set on Network
Setting FANN training parameters
Input layer                          :  70 neurons, 1 bias
  Hidden layer                       :  10 neurons, 1 bias
Output layer                         :   1 neurons
Total neurons and biases             :  83
Total connections                    : 721
Connection rate                      :   1.000
Network type                         :   FANN_NETTYPE_LAYER
Training algorithm                   :   FANN_TRAIN_RPROP
Training error function              :   FANN_ERRORFUNC_TANH
Training stop function               :   FANN_STOPFUNC_MSE
Bit fail limit                       :   0.350
Learning rate                        :   0.700
Learning momentum                    :   0.000
Quickprop decay                      :  -0.000100
Quickprop mu                         :   1.750
RPROP increase factor                :   1.001
RPROP decrease factor                :   0.333
RPROP delta min                      :   0.000
RPROP delta max                      :  50.000
Cascade output change fraction       :   0.010000
Cascade candidate change fraction    :   0.010000
Cascade output stagnation epochs     :  12
Cascade candidate stagnation epochs  :  12
Cascade max output epochs            : 150
Cascade max candidate epochs         : 150
Cascade weight multiplier            :   0.400
Cascade candidate limit              :1000.000
Cascade activation functions[0]      :   FANN_SIGMOID
Cascade activation functions[1]      :   FANN_SIGMOID_SYMMETRIC
Cascade activation functions[2]      :   FANN_GAUSSIAN
Cascade activation functions[3]      :   FANN_GAUSSIAN_SYMMETRIC
Cascade activation functions[4]      :   FANN_ELLIOT
Cascade activation functions[5]      :   FANN_ELLIOT_SYMMETRIC
Cascade activation functions[6]      :   FANN_SIN_SYMMETRIC
Cascade activation functions[7]      :   FANN_COS_SYMMETRIC
Cascade activation functions[8]      :   FANN_SIN
Cascade activation functions[9]      :   FANN_COS
Cascade activation steepnesses[0]    :   0.250
Cascade activation steepnesses[1]    :   0.500
Cascade activation steepnesses[2]    :   0.750
Cascade activation steepnesses[3]    :   1.000
Cascade candidate groups             :   2
Cascade no. of candidates            :  80
Start training network with 2-algorithm in FANN
Max epochs     5000. Desired error: 0.0010000000.
Epochs            1. Current error: 0.0149788298. Bit fail 307.
Epochs          100. Current error: 0.0147341406. Bit fail 345.
Epochs          200. Current error: 0.0141134514. Bit fail 329.
Epochs          300. Current error: 0.0137387179. Bit fail 325.
Epochs          400. Current error: 0.0133102145. Bit fail 318.
Epochs          500. Current error: 0.0127352672. Bit fail 307.
Epochs          600. Current error: 0.0122919213. Bit fail 282.
Epochs          700. Current error: 0.0116784386. Bit fail 254.
Epochs          800. Current error: 0.0112083498. Bit fail 240.
Epochs          900. Current error: 0.0107708564. Bit fail 228.
Epochs         1000. Current error: 0.0104026133. Bit fail 216.
Epochs         1100. Current error: 0.0101352045. Bit fail 209.
Epochs         1200. Current error: 0.0099279117. Bit fail 207.
Epochs         1300. Current error: 0.0097387712. Bit fail 203.
Epochs         1400. Current error: 0.0094540277. Bit fail 192.
Epochs         1500. Current error: 0.0093368469. Bit fail 190.
Epochs         1600. Current error: 0.0092373947. Bit fail 179.
Epochs         1700. Current error: 0.0091639413. Bit fail 179.
Epochs         1800. Current error: 0.0090715289. Bit fail 177.
Epochs         1900. Current error: 0.0089909453. Bit fail 178.
Epochs         2000. Current error: 0.0089288699. Bit fail 173.
Epochs         2100. Current error: 0.0088645304. Bit fail 174.
Epochs         2200. Current error: 0.0087469975. Bit fail 173.
Epochs         2300. Current error: 0.0086482838. Bit fail 174.
Epochs         2400. Current error: 0.0085511822. Bit fail 173.
Epochs         2500. Current error: 0.0084491409. Bit fail 176.
Epochs         2600. Current error: 0.0083616823. Bit fail 174.
Epochs         2700. Current error: 0.0082891667. Bit fail 174.
Epochs         2800. Current error: 0.0082085431. Bit fail 167.
Epochs         2900. Current error: 0.0081890812. Bit fail 165.
Epochs         3000. Current error: 0.0081534190. Bit fail 164.
Epochs         3100. Current error: 0.0081101274. Bit fail 164.
Epochs         3200. Current error: 0.0079753445. Bit fail 161.
Epochs         3300. Current error: 0.0079325940. Bit fail 161.
Epochs         3400. Current error: 0.0078827599. Bit fail 159.
Epochs         3500. Current error: 0.0078269690. Bit fail 158.
Epochs         3600. Current error: 0.0077702217. Bit fail 158.
Epochs         3700. Current error: 0.0077101835. Bit fail 156.
Epochs         3800. Current error: 0.0076446156. Bit fail 156.
Epochs         3900. Current error: 0.0075748670. Bit fail 153.
Epochs         4000. Current error: 0.0075172340. Bit fail 151.
Epochs         4100. Current error: 0.0074779950. Bit fail 152.
Epochs         4200. Current error: 0.0074573336. Bit fail 155.
Epochs         4300. Current error: 0.0074318685. Bit fail 158.
Epochs         4400. Current error: 0.0073934016. Bit fail 160.
Epochs         4500. Current error: 0.0073613352. Bit fail 156.
Epochs         4600. Current error: 0.0073224790. Bit fail 153.
Epochs         4700. Current error: 0.0072804582. Bit fail 152.
Epochs         4800. Current error: 0.0072380519. Bit fail 152.
Epochs         4900. Current error: 0.0071978793. Bit fail 148.
Epochs         5000. Current error: 0.0071731773. Bit fail 146.
Time elpased for FANN training: 283.457749 seconds
Trained Network by GA+FANN is saved in 
./ALL_S6_959126400_hveto_channels_signif_dt_set_4_training_n70n10n1_c10_mr02_p50_g20_rmin-25_rmax25_gsigma1_y1001_z03333_f05g09_m5000.net.
Total Running Time: 318.761853 seconds
