Creating network.
The layer structure is following:
[70, 10, 1]
Setting newtork parameters
Getting training data : ALL_S6_959126400_hveto_channels_signif_dt_set_5_training.pat
Setting GA training parameters
Start running GA
Gen. 0 (0.00%): Max/Min/Avg Fitness(Raw) [28.68(53.12)/20.16(1.02)/23.90(23.90)]
Gen. 1 (5.00%): Max/Min/Avg Fitness(Raw) [44.54(56.18)/23.06(1.02)/37.11(37.11)]
Gen. 2 (10.00%): Max/Min/Avg Fitness(Raw) [32.92(60.15)/23.01(1.02)/27.44(27.44)]
Gen. 3 (15.00%): Max/Min/Avg Fitness(Raw) [61.19(60.84)/0.00(1.02)/45.55(45.55)]
Gen. 4 (20.00%): Max/Min/Avg Fitness(Raw) [52.91(61.49)/22.27(1.02)/44.09(44.09)]
Gen. 5 (25.00%): Max/Min/Avg Fitness(Raw) [48.38(61.85)/25.60(1.02)/40.32(40.32)]
Gen. 6 (30.00%): Max/Min/Avg Fitness(Raw) [62.23(61.85)/0.00(1.02)/45.25(45.25)]
Gen. 7 (35.00%): Max/Min/Avg Fitness(Raw) [63.86(63.54)/0.00(1.02)/48.59(48.59)]
Gen. 8 (40.00%): Max/Min/Avg Fitness(Raw) [64.02(63.72)/0.00(1.08)/49.76(49.76)]
Gen. 9 (45.00%): Max/Min/Avg Fitness(Raw) [65.12(64.75)/0.00(1.02)/47.60(47.60)]
Gen. 10 (50.00%): Max/Min/Avg Fitness(Raw) [65.26(64.95)/0.00(1.02)/50.28(50.28)]
Gen. 11 (55.00%): Max/Min/Avg Fitness(Raw) [65.83(65.51)/0.00(1.02)/49.97(49.97)]
Gen. 12 (60.00%): Max/Min/Avg Fitness(Raw) [66.77(66.42)/0.00(1.04)/49.77(49.77)]
Gen. 13 (65.00%): Max/Min/Avg Fitness(Raw) [56.77(66.44)/24.43(1.03)/47.31(47.31)]
Gen. 14 (70.00%): Max/Min/Avg Fitness(Raw) [67.04(66.67)/0.00(1.02)/49.07(49.07)]
Gen. 15 (75.00%): Max/Min/Avg Fitness(Raw) [55.78(67.58)/26.46(1.02)/46.48(46.48)]
Gen. 16 (80.00%): Max/Min/Avg Fitness(Raw) [54.70(67.58)/27.12(1.02)/45.58(45.58)]
Gen. 17 (85.00%): Max/Min/Avg Fitness(Raw) [57.21(68.13)/25.93(1.02)/47.68(47.68)]
Gen. 18 (90.00%): Max/Min/Avg Fitness(Raw) [57.78(68.14)/25.45(1.02)/48.15(48.15)]
Gen. 19 (95.00%): Max/Min/Avg Fitness(Raw) [58.96(68.46)/24.67(1.02)/49.13(49.13)]
Gen. 20 (100.00%): Max/Min/Avg Fitness(Raw) [68.86(68.46)/0.00(1.02)/49.53(49.53)]
Total time elapsed: 33.579 seconds.
GA MSE : 0.015483
Best initial connection wetighs are set on Network
Setting FANN training parameters
Input layer                          :  70 neurons, 1 bias
  Hidden layer                       :  10 neurons, 1 bias
Output layer                         :   1 neurons
Total neurons and biases             :  83
Total connections                    : 721
Connection rate                      :   1.000
Network type                         :   FANN_NETTYPE_LAYER
Training algorithm                   :   FANN_TRAIN_RPROP
Training error function              :   FANN_ERRORFUNC_TANH
Training stop function               :   FANN_STOPFUNC_MSE
Bit fail limit                       :   0.350
Learning rate                        :   0.700
Learning momentum                    :   0.000
Quickprop decay                      :  -0.000100
Quickprop mu                         :   1.750
RPROP increase factor                :   1.001
RPROP decrease factor                :   0.333
RPROP delta min                      :   0.000
RPROP delta max                      :  50.000
Cascade output change fraction       :   0.010000
Cascade candidate change fraction    :   0.010000
Cascade output stagnation epochs     :  12
Cascade candidate stagnation epochs  :  12
Cascade max output epochs            : 150
Cascade max candidate epochs         : 150
Cascade weight multiplier            :   0.400
Cascade candidate limit              :1000.000
Cascade activation functions[0]      :   FANN_SIGMOID
Cascade activation functions[1]      :   FANN_SIGMOID_SYMMETRIC
Cascade activation functions[2]      :   FANN_GAUSSIAN
Cascade activation functions[3]      :   FANN_GAUSSIAN_SYMMETRIC
Cascade activation functions[4]      :   FANN_ELLIOT
Cascade activation functions[5]      :   FANN_ELLIOT_SYMMETRIC
Cascade activation functions[6]      :   FANN_SIN_SYMMETRIC
Cascade activation functions[7]      :   FANN_COS_SYMMETRIC
Cascade activation functions[8]      :   FANN_SIN
Cascade activation functions[9]      :   FANN_COS
Cascade activation steepnesses[0]    :   0.250
Cascade activation steepnesses[1]    :   0.500
Cascade activation steepnesses[2]    :   0.750
Cascade activation steepnesses[3]    :   1.000
Cascade candidate groups             :   2
Cascade no. of candidates            :  80
Start training network with 2-algorithm in FANN
Max epochs     2000. Desired error: 0.0010000000.
Epochs            1. Current error: 0.0146075236. Bit fail 259.
Epochs          100. Current error: 0.0130020622. Bit fail 256.
Epochs          200. Current error: 0.0121801849. Bit fail 240.
Epochs          300. Current error: 0.0116016157. Bit fail 228.
Epochs          400. Current error: 0.0111064957. Bit fail 228.
Epochs          500. Current error: 0.0108718891. Bit fail 223.
Epochs          600. Current error: 0.0104733380. Bit fail 223.
Epochs          700. Current error: 0.0101674423. Bit fail 222.
Epochs          800. Current error: 0.0098428661. Bit fail 215.
Epochs          900. Current error: 0.0095614325. Bit fail 207.
Epochs         1000. Current error: 0.0093150577. Bit fail 191.
Epochs         1100. Current error: 0.0091423644. Bit fail 189.
Epochs         1200. Current error: 0.0089496020. Bit fail 188.
Epochs         1300. Current error: 0.0088026356. Bit fail 184.
Epochs         1400. Current error: 0.0086383140. Bit fail 181.
Epochs         1500. Current error: 0.0085405847. Bit fail 176.
Epochs         1600. Current error: 0.0085062664. Bit fail 174.
Epochs         1700. Current error: 0.0084601240. Bit fail 173.
Epochs         1800. Current error: 0.0084086442. Bit fail 174.
Epochs         1900. Current error: 0.0083345724. Bit fail 174.
Epochs         2000. Current error: 0.0081994664. Bit fail 174.
Time elpased for FANN training: 112.745529 seconds
Trained Network by GA+FANN is saved in 
./ALL_S6_959126400_hveto_channels_signif_dt_set_5_training_n70n10n1_c10_mr02_p50_g20_rmin-25_rmax25_gsigma10_y1001_z03333_f05g09_m2000.net.
Total Running Time: 146.738671 seconds
