Creating network.
The layer structure is following:
[70, 10, 1]
Setting newtork parameters
Getting training data : ALL_S6_959126400_hveto_channels_signif_dt_set_7_training.pat
Setting GA training parameters
Start running GA
Gen. 0 (0.00%): Max/Min/Avg Fitness(Raw) [23.11(53.21)/17.19(1.02)/19.26(19.26)]
Gen. 1 (5.00%): Max/Min/Avg Fitness(Raw) [63.92(55.83)/43.00(50.80)/53.27(53.27)]
Gen. 2 (10.00%): Max/Min/Avg Fitness(Raw) [66.58(57.56)/34.38(51.54)/55.49(55.49)]
Gen. 3 (15.00%): Max/Min/Avg Fitness(Raw) [67.66(58.52)/0.00(33.00)/57.72(56.38)]
Gen. 4 (20.00%): Max/Min/Avg Fitness(Raw) [69.54(59.45)/18.59(52.86)/57.95(57.95)]
Gen. 5 (25.00%): Max/Min/Avg Fitness(Raw) [70.03(59.73)/0.00(51.34)/58.39(58.36)]
Gen. 6 (30.00%): Max/Min/Avg Fitness(Raw) [69.71(60.60)/0.00(22.86)/60.18(58.09)]
Gen. 7 (35.00%): Max/Min/Avg Fitness(Raw) [71.50(61.85)/0.00(47.89)/59.61(59.58)]
Gen. 8 (40.00%): Max/Min/Avg Fitness(Raw) [72.74(62.13)/0.00(31.99)/64.01(60.62)]
Gen. 9 (45.00%): Max/Min/Avg Fitness(Raw) [73.42(62.25)/0.00(55.42)/61.29(61.19)]
Gen. 10 (50.00%): Max/Min/Avg Fitness(Raw) [72.86(62.68)/0.00(38.49)/62.26(60.72)]
Gen. 11 (55.00%): Max/Min/Avg Fitness(Raw) [72.83(63.10)/0.00(45.37)/61.02(60.69)]
Gen. 12 (60.00%): Max/Min/Avg Fitness(Raw) [73.26(63.14)/0.00(34.25)/62.97(61.05)]
Gen. 13 (65.00%): Max/Min/Avg Fitness(Raw) [73.62(63.41)/0.00(31.11)/63.73(61.35)]
Gen. 14 (70.00%): Max/Min/Avg Fitness(Raw) [74.42(63.51)/4.86(55.13)/62.01(62.01)]
Gen. 15 (75.00%): Max/Min/Avg Fitness(Raw) [73.31(63.60)/0.00(35.57)/62.35(61.09)]
Gen. 16 (80.00%): Max/Min/Avg Fitness(Raw) [73.10(63.63)/0.00(39.07)/62.05(60.92)]
Gen. 17 (85.00%): Max/Min/Avg Fitness(Raw) [73.49(63.68)/0.00(39.81)/62.18(61.24)]
Gen. 18 (90.00%): Max/Min/Avg Fitness(Raw) [73.07(63.69)/0.00(37.79)/61.96(60.89)]
Gen. 19 (95.00%): Max/Min/Avg Fitness(Raw) [73.62(63.70)/0.00(36.26)/63.49(61.35)]
Gen. 20 (100.00%): Max/Min/Avg Fitness(Raw) [64.96(63.74)/0.00(17.79)/60.77(60.77)]
Total time elapsed: 32.781 seconds.
GA MSE : 0.020346
Best initial connection wetighs are set on Network
Setting FANN training parameters
Input layer                          :  70 neurons, 1 bias
  Hidden layer                       :  10 neurons, 1 bias
Output layer                         :   1 neurons
Total neurons and biases             :  83
Total connections                    : 721
Connection rate                      :   1.000
Network type                         :   FANN_NETTYPE_LAYER
Training algorithm                   :   FANN_TRAIN_RPROP
Training error function              :   FANN_ERRORFUNC_TANH
Training stop function               :   FANN_STOPFUNC_MSE
Bit fail limit                       :   0.350
Learning rate                        :   0.700
Learning momentum                    :   0.000
Quickprop decay                      :  -0.000100
Quickprop mu                         :   1.750
RPROP increase factor                :   1.001
RPROP decrease factor                :   0.333
RPROP delta min                      :   0.000
RPROP delta max                      :  50.000
Cascade output change fraction       :   0.010000
Cascade candidate change fraction    :   0.010000
Cascade output stagnation epochs     :  12
Cascade candidate stagnation epochs  :  12
Cascade max output epochs            : 150
Cascade max candidate epochs         : 150
Cascade weight multiplier            :   0.400
Cascade candidate limit              :1000.000
Cascade activation functions[0]      :   FANN_SIGMOID
Cascade activation functions[1]      :   FANN_SIGMOID_SYMMETRIC
Cascade activation functions[2]      :   FANN_GAUSSIAN
Cascade activation functions[3]      :   FANN_GAUSSIAN_SYMMETRIC
Cascade activation functions[4]      :   FANN_ELLIOT
Cascade activation functions[5]      :   FANN_ELLIOT_SYMMETRIC
Cascade activation functions[6]      :   FANN_SIN_SYMMETRIC
Cascade activation functions[7]      :   FANN_COS_SYMMETRIC
Cascade activation functions[8]      :   FANN_SIN
Cascade activation functions[9]      :   FANN_COS
Cascade activation steepnesses[0]    :   0.250
Cascade activation steepnesses[1]    :   0.500
Cascade activation steepnesses[2]    :   0.750
Cascade activation steepnesses[3]    :   1.000
Cascade candidate groups             :   2
Cascade no. of candidates            :  80
Start training network with 2-algorithm in FANN
Max epochs     5000. Desired error: 0.0010000000.
Epochs            1. Current error: 0.0156897474. Bit fail 289.
Epochs          100. Current error: 0.0157718956. Bit fail 320.
Epochs          200. Current error: 0.0149952713. Bit fail 316.
Epochs          300. Current error: 0.0140482718. Bit fail 294.
Epochs          400. Current error: 0.0130403023. Bit fail 273.
Epochs          500. Current error: 0.0125818150. Bit fail 250.
Epochs          600. Current error: 0.0123339044. Bit fail 246.
Epochs          700. Current error: 0.0120863235. Bit fail 243.
Epochs          800. Current error: 0.0118356375. Bit fail 243.
Epochs          900. Current error: 0.0115008950. Bit fail 231.
Epochs         1000. Current error: 0.0111954315. Bit fail 228.
Epochs         1100. Current error: 0.0108885020. Bit fail 226.
Epochs         1200. Current error: 0.0105881384. Bit fail 223.
Epochs         1300. Current error: 0.0102775265. Bit fail 215.
Epochs         1400. Current error: 0.0100768479. Bit fail 207.
Epochs         1500. Current error: 0.0099264402. Bit fail 205.
Epochs         1600. Current error: 0.0097805141. Bit fail 201.
Epochs         1700. Current error: 0.0095842313. Bit fail 195.
Epochs         1800. Current error: 0.0094093382. Bit fail 189.
Epochs         1900. Current error: 0.0091922758. Bit fail 187.
Epochs         2000. Current error: 0.0089990487. Bit fail 181.
Epochs         2100. Current error: 0.0088758683. Bit fail 178.
Epochs         2200. Current error: 0.0087083885. Bit fail 174.
Epochs         2300. Current error: 0.0086317249. Bit fail 175.
Epochs         2400. Current error: 0.0085704420. Bit fail 177.
Epochs         2500. Current error: 0.0084792990. Bit fail 176.
Epochs         2600. Current error: 0.0084066968. Bit fail 180.
Epochs         2700. Current error: 0.0082787210. Bit fail 181.
Epochs         2800. Current error: 0.0081753368. Bit fail 178.
Epochs         2900. Current error: 0.0081526386. Bit fail 176.
Epochs         3000. Current error: 0.0081236605. Bit fail 173.
Epochs         3100. Current error: 0.0080948928. Bit fail 172.
Epochs         3200. Current error: 0.0080621047. Bit fail 172.
Epochs         3300. Current error: 0.0080326274. Bit fail 171.
Epochs         3400. Current error: 0.0079691280. Bit fail 171.
Epochs         3500. Current error: 0.0079167839. Bit fail 167.
Epochs         3600. Current error: 0.0078772483. Bit fail 168.
Epochs         3700. Current error: 0.0078343721. Bit fail 164.
Epochs         3800. Current error: 0.0077883508. Bit fail 163.
Epochs         3900. Current error: 0.0077251731. Bit fail 161.
Epochs         4000. Current error: 0.0076773446. Bit fail 157.
Epochs         4100. Current error: 0.0076115038. Bit fail 154.
Epochs         4200. Current error: 0.0075567630. Bit fail 154.
Epochs         4300. Current error: 0.0075257495. Bit fail 149.
Epochs         4400. Current error: 0.0074902461. Bit fail 148.
Epochs         4500. Current error: 0.0074532339. Bit fail 148.
Epochs         4600. Current error: 0.0073975157. Bit fail 147.
Epochs         4700. Current error: 0.0072615216. Bit fail 143.
Epochs         4800. Current error: 0.0072411271. Bit fail 143.
Epochs         4900. Current error: 0.0072153830. Bit fail 143.
Epochs         5000. Current error: 0.0071704108. Bit fail 142.
Time elpased for FANN training: 281.881144 seconds
Trained Network by GA+FANN is saved in 
./ALL_S6_959126400_hveto_channels_signif_dt_set_7_training_n70n10n1_c10_mr02_p50_g20_rmin-25_rmax25_gsigma1_y1001_z03333_f05g09_m5000.net.
Total Running Time: 315.069233 seconds
