Creating network.
The layer structure is following:
[70, 10, 1]
Setting newtork parameters
Getting training data : ALL_S6_959126400_hveto_channels_signif_dt_set_1_training.pat
Setting GA training parameters
Start running GA
Gen. 0 (0.00%): Max/Min/Avg Fitness(Raw) [22.90(52.67)/17.03(1.02)/19.08(19.08)]
Gen. 1 (5.00%): Max/Min/Avg Fitness(Raw) [46.62(53.83)/19.23(1.02)/38.85(38.85)]
Gen. 2 (10.00%): Max/Min/Avg Fitness(Raw) [46.04(55.16)/21.31(1.02)/38.37(38.37)]
Gen. 3 (15.00%): Max/Min/Avg Fitness(Raw) [52.27(60.37)/21.51(1.02)/43.56(43.56)]
Gen. 4 (20.00%): Max/Min/Avg Fitness(Raw) [62.01(61.64)/0.00(1.02)/45.41(45.41)]
Gen. 5 (25.00%): Max/Min/Avg Fitness(Raw) [48.35(61.82)/25.59(1.02)/40.29(40.29)]
Gen. 6 (30.00%): Max/Min/Avg Fitness(Raw) [52.05(62.49)/24.15(1.02)/43.38(43.38)]
Gen. 7 (35.00%): Max/Min/Avg Fitness(Raw) [62.99(62.82)/0.00(1.05)/54.45(54.45)]
Gen. 8 (40.00%): Max/Min/Avg Fitness(Raw) [63.74(63.44)/0.00(1.02)/49.23(49.23)]
Gen. 9 (45.00%): Max/Min/Avg Fitness(Raw) [67.48(67.08)/0.00(1.02)/48.33(48.33)]
Gen. 10 (50.00%): Max/Min/Avg Fitness(Raw) [68.17(67.78)/0.00(1.02)/49.55(49.55)]
Gen. 11 (55.00%): Max/Min/Avg Fitness(Raw) [58.96(68.37)/24.56(1.02)/49.14(49.14)]
Gen. 12 (60.00%): Max/Min/Avg Fitness(Raw) [56.14(69.41)/27.86(1.02)/46.78(46.78)]
Gen. 13 (65.00%): Max/Min/Avg Fitness(Raw) [71.11(70.75)/0.00(1.02)/52.43(52.43)]
Gen. 14 (70.00%): Max/Min/Avg Fitness(Raw) [57.54(71.19)/28.58(1.02)/47.95(47.95)]
Gen. 15 (75.00%): Max/Min/Avg Fitness(Raw) [53.70(71.55)/30.14(1.02)/44.75(44.75)]
Gen. 16 (80.00%): Max/Min/Avg Fitness(Raw) [73.82(73.54)/0.00(1.02)/58.02(58.02)]
Gen. 17 (85.00%): Max/Min/Avg Fitness(Raw) [75.79(75.42)/0.00(1.02)/55.60(55.60)]
Gen. 18 (90.00%): Max/Min/Avg Fitness(Raw) [76.81(76.45)/0.00(1.02)/56.62(56.62)]
Gen. 19 (95.00%): Max/Min/Avg Fitness(Raw) [60.53(76.72)/31.47(1.02)/50.44(50.44)]
Gen. 20 (100.00%): Max/Min/Avg Fitness(Raw) [56.09(77.36)/32.78(1.02)/46.74(46.74)]
Total time elapsed: 33.330 seconds.
GA MSE : 0.012954
Best initial connection wetighs are set on Network
Setting FANN training parameters
Input layer                          :  70 neurons, 1 bias
  Hidden layer                       :  10 neurons, 1 bias
Output layer                         :   1 neurons
Total neurons and biases             :  83
Total connections                    : 721
Connection rate                      :   1.000
Network type                         :   FANN_NETTYPE_LAYER
Training algorithm                   :   FANN_TRAIN_RPROP
Training error function              :   FANN_ERRORFUNC_TANH
Training stop function               :   FANN_STOPFUNC_MSE
Bit fail limit                       :   0.350
Learning rate                        :   0.700
Learning momentum                    :   0.000
Quickprop decay                      :  -0.000100
Quickprop mu                         :   1.750
RPROP increase factor                :   1.001
RPROP decrease factor                :   0.500
RPROP delta min                      :   0.000
RPROP delta max                      :  50.000
Cascade output change fraction       :   0.010000
Cascade candidate change fraction    :   0.010000
Cascade output stagnation epochs     :  12
Cascade candidate stagnation epochs  :  12
Cascade max output epochs            : 150
Cascade max candidate epochs         : 150
Cascade weight multiplier            :   0.400
Cascade candidate limit              :1000.000
Cascade activation functions[0]      :   FANN_SIGMOID
Cascade activation functions[1]      :   FANN_SIGMOID_SYMMETRIC
Cascade activation functions[2]      :   FANN_GAUSSIAN
Cascade activation functions[3]      :   FANN_GAUSSIAN_SYMMETRIC
Cascade activation functions[4]      :   FANN_ELLIOT
Cascade activation functions[5]      :   FANN_ELLIOT_SYMMETRIC
Cascade activation functions[6]      :   FANN_SIN_SYMMETRIC
Cascade activation functions[7]      :   FANN_COS_SYMMETRIC
Cascade activation functions[8]      :   FANN_SIN
Cascade activation functions[9]      :   FANN_COS
Cascade activation steepnesses[0]    :   0.250
Cascade activation steepnesses[1]    :   0.500
Cascade activation steepnesses[2]    :   0.750
Cascade activation steepnesses[3]    :   1.000
Cascade candidate groups             :   2
Cascade no. of candidates            :  80
Start training network with 2-algorithm in FANN
Max epochs     2000. Desired error: 0.0010000000.
Epochs            1. Current error: 0.0129269520. Bit fail 248.
Epochs          100. Current error: 0.0120467022. Bit fail 227.
Epochs          200. Current error: 0.0119713806. Bit fail 225.
Epochs          300. Current error: 0.0114968680. Bit fail 227.
Epochs          400. Current error: 0.0112097031. Bit fail 249.
Epochs          500. Current error: 0.0107715512. Bit fail 241.
Epochs          600. Current error: 0.0104762493. Bit fail 238.
Epochs          700. Current error: 0.0102730887. Bit fail 234.
Epochs          800. Current error: 0.0102026165. Bit fail 233.
Epochs          900. Current error: 0.0100754406. Bit fail 236.
Epochs         1000. Current error: 0.0099531393. Bit fail 234.
Epochs         1100. Current error: 0.0097884797. Bit fail 235.
Epochs         1200. Current error: 0.0096024331. Bit fail 232.
Epochs         1300. Current error: 0.0094205830. Bit fail 229.
Epochs         1400. Current error: 0.0092204781. Bit fail 225.
Epochs         1500. Current error: 0.0089869313. Bit fail 218.
Epochs         1600. Current error: 0.0087984912. Bit fail 215.
Epochs         1700. Current error: 0.0085808318. Bit fail 217.
Epochs         1800. Current error: 0.0083869714. Bit fail 209.
Epochs         1900. Current error: 0.0082647763. Bit fail 205.
Epochs         2000. Current error: 0.0081066517. Bit fail 196.
Time elpased for FANN training: 111.797799 seconds
Trained Network by GA+FANN is saved in 
./ALL_S6_959126400_hveto_channels_signif_dt_set_1_training_n70n10n1_c10_mr02_p50_g20_rmin-25_rmax25_gsigma10_y1001_z05_f05g09_m2000.net.
Total Running Time: 145.539074 seconds
