Creating network.
The layer structure is following:
[70, 10, 1]
Setting newtork parameters
Getting training data : ALL_S6_959126400_hveto_channels_signif_dt_set_4_training.pat
Setting GA training parameters
Start running GA
Gen. 0 (0.00%): Max/Min/Avg Fitness(Raw) [19.44(49.03)/14.70(1.02)/16.20(16.20)]
Gen. 1 (5.00%): Max/Min/Avg Fitness(Raw) [55.81(55.58)/0.00(1.02)/45.45(45.45)]
Gen. 2 (10.00%): Max/Min/Avg Fitness(Raw) [56.79(56.47)/0.00(1.02)/43.09(43.09)]
Gen. 3 (15.00%): Max/Min/Avg Fitness(Raw) [43.40(61.90)/26.29(1.02)/36.16(36.16)]
Gen. 4 (20.00%): Max/Min/Avg Fitness(Raw) [51.19(62.30)/24.58(1.02)/42.66(42.66)]
Gen. 5 (25.00%): Max/Min/Avg Fitness(Raw) [63.89(63.52)/0.00(1.02)/46.98(46.98)]
Gen. 6 (30.00%): Max/Min/Avg Fitness(Raw) [39.68(64.91)/26.41(1.02)/33.06(33.06)]
Gen. 7 (35.00%): Max/Min/Avg Fitness(Raw) [49.02(65.34)/27.56(1.02)/40.85(40.85)]
Gen. 8 (40.00%): Max/Min/Avg Fitness(Raw) [53.35(65.97)/26.51(1.02)/44.46(44.46)]
Gen. 9 (45.00%): Max/Min/Avg Fitness(Raw) [52.70(68.70)/28.71(1.02)/43.92(43.92)]
Gen. 10 (50.00%): Max/Min/Avg Fitness(Raw) [50.57(69.73)/29.58(1.02)/42.14(42.14)]
Gen. 11 (55.00%): Max/Min/Avg Fitness(Raw) [50.75(70.59)/29.96(1.02)/42.29(42.29)]
Gen. 12 (60.00%): Max/Min/Avg Fitness(Raw) [51.82(71.83)/30.47(1.02)/43.18(43.18)]
Gen. 13 (65.00%): Max/Min/Avg Fitness(Raw) [53.83(72.92)/30.84(1.02)/44.86(44.86)]
Gen. 14 (70.00%): Max/Min/Avg Fitness(Raw) [51.61(74.06)/31.38(1.02)/43.01(43.01)]
Gen. 15 (75.00%): Max/Min/Avg Fitness(Raw) [45.88(74.60)/30.41(1.02)/38.23(38.23)]
Gen. 16 (80.00%): Max/Min/Avg Fitness(Raw) [54.58(75.00)/31.78(1.02)/45.49(45.49)]
Gen. 17 (85.00%): Max/Min/Avg Fitness(Raw) [51.41(75.81)/31.97(1.02)/42.84(42.84)]
Gen. 18 (90.00%): Max/Min/Avg Fitness(Raw) [49.98(76.15)/31.84(1.02)/41.65(41.65)]
Gen. 19 (95.00%): Max/Min/Avg Fitness(Raw) [56.35(77.32)/32.75(1.02)/46.96(46.96)]
Gen. 20 (100.00%): Max/Min/Avg Fitness(Raw) [52.92(80.01)/33.52(1.02)/44.10(44.10)]
Total time elapsed: 33.733 seconds.
GA MSE : 0.019252
Best initial connection wetighs are set on Network
Setting FANN training parameters
Input layer                          :  70 neurons, 1 bias
  Hidden layer                       :  10 neurons, 1 bias
Output layer                         :   1 neurons
Total neurons and biases             :  83
Total connections                    : 721
Connection rate                      :   1.000
Network type                         :   FANN_NETTYPE_LAYER
Training algorithm                   :   FANN_TRAIN_RPROP
Training error function              :   FANN_ERRORFUNC_TANH
Training stop function               :   FANN_STOPFUNC_MSE
Bit fail limit                       :   0.350
Learning rate                        :   0.700
Learning momentum                    :   0.000
Quickprop decay                      :  -0.000100
Quickprop mu                         :   1.750
RPROP increase factor                :   1.001
RPROP decrease factor                :   0.333
RPROP delta min                      :   0.000
RPROP delta max                      :  50.000
Cascade output change fraction       :   0.010000
Cascade candidate change fraction    :   0.010000
Cascade output stagnation epochs     :  12
Cascade candidate stagnation epochs  :  12
Cascade max output epochs            : 150
Cascade max candidate epochs         : 150
Cascade weight multiplier            :   0.400
Cascade candidate limit              :1000.000
Cascade activation functions[0]      :   FANN_SIGMOID
Cascade activation functions[1]      :   FANN_SIGMOID_SYMMETRIC
Cascade activation functions[2]      :   FANN_GAUSSIAN
Cascade activation functions[3]      :   FANN_GAUSSIAN_SYMMETRIC
Cascade activation functions[4]      :   FANN_ELLIOT
Cascade activation functions[5]      :   FANN_ELLIOT_SYMMETRIC
Cascade activation functions[6]      :   FANN_SIN_SYMMETRIC
Cascade activation functions[7]      :   FANN_COS_SYMMETRIC
Cascade activation functions[8]      :   FANN_SIN
Cascade activation functions[9]      :   FANN_COS
Cascade activation steepnesses[0]    :   0.250
Cascade activation steepnesses[1]    :   0.500
Cascade activation steepnesses[2]    :   0.750
Cascade activation steepnesses[3]    :   1.000
Cascade candidate groups             :   2
Cascade no. of candidates            :  80
Start training network with 2-algorithm in FANN
Max epochs     2000. Desired error: 0.0010000000.
Epochs            1. Current error: 0.0124990875. Bit fail 236.
Epochs          100. Current error: 0.0108491154. Bit fail 213.
Epochs          200. Current error: 0.0103080878. Bit fail 212.
Epochs          300. Current error: 0.0099808946. Bit fail 212.
Epochs          400. Current error: 0.0095330225. Bit fail 213.
Epochs          500. Current error: 0.0091789309. Bit fail 196.
Epochs          600. Current error: 0.0089968899. Bit fail 193.
Epochs          700. Current error: 0.0088485163. Bit fail 188.
Epochs          800. Current error: 0.0087101068. Bit fail 189.
Epochs          900. Current error: 0.0085652387. Bit fail 187.
Epochs         1000. Current error: 0.0084458161. Bit fail 186.
Epochs         1100. Current error: 0.0083593158. Bit fail 190.
Epochs         1200. Current error: 0.0082697310. Bit fail 187.
Epochs         1300. Current error: 0.0081792530. Bit fail 186.
Epochs         1400. Current error: 0.0080275852. Bit fail 182.
Epochs         1500. Current error: 0.0079166871. Bit fail 179.
Epochs         1600. Current error: 0.0078315446. Bit fail 172.
Epochs         1700. Current error: 0.0077679749. Bit fail 170.
Epochs         1800. Current error: 0.0076930802. Bit fail 167.
Epochs         1900. Current error: 0.0075760419. Bit fail 167.
Epochs         2000. Current error: 0.0074777473. Bit fail 163.
Time elpased for FANN training: 114.816326 seconds
Trained Network by GA+FANN is saved in 
./ALL_S6_959126400_hveto_channels_signif_dt_set_4_training_n70n10n1_c10_mr02_p50_g20_rmin-25_rmax25_gsigma10_y1001_z03333_f05g09_m2000.net.
Total Running Time: 148.977286 seconds
