Creating network.
The layer structure is following:
[70, 10, 1]
Setting newtork parameters
Getting training data : ALL_S6_959126400_hveto_channels_signif_dt_set_4_training.pat
Setting GA training parameters
Start running GA
Gen. 0 (0.00%): Max/Min/Avg Fitness(Raw) [28.16(47.81)/19.14(1.02)/23.46(23.46)]
Gen. 1 (5.00%): Max/Min/Avg Fitness(Raw) [57.24(48.35)/12.60(45.29)/47.70(47.70)]
Gen. 2 (10.00%): Max/Min/Avg Fitness(Raw) [57.06(48.53)/0.00(30.28)/51.00(47.55)]
Gen. 3 (15.00%): Max/Min/Avg Fitness(Raw) [48.95(48.90)/0.00(1.61)/47.40(47.40)]
Gen. 4 (20.00%): Max/Min/Avg Fitness(Raw) [58.37(49.27)/6.89(45.98)/48.64(48.64)]
Gen. 5 (25.00%): Max/Min/Avg Fitness(Raw) [58.85(50.55)/13.96(43.65)/49.04(49.04)]
Gen. 6 (30.00%): Max/Min/Avg Fitness(Raw) [60.53(52.12)/37.74(48.34)/50.45(50.45)]
Gen. 7 (35.00%): Max/Min/Avg Fitness(Raw) [60.32(53.24)/0.00(15.69)/51.92(50.27)]
Gen. 8 (40.00%): Max/Min/Avg Fitness(Raw) [63.21(54.15)/11.27(46.88)/52.67(52.67)]
Gen. 9 (45.00%): Max/Min/Avg Fitness(Raw) [63.40(54.92)/0.00(36.22)/53.88(52.83)]
Gen. 10 (50.00%): Max/Min/Avg Fitness(Raw) [65.41(55.22)/5.53(51.34)/54.51(54.51)]
Gen. 11 (55.00%): Max/Min/Avg Fitness(Raw) [64.82(55.62)/0.00(20.97)/57.37(54.01)]
Gen. 12 (60.00%): Max/Min/Avg Fitness(Raw) [65.21(55.80)/0.00(40.61)/56.08(54.34)]
Gen. 13 (65.00%): Max/Min/Avg Fitness(Raw) [65.85(55.99)/0.00(45.99)/56.05(54.88)]
Gen. 14 (70.00%): Max/Min/Avg Fitness(Raw) [65.84(56.22)/0.00(39.95)/56.18(54.86)]
Gen. 15 (75.00%): Max/Min/Avg Fitness(Raw) [66.25(56.54)/17.06(50.60)/55.21(55.21)]
Gen. 16 (80.00%): Max/Min/Avg Fitness(Raw) [66.53(57.19)/0.00(29.09)/57.68(55.44)]
Gen. 17 (85.00%): Max/Min/Avg Fitness(Raw) [68.16(57.74)/32.05(54.76)/56.80(56.80)]
Gen. 18 (90.00%): Max/Min/Avg Fitness(Raw) [67.83(58.14)/0.00(47.58)/56.65(56.53)]
Gen. 19 (95.00%): Max/Min/Avg Fitness(Raw) [67.99(58.78)/0.00(34.61)/58.00(56.65)]
Gen. 20 (100.00%): Max/Min/Avg Fitness(Raw) [60.70(59.63)/0.00(15.96)/56.89(56.89)]
Total time elapsed: 33.522 seconds.
GA MSE : 0.017182
Best initial connection wetighs are set on Network
Setting FANN training parameters
Input layer                          :  70 neurons, 1 bias
  Hidden layer                       :  10 neurons, 1 bias
Output layer                         :   1 neurons
Total neurons and biases             :  83
Total connections                    : 721
Connection rate                      :   1.000
Network type                         :   FANN_NETTYPE_LAYER
Training algorithm                   :   FANN_TRAIN_RPROP
Training error function              :   FANN_ERRORFUNC_TANH
Training stop function               :   FANN_STOPFUNC_MSE
Bit fail limit                       :   0.350
Learning rate                        :   0.700
Learning momentum                    :   0.000
Quickprop decay                      :  -0.000100
Quickprop mu                         :   1.750
RPROP increase factor                :   1.001
RPROP decrease factor                :   0.500
RPROP delta min                      :   0.000
RPROP delta max                      :  50.000
Cascade output change fraction       :   0.010000
Cascade candidate change fraction    :   0.010000
Cascade output stagnation epochs     :  12
Cascade candidate stagnation epochs  :  12
Cascade max output epochs            : 150
Cascade max candidate epochs         : 150
Cascade weight multiplier            :   0.400
Cascade candidate limit              :1000.000
Cascade activation functions[0]      :   FANN_SIGMOID
Cascade activation functions[1]      :   FANN_SIGMOID_SYMMETRIC
Cascade activation functions[2]      :   FANN_GAUSSIAN
Cascade activation functions[3]      :   FANN_GAUSSIAN_SYMMETRIC
Cascade activation functions[4]      :   FANN_ELLIOT
Cascade activation functions[5]      :   FANN_ELLIOT_SYMMETRIC
Cascade activation functions[6]      :   FANN_SIN_SYMMETRIC
Cascade activation functions[7]      :   FANN_COS_SYMMETRIC
Cascade activation functions[8]      :   FANN_SIN
Cascade activation functions[9]      :   FANN_COS
Cascade activation steepnesses[0]    :   0.250
Cascade activation steepnesses[1]    :   0.500
Cascade activation steepnesses[2]    :   0.750
Cascade activation steepnesses[3]    :   1.000
Cascade candidate groups             :   2
Cascade no. of candidates            :  80
Start training network with 2-algorithm in FANN
Max epochs     2000. Desired error: 0.0010000000.
Epochs            1. Current error: 0.0167697463. Bit fail 303.
Epochs          100. Current error: 0.0157899708. Bit fail 290.
Epochs          200. Current error: 0.0150201069. Bit fail 274.
Epochs          300. Current error: 0.0144321676. Bit fail 266.
Epochs          400. Current error: 0.0138883516. Bit fail 263.
Epochs          500. Current error: 0.0134377331. Bit fail 255.
Epochs          600. Current error: 0.0129053220. Bit fail 241.
Epochs          700. Current error: 0.0123919155. Bit fail 232.
Epochs          800. Current error: 0.0120261395. Bit fail 225.
Epochs          900. Current error: 0.0116931265. Bit fail 221.
Epochs         1000. Current error: 0.0114300409. Bit fail 220.
Epochs         1100. Current error: 0.0112813255. Bit fail 216.
Epochs         1200. Current error: 0.0111504644. Bit fail 218.
Epochs         1300. Current error: 0.0109815150. Bit fail 216.
Epochs         1400. Current error: 0.0107494025. Bit fail 218.
Epochs         1500. Current error: 0.0105435615. Bit fail 222.
Epochs         1600. Current error: 0.0102548664. Bit fail 215.
Epochs         1700. Current error: 0.0099668996. Bit fail 208.
Epochs         1800. Current error: 0.0097418176. Bit fail 201.
Epochs         1900. Current error: 0.0095529240. Bit fail 197.
Epochs         2000. Current error: 0.0094937589. Bit fail 199.
Time elpased for FANN training: 111.885611 seconds
Trained Network by GA+FANN is saved in 
./ALL_S6_959126400_hveto_channels_signif_dt_set_4_training_n70n10n1_c10_mr02_p50_g20_rmin-25_rmax25_gsigma1_y1001_z05_f05g09_m2000.net.
Total Running Time: 145.948160 seconds
