Creating network.
The layer structure is following:
[70, 100, 1]
Setting newtork parameters
Getting training data : ALL_S6_959126400_hveto_channels_signif_dt_set_7_training.pat
Setting GA training parameters
Start running GA
Gen. 0 (0.00%): Max/Min/Avg Fitness(Raw) [21.86(50.84)/16.30(1.02)/18.22(18.22)]
Gen. 1 (5.00%): Max/Min/Avg Fitness(Raw) [40.40(52.95)/22.27(1.02)/33.67(33.67)]
Gen. 2 (10.00%): Max/Min/Avg Fitness(Raw) [37.58(52.95)/22.54(1.02)/31.31(31.31)]
Gen. 3 (15.00%): Max/Min/Avg Fitness(Raw) [37.52(53.45)/22.74(1.02)/31.27(31.27)]
Gen. 4 (20.00%): Max/Min/Avg Fitness(Raw) [33.83(53.64)/22.17(1.02)/28.19(28.19)]
Gen. 5 (25.00%): Max/Min/Avg Fitness(Raw) [39.01(53.64)/22.82(1.02)/32.51(32.51)]
Gen. 6 (30.00%): Max/Min/Avg Fitness(Raw) [38.98(53.64)/22.82(1.02)/32.48(32.48)]
Gen. 7 (35.00%): Max/Min/Avg Fitness(Raw) [41.99(54.55)/22.84(1.02)/34.99(34.99)]
Gen. 8 (40.00%): Max/Min/Avg Fitness(Raw) [43.46(56.81)/23.84(1.02)/36.22(36.22)]
Gen. 9 (45.00%): Max/Min/Avg Fitness(Raw) [45.20(56.81)/23.25(1.02)/37.66(37.66)]
Gen. 10 (50.00%): Max/Min/Avg Fitness(Raw) [39.64(58.65)/24.78(1.02)/33.03(33.03)]
Gen. 11 (55.00%): Max/Min/Avg Fitness(Raw) [37.76(60.05)/24.76(1.02)/31.47(31.47)]
Gen. 12 (60.00%): Max/Min/Avg Fitness(Raw) [38.82(67.63)/26.61(1.02)/32.35(32.35)]
Gen. 13 (65.00%): Max/Min/Avg Fitness(Raw) [40.18(69.26)/27.41(1.02)/33.49(33.49)]
Gen. 14 (70.00%): Max/Min/Avg Fitness(Raw) [53.94(70.02)/29.20(1.02)/44.95(44.95)]
Gen. 15 (75.00%): Max/Min/Avg Fitness(Raw) [43.83(70.91)/28.98(1.02)/36.53(36.53)]
Gen. 16 (80.00%): Max/Min/Avg Fitness(Raw) [52.23(70.91)/30.02(1.02)/43.53(43.53)]
Gen. 17 (85.00%): Max/Min/Avg Fitness(Raw) [43.97(72.11)/29.28(1.02)/36.65(36.65)]
Gen. 18 (90.00%): Max/Min/Avg Fitness(Raw) [48.90(78.06)/32.07(1.02)/40.75(40.75)]
Gen. 19 (95.00%): Max/Min/Avg Fitness(Raw) [40.92(78.06)/28.97(1.02)/34.10(34.10)]
Gen. 20 (100.00%): Max/Min/Avg Fitness(Raw) [52.46(78.06)/32.85(1.02)/43.72(43.72)]
Total time elapsed: 364.461 seconds.
GA MSE : 0.013184
Best initial connection wetighs are set on Network
Setting FANN training parameters
Input layer                          :  70 neurons, 1 bias
  Hidden layer                       : 100 neurons, 1 bias
Output layer                         :   1 neurons
Total neurons and biases             : 173
Total connections                    :3701
Connection rate                      :   0.500
Network type                         :   FANN_NETTYPE_LAYER
Training algorithm                   :   FANN_TRAIN_RPROP
Training error function              :   FANN_ERRORFUNC_TANH
Training stop function               :   FANN_STOPFUNC_MSE
Bit fail limit                       :   0.350
Learning rate                        :   0.700
Learning momentum                    :   0.000
Quickprop decay                      :  -0.000100
Quickprop mu                         :   1.750
RPROP increase factor                :   1.001
RPROP decrease factor                :   0.333
RPROP delta min                      :   0.000
RPROP delta max                      :  50.000
Cascade output change fraction       :   0.010000
Cascade candidate change fraction    :   0.010000
Cascade output stagnation epochs     :  12
Cascade candidate stagnation epochs  :  12
Cascade max output epochs            : 150
Cascade max candidate epochs         : 150
Cascade weight multiplier            :   0.400
Cascade candidate limit              :1000.000
Cascade activation functions[0]      :   FANN_SIGMOID
Cascade activation functions[1]      :   FANN_SIGMOID_SYMMETRIC
Cascade activation functions[2]      :   FANN_GAUSSIAN
Cascade activation functions[3]      :   FANN_GAUSSIAN_SYMMETRIC
Cascade activation functions[4]      :   FANN_ELLIOT
Cascade activation functions[5]      :   FANN_ELLIOT_SYMMETRIC
Cascade activation functions[6]      :   FANN_SIN_SYMMETRIC
Cascade activation functions[7]      :   FANN_COS_SYMMETRIC
Cascade activation functions[8]      :   FANN_SIN
Cascade activation functions[9]      :   FANN_COS
Cascade activation steepnesses[0]    :   0.250
Cascade activation steepnesses[1]    :   0.500
Cascade activation steepnesses[2]    :   0.750
Cascade activation steepnesses[3]    :   1.000
Cascade candidate groups             :   2
Cascade no. of candidates            :  80
Start training network with 2-algorithm in FANN
Max epochs     4000. Desired error: 0.0010000000.
Epochs            1. Current error: 0.0128112081. Bit fail 228.
Epochs          100. Current error: 0.0125049008. Bit fail 245.
Epochs          200. Current error: 0.0115782348. Bit fail 231.
Epochs          300. Current error: 0.0110366540. Bit fail 220.
Epochs          400. Current error: 0.0104835816. Bit fail 212.
Epochs          500. Current error: 0.0102903200. Bit fail 215.
Epochs          600. Current error: 0.0101934001. Bit fail 207.
Epochs          700. Current error: 0.0102127073. Bit fail 210.
Epochs          800. Current error: 0.0100664999. Bit fail 203.
Epochs          900. Current error: 0.0097476048. Bit fail 203.
Epochs         1000. Current error: 0.0094493758. Bit fail 193.
Epochs         1100. Current error: 0.0092260232. Bit fail 187.
Epochs         1200. Current error: 0.0090947999. Bit fail 189.
Epochs         1300. Current error: 0.0089286780. Bit fail 187.
Epochs         1400. Current error: 0.0088215182. Bit fail 184.
Epochs         1500. Current error: 0.0087811463. Bit fail 181.
Epochs         1600. Current error: 0.0086792894. Bit fail 181.
Epochs         1700. Current error: 0.0085671674. Bit fail 179.
Epochs         1800. Current error: 0.0084556174. Bit fail 175.
Epochs         1900. Current error: 0.0083564268. Bit fail 173.
Epochs         2000. Current error: 0.0081202900. Bit fail 167.
Epochs         2100. Current error: 0.0079604983. Bit fail 165.
Epochs         2200. Current error: 0.0078797424. Bit fail 160.
Epochs         2300. Current error: 0.0077462667. Bit fail 158.
Epochs         2400. Current error: 0.0075930334. Bit fail 154.
Epochs         2500. Current error: 0.0074309302. Bit fail 150.
Epochs         2600. Current error: 0.0073676561. Bit fail 146.
Epochs         2700. Current error: 0.0072877072. Bit fail 141.
Epochs         2800. Current error: 0.0071917428. Bit fail 140.
Epochs         2900. Current error: 0.0071295886. Bit fail 143.
Epochs         3000. Current error: 0.0070534609. Bit fail 140.
Epochs         3100. Current error: 0.0069865892. Bit fail 138.
Epochs         3200. Current error: 0.0069324579. Bit fail 137.
Epochs         3300. Current error: 0.0069059930. Bit fail 136.
Epochs         3400. Current error: 0.0068679424. Bit fail 136.
Epochs         3500. Current error: 0.0068418332. Bit fail 135.
Epochs         3600. Current error: 0.0068316185. Bit fail 136.
Epochs         3700. Current error: 0.0068047815. Bit fail 134.
Epochs         3800. Current error: 0.0067873439. Bit fail 133.
Epochs         3900. Current error: 0.0067797331. Bit fail 136.
Epochs         4000. Current error: 0.0067573050. Bit fail 135.
Time elpased for FANN training: 1341.149234 seconds
Trained Network by GA+FANN is saved in 
./ALL_S6_959126400_hveto_channels_signif_dt_set_7_training_n70n100n1_c05_mr02_p50_g20_rmin-25_rmax25_gsigma10_y1001_z03333_f05g09_m4000.net.
Total Running Time: 1706.176602 seconds
