Creating network.
The layer structure is following:
[70, 100, 1]
Setting newtork parameters
Getting training data : ALL_S6_959126400_hveto_channels_signif_dt_set_5_training.pat
Setting GA training parameters
Start running GA
Gen. 0 (0.00%): Max/Min/Avg Fitness(Raw) [20.47(48.71)/15.33(1.02)/17.06(17.06)]
Gen. 1 (5.00%): Max/Min/Avg Fitness(Raw) [53.56(53.26)/0.00(1.02)/41.62(41.62)]
Gen. 2 (10.00%): Max/Min/Avg Fitness(Raw) [38.77(55.23)/23.49(1.02)/32.31(32.31)]
Gen. 3 (15.00%): Max/Min/Avg Fitness(Raw) [32.71(57.67)/22.56(1.02)/27.26(27.26)]
Gen. 4 (20.00%): Max/Min/Avg Fitness(Raw) [43.55(61.21)/26.02(1.02)/36.29(36.29)]
Gen. 5 (25.00%): Max/Min/Avg Fitness(Raw) [43.16(61.21)/26.01(1.02)/35.97(35.97)]
Gen. 6 (30.00%): Max/Min/Avg Fitness(Raw) [40.72(62.04)/25.99(1.02)/33.93(33.93)]
Gen. 7 (35.00%): Max/Min/Avg Fitness(Raw) [44.47(62.11)/26.40(1.02)/37.05(37.05)]
Gen. 8 (40.00%): Max/Min/Avg Fitness(Raw) [43.58(62.11)/26.38(1.02)/36.32(36.32)]
Gen. 9 (45.00%): Max/Min/Avg Fitness(Raw) [42.62(62.11)/26.30(1.02)/35.52(35.52)]
Gen. 10 (50.00%): Max/Min/Avg Fitness(Raw) [35.32(62.11)/24.31(1.02)/29.43(29.43)]
Gen. 11 (55.00%): Max/Min/Avg Fitness(Raw) [42.69(62.11)/26.31(1.02)/35.58(35.58)]
Gen. 12 (60.00%): Max/Min/Avg Fitness(Raw) [40.48(62.11)/25.95(1.02)/33.73(33.73)]
Gen. 13 (65.00%): Max/Min/Avg Fitness(Raw) [40.43(62.59)/26.07(1.02)/33.70(33.70)]
Gen. 14 (70.00%): Max/Min/Avg Fitness(Raw) [43.47(62.59)/26.55(1.02)/36.22(36.22)]
Gen. 15 (75.00%): Max/Min/Avg Fitness(Raw) [37.60(62.59)/25.26(1.02)/31.34(31.34)]
Gen. 16 (80.00%): Max/Min/Avg Fitness(Raw) [41.41(62.59)/26.28(1.02)/34.51(34.51)]
Gen. 17 (85.00%): Max/Min/Avg Fitness(Raw) [41.96(62.59)/26.37(1.02)/34.97(34.97)]
Gen. 18 (90.00%): Max/Min/Avg Fitness(Raw) [36.05(62.64)/24.69(1.02)/30.04(30.04)]
Gen. 19 (95.00%): Max/Min/Avg Fitness(Raw) [53.18(62.64)/23.37(1.02)/44.32(44.32)]
Gen. 20 (100.00%): Max/Min/Avg Fitness(Raw) [43.50(62.64)/26.57(1.02)/36.25(36.25)]
Total time elapsed: 357.150 seconds.
GA MSE : 0.023520
Best initial connection wetighs are set on Network
Setting FANN training parameters
Input layer                          :  70 neurons, 1 bias
  Hidden layer                       : 100 neurons, 1 bias
Output layer                         :   1 neurons
Total neurons and biases             : 173
Total connections                    :3701
Connection rate                      :   0.500
Network type                         :   FANN_NETTYPE_LAYER
Training algorithm                   :   FANN_TRAIN_RPROP
Training error function              :   FANN_ERRORFUNC_TANH
Training stop function               :   FANN_STOPFUNC_MSE
Bit fail limit                       :   0.350
Learning rate                        :   0.700
Learning momentum                    :   0.000
Quickprop decay                      :  -0.000100
Quickprop mu                         :   1.750
RPROP increase factor                :   1.001
RPROP decrease factor                :   0.333
RPROP delta min                      :   0.000
RPROP delta max                      :  50.000
Cascade output change fraction       :   0.010000
Cascade candidate change fraction    :   0.010000
Cascade output stagnation epochs     :  12
Cascade candidate stagnation epochs  :  12
Cascade max output epochs            : 150
Cascade max candidate epochs         : 150
Cascade weight multiplier            :   0.400
Cascade candidate limit              :1000.000
Cascade activation functions[0]      :   FANN_SIGMOID
Cascade activation functions[1]      :   FANN_SIGMOID_SYMMETRIC
Cascade activation functions[2]      :   FANN_GAUSSIAN
Cascade activation functions[3]      :   FANN_GAUSSIAN_SYMMETRIC
Cascade activation functions[4]      :   FANN_ELLIOT
Cascade activation functions[5]      :   FANN_ELLIOT_SYMMETRIC
Cascade activation functions[6]      :   FANN_SIN_SYMMETRIC
Cascade activation functions[7]      :   FANN_COS_SYMMETRIC
Cascade activation functions[8]      :   FANN_SIN
Cascade activation functions[9]      :   FANN_COS
Cascade activation steepnesses[0]    :   0.250
Cascade activation steepnesses[1]    :   0.500
Cascade activation steepnesses[2]    :   0.750
Cascade activation steepnesses[3]    :   1.000
Cascade candidate groups             :   2
Cascade no. of candidates            :  80
Start training network with 2-algorithm in FANN
Max epochs     8000. Desired error: 0.0010000000.
Epochs            1. Current error: 0.0159653127. Bit fail 284.
Epochs          100. Current error: 0.0134315034. Bit fail 274.
Epochs          200. Current error: 0.0116177145. Bit fail 248.
Epochs          300. Current error: 0.0105613340. Bit fail 220.
Epochs          400. Current error: 0.0102066034. Bit fail 217.
Epochs          500. Current error: 0.0099827368. Bit fail 212.
Epochs          600. Current error: 0.0097094448. Bit fail 207.
Epochs          700. Current error: 0.0093398197. Bit fail 190.
Epochs          800. Current error: 0.0091823200. Bit fail 183.
Epochs          900. Current error: 0.0091174729. Bit fail 189.
Epochs         1000. Current error: 0.0089262770. Bit fail 195.
Epochs         1100. Current error: 0.0085340347. Bit fail 191.
Epochs         1200. Current error: 0.0082011670. Bit fail 188.
Epochs         1300. Current error: 0.0079602664. Bit fail 181.
Epochs         1400. Current error: 0.0078205736. Bit fail 169.
Epochs         1500. Current error: 0.0077467812. Bit fail 163.
Epochs         1600. Current error: 0.0075981389. Bit fail 161.
Epochs         1700. Current error: 0.0074221580. Bit fail 156.
Epochs         1800. Current error: 0.0073484499. Bit fail 153.
Epochs         1900. Current error: 0.0072482871. Bit fail 149.
Epochs         2000. Current error: 0.0071775513. Bit fail 149.
Epochs         2100. Current error: 0.0070842258. Bit fail 147.
Epochs         2200. Current error: 0.0070314719. Bit fail 146.
Epochs         2300. Current error: 0.0069547896. Bit fail 144.
Epochs         2400. Current error: 0.0068885502. Bit fail 143.
Epochs         2500. Current error: 0.0068341387. Bit fail 140.
Epochs         2600. Current error: 0.0067621120. Bit fail 137.
Epochs         2700. Current error: 0.0066968407. Bit fail 133.
Epochs         2800. Current error: 0.0066521647. Bit fail 135.
Epochs         2900. Current error: 0.0066351881. Bit fail 135.
Epochs         3000. Current error: 0.0066144648. Bit fail 134.
Epochs         3100. Current error: 0.0065703164. Bit fail 132.
Epochs         3200. Current error: 0.0065401900. Bit fail 132.
Epochs         3300. Current error: 0.0065082856. Bit fail 131.
Epochs         3400. Current error: 0.0064750239. Bit fail 130.
Epochs         3500. Current error: 0.0064535178. Bit fail 130.
Epochs         3600. Current error: 0.0064212922. Bit fail 132.
Epochs         3700. Current error: 0.0063975505. Bit fail 129.
Epochs         3800. Current error: 0.0063716271. Bit fail 127.
Epochs         3900. Current error: 0.0063563832. Bit fail 126.
Epochs         4000. Current error: 0.0063365623. Bit fail 126.
Epochs         4100. Current error: 0.0063765817. Bit fail 126.
Epochs         4200. Current error: 0.0063562077. Bit fail 124.
Epochs         4300. Current error: 0.0063026454. Bit fail 126.
Epochs         4400. Current error: 0.0062668417. Bit fail 125.
Epochs         4500. Current error: 0.0062493538. Bit fail 126.
Epochs         4600. Current error: 0.0062250937. Bit fail 125.
Epochs         4700. Current error: 0.0062003355. Bit fail 127.
Epochs         4800. Current error: 0.0061532962. Bit fail 128.
Epochs         4900. Current error: 0.0061201239. Bit fail 124.
Epochs         5000. Current error: 0.0060789301. Bit fail 124.
Epochs         5100. Current error: 0.0060362690. Bit fail 124.
Epochs         5200. Current error: 0.0059976568. Bit fail 125.
Epochs         5300. Current error: 0.0059795971. Bit fail 126.
Epochs         5400. Current error: 0.0059731025. Bit fail 126.
Epochs         5500. Current error: 0.0059642065. Bit fail 122.
Epochs         5600. Current error: 0.0059422352. Bit fail 125.
Epochs         5700. Current error: 0.0059221401. Bit fail 126.
Epochs         5800. Current error: 0.0059083016. Bit fail 124.
Epochs         5900. Current error: 0.0058958600. Bit fail 125.
Epochs         6000. Current error: 0.0059019411. Bit fail 126.
Epochs         6100. Current error: 0.0059294514. Bit fail 127.
Epochs         6200. Current error: 0.0059427968. Bit fail 126.
Epochs         6300. Current error: 0.0059172707. Bit fail 128.
Epochs         6400. Current error: 0.0058857207. Bit fail 129.
Epochs         6500. Current error: 0.0058527878. Bit fail 129.
Epochs         6600. Current error: 0.0058379434. Bit fail 128.
Epochs         6700. Current error: 0.0058203340. Bit fail 125.
Epochs         6800. Current error: 0.0058006174. Bit fail 125.
Epochs         6900. Current error: 0.0057836813. Bit fail 125.
Epochs         7000. Current error: 0.0057633962. Bit fail 124.
Epochs         7100. Current error: 0.0057407166. Bit fail 125.
Epochs         7200. Current error: 0.0057056108. Bit fail 125.
Epochs         7300. Current error: 0.0056674262. Bit fail 123.
Epochs         7400. Current error: 0.0056288238. Bit fail 123.
Epochs         7500. Current error: 0.0055862237. Bit fail 122.
Epochs         7600. Current error: 0.0056072841. Bit fail 122.
Epochs         7700. Current error: 0.0055778278. Bit fail 122.
Epochs         7800. Current error: 0.0055356850. Bit fail 121.
Epochs         7900. Current error: 0.0054823137. Bit fail 118.
Epochs         8000. Current error: 0.0055084382. Bit fail 119.
Time elpased for FANN training: 2593.810144 seconds
Trained Network by GA+FANN is saved in 
./ALL_S6_959126400_hveto_channels_signif_dt_set_5_training_n70n100n1_c05_mr02_p50_g20_rmin-25_rmax25_gsigma10_y1001_z03333_f05g09_m8000.net.
Total Running Time: 2951.521041 seconds
