Creating network.
The layer structure is following:
[70, 10, 1]
Setting newtork parameters
Getting training data : ALL_S6_959126400_hveto_channels_signif_dt_set_2_training.pat
Setting GA training parameters
Start running GA
Gen. 0 (0.00%): Max/Min/Avg Fitness(Raw) [22.90(49.62)/16.83(1.02)/19.08(19.08)]
Gen. 1 (5.00%): Max/Min/Avg Fitness(Raw) [59.61(52.15)/45.03(48.52)/49.68(49.68)]
Gen. 2 (10.00%): Max/Min/Avg Fitness(Raw) [62.64(54.24)/44.85(50.77)/52.20(52.20)]
Gen. 3 (15.00%): Max/Min/Avg Fitness(Raw) [56.15(55.89)/0.00(2.90)/51.65(51.65)]
Gen. 4 (20.00%): Max/Min/Avg Fitness(Raw) [56.35(56.25)/0.00(1.13)/51.72(51.72)]
Gen. 5 (25.00%): Max/Min/Avg Fitness(Raw) [65.41(56.61)/0.00(23.70)/56.86(54.50)]
Gen. 6 (30.00%): Max/Min/Avg Fitness(Raw) [57.17(57.03)/0.00(1.12)/51.13(51.13)]
Gen. 7 (35.00%): Max/Min/Avg Fitness(Raw) [57.40(57.26)/0.00(1.07)/50.68(50.68)]
Gen. 8 (40.00%): Max/Min/Avg Fitness(Raw) [57.85(57.66)/0.00(1.51)/51.61(51.61)]
Gen. 9 (45.00%): Max/Min/Avg Fitness(Raw) [58.19(58.12)/0.00(1.02)/54.15(54.15)]
Gen. 10 (50.00%): Max/Min/Avg Fitness(Raw) [58.58(58.46)/0.00(1.11)/52.90(52.90)]
Gen. 11 (55.00%): Max/Min/Avg Fitness(Raw) [59.03(58.83)/0.00(2.16)/54.09(54.09)]
Gen. 12 (60.00%): Max/Min/Avg Fitness(Raw) [59.80(59.74)/0.00(1.09)/56.47(56.47)]
Gen. 13 (65.00%): Max/Min/Avg Fitness(Raw) [69.94(61.77)/0.00(36.29)/58.59(58.28)]
Gen. 14 (70.00%): Max/Min/Avg Fitness(Raw) [62.45(62.28)/0.00(1.02)/53.77(53.77)]
Gen. 15 (75.00%): Max/Min/Avg Fitness(Raw) [63.10(63.00)/0.00(1.15)/57.84(57.84)]
Gen. 16 (80.00%): Max/Min/Avg Fitness(Raw) [63.39(63.28)/0.00(1.07)/57.45(57.45)]
Gen. 17 (85.00%): Max/Min/Avg Fitness(Raw) [64.26(64.10)/0.00(1.05)/56.03(56.03)]
Gen. 18 (90.00%): Max/Min/Avg Fitness(Raw) [64.29(64.20)/0.00(1.02)/59.21(59.21)]
Gen. 19 (95.00%): Max/Min/Avg Fitness(Raw) [64.61(64.37)/0.00(2.70)/59.43(59.43)]
Gen. 20 (100.00%): Max/Min/Avg Fitness(Raw) [65.32(65.21)/0.00(1.02)/58.51(58.51)]
Total time elapsed: 32.500 seconds.
GA MSE : 0.015595
Best initial connection wetighs are set on Network
Setting FANN training parameters
Input layer                          :  70 neurons, 1 bias
  Hidden layer                       :  10 neurons, 1 bias
Output layer                         :   1 neurons
Total neurons and biases             :  83
Total connections                    : 721
Connection rate                      :   1.000
Network type                         :   FANN_NETTYPE_LAYER
Training algorithm                   :   FANN_TRAIN_RPROP
Training error function              :   FANN_ERRORFUNC_TANH
Training stop function               :   FANN_STOPFUNC_MSE
Bit fail limit                       :   0.350
Learning rate                        :   0.700
Learning momentum                    :   0.000
Quickprop decay                      :  -0.000100
Quickprop mu                         :   1.750
RPROP increase factor                :   1.001
RPROP decrease factor                :   0.500
RPROP delta min                      :   0.000
RPROP delta max                      :  50.000
Cascade output change fraction       :   0.010000
Cascade candidate change fraction    :   0.010000
Cascade output stagnation epochs     :  12
Cascade candidate stagnation epochs  :  12
Cascade max output epochs            : 150
Cascade max candidate epochs         : 150
Cascade weight multiplier            :   0.400
Cascade candidate limit              :1000.000
Cascade activation functions[0]      :   FANN_SIGMOID
Cascade activation functions[1]      :   FANN_SIGMOID_SYMMETRIC
Cascade activation functions[2]      :   FANN_GAUSSIAN
Cascade activation functions[3]      :   FANN_GAUSSIAN_SYMMETRIC
Cascade activation functions[4]      :   FANN_ELLIOT
Cascade activation functions[5]      :   FANN_ELLIOT_SYMMETRIC
Cascade activation functions[6]      :   FANN_SIN_SYMMETRIC
Cascade activation functions[7]      :   FANN_COS_SYMMETRIC
Cascade activation functions[8]      :   FANN_SIN
Cascade activation functions[9]      :   FANN_COS
Cascade activation steepnesses[0]    :   0.250
Cascade activation steepnesses[1]    :   0.500
Cascade activation steepnesses[2]    :   0.750
Cascade activation steepnesses[3]    :   1.000
Cascade candidate groups             :   2
Cascade no. of candidates            :  80
Start training network with 2-algorithm in FANN
Max epochs     2000. Desired error: 0.0010000000.
Epochs            1. Current error: 0.0153362257. Bit fail 299.
Epochs          100. Current error: 0.0142619992. Bit fail 292.
Epochs          200. Current error: 0.0132170618. Bit fail 271.
Epochs          300. Current error: 0.0124558117. Bit fail 271.
Epochs          400. Current error: 0.0119311288. Bit fail 255.
Epochs          500. Current error: 0.0115777496. Bit fail 250.
Epochs          600. Current error: 0.0111980848. Bit fail 240.
Epochs          700. Current error: 0.0108192721. Bit fail 224.
Epochs          800. Current error: 0.0105818696. Bit fail 212.
Epochs          900. Current error: 0.0104034282. Bit fail 211.
Epochs         1000. Current error: 0.0102242697. Bit fail 209.
Epochs         1100. Current error: 0.0100093530. Bit fail 208.
Epochs         1200. Current error: 0.0097955558. Bit fail 211.
Epochs         1300. Current error: 0.0095022386. Bit fail 214.
Epochs         1400. Current error: 0.0091338726. Bit fail 224.
Epochs         1500. Current error: 0.0088460138. Bit fail 211.
Epochs         1600. Current error: 0.0086136973. Bit fail 200.
Epochs         1700. Current error: 0.0083112158. Bit fail 178.
Epochs         1800. Current error: 0.0081418101. Bit fail 174.
Epochs         1900. Current error: 0.0080202743. Bit fail 172.
Epochs         2000. Current error: 0.0079025831. Bit fail 175.
Time elpased for FANN training: 108.316913 seconds
Trained Network by GA+FANN is saved in 
./ALL_S6_959126400_hveto_channels_signif_dt_set_2_training_n70n10n1_c10_mr02_p50_g20_rmin-25_rmax25_gsigma1_y1001_z05_f05g09_m2000.net.
Total Running Time: 141.216112 seconds
