Creating network.
The layer structure is following:
[70, 100, 1]
Setting newtork parameters
Getting training data : ALL_S6_959126400_hveto_channels_signif_dt_set_6_training.pat
Setting GA training parameters
Start running GA
Gen. 0 (0.00%): Max/Min/Avg Fitness(Raw) [24.05(47.59)/17.28(1.02)/20.04(20.04)]
Gen. 1 (5.00%): Max/Min/Avg Fitness(Raw) [45.06(55.16)/21.98(1.02)/37.55(37.55)]
Gen. 2 (10.00%): Max/Min/Avg Fitness(Raw) [33.83(56.30)/22.74(1.02)/28.19(28.19)]
Gen. 3 (15.00%): Max/Min/Avg Fitness(Raw) [38.84(56.30)/23.89(1.02)/32.37(32.37)]
Gen. 4 (20.00%): Max/Min/Avg Fitness(Raw) [38.36(57.09)/24.09(1.02)/31.96(31.96)]
Gen. 5 (25.00%): Max/Min/Avg Fitness(Raw) [39.27(59.28)/24.91(1.02)/32.73(32.73)]
Gen. 6 (30.00%): Max/Min/Avg Fitness(Raw) [47.69(63.58)/26.83(1.02)/39.74(39.74)]
Gen. 7 (35.00%): Max/Min/Avg Fitness(Raw) [43.21(63.58)/26.87(1.02)/36.01(36.01)]
Gen. 8 (40.00%): Max/Min/Avg Fitness(Raw) [48.67(66.24)/28.07(1.02)/40.56(40.56)]
Gen. 9 (45.00%): Max/Min/Avg Fitness(Raw) [51.29(74.63)/31.56(1.02)/42.75(42.75)]
Gen. 10 (50.00%): Max/Min/Avg Fitness(Raw) [44.38(77.92)/30.48(1.02)/36.98(36.98)]
Gen. 11 (55.00%): Max/Min/Avg Fitness(Raw) [50.78(81.59)/33.42(1.02)/42.32(42.32)]
Gen. 12 (60.00%): Max/Min/Avg Fitness(Raw) [57.64(81.59)/34.58(1.02)/48.04(48.04)]
Gen. 13 (65.00%): Max/Min/Avg Fitness(Raw) [50.57(81.59)/33.36(1.02)/42.14(42.14)]
Gen. 14 (70.00%): Max/Min/Avg Fitness(Raw) [56.55(83.44)/35.16(1.02)/47.12(47.12)]
Gen. 15 (75.00%): Max/Min/Avg Fitness(Raw) [50.71(85.59)/34.22(1.02)/42.26(42.26)]
Gen. 16 (80.00%): Max/Min/Avg Fitness(Raw) [55.04(85.59)/35.51(1.03)/45.87(45.87)]
Gen. 17 (85.00%): Max/Min/Avg Fitness(Raw) [55.50(85.59)/35.62(1.02)/46.25(46.25)]
Gen. 18 (90.00%): Max/Min/Avg Fitness(Raw) [57.79(85.59)/36.03(1.02)/48.16(48.16)]
Gen. 19 (95.00%): Max/Min/Avg Fitness(Raw) [54.12(85.59)/35.28(1.03)/45.10(45.10)]
Gen. 20 (100.00%): Max/Min/Avg Fitness(Raw) [57.44(85.59)/35.98(1.02)/47.87(47.87)]
Total time elapsed: 360.575 seconds.
GA MSE : 0.013405
Best initial connection wetighs are set on Network
Setting FANN training parameters
Input layer                          :  70 neurons, 1 bias
  Hidden layer                       : 100 neurons, 1 bias
Output layer                         :   1 neurons
Total neurons and biases             : 173
Total connections                    :3701
Connection rate                      :   0.500
Network type                         :   FANN_NETTYPE_LAYER
Training algorithm                   :   FANN_TRAIN_RPROP
Training error function              :   FANN_ERRORFUNC_TANH
Training stop function               :   FANN_STOPFUNC_MSE
Bit fail limit                       :   0.350
Learning rate                        :   0.700
Learning momentum                    :   0.000
Quickprop decay                      :  -0.000100
Quickprop mu                         :   1.750
RPROP increase factor                :   1.001
RPROP decrease factor                :   0.333
RPROP delta min                      :   0.000
RPROP delta max                      :  50.000
Cascade output change fraction       :   0.010000
Cascade candidate change fraction    :   0.010000
Cascade output stagnation epochs     :  12
Cascade candidate stagnation epochs  :  12
Cascade max output epochs            : 150
Cascade max candidate epochs         : 150
Cascade weight multiplier            :   0.400
Cascade candidate limit              :1000.000
Cascade activation functions[0]      :   FANN_SIGMOID
Cascade activation functions[1]      :   FANN_SIGMOID_SYMMETRIC
Cascade activation functions[2]      :   FANN_GAUSSIAN
Cascade activation functions[3]      :   FANN_GAUSSIAN_SYMMETRIC
Cascade activation functions[4]      :   FANN_ELLIOT
Cascade activation functions[5]      :   FANN_ELLIOT_SYMMETRIC
Cascade activation functions[6]      :   FANN_SIN_SYMMETRIC
Cascade activation functions[7]      :   FANN_COS_SYMMETRIC
Cascade activation functions[8]      :   FANN_SIN
Cascade activation functions[9]      :   FANN_COS
Cascade activation steepnesses[0]    :   0.250
Cascade activation steepnesses[1]    :   0.500
Cascade activation steepnesses[2]    :   0.750
Cascade activation steepnesses[3]    :   1.000
Cascade candidate groups             :   2
Cascade no. of candidates            :  80
Start training network with 2-algorithm in FANN
Max epochs     4000. Desired error: 0.0010000000.
Epochs            1. Current error: 0.0116833337. Bit fail 207.
Epochs          100. Current error: 0.0119007472. Bit fail 237.
Epochs          200. Current error: 0.0101865241. Bit fail 207.
Epochs          300. Current error: 0.0092910212. Bit fail 190.
Epochs          400. Current error: 0.0086107831. Bit fail 176.
Epochs          500. Current error: 0.0084533840. Bit fail 183.
Epochs          600. Current error: 0.0084098093. Bit fail 175.
Epochs          700. Current error: 0.0083454428. Bit fail 171.
Epochs          800. Current error: 0.0083712591. Bit fail 172.
Epochs          900. Current error: 0.0082583670. Bit fail 171.
Epochs         1000. Current error: 0.0080967071. Bit fail 168.
Epochs         1100. Current error: 0.0080455607. Bit fail 168.
Epochs         1200. Current error: 0.0080027804. Bit fail 167.
Epochs         1300. Current error: 0.0078678299. Bit fail 164.
Epochs         1400. Current error: 0.0077986866. Bit fail 165.
Epochs         1500. Current error: 0.0077541610. Bit fail 167.
Epochs         1600. Current error: 0.0076485770. Bit fail 161.
Epochs         1700. Current error: 0.0075844228. Bit fail 163.
Epochs         1800. Current error: 0.0074244086. Bit fail 159.
Epochs         1900. Current error: 0.0073672710. Bit fail 158.
Epochs         2000. Current error: 0.0072999038. Bit fail 158.
Epochs         2100. Current error: 0.0071720979. Bit fail 155.
Epochs         2200. Current error: 0.0070679793. Bit fail 149.
Epochs         2300. Current error: 0.0069713178. Bit fail 146.
Epochs         2400. Current error: 0.0069029033. Bit fail 145.
Epochs         2500. Current error: 0.0068329466. Bit fail 144.
Epochs         2600. Current error: 0.0067502484. Bit fail 143.
Epochs         2700. Current error: 0.0066652317. Bit fail 138.
Epochs         2800. Current error: 0.0065878681. Bit fail 138.
Epochs         2900. Current error: 0.0064814333. Bit fail 142.
Epochs         3000. Current error: 0.0064010569. Bit fail 139.
Epochs         3100. Current error: 0.0062999646. Bit fail 137.
Epochs         3200. Current error: 0.0062696277. Bit fail 136.
Epochs         3300. Current error: 0.0061892038. Bit fail 135.
Epochs         3400. Current error: 0.0061211828. Bit fail 133.
Epochs         3500. Current error: 0.0060895206. Bit fail 134.
Epochs         3600. Current error: 0.0060321139. Bit fail 132.
Epochs         3700. Current error: 0.0059914798. Bit fail 129.
Epochs         3800. Current error: 0.0060110120. Bit fail 124.
Epochs         3900. Current error: 0.0059595956. Bit fail 126.
Epochs         4000. Current error: 0.0059342645. Bit fail 124.
Time elpased for FANN training: 1315.384934 seconds
Trained Network by GA+FANN is saved in 
./ALL_S6_959126400_hveto_channels_signif_dt_set_6_training_n70n100n1_c05_mr02_p50_g20_rmin-25_rmax25_gsigma10_y1001_z03333_f05g09_m4000.net.
Total Running Time: 1676.525576 seconds
