Creating network.
The layer structure is following:
[70, 100, 1]
Setting newtork parameters
Getting training data : ALL_S6_959126400_hveto_channels_signif_dt_set_3_training.pat
Setting GA training parameters
Start running GA
Gen. 0 (0.00%): Max/Min/Avg Fitness(Raw) [25.25(59.56)/18.85(1.02)/21.04(21.04)]
Gen. 1 (5.00%): Max/Min/Avg Fitness(Raw) [37.09(73.71)/26.59(1.02)/30.91(30.91)]
Gen. 2 (10.00%): Max/Min/Avg Fitness(Raw) [46.11(83.72)/32.08(1.02)/38.42(38.42)]
Gen. 3 (15.00%): Max/Min/Avg Fitness(Raw) [46.25(87.38)/32.62(1.02)/38.54(38.54)]
Gen. 4 (20.00%): Max/Min/Avg Fitness(Raw) [46.63(93.04)/33.43(1.02)/38.86(38.86)]
Gen. 5 (25.00%): Max/Min/Avg Fitness(Raw) [45.84(95.28)/33.22(1.02)/38.20(38.20)]
Gen. 6 (30.00%): Max/Min/Avg Fitness(Raw) [44.47(97.83)/32.66(1.02)/37.06(37.06)]
Gen. 7 (35.00%): Max/Min/Avg Fitness(Raw) [46.98(97.83)/34.06(1.02)/39.15(39.15)]
Gen. 8 (40.00%): Max/Min/Avg Fitness(Raw) [47.00(97.83)/34.07(1.02)/39.17(39.17)]
Gen. 9 (45.00%): Max/Min/Avg Fitness(Raw) [46.90(98.50)/34.07(1.02)/39.08(39.08)]
Gen. 10 (50.00%): Max/Min/Avg Fitness(Raw) [51.64(98.65)/36.53(1.02)/43.03(43.03)]
Gen. 11 (55.00%): Max/Min/Avg Fitness(Raw) [50.64(101.20)/36.31(1.02)/42.20(42.20)]
Gen. 12 (60.00%): Max/Min/Avg Fitness(Raw) [53.30(101.20)/37.63(1.02)/44.41(44.41)]
Gen. 13 (65.00%): Max/Min/Avg Fitness(Raw) [54.63(101.28)/38.26(1.02)/45.53(45.53)]
Gen. 14 (70.00%): Max/Min/Avg Fitness(Raw) [56.14(101.28)/38.93(1.02)/46.78(46.78)]
Gen. 15 (75.00%): Max/Min/Avg Fitness(Raw) [56.58(101.28)/39.11(1.02)/47.15(47.15)]
Gen. 16 (80.00%): Max/Min/Avg Fitness(Raw) [56.59(101.28)/39.12(1.02)/47.16(47.16)]
Gen. 17 (85.00%): Max/Min/Avg Fitness(Raw) [56.67(101.58)/39.19(1.02)/47.22(47.22)]
Gen. 18 (90.00%): Max/Min/Avg Fitness(Raw) [58.20(101.58)/39.82(1.02)/48.50(48.50)]
Gen. 19 (95.00%): Max/Min/Avg Fitness(Raw) [57.21(101.58)/39.42(1.02)/47.68(47.68)]
Gen. 20 (100.00%): Max/Min/Avg Fitness(Raw) [57.86(101.73)/39.71(1.02)/48.22(48.22)]
Total time elapsed: 80933.720 seconds.
GA MSE : 0.012691
Best initial connection wetighs are set on Network
Setting FANN training parameters
Input layer                          :  70 neurons, 1 bias
  Hidden layer                       : 100 neurons, 1 bias
Output layer                         :   1 neurons
Total neurons and biases             : 173
Total connections                    :3701
Connection rate                      :   0.500
Network type                         :   FANN_NETTYPE_LAYER
Training algorithm                   :   FANN_TRAIN_RPROP
Training error function              :   FANN_ERRORFUNC_TANH
Training stop function               :   FANN_STOPFUNC_MSE
Bit fail limit                       :   0.350
Learning rate                        :   0.700
Learning momentum                    :   0.000
Quickprop decay                      :  -0.000100
Quickprop mu                         :   1.750
RPROP increase factor                :   1.001
RPROP decrease factor                :   0.333
RPROP delta min                      :   0.000
RPROP delta max                      :  50.000
Cascade output change fraction       :   0.010000
Cascade candidate change fraction    :   0.010000
Cascade output stagnation epochs     :  12
Cascade candidate stagnation epochs  :  12
Cascade max output epochs            : 150
Cascade max candidate epochs         : 150
Cascade weight multiplier            :   0.400
Cascade candidate limit              :1000.000
Cascade activation functions[0]      :   FANN_SIGMOID
Cascade activation functions[1]      :   FANN_SIGMOID_SYMMETRIC
Cascade activation functions[2]      :   FANN_GAUSSIAN
Cascade activation functions[3]      :   FANN_GAUSSIAN_SYMMETRIC
Cascade activation functions[4]      :   FANN_ELLIOT
Cascade activation functions[5]      :   FANN_ELLIOT_SYMMETRIC
Cascade activation functions[6]      :   FANN_SIN_SYMMETRIC
Cascade activation functions[7]      :   FANN_COS_SYMMETRIC
Cascade activation functions[8]      :   FANN_SIN
Cascade activation functions[9]      :   FANN_COS
Cascade activation steepnesses[0]    :   0.250
Cascade activation steepnesses[1]    :   0.500
Cascade activation steepnesses[2]    :   0.750
Cascade activation steepnesses[3]    :   1.000
Cascade candidate groups             :   2
Cascade no. of candidates            :  80
Start training network with 2-algorithm in FANN
Max epochs     4000. Desired error: 0.0010000000.
Epochs            1. Current error: 0.0098295938. Bit fail 174.
Epochs          100. Current error: 0.0119979279. Bit fail 233.
Epochs          200. Current error: 0.0105752768. Bit fail 219.
Epochs          300. Current error: 0.0102845570. Bit fail 215.
Epochs          400. Current error: 0.0098648304. Bit fail 207.
Epochs          500. Current error: 0.0093483673. Bit fail 198.
Epochs          600. Current error: 0.0088344272. Bit fail 188.
Epochs          700. Current error: 0.0085915737. Bit fail 182.
Epochs          800. Current error: 0.0084451530. Bit fail 181.
Epochs          900. Current error: 0.0083401352. Bit fail 183.
Epochs         1000. Current error: 0.0082697673. Bit fail 179.
Epochs         1100. Current error: 0.0081622535. Bit fail 177.
Epochs         1200. Current error: 0.0081087463. Bit fail 176.
Epochs         1300. Current error: 0.0080128843. Bit fail 175.
Epochs         1400. Current error: 0.0079359328. Bit fail 171.
Epochs         1500. Current error: 0.0078942953. Bit fail 170.
Epochs         1600. Current error: 0.0076741762. Bit fail 171.
Epochs         1700. Current error: 0.0075104781. Bit fail 164.
Epochs         1800. Current error: 0.0074211964. Bit fail 161.
Epochs         1900. Current error: 0.0073429127. Bit fail 160.
Epochs         2000. Current error: 0.0072217057. Bit fail 157.
Epochs         2100. Current error: 0.0071462127. Bit fail 158.
Epochs         2200. Current error: 0.0070330705. Bit fail 155.
Epochs         2300. Current error: 0.0068995347. Bit fail 150.
Epochs         2400. Current error: 0.0067771589. Bit fail 149.
Epochs         2500. Current error: 0.0066110804. Bit fail 143.
Epochs         2600. Current error: 0.0064635281. Bit fail 142.
Epochs         2700. Current error: 0.0063495864. Bit fail 142.
Epochs         2800. Current error: 0.0062756352. Bit fail 140.
Epochs         2900. Current error: 0.0062044836. Bit fail 139.
Epochs         3000. Current error: 0.0061705774. Bit fail 134.
Epochs         3100. Current error: 0.0061299838. Bit fail 134.
Epochs         3200. Current error: 0.0060701142. Bit fail 129.
Epochs         3300. Current error: 0.0060132151. Bit fail 130.
Epochs         3400. Current error: 0.0059680999. Bit fail 129.
Epochs         3500. Current error: 0.0059189592. Bit fail 127.
Epochs         3600. Current error: 0.0058715153. Bit fail 125.
Epochs         3700. Current error: 0.0058219465. Bit fail 124.
Epochs         3800. Current error: 0.0057958220. Bit fail 126.
Epochs         3900. Current error: 0.0057671028. Bit fail 125.
Epochs         4000. Current error: 0.0057563931. Bit fail 126.
Time elpased for FANN training: 1315.408841 seconds
Trained Network by GA+FANN is saved in 
./ALL_S6_959126400_hveto_channels_signif_dt_set_3_training_n70n100n1_c05_mr02_p5000_g20_rmin-25_rmax25_gsigma10_y1001_z03333_f05g09_m4000.net.
Total Running Time: 82249.862062 seconds
