Creating network.
The layer structure is following:
[70, 10, 1]
Setting newtork parameters
Getting training data : ALL_S6_959126400_hveto_channels_signif_dt_set_6_training.pat
Setting GA training parameters
Start running GA
Gen. 0 (0.00%): Max/Min/Avg Fitness(Raw) [32.47(47.90)/20.30(1.02)/27.06(27.06)]
Gen. 1 (5.00%): Max/Min/Avg Fitness(Raw) [41.57(51.81)/21.07(1.02)/34.64(34.64)]
Gen. 2 (10.00%): Max/Min/Avg Fitness(Raw) [42.51(54.57)/22.70(1.02)/35.42(35.42)]
Gen. 3 (15.00%): Max/Min/Avg Fitness(Raw) [40.91(64.48)/26.67(1.02)/34.09(34.09)]
Gen. 4 (20.00%): Max/Min/Avg Fitness(Raw) [47.84(66.87)/28.40(1.02)/39.86(39.86)]
Gen. 5 (25.00%): Max/Min/Avg Fitness(Raw) [50.69(67.09)/28.23(1.02)/42.24(42.24)]
Gen. 6 (30.00%): Max/Min/Avg Fitness(Raw) [53.43(67.29)/27.51(1.02)/44.53(44.53)]
Gen. 7 (35.00%): Max/Min/Avg Fitness(Raw) [45.67(67.29)/28.42(1.02)/38.05(38.05)]
Gen. 8 (40.00%): Max/Min/Avg Fitness(Raw) [39.37(68.05)/26.89(1.02)/32.81(32.81)]
Gen. 9 (45.00%): Max/Min/Avg Fitness(Raw) [50.94(69.58)/29.49(1.02)/42.45(42.45)]
Gen. 10 (50.00%): Max/Min/Avg Fitness(Raw) [58.34(70.37)/27.34(1.02)/48.62(48.62)]
Gen. 11 (55.00%): Max/Min/Avg Fitness(Raw) [52.34(71.14)/30.12(1.02)/43.62(43.62)]
Gen. 12 (60.00%): Max/Min/Avg Fitness(Raw) [56.61(71.40)/29.20(1.02)/47.17(47.17)]
Gen. 13 (65.00%): Max/Min/Avg Fitness(Raw) [46.49(72.71)/30.14(1.02)/38.74(38.74)]
Gen. 14 (70.00%): Max/Min/Avg Fitness(Raw) [48.98(72.72)/30.63(1.02)/40.82(40.82)]
Gen. 15 (75.00%): Max/Min/Avg Fitness(Raw) [74.09(73.71)/0.00(1.02)/54.03(54.03)]
Gen. 16 (80.00%): Max/Min/Avg Fitness(Raw) [54.05(73.71)/31.21(1.02)/45.04(45.04)]
Gen. 17 (85.00%): Max/Min/Avg Fitness(Raw) [52.20(73.73)/31.28(1.02)/43.50(43.50)]
Gen. 18 (90.00%): Max/Min/Avg Fitness(Raw) [53.73(74.30)/31.51(1.02)/44.77(44.77)]
Gen. 19 (95.00%): Max/Min/Avg Fitness(Raw) [62.54(75.02)/28.87(1.02)/52.12(52.12)]
Gen. 20 (100.00%): Max/Min/Avg Fitness(Raw) [77.36(76.98)/0.00(1.02)/56.09(56.09)]
Total time elapsed: 32.949 seconds.
GA MSE : 0.013354
Best initial connection wetighs are set on Network
Setting FANN training parameters
Input layer                          :  70 neurons, 1 bias
  Hidden layer                       :  10 neurons, 1 bias
Output layer                         :   1 neurons
Total neurons and biases             :  83
Total connections                    : 721
Connection rate                      :   1.000
Network type                         :   FANN_NETTYPE_LAYER
Training algorithm                   :   FANN_TRAIN_RPROP
Training error function              :   FANN_ERRORFUNC_TANH
Training stop function               :   FANN_STOPFUNC_MSE
Bit fail limit                       :   0.350
Learning rate                        :   0.700
Learning momentum                    :   0.000
Quickprop decay                      :  -0.000100
Quickprop mu                         :   1.750
RPROP increase factor                :   1.001
RPROP decrease factor                :   0.333
RPROP delta min                      :   0.000
RPROP delta max                      :  50.000
Cascade output change fraction       :   0.010000
Cascade candidate change fraction    :   0.010000
Cascade output stagnation epochs     :  12
Cascade candidate stagnation epochs  :  12
Cascade max output epochs            : 150
Cascade max candidate epochs         : 150
Cascade weight multiplier            :   0.400
Cascade candidate limit              :1000.000
Cascade activation functions[0]      :   FANN_SIGMOID
Cascade activation functions[1]      :   FANN_SIGMOID_SYMMETRIC
Cascade activation functions[2]      :   FANN_GAUSSIAN
Cascade activation functions[3]      :   FANN_GAUSSIAN_SYMMETRIC
Cascade activation functions[4]      :   FANN_ELLIOT
Cascade activation functions[5]      :   FANN_ELLIOT_SYMMETRIC
Cascade activation functions[6]      :   FANN_SIN_SYMMETRIC
Cascade activation functions[7]      :   FANN_COS_SYMMETRIC
Cascade activation functions[8]      :   FANN_SIN
Cascade activation functions[9]      :   FANN_COS
Cascade activation steepnesses[0]    :   0.250
Cascade activation steepnesses[1]    :   0.500
Cascade activation steepnesses[2]    :   0.750
Cascade activation steepnesses[3]    :   1.000
Cascade candidate groups             :   2
Cascade no. of candidates            :  80
Start training network with 2-algorithm in FANN
Max epochs     2000. Desired error: 0.0010000000.
Epochs            1. Current error: 0.0129909376. Bit fail 254.
Epochs          100. Current error: 0.0120044993. Bit fail 269.
Epochs          200. Current error: 0.0112478239. Bit fail 267.
Epochs          300. Current error: 0.0105615994. Bit fail 257.
Epochs          400. Current error: 0.0100025041. Bit fail 235.
Epochs          500. Current error: 0.0095924810. Bit fail 223.
Epochs          600. Current error: 0.0092162928. Bit fail 213.
Epochs          700. Current error: 0.0089374883. Bit fail 198.
Epochs          800. Current error: 0.0087669501. Bit fail 198.
Epochs          900. Current error: 0.0086497804. Bit fail 200.
Epochs         1000. Current error: 0.0085463384. Bit fail 195.
Epochs         1100. Current error: 0.0084446138. Bit fail 192.
Epochs         1200. Current error: 0.0083294660. Bit fail 190.
Epochs         1300. Current error: 0.0081831897. Bit fail 190.
Epochs         1400. Current error: 0.0080526890. Bit fail 189.
Epochs         1500. Current error: 0.0079224408. Bit fail 180.
Epochs         1600. Current error: 0.0077986768. Bit fail 175.
Epochs         1700. Current error: 0.0077011371. Bit fail 175.
Epochs         1800. Current error: 0.0076116854. Bit fail 174.
Epochs         1900. Current error: 0.0075328131. Bit fail 170.
Epochs         2000. Current error: 0.0074655674. Bit fail 167.
Time elpased for FANN training: 110.408675 seconds
Trained Network by GA+FANN is saved in 
./ALL_S6_959126400_hveto_channels_signif_dt_set_6_training_n70n10n1_c10_mr02_p50_g20_rmin-25_rmax25_gsigma10_y1001_z03333_f05g09_m2000.net.
Total Running Time: 143.770795 seconds
