Creating network.
The layer structure is following:
[70, 10, 1]
Setting newtork parameters
Getting training data : ALL_S6_959126400_hveto_channels_signif_dt_set_3_training.pat
Setting GA training parameters
Start running GA
Gen. 0 (0.00%): Max/Min/Avg Fitness(Raw) [20.06(50.24)/15.15(1.02)/16.71(16.71)]
Gen. 1 (5.00%): Max/Min/Avg Fitness(Raw) [55.08(54.88)/0.00(1.02)/45.78(45.78)]
Gen. 2 (10.00%): Max/Min/Avg Fitness(Raw) [58.02(57.76)/0.00(1.09)/46.85(46.85)]
Gen. 3 (15.00%): Max/Min/Avg Fitness(Raw) [48.43(58.80)/23.14(1.02)/40.36(40.36)]
Gen. 4 (20.00%): Max/Min/Avg Fitness(Raw) [49.17(60.15)/23.91(1.02)/40.97(40.97)]
Gen. 5 (25.00%): Max/Min/Avg Fitness(Raw) [61.46(61.15)/0.00(1.02)/47.13(47.13)]
Gen. 6 (30.00%): Max/Min/Avg Fitness(Raw) [62.60(62.35)/0.00(1.02)/50.31(50.31)]
Gen. 7 (35.00%): Max/Min/Avg Fitness(Raw) [63.49(63.15)/0.00(1.02)/47.46(47.46)]
Gen. 8 (40.00%): Max/Min/Avg Fitness(Raw) [63.76(63.47)/0.00(1.02)/49.87(49.87)]
Gen. 9 (45.00%): Max/Min/Avg Fitness(Raw) [65.49(65.18)/0.00(1.02)/50.16(50.16)]
Gen. 10 (50.00%): Max/Min/Avg Fitness(Raw) [65.52(65.22)/0.00(1.02)/50.51(50.51)]
Gen. 11 (55.00%): Max/Min/Avg Fitness(Raw) [68.04(67.67)/0.00(1.02)/49.77(49.77)]
Gen. 12 (60.00%): Max/Min/Avg Fitness(Raw) [57.67(67.98)/25.37(1.02)/48.06(48.06)]
Gen. 13 (65.00%): Max/Min/Avg Fitness(Raw) [52.63(69.53)/29.22(1.02)/43.85(43.85)]
Gen. 14 (70.00%): Max/Min/Avg Fitness(Raw) [55.84(69.81)/28.34(1.02)/46.54(46.54)]
Gen. 15 (75.00%): Max/Min/Avg Fitness(Raw) [59.97(70.09)/25.65(1.02)/49.98(49.98)]
Gen. 16 (80.00%): Max/Min/Avg Fitness(Raw) [59.90(70.76)/26.50(1.02)/49.92(49.92)]
Gen. 17 (85.00%): Max/Min/Avg Fitness(Raw) [71.98(71.60)/0.00(1.02)/52.36(52.36)]
Gen. 18 (90.00%): Max/Min/Avg Fitness(Raw) [49.77(73.08)/30.86(1.02)/41.47(41.47)]
Gen. 19 (95.00%): Max/Min/Avg Fitness(Raw) [54.75(73.10)/30.81(1.02)/45.63(45.63)]
Gen. 20 (100.00%): Max/Min/Avg Fitness(Raw) [73.47(73.10)/0.00(1.02)/53.82(53.82)]
Total time elapsed: 36.147 seconds.
GA MSE : 0.014682
Best initial connection wetighs are set on Network
Setting FANN training parameters
Input layer                          :  70 neurons, 1 bias
  Hidden layer                       :  10 neurons, 1 bias
Output layer                         :   1 neurons
Total neurons and biases             :  83
Total connections                    : 721
Connection rate                      :   1.000
Network type                         :   FANN_NETTYPE_LAYER
Training algorithm                   :   FANN_TRAIN_RPROP
Training error function              :   FANN_ERRORFUNC_TANH
Training stop function               :   FANN_STOPFUNC_MSE
Bit fail limit                       :   0.350
Learning rate                        :   0.700
Learning momentum                    :   0.000
Quickprop decay                      :  -0.000100
Quickprop mu                         :   1.750
RPROP increase factor                :   1.001
RPROP decrease factor                :   0.333
RPROP delta min                      :   0.000
RPROP delta max                      :  50.000
Cascade output change fraction       :   0.010000
Cascade candidate change fraction    :   0.010000
Cascade output stagnation epochs     :  12
Cascade candidate stagnation epochs  :  12
Cascade max output epochs            : 150
Cascade max candidate epochs         : 150
Cascade weight multiplier            :   0.400
Cascade candidate limit              :1000.000
Cascade activation functions[0]      :   FANN_SIGMOID
Cascade activation functions[1]      :   FANN_SIGMOID_SYMMETRIC
Cascade activation functions[2]      :   FANN_GAUSSIAN
Cascade activation functions[3]      :   FANN_GAUSSIAN_SYMMETRIC
Cascade activation functions[4]      :   FANN_ELLIOT
Cascade activation functions[5]      :   FANN_ELLIOT_SYMMETRIC
Cascade activation functions[6]      :   FANN_SIN_SYMMETRIC
Cascade activation functions[7]      :   FANN_COS_SYMMETRIC
Cascade activation functions[8]      :   FANN_SIN
Cascade activation functions[9]      :   FANN_COS
Cascade activation steepnesses[0]    :   0.250
Cascade activation steepnesses[1]    :   0.500
Cascade activation steepnesses[2]    :   0.750
Cascade activation steepnesses[3]    :   1.000
Cascade candidate groups             :   2
Cascade no. of candidates            :  80
Start training network with 2-algorithm in FANN
Max epochs     5000. Desired error: 0.0010000000.
Epochs            1. Current error: 0.0136800734. Bit fail 260.
Epochs          100. Current error: 0.0135171814. Bit fail 272.
Epochs          200. Current error: 0.0127409613. Bit fail 249.
Epochs          300. Current error: 0.0124241915. Bit fail 245.
Epochs          400. Current error: 0.0120602483. Bit fail 240.
Epochs          500. Current error: 0.0115791401. Bit fail 239.
Epochs          600. Current error: 0.0111520551. Bit fail 234.
Epochs          700. Current error: 0.0106816683. Bit fail 226.
Epochs          800. Current error: 0.0102175130. Bit fail 221.
Epochs          900. Current error: 0.0099522406. Bit fail 219.
Epochs         1000. Current error: 0.0097114788. Bit fail 218.
Epochs         1100. Current error: 0.0094846189. Bit fail 215.
Epochs         1200. Current error: 0.0092593208. Bit fail 212.
Epochs         1300. Current error: 0.0090036420. Bit fail 204.
Epochs         1400. Current error: 0.0088243838. Bit fail 198.
Epochs         1500. Current error: 0.0086838519. Bit fail 191.
Epochs         1600. Current error: 0.0085515901. Bit fail 189.
Epochs         1700. Current error: 0.0084419856. Bit fail 190.
Epochs         1800. Current error: 0.0083609857. Bit fail 187.
Epochs         1900. Current error: 0.0082738400. Bit fail 187.
Epochs         2000. Current error: 0.0081872744. Bit fail 186.
Epochs         2100. Current error: 0.0080994088. Bit fail 187.
Epochs         2200. Current error: 0.0080145784. Bit fail 187.
Epochs         2300. Current error: 0.0079512745. Bit fail 184.
Epochs         2400. Current error: 0.0078987554. Bit fail 179.
Epochs         2500. Current error: 0.0078624384. Bit fail 177.
Epochs         2600. Current error: 0.0078671034. Bit fail 178.
Epochs         2700. Current error: 0.0078520216. Bit fail 177.
Epochs         2800. Current error: 0.0078489175. Bit fail 174.
Epochs         2900. Current error: 0.0078342455. Bit fail 175.
Epochs         3000. Current error: 0.0078254985. Bit fail 177.
Epochs         3100. Current error: 0.0077900169. Bit fail 179.
Epochs         3200. Current error: 0.0077724890. Bit fail 178.
Epochs         3300. Current error: 0.0077591999. Bit fail 179.
Epochs         3400. Current error: 0.0077454890. Bit fail 178.
Epochs         3500. Current error: 0.0077363397. Bit fail 176.
Epochs         3600. Current error: 0.0077263494. Bit fail 176.
Epochs         3700. Current error: 0.0077171912. Bit fail 177.
Epochs         3800. Current error: 0.0077121691. Bit fail 178.
Epochs         3900. Current error: 0.0076828403. Bit fail 178.
Epochs         4000. Current error: 0.0075554275. Bit fail 175.
Epochs         4100. Current error: 0.0075176489. Bit fail 175.
Epochs         4200. Current error: 0.0074739293. Bit fail 174.
Epochs         4300. Current error: 0.0074392352. Bit fail 174.
Epochs         4400. Current error: 0.0074084271. Bit fail 174.
Epochs         4500. Current error: 0.0073793121. Bit fail 170.
Epochs         4600. Current error: 0.0073405858. Bit fail 170.
Epochs         4700. Current error: 0.0073034680. Bit fail 167.
Epochs         4800. Current error: 0.0072764019. Bit fail 167.
Epochs         4900. Current error: 0.0072425734. Bit fail 162.
Epochs         5000. Current error: 0.0072125024. Bit fail 163.
Time elpased for FANN training: 298.605239 seconds
Trained Network by GA+FANN is saved in 
./ALL_S6_959126400_hveto_channels_signif_dt_set_3_training_n70n10n1_c10_mr02_p50_g20_rmin-25_rmax25_gsigma10_y1001_z03333_f05g09_m5000.net.
Total Running Time: 335.165677 seconds
