Creating network.
The layer structure is following:
[70, 10, 1]
Setting newtork parameters
Getting training data : ALL_S6_959126400_hveto_channels_signif_dt_set_8_training.pat
Setting GA training parameters
Start running GA
Gen. 0 (0.00%): Max/Min/Avg Fitness(Raw) [29.20(50.11)/19.93(1.02)/24.33(24.33)]
Gen. 1 (5.00%): Max/Min/Avg Fitness(Raw) [60.09(50.60)/40.57(49.57)/50.07(50.07)]
Gen. 2 (10.00%): Max/Min/Avg Fitness(Raw) [60.61(51.52)/35.65(49.03)/50.51(50.51)]
Gen. 3 (15.00%): Max/Min/Avg Fitness(Raw) [61.98(53.27)/47.46(51.00)/51.65(51.65)]
Gen. 4 (20.00%): Max/Min/Avg Fitness(Raw) [63.81(53.60)/0.00(50.96)/53.23(53.18)]
Gen. 5 (25.00%): Max/Min/Avg Fitness(Raw) [64.23(54.78)/39.20(51.86)/53.53(53.53)]
Gen. 6 (30.00%): Max/Min/Avg Fitness(Raw) [65.48(56.56)/43.59(52.55)/54.56(54.56)]
Gen. 7 (35.00%): Max/Min/Avg Fitness(Raw) [67.39(57.02)/24.34(53.70)/56.16(56.16)]
Gen. 8 (40.00%): Max/Min/Avg Fitness(Raw) [67.92(57.54)/19.24(53.51)/56.60(56.60)]
Gen. 9 (45.00%): Max/Min/Avg Fitness(Raw) [67.79(58.03)/0.00(45.83)/56.94(56.50)]
Gen. 10 (50.00%): Max/Min/Avg Fitness(Raw) [68.66(58.81)/4.70(49.91)/57.21(57.21)]
Gen. 11 (55.00%): Max/Min/Avg Fitness(Raw) [69.50(59.53)/0.00(40.34)/59.29(57.92)]
Gen. 12 (60.00%): Max/Min/Avg Fitness(Raw) [70.28(60.43)/4.55(49.98)/58.57(58.57)]
Gen. 13 (65.00%): Max/Min/Avg Fitness(Raw) [71.73(61.30)/33.33(56.41)/59.78(59.78)]
Gen. 14 (70.00%): Max/Min/Avg Fitness(Raw) [72.63(61.73)/11.54(55.66)/60.53(60.53)]
Gen. 15 (75.00%): Max/Min/Avg Fitness(Raw) [73.05(62.75)/0.00(51.42)/60.88(60.87)]
Gen. 16 (80.00%): Max/Min/Avg Fitness(Raw) [74.04(64.01)/0.00(43.78)/62.38(61.70)]
Gen. 17 (85.00%): Max/Min/Avg Fitness(Raw) [74.94(64.70)/0.00(49.01)/62.69(62.45)]
Gen. 18 (90.00%): Max/Min/Avg Fitness(Raw) [74.72(66.59)/0.00(40.43)/62.28(62.27)]
Gen. 19 (95.00%): Max/Min/Avg Fitness(Raw) [75.58(66.71)/0.00(33.32)/63.73(62.99)]
Gen. 20 (100.00%): Max/Min/Avg Fitness(Raw) [77.73(67.57)/39.13(59.25)/64.78(64.78)]
Total time elapsed: 35.573 seconds.
GA MSE : 0.015459
Best initial connection wetighs are set on Network
Setting FANN training parameters
Input layer                          :  70 neurons, 1 bias
  Hidden layer                       :  10 neurons, 1 bias
Output layer                         :   1 neurons
Total neurons and biases             :  83
Total connections                    : 721
Connection rate                      :   1.000
Network type                         :   FANN_NETTYPE_LAYER
Training algorithm                   :   FANN_TRAIN_RPROP
Training error function              :   FANN_ERRORFUNC_TANH
Training stop function               :   FANN_STOPFUNC_MSE
Bit fail limit                       :   0.350
Learning rate                        :   0.700
Learning momentum                    :   0.000
Quickprop decay                      :  -0.000100
Quickprop mu                         :   1.750
RPROP increase factor                :   1.001
RPROP decrease factor                :   0.500
RPROP delta min                      :   0.000
RPROP delta max                      :  50.000
Cascade output change fraction       :   0.010000
Cascade candidate change fraction    :   0.010000
Cascade output stagnation epochs     :  12
Cascade candidate stagnation epochs  :  12
Cascade max output epochs            : 150
Cascade max candidate epochs         : 150
Cascade weight multiplier            :   0.400
Cascade candidate limit              :1000.000
Cascade activation functions[0]      :   FANN_SIGMOID
Cascade activation functions[1]      :   FANN_SIGMOID_SYMMETRIC
Cascade activation functions[2]      :   FANN_GAUSSIAN
Cascade activation functions[3]      :   FANN_GAUSSIAN_SYMMETRIC
Cascade activation functions[4]      :   FANN_ELLIOT
Cascade activation functions[5]      :   FANN_ELLIOT_SYMMETRIC
Cascade activation functions[6]      :   FANN_SIN_SYMMETRIC
Cascade activation functions[7]      :   FANN_COS_SYMMETRIC
Cascade activation functions[8]      :   FANN_SIN
Cascade activation functions[9]      :   FANN_COS
Cascade activation steepnesses[0]    :   0.250
Cascade activation steepnesses[1]    :   0.500
Cascade activation steepnesses[2]    :   0.750
Cascade activation steepnesses[3]    :   1.000
Cascade candidate groups             :   2
Cascade no. of candidates            :  80
Start training network with 2-algorithm in FANN
Max epochs     2000. Desired error: 0.0010000000.
Epochs            1. Current error: 0.0148003595. Bit fail 281.
Epochs          100. Current error: 0.0128168771. Bit fail 320.
Epochs          200. Current error: 0.0118156997. Bit fail 288.
Epochs          300. Current error: 0.0112483697. Bit fail 265.
Epochs          400. Current error: 0.0109504135. Bit fail 256.
Epochs          500. Current error: 0.0106194746. Bit fail 248.
Epochs          600. Current error: 0.0102900760. Bit fail 238.
Epochs          700. Current error: 0.0099702114. Bit fail 239.
Epochs          800. Current error: 0.0097420244. Bit fail 229.
Epochs          900. Current error: 0.0094839884. Bit fail 227.
Epochs         1000. Current error: 0.0092540598. Bit fail 223.
Epochs         1100. Current error: 0.0090073654. Bit fail 219.
Epochs         1200. Current error: 0.0087501742. Bit fail 211.
Epochs         1300. Current error: 0.0084918896. Bit fail 205.
Epochs         1400. Current error: 0.0083133057. Bit fail 202.
Epochs         1500. Current error: 0.0081317592. Bit fail 194.
Epochs         1600. Current error: 0.0079482421. Bit fail 186.
Epochs         1700. Current error: 0.0078292508. Bit fail 182.
Epochs         1800. Current error: 0.0077111167. Bit fail 174.
Epochs         1900. Current error: 0.0075909840. Bit fail 169.
Epochs         2000. Current error: 0.0074856784. Bit fail 166.
Time elpased for FANN training: 118.292992 seconds
Trained Network by GA+FANN is saved in 
./ALL_S6_959126400_hveto_channels_signif_dt_set_8_training_n70n10n1_c10_mr02_p50_g20_rmin-25_rmax25_gsigma1_y1001_z05_f05g09_m2000.net.
Total Running Time: 154.253325 seconds
