Creating network.
The layer structure is following:
[70, 100, 1]
Setting newtork parameters
Getting training data : ALL_S6_959126400_hveto_channels_signif_dt_set_2_training.pat
Setting GA training parameters
Start running GA
Gen. 0 (0.00%): Max/Min/Avg Fitness(Raw) [25.17(57.72)/18.69(1.02)/20.97(20.97)]
Gen. 1 (5.00%): Max/Min/Avg Fitness(Raw) [38.47(66.36)/26.26(1.02)/32.06(32.06)]
Gen. 2 (10.00%): Max/Min/Avg Fitness(Raw) [41.06(70.35)/27.93(1.02)/34.22(34.22)]
Gen. 3 (15.00%): Max/Min/Avg Fitness(Raw) [39.75(74.22)/27.95(1.02)/33.13(33.13)]
Gen. 4 (20.00%): Max/Min/Avg Fitness(Raw) [44.60(77.74)/30.55(1.02)/37.17(37.17)]
Gen. 5 (25.00%): Max/Min/Avg Fitness(Raw) [39.10(83.01)/28.50(1.02)/32.58(32.58)]
Gen. 6 (30.00%): Max/Min/Avg Fitness(Raw) [45.05(85.71)/31.85(1.02)/37.54(37.54)]
Gen. 7 (35.00%): Max/Min/Avg Fitness(Raw) [42.67(90.80)/31.11(1.02)/35.56(35.56)]
Gen. 8 (40.00%): Max/Min/Avg Fitness(Raw) [46.52(92.88)/33.36(1.02)/38.77(38.77)]
Gen. 9 (45.00%): Max/Min/Avg Fitness(Raw) [46.31(95.67)/33.51(1.02)/38.59(38.59)]
Gen. 10 (50.00%): Max/Min/Avg Fitness(Raw) [48.31(97.75)/34.77(1.02)/40.26(40.26)]
Gen. 11 (55.00%): Max/Min/Avg Fitness(Raw) [46.32(97.75)/33.70(1.02)/38.60(38.60)]
Gen. 12 (60.00%): Max/Min/Avg Fitness(Raw) [46.89(97.75)/34.01(1.02)/39.08(39.08)]
Gen. 13 (65.00%): Max/Min/Avg Fitness(Raw) [47.10(97.75)/34.12(1.02)/39.25(39.25)]
Gen. 14 (70.00%): Max/Min/Avg Fitness(Raw) [46.61(97.75)/33.86(1.02)/38.84(38.84)]
Gen. 15 (75.00%): Max/Min/Avg Fitness(Raw) [47.39(99.59)/34.44(1.02)/39.49(39.49)]
Gen. 16 (80.00%): Max/Min/Avg Fitness(Raw) [47.40(99.78)/34.45(1.02)/39.50(39.50)]
Gen. 17 (85.00%): Max/Min/Avg Fitness(Raw) [44.65(100.25)/32.94(1.02)/37.21(37.21)]
Gen. 18 (90.00%): Max/Min/Avg Fitness(Raw) [49.44(100.25)/35.59(1.02)/41.20(41.20)]
Gen. 19 (95.00%): Max/Min/Avg Fitness(Raw) [48.45(100.25)/35.07(1.02)/40.38(40.38)]
Gen. 20 (100.00%): Max/Min/Avg Fitness(Raw) [48.73(100.25)/35.22(1.02)/40.61(40.61)]
Total time elapsed: 80016.198 seconds.
GA MSE : 0.976873
Best initial connection wetighs are set on Network
Setting FANN training parameters
Input layer                          :  70 neurons, 1 bias
  Hidden layer                       : 100 neurons, 1 bias
Output layer                         :   1 neurons
Total neurons and biases             : 173
Total connections                    :3701
Connection rate                      :   0.500
Network type                         :   FANN_NETTYPE_LAYER
Training algorithm                   :   FANN_TRAIN_RPROP
Training error function              :   FANN_ERRORFUNC_TANH
Training stop function               :   FANN_STOPFUNC_MSE
Bit fail limit                       :   0.350
Learning rate                        :   0.700
Learning momentum                    :   0.000
Quickprop decay                      :  -0.000100
Quickprop mu                         :   1.750
RPROP increase factor                :   1.001
RPROP decrease factor                :   0.333
RPROP delta min                      :   0.000
RPROP delta max                      :  50.000
Cascade output change fraction       :   0.010000
Cascade candidate change fraction    :   0.010000
Cascade output stagnation epochs     :  12
Cascade candidate stagnation epochs  :  12
Cascade max output epochs            : 150
Cascade max candidate epochs         : 150
Cascade weight multiplier            :   0.400
Cascade candidate limit              :1000.000
Cascade activation functions[0]      :   FANN_SIGMOID
Cascade activation functions[1]      :   FANN_SIGMOID_SYMMETRIC
Cascade activation functions[2]      :   FANN_GAUSSIAN
Cascade activation functions[3]      :   FANN_GAUSSIAN_SYMMETRIC
Cascade activation functions[4]      :   FANN_ELLIOT
Cascade activation functions[5]      :   FANN_ELLIOT_SYMMETRIC
Cascade activation functions[6]      :   FANN_SIN_SYMMETRIC
Cascade activation functions[7]      :   FANN_COS_SYMMETRIC
Cascade activation functions[8]      :   FANN_SIN
Cascade activation functions[9]      :   FANN_COS
Cascade activation steepnesses[0]    :   0.250
Cascade activation steepnesses[1]    :   0.500
Cascade activation steepnesses[2]    :   0.750
Cascade activation steepnesses[3]    :   1.000
Cascade candidate groups             :   2
Cascade no. of candidates            :  80
Start training network with 2-algorithm in FANN
Max epochs     4000. Desired error: 0.0010000000.
Epochs            1. Current error: 0.0099748801. Bit fail 176.
Epochs          100. Current error: 0.0121299392. Bit fail 237.
Epochs          200. Current error: 0.0118216081. Bit fail 236.
Epochs          300. Current error: 0.0115003083. Bit fail 234.
Epochs          400. Current error: 0.0109909130. Bit fail 226.
Epochs          500. Current error: 0.0105502876. Bit fail 213.
Epochs          600. Current error: 0.0104294708. Bit fail 215.
Epochs          700. Current error: 0.0102212150. Bit fail 212.
Epochs          800. Current error: 0.0099737290. Bit fail 206.
Epochs          900. Current error: 0.0097140772. Bit fail 197.
Epochs         1000. Current error: 0.0094727464. Bit fail 197.
Epochs         1100. Current error: 0.0092842858. Bit fail 195.
Epochs         1200. Current error: 0.0089588938. Bit fail 190.
Epochs         1300. Current error: 0.0087409932. Bit fail 183.
Epochs         1400. Current error: 0.0086291507. Bit fail 182.
Epochs         1500. Current error: 0.0085766306. Bit fail 179.
Epochs         1600. Current error: 0.0085785678. Bit fail 184.
Epochs         1700. Current error: 0.0085557252. Bit fail 182.
Epochs         1800. Current error: 0.0085507799. Bit fail 178.
Epochs         1900. Current error: 0.0085220486. Bit fail 173.
Epochs         2000. Current error: 0.0084646614. Bit fail 169.
Epochs         2100. Current error: 0.0083891414. Bit fail 169.
Epochs         2200. Current error: 0.0083078369. Bit fail 170.
Epochs         2300. Current error: 0.0081888949. Bit fail 168.
Epochs         2400. Current error: 0.0081141330. Bit fail 163.
Epochs         2500. Current error: 0.0080101807. Bit fail 162.
Epochs         2600. Current error: 0.0079844417. Bit fail 161.
Epochs         2700. Current error: 0.0079943482. Bit fail 163.
Epochs         2800. Current error: 0.0079229148. Bit fail 163.
Epochs         2900. Current error: 0.0078599788. Bit fail 160.
Epochs         3000. Current error: 0.0077848625. Bit fail 157.
Epochs         3100. Current error: 0.0077125798. Bit fail 157.
Epochs         3200. Current error: 0.0076288311. Bit fail 155.
Epochs         3300. Current error: 0.0075941104. Bit fail 155.
Epochs         3400. Current error: 0.0075749545. Bit fail 154.
Epochs         3500. Current error: 0.0075470014. Bit fail 152.
Epochs         3600. Current error: 0.0075207958. Bit fail 155.
Epochs         3700. Current error: 0.0074868915. Bit fail 155.
Epochs         3800. Current error: 0.0074059605. Bit fail 153.
Epochs         3900. Current error: 0.0073452969. Bit fail 154.
Epochs         4000. Current error: 0.0072753145. Bit fail 152.
Time elpased for FANN training: 1282.962487 seconds
Trained Network by GA+FANN is saved in 
./ALL_S6_959126400_hveto_channels_signif_dt_set_2_training_n70n100n1_c05_mr02_p5000_g20_rmin-25_rmax25_gsigma10_y1001_z03333_f05g09_m4000.net.
Total Running Time: 81299.863112 seconds
