Creating network.
The layer structure is following:
[70, 10, 1]
Setting newtork parameters
Getting training data : ALL_S6_959126400_hveto_channels_signif_dt_set_6_training.pat
Setting GA training parameters
Start running GA
Gen. 0 (0.00%): Max/Min/Avg Fitness(Raw) [28.36(52.59)/19.94(1.02)/23.63(23.63)]
Gen. 1 (5.00%): Max/Min/Avg Fitness(Raw) [54.43(54.04)/0.00(1.02)/39.50(39.50)]
Gen. 2 (10.00%): Max/Min/Avg Fitness(Raw) [56.84(56.47)/0.00(1.02)/41.95(41.95)]
Gen. 3 (15.00%): Max/Min/Avg Fitness(Raw) [59.48(59.26)/0.00(1.02)/48.94(48.94)]
Gen. 4 (20.00%): Max/Min/Avg Fitness(Raw) [60.83(60.65)/0.00(1.05)/52.06(52.06)]
Gen. 5 (25.00%): Max/Min/Avg Fitness(Raw) [52.25(62.03)/23.52(1.02)/43.54(43.54)]
Gen. 6 (30.00%): Max/Min/Avg Fitness(Raw) [63.90(63.63)/0.00(1.03)/50.69(50.69)]
Gen. 7 (35.00%): Max/Min/Avg Fitness(Raw) [46.70(64.20)/27.25(1.02)/38.92(38.92)]
Gen. 8 (40.00%): Max/Min/Avg Fitness(Raw) [48.28(66.98)/28.44(1.02)/40.23(40.23)]
Gen. 9 (45.00%): Max/Min/Avg Fitness(Raw) [51.65(68.64)/28.91(1.02)/43.04(43.04)]
Gen. 10 (50.00%): Max/Min/Avg Fitness(Raw) [52.15(70.77)/29.95(1.02)/43.46(43.46)]
Gen. 11 (55.00%): Max/Min/Avg Fitness(Raw) [51.05(72.08)/30.58(1.02)/42.54(42.54)]
Gen. 12 (60.00%): Max/Min/Avg Fitness(Raw) [51.41(73.11)/31.00(1.02)/42.84(42.84)]
Gen. 13 (65.00%): Max/Min/Avg Fitness(Raw) [59.32(73.11)/29.22(1.02)/49.43(49.43)]
Gen. 14 (70.00%): Max/Min/Avg Fitness(Raw) [56.30(73.48)/30.71(1.02)/46.91(46.91)]
Gen. 15 (75.00%): Max/Min/Avg Fitness(Raw) [51.01(73.48)/31.12(1.02)/42.51(42.51)]
Gen. 16 (80.00%): Max/Min/Avg Fitness(Raw) [53.12(73.54)/31.19(1.02)/44.26(44.26)]
Gen. 17 (85.00%): Max/Min/Avg Fitness(Raw) [52.81(73.54)/31.20(1.02)/44.00(44.00)]
Gen. 18 (90.00%): Max/Min/Avg Fitness(Raw) [55.21(73.54)/30.98(1.02)/46.01(46.01)]
Gen. 19 (95.00%): Max/Min/Avg Fitness(Raw) [56.27(73.54)/30.75(1.02)/46.89(46.89)]
Gen. 20 (100.00%): Max/Min/Avg Fitness(Raw) [50.80(73.54)/31.13(1.02)/42.34(42.34)]
Total time elapsed: 33.730 seconds.
GA MSE : 0.014393
Best initial connection wetighs are set on Network
Setting FANN training parameters
Input layer                          :  70 neurons, 1 bias
  Hidden layer                       :  10 neurons, 1 bias
Output layer                         :   1 neurons
Total neurons and biases             :  83
Total connections                    : 721
Connection rate                      :   1.000
Network type                         :   FANN_NETTYPE_LAYER
Training algorithm                   :   FANN_TRAIN_RPROP
Training error function              :   FANN_ERRORFUNC_TANH
Training stop function               :   FANN_STOPFUNC_MSE
Bit fail limit                       :   0.350
Learning rate                        :   0.700
Learning momentum                    :   0.000
Quickprop decay                      :  -0.000100
Quickprop mu                         :   1.750
RPROP increase factor                :   1.001
RPROP decrease factor                :   0.500
RPROP delta min                      :   0.000
RPROP delta max                      :  50.000
Cascade output change fraction       :   0.010000
Cascade candidate change fraction    :   0.010000
Cascade output stagnation epochs     :  12
Cascade candidate stagnation epochs  :  12
Cascade max output epochs            : 150
Cascade max candidate epochs         : 150
Cascade weight multiplier            :   0.400
Cascade candidate limit              :1000.000
Cascade activation functions[0]      :   FANN_SIGMOID
Cascade activation functions[1]      :   FANN_SIGMOID_SYMMETRIC
Cascade activation functions[2]      :   FANN_GAUSSIAN
Cascade activation functions[3]      :   FANN_GAUSSIAN_SYMMETRIC
Cascade activation functions[4]      :   FANN_ELLIOT
Cascade activation functions[5]      :   FANN_ELLIOT_SYMMETRIC
Cascade activation functions[6]      :   FANN_SIN_SYMMETRIC
Cascade activation functions[7]      :   FANN_COS_SYMMETRIC
Cascade activation functions[8]      :   FANN_SIN
Cascade activation functions[9]      :   FANN_COS
Cascade activation steepnesses[0]    :   0.250
Cascade activation steepnesses[1]    :   0.500
Cascade activation steepnesses[2]    :   0.750
Cascade activation steepnesses[3]    :   1.000
Cascade candidate groups             :   2
Cascade no. of candidates            :  80
Start training network with 2-algorithm in FANN
Max epochs     2000. Desired error: 0.0010000000.
Epochs            1. Current error: 0.0135971196. Bit fail 252.
Epochs          100. Current error: 0.0121181635. Bit fail 261.
Epochs          200. Current error: 0.0118447877. Bit fail 255.
Epochs          300. Current error: 0.0115705449. Bit fail 242.
Epochs          400. Current error: 0.0111536076. Bit fail 235.
Epochs          500. Current error: 0.0107229752. Bit fail 239.
Epochs          600. Current error: 0.0103671383. Bit fail 230.
Epochs          700. Current error: 0.0101813935. Bit fail 223.
Epochs          800. Current error: 0.0099025685. Bit fail 222.
Epochs          900. Current error: 0.0097259860. Bit fail 214.
Epochs         1000. Current error: 0.0095278025. Bit fail 204.
Epochs         1100. Current error: 0.0093870582. Bit fail 203.
Epochs         1200. Current error: 0.0092743197. Bit fail 201.
Epochs         1300. Current error: 0.0091646034. Bit fail 198.
Epochs         1400. Current error: 0.0090280753. Bit fail 193.
Epochs         1500. Current error: 0.0088963760. Bit fail 194.
Epochs         1600. Current error: 0.0087923864. Bit fail 193.
Epochs         1700. Current error: 0.0086762635. Bit fail 189.
Epochs         1800. Current error: 0.0085124290. Bit fail 185.
Epochs         1900. Current error: 0.0083603673. Bit fail 183.
Epochs         2000. Current error: 0.0082719903. Bit fail 179.
Time elpased for FANN training: 112.524684 seconds
Trained Network by GA+FANN is saved in 
./ALL_S6_959126400_hveto_channels_signif_dt_set_6_training_n70n10n1_c10_mr02_p50_g20_rmin-25_rmax25_gsigma10_y1001_z05_f05g09_m2000.net.
Total Running Time: 146.732457 seconds
