Creating network.
The layer structure is following:
[70, 100, 1]
Setting newtork parameters
Getting training data : ALL_S6_959126400_hveto_channels_signif_dt_set_6_training.pat
Setting GA training parameters
Start running GA
Gen. 0 (0.00%): Max/Min/Avg Fitness(Raw) [24.54(45.09)/17.22(1.02)/20.45(20.45)]
Gen. 1 (5.00%): Max/Min/Avg Fitness(Raw) [51.52(51.36)/0.00(1.03)/44.38(44.38)]
Gen. 2 (10.00%): Max/Min/Avg Fitness(Raw) [37.20(53.34)/22.68(1.02)/31.00(31.00)]
Gen. 3 (15.00%): Max/Min/Avg Fitness(Raw) [42.80(54.15)/22.30(1.02)/35.66(35.66)]
Gen. 4 (20.00%): Max/Min/Avg Fitness(Raw) [44.07(57.06)/23.83(1.02)/36.73(36.73)]
Gen. 5 (25.00%): Max/Min/Avg Fitness(Raw) [43.64(59.80)/25.40(1.02)/36.37(36.37)]
Gen. 6 (30.00%): Max/Min/Avg Fitness(Raw) [44.56(59.80)/25.30(1.02)/37.13(37.13)]
Gen. 7 (35.00%): Max/Min/Avg Fitness(Raw) [40.85(62.28)/26.08(1.02)/34.04(34.04)]
Gen. 8 (40.00%): Max/Min/Avg Fitness(Raw) [44.33(64.91)/27.45(1.02)/36.94(36.94)]
Gen. 9 (45.00%): Max/Min/Avg Fitness(Raw) [44.99(70.31)/29.16(1.02)/37.49(37.49)]
Gen. 10 (50.00%): Max/Min/Avg Fitness(Raw) [48.53(70.37)/29.79(1.02)/40.44(40.44)]
Gen. 11 (55.00%): Max/Min/Avg Fitness(Raw) [49.47(70.37)/29.85(1.02)/41.23(41.23)]
Gen. 12 (60.00%): Max/Min/Avg Fitness(Raw) [54.70(70.37)/29.20(1.02)/45.59(45.59)]
Gen. 13 (65.00%): Max/Min/Avg Fitness(Raw) [49.89(70.37)/29.87(1.02)/41.58(41.58)]
Gen. 14 (70.00%): Max/Min/Avg Fitness(Raw) [46.08(70.37)/29.42(1.02)/38.40(38.40)]
Gen. 15 (75.00%): Max/Min/Avg Fitness(Raw) [57.23(70.37)/28.07(1.03)/47.69(47.69)]
Gen. 16 (80.00%): Max/Min/Avg Fitness(Raw) [44.66(70.37)/29.09(1.02)/37.22(37.22)]
Gen. 17 (85.00%): Max/Min/Avg Fitness(Raw) [43.54(70.37)/28.78(1.02)/36.28(36.28)]
Gen. 18 (90.00%): Max/Min/Avg Fitness(Raw) [48.70(70.37)/29.81(1.02)/40.59(40.59)]
Gen. 19 (95.00%): Max/Min/Avg Fitness(Raw) [45.47(70.37)/29.29(1.02)/37.90(37.90)]
Gen. 20 (100.00%): Max/Min/Avg Fitness(Raw) [51.41(71.34)/30.27(1.02)/42.84(42.84)]
Total time elapsed: 359.699 seconds.
GA MSE : 0.016793
Best initial connection wetighs are set on Network
Setting FANN training parameters
Input layer                          :  70 neurons, 1 bias
  Hidden layer                       : 100 neurons, 1 bias
Output layer                         :   1 neurons
Total neurons and biases             : 173
Total connections                    :3701
Connection rate                      :   0.500
Network type                         :   FANN_NETTYPE_LAYER
Training algorithm                   :   FANN_TRAIN_RPROP
Training error function              :   FANN_ERRORFUNC_TANH
Training stop function               :   FANN_STOPFUNC_MSE
Bit fail limit                       :   0.350
Learning rate                        :   0.700
Learning momentum                    :   0.000
Quickprop decay                      :  -0.000100
Quickprop mu                         :   1.750
RPROP increase factor                :   1.001
RPROP decrease factor                :   0.500
RPROP delta min                      :   0.000
RPROP delta max                      :  50.000
Cascade output change fraction       :   0.010000
Cascade candidate change fraction    :   0.010000
Cascade output stagnation epochs     :  12
Cascade candidate stagnation epochs  :  12
Cascade max output epochs            : 150
Cascade max candidate epochs         : 150
Cascade weight multiplier            :   0.400
Cascade candidate limit              :1000.000
Cascade activation functions[0]      :   FANN_SIGMOID
Cascade activation functions[1]      :   FANN_SIGMOID_SYMMETRIC
Cascade activation functions[2]      :   FANN_GAUSSIAN
Cascade activation functions[3]      :   FANN_GAUSSIAN_SYMMETRIC
Cascade activation functions[4]      :   FANN_ELLIOT
Cascade activation functions[5]      :   FANN_ELLIOT_SYMMETRIC
Cascade activation functions[6]      :   FANN_SIN_SYMMETRIC
Cascade activation functions[7]      :   FANN_COS_SYMMETRIC
Cascade activation functions[8]      :   FANN_SIN
Cascade activation functions[9]      :   FANN_COS
Cascade activation steepnesses[0]    :   0.250
Cascade activation steepnesses[1]    :   0.500
Cascade activation steepnesses[2]    :   0.750
Cascade activation steepnesses[3]    :   1.000
Cascade candidate groups             :   2
Cascade no. of candidates            :  80
Start training network with 2-algorithm in FANN
Max epochs     4000. Desired error: 0.0010000000.
Epochs            1. Current error: 0.0140178259. Bit fail 246.
Epochs          100. Current error: 0.0127143720. Bit fail 252.
Epochs          200. Current error: 0.0111556211. Bit fail 222.
Epochs          300. Current error: 0.0106482096. Bit fail 225.
Epochs          400. Current error: 0.0101883691. Bit fail 211.
Epochs          500. Current error: 0.0096970117. Bit fail 209.
Epochs          600. Current error: 0.0094014844. Bit fail 203.
Epochs          700. Current error: 0.0090719713. Bit fail 194.
Epochs          800. Current error: 0.0086777359. Bit fail 183.
Epochs          900. Current error: 0.0084545445. Bit fail 185.
Epochs         1000. Current error: 0.0083698668. Bit fail 188.
Epochs         1100. Current error: 0.0082973354. Bit fail 184.
Epochs         1200. Current error: 0.0082017407. Bit fail 183.
Epochs         1300. Current error: 0.0080638174. Bit fail 180.
Epochs         1400. Current error: 0.0079834154. Bit fail 177.
Epochs         1500. Current error: 0.0078382371. Bit fail 168.
Epochs         1600. Current error: 0.0077202953. Bit fail 164.
Epochs         1700. Current error: 0.0076431790. Bit fail 165.
Epochs         1800. Current error: 0.0075761657. Bit fail 156.
Epochs         1900. Current error: 0.0074491510. Bit fail 156.
Epochs         2000. Current error: 0.0072655575. Bit fail 155.
Epochs         2100. Current error: 0.0071771550. Bit fail 157.
Epochs         2200. Current error: 0.0070954696. Bit fail 151.
Epochs         2300. Current error: 0.0070983376. Bit fail 154.
Epochs         2400. Current error: 0.0070035588. Bit fail 150.
Epochs         2500. Current error: 0.0069250613. Bit fail 149.
Epochs         2600. Current error: 0.0068412735. Bit fail 147.
Epochs         2700. Current error: 0.0067700301. Bit fail 143.
Epochs         2800. Current error: 0.0066733388. Bit fail 139.
Epochs         2900. Current error: 0.0066317506. Bit fail 139.
Epochs         3000. Current error: 0.0065824352. Bit fail 136.
Epochs         3100. Current error: 0.0065352954. Bit fail 135.
Epochs         3200. Current error: 0.0064713215. Bit fail 135.
Epochs         3300. Current error: 0.0064235386. Bit fail 134.
Epochs         3400. Current error: 0.0063855853. Bit fail 139.
Epochs         3500. Current error: 0.0063134683. Bit fail 137.
Epochs         3600. Current error: 0.0062552188. Bit fail 135.
Epochs         3700. Current error: 0.0061674463. Bit fail 133.
Epochs         3800. Current error: 0.0061118407. Bit fail 132.
Epochs         3900. Current error: 0.0060462691. Bit fail 127.
Epochs         4000. Current error: 0.0060001211. Bit fail 127.
Time elpased for FANN training: 1320.884289 seconds
Trained Network by GA+FANN is saved in 
./ALL_S6_959126400_hveto_channels_signif_dt_set_6_training_n70n100n1_c05_mr02_p50_g20_rmin-25_rmax25_gsigma10_y1001_z05_f05g09_m4000.net.
Total Running Time: 1681.148248 seconds
