Creating network.
The layer structure is following:
[70, 10, 1]
Setting newtork parameters
Getting training data : ALL_S6_959126400_hveto_channels_signif_dt_set_1_training.pat
Setting GA training parameters
Start running GA
Gen. 0 (0.00%): Max/Min/Avg Fitness(Raw) [25.63(59.15)/19.06(1.02)/21.36(21.36)]
Gen. 1 (5.00%): Max/Min/Avg Fitness(Raw) [50.06(61.42)/24.49(1.02)/41.71(41.71)]
Gen. 2 (10.00%): Max/Min/Avg Fitness(Raw) [38.75(66.31)/26.35(1.02)/32.29(32.29)]
Gen. 3 (15.00%): Max/Min/Avg Fitness(Raw) [42.30(68.03)/27.89(1.02)/35.25(35.25)]
Gen. 4 (20.00%): Max/Min/Avg Fitness(Raw) [49.34(68.03)/28.87(1.02)/41.12(41.12)]
Gen. 5 (25.00%): Max/Min/Avg Fitness(Raw) [41.53(68.03)/27.65(1.02)/34.61(34.61)]
Gen. 6 (30.00%): Max/Min/Avg Fitness(Raw) [49.83(68.03)/28.84(1.02)/41.52(41.52)]
Gen. 7 (35.00%): Max/Min/Avg Fitness(Raw) [38.74(68.49)/26.71(1.02)/32.28(32.28)]
Gen. 8 (40.00%): Max/Min/Avg Fitness(Raw) [49.68(69.40)/29.46(1.02)/41.40(41.40)]
Gen. 9 (45.00%): Max/Min/Avg Fitness(Raw) [43.51(69.53)/28.58(1.02)/36.26(36.26)]
Gen. 10 (50.00%): Max/Min/Avg Fitness(Raw) [42.26(69.71)/28.24(1.02)/35.22(35.22)]
Gen. 11 (55.00%): Max/Min/Avg Fitness(Raw) [46.91(69.71)/29.37(1.02)/39.09(39.09)]
Gen. 12 (60.00%): Max/Min/Avg Fitness(Raw) [43.22(69.81)/28.56(1.02)/36.02(36.02)]
Gen. 13 (65.00%): Max/Min/Avg Fitness(Raw) [47.45(69.81)/29.48(1.02)/39.54(39.54)]
Gen. 14 (70.00%): Max/Min/Avg Fitness(Raw) [54.09(71.09)/29.81(1.02)/45.07(45.07)]
Gen. 15 (75.00%): Max/Min/Avg Fitness(Raw) [47.59(71.09)/29.91(1.02)/39.66(39.66)]
Gen. 16 (80.00%): Max/Min/Avg Fitness(Raw) [41.62(71.43)/28.33(1.02)/34.68(34.68)]
Gen. 17 (85.00%): Max/Min/Avg Fitness(Raw) [48.10(72.38)/30.39(1.02)/40.08(40.08)]
Gen. 18 (90.00%): Max/Min/Avg Fitness(Raw) [46.52(72.98)/30.21(1.02)/38.77(38.77)]
Gen. 19 (95.00%): Max/Min/Avg Fitness(Raw) [55.30(73.90)/31.16(1.02)/46.08(46.08)]
Gen. 20 (100.00%): Max/Min/Avg Fitness(Raw) [52.71(77.61)/32.73(1.02)/43.92(43.92)]
Total time elapsed: 35.942 seconds.
GA MSE : 0.016209
Best initial connection wetighs are set on Network
Setting FANN training parameters
Input layer                          :  70 neurons, 1 bias
  Hidden layer                       :  10 neurons, 1 bias
Output layer                         :   1 neurons
Total neurons and biases             :  83
Total connections                    : 721
Connection rate                      :   1.000
Network type                         :   FANN_NETTYPE_LAYER
Training algorithm                   :   FANN_TRAIN_RPROP
Training error function              :   FANN_ERRORFUNC_TANH
Training stop function               :   FANN_STOPFUNC_MSE
Bit fail limit                       :   0.350
Learning rate                        :   0.700
Learning momentum                    :   0.000
Quickprop decay                      :  -0.000100
Quickprop mu                         :   1.750
RPROP increase factor                :   1.001
RPROP decrease factor                :   0.333
RPROP delta min                      :   0.000
RPROP delta max                      :  50.000
Cascade output change fraction       :   0.010000
Cascade candidate change fraction    :   0.010000
Cascade output stagnation epochs     :  12
Cascade candidate stagnation epochs  :  12
Cascade max output epochs            : 150
Cascade max candidate epochs         : 150
Cascade weight multiplier            :   0.400
Cascade candidate limit              :1000.000
Cascade activation functions[0]      :   FANN_SIGMOID
Cascade activation functions[1]      :   FANN_SIGMOID_SYMMETRIC
Cascade activation functions[2]      :   FANN_GAUSSIAN
Cascade activation functions[3]      :   FANN_GAUSSIAN_SYMMETRIC
Cascade activation functions[4]      :   FANN_ELLIOT
Cascade activation functions[5]      :   FANN_ELLIOT_SYMMETRIC
Cascade activation functions[6]      :   FANN_SIN_SYMMETRIC
Cascade activation functions[7]      :   FANN_COS_SYMMETRIC
Cascade activation functions[8]      :   FANN_SIN
Cascade activation functions[9]      :   FANN_COS
Cascade activation steepnesses[0]    :   0.250
Cascade activation steepnesses[1]    :   0.500
Cascade activation steepnesses[2]    :   0.750
Cascade activation steepnesses[3]    :   1.000
Cascade candidate groups             :   2
Cascade no. of candidates            :  80
Start training network with 2-algorithm in FANN
Max epochs     2000. Desired error: 0.0010000000.
Epochs            1. Current error: 0.0128856394. Bit fail 239.
Epochs          100. Current error: 0.0125551624. Bit fail 235.
Epochs          200. Current error: 0.0126962271. Bit fail 237.
Epochs          300. Current error: 0.0122709312. Bit fail 229.
Epochs          400. Current error: 0.0117358146. Bit fail 226.
Epochs          500. Current error: 0.0114328358. Bit fail 220.
Epochs          600. Current error: 0.0111744618. Bit fail 218.
Epochs          700. Current error: 0.0109983543. Bit fail 219.
Epochs          800. Current error: 0.0108032897. Bit fail 217.
Epochs          900. Current error: 0.0106398873. Bit fail 211.
Epochs         1000. Current error: 0.0103968587. Bit fail 209.
Epochs         1100. Current error: 0.0102330064. Bit fail 202.
Epochs         1200. Current error: 0.0101154624. Bit fail 199.
Epochs         1300. Current error: 0.0099862842. Bit fail 197.
Epochs         1400. Current error: 0.0098027717. Bit fail 190.
Epochs         1500. Current error: 0.0096640149. Bit fail 188.
Epochs         1600. Current error: 0.0095429476. Bit fail 185.
Epochs         1700. Current error: 0.0093815643. Bit fail 183.
Epochs         1800. Current error: 0.0092580700. Bit fail 178.
Epochs         1900. Current error: 0.0091418652. Bit fail 177.
Epochs         2000. Current error: 0.0090589114. Bit fail 177.
Time elpased for FANN training: 118.588742 seconds
Trained Network by GA+FANN is saved in 
./ALL_S6_959126400_hveto_channels_signif_dt_set_1_training_n70n10n1_c10_mr02_p50_g20_rmin-25_rmax25_gsigma10_y1001_z03333_f05g09_m2000.net.
Total Running Time: 154.966582 seconds
