Creating network.
The layer structure is following:
[70, 100, 1]
Setting newtork parameters
Getting training data : ALL_S6_959126400_hveto_channels_signif_dt_set_5_training.pat
Setting GA training parameters
Start running GA
Gen. 0 (0.00%): Max/Min/Avg Fitness(Raw) [25.95(58.81)/19.23(1.02)/21.62(21.62)]
Gen. 1 (5.00%): Max/Min/Avg Fitness(Raw) [40.29(67.92)/27.21(1.02)/33.58(33.58)]
Gen. 2 (10.00%): Max/Min/Avg Fitness(Raw) [44.28(74.70)/29.90(1.02)/36.90(36.90)]
Gen. 3 (15.00%): Max/Min/Avg Fitness(Raw) [42.02(81.71)/29.92(1.02)/35.02(35.02)]
Gen. 4 (20.00%): Max/Min/Avg Fitness(Raw) [44.67(87.67)/31.88(1.02)/37.23(37.23)]
Gen. 5 (25.00%): Max/Min/Avg Fitness(Raw) [50.92(91.05)/35.21(1.02)/42.44(42.44)]
Gen. 6 (30.00%): Max/Min/Avg Fitness(Raw) [46.20(91.76)/33.08(1.02)/38.50(38.50)]
Gen. 7 (35.00%): Max/Min/Avg Fitness(Raw) [46.47(95.32)/33.57(1.02)/38.73(38.73)]
Gen. 8 (40.00%): Max/Min/Avg Fitness(Raw) [47.28(95.32)/33.99(1.02)/39.40(39.40)]
Gen. 9 (45.00%): Max/Min/Avg Fitness(Raw) [47.28(95.32)/33.99(1.02)/39.40(39.40)]
Gen. 10 (50.00%): Max/Min/Avg Fitness(Raw) [46.47(95.61)/33.59(1.02)/38.72(38.72)]
Gen. 11 (55.00%): Max/Min/Avg Fitness(Raw) [47.26(97.71)/34.20(1.02)/39.38(39.38)]
Gen. 12 (60.00%): Max/Min/Avg Fitness(Raw) [47.50(97.87)/34.35(1.02)/39.59(39.59)]
Gen. 13 (65.00%): Max/Min/Avg Fitness(Raw) [48.02(100.04)/34.82(1.02)/40.02(40.02)]
Gen. 14 (70.00%): Max/Min/Avg Fitness(Raw) [43.89(102.08)/32.60(1.02)/36.57(36.57)]
Gen. 15 (75.00%): Max/Min/Avg Fitness(Raw) [46.20(103.83)/34.08(1.02)/38.50(38.50)]
Gen. 16 (80.00%): Max/Min/Avg Fitness(Raw) [44.40(105.51)/33.12(1.02)/37.00(37.00)]
Gen. 17 (85.00%): Max/Min/Avg Fitness(Raw) [43.88(105.51)/32.79(1.02)/36.56(36.56)]
Gen. 18 (90.00%): Max/Min/Avg Fitness(Raw) [43.55(105.51)/32.59(1.02)/36.29(36.29)]
Gen. 19 (95.00%): Max/Min/Avg Fitness(Raw) [43.58(106.69)/32.67(1.02)/36.31(36.31)]
Gen. 20 (100.00%): Max/Min/Avg Fitness(Raw) [46.33(107.53)/34.40(1.02)/38.61(38.61)]
Total time elapsed: 77691.036 seconds.
GA MSE : 0.976872
Best initial connection wetighs are set on Network
Setting FANN training parameters
Input layer                          :  70 neurons, 1 bias
  Hidden layer                       : 100 neurons, 1 bias
Output layer                         :   1 neurons
Total neurons and biases             : 173
Total connections                    :3701
Connection rate                      :   0.500
Network type                         :   FANN_NETTYPE_LAYER
Training algorithm                   :   FANN_TRAIN_RPROP
Training error function              :   FANN_ERRORFUNC_TANH
Training stop function               :   FANN_STOPFUNC_MSE
Bit fail limit                       :   0.350
Learning rate                        :   0.700
Learning momentum                    :   0.000
Quickprop decay                      :  -0.000100
Quickprop mu                         :   1.750
RPROP increase factor                :   1.001
RPROP decrease factor                :   0.500
RPROP delta min                      :   0.000
RPROP delta max                      :  50.000
Cascade output change fraction       :   0.010000
Cascade candidate change fraction    :   0.010000
Cascade output stagnation epochs     :  12
Cascade candidate stagnation epochs  :  12
Cascade max output epochs            : 150
Cascade max candidate epochs         : 150
Cascade weight multiplier            :   0.400
Cascade candidate limit              :1000.000
Cascade activation functions[0]      :   FANN_SIGMOID
Cascade activation functions[1]      :   FANN_SIGMOID_SYMMETRIC
Cascade activation functions[2]      :   FANN_GAUSSIAN
Cascade activation functions[3]      :   FANN_GAUSSIAN_SYMMETRIC
Cascade activation functions[4]      :   FANN_ELLIOT
Cascade activation functions[5]      :   FANN_ELLIOT_SYMMETRIC
Cascade activation functions[6]      :   FANN_SIN_SYMMETRIC
Cascade activation functions[7]      :   FANN_COS_SYMMETRIC
Cascade activation functions[8]      :   FANN_SIN
Cascade activation functions[9]      :   FANN_COS
Cascade activation steepnesses[0]    :   0.250
Cascade activation steepnesses[1]    :   0.500
Cascade activation steepnesses[2]    :   0.750
Cascade activation steepnesses[3]    :   1.000
Cascade candidate groups             :   2
Cascade no. of candidates            :  80
Start training network with 2-algorithm in FANN
Max epochs     4000. Desired error: 0.0010000000.
Epochs            1. Current error: 0.0092995092. Bit fail 168.
Epochs          100. Current error: 0.0099915639. Bit fail 210.
Epochs          200. Current error: 0.0091925859. Bit fail 196.
Epochs          300. Current error: 0.0087771844. Bit fail 200.
Epochs          400. Current error: 0.0082787927. Bit fail 191.
Epochs          500. Current error: 0.0079135383. Bit fail 176.
Epochs          600. Current error: 0.0077259899. Bit fail 171.
Epochs          700. Current error: 0.0074236500. Bit fail 165.
Epochs          800. Current error: 0.0073291566. Bit fail 165.
Epochs          900. Current error: 0.0072629433. Bit fail 166.
Epochs         1000. Current error: 0.0070745461. Bit fail 168.
Epochs         1100. Current error: 0.0068971678. Bit fail 158.
Epochs         1200. Current error: 0.0067669628. Bit fail 156.
Epochs         1300. Current error: 0.0066518555. Bit fail 152.
Epochs         1400. Current error: 0.0065760138. Bit fail 153.
Epochs         1500. Current error: 0.0065207728. Bit fail 149.
Epochs         1600. Current error: 0.0064572091. Bit fail 146.
Epochs         1700. Current error: 0.0063464395. Bit fail 144.
Epochs         1800. Current error: 0.0062668910. Bit fail 141.
Epochs         1900. Current error: 0.0061829109. Bit fail 141.
Epochs         2000. Current error: 0.0060914611. Bit fail 139.
Epochs         2100. Current error: 0.0060273502. Bit fail 138.
Epochs         2200. Current error: 0.0059699775. Bit fail 136.
Epochs         2300. Current error: 0.0059161214. Bit fail 136.
Epochs         2400. Current error: 0.0058496897. Bit fail 131.
Epochs         2500. Current error: 0.0057615917. Bit fail 129.
Epochs         2600. Current error: 0.0056911833. Bit fail 126.
Epochs         2700. Current error: 0.0056402516. Bit fail 126.
Epochs         2800. Current error: 0.0055629741. Bit fail 128.
Epochs         2900. Current error: 0.0055008987. Bit fail 126.
Epochs         3000. Current error: 0.0054557477. Bit fail 128.
Epochs         3100. Current error: 0.0053998311. Bit fail 127.
Epochs         3200. Current error: 0.0053584529. Bit fail 125.
Epochs         3300. Current error: 0.0053152824. Bit fail 120.
Epochs         3400. Current error: 0.0052557914. Bit fail 118.
Epochs         3500. Current error: 0.0052024676. Bit fail 117.
Epochs         3600. Current error: 0.0051457328. Bit fail 114.
Epochs         3700. Current error: 0.0051050237. Bit fail 113.
Epochs         3800. Current error: 0.0050624623. Bit fail 111.
Epochs         3900. Current error: 0.0050339932. Bit fail 109.
Epochs         4000. Current error: 0.0050038304. Bit fail 113.
Time elpased for FANN training: 1339.076114 seconds
Trained Network by GA+FANN is saved in 
./ALL_S6_959126400_hveto_channels_signif_dt_set_5_training_n70n100n1_c05_mr02_p5000_g20_rmin-25_rmax25_gsigma10_y1001_z05_f05g09_m4000.net.
Total Running Time: 79030.988999 seconds
