Creating network.
The layer structure is following:
[70, 10, 1]
Setting newtork parameters
Getting training data : ALL_S6_959126400_hveto_channels_signif_dt_set_8_training.pat
Setting GA training parameters
Start running GA
Gen. 0 (0.00%): Max/Min/Avg Fitness(Raw) [23.30(54.55)/17.39(1.02)/19.42(19.42)]
Gen. 1 (5.00%): Max/Min/Avg Fitness(Raw) [58.04(57.87)/0.00(1.02)/50.00(50.00)]
Gen. 2 (10.00%): Max/Min/Avg Fitness(Raw) [58.91(58.65)/0.00(1.02)/46.94(46.94)]
Gen. 3 (15.00%): Max/Min/Avg Fitness(Raw) [64.27(63.88)/0.00(1.02)/46.39(46.39)]
Gen. 4 (20.00%): Max/Min/Avg Fitness(Raw) [64.67(64.46)/0.00(1.02)/53.63(53.63)]
Gen. 5 (25.00%): Max/Min/Avg Fitness(Raw) [66.79(66.41)/0.00(1.02)/48.77(48.77)]
Gen. 6 (30.00%): Max/Min/Avg Fitness(Raw) [56.45(66.66)/24.97(1.02)/47.04(47.04)]
Gen. 7 (35.00%): Max/Min/Avg Fitness(Raw) [67.27(66.89)/0.00(1.02)/49.08(49.08)]
Gen. 8 (40.00%): Max/Min/Avg Fitness(Raw) [54.95(66.96)/26.42(1.02)/45.79(45.79)]
Gen. 9 (45.00%): Max/Min/Avg Fitness(Raw) [68.70(68.34)/0.00(1.02)/50.59(50.59)]
Gen. 10 (50.00%): Max/Min/Avg Fitness(Raw) [57.47(70.08)/27.66(1.02)/47.89(47.89)]
Gen. 11 (55.00%): Max/Min/Avg Fitness(Raw) [58.43(70.23)/27.14(1.02)/48.69(48.69)]
Gen. 12 (60.00%): Max/Min/Avg Fitness(Raw) [55.99(70.52)/28.81(1.02)/46.65(46.65)]
Gen. 13 (65.00%): Max/Min/Avg Fitness(Raw) [60.51(70.61)/25.74(1.02)/50.43(50.43)]
Gen. 14 (70.00%): Max/Min/Avg Fitness(Raw) [71.88(71.57)/0.00(1.02)/55.34(55.34)]
Gen. 15 (75.00%): Max/Min/Avg Fitness(Raw) [59.20(71.91)/28.21(1.02)/49.34(49.34)]
Gen. 16 (80.00%): Max/Min/Avg Fitness(Raw) [60.19(72.21)/27.80(1.02)/50.16(50.16)]
Gen. 17 (85.00%): Max/Min/Avg Fitness(Raw) [72.71(72.43)/0.00(1.02)/57.07(57.07)]
Gen. 18 (90.00%): Max/Min/Avg Fitness(Raw) [61.08(72.43)/27.31(1.02)/50.90(50.90)]
Gen. 19 (95.00%): Max/Min/Avg Fitness(Raw) [72.76(72.43)/0.00(1.03)/55.25(55.25)]
Gen. 20 (100.00%): Max/Min/Avg Fitness(Raw) [72.84(72.43)/0.00(1.02)/52.08(52.08)]
Total time elapsed: 35.181 seconds.
GA MSE : 0.977213
Best initial connection wetighs are set on Network
Setting FANN training parameters
Input layer                          :  70 neurons, 1 bias
  Hidden layer                       :  10 neurons, 1 bias
Output layer                         :   1 neurons
Total neurons and biases             :  83
Total connections                    : 721
Connection rate                      :   1.000
Network type                         :   FANN_NETTYPE_LAYER
Training algorithm                   :   FANN_TRAIN_RPROP
Training error function              :   FANN_ERRORFUNC_TANH
Training stop function               :   FANN_STOPFUNC_MSE
Bit fail limit                       :   0.350
Learning rate                        :   0.700
Learning momentum                    :   0.000
Quickprop decay                      :  -0.000100
Quickprop mu                         :   1.750
RPROP increase factor                :   1.001
RPROP decrease factor                :   0.500
RPROP delta min                      :   0.000
RPROP delta max                      :  50.000
Cascade output change fraction       :   0.010000
Cascade candidate change fraction    :   0.010000
Cascade output stagnation epochs     :  12
Cascade candidate stagnation epochs  :  12
Cascade max output epochs            : 150
Cascade max candidate epochs         : 150
Cascade weight multiplier            :   0.400
Cascade candidate limit              :1000.000
Cascade activation functions[0]      :   FANN_SIGMOID
Cascade activation functions[1]      :   FANN_SIGMOID_SYMMETRIC
Cascade activation functions[2]      :   FANN_GAUSSIAN
Cascade activation functions[3]      :   FANN_GAUSSIAN_SYMMETRIC
Cascade activation functions[4]      :   FANN_ELLIOT
Cascade activation functions[5]      :   FANN_ELLIOT_SYMMETRIC
Cascade activation functions[6]      :   FANN_SIN_SYMMETRIC
Cascade activation functions[7]      :   FANN_COS_SYMMETRIC
Cascade activation functions[8]      :   FANN_SIN
Cascade activation functions[9]      :   FANN_COS
Cascade activation steepnesses[0]    :   0.250
Cascade activation steepnesses[1]    :   0.500
Cascade activation steepnesses[2]    :   0.750
Cascade activation steepnesses[3]    :   1.000
Cascade candidate groups             :   2
Cascade no. of candidates            :  80
Start training network with 2-algorithm in FANN
Max epochs     2000. Desired error: 0.0010000000.
Epochs            1. Current error: 0.0138061093. Bit fail 250.
Epochs          100. Current error: 0.0128403250. Bit fail 240.
Epochs          200. Current error: 0.0123046404. Bit fail 249.
Epochs          300. Current error: 0.0117137078. Bit fail 254.
Epochs          400. Current error: 0.0113067180. Bit fail 232.
Epochs          500. Current error: 0.0110753840. Bit fail 222.
Epochs          600. Current error: 0.0108805494. Bit fail 223.
Epochs          700. Current error: 0.0106849065. Bit fail 224.
Epochs          800. Current error: 0.0105390968. Bit fail 225.
Epochs          900. Current error: 0.0104161138. Bit fail 226.
Epochs         1000. Current error: 0.0102987960. Bit fail 226.
Epochs         1100. Current error: 0.0101785334. Bit fail 224.
Epochs         1200. Current error: 0.0100562545. Bit fail 221.
Epochs         1300. Current error: 0.0098511092. Bit fail 220.
Epochs         1400. Current error: 0.0096653802. Bit fail 213.
Epochs         1500. Current error: 0.0094893193. Bit fail 208.
Epochs         1600. Current error: 0.0092697935. Bit fail 205.
Epochs         1700. Current error: 0.0089950543. Bit fail 199.
Epochs         1800. Current error: 0.0087389946. Bit fail 190.
Epochs         1900. Current error: 0.0085781794. Bit fail 184.
Epochs         2000. Current error: 0.0084213289. Bit fail 183.
Time elpased for FANN training: 120.108063 seconds
Trained Network by GA+FANN is saved in 
./ALL_S6_959126400_hveto_channels_signif_dt_set_8_training_n70n10n1_c10_mr02_p50_g20_rmin-25_rmax25_gsigma10_y1001_z05_f05g09_m2000.net.
Total Running Time: 155.709602 seconds
