Creating network.
The layer structure is following:
[70, 10, 1]
Setting newtork parameters
Getting training data : ALL_S6_959126400_hveto_channels_signif_dt_set_2_training.pat
Setting GA training parameters
Start running GA
Gen. 0 (0.00%): Max/Min/Avg Fitness(Raw) [23.04(51.82)/17.06(1.02)/19.20(19.20)]
Gen. 1 (5.00%): Max/Min/Avg Fitness(Raw) [54.47(54.24)/0.00(1.02)/44.27(44.27)]
Gen. 2 (10.00%): Max/Min/Avg Fitness(Raw) [42.42(56.70)/23.98(1.02)/35.35(35.35)]
Gen. 3 (15.00%): Max/Min/Avg Fitness(Raw) [48.74(57.37)/21.42(1.02)/40.62(40.62)]
Gen. 4 (20.00%): Max/Min/Avg Fitness(Raw) [59.69(59.36)/0.00(1.02)/45.09(45.09)]
Gen. 5 (25.00%): Max/Min/Avg Fitness(Raw) [51.41(60.06)/22.03(1.02)/42.85(42.85)]
Gen. 6 (30.00%): Max/Min/Avg Fitness(Raw) [49.11(62.18)/25.56(1.02)/40.92(40.92)]
Gen. 7 (35.00%): Max/Min/Avg Fitness(Raw) [63.71(63.36)/0.00(1.02)/47.62(47.62)]
Gen. 8 (40.00%): Max/Min/Avg Fitness(Raw) [54.89(64.97)/24.47(1.02)/45.74(45.74)]
Gen. 9 (45.00%): Max/Min/Avg Fitness(Raw) [48.75(65.21)/27.54(1.02)/40.62(40.62)]
Gen. 10 (50.00%): Max/Min/Avg Fitness(Raw) [52.05(65.74)/26.95(1.02)/43.38(43.38)]
Gen. 11 (55.00%): Max/Min/Avg Fitness(Raw) [53.67(65.99)/26.34(1.02)/44.72(44.72)]
Gen. 12 (60.00%): Max/Min/Avg Fitness(Raw) [53.64(66.07)/26.43(1.02)/44.70(44.70)]
Gen. 13 (65.00%): Max/Min/Avg Fitness(Raw) [66.46(66.12)/0.00(1.02)/49.77(49.77)]
Gen. 14 (70.00%): Max/Min/Avg Fitness(Raw) [56.88(66.86)/24.81(1.02)/47.40(47.40)]
Gen. 15 (75.00%): Max/Min/Avg Fitness(Raw) [53.33(67.11)/27.42(1.02)/44.44(44.44)]
Gen. 16 (80.00%): Max/Min/Avg Fitness(Raw) [48.00(68.54)/29.07(1.02)/40.00(40.00)]
Gen. 17 (85.00%): Max/Min/Avg Fitness(Raw) [57.40(69.08)/26.76(1.02)/47.84(47.84)]
Gen. 18 (90.00%): Max/Min/Avg Fitness(Raw) [56.93(69.08)/27.09(1.02)/47.44(47.44)]
Gen. 19 (95.00%): Max/Min/Avg Fitness(Raw) [50.91(69.08)/29.25(1.02)/42.42(42.42)]
Gen. 20 (100.00%): Max/Min/Avg Fitness(Raw) [57.98(69.08)/26.31(1.02)/48.31(48.31)]
Total time elapsed: 35.901 seconds.
GA MSE : 0.017377
Best initial connection wetighs are set on Network
Setting FANN training parameters
Input layer                          :  70 neurons, 1 bias
  Hidden layer                       :  10 neurons, 1 bias
Output layer                         :   1 neurons
Total neurons and biases             :  83
Total connections                    : 721
Connection rate                      :   1.000
Network type                         :   FANN_NETTYPE_LAYER
Training algorithm                   :   FANN_TRAIN_RPROP
Training error function              :   FANN_ERRORFUNC_TANH
Training stop function               :   FANN_STOPFUNC_MSE
Bit fail limit                       :   0.350
Learning rate                        :   0.700
Learning momentum                    :   0.000
Quickprop decay                      :  -0.000100
Quickprop mu                         :   1.750
RPROP increase factor                :   1.001
RPROP decrease factor                :   0.333
RPROP delta min                      :   0.000
RPROP delta max                      :  50.000
Cascade output change fraction       :   0.010000
Cascade candidate change fraction    :   0.010000
Cascade output stagnation epochs     :  12
Cascade candidate stagnation epochs  :  12
Cascade max output epochs            : 150
Cascade max candidate epochs         : 150
Cascade weight multiplier            :   0.400
Cascade candidate limit              :1000.000
Cascade activation functions[0]      :   FANN_SIGMOID
Cascade activation functions[1]      :   FANN_SIGMOID_SYMMETRIC
Cascade activation functions[2]      :   FANN_GAUSSIAN
Cascade activation functions[3]      :   FANN_GAUSSIAN_SYMMETRIC
Cascade activation functions[4]      :   FANN_ELLIOT
Cascade activation functions[5]      :   FANN_ELLIOT_SYMMETRIC
Cascade activation functions[6]      :   FANN_SIN_SYMMETRIC
Cascade activation functions[7]      :   FANN_COS_SYMMETRIC
Cascade activation functions[8]      :   FANN_SIN
Cascade activation functions[9]      :   FANN_COS
Cascade activation steepnesses[0]    :   0.250
Cascade activation steepnesses[1]    :   0.500
Cascade activation steepnesses[2]    :   0.750
Cascade activation steepnesses[3]    :   1.000
Cascade candidate groups             :   2
Cascade no. of candidates            :  80
Start training network with 2-algorithm in FANN
Max epochs     5000. Desired error: 0.0010000000.
Epochs            1. Current error: 0.0144753708. Bit fail 278.
Epochs          100. Current error: 0.0145735247. Bit fail 261.
Epochs          200. Current error: 0.0139142703. Bit fail 246.
Epochs          300. Current error: 0.0137018543. Bit fail 242.
Epochs          400. Current error: 0.0137018878. Bit fail 244.
Epochs          500. Current error: 0.0135049708. Bit fail 242.
Epochs          600. Current error: 0.0132402731. Bit fail 236.
Epochs          700. Current error: 0.0130260661. Bit fail 233.
Epochs          800. Current error: 0.0128675243. Bit fail 230.
Epochs          900. Current error: 0.0127048697. Bit fail 228.
Epochs         1000. Current error: 0.0125953583. Bit fail 227.
Epochs         1100. Current error: 0.0123773497. Bit fail 223.
Epochs         1200. Current error: 0.0121675292. Bit fail 226.
Epochs         1300. Current error: 0.0118932668. Bit fail 219.
Epochs         1400. Current error: 0.0115956832. Bit fail 215.
Epochs         1500. Current error: 0.0113906320. Bit fail 211.
Epochs         1600. Current error: 0.0111362524. Bit fail 205.
Epochs         1700. Current error: 0.0108465021. Bit fail 200.
Epochs         1800. Current error: 0.0105658788. Bit fail 194.
Epochs         1900. Current error: 0.0103896894. Bit fail 189.
Epochs         2000. Current error: 0.0102501819. Bit fail 184.
Epochs         2100. Current error: 0.0100572770. Bit fail 179.
Epochs         2200. Current error: 0.0097260671. Bit fail 176.
Epochs         2300. Current error: 0.0094372109. Bit fail 172.
Epochs         2400. Current error: 0.0091024814. Bit fail 166.
Epochs         2500. Current error: 0.0089124590. Bit fail 163.
Epochs         2600. Current error: 0.0086907195. Bit fail 161.
Epochs         2700. Current error: 0.0086450782. Bit fail 159.
Epochs         2800. Current error: 0.0085973321. Bit fail 158.
Epochs         2900. Current error: 0.0085829366. Bit fail 159.
Epochs         3000. Current error: 0.0085567692. Bit fail 158.
Epochs         3100. Current error: 0.0085477689. Bit fail 157.
Epochs         3200. Current error: 0.0085444981. Bit fail 158.
Epochs         3300. Current error: 0.0085411062. Bit fail 158.
Epochs         3400. Current error: 0.0085423915. Bit fail 156.
Epochs         3500. Current error: 0.0085147480. Bit fail 156.
Epochs         3600. Current error: 0.0084978398. Bit fail 155.
Epochs         3700. Current error: 0.0084798187. Bit fail 155.
Epochs         3800. Current error: 0.0084342705. Bit fail 155.
Epochs         3900. Current error: 0.0083578797. Bit fail 153.
Epochs         4000. Current error: 0.0083296355. Bit fail 153.
Epochs         4100. Current error: 0.0082912408. Bit fail 152.
Epochs         4200. Current error: 0.0082683377. Bit fail 152.
Epochs         4300. Current error: 0.0082405731. Bit fail 149.
Epochs         4400. Current error: 0.0081939809. Bit fail 149.
Epochs         4500. Current error: 0.0081658782. Bit fail 148.
Epochs         4600. Current error: 0.0081313681. Bit fail 146.
Epochs         4700. Current error: 0.0080924509. Bit fail 145.
Epochs         4800. Current error: 0.0080796434. Bit fail 146.
Epochs         4900. Current error: 0.0080721425. Bit fail 145.
Epochs         5000. Current error: 0.0080357129. Bit fail 145.
Time elpased for FANN training: 295.392151 seconds
Trained Network by GA+FANN is saved in 
./ALL_S6_959126400_hveto_channels_signif_dt_set_2_training_n70n10n1_c10_mr02_p50_g20_rmin-25_rmax25_gsigma10_y1001_z03333_f05g09_m5000.net.
Total Running Time: 331.706290 seconds
