Creating network.
The layer structure is following:
[70, 100, 1]
Setting newtork parameters
Getting training data : ALL_S6_959126400_hveto_channels_signif_dt_set_3_training.pat
Setting GA training parameters
Start running GA
Gen. 0 (0.00%): Max/Min/Avg Fitness(Raw) [25.22(54.15)/18.48(1.02)/21.02(21.02)]
Gen. 1 (5.00%): Max/Min/Avg Fitness(Raw) [36.64(57.55)/23.86(1.02)/30.54(30.54)]
Gen. 2 (10.00%): Max/Min/Avg Fitness(Raw) [47.42(61.84)/25.89(1.02)/39.52(39.52)]
Gen. 3 (15.00%): Max/Min/Avg Fitness(Raw) [42.59(66.21)/27.53(1.02)/35.49(35.49)]
Gen. 4 (20.00%): Max/Min/Avg Fitness(Raw) [49.24(66.21)/27.99(1.02)/41.03(41.03)]
Gen. 5 (25.00%): Max/Min/Avg Fitness(Raw) [42.97(66.85)/27.78(1.02)/35.81(35.81)]
Gen. 6 (30.00%): Max/Min/Avg Fitness(Raw) [46.22(67.12)/28.42(1.02)/38.52(38.52)]
Gen. 7 (35.00%): Max/Min/Avg Fitness(Raw) [37.84(67.12)/26.12(1.02)/31.53(31.53)]
Gen. 8 (40.00%): Max/Min/Avg Fitness(Raw) [38.79(67.12)/26.51(1.02)/32.32(32.32)]
Gen. 9 (45.00%): Max/Min/Avg Fitness(Raw) [36.17(69.42)/25.67(1.02)/30.14(30.14)]
Gen. 10 (50.00%): Max/Min/Avg Fitness(Raw) [49.97(69.42)/29.46(1.02)/41.64(41.64)]
Gen. 11 (55.00%): Max/Min/Avg Fitness(Raw) [51.20(69.42)/29.38(1.02)/42.66(42.66)]
Gen. 12 (60.00%): Max/Min/Avg Fitness(Raw) [52.11(69.42)/29.26(1.02)/43.43(43.43)]
Gen. 13 (65.00%): Max/Min/Avg Fitness(Raw) [55.38(69.42)/28.25(1.03)/46.15(46.15)]
Gen. 14 (70.00%): Max/Min/Avg Fitness(Raw) [45.59(70.61)/29.38(1.02)/37.99(37.99)]
Gen. 15 (75.00%): Max/Min/Avg Fitness(Raw) [44.89(73.97)/29.96(1.02)/37.41(37.41)]
Gen. 16 (80.00%): Max/Min/Avg Fitness(Raw) [43.45(74.09)/29.48(1.02)/36.21(36.21)]
Gen. 17 (85.00%): Max/Min/Avg Fitness(Raw) [46.67(77.83)/31.33(1.02)/38.89(38.89)]
Gen. 18 (90.00%): Max/Min/Avg Fitness(Raw) [43.55(77.83)/30.13(1.02)/36.29(36.29)]
Gen. 19 (95.00%): Max/Min/Avg Fitness(Raw) [46.60(77.83)/31.30(1.02)/38.83(38.83)]
Gen. 20 (100.00%): Max/Min/Avg Fitness(Raw) [45.83(77.83)/31.03(1.02)/38.19(38.19)]
Total time elapsed: 356.771 seconds.
GA MSE : 0.018538
Best initial connection wetighs are set on Network
Setting FANN training parameters
Input layer                          :  70 neurons, 1 bias
  Hidden layer                       : 100 neurons, 1 bias
Output layer                         :   1 neurons
Total neurons and biases             : 173
Total connections                    :3701
Connection rate                      :   0.500
Network type                         :   FANN_NETTYPE_LAYER
Training algorithm                   :   FANN_TRAIN_RPROP
Training error function              :   FANN_ERRORFUNC_TANH
Training stop function               :   FANN_STOPFUNC_MSE
Bit fail limit                       :   0.350
Learning rate                        :   0.700
Learning momentum                    :   0.000
Quickprop decay                      :  -0.000100
Quickprop mu                         :   1.750
RPROP increase factor                :   1.001
RPROP decrease factor                :   0.500
RPROP delta min                      :   0.000
RPROP delta max                      :  50.000
Cascade output change fraction       :   0.010000
Cascade candidate change fraction    :   0.010000
Cascade output stagnation epochs     :  12
Cascade candidate stagnation epochs  :  12
Cascade max output epochs            : 150
Cascade max candidate epochs         : 150
Cascade weight multiplier            :   0.400
Cascade candidate limit              :1000.000
Cascade activation functions[0]      :   FANN_SIGMOID
Cascade activation functions[1]      :   FANN_SIGMOID_SYMMETRIC
Cascade activation functions[2]      :   FANN_GAUSSIAN
Cascade activation functions[3]      :   FANN_GAUSSIAN_SYMMETRIC
Cascade activation functions[4]      :   FANN_ELLIOT
Cascade activation functions[5]      :   FANN_ELLIOT_SYMMETRIC
Cascade activation functions[6]      :   FANN_SIN_SYMMETRIC
Cascade activation functions[7]      :   FANN_COS_SYMMETRIC
Cascade activation functions[8]      :   FANN_SIN
Cascade activation functions[9]      :   FANN_COS
Cascade activation steepnesses[0]    :   0.250
Cascade activation steepnesses[1]    :   0.500
Cascade activation steepnesses[2]    :   0.750
Cascade activation steepnesses[3]    :   1.000
Cascade candidate groups             :   2
Cascade no. of candidates            :  80
Start training network with 2-algorithm in FANN
Max epochs     4000. Desired error: 0.0010000000.
Epochs            1. Current error: 0.0128488792. Bit fail 231.
Epochs          100. Current error: 0.0118854418. Bit fail 235.
Epochs          200. Current error: 0.0103775496. Bit fail 204.
Epochs          300. Current error: 0.0098208068. Bit fail 198.
Epochs          400. Current error: 0.0094169695. Bit fail 193.
Epochs          500. Current error: 0.0092271296. Bit fail 192.
Epochs          600. Current error: 0.0088382214. Bit fail 191.
Epochs          700. Current error: 0.0086648157. Bit fail 189.
Epochs          800. Current error: 0.0085120304. Bit fail 181.
Epochs          900. Current error: 0.0083154254. Bit fail 182.
Epochs         1000. Current error: 0.0081473114. Bit fail 175.
Epochs         1100. Current error: 0.0077607711. Bit fail 173.
Epochs         1200. Current error: 0.0075338311. Bit fail 168.
Epochs         1300. Current error: 0.0073001245. Bit fail 162.
Epochs         1400. Current error: 0.0070723151. Bit fail 156.
Epochs         1500. Current error: 0.0068709091. Bit fail 152.
Epochs         1600. Current error: 0.0067470470. Bit fail 151.
Epochs         1700. Current error: 0.0066739032. Bit fail 144.
Epochs         1800. Current error: 0.0065625072. Bit fail 143.
Epochs         1900. Current error: 0.0064070201. Bit fail 138.
Epochs         2000. Current error: 0.0062848781. Bit fail 138.
Epochs         2100. Current error: 0.0061582439. Bit fail 136.
Epochs         2200. Current error: 0.0059514204. Bit fail 128.
Epochs         2300. Current error: 0.0058497572. Bit fail 122.
Epochs         2400. Current error: 0.0057708938. Bit fail 120.
Epochs         2500. Current error: 0.0056873360. Bit fail 120.
Epochs         2600. Current error: 0.0056011444. Bit fail 119.
Epochs         2700. Current error: 0.0055012633. Bit fail 116.
Epochs         2800. Current error: 0.0054242485. Bit fail 114.
Epochs         2900. Current error: 0.0053667026. Bit fail 113.
Epochs         3000. Current error: 0.0053121787. Bit fail 112.
Epochs         3100. Current error: 0.0052582542. Bit fail 112.
Epochs         3200. Current error: 0.0052036177. Bit fail 109.
Epochs         3300. Current error: 0.0051484429. Bit fail 109.
Epochs         3400. Current error: 0.0050760354. Bit fail 106.
Epochs         3500. Current error: 0.0050192610. Bit fail 101.
Epochs         3600. Current error: 0.0049748356. Bit fail 99.
Epochs         3700. Current error: 0.0049396362. Bit fail 95.
Epochs         3800. Current error: 0.0049065109. Bit fail 93.
Epochs         3900. Current error: 0.0048871390. Bit fail 93.
Epochs         4000. Current error: 0.0048614508. Bit fail 92.
Time elpased for FANN training: 1272.911559 seconds
Trained Network by GA+FANN is saved in 
./ALL_S6_959126400_hveto_channels_signif_dt_set_3_training_n70n100n1_c05_mr02_p50_g20_rmin-25_rmax25_gsigma10_y1001_z05_f05g09_m4000.net.
Total Running Time: 1630.245949 seconds
