Creating network.
The layer structure is following:
[70, 100, 1]
Setting newtork parameters
Getting training data : ALL_S6_959126400_hveto_channels_signif_dt_set_7_training.pat
Setting GA training parameters
Start running GA
Gen. 0 (0.00%): Max/Min/Avg Fitness(Raw) [25.39(61.81)/19.06(1.02)/21.16(21.16)]
Gen. 1 (5.00%): Max/Min/Avg Fitness(Raw) [35.84(67.50)/25.29(1.02)/29.87(29.87)]
Gen. 2 (10.00%): Max/Min/Avg Fitness(Raw) [42.77(73.38)/29.10(1.02)/35.64(35.64)]
Gen. 3 (15.00%): Max/Min/Avg Fitness(Raw) [41.50(76.21)/29.01(1.02)/34.59(34.59)]
Gen. 4 (20.00%): Max/Min/Avg Fitness(Raw) [43.34(79.54)/30.28(1.02)/36.11(36.11)]
Gen. 5 (25.00%): Max/Min/Avg Fitness(Raw) [41.76(80.42)/29.65(1.02)/34.80(34.80)]
Gen. 6 (30.00%): Max/Min/Avg Fitness(Raw) [43.69(82.70)/30.84(1.02)/36.40(36.40)]
Gen. 7 (35.00%): Max/Min/Avg Fitness(Raw) [42.23(83.82)/30.24(1.02)/35.19(35.19)]
Gen. 8 (40.00%): Max/Min/Avg Fitness(Raw) [43.22(84.94)/30.86(1.02)/36.01(36.01)]
Gen. 9 (45.00%): Max/Min/Avg Fitness(Raw) [42.26(86.10)/30.48(1.02)/35.22(35.22)]
Gen. 10 (50.00%): Max/Min/Avg Fitness(Raw) [43.28(89.13)/31.30(1.02)/36.07(36.07)]
Gen. 11 (55.00%): Max/Min/Avg Fitness(Raw) [43.71(91.62)/31.75(1.02)/36.42(36.42)]
Gen. 12 (60.00%): Max/Min/Avg Fitness(Raw) [46.58(93.29)/33.43(1.02)/38.82(38.82)]
Gen. 13 (65.00%): Max/Min/Avg Fitness(Raw) [50.13(97.56)/35.67(1.02)/41.78(41.78)]
Gen. 14 (70.00%):