Creating network.
The layer structure is following:
[70, 100, 1]
Setting newtork parameters
Getting training data : ALL_S6_959126400_hveto_channels_signif_dt_set_6_training.pat
Setting GA training parameters
Start running GA
Gen. 0 (0.00%): Max/Min/Avg Fitness(Raw) [24.78(59.27)/18.55(1.02)/20.65(20.65)]
Gen. 1 (5.00%): Max/Min/Avg Fitness(Raw) [46.24(72.51)/30.03(1.02)/38.53(38.53)]
Gen. 2 (10.00%): Max/Min/Avg Fitness(Raw) [51.53(79.42)/33.07(1.02)/42.94(42.94)]
Gen. 3 (15.00%): Max/Min/Avg Fitness(Raw) [54.32(84.00)/34.93(1.02)/45.27(45.27)]
Gen. 4 (20.00%): Max/Min/Avg Fitness(Raw) [51.73(86.24)/34.69(1.02)/43.11(43.11)]
Gen. 5 (25.00%): Max/Min/Avg Fitness(Raw) [54.62(87.31)/35.83(1.02)/45.51(45.51)]
Gen. 6 (30.00%): Max/Min/Avg Fitness(Raw) [51.14(90.10)/35.15(1.02)/42.62(42.62)]
Gen. 7 (35.00%): Max/Min/Avg Fitness(Raw) [52.40(91.89)/35.94(1.02)/43.66(43.66)]
Gen. 8 (40.00%): Max/Min/Avg Fitness(Raw) [50.27(93.48)/35.25(1.02)/41.89(41.89)]
Gen. 9 (45.00%): Max/Min/Avg Fitness(Raw) [52.40(95.56)/36.49(1.02)/43.66(43.66)]
Gen. 10 (50.00%): Max/Min/Avg Fitness(Raw) [50.47(97.08)/35.79(1.02)/42.06(42.06)]
Gen. 11 (55.00%): Max/Min/Avg Fitness(Raw) [50.58(99.56)/36.11(1.02)/42.15(42.15)]
Gen. 12 (60.00%): Max/Min/Avg Fitness(Raw) [51.62(99.56)/36.63(1.02)/43.01(43.01)]
Gen. 13 (65.00%): Max/Min/Avg Fitness(Raw) [51.71(101.84)/36.92(1.02)/43.09(43.09)]
Gen. 14 (70.00%): Max/Min/Avg Fitness(Raw) [57.75(101.84)/39.69(1.02)/48.13(48.13)]
Gen. 15 (75.00%): Max/Min/Avg Fitness(Raw) [57.03(102.71)/39.52(1.02)/47.53(47.53)]
Gen. 16 (80.00%): Max/Min/Avg Fitness(Raw) [55.20(102.71)/38.71(1.02)/46.00(46.00)]
Gen. 17 (85.00%): Max/Min/Avg Fitness(Raw) [55.04(102.91)/38.65(1.02)/45.86(45.86)]
Gen. 18 (90.00%): Max/Min/Avg Fitness(Raw) [54.41(102.91)/38.36(1.02)/45.34(45.34)]
Gen. 19 (95.00%): Max/Min/Avg Fitness(Raw) [54.17(102.91)/38.24(1.02)/45.14(45.14)]
Gen. 20 (100.00%): Max/Min/Avg Fitness(Raw) [54.19(103.10)/38.28(1.02)/45.16(45.16)]
Total time elapsed: 56374.628 seconds.
GA MSE : 0.100564
Best initial connection wetighs are set on Network
Setting FANN training parameters
Input layer                          :  70 neurons, 1 bias
  Hidden layer                       : 100 neurons, 1 bias
Output layer                         :   1 neurons
Total neurons and biases             : 173
Total connections                    :3701
Connection rate                      :   0.500
Network type                         :   FANN_NETTYPE_LAYER
Training algorithm                   :   FANN_TRAIN_RPROP
Training error function              :   FANN_ERRORFUNC_TANH
Training stop function               :   FANN_STOPFUNC_MSE
Bit fail limit                       :   0.350
Learning rate                        :   0.700
Learning momentum                    :   0.000
Quickprop decay                      :  -0.000100
Quickprop mu                         :   1.750
RPROP increase factor                :   1.001
RPROP decrease factor                :   0.333
RPROP delta min                      :   0.000
RPROP delta max                      :  50.000
Cascade output change fraction       :   0.010000
Cascade candidate change fraction    :   0.010000
Cascade output stagnation epochs     :  12
Cascade candidate stagnation epochs  :  12
Cascade max output epochs            : 150
Cascade max candidate epochs         : 150
Cascade weight multiplier            :   0.400
Cascade candidate limit              :1000.000
Cascade activation functions[0]      :   FANN_SIGMOID
Cascade activation functions[1]      :   FANN_SIGMOID_SYMMETRIC
Cascade activation functions[2]      :   FANN_GAUSSIAN
Cascade activation functions[3]      :   FANN_GAUSSIAN_SYMMETRIC
Cascade activation functions[4]      :   FANN_ELLIOT
Cascade activation functions[5]      :   FANN_ELLIOT_SYMMETRIC
Cascade activation functions[6]      :   FANN_SIN_SYMMETRIC
Cascade activation functions[7]      :   FANN_COS_SYMMETRIC
Cascade activation functions[8]      :   FANN_SIN
Cascade activation functions[9]      :   FANN_COS
Cascade activation steepnesses[0]    :   0.250
Cascade activation steepnesses[1]    :   0.500
Cascade activation steepnesses[2]    :   0.750
Cascade activation steepnesses[3]    :   1.000
Cascade candidate groups             :   2
Cascade no. of candidates            :  80
Start training network with 2-algorithm in FANN
Max epochs     8000. Desired error: 0.0010000000.
Epochs            1. Current error: 0.0096992329. Bit fail 177.
Epochs          100. Current error: 0.0101965992. Bit fail 203.
Epochs          200. Current error: 0.0098386006. Bit fail 196.
Epochs          300. Current error: 0.0100461105. Bit fail 203.
Epochs          400. Current error: 0.0096047875. Bit fail 196.
Epochs          500. Current error: 0.0093800426. Bit fail 189.
Epochs          600. Current error: 0.0093542626. Bit fail 191.
Epochs          700. Current error: 0.0093095172. Bit fail 186.
Epochs          800. Current error: 0.0092938859. Bit fail 190.
Epochs          900. Current error: 0.0092759030. Bit fail 186.
Epochs         1000. Current error: 0.0092083095. Bit fail 186.
Epochs         1100. Current error: 0.0092202257. Bit fail 188.
Epochs         1200. Current error: 0.0092114210. Bit fail 190.
Epochs         1300. Current error: 0.0091757113. Bit fail 189.
Epochs         1400. Current error: 0.0091434456. Bit fail 186.
Epochs         1500. Current error: 0.0091337478. Bit fail 185.
Epochs         1600. Current error: 0.0091076717. Bit fail 185.
Epochs         1700. Current error: 0.0090444498. Bit fail 185.
Epochs         1800. Current error: 0.0089813182. Bit fail 184.
Epochs         1900. Current error: 0.0089406865. Bit fail 186.
Epochs         2000. Current error: 0.0089052096. Bit fail 185.
Epochs         2100. Current error: 0.0088989325. Bit fail 184.
Epochs         2200. Current error: 0.0088757668. Bit fail 183.
Epochs         2300. Current error: 0.0088143907. Bit fail 183.
Epochs         2400. Current error: 0.0086375885. Bit fail 181.
Epochs         2500. Current error: 0.0084341764. Bit fail 176.
Epochs         2600. Current error: 0.0082881730. Bit fail 173.
Epochs         2700. Current error: 0.0081396559. Bit fail 172.
Epochs         2800. Current error: 0.0080886064. Bit fail 169.
Epochs         2900. Current error: 0.0079810424. Bit fail 170.
Epochs         3000. Current error: 0.0079191886. Bit fail 172.
Epochs         3100. Current error: 0.0078350799. Bit fail 173.
Epochs         3200. Current error: 0.0077607790. Bit fail 173.
Epochs         3300. Current error: 0.0076362747. Bit fail 166.
Epochs         3400. Current error: 0.0075166486. Bit fail 167.
Epochs         3500. Current error: 0.0074242270. Bit fail 163.
Epochs         3600. Current error: 0.0073299175. Bit fail 161.
Epochs         3700. Current error: 0.0072727539. Bit fail 157.
Epochs         3800. Current error: 0.0072424286. Bit fail 158.
Epochs         3900. Current error: 0.0072418014. Bit fail 159.
Epochs         4000. Current error: 0.0072061815. Bit fail 159.
Epochs         4100. Current error: 0.0071725659. Bit fail 155.
Epochs         4200. Current error: 0.0071773161. Bit fail 160.
Epochs         4300. Current error: 0.0071784621. Bit fail 167.
Epochs         4400. Current error: 0.0071665444. Bit fail 164.
Epochs         4500. Current error: 0.0071162330. Bit fail 163.
Epochs         4600. Current error: 0.0070616170. Bit fail 164.
Epochs         4700. Current error: 0.0070020836. Bit fail 163.
Epochs         4800. Current error: 0.0069180164. Bit fail 158.
Epochs         4900. Current error: 0.0068604774. Bit fail 157.
Epochs         5000. Current error: 0.0068391524. Bit fail 158.
Epochs         5100. Current error: 0.0068173702. Bit fail 156.
Epochs         5200. Current error: 0.0067590880. Bit fail 152.
Epochs         5300. Current error: 0.0067179888. Bit fail 149.
Epochs         5400. Current error: 0.0066679944. Bit fail 149.
Epochs         5500. Current error: 0.0066219312. Bit fail 145.
Epochs         5600. Current error: 0.0065760962. Bit fail 147.
Epochs         5700. Current error: 0.0065308022. Bit fail 142.
Epochs         5800. Current error: 0.0064773792. Bit fail 142.
Epochs         5900. Current error: 0.0064475266. Bit fail 143.
Epochs         6000. Current error: 0.0064028385. Bit fail 139.
Epochs         6100. Current error: 0.0063457913. Bit fail 134.
Epochs         6200. Current error: 0.0062865964. Bit fail 132.
Epochs         6300. Current error: 0.0062374733. Bit fail 135.
Epochs         6400. Current error: 0.0061749378. Bit fail 131.
Epochs         6500. Current error: 0.0061107539. Bit fail 128.
Epochs         6600. Current error: 0.0060578519. Bit fail 127.
Epochs         6700. Current error: 0.0060104537. Bit fail 128.
Epochs         6800. Current error: 0.0059853736. Bit fail 126.
Epochs         6900. Current error: 0.0059425891. Bit fail 127.
Epochs         7000. Current error: 0.0058935448. Bit fail 128.
Epochs         7100. Current error: 0.0058946279. Bit fail 127.
Epochs         7200. Current error: 0.0058784094. Bit fail 126.
Epochs         7300. Current error: 0.0058633452. Bit fail 125.
Epochs         7400. Current error: 0.0058188224. Bit fail 123.
Epochs         7500. Current error: 0.0058086934. Bit fail 124.
Epochs         7600. Current error: 0.0057634967. Bit fail 124.
Epochs         7700. Current error: 0.0057558655. Bit fail 124.
Epochs         7800. Current error: 0.0057353871. Bit fail 124.
Epochs         7900. Current error: 0.0057117059. Bit fail 123.
Epochs         8000. Current error: 0.0056867502. Bit fail 122.
Time elpased for FANN training: 2530.323246 seconds
Trained Network by GA+FANN is saved in 
./ALL_S6_959126400_hveto_channels_signif_dt_set_6_training_n70n100n1_c05_mr02_p5000_g20_rmin-25_rmax25_gsigma10_y1001_z03333_f05g09_m8000.net.
Total Running Time: 58905.667248 seconds
