Creating network.
The layer structure is following:
[70, 100, 1]
Setting newtork parameters
Getting training data : ALL_S6_959126400_hveto_channels_signif_dt_set_2_training.pat
Setting GA training parameters
Start running GA
Gen. 0 (0.00%): Max/Min/Avg Fitness(Raw) [24.96(57.31)/18.54(1.02)/20.80(20.80)]
Gen. 1 (5.00%): Max/Min/Avg Fitness(Raw) [38.24(65.02)/25.94(1.02)/31.87(31.87)]
Gen. 2 (10.00%): Max/Min/Avg Fitness(Raw) [39.74(67.50)/26.93(1.02)/33.11(33.11)]
Gen. 3 (15.00%): Max/Min/Avg Fitness(Raw) [47.79(72.45)/30.35(1.02)/39.82(39.82)]
Gen. 4 (20.00%): Max/Min/Avg Fitness(Raw) [36.17(81.92)/26.75(1.02)/30.14(30.14)]
Gen. 5 (25.00%): Max/Min/Avg Fitness(Raw) [42.78(84.57)/30.60(1.02)/35.65(35.65)]
Gen. 6 (30.00%): Max/Min/Avg Fitness(Raw) [44.93(90.22)/32.27(1.02)/37.44(37.44)]
Gen. 7 (35.00%): Max/Min/Avg Fitness(Raw) [39.70(92.99)/29.54(1.02)/33.09(33.09)]
Gen. 8 (40.00%): Max/Min/Avg Fitness(Raw) [42.15(94.89)/31.12(1.02)/35.12(35.12)]
Gen. 9 (45.00%): Max/Min/Avg Fitness(Raw) [47.95(96.14)/34.42(1.02)/39.96(39.96)]
Gen. 10 (50.00%): Max/Min/Avg Fitness(Raw) [49.26(97.13)/35.19(1.02)/41.05(41.05)]
Gen. 11 (55.00%): Max/Min/Avg Fitness(Raw) [50.10(99.33)/35.84(1.02)/41.75(41.75)]
Gen. 12 (60.00%): Max/Min/Avg Fitness(Raw) [49.93(103.88)/36.18(1.02)/41.61(41.61)]
Gen. 13 (65.00%): Max/Min/Avg Fitness(Raw) [50.66(104.74)/36.65(1.02)/42.22(42.22)]
Gen. 14 (70.00%): Max/Min/Avg Fitness(Raw) [51.01(104.74)/36.84(1.02)/42.51(42.51)]
Gen. 15 (75.00%): Max/Min/Avg Fitness(Raw) [51.39(104.74)/37.04(1.02)/42.83(42.83)]
Gen. 16 (80.00%): Max/Min/Avg Fitness(Raw) [50.83(105.16)/36.78(1.02)/42.36(42.36)]
Gen. 17 (85.00%): Max/Min/Avg Fitness(Raw) [51.73(105.16)/37.26(1.02)/43.11(43.11)]
Gen. 18 (90.00%): Max/Min/Avg Fitness(Raw) [51.30(105.16)/37.03(1.02)/42.75(42.75)]
Gen. 19 (95.00%): Max/Min/Avg Fitness(Raw) [50.96(105.16)/36.85(1.02)/42.47(42.47)]
Gen. 20 (100.00%): Max/Min/Avg Fitness(Raw) [51.31(105.16)/37.04(1.02)/42.76(42.76)]
Total time elapsed: 77691.990 seconds.
GA MSE : 0.015739
Best initial connection wetighs are set on Network
Setting FANN training parameters
Input layer                          :  70 neurons, 1 bias
  Hidden layer                       : 100 neurons, 1 bias
Output layer                         :   1 neurons
Total neurons and biases             : 173
Total connections                    :3701
Connection rate                      :   0.500
Network type                         :   FANN_NETTYPE_LAYER
Training algorithm                   :   FANN_TRAIN_RPROP
Training error function              :   FANN_ERRORFUNC_TANH
Training stop function               :   FANN_STOPFUNC_MSE
Bit fail limit                       :   0.350
Learning rate                        :   0.700
Learning momentum                    :   0.000
Quickprop decay                      :  -0.000100
Quickprop mu                         :   1.750
RPROP increase factor                :   1.001
RPROP decrease factor                :   0.500
RPROP delta min                      :   0.000
RPROP delta max                      :  50.000
Cascade output change fraction       :   0.010000
Cascade candidate change fraction    :   0.010000
Cascade output stagnation epochs     :  12
Cascade candidate stagnation epochs  :  12
Cascade max output epochs            : 150
Cascade max candidate epochs         : 150
Cascade weight multiplier            :   0.400
Cascade candidate limit              :1000.000
Cascade activation functions[0]      :   FANN_SIGMOID
Cascade activation functions[1]      :   FANN_SIGMOID_SYMMETRIC
Cascade activation functions[2]      :   FANN_GAUSSIAN
Cascade activation functions[3]      :   FANN_GAUSSIAN_SYMMETRIC
Cascade activation functions[4]      :   FANN_ELLIOT
Cascade activation functions[5]      :   FANN_ELLIOT_SYMMETRIC
Cascade activation functions[6]      :   FANN_SIN_SYMMETRIC
Cascade activation functions[7]      :   FANN_COS_SYMMETRIC
Cascade activation functions[8]      :   FANN_SIN
Cascade activation functions[9]      :   FANN_COS
Cascade activation steepnesses[0]    :   0.250
Cascade activation steepnesses[1]    :   0.500
Cascade activation steepnesses[2]    :   0.750
Cascade activation steepnesses[3]    :   1.000
Cascade candidate groups             :   2
Cascade no. of candidates            :  80
Start training network with 2-algorithm in FANN
Max epochs     4000. Desired error: 0.0010000000.
Epochs            1. Current error: 0.0095096584. Bit fail 169.
Epochs          100. Current error: 0.0098822555. Bit fail 192.
Epochs          200. Current error: 0.0096679460. Bit fail 195.
Epochs          300. Current error: 0.0091072004. Bit fail 191.
Epochs          400. Current error: 0.0084823743. Bit fail 182.
Epochs          500. Current error: 0.0078907888. Bit fail 161.
Epochs          600. Current error: 0.0076658553. Bit fail 155.
Epochs          700. Current error: 0.0075344057. Bit fail 151.
Epochs          800. Current error: 0.0074337535. Bit fail 151.
Epochs          900. Current error: 0.0073562330. Bit fail 147.
Epochs         1000. Current error: 0.0072691636. Bit fail 150.
Epochs         1100. Current error: 0.0071839923. Bit fail 150.
Epochs         1200. Current error: 0.0070322417. Bit fail 150.
Epochs         1300. Current error: 0.0069080926. Bit fail 144.
Epochs         1400. Current error: 0.0068255877. Bit fail 138.
Epochs         1500. Current error: 0.0067455014. Bit fail 136.
Epochs         1600. Current error: 0.0066729020. Bit fail 133.
Epochs         1700. Current error: 0.0066142716. Bit fail 131.
Epochs         1800. Current error: 0.0065642837. Bit fail 132.
Epochs         1900. Current error: 0.0065041985. Bit fail 131.
Epochs         2000. Current error: 0.0063874926. Bit fail 127.
Epochs         2100. Current error: 0.0062386240. Bit fail 125.
Epochs         2200. Current error: 0.0061803106. Bit fail 122.
Epochs         2300. Current error: 0.0061339298. Bit fail 122.
Epochs         2400. Current error: 0.0060758609. Bit fail 117.
Epochs         2500. Current error: 0.0060328711. Bit fail 117.
Epochs         2600. Current error: 0.0060046557. Bit fail 116.
Epochs         2700. Current error: 0.0059406008. Bit fail 117.
Epochs         2800. Current error: 0.0059049954. Bit fail 116.
Epochs         2900. Current error: 0.0058727609. Bit fail 116.
Epochs         3000. Current error: 0.0058453660. Bit fail 118.
Epochs         3100. Current error: 0.0057987883. Bit fail 116.
Epochs         3200. Current error: 0.0057830308. Bit fail 114.
Epochs         3300. Current error: 0.0057512936. Bit fail 117.
Epochs         3400. Current error: 0.0057168631. Bit fail 114.
Epochs         3500. Current error: 0.0056876191. Bit fail 113.
Epochs         3600. Current error: 0.0056667356. Bit fail 112.
Epochs         3700. Current error: 0.0056345104. Bit fail 112.
Epochs         3800. Current error: 0.0056041395. Bit fail 111.
Epochs         3900. Current error: 0.0055764634. Bit fail 110.
Epochs         4000. Current error: 0.0055434112. Bit fail 110.
Time elpased for FANN training: 1266.821093 seconds
Trained Network by GA+FANN is saved in 
./ALL_S6_959126400_hveto_channels_signif_dt_set_2_training_n70n100n1_c05_mr02_p5000_g20_rmin-25_rmax25_gsigma10_y1001_z05_f05g09_m4000.net.
Total Running Time: 78959.511169 seconds
