Creating network.
The layer structure is following:
[70, 100, 1]
Setting newtork parameters
Getting training data : ALL_S6_959126400_hveto_channels_signif_dt_set_1_training.pat
Setting GA training parameters
Start running GA
Gen. 0 (0.00%): Max/Min/Avg Fitness(Raw) [25.62(59.69)/19.08(1.02)/21.35(21.35)]
Gen. 1 (5.00%): Max/Min/Avg Fitness(Raw) [41.76(70.13)/28.15(1.02)/34.80(34.80)]
Gen. 2 (10.00%): Max/Min/Avg Fitness(Raw) [37.76(76.73)/27.23(1.02)/31.47(31.47)]
Gen. 3 (15.00%): Max/Min/Avg Fitness(Raw) [38.58(84.67)/28.34(1.02)/32.15(32.15)]
Gen. 4 (20.00%): Max/Min/Avg Fitness(Raw) [39.74(87.78)/29.23(1.02)/33.12(33.12)]
Gen. 5 (25.00%): Max/Min/Avg Fitness(Raw) [41.45(93.51)/30.61(1.02)/34.54(34.54)]
Gen. 6 (30.00%): Max/Min/Avg Fitness(Raw) [47.39(94.04)/33.92(1.02)/39.49(39.49)]
Gen. 7 (35.00%): Max/Min/Avg Fitness(Raw) [45.41(94.04)/32.88(1.02)/37.84(37.84)]
Gen. 8 (40.00%): Max/Min/Avg Fitness(Raw) [45.86(94.94)/33.21(1.02)/38.22(38.22)]
Gen. 9 (45.00%): Max/Min/Avg Fitness(Raw) [46.39(94.94)/33.49(1.02)/38.66(38.66)]
Gen. 10 (50.00%): Max/Min/Avg Fitness(Raw) [44.83(94.94)/32.65(1.02)/37.36(37.36)]
Gen. 11 (55.00%): Max/Min/Avg Fitness(Raw) [45.07(94.94)/32.78(1.02)/37.56(37.56)]
Gen. 12 (60.00%): Max/Min/Avg Fitness(Raw) [45.49(94.94)/33.01(1.02)/37.91(37.91)]
Gen. 13 (65.00%): Max/Min/Avg Fitness(Raw) [45.48(94.97)/33.00(1.02)/37.90(37.90)]
Gen. 14 (70.00%): Max/Min/Avg Fitness(Raw) [50.31(95.87)/35.57(1.02)/41.93(41.93)]
Gen. 15 (75.00%): Max/Min/Avg Fitness(Raw) [49.78(96.69)/35.40(1.02)/41.48(41.48)]
Gen. 16 (80.00%): Max/Min/Avg Fitness(Raw) [46.74(98.02)/33.95(1.02)/38.95(38.95)]
Gen. 17 (85.00%): Max/Min/Avg Fitness(Raw) [46.01(98.02)/33.55(1.02)/38.35(38.35)]
Gen. 18 (90.00%): Max/Min/Avg Fitness(Raw) [45.27(98.63)/33.18(1.02)/37.72(37.72)]
Gen. 19 (95.00%): Max/Min/Avg Fitness(Raw) [44.96(98.63)/33.00(1.02)/37.47(37.47)]
Gen. 20 (100.00%): Max/Min/Avg Fitness(Raw) [45.49(98.63)/33.30(1.02)/37.90(37.90)]
Total time elapsed: 81604.122 seconds.
GA MSE : 0.976781
Best initial connection wetighs are set on Network
Setting FANN training parameters
Input layer                          :  70 neurons, 1 bias
  Hidden layer                       : 100 neurons, 1 bias
Output layer                         :   1 neurons
Total neurons and biases             : 173
Total connections                    :3701
Connection rate                      :   0.500
Network type                         :   FANN_NETTYPE_LAYER
Training algorithm                   :   FANN_TRAIN_RPROP
Training error function              :   FANN_ERRORFUNC_TANH
Training stop function               :   FANN_STOPFUNC_MSE
Bit fail limit                       :   0.350
Learning rate                        :   0.700
Learning momentum                    :   0.000
Quickprop decay                      :  -0.000100
Quickprop mu                         :   1.750
RPROP increase factor                :   1.001
RPROP decrease factor                :   0.333
RPROP delta min                      :   0.000
RPROP delta max                      :  50.000
Cascade output change fraction       :   0.010000
Cascade candidate change fraction    :   0.010000
Cascade output stagnation epochs     :  12
Cascade candidate stagnation epochs  :  12
Cascade max output epochs            : 150
Cascade max candidate epochs         : 150
Cascade weight multiplier            :   0.400
Cascade candidate limit              :1000.000
Cascade activation functions[0]      :   FANN_SIGMOID
Cascade activation functions[1]      :   FANN_SIGMOID_SYMMETRIC
Cascade activation functions[2]      :   FANN_GAUSSIAN
Cascade activation functions[3]      :   FANN_GAUSSIAN_SYMMETRIC
Cascade activation functions[4]      :   FANN_ELLIOT
Cascade activation functions[5]      :   FANN_ELLIOT_SYMMETRIC
Cascade activation functions[6]      :   FANN_SIN_SYMMETRIC
Cascade activation functions[7]      :   FANN_COS_SYMMETRIC
Cascade activation functions[8]      :   FANN_SIN
Cascade activation functions[9]      :   FANN_COS
Cascade activation steepnesses[0]    :   0.250
Cascade activation steepnesses[1]    :   0.500
Cascade activation steepnesses[2]    :   0.750
Cascade activation steepnesses[3]    :   1.000
Cascade candidate groups             :   2
Cascade no. of candidates            :  80
Start training network with 2-algorithm in FANN
Max epochs     8000. Desired error: 0.0010000000.
Epochs            1. Current error: 0.0101386886. Bit fail 183.
Epochs          100. Current error: 0.0110614495. Bit fail 231.
Epochs          200. Current error: 0.0102545824. Bit fail 207.
Epochs          300. Current error: 0.0097691845. Bit fail 201.
Epochs          400. Current error: 0.0095325783. Bit fail 196.
Epochs          500. Current error: 0.0093905544. Bit fail 191.
Epochs          600. Current error: 0.0092383977. Bit fail 184.
Epochs          700. Current error: 0.0091106454. Bit fail 185.
Epochs          800. Current error: 0.0089354878. Bit fail 186.
Epochs          900. Current error: 0.0087914523. Bit fail 183.
Epochs         1000. Current error: 0.0085813394. Bit fail 173.
Epochs         1100. Current error: 0.0084363967. Bit fail 167.
Epochs         1200. Current error: 0.0083298581. Bit fail 166.
Epochs         1300. Current error: 0.0082136858. Bit fail 162.
Epochs         1400. Current error: 0.0080817705. Bit fail 164.
Epochs         1500. Current error: 0.0080072405. Bit fail 165.
Epochs         1600. Current error: 0.0078517841. Bit fail 169.
Epochs         1700. Current error: 0.0077363281. Bit fail 163.
Epochs         1800. Current error: 0.0076209777. Bit fail 153.
Epochs         1900. Current error: 0.0075391238. Bit fail 152.
Epochs         2000. Current error: 0.0073986100. Bit fail 149.
Epochs         2100. Current error: 0.0072779884. Bit fail 152.
Epochs         2200. Current error: 0.0071544508. Bit fail 153.
Epochs         2300. Current error: 0.0070138448. Bit fail 144.
Epochs         2400. Current error: 0.0068444684. Bit fail 140.
Epochs         2500. Current error: 0.0067239376. Bit fail 133.
Epochs         2600. Current error: 0.0066618179. Bit fail 134.
Epochs         2700. Current error: 0.0066377143. Bit fail 135.
Epochs         2800. Current error: 0.0065999525. Bit fail 135.
Epochs         2900. Current error: 0.0065607824. Bit fail 133.
Epochs         3000. Current error: 0.0065227468. Bit fail 135.
Epochs         3100. Current error: 0.0064748605. Bit fail 139.
Epochs         3200. Current error: 0.0064255511. Bit fail 137.
Epochs         3300. Current error: 0.0063643125. Bit fail 130.
Epochs         3400. Current error: 0.0063111251. Bit fail 128.
Epochs         3500. Current error: 0.0062433509. Bit fail 128.
Epochs         3600. Current error: 0.0061826827. Bit fail 124.
Epochs         3700. Current error: 0.0061125029. Bit fail 129.
Epochs         3800. Current error: 0.0060658078. Bit fail 125.
Epochs         3900. Current error: 0.0059954347. Bit fail 126.
Epochs         4000. Current error: 0.0059332652. Bit fail 123.
Epochs         4100. Current error: 0.0059251497. Bit fail 121.
Epochs         4200. Current error: 0.0058964104. Bit fail 120.
Epochs         4300. Current error: 0.0058742194. Bit fail 119.
Epochs         4400. Current error: 0.0058451672. Bit fail 116.
Epochs         4500. Current error: 0.0058273459. Bit fail 115.
Epochs         4600. Current error: 0.0057922709. Bit fail 114.
Epochs         4700. Current error: 0.0057668067. Bit fail 112.
Epochs         4800. Current error: 0.0057526827. Bit fail 113.
Epochs         4900. Current error: 0.0057224543. Bit fail 115.
Epochs         5000. Current error: 0.0056519778. Bit fail 114.
Epochs         5100. Current error: 0.0056305830. Bit fail 112.
Epochs         5200. Current error: 0.0056152935. Bit fail 113.
Epochs         5300. Current error: 0.0055954913. Bit fail 114.
Epochs         5400. Current error: 0.0055864914. Bit fail 112.
Epochs         5500. Current error: 0.0055641248. Bit fail 109.
Epochs         5600. Current error: 0.0055402829. Bit fail 110.
Epochs         5700. Current error: 0.0055094855. Bit fail 108.
Epochs         5800. Current error: 0.0054857046. Bit fail 107.
Epochs         5900. Current error: 0.0054668593. Bit fail 109.
Epochs         6000. Current error: 0.0054481565. Bit fail 109.
Epochs         6100. Current error: 0.0054415856. Bit fail 110.
Epochs         6200. Current error: 0.0054217060. Bit fail 110.
Epochs         6300. Current error: 0.0054113097. Bit fail 110.
Epochs         6400. Current error: 0.0053624329. Bit fail 107.
Epochs         6500. Current error: 0.0053666662. Bit fail 108.
Epochs         6600. Current error: 0.0053300946. Bit fail 109.
Epochs         6700. Current error: 0.0052937809. Bit fail 106.
Epochs         6800. Current error: 0.0052963486. Bit fail 106.
Epochs         6900. Current error: 0.0052626920. Bit fail 106.
Epochs         7000. Current error: 0.0052359481. Bit fail 106.
Epochs         7100. Current error: 0.0052137119. Bit fail 104.
Epochs         7200. Current error: 0.0052098320. Bit fail 103.
Epochs         7300. Current error: 0.0051996135. Bit fail 103.
Epochs         7400. Current error: 0.0051897289. Bit fail 104.
Epochs         7500. Current error: 0.0051827068. Bit fail 103.
Epochs         7600. Current error: 0.0051621106. Bit fail 104.
Epochs         7700. Current error: 0.0051562409. Bit fail 102.
Epochs         7800. Current error: 0.0051496048. Bit fail 101.
Epochs         7900. Current error: 0.0051437309. Bit fail 101.
Epochs         8000. Current error: 0.0051380624. Bit fail 101.
Time elpased for FANN training: 2620.319253 seconds
Trained Network by GA+FANN is saved in 
./ALL_S6_959126400_hveto_channels_signif_dt_set_1_training_n70n100n1_c05_mr02_p5000_g20_rmin-25_rmax25_gsigma10_y1001_z03333_f05g09_m8000.net.
Total Running Time: 84225.294818 seconds
