Creating network.
The layer structure is following:
[70, 10, 1]
Setting newtork parameters
Getting training data : ALL_S6_959126400_hveto_channels_signif_dt_set_8_training.pat
Setting GA training parameters
Start running GA
Gen. 0 (0.00%): Max/Min/Avg Fitness(Raw) [26.51(53.64)/19.14(1.02)/22.09(22.09)]
Gen. 1 (5.00%): Max/Min/Avg Fitness(Raw) [57.76(57.47)/0.00(1.02)/44.95(44.95)]
Gen. 2 (10.00%): Max/Min/Avg Fitness(Raw) [45.06(59.39)/24.99(1.02)/37.55(37.55)]
Gen. 3 (15.00%): Max/Min/Avg Fitness(Raw) [60.95(60.69)/0.00(1.02)/48.54(48.54)]
Gen. 4 (20.00%): Max/Min/Avg Fitness(Raw) [61.94(61.62)/0.00(1.03)/47.56(47.56)]
Gen. 5 (25.00%): Max/Min/Avg Fitness(Raw) [50.89(63.36)/25.66(1.05)/42.41(42.41)]
Gen. 6 (30.00%): Max/Min/Avg Fitness(Raw) [52.04(63.58)/25.22(1.07)/43.37(43.37)]
Gen. 7 (35.00%): Max/Min/Avg Fitness(Raw) [64.50(64.14)/0.00(1.02)/47.73(47.73)]
Gen. 8 (40.00%): Max/Min/Avg Fitness(Raw) [55.28(64.15)/23.11(1.02)/46.07(46.07)]
Gen. 9 (45.00%): Max/Min/Avg Fitness(Raw) [57.22(66.25)/23.71(1.03)/47.69(47.69)]
Gen. 10 (50.00%): Max/Min/Avg Fitness(Raw) [67.68(67.28)/0.00(1.02)/48.58(48.58)]
Gen. 11 (55.00%): Max/Min/Avg Fitness(Raw) [72.70(72.32)/0.00(1.02)/52.91(52.91)]
Gen. 12 (60.00%): Max/Min/Avg Fitness(Raw) [72.83(72.45)/0.00(1.10)/54.09(54.09)]
Gen. 13 (65.00%): Max/Min/Avg Fitness(Raw) [73.29(72.92)/0.00(1.18)/55.52(55.52)]
Gen. 14 (70.00%): Max/Min/Avg Fitness(Raw) [73.50(73.19)/0.00(1.03)/56.31(56.31)]
Gen. 15 (75.00%): Max/Min/Avg Fitness(Raw) [73.85(73.50)/0.00(1.02)/54.92(54.92)]
Gen. 16 (80.00%): Max/Min/Avg Fitness(Raw) [58.75(73.52)/29.85(1.03)/48.96(48.96)]
Gen. 17 (85.00%): Max/Min/Avg Fitness(Raw) [63.39(73.83)/26.78(1.02)/52.82(52.82)]
Gen. 18 (90.00%): Max/Min/Avg Fitness(Raw) [74.17(73.83)/0.00(1.03)/56.02(56.02)]
Gen. 19 (95.00%): Max/Min/Avg Fitness(Raw) [74.21(73.83)/0.00(1.21)/56.48(56.48)]
Gen. 20 (100.00%): Max/Min/Avg Fitness(Raw) [63.28(75.66)/33.47(10.87)/52.74(52.74)]
Total time elapsed: 33.877 seconds.
GA MSE : 0.021825
Best initial connection wetighs are set on Network
Setting FANN training parameters
Input layer                          :  70 neurons, 1 bias
  Hidden layer                       :  10 neurons, 1 bias
Output layer                         :   1 neurons
Total neurons and biases             :  83
Total connections                    : 721
Connection rate                      :   1.000
Network type                         :   FANN_NETTYPE_LAYER
Training algorithm                   :   FANN_TRAIN_RPROP
Training error function              :   FANN_ERRORFUNC_TANH
Training stop function               :   FANN_STOPFUNC_MSE
Bit fail limit                       :   0.350
Learning rate                        :   0.700
Learning momentum                    :   0.000
Quickprop decay                      :  -0.000100
Quickprop mu                         :   1.750
RPROP increase factor                :   1.001
RPROP decrease factor                :   0.333
RPROP delta min                      :   0.000
RPROP delta max                      :  50.000
Cascade output change fraction       :   0.010000
Cascade candidate change fraction    :   0.010000
Cascade output stagnation epochs     :  12
Cascade candidate stagnation epochs  :  12
Cascade max output epochs            : 150
Cascade max candidate epochs         : 150
Cascade weight multiplier            :   0.400
Cascade candidate limit              :1000.000
Cascade activation functions[0]      :   FANN_SIGMOID
Cascade activation functions[1]      :   FANN_SIGMOID_SYMMETRIC
Cascade activation functions[2]      :   FANN_GAUSSIAN
Cascade activation functions[3]      :   FANN_GAUSSIAN_SYMMETRIC
Cascade activation functions[4]      :   FANN_ELLIOT
Cascade activation functions[5]      :   FANN_ELLIOT_SYMMETRIC
Cascade activation functions[6]      :   FANN_SIN_SYMMETRIC
Cascade activation functions[7]      :   FANN_COS_SYMMETRIC
Cascade activation functions[8]      :   FANN_SIN
Cascade activation functions[9]      :   FANN_COS
Cascade activation steepnesses[0]    :   0.250
Cascade activation steepnesses[1]    :   0.500
Cascade activation steepnesses[2]    :   0.750
Cascade activation steepnesses[3]    :   1.000
Cascade candidate groups             :   2
Cascade no. of candidates            :  80
Start training network with 2-algorithm in FANN
Max epochs     2000. Desired error: 0.0010000000.
Epochs            1. Current error: 0.0132168895. Bit fail 238.
Epochs          100. Current error: 0.0134241236. Bit fail 248.
Epochs          200. Current error: 0.0122950356. Bit fail 247.
Epochs          300. Current error: 0.0116721150. Bit fail 248.
Epochs          400. Current error: 0.0115799084. Bit fail 244.
Epochs          500. Current error: 0.0113338931. Bit fail 244.
Epochs          600. Current error: 0.0111654960. Bit fail 256.
Epochs          700. Current error: 0.0109559149. Bit fail 259.
Epochs          800. Current error: 0.0108017363. Bit fail 258.
Epochs          900. Current error: 0.0106185311. Bit fail 258.
Epochs         1000. Current error: 0.0104719978. Bit fail 252.
Epochs         1100. Current error: 0.0103446506. Bit fail 250.
Epochs         1200. Current error: 0.0102114528. Bit fail 244.
Epochs         1300. Current error: 0.0100776115. Bit fail 239.
Epochs         1400. Current error: 0.0099287182. Bit fail 242.
Epochs         1500. Current error: 0.0097935004. Bit fail 234.
Epochs         1600. Current error: 0.0096450597. Bit fail 233.
Epochs         1700. Current error: 0.0094982740. Bit fail 229.
Epochs         1800. Current error: 0.0093819387. Bit fail 236.
Epochs         1900. Current error: 0.0093214866. Bit fail 235.
Epochs         2000. Current error: 0.0092425998. Bit fail 233.
Time elpased for FANN training: 113.892860 seconds
Trained Network by GA+FANN is saved in 
./ALL_S6_959126400_hveto_channels_signif_dt_set_8_training_n70n10n1_c10_mr02_p50_g20_rmin-25_rmax25_gsigma10_y1001_z03333_f05g09_m2000.net.
Total Running Time: 148.183822 seconds
