Creating network.
The layer structure is following:
[70, 10, 1]
Setting newtork parameters
Getting training data : ALL_S6_959126400_hveto_channels_signif_dt_set_9_training.pat
Setting GA training parameters
Start running GA
Gen. 0 (0.00%): Max/Min/Avg Fitness(Raw) [27.64(54.16)/19.77(1.02)/23.03(23.03)]
Gen. 1 (5.00%): Max/Min/Avg Fitness(Raw) [63.96(55.29)/0.00(42.50)/53.40(53.30)]
Gen. 2 (10.00%): Max/Min/Avg Fitness(Raw) [65.07(55.56)/0.00(26.82)/57.60(54.23)]
Gen. 3 (15.00%): Max/Min/Avg Fitness(Raw) [65.69(55.80)/0.00(29.23)/58.93(54.74)]
Gen. 4 (20.00%): Max/Min/Avg Fitness(Raw) [65.98(55.96)/0.00(34.68)/58.47(54.98)]
Gen. 5 (25.00%): Max/Min/Avg Fitness(Raw) [66.81(56.33)/0.00(51.59)/56.14(55.68)]
Gen. 6 (30.00%): Max/Min/Avg Fitness(Raw) [66.10(56.41)/0.00(25.71)/58.88(55.09)]
Gen. 7 (35.00%): Max/Min/Avg Fitness(Raw) [67.05(56.84)/0.00(49.71)/56.18(55.87)]
Gen. 8 (40.00%): Max/Min/Avg Fitness(Raw) [67.43(57.07)/0.00(51.56)/56.25(56.19)]
Gen. 9 (45.00%): Max/Min/Avg Fitness(Raw) [65.80(57.37)/0.00(21.82)/56.59(54.83)]
Gen. 10 (50.00%): Max/Min/Avg Fitness(Raw) [67.36(57.50)/0.00(43.88)/57.09(56.13)]
Gen. 11 (55.00%): Max/Min/Avg Fitness(Raw) [67.09(57.69)/0.00(44.59)/56.21(55.90)]
Gen. 12 (60.00%): Max/Min/Avg Fitness(Raw) [67.69(57.72)/0.00(45.48)/57.49(56.41)]
Gen. 13 (65.00%): Max/Min/Avg Fitness(Raw) [67.93(57.73)/0.00(48.99)/57.01(56.61)]
Gen. 14 (70.00%): Max/Min/Avg Fitness(Raw) [67.84(57.80)/0.00(45.85)/58.27(56.54)]
Gen. 15 (75.00%): Max/Min/Avg Fitness(Raw) [67.57(58.19)/0.00(32.72)/59.17(56.31)]
Gen. 16 (80.00%): Max/Min/Avg Fitness(Raw) [69.34(58.26)/0.00(53.65)/59.03(57.78)]
Gen. 17 (85.00%): Max/Min/Avg Fitness(Raw) [68.22(58.59)/0.00(34.83)/59.93(56.85)]
Gen. 18 (90.00%): Max/Min/Avg Fitness(Raw) [69.00(58.63)/0.00(45.85)/59.47(57.50)]
Gen. 19 (95.00%): Max/Min/Avg Fitness(Raw) [69.55(58.87)/0.00(50.27)/58.76(57.96)]
Gen. 20 (100.00%): Max/Min/Avg Fitness(Raw) [69.55(59.05)/0.00(48.33)/58.90(57.95)]
Total time elapsed: 33.702 seconds.
GA MSE : 0.016988
Best initial connection wetighs are set on Network
Setting FANN training parameters
Input layer                          :  70 neurons, 1 bias
  Hidden layer                       :  10 neurons, 1 bias
Output layer                         :   1 neurons
Total neurons and biases             :  83
Total connections                    : 721
Connection rate                      :   1.000
Network type                         :   FANN_NETTYPE_LAYER
Training algorithm                   :   FANN_TRAIN_RPROP
Training error function              :   FANN_ERRORFUNC_TANH
Training stop function               :   FANN_STOPFUNC_MSE
Bit fail limit                       :   0.350
Learning rate                        :   0.700
Learning momentum                    :   0.000
Quickprop decay                      :  -0.000100
Quickprop mu                         :   1.750
RPROP increase factor                :   1.001
RPROP decrease factor                :   0.500
RPROP delta min                      :   0.000
RPROP delta max                      :  50.000
Cascade output change fraction       :   0.010000
Cascade candidate change fraction    :   0.010000
Cascade output stagnation epochs     :  12
Cascade candidate stagnation epochs  :  12
Cascade max output epochs            : 150
Cascade max candidate epochs         : 150
Cascade weight multiplier            :   0.400
Cascade candidate limit              :1000.000
Cascade activation functions[0]      :   FANN_SIGMOID
Cascade activation functions[1]      :   FANN_SIGMOID_SYMMETRIC
Cascade activation functions[2]      :   FANN_GAUSSIAN
Cascade activation functions[3]      :   FANN_GAUSSIAN_SYMMETRIC
Cascade activation functions[4]      :   FANN_ELLIOT
Cascade activation functions[5]      :   FANN_ELLIOT_SYMMETRIC
Cascade activation functions[6]      :   FANN_SIN_SYMMETRIC
Cascade activation functions[7]      :   FANN_COS_SYMMETRIC
Cascade activation functions[8]      :   FANN_SIN
Cascade activation functions[9]      :   FANN_COS
Cascade activation steepnesses[0]    :   0.250
Cascade activation steepnesses[1]    :   0.500
Cascade activation steepnesses[2]    :   0.750
Cascade activation steepnesses[3]    :   1.000
Cascade candidate groups             :   2
Cascade no. of candidates            :  80
Start training network with 2-algorithm in FANN
Max epochs     2000. Desired error: 0.0010000000.
Epochs            1. Current error: 0.0169334468. Bit fail 310.
Epochs          100. Current error: 0.0139755979. Bit fail 282.
Epochs          200. Current error: 0.0124672083. Bit fail 263.
Epochs          300. Current error: 0.0114978394. Bit fail 237.
Epochs          400. Current error: 0.0109459208. Bit fail 225.
Epochs          500. Current error: 0.0104571218. Bit fail 212.
Epochs          600. Current error: 0.0100118676. Bit fail 200.
Epochs          700. Current error: 0.0096134888. Bit fail 198.
Epochs          800. Current error: 0.0092445891. Bit fail 186.
Epochs          900. Current error: 0.0089982850. Bit fail 179.
Epochs         1000. Current error: 0.0087483404. Bit fail 176.
Epochs         1100. Current error: 0.0085121663. Bit fail 172.
Epochs         1200. Current error: 0.0083628716. Bit fail 164.
Epochs         1300. Current error: 0.0081840549. Bit fail 163.
Epochs         1400. Current error: 0.0080090435. Bit fail 161.
Epochs         1500. Current error: 0.0079192529. Bit fail 159.
Epochs         1600. Current error: 0.0078047886. Bit fail 154.
Epochs         1700. Current error: 0.0076978714. Bit fail 152.
Epochs         1800. Current error: 0.0076298732. Bit fail 151.
Epochs         1900. Current error: 0.0075687924. Bit fail 149.
Epochs         2000. Current error: 0.0074999928. Bit fail 144.
Time elpased for FANN training: 113.320358 seconds
Trained Network by GA+FANN is saved in 
./ALL_S6_959126400_hveto_channels_signif_dt_set_9_training_n70n10n1_c10_mr02_p50_g20_rmin-25_rmax25_gsigma1_y1001_z05_f05g09_m2000.net.
Total Running Time: 147.406874 seconds
