Creating network.
The layer structure is following:
[70, 100, 1]
Setting newtork parameters
Getting training data : ALL_S6_959126400_hveto_channels_signif_dt_set_7_training.pat
Setting GA training parameters
Start running GA
Gen. 0 (0.00%): Max/Min/Avg Fitness(Raw) [21.61(50.31)/16.12(1.02)/18.01(18.01)]
Gen. 1 (5.00%): Max/Min/Avg Fitness(Raw) [36.29(51.41)/21.89(1.02)/30.24(30.24)]
Gen. 2 (10.00%): Max/Min/Avg Fitness(Raw) [41.80(54.92)/23.11(1.02)/34.83(34.83)]
Gen. 3 (15.00%): Max/Min/Avg Fitness(Raw) [42.77(57.17)/24.18(1.02)/35.64(35.64)]
Gen. 4 (20.00%): Max/Min/Avg Fitness(Raw) [41.98(58.96)/25.07(1.02)/34.98(34.98)]
Gen. 5 (25.00%): Max/Min/Avg Fitness(Raw) [37.99(60.56)/24.95(1.02)/31.66(31.66)]
Gen. 6 (30.00%): Max/Min/Avg Fitness(Raw) [40.72(61.43)/25.81(1.02)/33.93(33.93)]
Gen. 7 (35.00%): Max/Min/Avg Fitness(Raw) [45.77(67.91)/28.63(1.02)/38.14(38.14)]
Gen. 8 (40.00%): Max/Min/Avg Fitness(Raw) [47.81(67.91)/28.82(1.02)/39.84(39.84)]
Gen. 9 (45.00%): Max/Min/Avg Fitness(Raw) [44.94(68.77)/28.74(1.02)/37.45(37.45)]
Gen. 10 (50.00%): Max/Min/Avg Fitness(Raw) [34.73(70.69)/25.07(1.02)/28.94(28.94)]
Gen. 11 (55.00%): Max/Min/Avg Fitness(Raw) [51.79(70.69)/29.95(1.02)/43.16(43.16)]
Gen. 12 (60.00%): Max/Min/Avg Fitness(Raw) [45.61(70.69)/29.41(1.02)/38.01(38.01)]
Gen. 13 (65.00%): Max/Min/Avg Fitness(Raw) [46.71(70.69)/29.64(1.02)/38.93(38.93)]
Gen. 14 (70.00%): Max/Min/Avg Fitness(Raw) [45.55(72.57)/29.86(1.02)/37.96(37.96)]
Gen. 15 (75.00%): Max/Min/Avg Fitness(Raw) [52.36(72.57)/30.78(1.02)/43.63(43.63)]
Gen. 16 (80.00%): Max/Min/Avg Fitness(Raw) [41.15(72.57)/28.33(1.02)/34.29(34.29)]
Gen. 17 (85.00%): Max/Min/Avg Fitness(Raw) [43.01(72.57)/29.04(1.02)/35.84(35.84)]
Gen. 18 (90.00%): Max/Min/Avg Fitness(Raw) [55.08(73.22)/30.82(1.02)/45.90(45.90)]
Gen. 19 (95.00%): Max/Min/Avg Fitness(Raw) [50.23(73.62)/31.10(1.04)/41.86(41.86)]
Gen. 20 (100.00%): Max/Min/Avg Fitness(Raw) [46.57(74.47)/30.58(1.02)/38.81(38.81)]
Total time elapsed: 358.732 seconds.
GA MSE : 0.014722
Best initial connection wetighs are set on Network
Setting FANN training parameters
Input layer                          :  70 neurons, 1 bias
  Hidden layer                       : 100 neurons, 1 bias
Output layer                         :   1 neurons
Total neurons and biases             : 173
Total connections                    :3701
Connection rate                      :   0.500
Network type                         :   FANN_NETTYPE_LAYER
Training algorithm                   :   FANN_TRAIN_RPROP
Training error function              :   FANN_ERRORFUNC_TANH
Training stop function               :   FANN_STOPFUNC_MSE
Bit fail limit                       :   0.350
Learning rate                        :   0.700
Learning momentum                    :   0.000
Quickprop decay                      :  -0.000100
Quickprop mu                         :   1.750
RPROP increase factor                :   1.001
RPROP decrease factor                :   0.333
RPROP delta min                      :   0.000
RPROP delta max                      :  50.000
Cascade output change fraction       :   0.010000
Cascade candidate change fraction    :   0.010000
Cascade output stagnation epochs     :  12
Cascade candidate stagnation epochs  :  12
Cascade max output epochs            : 150
Cascade max candidate epochs         : 150
Cascade weight multiplier            :   0.400
Cascade candidate limit              :1000.000
Cascade activation functions[0]      :   FANN_SIGMOID
Cascade activation functions[1]      :   FANN_SIGMOID_SYMMETRIC
Cascade activation functions[2]      :   FANN_GAUSSIAN
Cascade activation functions[3]      :   FANN_GAUSSIAN_SYMMETRIC
Cascade activation functions[4]      :   FANN_ELLIOT
Cascade activation functions[5]      :   FANN_ELLIOT_SYMMETRIC
Cascade activation functions[6]      :   FANN_SIN_SYMMETRIC
Cascade activation functions[7]      :   FANN_COS_SYMMETRIC
Cascade activation functions[8]      :   FANN_SIN
Cascade activation functions[9]      :   FANN_COS
Cascade activation steepnesses[0]    :   0.250
Cascade activation steepnesses[1]    :   0.500
Cascade activation steepnesses[2]    :   0.750
Cascade activation steepnesses[3]    :   1.000
Cascade candidate groups             :   2
Cascade no. of candidates            :  80
Start training network with 2-algorithm in FANN
Max epochs     8000. Desired error: 0.0010000000.
Epochs            1. Current error: 0.0134290000. Bit fail 239.
Epochs          100. Current error: 0.0121102296. Bit fail 227.
Epochs          200. Current error: 0.0112397159. Bit fail 227.
Epochs          300. Current error: 0.0109009715. Bit fail 220.
Epochs          400. Current error: 0.0101166759. Bit fail 198.
Epochs          500. Current error: 0.0096981861. Bit fail 194.
Epochs          600. Current error: 0.0092387339. Bit fail 187.
Epochs          700. Current error: 0.0089779245. Bit fail 184.
Epochs          800. Current error: 0.0088741807. Bit fail 185.
Epochs          900. Current error: 0.0086825183. Bit fail 187.
Epochs         1000. Current error: 0.0085400995. Bit fail 182.
Epochs         1100. Current error: 0.0084334882. Bit fail 179.
Epochs         1200. Current error: 0.0082902862. Bit fail 175.
Epochs         1300. Current error: 0.0082364464. Bit fail 171.
Epochs         1400. Current error: 0.0081702434. Bit fail 172.
Epochs         1500. Current error: 0.0080641406. Bit fail 173.
Epochs         1600. Current error: 0.0079263058. Bit fail 175.
Epochs         1700. Current error: 0.0078040622. Bit fail 175.
Epochs         1800. Current error: 0.0076580960. Bit fail 165.
Epochs         1900. Current error: 0.0075231357. Bit fail 163.
Epochs         2000. Current error: 0.0074206679. Bit fail 161.
Epochs         2100. Current error: 0.0073155439. Bit fail 156.
Epochs         2200. Current error: 0.0072478368. Bit fail 151.
Epochs         2300. Current error: 0.0072382931. Bit fail 149.
Epochs         2400. Current error: 0.0071794670. Bit fail 144.
Epochs         2500. Current error: 0.0071061258. Bit fail 146.
Epochs         2600. Current error: 0.0070264512. Bit fail 145.
Epochs         2700. Current error: 0.0069529261. Bit fail 144.
Epochs         2800. Current error: 0.0068361904. Bit fail 145.
Epochs         2900. Current error: 0.0067515457. Bit fail 138.
Epochs         3000. Current error: 0.0067250440. Bit fail 141.
Epochs         3100. Current error: 0.0066692447. Bit fail 142.
Epochs         3200. Current error: 0.0066466941. Bit fail 144.
Epochs         3300. Current error: 0.0066094273. Bit fail 143.
Epochs         3400. Current error: 0.0065698870. Bit fail 142.
Epochs         3500. Current error: 0.0065171025. Bit fail 137.
Epochs         3600. Current error: 0.0064867507. Bit fail 136.
Epochs         3700. Current error: 0.0064649335. Bit fail 136.
Epochs         3800. Current error: 0.0064504095. Bit fail 136.
Epochs         3900. Current error: 0.0064096875. Bit fail 135.
Epochs         4000. Current error: 0.0063173315. Bit fail 137.
Epochs         4100. Current error: 0.0062441542. Bit fail 132.
Epochs         4200. Current error: 0.0061692796. Bit fail 131.
Epochs         4300. Current error: 0.0061035515. Bit fail 129.
Epochs         4400. Current error: 0.0061133010. Bit fail 129.
Epochs         4500. Current error: 0.0060259500. Bit fail 127.
Epochs         4600. Current error: 0.0059654424. Bit fail 123.
Epochs         4700. Current error: 0.0059392801. Bit fail 125.
Epochs         4800. Current error: 0.0059046750. Bit fail 126.
Epochs         4900. Current error: 0.0058493926. Bit fail 124.
Epochs         5000. Current error: 0.0058248313. Bit fail 122.
Epochs         5100. Current error: 0.0057952264. Bit fail 123.
Epochs         5200. Current error: 0.0058151549. Bit fail 124.
Epochs         5300. Current error: 0.0058089998. Bit fail 124.
Epochs         5400. Current error: 0.0057277046. Bit fail 123.
Epochs         5500. Current error: 0.0057073091. Bit fail 121.
Epochs         5600. Current error: 0.0056930729. Bit fail 122.
Epochs         5700. Current error: 0.0056924261. Bit fail 122.
Epochs         5800. Current error: 0.0056543965. Bit fail 122.
Epochs         5900. Current error: 0.0056319796. Bit fail 122.
Epochs         6000. Current error: 0.0056120115. Bit fail 122.
Epochs         6100. Current error: 0.0056260587. Bit fail 121.
Epochs         6200. Current error: 0.0056072031. Bit fail 121.
Epochs         6300. Current error: 0.0055755512. Bit fail 120.
Epochs         6400. Current error: 0.0056248102. Bit fail 119.
Epochs         6500. Current error: 0.0056102737. Bit fail 119.
Epochs         6600. Current error: 0.0056148004. Bit fail 118.
Epochs         6700. Current error: 0.0055769100. Bit fail 117.
Epochs         6800. Current error: 0.0055585215. Bit fail 119.
Epochs         6900. Current error: 0.0055505633. Bit fail 119.
Epochs         7000. Current error: 0.0055554202. Bit fail 119.
Epochs         7100. Current error: 0.0054903505. Bit fail 119.
Epochs         7200. Current error: 0.0054552597. Bit fail 118.
Epochs         7300. Current error: 0.0054441309. Bit fail 116.
Epochs         7400. Current error: 0.0054292753. Bit fail 116.
Epochs         7500. Current error: 0.0054500215. Bit fail 118.
Epochs         7600. Current error: 0.0054107038. Bit fail 117.
Epochs         7700. Current error: 0.0054279952. Bit fail 116.
Epochs         7800. Current error: 0.0053893561. Bit fail 114.
Epochs         7900. Current error: 0.0053773229. Bit fail 113.
Epochs         8000. Current error: 0.0053714961. Bit fail 113.
Time elpased for FANN training: 2619.894197 seconds
Trained Network by GA+FANN is saved in 
./ALL_S6_959126400_hveto_channels_signif_dt_set_7_training_n70n100n1_c05_mr02_p50_g20_rmin-25_rmax25_gsigma10_y1001_z03333_f05g09_m8000.net.
Total Running Time: 2979.200392 seconds
