08/31/12 14:39:42 Setting maximum accepts per cycle 4.
08/31/12 14:39:42 ******************************************************
08/31/12 14:39:42 ** condor_scheduniv_exec.130.0 (CONDOR_DAGMAN) STARTING UP
08/31/12 14:39:42 ** /usr/bin/condor_dagman
08/31/12 14:39:42 ** SubsystemInfo: name=DAGMAN type=DAGMAN(10) class=DAEMON(1)
08/31/12 14:39:42 ** Configuration: subsystem:DAGMAN local:<NONE> class:DAEMON
08/31/12 14:39:42 ** $CondorVersion: 7.6.3 Aug 17 2011 BuildID: 361356 $
08/31/12 14:39:42 ** $CondorPlatform: x86_64_rhap_5 $
08/31/12 14:39:42 ** PID = 10618
08/31/12 14:39:42 ** Log last touched time unavailable (No such file or directory)
08/31/12 14:39:42 ******************************************************
08/31/12 14:39:42 Using config source: /etc/condor/condor_config
08/31/12 14:39:42 Using local config sources: 
08/31/12 14:39:42    /etc/condor/condor_config.local
08/31/12 14:39:42 DaemonCore: command socket at <192.168.11.102:54861>
08/31/12 14:39:42 DaemonCore: private command socket at <192.168.11.102:54861>
08/31/12 14:39:42 Setting maximum accepts per cycle 4.
08/31/12 14:39:42 DAGMAN_VERBOSITY setting: 3
08/31/12 14:39:42 DAGMAN_DEBUG_CACHE_SIZE setting: 5242880
08/31/12 14:39:42 DAGMAN_DEBUG_CACHE_ENABLE setting: False
08/31/12 14:39:42 DAGMAN_SUBMIT_DELAY setting: 0
08/31/12 14:39:42 DAGMAN_MAX_SUBMIT_ATTEMPTS setting: 6
08/31/12 14:39:42 DAGMAN_STARTUP_CYCLE_DETECT setting: False
08/31/12 14:39:42 DAGMAN_MAX_SUBMITS_PER_INTERVAL setting: 5
08/31/12 14:39:42 DAGMAN_USER_LOG_SCAN_INTERVAL setting: 5
08/31/12 14:39:42 allow_events (DAGMAN_IGNORE_DUPLICATE_JOB_EXECUTION, DAGMAN_ALLOW_EVENTS) setting: 114
08/31/12 14:39:42 DAGMAN_RETRY_SUBMIT_FIRST setting: True
08/31/12 14:39:42 DAGMAN_RETRY_NODE_FIRST setting: False
08/31/12 14:39:42 DAGMAN_MAX_JOBS_IDLE setting: 0
08/31/12 14:39:42 DAGMAN_MAX_JOBS_SUBMITTED setting: 0
08/31/12 14:39:42 DAGMAN_MAX_PRE_SCRIPTS setting: 0
08/31/12 14:39:42 DAGMAN_MAX_POST_SCRIPTS setting: 0
08/31/12 14:39:42 DAGMAN_ALLOW_LOG_ERROR setting: False
08/31/12 14:39:42 DAGMAN_MUNGE_NODE_NAMES setting: True
08/31/12 14:39:42 DAGMAN_PROHIBIT_MULTI_JOBS setting: False
08/31/12 14:39:42 DAGMAN_SUBMIT_DEPTH_FIRST setting: False
08/31/12 14:39:42 DAGMAN_ABORT_DUPLICATES setting: True
08/31/12 14:39:42 DAGMAN_ABORT_ON_SCARY_SUBMIT setting: True
08/31/12 14:39:42 DAGMAN_PENDING_REPORT_INTERVAL setting: 600
08/31/12 14:39:42 DAGMAN_AUTO_RESCUE setting: True
08/31/12 14:39:42 DAGMAN_MAX_RESCUE_NUM setting: 100
08/31/12 14:39:42 DAGMAN_DEFAULT_NODE_LOG setting: null
08/31/12 14:39:42 DAGMAN_GENERATE_SUBDAG_SUBMITS setting: True
08/31/12 14:39:42 ALL_DEBUG setting: 
08/31/12 14:39:42 DAGMAN_DEBUG setting: 
08/31/12 14:39:42 argv[0] == "condor_scheduniv_exec.130.0"
08/31/12 14:39:42 argv[1] == "-Lockfile"
08/31/12 14:39:42 argv[2] == "auxmvc_ann_n70n8n1_c10_mr10_p500_g20_rmin-25_rmax25_gsigma50_y1001_z05_f05g09_m8000.dag.rescue001.rescue001.lock"
08/31/12 14:39:42 argv[3] == "-AutoRescue"
08/31/12 14:39:42 argv[4] == "1"
08/31/12 14:39:42 argv[5] == "-DoRescueFrom"
08/31/12 14:39:42 argv[6] == "0"
08/31/12 14:39:42 argv[7] == "-Dag"
08/31/12 14:39:42 argv[8] == "auxmvc_ann_n70n8n1_c10_mr10_p500_g20_rmin-25_rmax25_gsigma50_y1001_z05_f05g09_m8000.dag.rescue001.rescue001"
08/31/12 14:39:42 argv[9] == "-CsdVersion"
08/31/12 14:39:42 argv[10] == "$CondorVersion: 7.6.3 Aug 17 2011 BuildID: 361356 $"
08/31/12 14:39:42 argv[11] == "-Dagman"
08/31/12 14:39:42 argv[12] == "/usr/bin/condor_dagman"
08/31/12 14:39:42 Default node log file is: </data2/johnoh/pyevolve/dag/newreun2/auxmvc_ann_n70n8n1_c10_mr10_p500_g20_rmin-25_rmax25_gsigma50_y1001_z05_f05g09_m8000.dag.rescue001.rescue001.nodes.log>
08/31/12 14:39:42 DAG Lockfile will be written to auxmvc_ann_n70n8n1_c10_mr10_p500_g20_rmin-25_rmax25_gsigma50_y1001_z05_f05g09_m8000.dag.rescue001.rescue001.lock
08/31/12 14:39:42 DAG Input file is auxmvc_ann_n70n8n1_c10_mr10_p500_g20_rmin-25_rmax25_gsigma50_y1001_z05_f05g09_m8000.dag.rescue001.rescue001
08/31/12 14:39:42 Parsing 1 dagfiles
08/31/12 14:39:42 Parsing auxmvc_ann_n70n8n1_c10_mr10_p500_g20_rmin-25_rmax25_gsigma50_y1001_z05_f05g09_m8000.dag.rescue001.rescue001 ...
08/31/12 14:39:42 Dag contains 11 total jobs
08/31/12 14:39:42 Sleeping for 12 seconds to ensure ProcessId uniqueness
08/31/12 14:39:54 Bootstrapping...
08/31/12 14:39:54 Number of pre-completed nodes: 0
08/31/12 14:39:54 Registering condor_event_timer...
08/31/12 14:39:55 Sleeping for one second for log file consistency
08/31/12 14:39:56 MultiLogFiles: truncating log file /tmp/tmp0hvtXB
08/31/12 14:39:56 Submitting Condor Node e93cdd36544c460de850c55e4584b1b0 job(s)...
08/31/12 14:39:56 submitting: condor_submit -a dag_node_name' '=' 'e93cdd36544c460de850c55e4584b1b0 -a +DAGManJobId' '=' '130 -a DAGManJobId' '=' '130 -a submit_event_notes' '=' 'DAG' 'Node:' 'e93cdd36544c460de850c55e4584b1b0 -a macroid' '=' '0 -a macroarguments' '=' '-t' 'ALL_S6_959126400_hveto_channels_signif_dt_set_0_training.pat' '-s' 'ALL_S6_959126400_hveto_channels_signif_dt_set_0_training_n70n8n1_c10_mr10_p500_g20_rmin-25_rmax25_gsigma50_y1001_z05_f05g09_m8000.net' '-n' '70,8,1' '-m' '8000' '-w' '-0.100000' '-x' '0.100000' '-y' '1.001000' '-z' '0.500000' '-a' '0.000000' '-b' '50.000000' '-f' '0.500000' '-g' '0.900000' '--connection-rate' '1.000000' '--mutation-rate' '1.000000' '--generations' '20' '--population' '500' '--range-min' '-25.000000' '--range-max' '25.000000' '--gauss-mu' '0.000000' '--gauss-sigma' '50.000000' '--hidden-activation' 'SIGMOID_STEPWISE' '--output-activation' 'SIGMOID_STEPWISE -a +DAGParentNodeNames' '=' '"" TRAIN_NETWORK_ALL_n70n8n1_c10_mr10_p500_g20_rmin-25_rmax25_gsigma50_y1001_z05_f05g09_m8000.sub
08/31/12 14:39:56 From submit: Submitting job(s).
08/31/12 14:39:56 From submit: 1 job(s) submitted to cluster 131.
08/31/12 14:39:56 	assigned Condor ID (131.0.0)
08/31/12 14:39:56 Submitting Condor Node 0175e4cb6783d7ccbe8860d729fe9adb job(s)...
08/31/12 14:39:56 submitting: condor_submit -a dag_node_name' '=' '0175e4cb6783d7ccbe8860d729fe9adb -a +DAGManJobId' '=' '130 -a DAGManJobId' '=' '130 -a submit_event_notes' '=' 'DAG' 'Node:' '0175e4cb6783d7ccbe8860d729fe9adb -a macroid' '=' '2 -a macroarguments' '=' '-t' 'ALL_S6_959126400_hveto_channels_signif_dt_set_1_training.pat' '-s' 'ALL_S6_959126400_hveto_channels_signif_dt_set_1_training_n70n8n1_c10_mr10_p500_g20_rmin-25_rmax25_gsigma50_y1001_z05_f05g09_m8000.net' '-n' '70,8,1' '-m' '8000' '-w' '-0.100000' '-x' '0.100000' '-y' '1.001000' '-z' '0.500000' '-a' '0.000000' '-b' '50.000000' '-f' '0.500000' '-g' '0.900000' '--connection-rate' '1.000000' '--mutation-rate' '1.000000' '--generations' '20' '--population' '500' '--range-min' '-25.000000' '--range-max' '25.000000' '--gauss-mu' '0.000000' '--gauss-sigma' '50.000000' '--hidden-activation' 'SIGMOID_STEPWISE' '--output-activation' 'SIGMOID_STEPWISE -a +DAGParentNodeNames' '=' '"" TRAIN_NETWORK_ALL_n70n8n1_c10_mr10_p500_g20_rmin-25_rmax25_gsigma50_y1001_z05_f05g09_m8000.sub
08/31/12 14:39:56 From submit: Submitting job(s).
08/31/12 14:39:56 From submit: 1 job(s) submitted to cluster 132.
08/31/12 14:39:56 	assigned Condor ID (132.0.0)
08/31/12 14:39:56 Submitting Condor Node 3f5aa34c7728aee086060e9ebb809ae1 job(s)...
08/31/12 14:39:56 submitting: condor_submit -a dag_node_name' '=' '3f5aa34c7728aee086060e9ebb809ae1 -a +DAGManJobId' '=' '130 -a DAGManJobId' '=' '130 -a submit_event_notes' '=' 'DAG' 'Node:' '3f5aa34c7728aee086060e9ebb809ae1 -a macroid' '=' '4 -a macroarguments' '=' '-t' 'ALL_S6_959126400_hveto_channels_signif_dt_set_2_training.pat' '-s' 'ALL_S6_959126400_hveto_channels_signif_dt_set_2_training_n70n8n1_c10_mr10_p500_g20_rmin-25_rmax25_gsigma50_y1001_z05_f05g09_m8000.net' '-n' '70,8,1' '-m' '8000' '-w' '-0.100000' '-x' '0.100000' '-y' '1.001000' '-z' '0.500000' '-a' '0.000000' '-b' '50.000000' '-f' '0.500000' '-g' '0.900000' '--connection-rate' '1.000000' '--mutation-rate' '1.000000' '--generations' '20' '--population' '500' '--range-min' '-25.000000' '--range-max' '25.000000' '--gauss-mu' '0.000000' '--gauss-sigma' '50.000000' '--hidden-activation' 'SIGMOID_STEPWISE' '--output-activation' 'SIGMOID_STEPWISE -a +DAGParentNodeNames' '=' '"" TRAIN_NETWORK_ALL_n70n8n1_c10_mr10_p500_g20_rmin-25_rmax25_gsigma50_y1001_z05_f05g09_m8000.sub
08/31/12 14:39:56 From submit: Submitting job(s).
08/31/12 14:39:56 From submit: 1 job(s) submitted to cluster 133.
08/31/12 14:39:56 	assigned Condor ID (133.0.0)
08/31/12 14:39:56 Submitting Condor Node 1161ca516cc5b4001ee5c6c75ad9514d job(s)...
08/31/12 14:39:56 submitting: condor_submit -a dag_node_name' '=' '1161ca516cc5b4001ee5c6c75ad9514d -a +DAGManJobId' '=' '130 -a DAGManJobId' '=' '130 -a submit_event_notes' '=' 'DAG' 'Node:' '1161ca516cc5b4001ee5c6c75ad9514d -a macroid' '=' '6 -a macroarguments' '=' '-t' 'ALL_S6_959126400_hveto_channels_signif_dt_set_3_training.pat' '-s' 'ALL_S6_959126400_hveto_channels_signif_dt_set_3_training_n70n8n1_c10_mr10_p500_g20_rmin-25_rmax25_gsigma50_y1001_z05_f05g09_m8000.net' '-n' '70,8,1' '-m' '8000' '-w' '-0.100000' '-x' '0.100000' '-y' '1.001000' '-z' '0.500000' '-a' '0.000000' '-b' '50.000000' '-f' '0.500000' '-g' '0.900000' '--connection-rate' '1.000000' '--mutation-rate' '1.000000' '--generations' '20' '--population' '500' '--range-min' '-25.000000' '--range-max' '25.000000' '--gauss-mu' '0.000000' '--gauss-sigma' '50.000000' '--hidden-activation' 'SIGMOID_STEPWISE' '--output-activation' 'SIGMOID_STEPWISE -a +DAGParentNodeNames' '=' '"" TRAIN_NETWORK_ALL_n70n8n1_c10_mr10_p500_g20_rmin-25_rmax25_gsigma50_y1001_z05_f05g09_m8000.sub
08/31/12 14:39:56 From submit: Submitting job(s).
08/31/12 14:39:56 From submit: 1 job(s) submitted to cluster 134.
08/31/12 14:39:56 	assigned Condor ID (134.0.0)
08/31/12 14:39:56 Submitting Condor Node 90a70ea1ab0ac36de763b417cb3716a6 job(s)...
08/31/12 14:39:56 submitting: condor_submit -a dag_node_name' '=' '90a70ea1ab0ac36de763b417cb3716a6 -a +DAGManJobId' '=' '130 -a DAGManJobId' '=' '130 -a submit_event_notes' '=' 'DAG' 'Node:' '90a70ea1ab0ac36de763b417cb3716a6 -a macroid' '=' '8 -a macroarguments' '=' '-t' 'ALL_S6_959126400_hveto_channels_signif_dt_set_4_training.pat' '-s' 'ALL_S6_959126400_hveto_channels_signif_dt_set_4_training_n70n8n1_c10_mr10_p500_g20_rmin-25_rmax25_gsigma50_y1001_z05_f05g09_m8000.net' '-n' '70,8,1' '-m' '8000' '-w' '-0.100000' '-x' '0.100000' '-y' '1.001000' '-z' '0.500000' '-a' '0.000000' '-b' '50.000000' '-f' '0.500000' '-g' '0.900000' '--connection-rate' '1.000000' '--mutation-rate' '1.000000' '--generations' '20' '--population' '500' '--range-min' '-25.000000' '--range-max' '25.000000' '--gauss-mu' '0.000000' '--gauss-sigma' '50.000000' '--hidden-activation' 'SIGMOID_STEPWISE' '--output-activation' 'SIGMOID_STEPWISE -a +DAGParentNodeNames' '=' '"" TRAIN_NETWORK_ALL_n70n8n1_c10_mr10_p500_g20_rmin-25_rmax25_gsigma50_y1001_z05_f05g09_m8000.sub
08/31/12 14:39:56 From submit: Submitting job(s).
08/31/12 14:39:56 From submit: 1 job(s) submitted to cluster 135.
08/31/12 14:39:56 	assigned Condor ID (135.0.0)
08/31/12 14:39:56 Just submitted 5 jobs this cycle...
08/31/12 14:39:56 Currently monitoring 1 Condor log file(s)
08/31/12 14:39:56 Event: ULOG_SUBMIT for Condor Node e93cdd36544c460de850c55e4584b1b0 (131.0.0)
08/31/12 14:39:56 Number of idle job procs: 1
08/31/12 14:39:56 Event: ULOG_SUBMIT for Condor Node 0175e4cb6783d7ccbe8860d729fe9adb (132.0.0)
08/31/12 14:39:56 Number of idle job procs: 2
08/31/12 14:39:56 Event: ULOG_SUBMIT for Condor Node 3f5aa34c7728aee086060e9ebb809ae1 (133.0.0)
08/31/12 14:39:56 Number of idle job procs: 3
08/31/12 14:39:56 Event: ULOG_SUBMIT for Condor Node 1161ca516cc5b4001ee5c6c75ad9514d (134.0.0)
08/31/12 14:39:56 Number of idle job procs: 4
08/31/12 14:39:56 Event: ULOG_SUBMIT for Condor Node 90a70ea1ab0ac36de763b417cb3716a6 (135.0.0)
08/31/12 14:39:56 Number of idle job procs: 5
08/31/12 14:39:56 Of 11 nodes total:
08/31/12 14:39:56  Done     Pre   Queued    Post   Ready   Un-Ready   Failed
08/31/12 14:39:56   ===     ===      ===     ===     ===        ===      ===
08/31/12 14:39:56     0       0        5       0       0          6        0
08/31/12 14:39:56 0 job proc(s) currently held
08/31/12 14:49:56 600 seconds since last log event
08/31/12 14:49:56 Pending DAG nodes:
08/31/12 14:49:56   Node e93cdd36544c460de850c55e4584b1b0, Condor ID 131, status STATUS_SUBMITTED
08/31/12 14:49:56   Node 0175e4cb6783d7ccbe8860d729fe9adb, Condor ID 132, status STATUS_SUBMITTED
08/31/12 14:49:56   Node 3f5aa34c7728aee086060e9ebb809ae1, Condor ID 133, status STATUS_SUBMITTED
08/31/12 14:49:56   Node 1161ca516cc5b4001ee5c6c75ad9514d, Condor ID 134, status STATUS_SUBMITTED
08/31/12 14:49:56   Node 90a70ea1ab0ac36de763b417cb3716a6, Condor ID 135, status STATUS_SUBMITTED
08/31/12 14:50:06 Currently monitoring 1 Condor log file(s)
08/31/12 14:50:06 Event: ULOG_EXECUTE for Condor Node e93cdd36544c460de850c55e4584b1b0 (131.0.0)
08/31/12 14:50:06 Number of idle job procs: 4
08/31/12 14:50:06 Event: ULOG_EXECUTE for Condor Node 0175e4cb6783d7ccbe8860d729fe9adb (132.0.0)
08/31/12 14:50:06 Number of idle job procs: 3
08/31/12 14:50:06 Event: ULOG_EXECUTE for Condor Node 3f5aa34c7728aee086060e9ebb809ae1 (133.0.0)
08/31/12 14:50:06 Number of idle job procs: 2
08/31/12 14:50:06 Event: ULOG_EXECUTE for Condor Node 1161ca516cc5b4001ee5c6c75ad9514d (134.0.0)
08/31/12 14:50:06 Number of idle job procs: 1
08/31/12 14:50:06 Event: ULOG_EXECUTE for Condor Node 90a70ea1ab0ac36de763b417cb3716a6 (135.0.0)
08/31/12 14:50:06 Number of idle job procs: 0
08/31/12 14:50:06 Event: ULOG_IMAGE_SIZE for Condor Node e93cdd36544c460de850c55e4584b1b0 (131.0.0)
08/31/12 14:50:06 Event: ULOG_JOB_TERMINATED for Condor Node e93cdd36544c460de850c55e4584b1b0 (131.0.0)
08/31/12 14:50:06 Node e93cdd36544c460de850c55e4584b1b0 job proc (131.0.0) failed with status 1.
08/31/12 14:50:06 Number of idle job procs: 0
08/31/12 14:50:06 Event: ULOG_IMAGE_SIZE for Condor Node 3f5aa34c7728aee086060e9ebb809ae1 (133.0.0)
08/31/12 14:50:06 Event: ULOG_IMAGE_SIZE for Condor Node 1161ca516cc5b4001ee5c6c75ad9514d (134.0.0)
08/31/12 14:50:06 Event: ULOG_IMAGE_SIZE for Condor Node 90a70ea1ab0ac36de763b417cb3716a6 (135.0.0)
08/31/12 14:50:06 Event: ULOG_IMAGE_SIZE for Condor Node 0175e4cb6783d7ccbe8860d729fe9adb (132.0.0)
08/31/12 14:50:06 Event: ULOG_JOB_TERMINATED for Condor Node 90a70ea1ab0ac36de763b417cb3716a6 (135.0.0)
08/31/12 14:50:06 Node 90a70ea1ab0ac36de763b417cb3716a6 job proc (135.0.0) failed with status 1.
08/31/12 14:50:06 Number of idle job procs: 0
08/31/12 14:50:06 Event: ULOG_JOB_TERMINATED for Condor Node 1161ca516cc5b4001ee5c6c75ad9514d (134.0.0)
08/31/12 14:50:06 Node 1161ca516cc5b4001ee5c6c75ad9514d job proc (134.0.0) failed with status 1.
08/31/12 14:50:06 Number of idle job procs: 0
08/31/12 14:50:06 Event: ULOG_JOB_TERMINATED for Condor Node 3f5aa34c7728aee086060e9ebb809ae1 (133.0.0)
08/31/12 14:50:06 Node 3f5aa34c7728aee086060e9ebb809ae1 job proc (133.0.0) failed with status 1.
08/31/12 14:50:06 Number of idle job procs: 0
08/31/12 14:50:06 Event: ULOG_JOB_TERMINATED for Condor Node 0175e4cb6783d7ccbe8860d729fe9adb (132.0.0)
08/31/12 14:50:06 Node 0175e4cb6783d7ccbe8860d729fe9adb job proc (132.0.0) failed with status 1.
08/31/12 14:50:06 Number of idle job procs: 0
08/31/12 14:50:06 Of 11 nodes total:
08/31/12 14:50:06  Done     Pre   Queued    Post   Ready   Un-Ready   Failed
08/31/12 14:50:06   ===     ===      ===     ===     ===        ===      ===
08/31/12 14:50:06     0       0        0       0       0          6        5
08/31/12 14:50:06 0 job proc(s) currently held
08/31/12 14:50:06 ERROR: the following job(s) failed:
08/31/12 14:50:06 ---------------------- Job ----------------------
08/31/12 14:50:06       Node Name: e93cdd36544c460de850c55e4584b1b0
08/31/12 14:50:06            Noop: false
08/31/12 14:50:06          NodeID: 0
08/31/12 14:50:06     Node Status: STATUS_ERROR    
08/31/12 14:50:06 Node return val: 1
08/31/12 14:50:06           Error: Job proc (131.0.0) failed with status 1
08/31/12 14:50:06 Job Submit File: TRAIN_NETWORK_ALL_n70n8n1_c10_mr10_p500_g20_rmin-25_rmax25_gsigma50_y1001_z05_f05g09_m8000.sub
08/31/12 14:50:06   Condor Job ID: (131.0.0)
08/31/12 14:50:06       Q_PARENTS: <END>
08/31/12 14:50:06       Q_WAITING: <END>
08/31/12 14:50:06      Q_CHILDREN: 4d4010ec400325aff52cef45440e8d83, <END>
08/31/12 14:50:06 ---------------------- Job ----------------------
08/31/12 14:50:06       Node Name: 0175e4cb6783d7ccbe8860d729fe9adb
08/31/12 14:50:06            Noop: false
08/31/12 14:50:06          NodeID: 2
08/31/12 14:50:06     Node Status: STATUS_ERROR    
08/31/12 14:50:06 Node return val: 1
08/31/12 14:50:06           Error: Job proc (132.0.0) failed with status 1
08/31/12 14:50:06 Job Submit File: TRAIN_NETWORK_ALL_n70n8n1_c10_mr10_p500_g20_rmin-25_rmax25_gsigma50_y1001_z05_f05g09_m8000.sub
08/31/12 14:50:06   Condor Job ID: (132.0.0)
08/31/12 14:50:06       Q_PARENTS: <END>
08/31/12 14:50:06       Q_WAITING: <END>
08/31/12 14:50:06      Q_CHILDREN: bd565a776fae77c75b6c2950da925570, <END>
08/31/12 14:50:06 ---------------------- Job ----------------------
08/31/12 14:50:06       Node Name: 3f5aa34c7728aee086060e9ebb809ae1
08/31/12 14:50:06            Noop: false
08/31/12 14:50:06          NodeID: 4
08/31/12 14:50:06     Node Status: STATUS_ERROR    
08/31/12 14:50:06 Node return val: 1
08/31/12 14:50:06           Error: Job proc (133.0.0) failed with status 1
08/31/12 14:50:06 Job Submit File: TRAIN_NETWORK_ALL_n70n8n1_c10_mr10_p500_g20_rmin-25_rmax25_gsigma50_y1001_z05_f05g09_m8000.sub
08/31/12 14:50:06   Condor Job ID: (133.0.0)
08/31/12 14:50:06       Q_PARENTS: <END>
08/31/12 14:50:06       Q_WAITING: <END>
08/31/12 14:50:06      Q_CHILDREN: 515fa1531137a09ac21b561caa2768df, <END>
08/31/12 14:50:06 ---------------------- Job ----------------------
08/31/12 14:50:06       Node Name: 1161ca516cc5b4001ee5c6c75ad9514d
08/31/12 14:50:06            Noop: false
08/31/12 14:50:06          NodeID: 6
08/31/12 14:50:06     Node Status: STATUS_ERROR    
08/31/12 14:50:06 Node return val: 1
08/31/12 14:50:06           Error: Job proc (134.0.0) failed with status 1
08/31/12 14:50:06 Job Submit File: TRAIN_NETWORK_ALL_n70n8n1_c10_mr10_p500_g20_rmin-25_rmax25_gsigma50_y1001_z05_f05g09_m8000.sub
08/31/12 14:50:06   Condor Job ID: (134.0.0)
08/31/12 14:50:06       Q_PARENTS: <END>
08/31/12 14:50:06       Q_WAITING: <END>
08/31/12 14:50:06      Q_CHILDREN: d5cbe76c9df332ffdbe517cd30cbb965, <END>
08/31/12 14:50:06 ---------------------- Job ----------------------
08/31/12 14:50:06       Node Name: 90a70ea1ab0ac36de763b417cb3716a6
08/31/12 14:50:06            Noop: false
08/31/12 14:50:06          NodeID: 8
08/31/12 14:50:06     Node Status: STATUS_ERROR    
08/31/12 14:50:06 Node return val: 1
08/31/12 14:50:06           Error: Job proc (135.0.0) failed with status 1
08/31/12 14:50:06 Job Submit File: TRAIN_NETWORK_ALL_n70n8n1_c10_mr10_p500_g20_rmin-25_rmax25_gsigma50_y1001_z05_f05g09_m8000.sub
08/31/12 14:50:06   Condor Job ID: (135.0.0)
08/31/12 14:50:06       Q_PARENTS: <END>
08/31/12 14:50:06       Q_WAITING: <END>
08/31/12 14:50:06      Q_CHILDREN: c2e95e94bce1057182ab69ee23a636c0, <END>
08/31/12 14:50:06 ---------------------------------------	<END>
08/31/12 14:50:06 Aborting DAG...
08/31/12 14:50:06 Writing Rescue DAG to auxmvc_ann_n70n8n1_c10_mr10_p500_g20_rmin-25_rmax25_gsigma50_y1001_z05_f05g09_m8000.dag.rescue001.rescue001.rescue001...
08/31/12 14:50:06 Note: 0 total job deferrals because of -MaxJobs limit (0)
08/31/12 14:50:06 Note: 0 total job deferrals because of -MaxIdle limit (0)
08/31/12 14:50:06 Note: 0 total job deferrals because of node category throttles
08/31/12 14:50:06 Note: 0 total PRE script deferrals because of -MaxPre limit (0)
08/31/12 14:50:06 Note: 0 total POST script deferrals because of -MaxPost limit (0)
08/31/12 14:50:06 **** condor_scheduniv_exec.130.0 (condor_DAGMAN) pid 10618 EXITING WITH STATUS 1
