08/23/12 23:29:48 Setting maximum accepts per cycle 4.
08/23/12 23:29:48 ******************************************************
08/23/12 23:29:48 ** condor_scheduniv_exec.8378.0 (CONDOR_DAGMAN) STARTING UP
08/23/12 23:29:48 ** /usr/bin/condor_dagman
08/23/12 23:29:48 ** SubsystemInfo: name=DAGMAN type=DAGMAN(10) class=DAEMON(1)
08/23/12 23:29:48 ** Configuration: subsystem:DAGMAN local:<NONE> class:DAEMON
08/23/12 23:29:48 ** $CondorVersion: 7.6.3 Aug 17 2011 BuildID: 361356 $
08/23/12 23:29:48 ** $CondorPlatform: x86_64_rhap_5 $
08/23/12 23:29:48 ** PID = 27988
08/23/12 23:29:48 ** Log last touched time unavailable (No such file or directory)
08/23/12 23:29:48 ******************************************************
08/23/12 23:29:48 Using config source: /etc/condor/condor_config
08/23/12 23:29:48 Using local config sources: 
08/23/12 23:29:48    /etc/condor/condor_config.local
08/23/12 23:29:48 DaemonCore: command socket at <192.168.11.101:49661>
08/23/12 23:29:48 DaemonCore: private command socket at <192.168.11.101:49661>
08/23/12 23:29:48 Setting maximum accepts per cycle 4.
08/23/12 23:29:48 DAGMAN_VERBOSITY setting: 3
08/23/12 23:29:48 DAGMAN_DEBUG_CACHE_SIZE setting: 5242880
08/23/12 23:29:48 DAGMAN_DEBUG_CACHE_ENABLE setting: False
08/23/12 23:29:48 DAGMAN_SUBMIT_DELAY setting: 0
08/23/12 23:29:48 DAGMAN_MAX_SUBMIT_ATTEMPTS setting: 6
08/23/12 23:29:48 DAGMAN_STARTUP_CYCLE_DETECT setting: False
08/23/12 23:29:48 DAGMAN_MAX_SUBMITS_PER_INTERVAL setting: 5
08/23/12 23:29:48 DAGMAN_USER_LOG_SCAN_INTERVAL setting: 5
08/23/12 23:29:48 allow_events (DAGMAN_IGNORE_DUPLICATE_JOB_EXECUTION, DAGMAN_ALLOW_EVENTS) setting: 114
08/23/12 23:29:48 DAGMAN_RETRY_SUBMIT_FIRST setting: True
08/23/12 23:29:48 DAGMAN_RETRY_NODE_FIRST setting: False
08/23/12 23:29:48 DAGMAN_MAX_JOBS_IDLE setting: 0
08/23/12 23:29:48 DAGMAN_MAX_JOBS_SUBMITTED setting: 0
08/23/12 23:29:48 DAGMAN_MAX_PRE_SCRIPTS setting: 0
08/23/12 23:29:48 DAGMAN_MAX_POST_SCRIPTS setting: 0
08/23/12 23:29:48 DAGMAN_ALLOW_LOG_ERROR setting: False
08/23/12 23:29:48 DAGMAN_MUNGE_NODE_NAMES setting: True
08/23/12 23:29:48 DAGMAN_PROHIBIT_MULTI_JOBS setting: False
08/23/12 23:29:48 DAGMAN_SUBMIT_DEPTH_FIRST setting: False
08/23/12 23:29:48 DAGMAN_ABORT_DUPLICATES setting: True
08/23/12 23:29:48 DAGMAN_ABORT_ON_SCARY_SUBMIT setting: True
08/23/12 23:29:48 DAGMAN_PENDING_REPORT_INTERVAL setting: 600
08/23/12 23:29:48 DAGMAN_AUTO_RESCUE setting: True
08/23/12 23:29:48 DAGMAN_MAX_RESCUE_NUM setting: 100
08/23/12 23:29:48 DAGMAN_DEFAULT_NODE_LOG setting: null
08/23/12 23:29:48 DAGMAN_GENERATE_SUBDAG_SUBMITS setting: True
08/23/12 23:29:48 ALL_DEBUG setting: 
08/23/12 23:29:48 DAGMAN_DEBUG setting: 
08/23/12 23:29:48 argv[0] == "condor_scheduniv_exec.8378.0"
08/23/12 23:29:48 argv[1] == "-Lockfile"
08/23/12 23:29:48 argv[2] == "auxmvc_ann_n70n30n1_c10_mr10_p1000_g20_rmin-25_rmax25_gsigma50_y1001_z05_f05g09_m8000.dag.lock"
08/23/12 23:29:48 argv[3] == "-AutoRescue"
08/23/12 23:29:48 argv[4] == "1"
08/23/12 23:29:48 argv[5] == "-DoRescueFrom"
08/23/12 23:29:48 argv[6] == "0"
08/23/12 23:29:48 argv[7] == "-Dag"
08/23/12 23:29:48 argv[8] == "auxmvc_ann_n70n30n1_c10_mr10_p1000_g20_rmin-25_rmax25_gsigma50_y1001_z05_f05g09_m8000.dag"
08/23/12 23:29:48 argv[9] == "-CsdVersion"
08/23/12 23:29:48 argv[10] == "$CondorVersion: 7.6.3 Aug 17 2011 BuildID: 361356 $"
08/23/12 23:29:48 argv[11] == "-Dagman"
08/23/12 23:29:48 argv[12] == "/usr/bin/condor_dagman"
08/23/12 23:29:48 Default node log file is: </data2/johnoh/pyevolve/dag/newreun2/auxmvc_ann_n70n30n1_c10_mr10_p1000_g20_rmin-25_rmax25_gsigma50_y1001_z05_f05g09_m8000.dag.nodes.log>
08/23/12 23:29:48 DAG Lockfile will be written to auxmvc_ann_n70n30n1_c10_mr10_p1000_g20_rmin-25_rmax25_gsigma50_y1001_z05_f05g09_m8000.dag.lock
08/23/12 23:29:48 DAG Input file is auxmvc_ann_n70n30n1_c10_mr10_p1000_g20_rmin-25_rmax25_gsigma50_y1001_z05_f05g09_m8000.dag
08/23/12 23:29:48 Parsing 1 dagfiles
08/23/12 23:29:48 Parsing auxmvc_ann_n70n30n1_c10_mr10_p1000_g20_rmin-25_rmax25_gsigma50_y1001_z05_f05g09_m8000.dag ...
08/23/12 23:29:48 Dag contains 11 total jobs
08/23/12 23:29:48 Sleeping for 12 seconds to ensure ProcessId uniqueness
08/23/12 23:30:00 Bootstrapping...
08/23/12 23:30:00 Number of pre-completed nodes: 0
08/23/12 23:30:00 Registering condor_event_timer...
08/23/12 23:30:01 Sleeping for one second for log file consistency
08/23/12 23:30:02 MultiLogFiles: truncating log file /tmp/tmpr1uxcb
08/23/12 23:30:02 Submitting Condor Node c065c8c0d60ab09b21140a9ea14ff684 job(s)...
08/23/12 23:30:02 submitting: condor_submit -a dag_node_name' '=' 'c065c8c0d60ab09b21140a9ea14ff684 -a +DAGManJobId' '=' '8378 -a DAGManJobId' '=' '8378 -a submit_event_notes' '=' 'DAG' 'Node:' 'c065c8c0d60ab09b21140a9ea14ff684 -a macroid' '=' '0 -a macroarguments' '=' '-t' 'ALL_S6_959126400_hveto_channels_signif_dt_set_0_training.pat' '-s' 'ALL_S6_959126400_hveto_channels_signif_dt_set_0_training_n70n30n1_c10_mr10_p1000_g20_rmin-25_rmax25_gsigma50_y1001_z05_f05g09_m8000.net' '-n' '70,30,1' '-m' '8000' '-w' '-0.100000' '-x' '0.100000' '-y' '1.001000' '-z' '0.500000' '-a' '0.000000' '-b' '50.000000' '-f' '0.500000' '-g' '0.900000' '--connection-rate' '1.000000' '--mutation-rate' '1.000000' '--generations' '20' '--population' '1000' '--range-min' '-25.000000' '--range-max' '25.000000' '--gauss-mu' '0.000000' '--gauss-sigma' '50.000000' '--hidden-activation' 'SIGMOID_STEPWISE' '--output-activation' 'SIGMOID_STEPWISE -a +DAGParentNodeNames' '=' '"" TRAIN_NETWORK_ALL_n70n30n1_c10_mr10_p1000_g20_rmin-25_rmax25_gsigma50_y1001_z05_f05g09_m8000.sub
08/23/12 23:30:02 From submit: Submitting job(s).
08/23/12 23:30:02 From submit: 1 job(s) submitted to cluster 8379.
08/23/12 23:30:02 	assigned Condor ID (8379.0.0)
08/23/12 23:30:02 Submitting Condor Node 930206738602d279dadcc8392840d0a8 job(s)...
08/23/12 23:30:02 submitting: condor_submit -a dag_node_name' '=' '930206738602d279dadcc8392840d0a8 -a +DAGManJobId' '=' '8378 -a DAGManJobId' '=' '8378 -a submit_event_notes' '=' 'DAG' 'Node:' '930206738602d279dadcc8392840d0a8 -a macroid' '=' '2 -a macroarguments' '=' '-t' 'ALL_S6_959126400_hveto_channels_signif_dt_set_1_training.pat' '-s' 'ALL_S6_959126400_hveto_channels_signif_dt_set_1_training_n70n30n1_c10_mr10_p1000_g20_rmin-25_rmax25_gsigma50_y1001_z05_f05g09_m8000.net' '-n' '70,30,1' '-m' '8000' '-w' '-0.100000' '-x' '0.100000' '-y' '1.001000' '-z' '0.500000' '-a' '0.000000' '-b' '50.000000' '-f' '0.500000' '-g' '0.900000' '--connection-rate' '1.000000' '--mutation-rate' '1.000000' '--generations' '20' '--population' '1000' '--range-min' '-25.000000' '--range-max' '25.000000' '--gauss-mu' '0.000000' '--gauss-sigma' '50.000000' '--hidden-activation' 'SIGMOID_STEPWISE' '--output-activation' 'SIGMOID_STEPWISE -a +DAGParentNodeNames' '=' '"" TRAIN_NETWORK_ALL_n70n30n1_c10_mr10_p1000_g20_rmin-25_rmax25_gsigma50_y1001_z05_f05g09_m8000.sub
08/23/12 23:30:02 From submit: Submitting job(s).
08/23/12 23:30:02 From submit: 1 job(s) submitted to cluster 8380.
08/23/12 23:30:02 	assigned Condor ID (8380.0.0)
08/23/12 23:30:02 Submitting Condor Node b889e9aee73257c1d5a650b3f14774ec job(s)...
08/23/12 23:30:02 submitting: condor_submit -a dag_node_name' '=' 'b889e9aee73257c1d5a650b3f14774ec -a +DAGManJobId' '=' '8378 -a DAGManJobId' '=' '8378 -a submit_event_notes' '=' 'DAG' 'Node:' 'b889e9aee73257c1d5a650b3f14774ec -a macroid' '=' '4 -a macroarguments' '=' '-t' 'ALL_S6_959126400_hveto_channels_signif_dt_set_2_training.pat' '-s' 'ALL_S6_959126400_hveto_channels_signif_dt_set_2_training_n70n30n1_c10_mr10_p1000_g20_rmin-25_rmax25_gsigma50_y1001_z05_f05g09_m8000.net' '-n' '70,30,1' '-m' '8000' '-w' '-0.100000' '-x' '0.100000' '-y' '1.001000' '-z' '0.500000' '-a' '0.000000' '-b' '50.000000' '-f' '0.500000' '-g' '0.900000' '--connection-rate' '1.000000' '--mutation-rate' '1.000000' '--generations' '20' '--population' '1000' '--range-min' '-25.000000' '--range-max' '25.000000' '--gauss-mu' '0.000000' '--gauss-sigma' '50.000000' '--hidden-activation' 'SIGMOID_STEPWISE' '--output-activation' 'SIGMOID_STEPWISE -a +DAGParentNodeNames' '=' '"" TRAIN_NETWORK_ALL_n70n30n1_c10_mr10_p1000_g20_rmin-25_rmax25_gsigma50_y1001_z05_f05g09_m8000.sub
08/23/12 23:30:02 From submit: Submitting job(s).
08/23/12 23:30:02 From submit: 1 job(s) submitted to cluster 8381.
08/23/12 23:30:02 	assigned Condor ID (8381.0.0)
08/23/12 23:30:02 Submitting Condor Node 6281a164958d51126b73103afae6faf8 job(s)...
08/23/12 23:30:02 submitting: condor_submit -a dag_node_name' '=' '6281a164958d51126b73103afae6faf8 -a +DAGManJobId' '=' '8378 -a DAGManJobId' '=' '8378 -a submit_event_notes' '=' 'DAG' 'Node:' '6281a164958d51126b73103afae6faf8 -a macroid' '=' '6 -a macroarguments' '=' '-t' 'ALL_S6_959126400_hveto_channels_signif_dt_set_3_training.pat' '-s' 'ALL_S6_959126400_hveto_channels_signif_dt_set_3_training_n70n30n1_c10_mr10_p1000_g20_rmin-25_rmax25_gsigma50_y1001_z05_f05g09_m8000.net' '-n' '70,30,1' '-m' '8000' '-w' '-0.100000' '-x' '0.100000' '-y' '1.001000' '-z' '0.500000' '-a' '0.000000' '-b' '50.000000' '-f' '0.500000' '-g' '0.900000' '--connection-rate' '1.000000' '--mutation-rate' '1.000000' '--generations' '20' '--population' '1000' '--range-min' '-25.000000' '--range-max' '25.000000' '--gauss-mu' '0.000000' '--gauss-sigma' '50.000000' '--hidden-activation' 'SIGMOID_STEPWISE' '--output-activation' 'SIGMOID_STEPWISE -a +DAGParentNodeNames' '=' '"" TRAIN_NETWORK_ALL_n70n30n1_c10_mr10_p1000_g20_rmin-25_rmax25_gsigma50_y1001_z05_f05g09_m8000.sub
08/23/12 23:30:02 From submit: Submitting job(s).
08/23/12 23:30:02 From submit: 1 job(s) submitted to cluster 8382.
08/23/12 23:30:02 	assigned Condor ID (8382.0.0)
08/23/12 23:30:02 Submitting Condor Node 11f7f8ab2f30a5fdf22fad374746f356 job(s)...
08/23/12 23:30:02 submitting: condor_submit -a dag_node_name' '=' '11f7f8ab2f30a5fdf22fad374746f356 -a +DAGManJobId' '=' '8378 -a DAGManJobId' '=' '8378 -a submit_event_notes' '=' 'DAG' 'Node:' '11f7f8ab2f30a5fdf22fad374746f356 -a macroid' '=' '8 -a macroarguments' '=' '-t' 'ALL_S6_959126400_hveto_channels_signif_dt_set_4_training.pat' '-s' 'ALL_S6_959126400_hveto_channels_signif_dt_set_4_training_n70n30n1_c10_mr10_p1000_g20_rmin-25_rmax25_gsigma50_y1001_z05_f05g09_m8000.net' '-n' '70,30,1' '-m' '8000' '-w' '-0.100000' '-x' '0.100000' '-y' '1.001000' '-z' '0.500000' '-a' '0.000000' '-b' '50.000000' '-f' '0.500000' '-g' '0.900000' '--connection-rate' '1.000000' '--mutation-rate' '1.000000' '--generations' '20' '--population' '1000' '--range-min' '-25.000000' '--range-max' '25.000000' '--gauss-mu' '0.000000' '--gauss-sigma' '50.000000' '--hidden-activation' 'SIGMOID_STEPWISE' '--output-activation' 'SIGMOID_STEPWISE -a +DAGParentNodeNames' '=' '"" TRAIN_NETWORK_ALL_n70n30n1_c10_mr10_p1000_g20_rmin-25_rmax25_gsigma50_y1001_z05_f05g09_m8000.sub
08/23/12 23:30:02 From submit: Submitting job(s).
08/23/12 23:30:02 From submit: 1 job(s) submitted to cluster 8383.
08/23/12 23:30:02 	assigned Condor ID (8383.0.0)
08/23/12 23:30:02 Just submitted 5 jobs this cycle...
08/23/12 23:30:02 Currently monitoring 1 Condor log file(s)
08/23/12 23:30:02 Event: ULOG_SUBMIT for Condor Node c065c8c0d60ab09b21140a9ea14ff684 (8379.0.0)
08/23/12 23:30:02 Number of idle job procs: 1
08/23/12 23:30:02 Event: ULOG_SUBMIT for Condor Node 930206738602d279dadcc8392840d0a8 (8380.0.0)
08/23/12 23:30:02 Number of idle job procs: 2
08/23/12 23:30:02 Event: ULOG_SUBMIT for Condor Node b889e9aee73257c1d5a650b3f14774ec (8381.0.0)
08/23/12 23:30:02 Number of idle job procs: 3
08/23/12 23:30:02 Event: ULOG_SUBMIT for Condor Node 6281a164958d51126b73103afae6faf8 (8382.0.0)
08/23/12 23:30:02 Number of idle job procs: 4
08/23/12 23:30:02 Event: ULOG_SUBMIT for Condor Node 11f7f8ab2f30a5fdf22fad374746f356 (8383.0.0)
08/23/12 23:30:02 Number of idle job procs: 5
08/23/12 23:30:02 Of 11 nodes total:
08/23/12 23:30:02  Done     Pre   Queued    Post   Ready   Un-Ready   Failed
08/23/12 23:30:02   ===     ===      ===     ===     ===        ===      ===
08/23/12 23:30:02     0       0        5       0       0          6        0
08/23/12 23:30:02 0 job proc(s) currently held
08/23/12 23:30:07 Currently monitoring 1 Condor log file(s)
08/23/12 23:30:07 Event: ULOG_EXECUTE for Condor Node c065c8c0d60ab09b21140a9ea14ff684 (8379.0.0)
08/23/12 23:30:07 Number of idle job procs: 4
08/23/12 23:30:07 Event: ULOG_EXECUTE for Condor Node 930206738602d279dadcc8392840d0a8 (8380.0.0)
08/23/12 23:30:07 Number of idle job procs: 3
08/23/12 23:30:07 Event: ULOG_EXECUTE for Condor Node b889e9aee73257c1d5a650b3f14774ec (8381.0.0)
08/23/12 23:30:07 Number of idle job procs: 2
08/23/12 23:30:17 Currently monitoring 1 Condor log file(s)
08/23/12 23:30:17 Event: ULOG_IMAGE_SIZE for Condor Node b889e9aee73257c1d5a650b3f14774ec (8381.0.0)
08/23/12 23:30:17 Event: ULOG_IMAGE_SIZE for Condor Node 930206738602d279dadcc8392840d0a8 (8380.0.0)
08/23/12 23:35:17 Currently monitoring 1 Condor log file(s)
08/23/12 23:35:17 Event: ULOG_IMAGE_SIZE for Condor Node c065c8c0d60ab09b21140a9ea14ff684 (8379.0.0)
08/23/12 23:35:17 Event: ULOG_IMAGE_SIZE for Condor Node b889e9aee73257c1d5a650b3f14774ec (8381.0.0)
08/23/12 23:35:17 Event: ULOG_IMAGE_SIZE for Condor Node 930206738602d279dadcc8392840d0a8 (8380.0.0)
08/23/12 23:45:17 600 seconds since last log event
08/23/12 23:45:17 Pending DAG nodes:
08/23/12 23:45:17   Node c065c8c0d60ab09b21140a9ea14ff684, Condor ID 8379, status STATUS_SUBMITTED
08/23/12 23:45:17   Node 930206738602d279dadcc8392840d0a8, Condor ID 8380, status STATUS_SUBMITTED
08/23/12 23:45:17   Node b889e9aee73257c1d5a650b3f14774ec, Condor ID 8381, status STATUS_SUBMITTED
08/23/12 23:45:17   Node 6281a164958d51126b73103afae6faf8, Condor ID 8382, status STATUS_SUBMITTED
08/23/12 23:45:17   Node 11f7f8ab2f30a5fdf22fad374746f356, Condor ID 8383, status STATUS_SUBMITTED
08/23/12 23:55:17 1200 seconds since last log event
08/23/12 23:55:17 Pending DAG nodes:
08/23/12 23:55:17   Node c065c8c0d60ab09b21140a9ea14ff684, Condor ID 8379, status STATUS_SUBMITTED
08/23/12 23:55:17   Node 930206738602d279dadcc8392840d0a8, Condor ID 8380, status STATUS_SUBMITTED
08/23/12 23:55:17   Node b889e9aee73257c1d5a650b3f14774ec, Condor ID 8381, status STATUS_SUBMITTED
08/23/12 23:55:17   Node 6281a164958d51126b73103afae6faf8, Condor ID 8382, status STATUS_SUBMITTED
08/23/12 23:55:17   Node 11f7f8ab2f30a5fdf22fad374746f356, Condor ID 8383, status STATUS_SUBMITTED
08/23/12 23:55:22 Currently monitoring 1 Condor log file(s)
08/23/12 23:55:22 Event: ULOG_IMAGE_SIZE for Condor Node c065c8c0d60ab09b21140a9ea14ff684 (8379.0.0)
08/23/12 23:55:22 Event: ULOG_IMAGE_SIZE for Condor Node b889e9aee73257c1d5a650b3f14774ec (8381.0.0)
08/23/12 23:55:22 Event: ULOG_IMAGE_SIZE for Condor Node 930206738602d279dadcc8392840d0a8 (8380.0.0)
08/24/12 00:05:22 Currently monitoring 1 Condor log file(s)
08/24/12 00:05:22 Event: ULOG_IMAGE_SIZE for Condor Node c065c8c0d60ab09b21140a9ea14ff684 (8379.0.0)
08/24/12 00:05:22 Event: ULOG_IMAGE_SIZE for Condor Node b889e9aee73257c1d5a650b3f14774ec (8381.0.0)
08/24/12 00:05:22 Event: ULOG_IMAGE_SIZE for Condor Node 930206738602d279dadcc8392840d0a8 (8380.0.0)
08/24/12 00:15:22 Currently monitoring 1 Condor log file(s)
08/24/12 00:15:22 Event: ULOG_IMAGE_SIZE for Condor Node c065c8c0d60ab09b21140a9ea14ff684 (8379.0.0)
08/24/12 00:15:22 Event: ULOG_IMAGE_SIZE for Condor Node b889e9aee73257c1d5a650b3f14774ec (8381.0.0)
08/24/12 00:15:22 Event: ULOG_IMAGE_SIZE for Condor Node 930206738602d279dadcc8392840d0a8 (8380.0.0)
08/24/12 00:25:22 600 seconds since last log event
08/24/12 00:25:22 Pending DAG nodes:
08/24/12 00:25:22   Node c065c8c0d60ab09b21140a9ea14ff684, Condor ID 8379, status STATUS_SUBMITTED
08/24/12 00:25:22   Node 930206738602d279dadcc8392840d0a8, Condor ID 8380, status STATUS_SUBMITTED
08/24/12 00:25:22   Node b889e9aee73257c1d5a650b3f14774ec, Condor ID 8381, status STATUS_SUBMITTED
08/24/12 00:25:22   Node 6281a164958d51126b73103afae6faf8, Condor ID 8382, status STATUS_SUBMITTED
08/24/12 00:25:22   Node 11f7f8ab2f30a5fdf22fad374746f356, Condor ID 8383, status STATUS_SUBMITTED
08/24/12 00:25:27 Currently monitoring 1 Condor log file(s)
08/24/12 00:25:27 Event: ULOG_IMAGE_SIZE for Condor Node c065c8c0d60ab09b21140a9ea14ff684 (8379.0.0)
08/24/12 00:25:27 Event: ULOG_IMAGE_SIZE for Condor Node b889e9aee73257c1d5a650b3f14774ec (8381.0.0)
08/24/12 00:25:27 Event: ULOG_IMAGE_SIZE for Condor Node 930206738602d279dadcc8392840d0a8 (8380.0.0)
08/24/12 00:32:02 Currently monitoring 1 Condor log file(s)
08/24/12 00:32:02 Event: ULOG_EXECUTE for Condor Node 6281a164958d51126b73103afae6faf8 (8382.0.0)
08/24/12 00:32:02 Number of idle job procs: 1
08/24/12 00:34:32 Currently monitoring 1 Condor log file(s)
08/24/12 00:34:32 Event: ULOG_EXECUTE for Condor Node 11f7f8ab2f30a5fdf22fad374746f356 (8383.0.0)
08/24/12 00:34:32 Number of idle job procs: 0
08/24/12 00:34:37 Currently monitoring 1 Condor log file(s)
08/24/12 00:34:37 Event: ULOG_IMAGE_SIZE for Condor Node 11f7f8ab2f30a5fdf22fad374746f356 (8383.0.0)
08/24/12 00:35:27 Currently monitoring 1 Condor log file(s)
08/24/12 00:35:27 Event: ULOG_IMAGE_SIZE for Condor Node c065c8c0d60ab09b21140a9ea14ff684 (8379.0.0)
08/24/12 00:37:12 Currently monitoring 1 Condor log file(s)
08/24/12 00:37:12 Event: ULOG_IMAGE_SIZE for Condor Node 6281a164958d51126b73103afae6faf8 (8382.0.0)
08/24/12 00:39:37 Currently monitoring 1 Condor log file(s)
08/24/12 00:39:37 Event: ULOG_IMAGE_SIZE for Condor Node 11f7f8ab2f30a5fdf22fad374746f356 (8383.0.0)
08/24/12 00:40:27 Currently monitoring 1 Condor log file(s)
08/24/12 00:40:27 Event: ULOG_IMAGE_SIZE for Condor Node b889e9aee73257c1d5a650b3f14774ec (8381.0.0)
08/24/12 00:40:27 Event: ULOG_IMAGE_SIZE for Condor Node 930206738602d279dadcc8392840d0a8 (8380.0.0)
08/24/12 00:50:27 600 seconds since last log event
08/24/12 00:50:27 Pending DAG nodes:
08/24/12 00:50:27   Node c065c8c0d60ab09b21140a9ea14ff684, Condor ID 8379, status STATUS_SUBMITTED
08/24/12 00:50:27   Node 930206738602d279dadcc8392840d0a8, Condor ID 8380, status STATUS_SUBMITTED
08/24/12 00:50:27   Node b889e9aee73257c1d5a650b3f14774ec, Condor ID 8381, status STATUS_SUBMITTED
08/24/12 00:50:27   Node 6281a164958d51126b73103afae6faf8, Condor ID 8382, status STATUS_SUBMITTED
08/24/12 00:50:27   Node 11f7f8ab2f30a5fdf22fad374746f356, Condor ID 8383, status STATUS_SUBMITTED
08/24/12 00:56:42 Currently monitoring 1 Condor log file(s)
08/24/12 00:56:42 Event: ULOG_JOB_TERMINATED for Condor Node c065c8c0d60ab09b21140a9ea14ff684 (8379.0.0)
08/24/12 00:56:42 Node c065c8c0d60ab09b21140a9ea14ff684 job proc (8379.0.0) completed successfully.
08/24/12 00:56:42 Node c065c8c0d60ab09b21140a9ea14ff684 job completed
08/24/12 00:56:42 Number of idle job procs: 0
08/24/12 00:56:42 Of 11 nodes total:
08/24/12 00:56:42  Done     Pre   Queued    Post   Ready   Un-Ready   Failed
08/24/12 00:56:42   ===     ===      ===     ===     ===        ===      ===
08/24/12 00:56:42     1       0        4       0       1          5        0
08/24/12 00:56:42 0 job proc(s) currently held
08/24/12 00:56:47 Sleeping for one second for log file consistency
08/24/12 00:56:48 Submitting Condor Node e5ca99732e2dc697fdd3474f190baa77 job(s)...
08/24/12 00:56:48 submitting: condor_submit -a dag_node_name' '=' 'e5ca99732e2dc697fdd3474f190baa77 -a +DAGManJobId' '=' '8378 -a DAGManJobId' '=' '8378 -a submit_event_notes' '=' 'DAG' 'Node:' 'e5ca99732e2dc697fdd3474f190baa77 -a macroid' '=' '1 -a macroarguments' '=' '-e' 'ALL_S6_959126400_hveto_channels_signif_dt_set_0_evaluation.pat' '-n' 'ALL_S6_959126400_hveto_channels_signif_dt_set_0_training_n70n30n1_c10_mr10_p1000_g20_rmin-25_rmax25_gsigma50_y1001_z05_f05g09_m8000.net' '-s' 'ALL_S6_959126400_hveto_channels_signif_dt_set_0_evaluation_n70n30n1_c10_mr10_p1000_g20_rmin-25_rmax25_gsigma50_y1001_z05_f05g09_m8000.dat -a +DAGParentNodeNames' '=' '"c065c8c0d60ab09b21140a9ea14ff684" USE_NETWORK_ALL_n70n30n1_c10_mr10_p1000_g20_rmin-25_rmax25_gsigma50_y1001_z05_f05g09_m8000.sub
08/24/12 00:56:48 From submit: Submitting job(s).
08/24/12 00:56:48 From submit: 1 job(s) submitted to cluster 8401.
08/24/12 00:56:48 	assigned Condor ID (8401.0.0)
08/24/12 00:56:48 Just submitted 1 job this cycle...
08/24/12 00:56:48 Currently monitoring 1 Condor log file(s)
08/24/12 00:56:48 Event: ULOG_SUBMIT for Condor Node e5ca99732e2dc697fdd3474f190baa77 (8401.0.0)
08/24/12 00:56:48 Number of idle job procs: 1
08/24/12 00:56:48 Of 11 nodes total:
08/24/12 00:56:48  Done     Pre   Queued    Post   Ready   Un-Ready   Failed
08/24/12 00:56:48   ===     ===      ===     ===     ===        ===      ===
08/24/12 00:56:48     1       0        5       0       0          5        0
08/24/12 00:56:48 0 job proc(s) currently held
08/24/12 00:57:13 Currently monitoring 1 Condor log file(s)
08/24/12 00:57:13 Event: ULOG_IMAGE_SIZE for Condor Node 6281a164958d51126b73103afae6faf8 (8382.0.0)
08/24/12 00:58:23 Currently monitoring 1 Condor log file(s)
08/24/12 00:58:23 Event: ULOG_JOB_TERMINATED for Condor Node 930206738602d279dadcc8392840d0a8 (8380.0.0)
08/24/12 00:58:23 Node 930206738602d279dadcc8392840d0a8 job proc (8380.0.0) completed successfully.
08/24/12 00:58:23 Node 930206738602d279dadcc8392840d0a8 job completed
08/24/12 00:58:23 Number of idle job procs: 1
08/24/12 00:58:23 Of 11 nodes total:
08/24/12 00:58:23  Done     Pre   Queued    Post   Ready   Un-Ready   Failed
08/24/12 00:58:23   ===     ===      ===     ===     ===        ===      ===
08/24/12 00:58:23     2       0        4       0       1          4        0
08/24/12 00:58:23 0 job proc(s) currently held
08/24/12 00:58:28 Sleeping for one second for log file consistency
08/24/12 00:58:29 Submitting Condor Node 5516d827f08c16bf5f1a4321a52aacb4 job(s)...
08/24/12 00:58:29 submitting: condor_submit -a dag_node_name' '=' '5516d827f08c16bf5f1a4321a52aacb4 -a +DAGManJobId' '=' '8378 -a DAGManJobId' '=' '8378 -a submit_event_notes' '=' 'DAG' 'Node:' '5516d827f08c16bf5f1a4321a52aacb4 -a macroid' '=' '3 -a macroarguments' '=' '-e' 'ALL_S6_959126400_hveto_channels_signif_dt_set_1_evaluation.pat' '-n' 'ALL_S6_959126400_hveto_channels_signif_dt_set_1_training_n70n30n1_c10_mr10_p1000_g20_rmin-25_rmax25_gsigma50_y1001_z05_f05g09_m8000.net' '-s' 'ALL_S6_959126400_hveto_channels_signif_dt_set_1_evaluation_n70n30n1_c10_mr10_p1000_g20_rmin-25_rmax25_gsigma50_y1001_z05_f05g09_m8000.dat -a +DAGParentNodeNames' '=' '"930206738602d279dadcc8392840d0a8" USE_NETWORK_ALL_n70n30n1_c10_mr10_p1000_g20_rmin-25_rmax25_gsigma50_y1001_z05_f05g09_m8000.sub
08/24/12 00:58:29 From submit: Submitting job(s).
08/24/12 00:58:29 From submit: 1 job(s) submitted to cluster 8402.
08/24/12 00:58:29 	assigned Condor ID (8402.0.0)
08/24/12 00:58:29 Just submitted 1 job this cycle...
08/24/12 00:58:29 Currently monitoring 1 Condor log file(s)
08/24/12 00:58:29 Event: ULOG_EXECUTE for Condor Node e5ca99732e2dc697fdd3474f190baa77 (8401.0.0)
08/24/12 00:58:29 Number of idle job procs: 0
08/24/12 00:58:29 Event: ULOG_JOB_TERMINATED for Condor Node e5ca99732e2dc697fdd3474f190baa77 (8401.0.0)
08/24/12 00:58:29 Node e5ca99732e2dc697fdd3474f190baa77 job proc (8401.0.0) completed successfully.
08/24/12 00:58:29 Node e5ca99732e2dc697fdd3474f190baa77 job completed
08/24/12 00:58:29 Number of idle job procs: 0
08/24/12 00:58:29 Event: ULOG_SUBMIT for Condor Node 5516d827f08c16bf5f1a4321a52aacb4 (8402.0.0)
08/24/12 00:58:29 Number of idle job procs: 1
08/24/12 00:58:29 Of 11 nodes total:
08/24/12 00:58:29  Done     Pre   Queued    Post   Ready   Un-Ready   Failed
08/24/12 00:58:29   ===     ===      ===     ===     ===        ===      ===
08/24/12 00:58:29     3       0        4       0       0          4        0
08/24/12 00:58:29 0 job proc(s) currently held
08/24/12 00:58:34 Currently monitoring 1 Condor log file(s)
08/24/12 00:58:34 Event: ULOG_JOB_TERMINATED for Condor Node b889e9aee73257c1d5a650b3f14774ec (8381.0.0)
08/24/12 00:58:34 Node b889e9aee73257c1d5a650b3f14774ec job proc (8381.0.0) completed successfully.
08/24/12 00:58:34 Node b889e9aee73257c1d5a650b3f14774ec job completed
08/24/12 00:58:34 Number of idle job procs: 1
08/24/12 00:58:34 Event: ULOG_EXECUTE for Condor Node 5516d827f08c16bf5f1a4321a52aacb4 (8402.0.0)
08/24/12 00:58:34 Number of idle job procs: 0
08/24/12 00:58:34 Event: ULOG_JOB_TERMINATED for Condor Node 5516d827f08c16bf5f1a4321a52aacb4 (8402.0.0)
08/24/12 00:58:34 Node 5516d827f08c16bf5f1a4321a52aacb4 job proc (8402.0.0) completed successfully.
08/24/12 00:58:34 Node 5516d827f08c16bf5f1a4321a52aacb4 job completed
08/24/12 00:58:34 Number of idle job procs: 0
08/24/12 00:58:34 Of 11 nodes total:
08/24/12 00:58:34  Done     Pre   Queued    Post   Ready   Un-Ready   Failed
08/24/12 00:58:34   ===     ===      ===     ===     ===        ===      ===
08/24/12 00:58:34     5       0        2       0       1          3        0
08/24/12 00:58:34 0 job proc(s) currently held
08/24/12 00:58:39 Sleeping for one second for log file consistency
08/24/12 00:58:40 Submitting Condor Node a80e7c6babcaa5ed193c137cf73884a8 job(s)...
08/24/12 00:58:40 submitting: condor_submit -a dag_node_name' '=' 'a80e7c6babcaa5ed193c137cf73884a8 -a +DAGManJobId' '=' '8378 -a DAGManJobId' '=' '8378 -a submit_event_notes' '=' 'DAG' 'Node:' 'a80e7c6babcaa5ed193c137cf73884a8 -a macroid' '=' '5 -a macroarguments' '=' '-e' 'ALL_S6_959126400_hveto_channels_signif_dt_set_2_evaluation.pat' '-n' 'ALL_S6_959126400_hveto_channels_signif_dt_set_2_training_n70n30n1_c10_mr10_p1000_g20_rmin-25_rmax25_gsigma50_y1001_z05_f05g09_m8000.net' '-s' 'ALL_S6_959126400_hveto_channels_signif_dt_set_2_evaluation_n70n30n1_c10_mr10_p1000_g20_rmin-25_rmax25_gsigma50_y1001_z05_f05g09_m8000.dat -a +DAGParentNodeNames' '=' '"b889e9aee73257c1d5a650b3f14774ec" USE_NETWORK_ALL_n70n30n1_c10_mr10_p1000_g20_rmin-25_rmax25_gsigma50_y1001_z05_f05g09_m8000.sub
08/24/12 00:58:40 From submit: Submitting job(s).
08/24/12 00:58:40 From submit: 1 job(s) submitted to cluster 8404.
08/24/12 00:58:40 	assigned Condor ID (8404.0.0)
08/24/12 00:58:40 Just submitted 1 job this cycle...
08/24/12 00:58:40 Currently monitoring 1 Condor log file(s)
08/24/12 00:58:40 Event: ULOG_SUBMIT for Condor Node a80e7c6babcaa5ed193c137cf73884a8 (8404.0.0)
08/24/12 00:58:40 Number of idle job procs: 1
08/24/12 00:58:40 Of 11 nodes total:
08/24/12 00:58:40  Done     Pre   Queued    Post   Ready   Un-Ready   Failed
08/24/12 00:58:40   ===     ===      ===     ===     ===        ===      ===
08/24/12 00:58:40     5       0        3       0       0          3        0
08/24/12 00:58:40 0 job proc(s) currently held
08/24/12 00:58:50 Currently monitoring 1 Condor log file(s)
08/24/12 00:58:50 Event: ULOG_EXECUTE for Condor Node a80e7c6babcaa5ed193c137cf73884a8 (8404.0.0)
08/24/12 00:58:50 Number of idle job procs: 0
08/24/12 00:58:50 Event: ULOG_JOB_TERMINATED for Condor Node a80e7c6babcaa5ed193c137cf73884a8 (8404.0.0)
08/24/12 00:58:50 Node a80e7c6babcaa5ed193c137cf73884a8 job proc (8404.0.0) completed successfully.
08/24/12 00:58:50 Node a80e7c6babcaa5ed193c137cf73884a8 job completed
08/24/12 00:58:50 Number of idle job procs: 0
08/24/12 00:58:50 Of 11 nodes total:
08/24/12 00:58:50  Done     Pre   Queued    Post   Ready   Un-Ready   Failed
08/24/12 00:58:50   ===     ===      ===     ===     ===        ===      ===
08/24/12 00:58:50     6       0        2       0       0          3        0
08/24/12 00:58:50 0 job proc(s) currently held
08/24/12 00:59:40 Currently monitoring 1 Condor log file(s)
08/24/12 00:59:40 Event: ULOG_IMAGE_SIZE for Condor Node 11f7f8ab2f30a5fdf22fad374746f356 (8383.0.0)
08/24/12 01:07:10 Currently monitoring 1 Condor log file(s)
08/24/12 01:07:10 Event: ULOG_IMAGE_SIZE for Condor Node 6281a164958d51126b73103afae6faf8 (8382.0.0)
08/24/12 01:09:40 Currently monitoring 1 Condor log file(s)
08/24/12 01:09:40 Event: ULOG_IMAGE_SIZE for Condor Node 11f7f8ab2f30a5fdf22fad374746f356 (8383.0.0)
08/24/12 01:17:10 Currently monitoring 1 Condor log file(s)
08/24/12 01:17:10 Event: ULOG_IMAGE_SIZE for Condor Node 6281a164958d51126b73103afae6faf8 (8382.0.0)
08/24/12 01:19:40 Currently monitoring 1 Condor log file(s)
08/24/12 01:19:40 Event: ULOG_IMAGE_SIZE for Condor Node 11f7f8ab2f30a5fdf22fad374746f356 (8383.0.0)
08/24/12 01:27:10 Currently monitoring 1 Condor log file(s)
08/24/12 01:27:10 Event: ULOG_IMAGE_SIZE for Condor Node 6281a164958d51126b73103afae6faf8 (8382.0.0)
08/24/12 01:29:40 Currently monitoring 1 Condor log file(s)
08/24/12 01:29:40 Event: ULOG_IMAGE_SIZE for Condor Node 11f7f8ab2f30a5fdf22fad374746f356 (8383.0.0)
08/24/12 01:39:40 600 seconds since last log event
08/24/12 01:39:40 Pending DAG nodes:
08/24/12 01:39:40   Node 6281a164958d51126b73103afae6faf8, Condor ID 8382, status STATUS_SUBMITTED
08/24/12 01:39:40   Node 11f7f8ab2f30a5fdf22fad374746f356, Condor ID 8383, status STATUS_SUBMITTED
08/24/12 01:42:10 Currently monitoring 1 Condor log file(s)
08/24/12 01:42:10 Event: ULOG_IMAGE_SIZE for Condor Node 6281a164958d51126b73103afae6faf8 (8382.0.0)
08/24/12 01:44:40 Currently monitoring 1 Condor log file(s)
08/24/12 01:44:40 Event: ULOG_IMAGE_SIZE for Condor Node 11f7f8ab2f30a5fdf22fad374746f356 (8383.0.0)
08/24/12 01:54:40 600 seconds since last log event
08/24/12 01:54:40 Pending DAG nodes:
08/24/12 01:54:40   Node 6281a164958d51126b73103afae6faf8, Condor ID 8382, status STATUS_SUBMITTED
08/24/12 01:54:40   Node 11f7f8ab2f30a5fdf22fad374746f356, Condor ID 8383, status STATUS_SUBMITTED
08/24/12 01:58:10 Currently monitoring 1 Condor log file(s)
08/24/12 01:58:10 Event: ULOG_JOB_TERMINATED for Condor Node 6281a164958d51126b73103afae6faf8 (8382.0.0)
08/24/12 01:58:10 Node 6281a164958d51126b73103afae6faf8 job proc (8382.0.0) completed successfully.
08/24/12 01:58:10 Node 6281a164958d51126b73103afae6faf8 job completed
08/24/12 01:58:10 Number of idle job procs: 0
08/24/12 01:58:10 Of 11 nodes total:
08/24/12 01:58:10  Done     Pre   Queued    Post   Ready   Un-Ready   Failed
08/24/12 01:58:10   ===     ===      ===     ===     ===        ===      ===
08/24/12 01:58:10     7       0        1       0       1          2        0
08/24/12 01:58:10 0 job proc(s) currently held
08/24/12 01:58:15 Sleeping for one second for log file consistency
08/24/12 01:58:16 Submitting Condor Node c3ae8995ddf3825480f6bf01f4367a4e job(s)...
08/24/12 01:58:16 submitting: condor_submit -a dag_node_name' '=' 'c3ae8995ddf3825480f6bf01f4367a4e -a +DAGManJobId' '=' '8378 -a DAGManJobId' '=' '8378 -a submit_event_notes' '=' 'DAG' 'Node:' 'c3ae8995ddf3825480f6bf01f4367a4e -a macroid' '=' '7 -a macroarguments' '=' '-e' 'ALL_S6_959126400_hveto_channels_signif_dt_set_3_evaluation.pat' '-n' 'ALL_S6_959126400_hveto_channels_signif_dt_set_3_training_n70n30n1_c10_mr10_p1000_g20_rmin-25_rmax25_gsigma50_y1001_z05_f05g09_m8000.net' '-s' 'ALL_S6_959126400_hveto_channels_signif_dt_set_3_evaluation_n70n30n1_c10_mr10_p1000_g20_rmin-25_rmax25_gsigma50_y1001_z05_f05g09_m8000.dat -a +DAGParentNodeNames' '=' '"6281a164958d51126b73103afae6faf8" USE_NETWORK_ALL_n70n30n1_c10_mr10_p1000_g20_rmin-25_rmax25_gsigma50_y1001_z05_f05g09_m8000.sub
08/24/12 01:58:16 From submit: Submitting job(s).
08/24/12 01:58:16 From submit: 1 job(s) submitted to cluster 8424.
08/24/12 01:58:16 	assigned Condor ID (8424.0.0)
08/24/12 01:58:16 Just submitted 1 job this cycle...
08/24/12 01:58:16 Currently monitoring 1 Condor log file(s)
08/24/12 01:58:16 Event: ULOG_SUBMIT for Condor Node c3ae8995ddf3825480f6bf01f4367a4e (8424.0.0)
08/24/12 01:58:16 Number of idle job procs: 1
08/24/12 01:58:16 Of 11 nodes total:
08/24/12 01:58:16  Done     Pre   Queued    Post   Ready   Un-Ready   Failed
08/24/12 01:58:16   ===     ===      ===     ===     ===        ===      ===
08/24/12 01:58:16     7       0        2       0       0          2        0
08/24/12 01:58:16 0 job proc(s) currently held
08/24/12 01:58:26 Currently monitoring 1 Condor log file(s)
08/24/12 01:58:26 Event: ULOG_EXECUTE for Condor Node c3ae8995ddf3825480f6bf01f4367a4e (8424.0.0)
08/24/12 01:58:26 Number of idle job procs: 0
08/24/12 01:58:26 Event: ULOG_JOB_TERMINATED for Condor Node c3ae8995ddf3825480f6bf01f4367a4e (8424.0.0)
08/24/12 01:58:26 Node c3ae8995ddf3825480f6bf01f4367a4e job proc (8424.0.0) completed successfully.
08/24/12 01:58:26 Node c3ae8995ddf3825480f6bf01f4367a4e job completed
08/24/12 01:58:26 Number of idle job procs: 0
08/24/12 01:58:26 Of 11 nodes total:
08/24/12 01:58:26  Done     Pre   Queued    Post   Ready   Un-Ready   Failed
08/24/12 01:58:26   ===     ===      ===     ===     ===        ===      ===
08/24/12 01:58:26     8       0        1       0       0          2        0
08/24/12 01:58:26 0 job proc(s) currently held
08/24/12 02:02:31 Currently monitoring 1 Condor log file(s)
08/24/12 02:02:31 Event: ULOG_JOB_TERMINATED for Condor Node 11f7f8ab2f30a5fdf22fad374746f356 (8383.0.0)
08/24/12 02:02:31 Node 11f7f8ab2f30a5fdf22fad374746f356 job proc (8383.0.0) completed successfully.
08/24/12 02:02:31 Node 11f7f8ab2f30a5fdf22fad374746f356 job completed
08/24/12 02:02:31 Number of idle job procs: 0
08/24/12 02:02:31 Of 11 nodes total:
08/24/12 02:02:31  Done     Pre   Queued    Post   Ready   Un-Ready   Failed
08/24/12 02:02:31   ===     ===      ===     ===     ===        ===      ===
08/24/12 02:02:31     9       0        0       0       1          1        0
08/24/12 02:02:31 0 job proc(s) currently held
08/24/12 02:02:36 Sleeping for one second for log file consistency
08/24/12 02:02:37 Submitting Condor Node 163b98bc5f7c61d2d35d27be571117f2 job(s)...
08/24/12 02:02:37 submitting: condor_submit -a dag_node_name' '=' '163b98bc5f7c61d2d35d27be571117f2 -a +DAGManJobId' '=' '8378 -a DAGManJobId' '=' '8378 -a submit_event_notes' '=' 'DAG' 'Node:' '163b98bc5f7c61d2d35d27be571117f2 -a macroid' '=' '9 -a macroarguments' '=' '-e' 'ALL_S6_959126400_hveto_channels_signif_dt_set_4_evaluation.pat' '-n' 'ALL_S6_959126400_hveto_channels_signif_dt_set_4_training_n70n30n1_c10_mr10_p1000_g20_rmin-25_rmax25_gsigma50_y1001_z05_f05g09_m8000.net' '-s' 'ALL_S6_959126400_hveto_channels_signif_dt_set_4_evaluation_n70n30n1_c10_mr10_p1000_g20_rmin-25_rmax25_gsigma50_y1001_z05_f05g09_m8000.dat -a +DAGParentNodeNames' '=' '"11f7f8ab2f30a5fdf22fad374746f356" USE_NETWORK_ALL_n70n30n1_c10_mr10_p1000_g20_rmin-25_rmax25_gsigma50_y1001_z05_f05g09_m8000.sub
08/24/12 02:02:37 From submit: Submitting job(s).
08/24/12 02:02:37 From submit: 1 job(s) submitted to cluster 8428.
08/24/12 02:02:37 	assigned Condor ID (8428.0.0)
08/24/12 02:02:37 Just submitted 1 job this cycle...
08/24/12 02:02:37 Currently monitoring 1 Condor log file(s)
08/24/12 02:02:37 Event: ULOG_SUBMIT for Condor Node 163b98bc5f7c61d2d35d27be571117f2 (8428.0.0)
08/24/12 02:02:37 Number of idle job procs: 1
08/24/12 02:02:37 Of 11 nodes total:
08/24/12 02:02:37  Done     Pre   Queued    Post   Ready   Un-Ready   Failed
08/24/12 02:02:37   ===     ===      ===     ===     ===        ===      ===
08/24/12 02:02:37     9       0        1       0       0          1        0
08/24/12 02:02:37 0 job proc(s) currently held
08/24/12 02:02:47 Currently monitoring 1 Condor log file(s)
08/24/12 02:02:47 Event: ULOG_EXECUTE for Condor Node 163b98bc5f7c61d2d35d27be571117f2 (8428.0.0)
08/24/12 02:02:47 Number of idle job procs: 0
08/24/12 02:02:47 Event: ULOG_JOB_TERMINATED for Condor Node 163b98bc5f7c61d2d35d27be571117f2 (8428.0.0)
08/24/12 02:02:47 Node 163b98bc5f7c61d2d35d27be571117f2 job proc (8428.0.0) completed successfully.
08/24/12 02:02:47 Node 163b98bc5f7c61d2d35d27be571117f2 job completed
08/24/12 02:02:47 Number of idle job procs: 0
08/24/12 02:02:47 Of 11 nodes total:
08/24/12 02:02:47  Done     Pre   Queued    Post   Ready   Un-Ready   Failed
08/24/12 02:02:47   ===     ===      ===     ===     ===        ===      ===
08/24/12 02:02:47    10       0        0       0       1          0        0
08/24/12 02:02:47 0 job proc(s) currently held
08/24/12 02:02:52 Sleeping for one second for log file consistency
08/24/12 02:02:53 Submitting Condor Node 8ea833bf8fe473337600135879ff522a job(s)...
08/24/12 02:02:53 submitting: condor_submit -a dag_node_name' '=' '8ea833bf8fe473337600135879ff522a -a +DAGManJobId' '=' '8378 -a DAGManJobId' '=' '8378 -a submit_event_notes' '=' 'DAG' 'Node:' '8ea833bf8fe473337600135879ff522a -a macrotag' '=' 'ALL_S6_959126400_hveto_channels_signif_dt_n70n30n1_c10_mr10_p1000_g20_rmin-25_rmax25_gsigma50_y1001_z05_f05g09_m8000 -a macroid' '=' '10 -a macrooutputdir' '=' 'gann_results_plots_RR5 -a macroplotrankvssignificance' '=' ' -a macroarguments' '=' 'ALL_S6_959126400_hveto_channels_signif_dt_set_0_evaluation_n70n30n1_c10_mr10_p1000_g20_rmin-25_rmax25_gsigma50_y1001_z05_f05g09_m8000.dat' 'ALL_S6_959126400_hveto_channels_signif_dt_set_1_evaluation_n70n30n1_c10_mr10_p1000_g20_rmin-25_rmax25_gsigma50_y1001_z05_f05g09_m8000.dat' 'ALL_S6_959126400_hveto_channels_signif_dt_set_2_evaluation_n70n30n1_c10_mr10_p1000_g20_rmin-25_rmax25_gsigma50_y1001_z05_f05g09_m8000.dat' 'ALL_S6_959126400_hveto_channels_signif_dt_set_3_evaluation_n70n30n1_c10_mr10_p1000_g20_rmin-25_rmax25_gsigma50_y1001_z05_f05g09_m8000.dat' 'ALL_S6_959126400_hveto_channels_signif_dt_set_4_evaluation_n70n30n1_c10_mr10_p1000_g20_rmin-25_rmax25_gsigma50_y1001_z05_f05g09_m8000.dat -a +DAGParentNodeNames' '=' '"e5ca99732e2dc697fdd3474f190baa77,5516d827f08c16bf5f1a4321a52aacb4,a80e7c6babcaa5ed193c137cf73884a8,c3ae8995ddf3825480f6bf01f4367a4e,163b98bc5f7c61d2d35d27be571117f2" RESULT_PLOTS_n70n30n1_c10_mr10_p1000_g20_rmin-25_rmax25_gsigma50_y1001_z05_f05g09_m8000.sub
08/24/12 02:02:53 From submit: Submitting job(s).
08/24/12 02:02:53 From submit: 1 job(s) submitted to cluster 8429.
08/24/12 02:02:53 	assigned Condor ID (8429.0.0)
08/24/12 02:02:53 Just submitted 1 job this cycle...
08/24/12 02:02:53 Currently monitoring 1 Condor log file(s)
08/24/12 02:02:53 Event: ULOG_SUBMIT for Condor Node 8ea833bf8fe473337600135879ff522a (8429.0.0)
08/24/12 02:02:53 Number of idle job procs: 1
08/24/12 02:02:53 Of 11 nodes total:
08/24/12 02:02:53  Done     Pre   Queued    Post   Ready   Un-Ready   Failed
08/24/12 02:02:53   ===     ===      ===     ===     ===        ===      ===
08/24/12 02:02:53    10       0        1       0       0          0        0
08/24/12 02:02:53 0 job proc(s) currently held
08/24/12 02:03:08 Currently monitoring 1 Condor log file(s)
08/24/12 02:03:08 Event: ULOG_EXECUTE for Condor Node 8ea833bf8fe473337600135879ff522a (8429.0.0)
08/24/12 02:03:08 Number of idle job procs: 0
08/24/12 02:03:13 Currently monitoring 1 Condor log file(s)
08/24/12 02:03:13 Event: ULOG_IMAGE_SIZE for Condor Node 8ea833bf8fe473337600135879ff522a (8429.0.0)
08/24/12 02:03:13 Event: ULOG_JOB_TERMINATED for Condor Node 8ea833bf8fe473337600135879ff522a (8429.0.0)
08/24/12 02:03:13 Node 8ea833bf8fe473337600135879ff522a job proc (8429.0.0) completed successfully.
08/24/12 02:03:13 Node 8ea833bf8fe473337600135879ff522a job completed
08/24/12 02:03:13 Number of idle job procs: 0
08/24/12 02:03:13 Of 11 nodes total:
08/24/12 02:03:13  Done     Pre   Queued    Post   Ready   Un-Ready   Failed
08/24/12 02:03:13   ===     ===      ===     ===     ===        ===      ===
08/24/12 02:03:13    11       0        0       0       0          0        0
08/24/12 02:03:13 0 job proc(s) currently held
08/24/12 02:03:13 All jobs Completed!
08/24/12 02:03:13 Note: 0 total job deferrals because of -MaxJobs limit (0)
08/24/12 02:03:13 Note: 0 total job deferrals because of -MaxIdle limit (0)
08/24/12 02:03:13 Note: 0 total job deferrals because of node category throttles
08/24/12 02:03:13 Note: 0 total PRE script deferrals because of -MaxPre limit (0)
08/24/12 02:03:13 Note: 0 total POST script deferrals because of -MaxPost limit (0)
08/24/12 02:03:13 **** condor_scheduniv_exec.8378.0 (condor_DAGMAN) pid 27988 EXITING WITH STATUS 0
