08/31/12 17:17:41 Setting maximum accepts per cycle 4.
08/31/12 17:17:41 ******************************************************
08/31/12 17:17:41 ** condor_scheduniv_exec.258.0 (CONDOR_DAGMAN) STARTING UP
08/31/12 17:17:41 ** /usr/bin/condor_dagman
08/31/12 17:17:41 ** SubsystemInfo: name=DAGMAN type=DAGMAN(10) class=DAEMON(1)
08/31/12 17:17:41 ** Configuration: subsystem:DAGMAN local:<NONE> class:DAEMON
08/31/12 17:17:41 ** $CondorVersion: 7.6.3 Aug 17 2011 BuildID: 361356 $
08/31/12 17:17:41 ** $CondorPlatform: x86_64_rhap_5 $
08/31/12 17:17:41 ** PID = 16200
08/31/12 17:17:41 ** Log last touched time unavailable (No such file or directory)
08/31/12 17:17:41 ******************************************************
08/31/12 17:17:41 Using config source: /etc/condor/condor_config
08/31/12 17:17:41 Using local config sources: 
08/31/12 17:17:41    /etc/condor/condor_config.local
08/31/12 17:17:41 DaemonCore: command socket at <192.168.11.102:37159>
08/31/12 17:17:41 DaemonCore: private command socket at <192.168.11.102:37159>
08/31/12 17:17:41 Setting maximum accepts per cycle 4.
08/31/12 17:17:41 DAGMAN_VERBOSITY setting: 3
08/31/12 17:17:41 DAGMAN_DEBUG_CACHE_SIZE setting: 5242880
08/31/12 17:17:41 DAGMAN_DEBUG_CACHE_ENABLE setting: False
08/31/12 17:17:41 DAGMAN_SUBMIT_DELAY setting: 0
08/31/12 17:17:41 DAGMAN_MAX_SUBMIT_ATTEMPTS setting: 6
08/31/12 17:17:41 DAGMAN_STARTUP_CYCLE_DETECT setting: False
08/31/12 17:17:41 DAGMAN_MAX_SUBMITS_PER_INTERVAL setting: 5
08/31/12 17:17:41 DAGMAN_USER_LOG_SCAN_INTERVAL setting: 5
08/31/12 17:17:41 allow_events (DAGMAN_IGNORE_DUPLICATE_JOB_EXECUTION, DAGMAN_ALLOW_EVENTS) setting: 114
08/31/12 17:17:41 DAGMAN_RETRY_SUBMIT_FIRST setting: True
08/31/12 17:17:41 DAGMAN_RETRY_NODE_FIRST setting: False
08/31/12 17:17:41 DAGMAN_MAX_JOBS_IDLE setting: 0
08/31/12 17:17:41 DAGMAN_MAX_JOBS_SUBMITTED setting: 0
08/31/12 17:17:41 DAGMAN_MAX_PRE_SCRIPTS setting: 0
08/31/12 17:17:41 DAGMAN_MAX_POST_SCRIPTS setting: 0
08/31/12 17:17:41 DAGMAN_ALLOW_LOG_ERROR setting: False
08/31/12 17:17:41 DAGMAN_MUNGE_NODE_NAMES setting: True
08/31/12 17:17:41 DAGMAN_PROHIBIT_MULTI_JOBS setting: False
08/31/12 17:17:41 DAGMAN_SUBMIT_DEPTH_FIRST setting: False
08/31/12 17:17:41 DAGMAN_ABORT_DUPLICATES setting: True
08/31/12 17:17:41 DAGMAN_ABORT_ON_SCARY_SUBMIT setting: True
08/31/12 17:17:41 DAGMAN_PENDING_REPORT_INTERVAL setting: 600
08/31/12 17:17:41 DAGMAN_AUTO_RESCUE setting: True
08/31/12 17:17:41 DAGMAN_MAX_RESCUE_NUM setting: 100
08/31/12 17:17:41 DAGMAN_DEFAULT_NODE_LOG setting: null
08/31/12 17:17:41 DAGMAN_GENERATE_SUBDAG_SUBMITS setting: True
08/31/12 17:17:41 ALL_DEBUG setting: 
08/31/12 17:17:41 DAGMAN_DEBUG setting: 
08/31/12 17:17:41 argv[0] == "condor_scheduniv_exec.258.0"
08/31/12 17:17:41 argv[1] == "-Lockfile"
08/31/12 17:17:41 argv[2] == "auxmvc_ann_n1250n20n1_c10_mr10_p500_g20_rmin-25_rmax25_gsigma50_y1001_f05g09_m8000.dag.lock"
08/31/12 17:17:41 argv[3] == "-AutoRescue"
08/31/12 17:17:41 argv[4] == "1"
08/31/12 17:17:41 argv[5] == "-DoRescueFrom"
08/31/12 17:17:41 argv[6] == "0"
08/31/12 17:17:41 argv[7] == "-Dag"
08/31/12 17:17:41 argv[8] == "auxmvc_ann_n1250n20n1_c10_mr10_p500_g20_rmin-25_rmax25_gsigma50_y1001_f05g09_m8000.dag"
08/31/12 17:17:41 argv[9] == "-CsdVersion"
08/31/12 17:17:41 argv[10] == "$CondorVersion: 7.6.3 Aug 17 2011 BuildID: 361356 $"
08/31/12 17:17:41 argv[11] == "-Dagman"
08/31/12 17:17:41 argv[12] == "/usr/bin/condor_dagman"
08/31/12 17:17:41 Default node log file is: </data2/johnoh/pyevolve/dag/newreun2/auxmvc_ann_n1250n20n1_c10_mr10_p500_g20_rmin-25_rmax25_gsigma50_y1001_f05g09_m8000.dag.nodes.log>
08/31/12 17:17:41 DAG Lockfile will be written to auxmvc_ann_n1250n20n1_c10_mr10_p500_g20_rmin-25_rmax25_gsigma50_y1001_f05g09_m8000.dag.lock
08/31/12 17:17:41 DAG Input file is auxmvc_ann_n1250n20n1_c10_mr10_p500_g20_rmin-25_rmax25_gsigma50_y1001_f05g09_m8000.dag
08/31/12 17:17:41 Parsing 1 dagfiles
08/31/12 17:17:41 Parsing auxmvc_ann_n1250n20n1_c10_mr10_p500_g20_rmin-25_rmax25_gsigma50_y1001_f05g09_m8000.dag ...
08/31/12 17:17:41 Dag contains 21 total jobs
08/31/12 17:17:41 Sleeping for 12 seconds to ensure ProcessId uniqueness
08/31/12 17:17:53 Bootstrapping...
08/31/12 17:17:53 Number of pre-completed nodes: 0
08/31/12 17:17:53 Registering condor_event_timer...
08/31/12 17:17:54 Sleeping for one second for log file consistency
08/31/12 17:17:55 MultiLogFiles: truncating log file /tmp/tmpRsgAC1
08/31/12 17:17:55 Submitting Condor Node 1c1e08f0ca4509965d87ef167354598c job(s)...
08/31/12 17:17:55 submitting: condor_submit -a dag_node_name' '=' '1c1e08f0ca4509965d87ef167354598c -a +DAGManJobId' '=' '258 -a DAGManJobId' '=' '258 -a submit_event_notes' '=' 'DAG' 'Node:' '1c1e08f0ca4509965d87ef167354598c -a macroid' '=' '0 -a macroarguments' '=' '-t' 'ALL_S6_959126400_full_set_0_training.pat' '-s' 'ALL_S6_959126400_full_set_0_training_n1250n20n1_c10_mr10_p500_g20_rmin-25_rmax25_gsigma50_y1001_f05g09_m8000.net' '-n' '1250,20,1' '-m' '8000' '-w' '-0.100000' '-x' '0.100000' '-y' '1.001000' '-z' '0.500000' '-a' '0.000000' '-b' '50.000000' '-f' '0.500000' '-g' '0.900000' '--connection-rate' '1.000000' '--mutation-rate' '1.000000' '--generations' '20' '--population' '500' '--range-min' '-25.000000' '--range-max' '25.000000' '--gauss-mu' '0.000000' '--gauss-sigma' '50.000000' '--hidden-activation' 'SIGMOID_STEPWISE' '--output-activation' 'SIGMOID_STEPWISE -a +DAGParentNodeNames' '=' '"" TRAIN_NETWORK_ALL_n1250n20n1_c10_mr10_p500_g20_rmin-25_rmax25_gsigma50_y1001_f05g09_m8000.sub
08/31/12 17:17:55 From submit: Submitting job(s).
08/31/12 17:17:55 From submit: 1 job(s) submitted to cluster 259.
08/31/12 17:17:55 	assigned Condor ID (259.0.0)
08/31/12 17:17:55 Submitting Condor Node 7e8e51db2872fada433234826666bf59 job(s)...
08/31/12 17:17:55 submitting: condor_submit -a dag_node_name' '=' '7e8e51db2872fada433234826666bf59 -a +DAGManJobId' '=' '258 -a DAGManJobId' '=' '258 -a submit_event_notes' '=' 'DAG' 'Node:' '7e8e51db2872fada433234826666bf59 -a macroid' '=' '2 -a macroarguments' '=' '-t' 'ALL_S6_959126400_full_set_1_training.pat' '-s' 'ALL_S6_959126400_full_set_1_training_n1250n20n1_c10_mr10_p500_g20_rmin-25_rmax25_gsigma50_y1001_f05g09_m8000.net' '-n' '1250,20,1' '-m' '8000' '-w' '-0.100000' '-x' '0.100000' '-y' '1.001000' '-z' '0.500000' '-a' '0.000000' '-b' '50.000000' '-f' '0.500000' '-g' '0.900000' '--connection-rate' '1.000000' '--mutation-rate' '1.000000' '--generations' '20' '--population' '500' '--range-min' '-25.000000' '--range-max' '25.000000' '--gauss-mu' '0.000000' '--gauss-sigma' '50.000000' '--hidden-activation' 'SIGMOID_STEPWISE' '--output-activation' 'SIGMOID_STEPWISE -a +DAGParentNodeNames' '=' '"" TRAIN_NETWORK_ALL_n1250n20n1_c10_mr10_p500_g20_rmin-25_rmax25_gsigma50_y1001_f05g09_m8000.sub
08/31/12 17:17:55 From submit: Submitting job(s).
08/31/12 17:17:55 From submit: 1 job(s) submitted to cluster 260.
08/31/12 17:17:55 	assigned Condor ID (260.0.0)
08/31/12 17:17:55 Submitting Condor Node 698ed344508e9a478a682b58c882bef2 job(s)...
08/31/12 17:17:55 submitting: condor_submit -a dag_node_name' '=' '698ed344508e9a478a682b58c882bef2 -a +DAGManJobId' '=' '258 -a DAGManJobId' '=' '258 -a submit_event_notes' '=' 'DAG' 'Node:' '698ed344508e9a478a682b58c882bef2 -a macroid' '=' '4 -a macroarguments' '=' '-t' 'ALL_S6_959126400_full_set_2_training.pat' '-s' 'ALL_S6_959126400_full_set_2_training_n1250n20n1_c10_mr10_p500_g20_rmin-25_rmax25_gsigma50_y1001_f05g09_m8000.net' '-n' '1250,20,1' '-m' '8000' '-w' '-0.100000' '-x' '0.100000' '-y' '1.001000' '-z' '0.500000' '-a' '0.000000' '-b' '50.000000' '-f' '0.500000' '-g' '0.900000' '--connection-rate' '1.000000' '--mutation-rate' '1.000000' '--generations' '20' '--population' '500' '--range-min' '-25.000000' '--range-max' '25.000000' '--gauss-mu' '0.000000' '--gauss-sigma' '50.000000' '--hidden-activation' 'SIGMOID_STEPWISE' '--output-activation' 'SIGMOID_STEPWISE -a +DAGParentNodeNames' '=' '"" TRAIN_NETWORK_ALL_n1250n20n1_c10_mr10_p500_g20_rmin-25_rmax25_gsigma50_y1001_f05g09_m8000.sub
08/31/12 17:17:55 From submit: Submitting job(s).
08/31/12 17:17:55 From submit: 1 job(s) submitted to cluster 261.
08/31/12 17:17:55 	assigned Condor ID (261.0.0)
08/31/12 17:17:55 Submitting Condor Node a050de910201ca979ec09365076d664f job(s)...
08/31/12 17:17:55 submitting: condor_submit -a dag_node_name' '=' 'a050de910201ca979ec09365076d664f -a +DAGManJobId' '=' '258 -a DAGManJobId' '=' '258 -a submit_event_notes' '=' 'DAG' 'Node:' 'a050de910201ca979ec09365076d664f -a macroid' '=' '6 -a macroarguments' '=' '-t' 'ALL_S6_959126400_full_set_3_training.pat' '-s' 'ALL_S6_959126400_full_set_3_training_n1250n20n1_c10_mr10_p500_g20_rmin-25_rmax25_gsigma50_y1001_f05g09_m8000.net' '-n' '1250,20,1' '-m' '8000' '-w' '-0.100000' '-x' '0.100000' '-y' '1.001000' '-z' '0.500000' '-a' '0.000000' '-b' '50.000000' '-f' '0.500000' '-g' '0.900000' '--connection-rate' '1.000000' '--mutation-rate' '1.000000' '--generations' '20' '--population' '500' '--range-min' '-25.000000' '--range-max' '25.000000' '--gauss-mu' '0.000000' '--gauss-sigma' '50.000000' '--hidden-activation' 'SIGMOID_STEPWISE' '--output-activation' 'SIGMOID_STEPWISE -a +DAGParentNodeNames' '=' '"" TRAIN_NETWORK_ALL_n1250n20n1_c10_mr10_p500_g20_rmin-25_rmax25_gsigma50_y1001_f05g09_m8000.sub
08/31/12 17:17:55 From submit: Submitting job(s).
08/31/12 17:17:55 From submit: 1 job(s) submitted to cluster 262.
08/31/12 17:17:55 	assigned Condor ID (262.0.0)
08/31/12 17:17:55 Submitting Condor Node 33ce93d774095bb8e8a7b59bd79d092e job(s)...
08/31/12 17:17:55 submitting: condor_submit -a dag_node_name' '=' '33ce93d774095bb8e8a7b59bd79d092e -a +DAGManJobId' '=' '258 -a DAGManJobId' '=' '258 -a submit_event_notes' '=' 'DAG' 'Node:' '33ce93d774095bb8e8a7b59bd79d092e -a macroid' '=' '8 -a macroarguments' '=' '-t' 'ALL_S6_959126400_full_set_4_training.pat' '-s' 'ALL_S6_959126400_full_set_4_training_n1250n20n1_c10_mr10_p500_g20_rmin-25_rmax25_gsigma50_y1001_f05g09_m8000.net' '-n' '1250,20,1' '-m' '8000' '-w' '-0.100000' '-x' '0.100000' '-y' '1.001000' '-z' '0.500000' '-a' '0.000000' '-b' '50.000000' '-f' '0.500000' '-g' '0.900000' '--connection-rate' '1.000000' '--mutation-rate' '1.000000' '--generations' '20' '--population' '500' '--range-min' '-25.000000' '--range-max' '25.000000' '--gauss-mu' '0.000000' '--gauss-sigma' '50.000000' '--hidden-activation' 'SIGMOID_STEPWISE' '--output-activation' 'SIGMOID_STEPWISE -a +DAGParentNodeNames' '=' '"" TRAIN_NETWORK_ALL_n1250n20n1_c10_mr10_p500_g20_rmin-25_rmax25_gsigma50_y1001_f05g09_m8000.sub
08/31/12 17:17:55 From submit: Submitting job(s).
08/31/12 17:17:55 From submit: 1 job(s) submitted to cluster 263.
08/31/12 17:17:55 	assigned Condor ID (263.0.0)
08/31/12 17:17:55 Just submitted 5 jobs this cycle...
08/31/12 17:17:55 Currently monitoring 1 Condor log file(s)
08/31/12 17:17:55 Event: ULOG_SUBMIT for Condor Node 1c1e08f0ca4509965d87ef167354598c (259.0.0)
08/31/12 17:17:55 Number of idle job procs: 1
08/31/12 17:17:55 Event: ULOG_SUBMIT for Condor Node 7e8e51db2872fada433234826666bf59 (260.0.0)
08/31/12 17:17:55 Number of idle job procs: 2
08/31/12 17:17:55 Event: ULOG_SUBMIT for Condor Node 698ed344508e9a478a682b58c882bef2 (261.0.0)
08/31/12 17:17:55 Number of idle job procs: 3
08/31/12 17:17:55 Event: ULOG_SUBMIT for Condor Node a050de910201ca979ec09365076d664f (262.0.0)
08/31/12 17:17:55 Number of idle job procs: 4
08/31/12 17:17:55 Event: ULOG_SUBMIT for Condor Node 33ce93d774095bb8e8a7b59bd79d092e (263.0.0)
08/31/12 17:17:55 Number of idle job procs: 5
08/31/12 17:17:55 Of 21 nodes total:
08/31/12 17:17:55  Done     Pre   Queued    Post   Ready   Un-Ready   Failed
08/31/12 17:17:55   ===     ===      ===     ===     ===        ===      ===
08/31/12 17:17:55     0       0        5       0       5         11        0
08/31/12 17:17:55 0 job proc(s) currently held
08/31/12 17:18:00 Sleeping for one second for log file consistency
08/31/12 17:18:01 Submitting Condor Node 1bd0339e7a9a2f9e307be1e738799d0d job(s)...
08/31/12 17:18:01 submitting: condor_submit -a dag_node_name' '=' '1bd0339e7a9a2f9e307be1e738799d0d -a +DAGManJobId' '=' '258 -a DAGManJobId' '=' '258 -a submit_event_notes' '=' 'DAG' 'Node:' '1bd0339e7a9a2f9e307be1e738799d0d -a macroid' '=' '10 -a macroarguments' '=' '-t' 'ALL_S6_959126400_full_set_5_training.pat' '-s' 'ALL_S6_959126400_full_set_5_training_n1250n20n1_c10_mr10_p500_g20_rmin-25_rmax25_gsigma50_y1001_f05g09_m8000.net' '-n' '1250,20,1' '-m' '8000' '-w' '-0.100000' '-x' '0.100000' '-y' '1.001000' '-z' '0.500000' '-a' '0.000000' '-b' '50.000000' '-f' '0.500000' '-g' '0.900000' '--connection-rate' '1.000000' '--mutation-rate' '1.000000' '--generations' '20' '--population' '500' '--range-min' '-25.000000' '--range-max' '25.000000' '--gauss-mu' '0.000000' '--gauss-sigma' '50.000000' '--hidden-activation' 'SIGMOID_STEPWISE' '--output-activation' 'SIGMOID_STEPWISE -a +DAGParentNodeNames' '=' '"" TRAIN_NETWORK_ALL_n1250n20n1_c10_mr10_p500_g20_rmin-25_rmax25_gsigma50_y1001_f05g09_m8000.sub
08/31/12 17:18:01 From submit: Submitting job(s).
08/31/12 17:18:01 From submit: 1 job(s) submitted to cluster 264.
08/31/12 17:18:01 	assigned Condor ID (264.0.0)
08/31/12 17:18:01 Submitting Condor Node 9f1c2d6a2d0def09dd0224e976c6c704 job(s)...
08/31/12 17:18:01 submitting: condor_submit -a dag_node_name' '=' '9f1c2d6a2d0def09dd0224e976c6c704 -a +DAGManJobId' '=' '258 -a DAGManJobId' '=' '258 -a submit_event_notes' '=' 'DAG' 'Node:' '9f1c2d6a2d0def09dd0224e976c6c704 -a macroid' '=' '12 -a macroarguments' '=' '-t' 'ALL_S6_959126400_full_set_6_training.pat' '-s' 'ALL_S6_959126400_full_set_6_training_n1250n20n1_c10_mr10_p500_g20_rmin-25_rmax25_gsigma50_y1001_f05g09_m8000.net' '-n' '1250,20,1' '-m' '8000' '-w' '-0.100000' '-x' '0.100000' '-y' '1.001000' '-z' '0.500000' '-a' '0.000000' '-b' '50.000000' '-f' '0.500000' '-g' '0.900000' '--connection-rate' '1.000000' '--mutation-rate' '1.000000' '--generations' '20' '--population' '500' '--range-min' '-25.000000' '--range-max' '25.000000' '--gauss-mu' '0.000000' '--gauss-sigma' '50.000000' '--hidden-activation' 'SIGMOID_STEPWISE' '--output-activation' 'SIGMOID_STEPWISE -a +DAGParentNodeNames' '=' '"" TRAIN_NETWORK_ALL_n1250n20n1_c10_mr10_p500_g20_rmin-25_rmax25_gsigma50_y1001_f05g09_m8000.sub
08/31/12 17:18:01 From submit: Submitting job(s).
08/31/12 17:18:01 From submit: 1 job(s) submitted to cluster 265.
08/31/12 17:18:01 	assigned Condor ID (265.0.0)
08/31/12 17:18:01 Submitting Condor Node 580b833166849d17a9b52e623810c4bd job(s)...
08/31/12 17:18:01 submitting: condor_submit -a dag_node_name' '=' '580b833166849d17a9b52e623810c4bd -a +DAGManJobId' '=' '258 -a DAGManJobId' '=' '258 -a submit_event_notes' '=' 'DAG' 'Node:' '580b833166849d17a9b52e623810c4bd -a macroid' '=' '14 -a macroarguments' '=' '-t' 'ALL_S6_959126400_full_set_7_training.pat' '-s' 'ALL_S6_959126400_full_set_7_training_n1250n20n1_c10_mr10_p500_g20_rmin-25_rmax25_gsigma50_y1001_f05g09_m8000.net' '-n' '1250,20,1' '-m' '8000' '-w' '-0.100000' '-x' '0.100000' '-y' '1.001000' '-z' '0.500000' '-a' '0.000000' '-b' '50.000000' '-f' '0.500000' '-g' '0.900000' '--connection-rate' '1.000000' '--mutation-rate' '1.000000' '--generations' '20' '--population' '500' '--range-min' '-25.000000' '--range-max' '25.000000' '--gauss-mu' '0.000000' '--gauss-sigma' '50.000000' '--hidden-activation' 'SIGMOID_STEPWISE' '--output-activation' 'SIGMOID_STEPWISE -a +DAGParentNodeNames' '=' '"" TRAIN_NETWORK_ALL_n1250n20n1_c10_mr10_p500_g20_rmin-25_rmax25_gsigma50_y1001_f05g09_m8000.sub
08/31/12 17:18:01 From submit: Submitting job(s).
08/31/12 17:18:01 From submit: 1 job(s) submitted to cluster 266.
08/31/12 17:18:01 	assigned Condor ID (266.0.0)
08/31/12 17:18:01 Submitting Condor Node 49605f2ed29c551ebc26eb6dae567f76 job(s)...
08/31/12 17:18:01 submitting: condor_submit -a dag_node_name' '=' '49605f2ed29c551ebc26eb6dae567f76 -a +DAGManJobId' '=' '258 -a DAGManJobId' '=' '258 -a submit_event_notes' '=' 'DAG' 'Node:' '49605f2ed29c551ebc26eb6dae567f76 -a macroid' '=' '16 -a macroarguments' '=' '-t' 'ALL_S6_959126400_full_set_8_training.pat' '-s' 'ALL_S6_959126400_full_set_8_training_n1250n20n1_c10_mr10_p500_g20_rmin-25_rmax25_gsigma50_y1001_f05g09_m8000.net' '-n' '1250,20,1' '-m' '8000' '-w' '-0.100000' '-x' '0.100000' '-y' '1.001000' '-z' '0.500000' '-a' '0.000000' '-b' '50.000000' '-f' '0.500000' '-g' '0.900000' '--connection-rate' '1.000000' '--mutation-rate' '1.000000' '--generations' '20' '--population' '500' '--range-min' '-25.000000' '--range-max' '25.000000' '--gauss-mu' '0.000000' '--gauss-sigma' '50.000000' '--hidden-activation' 'SIGMOID_STEPWISE' '--output-activation' 'SIGMOID_STEPWISE -a +DAGParentNodeNames' '=' '"" TRAIN_NETWORK_ALL_n1250n20n1_c10_mr10_p500_g20_rmin-25_rmax25_gsigma50_y1001_f05g09_m8000.sub
08/31/12 17:18:01 From submit: Submitting job(s).
08/31/12 17:18:01 From submit: 1 job(s) submitted to cluster 267.
08/31/12 17:18:01 	assigned Condor ID (267.0.0)
08/31/12 17:18:01 Submitting Condor Node ac4f36887e462198abf13b3411df818b job(s)...
08/31/12 17:18:01 submitting: condor_submit -a dag_node_name' '=' 'ac4f36887e462198abf13b3411df818b -a +DAGManJobId' '=' '258 -a DAGManJobId' '=' '258 -a submit_event_notes' '=' 'DAG' 'Node:' 'ac4f36887e462198abf13b3411df818b -a macroid' '=' '18 -a macroarguments' '=' '-t' 'ALL_S6_959126400_full_set_9_training.pat' '-s' 'ALL_S6_959126400_full_set_9_training_n1250n20n1_c10_mr10_p500_g20_rmin-25_rmax25_gsigma50_y1001_f05g09_m8000.net' '-n' '1250,20,1' '-m' '8000' '-w' '-0.100000' '-x' '0.100000' '-y' '1.001000' '-z' '0.500000' '-a' '0.000000' '-b' '50.000000' '-f' '0.500000' '-g' '0.900000' '--connection-rate' '1.000000' '--mutation-rate' '1.000000' '--generations' '20' '--population' '500' '--range-min' '-25.000000' '--range-max' '25.000000' '--gauss-mu' '0.000000' '--gauss-sigma' '50.000000' '--hidden-activation' 'SIGMOID_STEPWISE' '--output-activation' 'SIGMOID_STEPWISE -a +DAGParentNodeNames' '=' '"" TRAIN_NETWORK_ALL_n1250n20n1_c10_mr10_p500_g20_rmin-25_rmax25_gsigma50_y1001_f05g09_m8000.sub
08/31/12 17:18:01 From submit: Submitting job(s).
08/31/12 17:18:01 From submit: 1 job(s) submitted to cluster 268.
08/31/12 17:18:01 	assigned Condor ID (268.0.0)
08/31/12 17:18:01 Just submitted 5 jobs this cycle...
08/31/12 17:18:01 Currently monitoring 1 Condor log file(s)
08/31/12 17:18:01 Event: ULOG_SUBMIT for Condor Node 1bd0339e7a9a2f9e307be1e738799d0d (264.0.0)
08/31/12 17:18:01 Number of idle job procs: 6
08/31/12 17:18:01 Event: ULOG_SUBMIT for Condor Node 9f1c2d6a2d0def09dd0224e976c6c704 (265.0.0)
08/31/12 17:18:01 Number of idle job procs: 7
08/31/12 17:18:01 Event: ULOG_SUBMIT for Condor Node 580b833166849d17a9b52e623810c4bd (266.0.0)
08/31/12 17:18:01 Number of idle job procs: 8
08/31/12 17:18:01 Event: ULOG_SUBMIT for Condor Node 49605f2ed29c551ebc26eb6dae567f76 (267.0.0)
08/31/12 17:18:01 Number of idle job procs: 9
08/31/12 17:18:01 Event: ULOG_SUBMIT for Condor Node ac4f36887e462198abf13b3411df818b (268.0.0)
08/31/12 17:18:01 Number of idle job procs: 10
08/31/12 17:18:01 Of 21 nodes total:
08/31/12 17:18:01  Done     Pre   Queued    Post   Ready   Un-Ready   Failed
08/31/12 17:18:01   ===     ===      ===     ===     ===        ===      ===
08/31/12 17:18:01     0       0       10       0       0         11        0
08/31/12 17:18:01 0 job proc(s) currently held
08/31/12 17:18:06 Currently monitoring 1 Condor log file(s)
08/31/12 17:18:06 Event: ULOG_EXECUTE for Condor Node 1c1e08f0ca4509965d87ef167354598c (259.0.0)
08/31/12 17:18:06 Number of idle job procs: 9
08/31/12 17:18:06 Event: ULOG_EXECUTE for Condor Node 7e8e51db2872fada433234826666bf59 (260.0.0)
08/31/12 17:18:06 Number of idle job procs: 8
08/31/12 17:18:06 Event: ULOG_EXECUTE for Condor Node a050de910201ca979ec09365076d664f (262.0.0)
08/31/12 17:18:06 Number of idle job procs: 7
08/31/12 17:18:06 Event: ULOG_EXECUTE for Condor Node 33ce93d774095bb8e8a7b59bd79d092e (263.0.0)
08/31/12 17:18:06 Number of idle job procs: 6
08/31/12 17:18:06 Event: ULOG_EXECUTE for Condor Node 698ed344508e9a478a682b58c882bef2 (261.0.0)
08/31/12 17:18:06 Number of idle job procs: 5
08/31/12 17:18:06 Event: ULOG_EXECUTE for Condor Node 1bd0339e7a9a2f9e307be1e738799d0d (264.0.0)
08/31/12 17:18:06 Number of idle job procs: 4
08/31/12 17:18:16 Currently monitoring 1 Condor log file(s)
08/31/12 17:18:16 Event: ULOG_IMAGE_SIZE for Condor Node 1c1e08f0ca4509965d87ef167354598c (259.0.0)
08/31/12 17:18:16 Event: ULOG_IMAGE_SIZE for Condor Node 7e8e51db2872fada433234826666bf59 (260.0.0)
08/31/12 17:18:16 Event: ULOG_IMAGE_SIZE for Condor Node a050de910201ca979ec09365076d664f (262.0.0)
08/31/12 17:23:16 Currently monitoring 1 Condor log file(s)
08/31/12 17:23:16 Event: ULOG_IMAGE_SIZE for Condor Node 1c1e08f0ca4509965d87ef167354598c (259.0.0)
08/31/12 17:23:16 Event: ULOG_IMAGE_SIZE for Condor Node 7e8e51db2872fada433234826666bf59 (260.0.0)
08/31/12 17:23:16 Event: ULOG_IMAGE_SIZE for Condor Node a050de910201ca979ec09365076d664f (262.0.0)
08/31/12 17:23:16 Event: ULOG_IMAGE_SIZE for Condor Node 1bd0339e7a9a2f9e307be1e738799d0d (264.0.0)
08/31/12 17:23:16 Event: ULOG_IMAGE_SIZE for Condor Node 698ed344508e9a478a682b58c882bef2 (261.0.0)
08/31/12 17:23:16 Event: ULOG_IMAGE_SIZE for Condor Node 33ce93d774095bb8e8a7b59bd79d092e (263.0.0)
08/31/12 17:24:03 Received SIGUSR1
08/31/12 17:24:03 Aborting DAG...
08/31/12 17:24:03 Writing Rescue DAG to auxmvc_ann_n1250n20n1_c10_mr10_p500_g20_rmin-25_rmax25_gsigma50_y1001_f05g09_m8000.dag.rescue001...
08/31/12 17:24:03 Removing submitted jobs...
08/31/12 17:24:03 Removing any/all submitted Condor/Stork jobs...
08/31/12 17:24:03 Running: condor_rm -const DAGManJobId' '==' '258
08/31/12 17:24:03 Note: 0 total job deferrals because of -MaxJobs limit (0)
08/31/12 17:24:03 Note: 0 total job deferrals because of -MaxIdle limit (0)
08/31/12 17:24:03 Note: 0 total job deferrals because of node category throttles
08/31/12 17:24:03 Note: 0 total PRE script deferrals because of -MaxPre limit (0)
08/31/12 17:24:03 Note: 0 total POST script deferrals because of -MaxPost limit (0)
08/31/12 17:24:03 Warning: ReadMultipleUserLogs destructor called, but still monitoring 1 log(s)!
08/31/12 17:24:03 **** condor_scheduniv_exec.258.0 (condor_DAGMAN) pid 16200 EXITING WITH STATUS 2
