08/23/12 23:31:09 Setting maximum accepts per cycle 4.
08/23/12 23:31:09 ******************************************************
08/23/12 23:31:09 ** condor_scheduniv_exec.8384.0 (CONDOR_DAGMAN) STARTING UP
08/23/12 23:31:09 ** /usr/bin/condor_dagman
08/23/12 23:31:09 ** SubsystemInfo: name=DAGMAN type=DAGMAN(10) class=DAEMON(1)
08/23/12 23:31:09 ** Configuration: subsystem:DAGMAN local:<NONE> class:DAEMON
08/23/12 23:31:09 ** $CondorVersion: 7.6.3 Aug 17 2011 BuildID: 361356 $
08/23/12 23:31:09 ** $CondorPlatform: x86_64_rhap_5 $
08/23/12 23:31:09 ** PID = 28016
08/23/12 23:31:09 ** Log last touched time unavailable (No such file or directory)
08/23/12 23:31:09 ******************************************************
08/23/12 23:31:09 Using config source: /etc/condor/condor_config
08/23/12 23:31:09 Using local config sources: 
08/23/12 23:31:09    /etc/condor/condor_config.local
08/23/12 23:31:09 DaemonCore: command socket at <192.168.11.101:60578>
08/23/12 23:31:09 DaemonCore: private command socket at <192.168.11.101:60578>
08/23/12 23:31:09 Setting maximum accepts per cycle 4.
08/23/12 23:31:09 DAGMAN_VERBOSITY setting: 3
08/23/12 23:31:09 DAGMAN_DEBUG_CACHE_SIZE setting: 5242880
08/23/12 23:31:09 DAGMAN_DEBUG_CACHE_ENABLE setting: False
08/23/12 23:31:09 DAGMAN_SUBMIT_DELAY setting: 0
08/23/12 23:31:09 DAGMAN_MAX_SUBMIT_ATTEMPTS setting: 6
08/23/12 23:31:09 DAGMAN_STARTUP_CYCLE_DETECT setting: False
08/23/12 23:31:09 DAGMAN_MAX_SUBMITS_PER_INTERVAL setting: 5
08/23/12 23:31:09 DAGMAN_USER_LOG_SCAN_INTERVAL setting: 5
08/23/12 23:31:09 allow_events (DAGMAN_IGNORE_DUPLICATE_JOB_EXECUTION, DAGMAN_ALLOW_EVENTS) setting: 114
08/23/12 23:31:09 DAGMAN_RETRY_SUBMIT_FIRST setting: True
08/23/12 23:31:09 DAGMAN_RETRY_NODE_FIRST setting: False
08/23/12 23:31:09 DAGMAN_MAX_JOBS_IDLE setting: 0
08/23/12 23:31:09 DAGMAN_MAX_JOBS_SUBMITTED setting: 0
08/23/12 23:31:09 DAGMAN_MAX_PRE_SCRIPTS setting: 0
08/23/12 23:31:09 DAGMAN_MAX_POST_SCRIPTS setting: 0
08/23/12 23:31:09 DAGMAN_ALLOW_LOG_ERROR setting: False
08/23/12 23:31:09 DAGMAN_MUNGE_NODE_NAMES setting: True
08/23/12 23:31:09 DAGMAN_PROHIBIT_MULTI_JOBS setting: False
08/23/12 23:31:09 DAGMAN_SUBMIT_DEPTH_FIRST setting: False
08/23/12 23:31:09 DAGMAN_ABORT_DUPLICATES setting: True
08/23/12 23:31:09 DAGMAN_ABORT_ON_SCARY_SUBMIT setting: True
08/23/12 23:31:09 DAGMAN_PENDING_REPORT_INTERVAL setting: 600
08/23/12 23:31:09 DAGMAN_AUTO_RESCUE setting: True
08/23/12 23:31:09 DAGMAN_MAX_RESCUE_NUM setting: 100
08/23/12 23:31:09 DAGMAN_DEFAULT_NODE_LOG setting: null
08/23/12 23:31:09 DAGMAN_GENERATE_SUBDAG_SUBMITS setting: True
08/23/12 23:31:09 ALL_DEBUG setting: 
08/23/12 23:31:09 DAGMAN_DEBUG setting: 
08/23/12 23:31:09 argv[0] == "condor_scheduniv_exec.8384.0"
08/23/12 23:31:09 argv[1] == "-Lockfile"
08/23/12 23:31:09 argv[2] == "auxmvc_ann_n70n20n1_c10_mr10_p300_g20_rmin-25_rmax25_gsigma50_y1001_z03333_f05g09_m8000.dag.lock"
08/23/12 23:31:09 argv[3] == "-AutoRescue"
08/23/12 23:31:09 argv[4] == "1"
08/23/12 23:31:09 argv[5] == "-DoRescueFrom"
08/23/12 23:31:09 argv[6] == "0"
08/23/12 23:31:09 argv[7] == "-Dag"
08/23/12 23:31:09 argv[8] == "auxmvc_ann_n70n20n1_c10_mr10_p300_g20_rmin-25_rmax25_gsigma50_y1001_z03333_f05g09_m8000.dag"
08/23/12 23:31:09 argv[9] == "-CsdVersion"
08/23/12 23:31:09 argv[10] == "$CondorVersion: 7.6.3 Aug 17 2011 BuildID: 361356 $"
08/23/12 23:31:09 argv[11] == "-Dagman"
08/23/12 23:31:09 argv[12] == "/usr/bin/condor_dagman"
08/23/12 23:31:09 Default node log file is: </data2/johnoh/pyevolve/dag/newreun2/auxmvc_ann_n70n20n1_c10_mr10_p300_g20_rmin-25_rmax25_gsigma50_y1001_z03333_f05g09_m8000.dag.nodes.log>
08/23/12 23:31:09 DAG Lockfile will be written to auxmvc_ann_n70n20n1_c10_mr10_p300_g20_rmin-25_rmax25_gsigma50_y1001_z03333_f05g09_m8000.dag.lock
08/23/12 23:31:09 DAG Input file is auxmvc_ann_n70n20n1_c10_mr10_p300_g20_rmin-25_rmax25_gsigma50_y1001_z03333_f05g09_m8000.dag
08/23/12 23:31:09 Parsing 1 dagfiles
08/23/12 23:31:09 Parsing auxmvc_ann_n70n20n1_c10_mr10_p300_g20_rmin-25_rmax25_gsigma50_y1001_z03333_f05g09_m8000.dag ...
08/23/12 23:31:09 Dag contains 11 total jobs
08/23/12 23:31:09 Sleeping for 12 seconds to ensure ProcessId uniqueness
08/23/12 23:31:21 Bootstrapping...
08/23/12 23:31:21 Number of pre-completed nodes: 0
08/23/12 23:31:21 Registering condor_event_timer...
08/23/12 23:31:22 Sleeping for one second for log file consistency
08/23/12 23:31:23 MultiLogFiles: truncating log file /tmp/tmpWMHWVX
08/23/12 23:31:23 Submitting Condor Node 9a3f31b4b7dfdf565afdcd578921c88f job(s)...
08/23/12 23:31:23 submitting: condor_submit -a dag_node_name' '=' '9a3f31b4b7dfdf565afdcd578921c88f -a +DAGManJobId' '=' '8384 -a DAGManJobId' '=' '8384 -a submit_event_notes' '=' 'DAG' 'Node:' '9a3f31b4b7dfdf565afdcd578921c88f -a macroid' '=' '0 -a macroarguments' '=' '-t' 'ALL_S6_959126400_hveto_channels_signif_dt_set_0_training.pat' '-s' 'ALL_S6_959126400_hveto_channels_signif_dt_set_0_training_n70n20n1_c10_mr10_p300_g20_rmin-25_rmax25_gsigma50_y1001_z03333_f05g09_m8000.net' '-n' '70,20,1' '-m' '8000' '-w' '-0.100000' '-x' '0.100000' '-y' '1.001000' '-z' '0.333300' '-a' '0.000000' '-b' '50.000000' '-f' '0.500000' '-g' '0.900000' '--connection-rate' '1.000000' '--mutation-rate' '1.000000' '--generations' '20' '--population' '300' '--range-min' '-25.000000' '--range-max' '25.000000' '--gauss-mu' '0.000000' '--gauss-sigma' '50.000000' '--hidden-activation' 'SIGMOID_STEPWISE' '--output-activation' 'SIGMOID_STEPWISE -a +DAGParentNodeNames' '=' '"" TRAIN_NETWORK_ALL_n70n20n1_c10_mr10_p300_g20_rmin-25_rmax25_gsigma50_y1001_z03333_f05g09_m8000.sub
08/23/12 23:31:23 From submit: Submitting job(s).
08/23/12 23:31:23 From submit: 1 job(s) submitted to cluster 8385.
08/23/12 23:31:23 	assigned Condor ID (8385.0.0)
08/23/12 23:31:23 Submitting Condor Node b80fdb0e000bd3d407a11ff8985b6563 job(s)...
08/23/12 23:31:23 submitting: condor_submit -a dag_node_name' '=' 'b80fdb0e000bd3d407a11ff8985b6563 -a +DAGManJobId' '=' '8384 -a DAGManJobId' '=' '8384 -a submit_event_notes' '=' 'DAG' 'Node:' 'b80fdb0e000bd3d407a11ff8985b6563 -a macroid' '=' '2 -a macroarguments' '=' '-t' 'ALL_S6_959126400_hveto_channels_signif_dt_set_1_training.pat' '-s' 'ALL_S6_959126400_hveto_channels_signif_dt_set_1_training_n70n20n1_c10_mr10_p300_g20_rmin-25_rmax25_gsigma50_y1001_z03333_f05g09_m8000.net' '-n' '70,20,1' '-m' '8000' '-w' '-0.100000' '-x' '0.100000' '-y' '1.001000' '-z' '0.333300' '-a' '0.000000' '-b' '50.000000' '-f' '0.500000' '-g' '0.900000' '--connection-rate' '1.000000' '--mutation-rate' '1.000000' '--generations' '20' '--population' '300' '--range-min' '-25.000000' '--range-max' '25.000000' '--gauss-mu' '0.000000' '--gauss-sigma' '50.000000' '--hidden-activation' 'SIGMOID_STEPWISE' '--output-activation' 'SIGMOID_STEPWISE -a +DAGParentNodeNames' '=' '"" TRAIN_NETWORK_ALL_n70n20n1_c10_mr10_p300_g20_rmin-25_rmax25_gsigma50_y1001_z03333_f05g09_m8000.sub
08/23/12 23:31:23 From submit: Submitting job(s).
08/23/12 23:31:23 From submit: 1 job(s) submitted to cluster 8386.
08/23/12 23:31:23 	assigned Condor ID (8386.0.0)
08/23/12 23:31:23 Submitting Condor Node f83c34f67f9ba97e657fb5ead82b7171 job(s)...
08/23/12 23:31:23 submitting: condor_submit -a dag_node_name' '=' 'f83c34f67f9ba97e657fb5ead82b7171 -a +DAGManJobId' '=' '8384 -a DAGManJobId' '=' '8384 -a submit_event_notes' '=' 'DAG' 'Node:' 'f83c34f67f9ba97e657fb5ead82b7171 -a macroid' '=' '4 -a macroarguments' '=' '-t' 'ALL_S6_959126400_hveto_channels_signif_dt_set_2_training.pat' '-s' 'ALL_S6_959126400_hveto_channels_signif_dt_set_2_training_n70n20n1_c10_mr10_p300_g20_rmin-25_rmax25_gsigma50_y1001_z03333_f05g09_m8000.net' '-n' '70,20,1' '-m' '8000' '-w' '-0.100000' '-x' '0.100000' '-y' '1.001000' '-z' '0.333300' '-a' '0.000000' '-b' '50.000000' '-f' '0.500000' '-g' '0.900000' '--connection-rate' '1.000000' '--mutation-rate' '1.000000' '--generations' '20' '--population' '300' '--range-min' '-25.000000' '--range-max' '25.000000' '--gauss-mu' '0.000000' '--gauss-sigma' '50.000000' '--hidden-activation' 'SIGMOID_STEPWISE' '--output-activation' 'SIGMOID_STEPWISE -a +DAGParentNodeNames' '=' '"" TRAIN_NETWORK_ALL_n70n20n1_c10_mr10_p300_g20_rmin-25_rmax25_gsigma50_y1001_z03333_f05g09_m8000.sub
08/23/12 23:31:23 From submit: Submitting job(s).
08/23/12 23:31:23 From submit: 1 job(s) submitted to cluster 8387.
08/23/12 23:31:23 	assigned Condor ID (8387.0.0)
08/23/12 23:31:23 Submitting Condor Node 993dfa3354f58c242cbf395f31eec47b job(s)...
08/23/12 23:31:23 submitting: condor_submit -a dag_node_name' '=' '993dfa3354f58c242cbf395f31eec47b -a +DAGManJobId' '=' '8384 -a DAGManJobId' '=' '8384 -a submit_event_notes' '=' 'DAG' 'Node:' '993dfa3354f58c242cbf395f31eec47b -a macroid' '=' '6 -a macroarguments' '=' '-t' 'ALL_S6_959126400_hveto_channels_signif_dt_set_3_training.pat' '-s' 'ALL_S6_959126400_hveto_channels_signif_dt_set_3_training_n70n20n1_c10_mr10_p300_g20_rmin-25_rmax25_gsigma50_y1001_z03333_f05g09_m8000.net' '-n' '70,20,1' '-m' '8000' '-w' '-0.100000' '-x' '0.100000' '-y' '1.001000' '-z' '0.333300' '-a' '0.000000' '-b' '50.000000' '-f' '0.500000' '-g' '0.900000' '--connection-rate' '1.000000' '--mutation-rate' '1.000000' '--generations' '20' '--population' '300' '--range-min' '-25.000000' '--range-max' '25.000000' '--gauss-mu' '0.000000' '--gauss-sigma' '50.000000' '--hidden-activation' 'SIGMOID_STEPWISE' '--output-activation' 'SIGMOID_STEPWISE -a +DAGParentNodeNames' '=' '"" TRAIN_NETWORK_ALL_n70n20n1_c10_mr10_p300_g20_rmin-25_rmax25_gsigma50_y1001_z03333_f05g09_m8000.sub
08/23/12 23:31:23 From submit: Submitting job(s).
08/23/12 23:31:23 From submit: 1 job(s) submitted to cluster 8388.
08/23/12 23:31:23 	assigned Condor ID (8388.0.0)
08/23/12 23:31:23 Submitting Condor Node b43ad06f5b224d83c99e9073fdb87745 job(s)...
08/23/12 23:31:23 submitting: condor_submit -a dag_node_name' '=' 'b43ad06f5b224d83c99e9073fdb87745 -a +DAGManJobId' '=' '8384 -a DAGManJobId' '=' '8384 -a submit_event_notes' '=' 'DAG' 'Node:' 'b43ad06f5b224d83c99e9073fdb87745 -a macroid' '=' '8 -a macroarguments' '=' '-t' 'ALL_S6_959126400_hveto_channels_signif_dt_set_4_training.pat' '-s' 'ALL_S6_959126400_hveto_channels_signif_dt_set_4_training_n70n20n1_c10_mr10_p300_g20_rmin-25_rmax25_gsigma50_y1001_z03333_f05g09_m8000.net' '-n' '70,20,1' '-m' '8000' '-w' '-0.100000' '-x' '0.100000' '-y' '1.001000' '-z' '0.333300' '-a' '0.000000' '-b' '50.000000' '-f' '0.500000' '-g' '0.900000' '--connection-rate' '1.000000' '--mutation-rate' '1.000000' '--generations' '20' '--population' '300' '--range-min' '-25.000000' '--range-max' '25.000000' '--gauss-mu' '0.000000' '--gauss-sigma' '50.000000' '--hidden-activation' 'SIGMOID_STEPWISE' '--output-activation' 'SIGMOID_STEPWISE -a +DAGParentNodeNames' '=' '"" TRAIN_NETWORK_ALL_n70n20n1_c10_mr10_p300_g20_rmin-25_rmax25_gsigma50_y1001_z03333_f05g09_m8000.sub
08/23/12 23:31:23 From submit: Submitting job(s).
08/23/12 23:31:23 From submit: 1 job(s) submitted to cluster 8389.
08/23/12 23:31:23 	assigned Condor ID (8389.0.0)
08/23/12 23:31:23 Just submitted 5 jobs this cycle...
08/23/12 23:31:23 Currently monitoring 1 Condor log file(s)
08/23/12 23:31:23 Event: ULOG_SUBMIT for Condor Node 9a3f31b4b7dfdf565afdcd578921c88f (8385.0.0)
08/23/12 23:31:23 Number of idle job procs: 1
08/23/12 23:31:23 Event: ULOG_SUBMIT for Condor Node b80fdb0e000bd3d407a11ff8985b6563 (8386.0.0)
08/23/12 23:31:23 Number of idle job procs: 2
08/23/12 23:31:23 Event: ULOG_SUBMIT for Condor Node f83c34f67f9ba97e657fb5ead82b7171 (8387.0.0)
08/23/12 23:31:23 Number of idle job procs: 3
08/23/12 23:31:23 Event: ULOG_SUBMIT for Condor Node 993dfa3354f58c242cbf395f31eec47b (8388.0.0)
08/23/12 23:31:23 Number of idle job procs: 4
08/23/12 23:31:23 Event: ULOG_SUBMIT for Condor Node b43ad06f5b224d83c99e9073fdb87745 (8389.0.0)
08/23/12 23:31:23 Number of idle job procs: 5
08/23/12 23:31:23 Of 11 nodes total:
08/23/12 23:31:23  Done     Pre   Queued    Post   Ready   Un-Ready   Failed
08/23/12 23:31:23   ===     ===      ===     ===     ===        ===      ===
08/23/12 23:31:23     0       0        5       0       0          6        0
08/23/12 23:31:23 0 job proc(s) currently held
08/23/12 23:41:23 600 seconds since last log event
08/23/12 23:41:23 Pending DAG nodes:
08/23/12 23:41:23   Node 9a3f31b4b7dfdf565afdcd578921c88f, Condor ID 8385, status STATUS_SUBMITTED
08/23/12 23:41:23   Node b80fdb0e000bd3d407a11ff8985b6563, Condor ID 8386, status STATUS_SUBMITTED
08/23/12 23:41:23   Node f83c34f67f9ba97e657fb5ead82b7171, Condor ID 8387, status STATUS_SUBMITTED
08/23/12 23:41:23   Node 993dfa3354f58c242cbf395f31eec47b, Condor ID 8388, status STATUS_SUBMITTED
08/23/12 23:41:23   Node b43ad06f5b224d83c99e9073fdb87745, Condor ID 8389, status STATUS_SUBMITTED
08/23/12 23:51:23 1200 seconds since last log event
08/23/12 23:51:23 Pending DAG nodes:
08/23/12 23:51:23   Node 9a3f31b4b7dfdf565afdcd578921c88f, Condor ID 8385, status STATUS_SUBMITTED
08/23/12 23:51:23   Node b80fdb0e000bd3d407a11ff8985b6563, Condor ID 8386, status STATUS_SUBMITTED
08/23/12 23:51:23   Node f83c34f67f9ba97e657fb5ead82b7171, Condor ID 8387, status STATUS_SUBMITTED
08/23/12 23:51:23   Node 993dfa3354f58c242cbf395f31eec47b, Condor ID 8388, status STATUS_SUBMITTED
08/23/12 23:51:23   Node b43ad06f5b224d83c99e9073fdb87745, Condor ID 8389, status STATUS_SUBMITTED
08/24/12 00:01:23 1800 seconds since last log event
08/24/12 00:01:23 Pending DAG nodes:
08/24/12 00:01:23   Node 9a3f31b4b7dfdf565afdcd578921c88f, Condor ID 8385, status STATUS_SUBMITTED
08/24/12 00:01:23   Node b80fdb0e000bd3d407a11ff8985b6563, Condor ID 8386, status STATUS_SUBMITTED
08/24/12 00:01:23   Node f83c34f67f9ba97e657fb5ead82b7171, Condor ID 8387, status STATUS_SUBMITTED
08/24/12 00:01:23   Node 993dfa3354f58c242cbf395f31eec47b, Condor ID 8388, status STATUS_SUBMITTED
08/24/12 00:01:23   Node b43ad06f5b224d83c99e9073fdb87745, Condor ID 8389, status STATUS_SUBMITTED
08/24/12 00:11:23 2400 seconds since last log event
08/24/12 00:11:23 Pending DAG nodes:
08/24/12 00:11:23   Node 9a3f31b4b7dfdf565afdcd578921c88f, Condor ID 8385, status STATUS_SUBMITTED
08/24/12 00:11:23   Node b80fdb0e000bd3d407a11ff8985b6563, Condor ID 8386, status STATUS_SUBMITTED
08/24/12 00:11:23   Node f83c34f67f9ba97e657fb5ead82b7171, Condor ID 8387, status STATUS_SUBMITTED
08/24/12 00:11:23   Node 993dfa3354f58c242cbf395f31eec47b, Condor ID 8388, status STATUS_SUBMITTED
08/24/12 00:11:23   Node b43ad06f5b224d83c99e9073fdb87745, Condor ID 8389, status STATUS_SUBMITTED
08/24/12 00:21:23 3000 seconds since last log event
08/24/12 00:21:23 Pending DAG nodes:
08/24/12 00:21:23   Node 9a3f31b4b7dfdf565afdcd578921c88f, Condor ID 8385, status STATUS_SUBMITTED
08/24/12 00:21:23   Node b80fdb0e000bd3d407a11ff8985b6563, Condor ID 8386, status STATUS_SUBMITTED
08/24/12 00:21:23   Node f83c34f67f9ba97e657fb5ead82b7171, Condor ID 8387, status STATUS_SUBMITTED
08/24/12 00:21:23   Node 993dfa3354f58c242cbf395f31eec47b, Condor ID 8388, status STATUS_SUBMITTED
08/24/12 00:21:23   Node b43ad06f5b224d83c99e9073fdb87745, Condor ID 8389, status STATUS_SUBMITTED
08/24/12 00:31:23 3600 seconds since last log event
08/24/12 00:31:23 Pending DAG nodes:
08/24/12 00:31:23   Node 9a3f31b4b7dfdf565afdcd578921c88f, Condor ID 8385, status STATUS_SUBMITTED
08/24/12 00:31:23   Node b80fdb0e000bd3d407a11ff8985b6563, Condor ID 8386, status STATUS_SUBMITTED
08/24/12 00:31:23   Node f83c34f67f9ba97e657fb5ead82b7171, Condor ID 8387, status STATUS_SUBMITTED
08/24/12 00:31:23   Node 993dfa3354f58c242cbf395f31eec47b, Condor ID 8388, status STATUS_SUBMITTED
08/24/12 00:31:23   Node b43ad06f5b224d83c99e9073fdb87745, Condor ID 8389, status STATUS_SUBMITTED
08/24/12 00:34:38 Currently monitoring 1 Condor log file(s)
08/24/12 00:34:38 Event: ULOG_EXECUTE for Condor Node 9a3f31b4b7dfdf565afdcd578921c88f (8385.0.0)
08/24/12 00:34:38 Number of idle job procs: 4
08/24/12 00:34:48 Currently monitoring 1 Condor log file(s)
08/24/12 00:34:48 Event: ULOG_IMAGE_SIZE for Condor Node 9a3f31b4b7dfdf565afdcd578921c88f (8385.0.0)
08/24/12 00:34:58 Currently monitoring 1 Condor log file(s)
08/24/12 00:34:58 Event: ULOG_EXECUTE for Condor Node b80fdb0e000bd3d407a11ff8985b6563 (8386.0.0)
08/24/12 00:34:58 Number of idle job procs: 3
08/24/12 00:35:08 Currently monitoring 1 Condor log file(s)
08/24/12 00:35:08 Event: ULOG_IMAGE_SIZE for Condor Node b80fdb0e000bd3d407a11ff8985b6563 (8386.0.0)
08/24/12 00:36:28 Currently monitoring 1 Condor log file(s)
08/24/12 00:36:28 Event: ULOG_EXECUTE for Condor Node f83c34f67f9ba97e657fb5ead82b7171 (8387.0.0)
08/24/12 00:36:28 Number of idle job procs: 2
08/24/12 00:37:48 Currently monitoring 1 Condor log file(s)
08/24/12 00:37:48 Event: ULOG_EXECUTE for Condor Node 993dfa3354f58c242cbf395f31eec47b (8388.0.0)
08/24/12 00:37:48 Number of idle job procs: 1
08/24/12 00:39:28 Currently monitoring 1 Condor log file(s)
08/24/12 00:39:28 Event: ULOG_EXECUTE for Condor Node b43ad06f5b224d83c99e9073fdb87745 (8389.0.0)
08/24/12 00:39:28 Number of idle job procs: 0
08/24/12 00:39:38 Currently monitoring 1 Condor log file(s)
08/24/12 00:39:38 Event: ULOG_IMAGE_SIZE for Condor Node b43ad06f5b224d83c99e9073fdb87745 (8389.0.0)
08/24/12 00:39:48 Currently monitoring 1 Condor log file(s)
08/24/12 00:39:48 Event: ULOG_IMAGE_SIZE for Condor Node 9a3f31b4b7dfdf565afdcd578921c88f (8385.0.0)
08/24/12 00:40:08 Currently monitoring 1 Condor log file(s)
08/24/12 00:40:08 Event: ULOG_IMAGE_SIZE for Condor Node b80fdb0e000bd3d407a11ff8985b6563 (8386.0.0)
08/24/12 00:41:33 Currently monitoring 1 Condor log file(s)
08/24/12 00:41:33 Event: ULOG_IMAGE_SIZE for Condor Node f83c34f67f9ba97e657fb5ead82b7171 (8387.0.0)
08/24/12 00:42:58 Currently monitoring 1 Condor log file(s)
08/24/12 00:42:58 Event: ULOG_IMAGE_SIZE for Condor Node 993dfa3354f58c242cbf395f31eec47b (8388.0.0)
08/24/12 00:44:38 Currently monitoring 1 Condor log file(s)
08/24/12 00:44:38 Event: ULOG_IMAGE_SIZE for Condor Node b43ad06f5b224d83c99e9073fdb87745 (8389.0.0)
08/24/12 00:44:48 Currently monitoring 1 Condor log file(s)
08/24/12 00:44:48 Event: ULOG_IMAGE_SIZE for Condor Node 9a3f31b4b7dfdf565afdcd578921c88f (8385.0.0)
08/24/12 00:45:08 Currently monitoring 1 Condor log file(s)
08/24/12 00:45:08 Event: ULOG_IMAGE_SIZE for Condor Node b80fdb0e000bd3d407a11ff8985b6563 (8386.0.0)
08/24/12 00:46:33 Currently monitoring 1 Condor log file(s)
08/24/12 00:46:33 Event: ULOG_IMAGE_SIZE for Condor Node f83c34f67f9ba97e657fb5ead82b7171 (8387.0.0)
08/24/12 00:47:58 Currently monitoring 1 Condor log file(s)
08/24/12 00:47:58 Event: ULOG_IMAGE_SIZE for Condor Node 993dfa3354f58c242cbf395f31eec47b (8388.0.0)
08/24/12 00:49:38 Currently monitoring 1 Condor log file(s)
08/24/12 00:49:38 Event: ULOG_IMAGE_SIZE for Condor Node b43ad06f5b224d83c99e9073fdb87745 (8389.0.0)
08/24/12 00:59:38 600 seconds since last log event
08/24/12 00:59:38 Pending DAG nodes:
08/24/12 00:59:38   Node 9a3f31b4b7dfdf565afdcd578921c88f, Condor ID 8385, status STATUS_SUBMITTED
08/24/12 00:59:38   Node b80fdb0e000bd3d407a11ff8985b6563, Condor ID 8386, status STATUS_SUBMITTED
08/24/12 00:59:38   Node f83c34f67f9ba97e657fb5ead82b7171, Condor ID 8387, status STATUS_SUBMITTED
08/24/12 00:59:38   Node 993dfa3354f58c242cbf395f31eec47b, Condor ID 8388, status STATUS_SUBMITTED
08/24/12 00:59:38   Node b43ad06f5b224d83c99e9073fdb87745, Condor ID 8389, status STATUS_SUBMITTED
08/24/12 01:01:28 Currently monitoring 1 Condor log file(s)
08/24/12 01:01:28 Event: ULOG_JOB_TERMINATED for Condor Node 9a3f31b4b7dfdf565afdcd578921c88f (8385.0.0)
08/24/12 01:01:28 Node 9a3f31b4b7dfdf565afdcd578921c88f job proc (8385.0.0) completed successfully.
08/24/12 01:01:28 Node 9a3f31b4b7dfdf565afdcd578921c88f job completed
08/24/12 01:01:28 Number of idle job procs: 0
08/24/12 01:01:28 Of 11 nodes total:
08/24/12 01:01:28  Done     Pre   Queued    Post   Ready   Un-Ready   Failed
08/24/12 01:01:28   ===     ===      ===     ===     ===        ===      ===
08/24/12 01:01:28     1       0        4       0       1          5        0
08/24/12 01:01:28 0 job proc(s) currently held
08/24/12 01:01:33 Sleeping for one second for log file consistency
08/24/12 01:01:34 Submitting Condor Node 0148e8aab5237990f8e63208962a6cb2 job(s)...
08/24/12 01:01:34 submitting: condor_submit -a dag_node_name' '=' '0148e8aab5237990f8e63208962a6cb2 -a +DAGManJobId' '=' '8384 -a DAGManJobId' '=' '8384 -a submit_event_notes' '=' 'DAG' 'Node:' '0148e8aab5237990f8e63208962a6cb2 -a macroid' '=' '1 -a macroarguments' '=' '-e' 'ALL_S6_959126400_hveto_channels_signif_dt_set_0_evaluation.pat' '-n' 'ALL_S6_959126400_hveto_channels_signif_dt_set_0_training_n70n20n1_c10_mr10_p300_g20_rmin-25_rmax25_gsigma50_y1001_z03333_f05g09_m8000.net' '-s' 'ALL_S6_959126400_hveto_channels_signif_dt_set_0_evaluation_n70n20n1_c10_mr10_p300_g20_rmin-25_rmax25_gsigma50_y1001_z03333_f05g09_m8000.dat -a +DAGParentNodeNames' '=' '"9a3f31b4b7dfdf565afdcd578921c88f" USE_NETWORK_ALL_n70n20n1_c10_mr10_p300_g20_rmin-25_rmax25_gsigma50_y1001_z03333_f05g09_m8000.sub
08/24/12 01:01:34 From submit: Submitting job(s).
08/24/12 01:01:34 From submit: 1 job(s) submitted to cluster 8405.
08/24/12 01:01:34 	assigned Condor ID (8405.0.0)
08/24/12 01:01:34 Just submitted 1 job this cycle...
08/24/12 01:01:34 Currently monitoring 1 Condor log file(s)
08/24/12 01:01:34 Event: ULOG_SUBMIT for Condor Node 0148e8aab5237990f8e63208962a6cb2 (8405.0.0)
08/24/12 01:01:34 Number of idle job procs: 1
08/24/12 01:01:34 Of 11 nodes total:
08/24/12 01:01:34  Done     Pre   Queued    Post   Ready   Un-Ready   Failed
08/24/12 01:01:34   ===     ===      ===     ===     ===        ===      ===
08/24/12 01:01:34     1       0        5       0       0          5        0
08/24/12 01:01:34 0 job proc(s) currently held
08/24/12 01:01:49 Currently monitoring 1 Condor log file(s)
08/24/12 01:01:49 Event: ULOG_EXECUTE for Condor Node 0148e8aab5237990f8e63208962a6cb2 (8405.0.0)
08/24/12 01:01:49 Number of idle job procs: 0
08/24/12 01:01:54 Currently monitoring 1 Condor log file(s)
08/24/12 01:01:54 Event: ULOG_JOB_TERMINATED for Condor Node 0148e8aab5237990f8e63208962a6cb2 (8405.0.0)
08/24/12 01:01:54 Node 0148e8aab5237990f8e63208962a6cb2 job proc (8405.0.0) completed successfully.
08/24/12 01:01:54 Node 0148e8aab5237990f8e63208962a6cb2 job completed
08/24/12 01:01:54 Number of idle job procs: 0
08/24/12 01:01:54 Of 11 nodes total:
08/24/12 01:01:54  Done     Pre   Queued    Post   Ready   Un-Ready   Failed
08/24/12 01:01:54   ===     ===      ===     ===     ===        ===      ===
08/24/12 01:01:54     2       0        4       0       0          5        0
08/24/12 01:01:54 0 job proc(s) currently held
08/24/12 01:03:09 Currently monitoring 1 Condor log file(s)
08/24/12 01:03:09 Event: ULOG_JOB_TERMINATED for Condor Node f83c34f67f9ba97e657fb5ead82b7171 (8387.0.0)
08/24/12 01:03:09 Node f83c34f67f9ba97e657fb5ead82b7171 job proc (8387.0.0) completed successfully.
08/24/12 01:03:09 Node f83c34f67f9ba97e657fb5ead82b7171 job completed
08/24/12 01:03:09 Number of idle job procs: 0
08/24/12 01:03:09 Of 11 nodes total:
08/24/12 01:03:09  Done     Pre   Queued    Post   Ready   Un-Ready   Failed
08/24/12 01:03:09   ===     ===      ===     ===     ===        ===      ===
08/24/12 01:03:09     3       0        3       0       1          4        0
08/24/12 01:03:09 0 job proc(s) currently held
08/24/12 01:03:14 Sleeping for one second for log file consistency
08/24/12 01:03:15 Submitting Condor Node b342aab29d79b995f3c64ac1e74bbcbd job(s)...
08/24/12 01:03:15 submitting: condor_submit -a dag_node_name' '=' 'b342aab29d79b995f3c64ac1e74bbcbd -a +DAGManJobId' '=' '8384 -a DAGManJobId' '=' '8384 -a submit_event_notes' '=' 'DAG' 'Node:' 'b342aab29d79b995f3c64ac1e74bbcbd -a macroid' '=' '5 -a macroarguments' '=' '-e' 'ALL_S6_959126400_hveto_channels_signif_dt_set_2_evaluation.pat' '-n' 'ALL_S6_959126400_hveto_channels_signif_dt_set_2_training_n70n20n1_c10_mr10_p300_g20_rmin-25_rmax25_gsigma50_y1001_z03333_f05g09_m8000.net' '-s' 'ALL_S6_959126400_hveto_channels_signif_dt_set_2_evaluation_n70n20n1_c10_mr10_p300_g20_rmin-25_rmax25_gsigma50_y1001_z03333_f05g09_m8000.dat -a +DAGParentNodeNames' '=' '"f83c34f67f9ba97e657fb5ead82b7171" USE_NETWORK_ALL_n70n20n1_c10_mr10_p300_g20_rmin-25_rmax25_gsigma50_y1001_z03333_f05g09_m8000.sub
08/24/12 01:03:16 From submit: Submitting job(s).
08/24/12 01:03:16 From submit: 1 job(s) submitted to cluster 8406.
08/24/12 01:03:16 	assigned Condor ID (8406.0.0)
08/24/12 01:03:16 Just submitted 1 job this cycle...
08/24/12 01:03:16 Currently monitoring 1 Condor log file(s)
08/24/12 01:03:16 Event: ULOG_JOB_TERMINATED for Condor Node b80fdb0e000bd3d407a11ff8985b6563 (8386.0.0)
08/24/12 01:03:16 Node b80fdb0e000bd3d407a11ff8985b6563 job proc (8386.0.0) completed successfully.
08/24/12 01:03:16 Node b80fdb0e000bd3d407a11ff8985b6563 job completed
08/24/12 01:03:16 Number of idle job procs: 0
08/24/12 01:03:16 Event: ULOG_SUBMIT for Condor Node b342aab29d79b995f3c64ac1e74bbcbd (8406.0.0)
08/24/12 01:03:16 Number of idle job procs: 1
08/24/12 01:03:16 Of 11 nodes total:
08/24/12 01:03:16  Done     Pre   Queued    Post   Ready   Un-Ready   Failed
08/24/12 01:03:16   ===     ===      ===     ===     ===        ===      ===
08/24/12 01:03:16     4       0        3       0       1          3        0
08/24/12 01:03:16 0 job proc(s) currently held
08/24/12 01:03:21 Sleeping for one second for log file consistency
08/24/12 01:03:22 Submitting Condor Node cc2c27be14fd46fcc0eac07467bf4476 job(s)...
08/24/12 01:03:22 submitting: condor_submit -a dag_node_name' '=' 'cc2c27be14fd46fcc0eac07467bf4476 -a +DAGManJobId' '=' '8384 -a DAGManJobId' '=' '8384 -a submit_event_notes' '=' 'DAG' 'Node:' 'cc2c27be14fd46fcc0eac07467bf4476 -a macroid' '=' '3 -a macroarguments' '=' '-e' 'ALL_S6_959126400_hveto_channels_signif_dt_set_1_evaluation.pat' '-n' 'ALL_S6_959126400_hveto_channels_signif_dt_set_1_training_n70n20n1_c10_mr10_p300_g20_rmin-25_rmax25_gsigma50_y1001_z03333_f05g09_m8000.net' '-s' 'ALL_S6_959126400_hveto_channels_signif_dt_set_1_evaluation_n70n20n1_c10_mr10_p300_g20_rmin-25_rmax25_gsigma50_y1001_z03333_f05g09_m8000.dat -a +DAGParentNodeNames' '=' '"b80fdb0e000bd3d407a11ff8985b6563" USE_NETWORK_ALL_n70n20n1_c10_mr10_p300_g20_rmin-25_rmax25_gsigma50_y1001_z03333_f05g09_m8000.sub
08/24/12 01:03:22 From submit: Submitting job(s).
08/24/12 01:03:22 From submit: 1 job(s) submitted to cluster 8407.
08/24/12 01:03:22 	assigned Condor ID (8407.0.0)
08/24/12 01:03:22 Just submitted 1 job this cycle...
08/24/12 01:03:22 Currently monitoring 1 Condor log file(s)
08/24/12 01:03:22 Event: ULOG_SUBMIT for Condor Node cc2c27be14fd46fcc0eac07467bf4476 (8407.0.0)
08/24/12 01:03:22 Number of idle job procs: 2
08/24/12 01:03:22 Of 11 nodes total:
08/24/12 01:03:22  Done     Pre   Queued    Post   Ready   Un-Ready   Failed
08/24/12 01:03:22   ===     ===      ===     ===     ===        ===      ===
08/24/12 01:03:22     4       0        4       0       0          3        0
08/24/12 01:03:22 0 job proc(s) currently held
08/24/12 01:03:32 Currently monitoring 1 Condor log file(s)
08/24/12 01:03:32 Event: ULOG_EXECUTE for Condor Node b342aab29d79b995f3c64ac1e74bbcbd (8406.0.0)
08/24/12 01:03:32 Number of idle job procs: 1
08/24/12 01:03:32 Event: ULOG_EXECUTE for Condor Node cc2c27be14fd46fcc0eac07467bf4476 (8407.0.0)
08/24/12 01:03:32 Number of idle job procs: 0
08/24/12 01:03:32 Event: ULOG_JOB_TERMINATED for Condor Node b342aab29d79b995f3c64ac1e74bbcbd (8406.0.0)
08/24/12 01:03:32 Node b342aab29d79b995f3c64ac1e74bbcbd job proc (8406.0.0) completed successfully.
08/24/12 01:03:32 Node b342aab29d79b995f3c64ac1e74bbcbd job completed
08/24/12 01:03:32 Number of idle job procs: 0
08/24/12 01:03:32 Event: ULOG_JOB_TERMINATED for Condor Node cc2c27be14fd46fcc0eac07467bf4476 (8407.0.0)
08/24/12 01:03:32 Node cc2c27be14fd46fcc0eac07467bf4476 job proc (8407.0.0) completed successfully.
08/24/12 01:03:32 Node cc2c27be14fd46fcc0eac07467bf4476 job completed
08/24/12 01:03:32 Number of idle job procs: 0
08/24/12 01:03:32 Of 11 nodes total:
08/24/12 01:03:32  Done     Pre   Queued    Post   Ready   Un-Ready   Failed
08/24/12 01:03:32   ===     ===      ===     ===     ===        ===      ===
08/24/12 01:03:32     6       0        2       0       0          3        0
08/24/12 01:03:32 0 job proc(s) currently held
08/24/12 01:04:37 Currently monitoring 1 Condor log file(s)
08/24/12 01:04:37 Event: ULOG_JOB_TERMINATED for Condor Node 993dfa3354f58c242cbf395f31eec47b (8388.0.0)
08/24/12 01:04:37 Node 993dfa3354f58c242cbf395f31eec47b job proc (8388.0.0) completed successfully.
08/24/12 01:04:37 Node 993dfa3354f58c242cbf395f31eec47b job completed
08/24/12 01:04:37 Number of idle job procs: 0
08/24/12 01:04:37 Of 11 nodes total:
08/24/12 01:04:37  Done     Pre   Queued    Post   Ready   Un-Ready   Failed
08/24/12 01:04:37   ===     ===      ===     ===     ===        ===      ===
08/24/12 01:04:37     7       0        1       0       1          2        0
08/24/12 01:04:37 0 job proc(s) currently held
08/24/12 01:04:42 Sleeping for one second for log file consistency
08/24/12 01:04:43 Submitting Condor Node 5704d71e696450dbe4d932a50a3c0596 job(s)...
08/24/12 01:04:43 submitting: condor_submit -a dag_node_name' '=' '5704d71e696450dbe4d932a50a3c0596 -a +DAGManJobId' '=' '8384 -a DAGManJobId' '=' '8384 -a submit_event_notes' '=' 'DAG' 'Node:' '5704d71e696450dbe4d932a50a3c0596 -a macroid' '=' '7 -a macroarguments' '=' '-e' 'ALL_S6_959126400_hveto_channels_signif_dt_set_3_evaluation.pat' '-n' 'ALL_S6_959126400_hveto_channels_signif_dt_set_3_training_n70n20n1_c10_mr10_p300_g20_rmin-25_rmax25_gsigma50_y1001_z03333_f05g09_m8000.net' '-s' 'ALL_S6_959126400_hveto_channels_signif_dt_set_3_evaluation_n70n20n1_c10_mr10_p300_g20_rmin-25_rmax25_gsigma50_y1001_z03333_f05g09_m8000.dat -a +DAGParentNodeNames' '=' '"993dfa3354f58c242cbf395f31eec47b" USE_NETWORK_ALL_n70n20n1_c10_mr10_p300_g20_rmin-25_rmax25_gsigma50_y1001_z03333_f05g09_m8000.sub
08/24/12 01:04:43 From submit: Submitting job(s).
08/24/12 01:04:43 From submit: 1 job(s) submitted to cluster 8408.
08/24/12 01:04:43 	assigned Condor ID (8408.0.0)
08/24/12 01:04:43 Just submitted 1 job this cycle...
08/24/12 01:04:43 Currently monitoring 1 Condor log file(s)
08/24/12 01:04:43 Event: ULOG_SUBMIT for Condor Node 5704d71e696450dbe4d932a50a3c0596 (8408.0.0)
08/24/12 01:04:43 Number of idle job procs: 1
08/24/12 01:04:43 Of 11 nodes total:
08/24/12 01:04:43  Done     Pre   Queued    Post   Ready   Un-Ready   Failed
08/24/12 01:04:43   ===     ===      ===     ===     ===        ===      ===
08/24/12 01:04:43     7       0        2       0       0          2        0
08/24/12 01:04:43 0 job proc(s) currently held
08/24/12 01:04:53 Currently monitoring 1 Condor log file(s)
08/24/12 01:04:53 Event: ULOG_EXECUTE for Condor Node 5704d71e696450dbe4d932a50a3c0596 (8408.0.0)
08/24/12 01:04:53 Number of idle job procs: 0
08/24/12 01:04:53 Event: ULOG_JOB_TERMINATED for Condor Node 5704d71e696450dbe4d932a50a3c0596 (8408.0.0)
08/24/12 01:04:53 Node 5704d71e696450dbe4d932a50a3c0596 job proc (8408.0.0) completed successfully.
08/24/12 01:04:53 Node 5704d71e696450dbe4d932a50a3c0596 job completed
08/24/12 01:04:53 Number of idle job procs: 0
08/24/12 01:04:53 Of 11 nodes total:
08/24/12 01:04:53  Done     Pre   Queued    Post   Ready   Un-Ready   Failed
08/24/12 01:04:53   ===     ===      ===     ===     ===        ===      ===
08/24/12 01:04:53     8       0        1       0       0          2        0
08/24/12 01:04:53 0 job proc(s) currently held
08/24/12 01:06:28 Currently monitoring 1 Condor log file(s)
08/24/12 01:06:28 Event: ULOG_JOB_TERMINATED for Condor Node b43ad06f5b224d83c99e9073fdb87745 (8389.0.0)
08/24/12 01:06:28 Node b43ad06f5b224d83c99e9073fdb87745 job proc (8389.0.0) completed successfully.
08/24/12 01:06:28 Node b43ad06f5b224d83c99e9073fdb87745 job completed
08/24/12 01:06:28 Number of idle job procs: 0
08/24/12 01:06:28 Of 11 nodes total:
08/24/12 01:06:28  Done     Pre   Queued    Post   Ready   Un-Ready   Failed
08/24/12 01:06:28   ===     ===      ===     ===     ===        ===      ===
08/24/12 01:06:28     9       0        0       0       1          1        0
08/24/12 01:06:28 0 job proc(s) currently held
08/24/12 01:06:33 Sleeping for one second for log file consistency
08/24/12 01:06:34 Submitting Condor Node 59e1ba63e269140ce1f8a3b70e235ba3 job(s)...
08/24/12 01:06:34 submitting: condor_submit -a dag_node_name' '=' '59e1ba63e269140ce1f8a3b70e235ba3 -a +DAGManJobId' '=' '8384 -a DAGManJobId' '=' '8384 -a submit_event_notes' '=' 'DAG' 'Node:' '59e1ba63e269140ce1f8a3b70e235ba3 -a macroid' '=' '9 -a macroarguments' '=' '-e' 'ALL_S6_959126400_hveto_channels_signif_dt_set_4_evaluation.pat' '-n' 'ALL_S6_959126400_hveto_channels_signif_dt_set_4_training_n70n20n1_c10_mr10_p300_g20_rmin-25_rmax25_gsigma50_y1001_z03333_f05g09_m8000.net' '-s' 'ALL_S6_959126400_hveto_channels_signif_dt_set_4_evaluation_n70n20n1_c10_mr10_p300_g20_rmin-25_rmax25_gsigma50_y1001_z03333_f05g09_m8000.dat -a +DAGParentNodeNames' '=' '"b43ad06f5b224d83c99e9073fdb87745" USE_NETWORK_ALL_n70n20n1_c10_mr10_p300_g20_rmin-25_rmax25_gsigma50_y1001_z03333_f05g09_m8000.sub
08/24/12 01:06:34 From submit: Submitting job(s).
08/24/12 01:06:34 From submit: 1 job(s) submitted to cluster 8409.
08/24/12 01:06:34 	assigned Condor ID (8409.0.0)
08/24/12 01:06:34 Just submitted 1 job this cycle...
08/24/12 01:06:34 Currently monitoring 1 Condor log file(s)
08/24/12 01:06:34 Event: ULOG_SUBMIT for Condor Node 59e1ba63e269140ce1f8a3b70e235ba3 (8409.0.0)
08/24/12 01:06:34 Number of idle job procs: 1
08/24/12 01:06:34 Of 11 nodes total:
08/24/12 01:06:34  Done     Pre   Queued    Post   Ready   Un-Ready   Failed
08/24/12 01:06:34   ===     ===      ===     ===     ===        ===      ===
08/24/12 01:06:34     9       0        1       0       0          1        0
08/24/12 01:06:34 0 job proc(s) currently held
08/24/12 01:06:54 Currently monitoring 1 Condor log file(s)
08/24/12 01:06:54 Event: ULOG_EXECUTE for Condor Node 59e1ba63e269140ce1f8a3b70e235ba3 (8409.0.0)
08/24/12 01:06:54 Number of idle job procs: 0
08/24/12 01:06:54 Event: ULOG_JOB_TERMINATED for Condor Node 59e1ba63e269140ce1f8a3b70e235ba3 (8409.0.0)
08/24/12 01:06:54 Node 59e1ba63e269140ce1f8a3b70e235ba3 job proc (8409.0.0) completed successfully.
08/24/12 01:06:54 Node 59e1ba63e269140ce1f8a3b70e235ba3 job completed
08/24/12 01:06:54 Number of idle job procs: 0
08/24/12 01:06:54 Of 11 nodes total:
08/24/12 01:06:54  Done     Pre   Queued    Post   Ready   Un-Ready   Failed
08/24/12 01:06:54   ===     ===      ===     ===     ===        ===      ===
08/24/12 01:06:54    10       0        0       0       1          0        0
08/24/12 01:06:54 0 job proc(s) currently held
08/24/12 01:06:59 Sleeping for one second for log file consistency
08/24/12 01:07:00 Submitting Condor Node eaa2e38796359fac32d0b94b2f02c997 job(s)...
08/24/12 01:07:00 submitting: condor_submit -a dag_node_name' '=' 'eaa2e38796359fac32d0b94b2f02c997 -a +DAGManJobId' '=' '8384 -a DAGManJobId' '=' '8384 -a submit_event_notes' '=' 'DAG' 'Node:' 'eaa2e38796359fac32d0b94b2f02c997 -a macrotag' '=' 'ALL_S6_959126400_hveto_channels_signif_dt_n70n20n1_c10_mr10_p300_g20_rmin-25_rmax25_gsigma50_y1001_z03333_f05g09_m8000 -a macroid' '=' '10 -a macrooutputdir' '=' 'gann_results_plots_RR5 -a macroplotrankvssignificance' '=' ' -a macroarguments' '=' 'ALL_S6_959126400_hveto_channels_signif_dt_set_0_evaluation_n70n20n1_c10_mr10_p300_g20_rmin-25_rmax25_gsigma50_y1001_z03333_f05g09_m8000.dat' 'ALL_S6_959126400_hveto_channels_signif_dt_set_1_evaluation_n70n20n1_c10_mr10_p300_g20_rmin-25_rmax25_gsigma50_y1001_z03333_f05g09_m8000.dat' 'ALL_S6_959126400_hveto_channels_signif_dt_set_2_evaluation_n70n20n1_c10_mr10_p300_g20_rmin-25_rmax25_gsigma50_y1001_z03333_f05g09_m8000.dat' 'ALL_S6_959126400_hveto_channels_signif_dt_set_3_evaluation_n70n20n1_c10_mr10_p300_g20_rmin-25_rmax25_gsigma50_y1001_z03333_f05g09_m8000.dat' 'ALL_S6_959126400_hveto_channels_signif_dt_set_4_evaluation_n70n20n1_c10_mr10_p300_g20_rmin-25_rmax25_gsigma50_y1001_z03333_f05g09_m8000.dat -a +DAGParentNodeNames' '=' '"0148e8aab5237990f8e63208962a6cb2,cc2c27be14fd46fcc0eac07467bf4476,b342aab29d79b995f3c64ac1e74bbcbd,5704d71e696450dbe4d932a50a3c0596,59e1ba63e269140ce1f8a3b70e235ba3" RESULT_PLOTS_n70n20n1_c10_mr10_p300_g20_rmin-25_rmax25_gsigma50_y1001_z03333_f05g09_m8000.sub
08/24/12 01:07:00 From submit: Submitting job(s).
08/24/12 01:07:00 From submit: 1 job(s) submitted to cluster 8410.
08/24/12 01:07:00 	assigned Condor ID (8410.0.0)
08/24/12 01:07:00 Just submitted 1 job this cycle...
08/24/12 01:07:00 Currently monitoring 1 Condor log file(s)
08/24/12 01:07:00 Event: ULOG_SUBMIT for Condor Node eaa2e38796359fac32d0b94b2f02c997 (8410.0.0)
08/24/12 01:07:00 Number of idle job procs: 1
08/24/12 01:07:00 Of 11 nodes total:
08/24/12 01:07:00  Done     Pre   Queued    Post   Ready   Un-Ready   Failed
08/24/12 01:07:00   ===     ===      ===     ===     ===        ===      ===
08/24/12 01:07:00    10       0        1       0       0          0        0
08/24/12 01:07:00 0 job proc(s) currently held
08/24/12 01:07:10 Currently monitoring 1 Condor log file(s)
08/24/12 01:07:10 Event: ULOG_EXECUTE for Condor Node eaa2e38796359fac32d0b94b2f02c997 (8410.0.0)
08/24/12 01:07:10 Number of idle job procs: 0
08/24/12 01:07:15 Currently monitoring 1 Condor log file(s)
08/24/12 01:07:15 Event: ULOG_IMAGE_SIZE for Condor Node eaa2e38796359fac32d0b94b2f02c997 (8410.0.0)
08/24/12 01:07:15 Event: ULOG_JOB_TERMINATED for Condor Node eaa2e38796359fac32d0b94b2f02c997 (8410.0.0)
08/24/12 01:07:15 Node eaa2e38796359fac32d0b94b2f02c997 job proc (8410.0.0) completed successfully.
08/24/12 01:07:15 Node eaa2e38796359fac32d0b94b2f02c997 job completed
08/24/12 01:07:15 Number of idle job procs: 0
08/24/12 01:07:15 Of 11 nodes total:
08/24/12 01:07:15  Done     Pre   Queued    Post   Ready   Un-Ready   Failed
08/24/12 01:07:15   ===     ===      ===     ===     ===        ===      ===
08/24/12 01:07:15    11       0        0       0       0          0        0
08/24/12 01:07:15 0 job proc(s) currently held
08/24/12 01:07:15 All jobs Completed!
08/24/12 01:07:15 Note: 0 total job deferrals because of -MaxJobs limit (0)
08/24/12 01:07:15 Note: 0 total job deferrals because of -MaxIdle limit (0)
08/24/12 01:07:15 Note: 0 total job deferrals because of node category throttles
08/24/12 01:07:15 Note: 0 total PRE script deferrals because of -MaxPre limit (0)
08/24/12 01:07:15 Note: 0 total POST script deferrals because of -MaxPost limit (0)
08/24/12 01:07:15 **** condor_scheduniv_exec.8384.0 (condor_DAGMAN) pid 28016 EXITING WITH STATUS 0
