000 (7769.000.000) 08/23 11:09:25 Job submitted from host: <192.168.11.101:36370>
...
001 (7769.000.000) 08/23 11:09:29 Job executing on host: <192.168.11.101:36370>
...
004 (7769.000.000) 08/23 11:10:49 Job was evicted.
	(0) Job was not checkpointed.
		Usr 0 00:00:00, Sys 0 00:00:00  -  Run Remote Usage
		Usr 0 00:00:00, Sys 0 00:00:00  -  Run Local Usage
	0  -  Run Bytes Sent By Job
	0  -  Run Bytes Received By Job
...
009 (7769.000.000) 08/23 11:10:49 Job was aborted by the user.
	via condor_rm (by user johnoh)
...
000 (7853.000.000) 08/23 11:12:57 Job submitted from host: <192.168.11.101:36370>
...
001 (7853.000.000) 08/23 11:13:02 Job executing on host: <192.168.11.101:36370>
...
001 (7853.000.000) 08/27 13:19:35 Job executing on host: <192.168.11.101:46687>
...
005 (7853.000.000) 08/28 06:17:38 Job terminated.
	(1) Normal termination (return value 1)
		Usr 0 00:00:00, Sys 0 00:00:00  -  Run Remote Usage
		Usr 0 00:00:00, Sys 0 00:00:00  -  Run Local Usage
		Usr 0 00:00:00, Sys 0 00:00:00  -  Total Remote Usage
		Usr 0 00:00:00, Sys 0 00:00:00  -  Total Local Usage
	0  -  Run Bytes Sent By Job
	0  -  Run Bytes Received By Job
	0  -  Total Bytes Sent By Job
	0  -  Total Bytes Received By Job
...
