000 (7526.000.000) 08/20 13:10:33 Job submitted from host: <192.168.11.101:36370>
...
001 (7526.000.000) 08/20 13:10:33 Job executing on host: <192.168.11.101:36370>
...
005 (7526.000.000) 08/20 13:13:01 Job terminated.
	(1) Normal termination (return value 1)
		Usr 0 00:00:00, Sys 0 00:00:00  -  Run Remote Usage
		Usr 0 00:00:00, Sys 0 00:00:00  -  Run Local Usage
		Usr 0 00:00:00, Sys 0 00:00:00  -  Total Remote Usage
		Usr 0 00:00:00, Sys 0 00:00:00  -  Total Local Usage
	0  -  Run Bytes Sent By Job
	0  -  Run Bytes Received By Job
	0  -  Total Bytes Sent By Job
	0  -  Total Bytes Received By Job
...
000 (7647.000.000) 08/20 19:46:24 Job submitted from host: <192.168.11.101:36370>
...
001 (7647.000.000) 08/20 19:46:24 Job executing on host: <192.168.11.101:36370>
...
005 (7647.000.000) 08/20 19:48:52 Job terminated.
	(1) Normal termination (return value 1)
		Usr 0 00:00:00, Sys 0 00:00:00  -  Run Remote Usage
		Usr 0 00:00:00, Sys 0 00:00:00  -  Run Local Usage
		Usr 0 00:00:00, Sys 0 00:00:00  -  Total Remote Usage
		Usr 0 00:00:00, Sys 0 00:00:00  -  Total Local Usage
	0  -  Run Bytes Sent By Job
	0  -  Run Bytes Received By Job
	0  -  Total Bytes Sent By Job
	0  -  Total Bytes Received By Job
...
