000 (7748.000.000) 08/23 11:09:05 Job submitted from host: <192.168.11.101:36370>
...
001 (7748.000.000) 08/23 11:09:06 Job executing on host: <192.168.11.101:36370>
...
004 (7748.000.000) 08/23 11:10:49 Job was evicted.
	(0) Job was not checkpointed.
		Usr 0 00:00:00, Sys 0 00:00:00  -  Run Remote Usage
		Usr 0 00:00:00, Sys 0 00:00:00  -  Run Local Usage
	0  -  Run Bytes Sent By Job
	0  -  Run Bytes Received By Job
...
009 (7748.000.000) 08/23 11:10:49 Job was aborted by the user.
	via condor_rm (by user johnoh)
...
000 (7884.000.000) 08/23 11:13:15 Job submitted from host: <192.168.11.101:36370>
...
001 (7884.000.000) 08/23 11:13:17 Job executing on host: <192.168.11.101:36370>
...
005 (7884.000.000) 08/24 11:01:05 Job terminated.
	(1) Normal termination (return value 1)
		Usr 0 00:00:00, Sys 0 00:00:00  -  Run Remote Usage
		Usr 0 00:00:00, Sys 0 00:00:00  -  Run Local Usage
		Usr 0 00:00:00, Sys 0 00:00:00  -  Total Remote Usage
		Usr 0 00:00:00, Sys 0 00:00:00  -  Total Local Usage
	0  -  Run Bytes Sent By Job
	0  -  Run Bytes Received By Job
	0  -  Total Bytes Sent By Job
	0  -  Total Bytes Received By Job
...
