Creating network.
The layer structure is following:
[70, 10, 1]
Setting newtork parameters
Getting training data : ALL_S6_959126400_hveto_channels_signif_dt_set_5_training.pat
Setting GA training parameters
Start running GA
Gen. 0 (0.00%): Max/Min/Avg Fitness(Raw) [18.27(36.89)/13.23(1.03)/15.22(15.22)]
Gen. 1 (5.00%): Max/Min/Avg Fitness(Raw) [44.75(36.89)/44.75(36.89)/44.75(36.89)]
Gen. 2 (10.00%): Max/Min/Avg Fitness(Raw) [44.75(36.89)/44.75(36.89)/44.75(36.89)]
Gen. 3 (15.00%): Max/Min/Avg Fitness(Raw) [44.75(36.89)/44.75(36.89)/44.75(36.89)]
Gen. 4 (20.00%): Max/Min/Avg Fitness(Raw) [44.75(36.89)/44.75(36.89)/44.75(36.89)]
Gen. 5 (25.00%): Max/Min/Avg Fitness(Raw) [44.75(36.89)/44.75(36.89)/44.75(36.89)]
Gen. 6 (30.00%): Max/Min/Avg Fitness(Raw) [44.75(36.89)/44.75(36.89)/44.75(36.89)]
Gen. 7 (35.00%): Max/Min/Avg Fitness(Raw) [44.75(36.89)/44.75(36.89)/44.75(36.89)]
Gen. 8 (40.00%): Max/Min/Avg Fitness(Raw) [44.75(36.89)/44.75(36.89)/44.75(36.89)]
Gen. 9 (45.00%): Max/Min/Avg Fitness(Raw) [44.75(36.89)/44.75(36.89)/44.75(36.89)]
Gen. 10 (50.00%): Max/Min/Avg Fitness(Raw) [44.75(36.89)/44.75(36.89)/44.75(36.89)]
Gen. 11 (55.00%): Max/Min/Avg Fitness(Raw) [44.75(36.89)/44.75(36.89)/44.75(36.89)]
Gen. 12 (60.00%): Max/Min/Avg Fitness(Raw) [44.75(36.89)/44.75(36.89)/44.75(36.89)]
Gen. 13 (65.00%): Max/Min/Avg Fitness(Raw) [44.75(36.89)/44.75(36.89)/44.75(36.89)]
Gen. 14 (70.00%): Max/Min/Avg Fitness(Raw) [44.75(36.89)/44.75(36.89)/44.75(36.89)]
Gen. 15 (75.00%): Max/Min/Avg Fitness(Raw) [44.75(36.89)/44.75(36.89)/44.75(36.89)]
Gen. 16 (80.00%): Max/Min/Avg Fitness(Raw) [44.75(36.89)/44.75(36.89)/44.75(36.89)]
Gen. 17 (85.00%): Max/Min/Avg Fitness(Raw) [44.75(36.89)/44.75(36.89)/44.75(36.89)]
Gen. 18 (90.00%): Max/Min/Avg Fitness(Raw) [44.75(36.89)/44.75(36.89)/44.75(36.89)]
Gen. 19 (95.00%): Max/Min/Avg Fitness(Raw) [44.75(36.89)/44.75(36.89)/44.75(36.89)]
Gen. 20 (100.00%): Max/Min/Avg Fitness(Raw) [44.75(36.89)/44.75(36.89)/44.75(36.89)]
Total time elapsed: 581.582 seconds.
GA MSE : 0.027109
Best initial connection wetighs are set on Network
Setting FANN training parameters
Input layer                          :  70 neurons, 1 bias
  Hidden layer                       :  10 neurons, 1 bias
Output layer                         :   1 neurons
Total neurons and biases             :  83
Total connections                    : 721
Connection rate                      :   1.000
Network type                         :   FANN_NETTYPE_LAYER
Training algorithm                   :   FANN_TRAIN_RPROP
Training error function              :   FANN_ERRORFUNC_TANH
Training stop function               :   FANN_STOPFUNC_MSE
Bit fail limit                       :   0.350
Learning rate                        :   0.700
Learning momentum                    :   0.000
Quickprop decay                      :  -0.000100
Quickprop mu                         :   1.750
RPROP increase factor                :   1.400
RPROP decrease factor                :   0.500
RPROP delta min                      :   0.000
RPROP delta max                      :  50.000
Cascade output change fraction       :   0.010000
Cascade candidate change fraction    :   0.010000
Cascade output stagnation epochs     :  12
Cascade candidate stagnation epochs  :  12
Cascade max output epochs            : 150
Cascade max candidate epochs         : 150
Cascade weight multiplier            :   0.400
Cascade candidate limit              :1000.000
Cascade activation functions[0]      :   FANN_SIGMOID
Cascade activation functions[1]      :   FANN_SIGMOID_SYMMETRIC
Cascade activation functions[2]      :   FANN_GAUSSIAN
Cascade activation functions[3]      :   FANN_GAUSSIAN_SYMMETRIC
Cascade activation functions[4]      :   FANN_ELLIOT
Cascade activation functions[5]      :   FANN_ELLIOT_SYMMETRIC
Cascade activation functions[6]      :   FANN_SIN_SYMMETRIC
Cascade activation functions[7]      :   FANN_COS_SYMMETRIC
Cascade activation functions[8]      :   FANN_SIN
Cascade activation functions[9]      :   FANN_COS
Cascade activation steepnesses[0]    :   0.250
Cascade activation steepnesses[1]    :   0.500
Cascade activation steepnesses[2]    :   0.750
Cascade activation steepnesses[3]    :   1.000
Cascade candidate groups             :   2
Cascade no. of candidates            :  80
Start training network with 2-algorithm in FANN
Max epochs     5000. Desired error: 0.0010000000.
Epochs            1. Current error: 0.0271088574. Bit fail 478.
Epochs          100. Current error: 0.0199662633. Bit fail 369.
Epochs          200. Current error: 0.0187023859. Bit fail 339.
Epochs          300. Current error: 0.0182868801. Bit fail 332.
Epochs          400. Current error: 0.0177640803. Bit fail 325.
Epochs          500. Current error: 0.0172903575. Bit fail 314.
Epochs          600. Current error: 0.0170417707. Bit fail 310.
Epochs          700. Current error: 0.0169743802. Bit fail 308.
Epochs          800. Current error: 0.0168812033. Bit fail 302.
Epochs          900. Current error: 0.0170059670. Bit fail 313.
Epochs         1000. Current error: 0.0167228356. Bit fail 304.
Epochs         1100. Current error: 0.0167020038. Bit fail 301.
Epochs         1200. Current error: 0.0166873634. Bit fail 301.
Epochs         1300. Current error: 0.0166727360. Bit fail 300.
Epochs         1400. Current error: 0.0166634470. Bit fail 299.
Epochs         1500. Current error: 0.0166601650. Bit fail 298.
Epochs         1600. Current error: 0.0166527145. Bit fail 299.
Epochs         1700. Current error: 0.0166481566. Bit fail 299.
Epochs         1800. Current error: 0.0166526660. Bit fail 306.
Epochs         1900. Current error: 0.0166250058. Bit fail 302.
Epochs         2000. Current error: 0.0166227557. Bit fail 301.
Epochs         2100. Current error: 0.0166183971. Bit fail 302.
Epochs         2200. Current error: 0.0166140385. Bit fail 299.
Epochs         2300. Current error: 0.0166077707. Bit fail 302.
Epochs         2400. Current error: 0.0166004244. Bit fail 302.
Epochs         2500. Current error: 0.0165921357. Bit fail 303.
Epochs         2600. Current error: 0.0165341962. Bit fail 303.
Epochs         2700. Current error: 0.0165049620. Bit fail 301.
Epochs         2800. Current error: 0.0164842270. Bit fail 300.
Epochs         2900. Current error: 0.0163775664. Bit fail 302.
Epochs         3000. Current error: 0.0163803063. Bit fail 301.
Epochs         3100. Current error: 0.0163732171. Bit fail 300.
Epochs         3200. Current error: 0.0163699593. Bit fail 300.
Epochs         3300. Current error: 0.0163596813. Bit fail 300.
Epochs         3400. Current error: 0.0163636468. Bit fail 300.
Epochs         3500. Current error: 0.0163543485. Bit fail 299.
Epochs         3600. Current error: 0.0163528584. Bit fail 300.
Epochs         3700. Current error: 0.0163476709. Bit fail 300.
Epochs         3800. Current error: 0.0163469072. Bit fail 300.
Epochs         3900. Current error: 0.0162917227. Bit fail 298.
Epochs         4000. Current error: 0.0162932388. Bit fail 298.
Epochs         4100. Current error: 0.0162933040. Bit fail 298.
Epochs         4200. Current error: 0.0162950512. Bit fail 298.
Epochs         4300. Current error: 0.0162945893. Bit fail 297.
Epochs         4400. Current error: 0.0162916370. Bit fail 298.
Epochs         4500. Current error: 0.0162893459. Bit fail 298.
Epochs         4600. Current error: 0.0162911061. Bit fail 300.
Epochs         4700. Current error: 0.0162887145. Bit fail 301.
Epochs         4800. Current error: 0.0162780751. Bit fail 298.
Epochs         4900. Current error: 0.0162713211. Bit fail 299.
Epochs         5000. Current error: 0.0162311904. Bit fail 298.
Time elpased for FANN training: 289.373721 seconds
Trained Network by GA+FANN is saved in 
./ALL_S6_959126400_hveto_channels_signif_dt_set_5_training_n70n10n1_c10_mr08_p1000_g20_rmin-50_rmax50_gsigma1_y14_f05g09_m5000.net.
Total Running Time: 871.344817 seconds
