Creating network.
The layer structure is following:
[70, 35, 1]
Setting newtork parameters
Getting training data : ALL_S6_959126400_hveto_channels_signif_dt_set_1_training.pat
Setting GA training parameters
Start running GA
Gen. 0 (0.00%): Max/Min/Avg Fitness(Raw) [17.72(37.54)/12.98(1.03)/14.77(14.77)]
Gen. 1 (50.00%): Max/Min/Avg Fitness(Raw) [45.05(37.54)/45.05(37.54)/45.05(37.54)]
Gen. 2 (100.00%): Max/Min/Avg Fitness(Raw) [45.05(37.54)/45.05(37.54)/45.05(37.54)]
Total time elapsed: 3152.006 seconds.
GA MSE : 0.026635
Best initial connection wetighs are set on Network
Setting FANN training parameters
Input layer                          :  70 neurons, 1 bias
  Hidden layer                       :  35 neurons, 1 bias
Output layer                         :   1 neurons
Total neurons and biases             : 108
Total connections                    :2521
Connection rate                      :   1.000
Network type                         :   FANN_NETTYPE_LAYER
Training algorithm                   :   FANN_TRAIN_RPROP
Training error function              :   FANN_ERRORFUNC_TANH
Training stop function               :   FANN_STOPFUNC_MSE
Bit fail limit                       :   0.350
Learning rate                        :   0.700
Learning momentum                    :   0.000
Quickprop decay                      :  -0.000100
Quickprop mu                         :   1.750
RPROP increase factor                :   1.400
RPROP decrease factor                :   0.500
RPROP delta min                      :   0.000
RPROP delta max                      :  50.000
Cascade output change fraction       :   0.010000
Cascade candidate change fraction    :   0.010000
Cascade output stagnation epochs     :  12
Cascade candidate stagnation epochs  :  12
Cascade max output epochs            : 150
Cascade max candidate epochs         : 150
Cascade weight multiplier            :   0.400
Cascade candidate limit              :1000.000
Cascade activation functions[0]      :   FANN_SIGMOID
Cascade activation functions[1]      :   FANN_SIGMOID_SYMMETRIC
Cascade activation functions[2]      :   FANN_GAUSSIAN
Cascade activation functions[3]      :   FANN_GAUSSIAN_SYMMETRIC
Cascade activation functions[4]      :   FANN_ELLIOT
Cascade activation functions[5]      :   FANN_ELLIOT_SYMMETRIC
Cascade activation functions[6]      :   FANN_SIN_SYMMETRIC
Cascade activation functions[7]      :   FANN_COS_SYMMETRIC
Cascade activation functions[8]      :   FANN_SIN
Cascade activation functions[9]      :   FANN_COS
Cascade activation steepnesses[0]    :   0.250
Cascade activation steepnesses[1]    :   0.500
Cascade activation steepnesses[2]    :   0.750
Cascade activation steepnesses[3]    :   1.000
Cascade candidate groups             :   2
Cascade no. of candidates            :  80
Start training network with 2-algorithm in FANN
Max epochs     5000. Desired error: 0.0010000000.
Epochs            1. Current error: 0.0266352277. Bit fail 473.
Epochs          100. Current error: 0.0162974037. Bit fail 314.
Epochs          200. Current error: 0.0158905908. Bit fail 297.
Epochs          300. Current error: 0.0151077518. Bit fail 278.
Epochs          400. Current error: 0.0149219465. Bit fail 275.
Epochs          500. Current error: 0.0148643609. Bit fail 272.
Epochs          600. Current error: 0.0147243915. Bit fail 264.
Epochs          700. Current error: 0.0143606812. Bit fail 257.
Epochs          800. Current error: 0.0141865620. Bit fail 258.
Epochs          900. Current error: 0.0141994543. Bit fail 257.
Epochs         1000. Current error: 0.0142040104. Bit fail 256.
Epochs         1100. Current error: 0.0139840590. Bit fail 251.
Epochs         1200. Current error: 0.0139596062. Bit fail 251.
Epochs         1300. Current error: 0.0139936330. Bit fail 250.
Epochs         1400. Current error: 0.0139720310. Bit fail 251.
Epochs         1500. Current error: 0.0141484989. Bit fail 254.
Epochs         1600. Current error: 0.0139540220. Bit fail 250.
Epochs         1700. Current error: 0.0139499949. Bit fail 251.
Epochs         1800. Current error: 0.0142660234. Bit fail 257.
Epochs         1900. Current error: 0.0139533468. Bit fail 250.
Epochs         2000. Current error: 0.0139759835. Bit fail 252.
Epochs         2100. Current error: 0.0139099238. Bit fail 247.
Epochs         2200. Current error: 0.0140271839. Bit fail 249.
Epochs         2300. Current error: 0.0139701487. Bit fail 247.
Epochs         2400. Current error: 0.0138480281. Bit fail 245.
Epochs         2500. Current error: 0.0139514850. Bit fail 247.
Epochs         2600. Current error: 0.0138473157. Bit fail 245.
Epochs         2700. Current error: 0.0138834957. Bit fail 246.
Epochs         2800. Current error: 0.0139756007. Bit fail 250.
Epochs         2900. Current error: 0.0139080072. Bit fail 247.
Epochs         3000. Current error: 0.0138000939. Bit fail 245.
Epochs         3100. Current error: 0.0137312552. Bit fail 242.
Epochs         3200. Current error: 0.0136296405. Bit fail 241.
Epochs         3300. Current error: 0.0135874012. Bit fail 239.
Epochs         3400. Current error: 0.0136201605. Bit fail 241.
Epochs         3500. Current error: 0.0136917979. Bit fail 241.
Epochs         3600. Current error: 0.0135873519. Bit fail 239.
Epochs         3700. Current error: 0.0135972230. Bit fail 239.
Epochs         3800. Current error: 0.0135849314. Bit fail 239.
Epochs         3900. Current error: 0.0135950502. Bit fail 239.
Epochs         4000. Current error: 0.0136394855. Bit fail 240.
Epochs         4100. Current error: 0.0135845654. Bit fail 239.
Epochs         4200. Current error: 0.0135882143. Bit fail 240.
Epochs         4300. Current error: 0.0135728857. Bit fail 239.
Epochs         4400. Current error: 0.0135881053. Bit fail 239.
Epochs         4500. Current error: 0.0136001511. Bit fail 239.
Epochs         4600. Current error: 0.0136797410. Bit fail 241.
Epochs         4700. Current error: 0.0136921182. Bit fail 242.
Epochs         4800. Current error: 0.0135793248. Bit fail 239.
Epochs         4900. Current error: 0.0136240134. Bit fail 242.
Epochs         5000. Current error: 0.0136394547. Bit fail 240.
Time elpased for FANN training: 906.725099 seconds
Trained Network by GA+FANN is saved in 
./ALL_S6_959126400_hveto_channels_signif_dt_set_1_training_n70n35n1_c10_mr08_p10000_g2_rmin-50_rmax50_gsigma1_y14_f05g09_m5000.net.
Total Running Time: 4059.465110 seconds
