Creating network.
The layer structure is following:
[70, 10, 1]
Setting newtork parameters
Getting training data : ALL_S6_959126400_hveto_channels_signif_dt_set_4_training.pat
Setting GA training parameters
Start running GA
Gen. 0 (0.00%): Max/Min/Avg Fitness(Raw) [18.01(38.86)/13.25(1.03)/15.01(15.01)]
Gen. 1 (50.00%): Max/Min/Avg Fitness(Raw) [39.89(39.70)/0.00(1.03)/33.66(33.66)]
Gen. 2 (100.00%): Max/Min/Avg Fitness(Raw) [40.37(40.15)/0.00(1.03)/33.23(33.23)]
Total time elapsed: 1192.157 seconds.
GA MSE : 0.025529
Best initial connection wetighs are set on Network
Setting FANN training parameters
Input layer                          :  70 neurons, 1 bias
  Hidden layer                       :  10 neurons, 1 bias
Output layer                         :   1 neurons
Total neurons and biases             :  83
Total connections                    : 721
Connection rate                      :   1.000
Network type                         :   FANN_NETTYPE_LAYER
Training algorithm                   :   FANN_TRAIN_RPROP
Training error function              :   FANN_ERRORFUNC_TANH
Training stop function               :   FANN_STOPFUNC_MSE
Bit fail limit                       :   0.350
Learning rate                        :   0.700
Learning momentum                    :   0.000
Quickprop decay                      :  -0.000100
Quickprop mu                         :   1.750
RPROP increase factor                :   1.400
RPROP decrease factor                :   0.500
RPROP delta min                      :   0.000
RPROP delta max                      :  50.000
Cascade output change fraction       :   0.010000
Cascade candidate change fraction    :   0.010000
Cascade output stagnation epochs     :  12
Cascade candidate stagnation epochs  :  12
Cascade max output epochs            : 150
Cascade max candidate epochs         : 150
Cascade weight multiplier            :   0.400
Cascade candidate limit              :1000.000
Cascade activation functions[0]      :   FANN_SIGMOID
Cascade activation functions[1]      :   FANN_SIGMOID_SYMMETRIC
Cascade activation functions[2]      :   FANN_GAUSSIAN
Cascade activation functions[3]      :   FANN_GAUSSIAN_SYMMETRIC
Cascade activation functions[4]      :   FANN_ELLIOT
Cascade activation functions[5]      :   FANN_ELLIOT_SYMMETRIC
Cascade activation functions[6]      :   FANN_SIN_SYMMETRIC
Cascade activation functions[7]      :   FANN_COS_SYMMETRIC
Cascade activation functions[8]      :   FANN_SIN
Cascade activation functions[9]      :   FANN_COS
Cascade activation steepnesses[0]    :   0.250
Cascade activation steepnesses[1]    :   0.500
Cascade activation steepnesses[2]    :   0.750
Cascade activation steepnesses[3]    :   1.000
Cascade candidate groups             :   2
Cascade no. of candidates            :  80
Start training network with 2-algorithm in FANN
Max epochs     5000. Desired error: 0.0010000000.
Epochs            1. Current error: 0.0249068588. Bit fail 470.
Epochs          100. Current error: 0.0175374188. Bit fail 340.
Epochs          200. Current error: 0.0180688407. Bit fail 339.
Epochs          300. Current error: 0.0168304816. Bit fail 316.
Epochs          400. Current error: 0.0163881462. Bit fail 299.
Epochs          500. Current error: 0.0161552764. Bit fail 291.
Epochs          600. Current error: 0.0162158888. Bit fail 291.
Epochs          700. Current error: 0.0157945808. Bit fail 285.
Epochs          800. Current error: 0.0159599725. Bit fail 287.
Epochs          900. Current error: 0.0156631526. Bit fail 280.
Epochs         1000. Current error: 0.0154484781. Bit fail 279.
Epochs         1100. Current error: 0.0152532682. Bit fail 276.
Epochs         1200. Current error: 0.0152457617. Bit fail 274.
Epochs         1300. Current error: 0.0151639730. Bit fail 268.
Epochs         1400. Current error: 0.0150863202. Bit fail 267.
Epochs         1500. Current error: 0.0150293326. Bit fail 263.
Epochs         1600. Current error: 0.0151227908. Bit fail 268.
Epochs         1700. Current error: 0.0149900913. Bit fail 263.
Epochs         1800. Current error: 0.0150108263. Bit fail 264.
Epochs         1900. Current error: 0.0149649326. Bit fail 262.
Epochs         2000. Current error: 0.0149129843. Bit fail 263.
Epochs         2100. Current error: 0.0150719108. Bit fail 264.
Epochs         2200. Current error: 0.0148868440. Bit fail 261.
Epochs         2300. Current error: 0.0150847379. Bit fail 264.
Epochs         2400. Current error: 0.0150211444. Bit fail 264.
Epochs         2500. Current error: 0.0148850922. Bit fail 262.
Epochs         2600. Current error: 0.0147816883. Bit fail 260.
Epochs         2700. Current error: 0.0147803230. Bit fail 259.
Epochs         2800. Current error: 0.0148301255. Bit fail 260.
Epochs         2900. Current error: 0.0148442155. Bit fail 259.
Epochs         3000. Current error: 0.0148302112. Bit fail 260.
Epochs         3100. Current error: 0.0149287749. Bit fail 262.
Epochs         3200. Current error: 0.0150696393. Bit fail 264.
Epochs         3300. Current error: 0.0148323309. Bit fail 260.
Epochs         3400. Current error: 0.0148887355. Bit fail 261.
Epochs         3500. Current error: 0.0148224887. Bit fail 260.
Epochs         3600. Current error: 0.0148828793. Bit fail 261.
Epochs         3700. Current error: 0.0148223722. Bit fail 264.
Epochs         3800. Current error: 0.0148005476. Bit fail 260.
Epochs         3900. Current error: 0.0147345029. Bit fail 260.
Epochs         4000. Current error: 0.0147078885. Bit fail 259.
Epochs         4100. Current error: 0.0146524506. Bit fail 257.
Epochs         4200. Current error: 0.0146111939. Bit fail 260.
Epochs         4300. Current error: 0.0146525688. Bit fail 262.
Epochs         4400. Current error: 0.0145665705. Bit fail 261.
Epochs         4500. Current error: 0.0145590650. Bit fail 263.
Epochs         4600. Current error: 0.0145121263. Bit fail 260.
Epochs         4700. Current error: 0.0145959696. Bit fail 262.
Epochs         4800. Current error: 0.0146058667. Bit fail 261.
Epochs         4900. Current error: 0.0145407887. Bit fail 260.
Epochs         5000. Current error: 0.0145421466. Bit fail 262.
Time elpased for FANN training: 287.422116 seconds
Trained Network by GA+FANN is saved in 
./ALL_S6_959126400_hveto_channels_signif_dt_set_4_training_n70n10n1_c10_mr06_p10000_g2_rmin-50_rmax50_gsigma1_y14_f05g09_m5000.net.
Total Running Time: 1479.984442 seconds
