Creating network.
The layer structure is following:
[70, 35, 1]
Setting newtork parameters
Getting training data : ALL_S6_959126400_hveto_channels_signif_dt_set_0_training.pat
Setting GA training parameters
Start running GA
Gen. 0 (0.00%): Max/Min/Avg Fitness(Raw) [17.43(36.67)/12.75(1.03)/14.52(14.52)]
Gen. 1 (50.00%): Max/Min/Avg Fitness(Raw) [44.00(36.67)/44.00(36.67)/44.00(36.67)]
Gen. 2 (100.00%): Max/Min/Avg Fitness(Raw) [44.00(36.67)/44.00(36.67)/44.00(36.67)]
Total time elapsed: 3591.460 seconds.
GA MSE : 0.027272
Best initial connection wetighs are set on Network
Setting FANN training parameters
Input layer                          :  70 neurons, 1 bias
  Hidden layer                       :  35 neurons, 1 bias
Output layer                         :   1 neurons
Total neurons and biases             : 108
Total connections                    :2521
Connection rate                      :   1.000
Network type                         :   FANN_NETTYPE_LAYER
Training algorithm                   :   FANN_TRAIN_RPROP
Training error function              :   FANN_ERRORFUNC_TANH
Training stop function               :   FANN_STOPFUNC_MSE
Bit fail limit                       :   0.350
Learning rate                        :   0.700
Learning momentum                    :   0.000
Quickprop decay                      :  -0.000100
Quickprop mu                         :   1.750
RPROP increase factor                :   1.400
RPROP decrease factor                :   0.500
RPROP delta min                      :   0.000
RPROP delta max                      :  50.000
Cascade output change fraction       :   0.010000
Cascade candidate change fraction    :   0.010000
Cascade output stagnation epochs     :  12
Cascade candidate stagnation epochs  :  12
Cascade max output epochs            : 150
Cascade max candidate epochs         : 150
Cascade weight multiplier            :   0.400
Cascade candidate limit              :1000.000
Cascade activation functions[0]      :   FANN_SIGMOID
Cascade activation functions[1]      :   FANN_SIGMOID_SYMMETRIC
Cascade activation functions[2]      :   FANN_GAUSSIAN
Cascade activation functions[3]      :   FANN_GAUSSIAN_SYMMETRIC
Cascade activation functions[4]      :   FANN_ELLIOT
Cascade activation functions[5]      :   FANN_ELLIOT_SYMMETRIC
Cascade activation functions[6]      :   FANN_SIN_SYMMETRIC
Cascade activation functions[7]      :   FANN_COS_SYMMETRIC
Cascade activation functions[8]      :   FANN_SIN
Cascade activation functions[9]      :   FANN_COS
Cascade activation steepnesses[0]    :   0.250
Cascade activation steepnesses[1]    :   0.500
Cascade activation steepnesses[2]    :   0.750
Cascade activation steepnesses[3]    :   1.000
Cascade candidate groups             :   2
Cascade no. of candidates            :  80
Start training network with 2-algorithm in FANN
Max epochs     5000. Desired error: 0.0010000000.
Epochs            1. Current error: 0.0272718705. Bit fail 483.
Epochs          100. Current error: 0.0169483181. Bit fail 334.
Epochs          200. Current error: 0.0159762893. Bit fail 294.
Epochs          300. Current error: 0.0155367060. Bit fail 282.
Epochs          400. Current error: 0.0154795274. Bit fail 278.
Epochs          500. Current error: 0.0155608039. Bit fail 280.
Epochs          600. Current error: 0.0153652830. Bit fail 274.
Epochs          700. Current error: 0.0153858773. Bit fail 275.
Epochs          800. Current error: 0.0152943181. Bit fail 272.
Epochs          900. Current error: 0.0151196942. Bit fail 270.
Epochs         1000. Current error: 0.0153139839. Bit fail 273.
Epochs         1100. Current error: 0.0152358618. Bit fail 273.
Epochs         1200. Current error: 0.0151237790. Bit fail 272.
Epochs         1300. Current error: 0.0150459381. Bit fail 268.
Epochs         1400. Current error: 0.0150642740. Bit fail 268.
Epochs         1500. Current error: 0.0150049161. Bit fail 267.
Epochs         1600. Current error: 0.0150428014. Bit fail 267.
Epochs         1700. Current error: 0.0149715850. Bit fail 266.
Epochs         1800. Current error: 0.0149545353. Bit fail 264.
Epochs         1900. Current error: 0.0149569064. Bit fail 265.
Epochs         2000. Current error: 0.0149442861. Bit fail 264.
Epochs         2100. Current error: 0.0149326455. Bit fail 265.
Epochs         2200. Current error: 0.0149543816. Bit fail 265.
Epochs         2300. Current error: 0.0148951877. Bit fail 262.
Epochs         2400. Current error: 0.0149251297. Bit fail 261.
Epochs         2500. Current error: 0.0148606552. Bit fail 260.
Epochs         2600. Current error: 0.0148277050. Bit fail 261.
Epochs         2700. Current error: 0.0148279006. Bit fail 260.
Epochs         2800. Current error: 0.0147924637. Bit fail 259.
Epochs         2900. Current error: 0.0147881117. Bit fail 261.
Epochs         3000. Current error: 0.0146789690. Bit fail 258.
Epochs         3100. Current error: 0.0146725914. Bit fail 256.
Epochs         3200. Current error: 0.0146752615. Bit fail 257.
Epochs         3300. Current error: 0.0147126829. Bit fail 257.
Epochs         3400. Current error: 0.0145852091. Bit fail 254.
Epochs         3500. Current error: 0.0145978667. Bit fail 255.
Epochs         3600. Current error: 0.0145740593. Bit fail 254.
Epochs         3700. Current error: 0.0145993968. Bit fail 255.
Epochs         3800. Current error: 0.0146228652. Bit fail 255.
Epochs         3900. Current error: 0.0145661058. Bit fail 254.
Epochs         4000. Current error: 0.0146032199. Bit fail 257.
Epochs         4100. Current error: 0.0146926949. Bit fail 258.
Epochs         4200. Current error: 0.0147610335. Bit fail 262.
Epochs         4300. Current error: 0.0147224246. Bit fail 262.
Epochs         4400. Current error: 0.0145533020. Bit fail 255.
Epochs         4500. Current error: 0.0145582305. Bit fail 254.
Epochs         4600. Current error: 0.0145612042. Bit fail 254.
Epochs         4700. Current error: 0.0145522822. Bit fail 254.
Epochs         4800. Current error: 0.0145200090. Bit fail 254.
Epochs         4900. Current error: 0.0145156439. Bit fail 254.
Epochs         5000. Current error: 0.0145132057. Bit fail 254.
Time elpased for FANN training: 986.563203 seconds
Trained Network by GA+FANN is saved in 
./ALL_S6_959126400_hveto_channels_signif_dt_set_0_training_n70n35n1_c10_mr08_p10000_g2_rmin-50_rmax50_gsigma1_y14_f05g09_m5000.net.
Total Running Time: 4578.739275 seconds
