Creating network.
The layer structure is following:
[70, 10, 1]
Setting newtork parameters
Getting training data : ALL_S6_959126400_hveto_channels_signif_dt_set_6_training.pat
Setting GA training parameters
Start running GA
Gen. 0 (0.00%): Max/Min/Avg Fitness(Raw) [17.95(36.44)/13.02(1.03)/14.96(14.96)]
Gen. 1 (5.00%): Max/Min/Avg Fitness(Raw) [43.38(36.44)/43.38(36.44)/43.38(36.44)]
Gen. 2 (10.00%): Max/Min/Avg Fitness(Raw) [43.38(36.44)/43.38(36.44)/43.38(36.44)]
Gen. 3 (15.00%): Max/Min/Avg Fitness(Raw) [43.38(36.44)/43.38(36.44)/43.38(36.44)]
Gen. 4 (20.00%): Max/Min/Avg Fitness(Raw) [43.38(36.44)/43.38(36.44)/43.38(36.44)]
Gen. 5 (25.00%): Max/Min/Avg Fitness(Raw) [43.38(36.44)/43.38(36.44)/43.38(36.44)]
Gen. 6 (30.00%): Max/Min/Avg Fitness(Raw) [43.38(36.44)/43.38(36.44)/43.38(36.44)]
Gen. 7 (35.00%): Max/Min/Avg Fitness(Raw) [43.38(36.44)/43.38(36.44)/43.38(36.44)]
Gen. 8 (40.00%): Max/Min/Avg Fitness(Raw) [43.38(36.44)/43.38(36.44)/43.38(36.44)]
Gen. 9 (45.00%): Max/Min/Avg Fitness(Raw) [43.38(36.44)/43.38(36.44)/43.38(36.44)]
Gen. 10 (50.00%): Max/Min/Avg Fitness(Raw) [43.38(36.44)/43.38(36.44)/43.38(36.44)]
Gen. 11 (55.00%): Max/Min/Avg Fitness(Raw) [43.38(36.44)/43.38(36.44)/43.38(36.44)]
Gen. 12 (60.00%): Max/Min/Avg Fitness(Raw) [43.38(36.44)/43.38(36.44)/43.38(36.44)]
Gen. 13 (65.00%): Max/Min/Avg Fitness(Raw) [43.38(36.44)/43.38(36.44)/43.38(36.44)]
Gen. 14 (70.00%): Max/Min/Avg Fitness(Raw) [43.38(36.44)/43.38(36.44)/43.38(36.44)]
Gen. 15 (75.00%): Max/Min/Avg Fitness(Raw) [43.38(36.44)/43.38(36.44)/43.38(36.44)]
Gen. 16 (80.00%): Max/Min/Avg Fitness(Raw) [43.38(36.44)/43.38(36.44)/43.38(36.44)]
Gen. 17 (85.00%): Max/Min/Avg Fitness(Raw) [43.38(36.44)/43.38(36.44)/43.38(36.44)]
Gen. 18 (90.00%): Max/Min/Avg Fitness(Raw) [43.38(36.44)/43.38(36.44)/43.38(36.44)]
Gen. 19 (95.00%): Max/Min/Avg Fitness(Raw) [43.38(36.44)/43.38(36.44)/43.38(36.44)]
Gen. 20 (100.00%): Max/Min/Avg Fitness(Raw) [43.38(36.44)/43.38(36.44)/43.38(36.44)]
Total time elapsed: 596.783 seconds.
GA MSE : 0.027441
Best initial connection wetighs are set on Network
Setting FANN training parameters
Input layer                          :  70 neurons, 1 bias
  Hidden layer                       :  10 neurons, 1 bias
Output layer                         :   1 neurons
Total neurons and biases             :  83
Total connections                    : 721
Connection rate                      :   1.000
Network type                         :   FANN_NETTYPE_LAYER
Training algorithm                   :   FANN_TRAIN_RPROP
Training error function              :   FANN_ERRORFUNC_TANH
Training stop function               :   FANN_STOPFUNC_MSE
Bit fail limit                       :   0.350
Learning rate                        :   0.700
Learning momentum                    :   0.000
Quickprop decay                      :  -0.000100
Quickprop mu                         :   1.750
RPROP increase factor                :   1.400
RPROP decrease factor                :   0.500
RPROP delta min                      :   0.000
RPROP delta max                      :  50.000
Cascade output change fraction       :   0.010000
Cascade candidate change fraction    :   0.010000
Cascade output stagnation epochs     :  12
Cascade candidate stagnation epochs  :  12
Cascade max output epochs            : 150
Cascade max candidate epochs         : 150
Cascade weight multiplier            :   0.400
Cascade candidate limit              :1000.000
Cascade activation functions[0]      :   FANN_SIGMOID
Cascade activation functions[1]      :   FANN_SIGMOID_SYMMETRIC
Cascade activation functions[2]      :   FANN_GAUSSIAN
Cascade activation functions[3]      :   FANN_GAUSSIAN_SYMMETRIC
Cascade activation functions[4]      :   FANN_ELLIOT
Cascade activation functions[5]      :   FANN_ELLIOT_SYMMETRIC
Cascade activation functions[6]      :   FANN_SIN_SYMMETRIC
Cascade activation functions[7]      :   FANN_COS_SYMMETRIC
Cascade activation functions[8]      :   FANN_SIN
Cascade activation functions[9]      :   FANN_COS
Cascade activation steepnesses[0]    :   0.250
Cascade activation steepnesses[1]    :   0.500
Cascade activation steepnesses[2]    :   0.750
Cascade activation steepnesses[3]    :   1.000
Cascade candidate groups             :   2
Cascade no. of candidates            :  80
Start training network with 2-algorithm in FANN
Max epochs     5000. Desired error: 0.0010000000.
Epochs            1. Current error: 0.0274412148. Bit fail 491.
Epochs          100. Current error: 0.0183679443. Bit fail 400.
Epochs          200. Current error: 0.0170585923. Bit fail 374.
Epochs          300. Current error: 0.0168571044. Bit fail 365.
Epochs          400. Current error: 0.0166174807. Bit fail 353.
Epochs          500. Current error: 0.0165231954. Bit fail 354.
Epochs          600. Current error: 0.0164576974. Bit fail 356.
Epochs          700. Current error: 0.0162931699. Bit fail 349.
Epochs          800. Current error: 0.0161747672. Bit fail 347.
Epochs          900. Current error: 0.0160300750. Bit fail 348.
Epochs         1000. Current error: 0.0161129590. Bit fail 348.
Epochs         1100. Current error: 0.0159177426. Bit fail 345.
Epochs         1200. Current error: 0.0158001166. Bit fail 330.
Epochs         1300. Current error: 0.0158649702. Bit fail 342.
Epochs         1400. Current error: 0.0158646349. Bit fail 327.
Epochs         1500. Current error: 0.0159683898. Bit fail 331.
Epochs         1600. Current error: 0.0158805605. Bit fail 329.
Epochs         1700. Current error: 0.0158381611. Bit fail 327.
Epochs         1800. Current error: 0.0158843230. Bit fail 325.
Epochs         1900. Current error: 0.0158461686. Bit fail 329.
Epochs         2000. Current error: 0.0158515014. Bit fail 330.
Epochs         2100. Current error: 0.0158839244. Bit fail 332.
Epochs         2200. Current error: 0.0159292631. Bit fail 329.
Epochs         2300. Current error: 0.0158201903. Bit fail 328.
Epochs         2400. Current error: 0.0159218162. Bit fail 326.
Epochs         2500. Current error: 0.0156647433. Bit fail 317.
Epochs         2600. Current error: 0.0156449676. Bit fail 319.
Epochs         2700. Current error: 0.0156003321. Bit fail 317.
Epochs         2800. Current error: 0.0155907786. Bit fail 317.
Epochs         2900. Current error: 0.0155789135. Bit fail 318.
Epochs         3000. Current error: 0.0156677682. Bit fail 319.
Epochs         3100. Current error: 0.0155571103. Bit fail 315.
Epochs         3200. Current error: 0.0156341512. Bit fail 319.
Epochs         3300. Current error: 0.0156122996. Bit fail 318.
Epochs         3400. Current error: 0.0155400494. Bit fail 318.
Epochs         3500. Current error: 0.0155528504. Bit fail 317.
Epochs         3600. Current error: 0.0155361183. Bit fail 317.
Epochs         3700. Current error: 0.0155398352. Bit fail 317.
Epochs         3800. Current error: 0.0155319674. Bit fail 317.
Epochs         3900. Current error: 0.0155234719. Bit fail 316.
Epochs         4000. Current error: 0.0155253448. Bit fail 317.
Epochs         4100. Current error: 0.0155653004. Bit fail 317.
Epochs         4200. Current error: 0.0155647872. Bit fail 314.
Epochs         4300. Current error: 0.0155747486. Bit fail 313.
Epochs         4400. Current error: 0.0155830793. Bit fail 315.
Epochs         4500. Current error: 0.0155165251. Bit fail 315.
Epochs         4600. Current error: 0.0155228246. Bit fail 316.
Epochs         4700. Current error: 0.0155641157. Bit fail 312.
Epochs         4800. Current error: 0.0155051779. Bit fail 309.
Epochs         4900. Current error: 0.0155064436. Bit fail 309.
Epochs         5000. Current error: 0.0155106848. Bit fail 309.
Time elpased for FANN training: 301.101262 seconds
Trained Network by GA+FANN is saved in 
./ALL_S6_959126400_hveto_channels_signif_dt_set_6_training_n70n10n1_c10_mr08_p1000_g20_rmin-50_rmax50_gsigma1_y14_f05g09_m5000.net.
Total Running Time: 898.279358 seconds
