Creating network.
The layer structure is following:
[70, 10, 1]
Setting newtork parameters
Getting training data : ALL_S6_959126400_hveto_channels_signif_dt_set_3_training.pat
Setting GA training parameters
Start running GA
Gen. 0 (0.00%): Max/Min/Avg Fitness(Raw) [18.15(39.14)/13.35(1.03)/15.13(15.13)]
Gen. 1 (50.00%): Max/Min/Avg Fitness(Raw) [46.54(41.83)/0.00(11.80)/38.79(38.79)]
Gen. 2 (100.00%): Max/Min/Avg Fitness(Raw) [48.75(42.29)/0.00(16.89)/40.66(40.63)]
Total time elapsed: 1181.138 seconds.
GA MSE : 0.024627
Best initial connection wetighs are set on Network
Setting FANN training parameters
Input layer                          :  70 neurons, 1 bias
  Hidden layer                       :  10 neurons, 1 bias
Output layer                         :   1 neurons
Total neurons and biases             :  83
Total connections                    : 721
Connection rate                      :   1.000
Network type                         :   FANN_NETTYPE_LAYER
Training algorithm                   :   FANN_TRAIN_RPROP
Training error function              :   FANN_ERRORFUNC_TANH
Training stop function               :   FANN_STOPFUNC_MSE
Bit fail limit                       :   0.350
Learning rate                        :   0.700
Learning momentum                    :   0.000
Quickprop decay                      :  -0.000100
Quickprop mu                         :   1.750
RPROP increase factor                :   1.400
RPROP decrease factor                :   0.500
RPROP delta min                      :   0.000
RPROP delta max                      :  50.000
Cascade output change fraction       :   0.010000
Cascade candidate change fraction    :   0.010000
Cascade output stagnation epochs     :  12
Cascade candidate stagnation epochs  :  12
Cascade max output epochs            : 150
Cascade max candidate epochs         : 150
Cascade weight multiplier            :   0.400
Cascade candidate limit              :1000.000
Cascade activation functions[0]      :   FANN_SIGMOID
Cascade activation functions[1]      :   FANN_SIGMOID_SYMMETRIC
Cascade activation functions[2]      :   FANN_GAUSSIAN
Cascade activation functions[3]      :   FANN_GAUSSIAN_SYMMETRIC
Cascade activation functions[4]      :   FANN_ELLIOT
Cascade activation functions[5]      :   FANN_ELLIOT_SYMMETRIC
Cascade activation functions[6]      :   FANN_SIN_SYMMETRIC
Cascade activation functions[7]      :   FANN_COS_SYMMETRIC
Cascade activation functions[8]      :   FANN_SIN
Cascade activation functions[9]      :   FANN_COS
Cascade activation steepnesses[0]    :   0.250
Cascade activation steepnesses[1]    :   0.500
Cascade activation steepnesses[2]    :   0.750
Cascade activation steepnesses[3]    :   1.000
Cascade candidate groups             :   2
Cascade no. of candidates            :  80
Start training network with 2-algorithm in FANN
Max epochs     5000. Desired error: 0.0010000000.
Epochs            1. Current error: 0.0236460716. Bit fail 449.
Epochs          100. Current error: 0.0168430991. Bit fail 325.
Epochs          200. Current error: 0.0159898791. Bit fail 297.
Epochs          300. Current error: 0.0155059742. Bit fail 284.
Epochs          400. Current error: 0.0151058324. Bit fail 277.
Epochs          500. Current error: 0.0150108319. Bit fail 272.
Epochs          600. Current error: 0.0148375016. Bit fail 265.
Epochs          700. Current error: 0.0150270863. Bit fail 271.
Epochs          800. Current error: 0.0152224079. Bit fail 273.
Epochs          900. Current error: 0.0150346151. Bit fail 275.
Epochs         1000. Current error: 0.0152374143. Bit fail 276.
Epochs         1100. Current error: 0.0153450230. Bit fail 277.
Epochs         1200. Current error: 0.0150122056. Bit fail 263.
Epochs         1300. Current error: 0.0150064239. Bit fail 263.
Epochs         1400. Current error: 0.0149445506. Bit fail 264.
Epochs         1500. Current error: 0.0149536673. Bit fail 263.
Epochs         1600. Current error: 0.0149336727. Bit fail 264.
Epochs         1700. Current error: 0.0149245681. Bit fail 264.
Epochs         1800. Current error: 0.0148105938. Bit fail 263.
Epochs         1900. Current error: 0.0147834150. Bit fail 262.
Epochs         2000. Current error: 0.0147276148. Bit fail 261.
Epochs         2100. Current error: 0.0147562828. Bit fail 263.
Epochs         2200. Current error: 0.0147418594. Bit fail 260.
Epochs         2300. Current error: 0.0147278626. Bit fail 261.
Epochs         2400. Current error: 0.0147241931. Bit fail 262.
Epochs         2500. Current error: 0.0146756601. Bit fail 261.
Epochs         2600. Current error: 0.0146710332. Bit fail 259.
Epochs         2700. Current error: 0.0146715753. Bit fail 260.
Epochs         2800. Current error: 0.0146693764. Bit fail 260.
Epochs         2900. Current error: 0.0146904811. Bit fail 261.
Epochs         3000. Current error: 0.0146787865. Bit fail 260.
Epochs         3100. Current error: 0.0146817332. Bit fail 260.
Epochs         3200. Current error: 0.0146833351. Bit fail 260.
Epochs         3300. Current error: 0.0146666579. Bit fail 260.
Epochs         3400. Current error: 0.0146803409. Bit fail 260.
Epochs         3500. Current error: 0.0147026340. Bit fail 261.
Epochs         3600. Current error: 0.0146705639. Bit fail 260.
Epochs         3700. Current error: 0.0146756601. Bit fail 260.
Epochs         3800. Current error: 0.0146706384. Bit fail 260.
Epochs         3900. Current error: 0.0146763856. Bit fail 260.
Epochs         4000. Current error: 0.0146702593. Bit fail 260.
Epochs         4100. Current error: 0.0146694370. Bit fail 261.
Epochs         4200. Current error: 0.0146790789. Bit fail 261.
Epochs         4300. Current error: 0.0146682234. Bit fail 260.
Epochs         4400. Current error: 0.0146783376. Bit fail 261.
Epochs         4500. Current error: 0.0146661121. Bit fail 261.
Epochs         4600. Current error: 0.0146668581. Bit fail 261.
Epochs         4700. Current error: 0.0146768689. Bit fail 261.
Epochs         4800. Current error: 0.0146654723. Bit fail 261.
Epochs         4900. Current error: 0.0146678686. Bit fail 260.
Epochs         5000. Current error: 0.0146618942. Bit fail 261.
Time elpased for FANN training: 280.961477 seconds
Trained Network by GA+FANN is saved in 
./ALL_S6_959126400_hveto_channels_signif_dt_set_3_training_n70n10n1_c10_mr06_p10000_g2_rmin-50_rmax50_gsigma1_y14_f05g09_m5000.net.
Total Running Time: 1462.562134 seconds
