Creating network.
The layer structure is following:
[70, 10, 1]
Setting newtork parameters
Getting training data : ALL_S6_959126400_hveto_channels_signif_dt_set_2_training.pat
Setting GA training parameters
Start running GA
Gen. 0 (0.00%): Max/Min/Avg Fitness(Raw) [17.44(36.72)/12.76(1.03)/14.53(14.53)]
Gen. 1 (5.00%): Max/Min/Avg Fitness(Raw) [44.06(36.72)/44.06(36.72)/44.06(36.72)]
Gen. 2 (10.00%): Max/Min/Avg Fitness(Raw) [44.06(36.72)/44.06(36.72)/44.06(36.72)]
Gen. 3 (15.00%): Max/Min/Avg Fitness(Raw) [44.06(36.72)/44.06(36.72)/44.06(36.72)]
Gen. 4 (20.00%): Max/Min/Avg Fitness(Raw) [44.06(36.72)/44.06(36.72)/44.06(36.72)]
Gen. 5 (25.00%): Max/Min/Avg Fitness(Raw) [44.06(36.72)/44.06(36.72)/44.06(36.72)]
Gen. 6 (30.00%): Max/Min/Avg Fitness(Raw) [44.06(36.72)/44.06(36.72)/44.06(36.72)]
Gen. 7 (35.00%): Max/Min/Avg Fitness(Raw) [44.06(36.72)/44.06(36.72)/44.06(36.72)]
Gen. 8 (40.00%): Max/Min/Avg Fitness(Raw) [44.06(36.72)/44.06(36.72)/44.06(36.72)]
Gen. 9 (45.00%): Max/Min/Avg Fitness(Raw) [44.06(36.72)/44.06(36.72)/44.06(36.72)]
Gen. 10 (50.00%): Max/Min/Avg Fitness(Raw) [44.06(36.72)/44.06(36.72)/44.06(36.72)]
Gen. 11 (55.00%): Max/Min/Avg Fitness(Raw) [44.06(36.72)/44.06(36.72)/44.06(36.72)]
Gen. 12 (60.00%): Max/Min/Avg Fitness(Raw) [44.06(36.72)/44.06(36.72)/44.06(36.72)]
Gen. 13 (65.00%): Max/Min/Avg Fitness(Raw) [44.06(36.72)/44.06(36.72)/44.06(36.72)]
Gen. 14 (70.00%): Max/Min/Avg Fitness(Raw) [44.06(36.72)/44.06(36.72)/44.06(36.72)]
Gen. 15 (75.00%): Max/Min/Avg Fitness(Raw) [44.06(36.72)/44.06(36.72)/44.06(36.72)]
Gen. 16 (80.00%): Max/Min/Avg Fitness(Raw) [44.06(36.72)/44.06(36.72)/44.06(36.72)]
Gen. 17 (85.00%): Max/Min/Avg Fitness(Raw) [44.06(36.72)/44.06(36.72)/44.06(36.72)]
Gen. 18 (90.00%): Max/Min/Avg Fitness(Raw) [44.06(36.72)/44.06(36.72)/44.06(36.72)]
Gen. 19 (95.00%): Max/Min/Avg Fitness(Raw) [44.06(36.72)/44.06(36.72)/44.06(36.72)]
Gen. 20 (100.00%): Max/Min/Avg Fitness(Raw) [44.06(36.72)/44.06(36.72)/44.06(36.72)]
Total time elapsed: 611.958 seconds.
GA MSE : 0.027230
Best initial connection wetighs are set on Network
Setting FANN training parameters
Input layer                          :  70 neurons, 1 bias
  Hidden layer                       :  10 neurons, 1 bias
Output layer                         :   1 neurons
Total neurons and biases             :  83
Total connections                    : 721
Connection rate                      :   1.000
Network type                         :   FANN_NETTYPE_LAYER
Training algorithm                   :   FANN_TRAIN_RPROP
Training error function              :   FANN_ERRORFUNC_TANH
Training stop function               :   FANN_STOPFUNC_MSE
Bit fail limit                       :   0.350
Learning rate                        :   0.700
Learning momentum                    :   0.000
Quickprop decay                      :  -0.000100
Quickprop mu                         :   1.750
RPROP increase factor                :   1.400
RPROP decrease factor                :   0.500
RPROP delta min                      :   0.000
RPROP delta max                      :  50.000
Cascade output change fraction       :   0.010000
Cascade candidate change fraction    :   0.010000
Cascade output stagnation epochs     :  12
Cascade candidate stagnation epochs  :  12
Cascade max output epochs            : 150
Cascade max candidate epochs         : 150
Cascade weight multiplier            :   0.400
Cascade candidate limit              :1000.000
Cascade activation functions[0]      :   FANN_SIGMOID
Cascade activation functions[1]      :   FANN_SIGMOID_SYMMETRIC
Cascade activation functions[2]      :   FANN_GAUSSIAN
Cascade activation functions[3]      :   FANN_GAUSSIAN_SYMMETRIC
Cascade activation functions[4]      :   FANN_ELLIOT
Cascade activation functions[5]      :   FANN_ELLIOT_SYMMETRIC
Cascade activation functions[6]      :   FANN_SIN_SYMMETRIC
Cascade activation functions[7]      :   FANN_COS_SYMMETRIC
Cascade activation functions[8]      :   FANN_SIN
Cascade activation functions[9]      :   FANN_COS
Cascade activation steepnesses[0]    :   0.250
Cascade activation steepnesses[1]    :   0.500
Cascade activation steepnesses[2]    :   0.750
Cascade activation steepnesses[3]    :   1.000
Cascade candidate groups             :   2
Cascade no. of candidates            :  80
Start training network with 2-algorithm in FANN
Max epochs     5000. Desired error: 0.0010000000.
Epochs            1. Current error: 0.0272299666. Bit fail 483.
Epochs          100. Current error: 0.0177014973. Bit fail 342.
Epochs          200. Current error: 0.0170921423. Bit fail 327.
Epochs          300. Current error: 0.0168964248. Bit fail 323.
Epochs          400. Current error: 0.0165395457. Bit fail 310.
Epochs          500. Current error: 0.0165106077. Bit fail 310.
Epochs          600. Current error: 0.0164299589. Bit fail 306.
Epochs          700. Current error: 0.0162962824. Bit fail 302.
Epochs          800. Current error: 0.0162479710. Bit fail 301.
Epochs          900. Current error: 0.0161062609. Bit fail 295.
Epochs         1000. Current error: 0.0159923583. Bit fail 286.
Epochs         1100. Current error: 0.0159458537. Bit fail 287.
Epochs         1200. Current error: 0.0159186684. Bit fail 285.
Epochs         1300. Current error: 0.0158487968. Bit fail 284.
Epochs         1400. Current error: 0.0157891791. Bit fail 284.
Epochs         1500. Current error: 0.0157726109. Bit fail 283.
Epochs         1600. Current error: 0.0156872924. Bit fail 280.
Epochs         1700. Current error: 0.0156269167. Bit fail 279.
Epochs         1800. Current error: 0.0155059844. Bit fail 279.
Epochs         1900. Current error: 0.0154916104. Bit fail 277.
Epochs         2000. Current error: 0.0154319014. Bit fail 279.
Epochs         2100. Current error: 0.0153392972. Bit fail 274.
Epochs         2200. Current error: 0.0152640650. Bit fail 272.
Epochs         2300. Current error: 0.0152645567. Bit fail 272.
Epochs         2400. Current error: 0.0152556421. Bit fail 271.
Epochs         2500. Current error: 0.0152097326. Bit fail 270.
Epochs         2600. Current error: 0.0151501317. Bit fail 268.
Epochs         2700. Current error: 0.0151343085. Bit fail 268.
Epochs         2800. Current error: 0.0151351122. Bit fail 268.
Epochs         2900. Current error: 0.0151246078. Bit fail 268.
Epochs         3000. Current error: 0.0151225803. Bit fail 268.
Epochs         3100. Current error: 0.0151193812. Bit fail 268.
Epochs         3200. Current error: 0.0151213622. Bit fail 268.
Epochs         3300. Current error: 0.0151188122. Bit fail 268.
Epochs         3400. Current error: 0.0151186716. Bit fail 268.
Epochs         3500. Current error: 0.0151333855. Bit fail 269.
Epochs         3600. Current error: 0.0151382247. Bit fail 268.
Epochs         3700. Current error: 0.0151200816. Bit fail 268.
Epochs         3800. Current error: 0.0151279969. Bit fail 268.
Epochs         3900. Current error: 0.0151251210. Bit fail 268.
Epochs         4000. Current error: 0.0151163992. Bit fail 268.
Epochs         4100. Current error: 0.0151175922. Bit fail 268.
Epochs         4200. Current error: 0.0151209896. Bit fail 268.
Epochs         4300. Current error: 0.0151217319. Bit fail 268.
Epochs         4400. Current error: 0.0150762191. Bit fail 269.
Epochs         4500. Current error: 0.0150519526. Bit fail 266.
Epochs         4600. Current error: 0.0150540648. Bit fail 266.
Epochs         4700. Current error: 0.0150441034. Bit fail 266.
Epochs         4800. Current error: 0.0150589757. Bit fail 268.
Epochs         4900. Current error: 0.0150421355. Bit fail 267.
Epochs         5000. Current error: 0.0150482003. Bit fail 267.
Time elpased for FANN training: 302.727537 seconds
Trained Network by GA+FANN is saved in 
./ALL_S6_959126400_hveto_channels_signif_dt_set_2_training_n70n10n1_c10_mr08_p1000_g20_rmin-50_rmax50_gsigma1_y14_f05g09_m5000.net.
Total Running Time: 915.080600 seconds
