Creating network.
The layer structure is following:
[70, 35, 1]
Setting newtork parameters
Getting training data : ALL_S6_959126400_hveto_channels_signif_dt_set_5_training.pat
Setting GA training parameters
Start running GA
Gen. 0 (0.00%): Max/Min/Avg Fitness(Raw) [17.77(38.23)/13.07(1.03)/14.81(14.81)]
Gen. 1 (5.00%): Max/Min/Avg Fitness(Raw) [45.88(38.23)/45.88(38.23)/45.88(38.23)]
Gen. 2 (10.00%): Max/Min/Avg Fitness(Raw) [45.88(38.23)/45.88(38.23)/45.88(38.23)]
Gen. 3 (15.00%): Max/Min/Avg Fitness(Raw) [45.88(38.23)/45.88(38.23)/45.88(38.23)]
Gen. 4 (20.00%): Max/Min/Avg Fitness(Raw) [45.88(38.23)/45.88(38.23)/45.88(38.23)]
Gen. 5 (25.00%): Max/Min/Avg Fitness(Raw) [45.88(38.23)/45.88(38.23)/45.88(38.23)]
Gen. 6 (30.00%): Max/Min/Avg Fitness(Raw) [45.88(38.23)/45.88(38.23)/45.88(38.23)]
Gen. 7 (35.00%): Max/Min/Avg Fitness(Raw) [45.88(38.23)/45.88(38.23)/45.88(38.23)]
Gen. 8 (40.00%): Max/Min/Avg Fitness(Raw) [45.88(38.23)/45.88(38.23)/45.88(38.23)]
Gen. 9 (45.00%): Max/Min/Avg Fitness(Raw) [45.88(38.23)/45.88(38.23)/45.88(38.23)]
Gen. 10 (50.00%): Max/Min/Avg Fitness(Raw) [45.88(38.23)/45.88(38.23)/45.88(38.23)]
Gen. 11 (55.00%): Max/Min/Avg Fitness(Raw) [45.88(38.23)/45.88(38.23)/45.88(38.23)]
Gen. 12 (60.00%): Max/Min/Avg Fitness(Raw) [45.88(38.23)/45.88(38.23)/45.88(38.23)]
Gen. 13 (65.00%): Max/Min/Avg Fitness(Raw) [45.88(38.23)/45.88(38.23)/45.88(38.23)]
Gen. 14 (70.00%): Max/Min/Avg Fitness(Raw) [45.88(38.23)/45.88(38.23)/45.88(38.23)]
Gen. 15 (75.00%): Max/Min/Avg Fitness(Raw) [45.88(38.23)/45.88(38.23)/45.88(38.23)]
Gen. 16 (80.00%): Max/Min/Avg Fitness(Raw) [45.88(38.23)/45.88(38.23)/45.88(38.23)]
Gen. 17 (85.00%): Max/Min/Avg Fitness(Raw) [45.88(38.23)/45.88(38.23)/45.88(38.23)]
Gen. 18 (90.00%): Max/Min/Avg Fitness(Raw) [45.88(38.23)/45.88(38.23)/45.88(38.23)]
Gen. 19 (95.00%): Max/Min/Avg Fitness(Raw) [45.88(38.23)/45.88(38.23)/45.88(38.23)]
Gen. 20 (100.00%): Max/Min/Avg Fitness(Raw) [45.88(38.23)/45.88(38.23)/45.88(38.23)]
Total time elapsed: 32854.958 seconds.
GA MSE : 0.026157
Best initial connection wetighs are set on Network
Setting FANN training parameters
Input layer                          :  70 neurons, 1 bias
  Hidden layer                       :  35 neurons, 1 bias
Output layer                         :   1 neurons
Total neurons and biases             : 108
Total connections                    :2521
Connection rate                      :   1.000
Network type                         :   FANN_NETTYPE_LAYER
Training algorithm                   :   FANN_TRAIN_RPROP
Training error function              :   FANN_ERRORFUNC_TANH
Training stop function               :   FANN_STOPFUNC_MSE
Bit fail limit                       :   0.350
Learning rate                        :   0.700
Learning momentum                    :   0.000
Quickprop decay                      :  -0.000100
Quickprop mu                         :   1.750
RPROP increase factor                :   1.400
RPROP decrease factor                :   0.500
RPROP delta min                      :   0.000
RPROP delta max                      :  50.000
Cascade output change fraction       :   0.010000
Cascade candidate change fraction    :   0.010000
Cascade output stagnation epochs     :  12
Cascade candidate stagnation epochs  :  12
Cascade max output epochs            : 150
Cascade max candidate epochs         : 150
Cascade weight multiplier            :   0.400
Cascade candidate limit              :1000.000
Cascade activation functions[0]      :   FANN_SIGMOID
Cascade activation functions[1]      :   FANN_SIGMOID_SYMMETRIC
Cascade activation functions[2]      :   FANN_GAUSSIAN
Cascade activation functions[3]      :   FANN_GAUSSIAN_SYMMETRIC
Cascade activation functions[4]      :   FANN_ELLIOT
Cascade activation functions[5]      :   FANN_ELLIOT_SYMMETRIC
Cascade activation functions[6]      :   FANN_SIN_SYMMETRIC
Cascade activation functions[7]      :   FANN_COS_SYMMETRIC
Cascade activation functions[8]      :   FANN_SIN
Cascade activation functions[9]      :   FANN_COS
Cascade activation steepnesses[0]    :   0.250
Cascade activation steepnesses[1]    :   0.500
Cascade activation steepnesses[2]    :   0.750
Cascade activation steepnesses[3]    :   1.000
Cascade candidate groups             :   2
Cascade no. of candidates            :  80
Start training network with 2-algorithm in FANN
Max epochs     5000. Desired error: 0.0010000000.
Epochs            1. Current error: 0.0261566360. Bit fail 465.
Epochs          100. Current error: 0.0159804150. Bit fail 304.
Epochs          200. Current error: 0.0150427297. Bit fail 280.
Epochs          300. Current error: 0.0144400652. Bit fail 263.
Epochs          400. Current error: 0.0143289901. Bit fail 257.
Epochs          500. Current error: 0.0141811389. Bit fail 254.
Epochs          600. Current error: 0.0142186694. Bit fail 255.
Epochs          700. Current error: 0.0141747827. Bit fail 253.
Epochs          800. Current error: 0.0140475212. Bit fail 251.
Epochs          900. Current error: 0.0139522590. Bit fail 251.
Epochs         1000. Current error: 0.0139045324. Bit fail 252.
Epochs         1100. Current error: 0.0138082672. Bit fail 252.
Epochs         1200. Current error: 0.0137894535. Bit fail 248.
Epochs         1300. Current error: 0.0137439268. Bit fail 248.
Epochs         1400. Current error: 0.0137363048. Bit fail 248.
Epochs         1500. Current error: 0.0136517528. Bit fail 246.
Epochs         1600. Current error: 0.0137647549. Bit fail 248.
Epochs         1700. Current error: 0.0138112400. Bit fail 249.
Epochs         1800. Current error: 0.0136313885. Bit fail 246.
Epochs         1900. Current error: 0.0136012426. Bit fail 247.
Epochs         2000. Current error: 0.0135666495. Bit fail 245.
Epochs         2100. Current error: 0.0136278700. Bit fail 248.
Epochs         2200. Current error: 0.0138192214. Bit fail 250.
Epochs         2300. Current error: 0.0135547742. Bit fail 245.
Epochs         2400. Current error: 0.0136813726. Bit fail 247.
Epochs         2500. Current error: 0.0136808772. Bit fail 248.
Epochs         2600. Current error: 0.0136163831. Bit fail 246.
Epochs         2700. Current error: 0.0136465086. Bit fail 247.
Epochs         2800. Current error: 0.0136303836. Bit fail 246.
Epochs         2900. Current error: 0.0136123998. Bit fail 246.
Epochs         3000. Current error: 0.0135876536. Bit fail 246.
Epochs         3100. Current error: 0.0135597568. Bit fail 245.
Epochs         3200. Current error: 0.0135583682. Bit fail 246.
Epochs         3300. Current error: 0.0136168581. Bit fail 246.
Epochs         3400. Current error: 0.0137729533. Bit fail 250.
Epochs         3500. Current error: 0.0135971308. Bit fail 247.
Epochs         3600. Current error: 0.0135683557. Bit fail 245.
Epochs         3700. Current error: 0.0136040524. Bit fail 246.
Epochs         3800. Current error: 0.0135467527. Bit fail 245.
Epochs         3900. Current error: 0.0135381771. Bit fail 246.
Epochs         4000. Current error: 0.0135322567. Bit fail 245.
Epochs         4100. Current error: 0.0135895191. Bit fail 245.
Epochs         4200. Current error: 0.0135873342. Bit fail 244.
Epochs         4300. Current error: 0.0135556543. Bit fail 244.
Epochs         4400. Current error: 0.0136443609. Bit fail 246.
Epochs         4500. Current error: 0.0137047069. Bit fail 248.
Epochs         4600. Current error: 0.0137694338. Bit fail 249.
Epochs         4700. Current error: 0.0141030578. Bit fail 256.
Epochs         4800. Current error: 0.0137302084. Bit fail 248.
Epochs         4900. Current error: 0.0138362981. Bit fail 251.
Epochs         5000. Current error: 0.0137055442. Bit fail 248.
Time elpased for FANN training: 918.815392 seconds
Trained Network by GA+FANN is saved in 
./ALL_S6_959126400_hveto_channels_signif_dt_set_5_training_n70n35n1_c10_mr06_p10000_g20_rmin-50_rmax50_gsigma1_y14_f05g09_m5000.net.
Total Running Time: 33777.110327 seconds
