Creating network.
The layer structure is following:
[70, 35, 1]
Setting newtork parameters
Getting training data : ALL_S6_959126400_hveto_channels_signif_dt_set_7_training.pat
Setting GA training parameters
Start running GA
Gen. 0 (0.00%): Max/Min/Avg Fitness(Raw) [17.46(40.68)/13.05(1.03)/14.55(14.55)]
Gen. 1 (50.00%): Max/Min/Avg Fitness(Raw) [48.94(40.68)/48.94(40.68)/48.94(40.68)]
Gen. 2 (100.00%): Max/Min/Avg Fitness(Raw) [48.94(40.68)/48.94(40.68)/48.94(40.68)]
Total time elapsed: 3104.706 seconds.
GA MSE : 0.024583
Best initial connection wetighs are set on Network
Setting FANN training parameters
Input layer                          :  70 neurons, 1 bias
  Hidden layer                       :  35 neurons, 1 bias
Output layer                         :   1 neurons
Total neurons and biases             : 108
Total connections                    :2521
Connection rate                      :   1.000
Network type                         :   FANN_NETTYPE_LAYER
Training algorithm                   :   FANN_TRAIN_RPROP
Training error function              :   FANN_ERRORFUNC_TANH
Training stop function               :   FANN_STOPFUNC_MSE
Bit fail limit                       :   0.350
Learning rate                        :   0.700
Learning momentum                    :   0.000
Quickprop decay                      :  -0.000100
Quickprop mu                         :   1.750
RPROP increase factor                :   1.400
RPROP decrease factor                :   0.500
RPROP delta min                      :   0.000
RPROP delta max                      :  50.000
Cascade output change fraction       :   0.010000
Cascade candidate change fraction    :   0.010000
Cascade output stagnation epochs     :  12
Cascade candidate stagnation epochs  :  12
Cascade max output epochs            : 150
Cascade max candidate epochs         : 150
Cascade weight multiplier            :   0.400
Cascade candidate limit              :1000.000
Cascade activation functions[0]      :   FANN_SIGMOID
Cascade activation functions[1]      :   FANN_SIGMOID_SYMMETRIC
Cascade activation functions[2]      :   FANN_GAUSSIAN
Cascade activation functions[3]      :   FANN_GAUSSIAN_SYMMETRIC
Cascade activation functions[4]      :   FANN_ELLIOT
Cascade activation functions[5]      :   FANN_ELLIOT_SYMMETRIC
Cascade activation functions[6]      :   FANN_SIN_SYMMETRIC
Cascade activation functions[7]      :   FANN_COS_SYMMETRIC
Cascade activation functions[8]      :   FANN_SIN
Cascade activation functions[9]      :   FANN_COS
Cascade activation steepnesses[0]    :   0.250
Cascade activation steepnesses[1]    :   0.500
Cascade activation steepnesses[2]    :   0.750
Cascade activation steepnesses[3]    :   1.000
Cascade candidate groups             :   2
Cascade no. of candidates            :  80
Start training network with 2-algorithm in FANN
Max epochs     5000. Desired error: 0.0010000000.
Epochs            1. Current error: 0.0245826691. Bit fail 439.
Epochs          100. Current error: 0.0164164230. Bit fail 296.
Epochs          200. Current error: 0.0153205562. Bit fail 277.
Epochs          300. Current error: 0.0151449256. Bit fail 268.
Epochs          400. Current error: 0.0150357662. Bit fail 265.
Epochs          500. Current error: 0.0149917379. Bit fail 265.
Epochs          600. Current error: 0.0145573709. Bit fail 257.
Epochs          700. Current error: 0.0146659734. Bit fail 258.
Epochs          800. Current error: 0.0146273533. Bit fail 257.
Epochs          900. Current error: 0.0144505119. Bit fail 254.
Epochs         1000. Current error: 0.0144210560. Bit fail 251.
Epochs         1100. Current error: 0.0144315120. Bit fail 251.
Epochs         1200. Current error: 0.0143959476. Bit fail 250.
Epochs         1300. Current error: 0.0143323215. Bit fail 250.
Epochs         1400. Current error: 0.0143078323. Bit fail 253.
Epochs         1500. Current error: 0.0142699629. Bit fail 249.
Epochs         1600. Current error: 0.0144153144. Bit fail 251.
Epochs         1700. Current error: 0.0142947566. Bit fail 249.
Epochs         1800. Current error: 0.0144056082. Bit fail 251.
Epochs         1900. Current error: 0.0144739198. Bit fail 252.
Epochs         2000. Current error: 0.0143315643. Bit fail 250.
Epochs         2100. Current error: 0.0144746592. Bit fail 254.
Epochs         2200. Current error: 0.0142913712. Bit fail 249.
Epochs         2300. Current error: 0.0142404791. Bit fail 248.
Epochs         2400. Current error: 0.0142974155. Bit fail 250.
Epochs         2500. Current error: 0.0143405925. Bit fail 250.
Epochs         2600. Current error: 0.0143016567. Bit fail 249.
Epochs         2700. Current error: 0.0155629562. Bit fail 272.
Epochs         2800. Current error: 0.0142346788. Bit fail 248.
Epochs         2900. Current error: 0.0142337549. Bit fail 248.
Epochs         3000. Current error: 0.0142394947. Bit fail 249.
Epochs         3100. Current error: 0.0142258778. Bit fail 248.
Epochs         3200. Current error: 0.0142886536. Bit fail 249.
Epochs         3300. Current error: 0.0144039383. Bit fail 251.
Epochs         3400. Current error: 0.0142250117. Bit fail 248.
Epochs         3500. Current error: 0.0143506462. Bit fail 251.
Epochs         3600. Current error: 0.0143908011. Bit fail 251.
Epochs         3700. Current error: 0.0142245106. Bit fail 248.
Epochs         3800. Current error: 0.0142261954. Bit fail 248.
Epochs         3900. Current error: 0.0142142940. Bit fail 248.
Epochs         4000. Current error: 0.0143034011. Bit fail 250.
Epochs         4100. Current error: 0.0142797055. Bit fail 249.
Epochs         4200. Current error: 0.0143336384. Bit fail 250.
Epochs         4300. Current error: 0.0143824304. Bit fail 251.
Epochs         4400. Current error: 0.0142333843. Bit fail 250.
Epochs         4500. Current error: 0.0142424637. Bit fail 250.
Epochs         4600. Current error: 0.0142710358. Bit fail 249.
Epochs         4700. Current error: 0.0142105818. Bit fail 248.
Epochs         4800. Current error: 0.0142629715. Bit fail 249.
Epochs         4900. Current error: 0.0142671140. Bit fail 249.
Epochs         5000. Current error: 0.0142693883. Bit fail 249.
Time elpased for FANN training: 975.614464 seconds
Trained Network by GA+FANN is saved in 
./ALL_S6_959126400_hveto_channels_signif_dt_set_7_training_n70n35n1_c10_mr08_p10000_g2_rmin-50_rmax50_gsigma1_y14_f05g09_m5000.net.
Total Running Time: 4080.786057 seconds
