Creating network.
The layer structure is following:
[70, 10, 1]
Setting newtork parameters
Getting training data : ALL_S6_959126400_hveto_channels_signif_dt_set_0_training.pat
Setting GA training parameters
Start running GA
Gen. 0 (0.00%): Max/Min/Avg Fitness(Raw) [18.04(38.74)/13.25(1.03)/15.03(15.03)]
Gen. 1 (50.00%): Max/Min/Avg Fitness(Raw) [41.45(41.33)/0.00(1.03)/37.18(37.18)]
Gen. 2 (100.00%): Max/Min/Avg Fitness(Raw) [41.88(41.63)/0.00(1.03)/33.76(33.76)]
Total time elapsed: 1211.336 seconds.
GA MSE : 0.492660
Best initial connection wetighs are set on Network
Setting FANN training parameters
Input layer                          :  70 neurons, 1 bias
  Hidden layer                       :  10 neurons, 1 bias
Output layer                         :   1 neurons
Total neurons and biases             :  83
Total connections                    : 721
Connection rate                      :   1.000
Network type                         :   FANN_NETTYPE_LAYER
Training algorithm                   :   FANN_TRAIN_RPROP
Training error function              :   FANN_ERRORFUNC_TANH
Training stop function               :   FANN_STOPFUNC_MSE
Bit fail limit                       :   0.350
Learning rate                        :   0.700
Learning momentum                    :   0.000
Quickprop decay                      :  -0.000100
Quickprop mu                         :   1.750
RPROP increase factor                :   1.400
RPROP decrease factor                :   0.500
RPROP delta min                      :   0.000
RPROP delta max                      :  50.000
Cascade output change fraction       :   0.010000
Cascade candidate change fraction    :   0.010000
Cascade output stagnation epochs     :  12
Cascade candidate stagnation epochs  :  12
Cascade max output epochs            : 150
Cascade max candidate epochs         : 150
Cascade weight multiplier            :   0.400
Cascade candidate limit              :1000.000
Cascade activation functions[0]      :   FANN_SIGMOID
Cascade activation functions[1]      :   FANN_SIGMOID_SYMMETRIC
Cascade activation functions[2]      :   FANN_GAUSSIAN
Cascade activation functions[3]      :   FANN_GAUSSIAN_SYMMETRIC
Cascade activation functions[4]      :   FANN_ELLIOT
Cascade activation functions[5]      :   FANN_ELLIOT_SYMMETRIC
Cascade activation functions[6]      :   FANN_SIN_SYMMETRIC
Cascade activation functions[7]      :   FANN_COS_SYMMETRIC
Cascade activation functions[8]      :   FANN_SIN
Cascade activation functions[9]      :   FANN_COS
Cascade activation steepnesses[0]    :   0.250
Cascade activation steepnesses[1]    :   0.500
Cascade activation steepnesses[2]    :   0.750
Cascade activation steepnesses[3]    :   1.000
Cascade candidate groups             :   2
Cascade no. of candidates            :  80
Start training network with 2-algorithm in FANN
Max epochs     5000. Desired error: 0.0010000000.
Epochs            1. Current error: 0.0240217354. Bit fail 441.
Epochs          100. Current error: 0.0191864986. Bit fail 373.
Epochs          200. Current error: 0.0184348151. Bit fail 346.
Epochs          300. Current error: 0.0174769741. Bit fail 328.
Epochs          400. Current error: 0.0169076994. Bit fail 319.
Epochs          500. Current error: 0.0165719986. Bit fail 300.
Epochs          600. Current error: 0.0165252984. Bit fail 302.
Epochs          700. Current error: 0.0163584016. Bit fail 296.
Epochs          800. Current error: 0.0162107628. Bit fail 294.
Epochs          900. Current error: 0.0161500443. Bit fail 290.
Epochs         1000. Current error: 0.0161049739. Bit fail 292.
Epochs         1100. Current error: 0.0160179045. Bit fail 290.
Epochs         1200. Current error: 0.0159769747. Bit fail 287.
Epochs         1300. Current error: 0.0160229951. Bit fail 288.
Epochs         1400. Current error: 0.0159009490. Bit fail 285.
Epochs         1500. Current error: 0.0158457775. Bit fail 285.
Epochs         1600. Current error: 0.0158554316. Bit fail 287.
Epochs         1700. Current error: 0.0158564709. Bit fail 286.
Epochs         1800. Current error: 0.0158504657. Bit fail 286.
Epochs         1900. Current error: 0.0158541948. Bit fail 286.
Epochs         2000. Current error: 0.0158556346. Bit fail 286.
Epochs         2100. Current error: 0.0158528406. Bit fail 286.
Epochs         2200. Current error: 0.0158538222. Bit fail 286.
Epochs         2300. Current error: 0.0158508364. Bit fail 286.
Epochs         2400. Current error: 0.0158475731. Bit fail 286.
Epochs         2500. Current error: 0.0158515032. Bit fail 286.
Epochs         2600. Current error: 0.0158534367. Bit fail 286.
Epochs         2700. Current error: 0.0158478133. Bit fail 290.
Epochs         2800. Current error: 0.0158051401. Bit fail 287.
Epochs         2900. Current error: 0.0157965440. Bit fail 286.
Epochs         3000. Current error: 0.0158020742. Bit fail 285.
Epochs         3100. Current error: 0.0157587286. Bit fail 284.
Epochs         3200. Current error: 0.0157460831. Bit fail 284.
Epochs         3300. Current error: 0.0157997105. Bit fail 286.
Epochs         3400. Current error: 0.0157627817. Bit fail 287.
Epochs         3500. Current error: 0.0157145318. Bit fail 287.
Epochs         3600. Current error: 0.0157316308. Bit fail 285.
Epochs         3700. Current error: 0.0157480221. Bit fail 286.
Epochs         3800. Current error: 0.0157568324. Bit fail 286.
Epochs         3900. Current error: 0.0157298408. Bit fail 285.
Epochs         4000. Current error: 0.0157115050. Bit fail 286.
Epochs         4100. Current error: 0.0157094523. Bit fail 285.
Epochs         4200. Current error: 0.0157288499. Bit fail 285.
Epochs         4300. Current error: 0.0157221388. Bit fail 283.
Epochs         4400. Current error: 0.0156774800. Bit fail 285.
Epochs         4500. Current error: 0.0156627484. Bit fail 283.
Epochs         4600. Current error: 0.0156628862. Bit fail 283.
Epochs         4700. Current error: 0.0156591106. Bit fail 281.
Epochs         4800. Current error: 0.0156575739. Bit fail 281.
Epochs         4900. Current error: 0.0156541783. Bit fail 282.
Epochs         5000. Current error: 0.0156547241. Bit fail 282.
Time elpased for FANN training: 291.896181 seconds
Trained Network by GA+FANN is saved in 
./ALL_S6_959126400_hveto_channels_signif_dt_set_0_training_n70n10n1_c10_mr06_p10000_g2_rmin-50_rmax50_gsigma1_y14_f05g09_m5000.net.
Total Running Time: 1503.651223 seconds
