Creating network.
The layer structure is following:
[70, 10, 1]
Setting newtork parameters
Getting training data : ALL_S6_959126400_hveto_channels_signif_dt_set_9_training.pat
Setting GA training parameters
Start running GA
Gen. 0 (0.00%): Max/Min/Avg Fitness(Raw) [17.54(35.45)/12.71(1.03)/14.62(14.62)]
Gen. 1 (5.00%): Max/Min/Avg Fitness(Raw) [42.50(35.45)/42.50(35.45)/42.50(35.45)]
Gen. 2 (10.00%): Max/Min/Avg Fitness(Raw) [42.50(35.45)/42.50(35.45)/42.50(35.45)]
Gen. 3 (15.00%): Max/Min/Avg Fitness(Raw) [42.50(35.45)/42.50(35.45)/42.50(35.45)]
Gen. 4 (20.00%): Max/Min/Avg Fitness(Raw) [42.50(35.45)/42.50(35.45)/42.50(35.45)]
Gen. 5 (25.00%): Max/Min/Avg Fitness(Raw) [42.50(35.45)/42.50(35.45)/42.50(35.45)]
Gen. 6 (30.00%): Max/Min/Avg Fitness(Raw) [42.50(35.45)/42.50(35.45)/42.50(35.45)]
Gen. 7 (35.00%): Max/Min/Avg Fitness(Raw) [42.50(35.45)/42.50(35.45)/42.50(35.45)]
Gen. 8 (40.00%): Max/Min/Avg Fitness(Raw) [42.50(35.45)/42.50(35.45)/42.50(35.45)]
Gen. 9 (45.00%): Max/Min/Avg Fitness(Raw) [42.50(35.45)/42.50(35.45)/42.50(35.45)]
Gen. 10 (50.00%): Max/Min/Avg Fitness(Raw) [42.50(35.45)/42.50(35.45)/42.50(35.45)]
Gen. 11 (55.00%): Max/Min/Avg Fitness(Raw) [42.50(35.45)/42.50(35.45)/42.50(35.45)]
Gen. 12 (60.00%): Max/Min/Avg Fitness(Raw) [42.50(35.45)/42.50(35.45)/42.50(35.45)]
Gen. 13 (65.00%): Max/Min/Avg Fitness(Raw) [42.50(35.45)/42.50(35.45)/42.50(35.45)]
Gen. 14 (70.00%): Max/Min/Avg Fitness(Raw) [42.50(35.45)/42.50(35.45)/42.50(35.45)]
Gen. 15 (75.00%): Max/Min/Avg Fitness(Raw) [42.50(35.45)/42.50(35.45)/42.50(35.45)]
Gen. 16 (80.00%): Max/Min/Avg Fitness(Raw) [42.50(35.45)/42.50(35.45)/42.50(35.45)]
Gen. 17 (85.00%): Max/Min/Avg Fitness(Raw) [42.50(35.45)/42.50(35.45)/42.50(35.45)]
Gen. 18 (90.00%): Max/Min/Avg Fitness(Raw) [42.50(35.45)/42.50(35.45)/42.50(35.45)]
Gen. 19 (95.00%): Max/Min/Avg Fitness(Raw) [42.50(35.45)/42.50(35.45)/42.50(35.45)]
Gen. 20 (100.00%): Max/Min/Avg Fitness(Raw) [42.50(35.45)/42.50(35.45)/42.50(35.45)]
Total time elapsed: 565.016 seconds.
GA MSE : 0.028211
Best initial connection wetighs are set on Network
Setting FANN training parameters
Input layer                          :  70 neurons, 1 bias
  Hidden layer                       :  10 neurons, 1 bias
Output layer                         :   1 neurons
Total neurons and biases             :  83
Total connections                    : 721
Connection rate                      :   1.000
Network type                         :   FANN_NETTYPE_LAYER
Training algorithm                   :   FANN_TRAIN_RPROP
Training error function              :   FANN_ERRORFUNC_TANH
Training stop function               :   FANN_STOPFUNC_MSE
Bit fail limit                       :   0.350
Learning rate                        :   0.700
Learning momentum                    :   0.000
Quickprop decay                      :  -0.000100
Quickprop mu                         :   1.750
RPROP increase factor                :   1.400
RPROP decrease factor                :   0.500
RPROP delta min                      :   0.000
RPROP delta max                      :  50.000
Cascade output change fraction       :   0.010000
Cascade candidate change fraction    :   0.010000
Cascade output stagnation epochs     :  12
Cascade candidate stagnation epochs  :  12
Cascade max output epochs            : 150
Cascade max candidate epochs         : 150
Cascade weight multiplier            :   0.400
Cascade candidate limit              :1000.000
Cascade activation functions[0]      :   FANN_SIGMOID
Cascade activation functions[1]      :   FANN_SIGMOID_SYMMETRIC
Cascade activation functions[2]      :   FANN_GAUSSIAN
Cascade activation functions[3]      :   FANN_GAUSSIAN_SYMMETRIC
Cascade activation functions[4]      :   FANN_ELLIOT
Cascade activation functions[5]      :   FANN_ELLIOT_SYMMETRIC
Cascade activation functions[6]      :   FANN_SIN_SYMMETRIC
Cascade activation functions[7]      :   FANN_COS_SYMMETRIC
Cascade activation functions[8]      :   FANN_SIN
Cascade activation functions[9]      :   FANN_COS
Cascade activation steepnesses[0]    :   0.250
Cascade activation steepnesses[1]    :   0.500
Cascade activation steepnesses[2]    :   0.750
Cascade activation steepnesses[3]    :   1.000
Cascade candidate groups             :   2
Cascade no. of candidates            :  80
Start training network with 2-algorithm in FANN
Max epochs     5000. Desired error: 0.0010000000.
Epochs            1. Current error: 0.0282108095. Bit fail 497.
Epochs          100. Current error: 0.0175228734. Bit fail 359.
Epochs          200. Current error: 0.0167465117. Bit fail 302.
Epochs          300. Current error: 0.0164799783. Bit fail 297.
Epochs          400. Current error: 0.0161255021. Bit fail 287.
Epochs          500. Current error: 0.0156763196. Bit fail 279.
Epochs          600. Current error: 0.0153687578. Bit fail 274.
Epochs          700. Current error: 0.0150411921. Bit fail 267.
Epochs          800. Current error: 0.0150211221. Bit fail 268.
Epochs          900. Current error: 0.0150266150. Bit fail 267.
Epochs         1000. Current error: 0.0150833316. Bit fail 267.
Epochs         1100. Current error: 0.0149935167. Bit fail 266.
Epochs         1200. Current error: 0.0148886843. Bit fail 263.
Epochs         1300. Current error: 0.0148842745. Bit fail 263.
Epochs         1400. Current error: 0.0149553586. Bit fail 266.
Epochs         1500. Current error: 0.0149303246. Bit fail 269.
Epochs         1600. Current error: 0.0149641233. Bit fail 266.
Epochs         1700. Current error: 0.0149489520. Bit fail 264.
Epochs         1800. Current error: 0.0150664942. Bit fail 268.
Epochs         1900. Current error: 0.0148800034. Bit fail 265.
Epochs         2000. Current error: 0.0149708474. Bit fail 267.
Epochs         2100. Current error: 0.0149190472. Bit fail 266.
Epochs         2200. Current error: 0.0148776229. Bit fail 266.
Epochs         2300. Current error: 0.0147648966. Bit fail 263.
Epochs         2400. Current error: 0.0149153471. Bit fail 266.
Epochs         2500. Current error: 0.0149553549. Bit fail 268.
Epochs         2600. Current error: 0.0148013998. Bit fail 265.
Epochs         2700. Current error: 0.0147998948. Bit fail 266.
Epochs         2800. Current error: 0.0148841850. Bit fail 268.
Epochs         2900. Current error: 0.0147921694. Bit fail 265.
Epochs         3000. Current error: 0.0147964340. Bit fail 265.
Epochs         3100. Current error: 0.0149438493. Bit fail 268.
Epochs         3200. Current error: 0.0147885391. Bit fail 265.
Epochs         3300. Current error: 0.0147419944. Bit fail 264.
Epochs         3400. Current error: 0.0147124752. Bit fail 261.
Epochs         3500. Current error: 0.0148133133. Bit fail 264.
Epochs         3600. Current error: 0.0147065185. Bit fail 262.
Epochs         3700. Current error: 0.0146939503. Bit fail 262.
Epochs         3800. Current error: 0.0148019176. Bit fail 264.
Epochs         3900. Current error: 0.0147077246. Bit fail 262.
Epochs         4000. Current error: 0.0147047872. Bit fail 262.
Epochs         4100. Current error: 0.0148024727. Bit fail 262.
Epochs         4200. Current error: 0.0147907063. Bit fail 262.
Epochs         4300. Current error: 0.0146899857. Bit fail 260.
Epochs         4400. Current error: 0.0146895954. Bit fail 260.
Epochs         4500. Current error: 0.0147963399. Bit fail 262.
Epochs         4600. Current error: 0.0147337988. Bit fail 261.
Epochs         4700. Current error: 0.0146892527. Bit fail 261.
Epochs         4800. Current error: 0.0146887833. Bit fail 260.
Epochs         4900. Current error: 0.0146867791. Bit fail 260.
Epochs         5000. Current error: 0.0147298407. Bit fail 259.
Time elpased for FANN training: 287.523318 seconds
Trained Network by GA+FANN is saved in 
./ALL_S6_959126400_hveto_channels_signif_dt_set_9_training_n70n10n1_c10_mr08_p1000_g20_rmin-50_rmax50_gsigma1_y14_f05g09_m5000.net.
Total Running Time: 852.931071 seconds
