Creating network.
The layer structure is following:
[70, 10, 1]
Setting newtork parameters
Getting training data : ALL_S6_959126400_hveto_channels_signif_dt_set_1_training.pat
Setting GA training parameters
Start running GA
Gen. 0 (0.00%): Max/Min/Avg Fitness(Raw) [17.05(37.18)/12.58(1.03)/14.21(14.21)]
Gen. 1 (5.00%): Max/Min/Avg Fitness(Raw) [45.00(37.18)/45.00(37.18)/45.00(37.18)]
Gen. 2 (10.00%): Max/Min/Avg Fitness(Raw) [45.00(37.18)/45.00(37.18)/45.00(37.18)]
Gen. 3 (15.00%): Max/Min/Avg Fitness(Raw) [45.00(37.18)/45.00(37.18)/45.00(37.18)]
Gen. 4 (20.00%): Max/Min/Avg Fitness(Raw) [45.00(37.18)/45.00(37.18)/45.00(37.18)]
Gen. 5 (25.00%): Max/Min/Avg Fitness(Raw) [45.00(37.18)/45.00(37.18)/45.00(37.18)]
Gen. 6 (30.00%): Max/Min/Avg Fitness(Raw) [45.00(37.18)/45.00(37.18)/45.00(37.18)]
Gen. 7 (35.00%): Max/Min/Avg Fitness(Raw) [45.00(37.18)/45.00(37.18)/45.00(37.18)]
Gen. 8 (40.00%): Max/Min/Avg Fitness(Raw) [45.00(37.18)/45.00(37.18)/45.00(37.18)]
Gen. 9 (45.00%): Max/Min/Avg Fitness(Raw) [45.00(37.18)/45.00(37.18)/45.00(37.18)]
Gen. 10 (50.00%): Max/Min/Avg Fitness(Raw) [45.00(37.18)/45.00(37.18)/45.00(37.18)]
Gen. 11 (55.00%): Max/Min/Avg Fitness(Raw) [45.00(37.18)/45.00(37.18)/45.00(37.18)]
Gen. 12 (60.00%): Max/Min/Avg Fitness(Raw) [45.00(37.18)/45.00(37.18)/45.00(37.18)]
Gen. 13 (65.00%): Max/Min/Avg Fitness(Raw) [45.00(37.18)/45.00(37.18)/45.00(37.18)]
Gen. 14 (70.00%): Max/Min/Avg Fitness(Raw) [45.00(37.18)/45.00(37.18)/45.00(37.18)]
Gen. 15 (75.00%): Max/Min/Avg Fitness(Raw) [45.00(37.18)/45.00(37.18)/45.00(37.18)]
Gen. 16 (80.00%): Max/Min/Avg Fitness(Raw) [45.00(37.18)/45.00(37.18)/45.00(37.18)]
Gen. 17 (85.00%): Max/Min/Avg Fitness(Raw) [45.00(37.18)/45.00(37.18)/45.00(37.18)]
Gen. 18 (90.00%): Max/Min/Avg Fitness(Raw) [45.00(37.18)/45.00(37.18)/45.00(37.18)]
Gen. 19 (95.00%): Max/Min/Avg Fitness(Raw) [45.00(37.18)/45.00(37.18)/45.00(37.18)]
Gen. 20 (100.00%): Max/Min/Avg Fitness(Raw) [45.00(37.18)/45.00(37.18)/45.00(37.18)]
Total time elapsed: 572.586 seconds.
GA MSE : 0.026898
Best initial connection wetighs are set on Network
Setting FANN training parameters
Input layer                          :  70 neurons, 1 bias
  Hidden layer                       :  10 neurons, 1 bias
Output layer                         :   1 neurons
Total neurons and biases             :  83
Total connections                    : 721
Connection rate                      :   1.000
Network type                         :   FANN_NETTYPE_LAYER
Training algorithm                   :   FANN_TRAIN_RPROP
Training error function              :   FANN_ERRORFUNC_TANH
Training stop function               :   FANN_STOPFUNC_MSE
Bit fail limit                       :   0.350
Learning rate                        :   0.700
Learning momentum                    :   0.000
Quickprop decay                      :  -0.000100
Quickprop mu                         :   1.750
RPROP increase factor                :   1.400
RPROP decrease factor                :   0.500
RPROP delta min                      :   0.000
RPROP delta max                      :  50.000
Cascade output change fraction       :   0.010000
Cascade candidate change fraction    :   0.010000
Cascade output stagnation epochs     :  12
Cascade candidate stagnation epochs  :  12
Cascade max output epochs            : 150
Cascade max candidate epochs         : 150
Cascade weight multiplier            :   0.400
Cascade candidate limit              :1000.000
Cascade activation functions[0]      :   FANN_SIGMOID
Cascade activation functions[1]      :   FANN_SIGMOID_SYMMETRIC
Cascade activation functions[2]      :   FANN_GAUSSIAN
Cascade activation functions[3]      :   FANN_GAUSSIAN_SYMMETRIC
Cascade activation functions[4]      :   FANN_ELLIOT
Cascade activation functions[5]      :   FANN_ELLIOT_SYMMETRIC
Cascade activation functions[6]      :   FANN_SIN_SYMMETRIC
Cascade activation functions[7]      :   FANN_COS_SYMMETRIC
Cascade activation functions[8]      :   FANN_SIN
Cascade activation functions[9]      :   FANN_COS
Cascade activation steepnesses[0]    :   0.250
Cascade activation steepnesses[1]    :   0.500
Cascade activation steepnesses[2]    :   0.750
Cascade activation steepnesses[3]    :   1.000
Cascade candidate groups             :   2
Cascade no. of candidates            :  80
Start training network with 2-algorithm in FANN
Max epochs     5000. Desired error: 0.0010000000.
Epochs            1. Current error: 0.0268978495. Bit fail 481.
Epochs          100. Current error: 0.0181296226. Bit fail 388.
Epochs          200. Current error: 0.0170847252. Bit fail 330.
Epochs          300. Current error: 0.0166615751. Bit fail 322.
Epochs          400. Current error: 0.0163746215. Bit fail 311.
Epochs          500. Current error: 0.0164773967. Bit fail 309.
Epochs          600. Current error: 0.0163523406. Bit fail 308.
Epochs          700. Current error: 0.0162942130. Bit fail 310.
Epochs          800. Current error: 0.0162386745. Bit fail 305.
Epochs          900. Current error: 0.0161243919. Bit fail 302.
Epochs         1000. Current error: 0.0161103737. Bit fail 299.
Epochs         1100. Current error: 0.0160805732. Bit fail 297.
Epochs         1200. Current error: 0.0162692480. Bit fail 301.
Epochs         1300. Current error: 0.0170988906. Bit fail 317.
Epochs         1400. Current error: 0.0161507837. Bit fail 296.
Epochs         1500. Current error: 0.0160992630. Bit fail 292.
Epochs         1600. Current error: 0.0160179604. Bit fail 289.
Epochs         1700. Current error: 0.0159988869. Bit fail 289.
Epochs         1800. Current error: 0.0160356034. Bit fail 290.
Epochs         1900. Current error: 0.0159826763. Bit fail 289.
Epochs         2000. Current error: 0.0160827246. Bit fail 291.
Epochs         2100. Current error: 0.0160183627. Bit fail 289.
Epochs         2200. Current error: 0.0159708187. Bit fail 290.
Epochs         2300. Current error: 0.0159765724. Bit fail 290.
Epochs         2400. Current error: 0.0160392355. Bit fail 291.
Epochs         2500. Current error: 0.0159753971. Bit fail 290.
Epochs         2600. Current error: 0.0159654133. Bit fail 290.
Epochs         2700. Current error: 0.0162981376. Bit fail 295.
Epochs         2800. Current error: 0.0159652177. Bit fail 288.
Epochs         2900. Current error: 0.0159655903. Bit fail 289.
Epochs         3000. Current error: 0.0159745105. Bit fail 290.
Epochs         3100. Current error: 0.0159927104. Bit fail 291.
Epochs         3200. Current error: 0.0160375088. Bit fail 290.
Epochs         3300. Current error: 0.0160014760. Bit fail 290.
Epochs         3400. Current error: 0.0159694459. Bit fail 289.
Epochs         3500. Current error: 0.0159693658. Bit fail 289.
Epochs         3600. Current error: 0.0159761533. Bit fail 289.
Epochs         3700. Current error: 0.0159782395. Bit fail 289.
Epochs         3800. Current error: 0.0159713309. Bit fail 290.
Epochs         3900. Current error: 0.0159782153. Bit fail 289.
Epochs         4000. Current error: 0.0160790812. Bit fail 292.
Epochs         4100. Current error: 0.0160800647. Bit fail 293.
Epochs         4200. Current error: 0.0161036998. Bit fail 292.
Epochs         4300. Current error: 0.0162517149. Bit fail 294.
Epochs         4400. Current error: 0.0160216149. Bit fail 290.
Epochs         4500. Current error: 0.0159662161. Bit fail 290.
Epochs         4600. Current error: 0.0160161927. Bit fail 292.
Epochs         4700. Current error: 0.0158926360. Bit fail 288.
Epochs         4800. Current error: 0.0159611590. Bit fail 289.
Epochs         4900. Current error: 0.0162478313. Bit fail 294.
Epochs         5000. Current error: 0.0160794780. Bit fail 292.
Time elpased for FANN training: 293.229372 seconds
Trained Network by GA+FANN is saved in 
./ALL_S6_959126400_hveto_channels_signif_dt_set_1_training_n70n10n1_c10_mr08_p1000_g20_rmin-50_rmax50_gsigma1_y14_f05g09_m5000.net.
Total Running Time: 866.205231 seconds
