Creating network.
The layer structure is following:
[70, 10, 1]
Setting newtork parameters
Getting training data : ALL_S6_959126400_hveto_channels_signif_dt_set_8_training.pat
Setting GA training parameters
Start running GA
Gen. 0 (0.00%): Max/Min/Avg Fitness(Raw) [17.99(36.93)/13.09(1.03)/15.00(15.00)]
Gen. 1 (5.00%): Max/Min/Avg Fitness(Raw) [44.50(36.93)/44.50(36.93)/44.50(36.93)]
Gen. 2 (10.00%): Max/Min/Avg Fitness(Raw) [44.50(36.93)/44.50(36.93)/44.50(36.93)]
Gen. 3 (15.00%): Max/Min/Avg Fitness(Raw) [44.50(36.93)/44.50(36.93)/44.50(36.93)]
Gen. 4 (20.00%): Max/Min/Avg Fitness(Raw) [44.50(36.93)/44.50(36.93)/44.50(36.93)]
Gen. 5 (25.00%): Max/Min/Avg Fitness(Raw) [44.50(36.93)/44.50(36.93)/44.50(36.93)]
Gen. 6 (30.00%): Max/Min/Avg Fitness(Raw) [44.50(36.93)/44.50(36.93)/44.50(36.93)]
Gen. 7 (35.00%): Max/Min/Avg Fitness(Raw) [44.50(36.93)/44.50(36.93)/44.50(36.93)]
Gen. 8 (40.00%): Max/Min/Avg Fitness(Raw) [44.50(36.93)/44.50(36.93)/44.50(36.93)]
Gen. 9 (45.00%): Max/Min/Avg Fitness(Raw) [44.50(36.93)/44.50(36.93)/44.50(36.93)]
Gen. 10 (50.00%): Max/Min/Avg Fitness(Raw) [44.50(36.93)/44.50(36.93)/44.50(36.93)]
Gen. 11 (55.00%): Max/Min/Avg Fitness(Raw) [44.50(36.93)/44.50(36.93)/44.50(36.93)]
Gen. 12 (60.00%): Max/Min/Avg Fitness(Raw) [44.50(36.93)/44.50(36.93)/44.50(36.93)]
Gen. 13 (65.00%): Max/Min/Avg Fitness(Raw) [44.50(36.93)/44.50(36.93)/44.50(36.93)]
Gen. 14 (70.00%): Max/Min/Avg Fitness(Raw) [44.50(36.93)/44.50(36.93)/44.50(36.93)]
Gen. 15 (75.00%): Max/Min/Avg Fitness(Raw) [44.50(36.93)/44.50(36.93)/44.50(36.93)]
Gen. 16 (80.00%): Max/Min/Avg Fitness(Raw) [44.50(36.93)/44.50(36.93)/44.50(36.93)]
Gen. 17 (85.00%): Max/Min/Avg Fitness(Raw) [44.50(36.93)/44.50(36.93)/44.50(36.93)]
Gen. 18 (90.00%): Max/Min/Avg Fitness(Raw) [44.50(36.93)/44.50(36.93)/44.50(36.93)]
Gen. 19 (95.00%): Max/Min/Avg Fitness(Raw) [44.50(36.93)/44.50(36.93)/44.50(36.93)]
Gen. 20 (100.00%): Max/Min/Avg Fitness(Raw) [44.50(36.93)/44.50(36.93)/44.50(36.93)]
Total time elapsed: 572.770 seconds.
GA MSE : 0.027080
Best initial connection wetighs are set on Network
Setting FANN training parameters
Input layer                          :  70 neurons, 1 bias
  Hidden layer                       :  10 neurons, 1 bias
Output layer                         :   1 neurons
Total neurons and biases             :  83
Total connections                    : 721
Connection rate                      :   1.000
Network type                         :   FANN_NETTYPE_LAYER
Training algorithm                   :   FANN_TRAIN_RPROP
Training error function              :   FANN_ERRORFUNC_TANH
Training stop function               :   FANN_STOPFUNC_MSE
Bit fail limit                       :   0.350
Learning rate                        :   0.700
Learning momentum                    :   0.000
Quickprop decay                      :  -0.000100
Quickprop mu                         :   1.750
RPROP increase factor                :   1.400
RPROP decrease factor                :   0.500
RPROP delta min                      :   0.000
RPROP delta max                      :  50.000
Cascade output change fraction       :   0.010000
Cascade candidate change fraction    :   0.010000
Cascade output stagnation epochs     :  12
Cascade candidate stagnation epochs  :  12
Cascade max output epochs            : 150
Cascade max candidate epochs         : 150
Cascade weight multiplier            :   0.400
Cascade candidate limit              :1000.000
Cascade activation functions[0]      :   FANN_SIGMOID
Cascade activation functions[1]      :   FANN_SIGMOID_SYMMETRIC
Cascade activation functions[2]      :   FANN_GAUSSIAN
Cascade activation functions[3]      :   FANN_GAUSSIAN_SYMMETRIC
Cascade activation functions[4]      :   FANN_ELLIOT
Cascade activation functions[5]      :   FANN_ELLIOT_SYMMETRIC
Cascade activation functions[6]      :   FANN_SIN_SYMMETRIC
Cascade activation functions[7]      :   FANN_COS_SYMMETRIC
Cascade activation functions[8]      :   FANN_SIN
Cascade activation functions[9]      :   FANN_COS
Cascade activation steepnesses[0]    :   0.250
Cascade activation steepnesses[1]    :   0.500
Cascade activation steepnesses[2]    :   0.750
Cascade activation steepnesses[3]    :   1.000
Cascade candidate groups             :   2
Cascade no. of candidates            :  80
Start training network with 2-algorithm in FANN
Max epochs     5000. Desired error: 0.0010000000.
Epochs            1. Current error: 0.0270801727. Bit fail 478.
Epochs          100. Current error: 0.0198840648. Bit fail 374.
Epochs          200. Current error: 0.0184374563. Bit fail 340.
Epochs          300. Current error: 0.0180270523. Bit fail 330.
Epochs          400. Current error: 0.0174521562. Bit fail 316.
Epochs          500. Current error: 0.0170468483. Bit fail 310.
Epochs          600. Current error: 0.0170755256. Bit fail 312.
Epochs          700. Current error: 0.0168223493. Bit fail 304.
Epochs          800. Current error: 0.0166533701. Bit fail 299.
Epochs          900. Current error: 0.0164384153. Bit fail 295.
Epochs         1000. Current error: 0.0164140537. Bit fail 294.
Epochs         1100. Current error: 0.0163298491. Bit fail 294.
Epochs         1200. Current error: 0.0162395239. Bit fail 291.
Epochs         1300. Current error: 0.0162249729. Bit fail 290.
Epochs         1400. Current error: 0.0162141304. Bit fail 290.
Epochs         1500. Current error: 0.0160352550. Bit fail 287.
Epochs         1600. Current error: 0.0160268955. Bit fail 287.
Epochs         1700. Current error: 0.0160246063. Bit fail 286.
Epochs         1800. Current error: 0.0160352793. Bit fail 287.
Epochs         1900. Current error: 0.0160155185. Bit fail 285.
Epochs         2000. Current error: 0.0160220768. Bit fail 285.
Epochs         2100. Current error: 0.0162177440. Bit fail 289.
Epochs         2200. Current error: 0.0160116255. Bit fail 284.
Epochs         2300. Current error: 0.0159487166. Bit fail 283.
Epochs         2400. Current error: 0.0159145594. Bit fail 284.
Epochs         2500. Current error: 0.0159254391. Bit fail 285.
Epochs         2600. Current error: 0.0159019511. Bit fail 285.
Epochs         2700. Current error: 0.0158552844. Bit fail 284.
Epochs         2800. Current error: 0.0158459637. Bit fail 284.
Epochs         2900. Current error: 0.0157698281. Bit fail 283.
Epochs         3000. Current error: 0.0157512482. Bit fail 284.
Epochs         3100. Current error: 0.0156897660. Bit fail 284.
Epochs         3200. Current error: 0.0155289872. Bit fail 277.
Epochs         3300. Current error: 0.0156641081. Bit fail 281.
Epochs         3400. Current error: 0.0155181978. Bit fail 278.
Epochs         3500. Current error: 0.0154690752. Bit fail 277.
Epochs         3600. Current error: 0.0156416576. Bit fail 280.
Epochs         3700. Current error: 0.0155034810. Bit fail 278.
Epochs         3800. Current error: 0.0154688461. Bit fail 277.
Epochs         3900. Current error: 0.0155078555. Bit fail 279.
Epochs         4000. Current error: 0.0154632451. Bit fail 278.
Epochs         4100. Current error: 0.0154547999. Bit fail 278.
Epochs         4200. Current error: 0.0154633056. Bit fail 277.
Epochs         4300. Current error: 0.0154664479. Bit fail 278.
Epochs         4400. Current error: 0.0154671418. Bit fail 278.
Epochs         4500. Current error: 0.0154600805. Bit fail 278.
Epochs         4600. Current error: 0.0154628037. Bit fail 279.
Epochs         4700. Current error: 0.0155123072. Bit fail 280.
Epochs         4800. Current error: 0.0154587748. Bit fail 278.
Epochs         4900. Current error: 0.0154602546. Bit fail 278.
Epochs         5000. Current error: 0.0154528301. Bit fail 278.
Time elpased for FANN training: 284.892370 seconds
Trained Network by GA+FANN is saved in 
./ALL_S6_959126400_hveto_channels_signif_dt_set_8_training_n70n10n1_c10_mr08_p1000_g20_rmin-50_rmax50_gsigma1_y14_f05g09_m5000.net.
Total Running Time: 858.053251 seconds
