Creating network.
The layer structure is following:
[70, 10, 1]
Setting newtork parameters
Getting training data : ALL_S6_959126400_hveto_channels_signif_dt_set_7_training.pat
Setting GA training parameters
Start running GA
Gen. 0 (0.00%): Max/Min/Avg Fitness(Raw) [17.92(38.30)/13.16(1.03)/14.94(14.94)]
Gen. 1 (50.00%): Max/Min/Avg Fitness(Raw) [40.70(40.61)/0.00(1.12)/37.79(37.79)]
Gen. 2 (100.00%): Max/Min/Avg Fitness(Raw) [41.70(41.50)/0.00(1.03)/35.04(35.04)]
Total time elapsed: 1148.091 seconds.
GA MSE : 0.026444
Best initial connection wetighs are set on Network
Setting FANN training parameters
Input layer                          :  70 neurons, 1 bias
  Hidden layer                       :  10 neurons, 1 bias
Output layer                         :   1 neurons
Total neurons and biases             :  83
Total connections                    : 721
Connection rate                      :   1.000
Network type                         :   FANN_NETTYPE_LAYER
Training algorithm                   :   FANN_TRAIN_RPROP
Training error function              :   FANN_ERRORFUNC_TANH
Training stop function               :   FANN_STOPFUNC_MSE
Bit fail limit                       :   0.350
Learning rate                        :   0.700
Learning momentum                    :   0.000
Quickprop decay                      :  -0.000100
Quickprop mu                         :   1.750
RPROP increase factor                :   1.400
RPROP decrease factor                :   0.500
RPROP delta min                      :   0.000
RPROP delta max                      :  50.000
Cascade output change fraction       :   0.010000
Cascade candidate change fraction    :   0.010000
Cascade output stagnation epochs     :  12
Cascade candidate stagnation epochs  :  12
Cascade max output epochs            : 150
Cascade max candidate epochs         : 150
Cascade weight multiplier            :   0.400
Cascade candidate limit              :1000.000
Cascade activation functions[0]      :   FANN_SIGMOID
Cascade activation functions[1]      :   FANN_SIGMOID_SYMMETRIC
Cascade activation functions[2]      :   FANN_GAUSSIAN
Cascade activation functions[3]      :   FANN_GAUSSIAN_SYMMETRIC
Cascade activation functions[4]      :   FANN_ELLIOT
Cascade activation functions[5]      :   FANN_ELLIOT_SYMMETRIC
Cascade activation functions[6]      :   FANN_SIN_SYMMETRIC
Cascade activation functions[7]      :   FANN_COS_SYMMETRIC
Cascade activation functions[8]      :   FANN_SIN
Cascade activation functions[9]      :   FANN_COS
Cascade activation steepnesses[0]    :   0.250
Cascade activation steepnesses[1]    :   0.500
Cascade activation steepnesses[2]    :   0.750
Cascade activation steepnesses[3]    :   1.000
Cascade candidate groups             :   2
Cascade no. of candidates            :  80
Start training network with 2-algorithm in FANN
Max epochs     5000. Desired error: 0.0010000000.
Epochs            1. Current error: 0.0240961742. Bit fail 457.
Epochs          100. Current error: 0.0165121257. Bit fail 353.
Epochs          200. Current error: 0.0158847664. Bit fail 331.
Epochs          300. Current error: 0.0155127831. Bit fail 320.
Epochs          400. Current error: 0.0154405525. Bit fail 311.
Epochs          500. Current error: 0.0152643686. Bit fail 310.
Epochs          600. Current error: 0.0152917374. Bit fail 314.
Epochs          700. Current error: 0.0151511626. Bit fail 308.
Epochs          800. Current error: 0.0149764502. Bit fail 302.
Epochs          900. Current error: 0.0150136175. Bit fail 300.
Epochs         1000. Current error: 0.0148713635. Bit fail 294.
Epochs         1100. Current error: 0.0147592314. Bit fail 288.
Epochs         1200. Current error: 0.0146642029. Bit fail 285.
Epochs         1300. Current error: 0.0147022670. Bit fail 285.
Epochs         1400. Current error: 0.0145841772. Bit fail 280.
Epochs         1500. Current error: 0.0146349147. Bit fail 281.
Epochs         1600. Current error: 0.0145972632. Bit fail 280.
Epochs         1700. Current error: 0.0145410541. Bit fail 277.
Epochs         1800. Current error: 0.0147053134. Bit fail 278.
Epochs         1900. Current error: 0.0145508768. Bit fail 273.
Epochs         2000. Current error: 0.0146143967. Bit fail 274.
Epochs         2100. Current error: 0.0145425089. Bit fail 272.
Epochs         2200. Current error: 0.0146528641. Bit fail 273.
Epochs         2300. Current error: 0.0145500787. Bit fail 272.
Epochs         2400. Current error: 0.0147058424. Bit fail 272.
Epochs         2500. Current error: 0.0146901682. Bit fail 271.
Epochs         2600. Current error: 0.0145200724. Bit fail 272.
Epochs         2700. Current error: 0.0142930066. Bit fail 267.
Epochs         2800. Current error: 0.0142398840. Bit fail 264.
Epochs         2900. Current error: 0.0141901802. Bit fail 262.
Epochs         3000. Current error: 0.0141534805. Bit fail 264.
Epochs         3100. Current error: 0.0141268233. Bit fail 260.
Epochs         3200. Current error: 0.0141162546. Bit fail 258.
Epochs         3300. Current error: 0.0141035337. Bit fail 255.
Epochs         3400. Current error: 0.0140842889. Bit fail 258.
Epochs         3500. Current error: 0.0140821040. Bit fail 258.
Epochs         3600. Current error: 0.0140785733. Bit fail 257.
Epochs         3700. Current error: 0.0140594784. Bit fail 256.
Epochs         3800. Current error: 0.0140622295. Bit fail 256.
Epochs         3900. Current error: 0.0140548013. Bit fail 257.
Epochs         4000. Current error: 0.0140499473. Bit fail 256.
Epochs         4100. Current error: 0.0140442494. Bit fail 256.
Epochs         4200. Current error: 0.0140352333. Bit fail 255.
Epochs         4300. Current error: 0.0140286228. Bit fail 255.
Epochs         4400. Current error: 0.0140059441. Bit fail 256.
Epochs         4500. Current error: 0.0140083879. Bit fail 253.
Epochs         4600. Current error: 0.0139755504. Bit fail 253.
Epochs         4700. Current error: 0.0139758671. Bit fail 254.
Epochs         4800. Current error: 0.0139754936. Bit fail 254.
Epochs         4900. Current error: 0.0139657427. Bit fail 253.
Epochs         5000. Current error: 0.0139595661. Bit fail 252.
Time elpased for FANN training: 276.122364 seconds
Trained Network by GA+FANN is saved in 
./ALL_S6_959126400_hveto_channels_signif_dt_set_7_training_n70n10n1_c10_mr06_p10000_g2_rmin-50_rmax50_gsigma1_y14_f05g09_m5000.net.
Total Running Time: 1424.603751 seconds
