Creating network.
The layer structure is following:
[70, 10, 1]
Setting newtork parameters
Getting training data : ALL_S6_959126400_hveto_channels_signif_dt_set_4_training.pat
Setting GA training parameters
Start running GA
Gen. 0 (0.00%): Max/Min/Avg Fitness(Raw) [17.60(36.89)/12.86(1.03)/14.66(14.66)]
Gen. 1 (5.00%): Max/Min/Avg Fitness(Raw) [44.38(36.89)/44.38(36.89)/44.38(36.89)]
Gen. 2 (10.00%): Max/Min/Avg Fitness(Raw) [44.38(36.89)/44.38(36.89)/44.38(36.89)]
Gen. 3 (15.00%): Max/Min/Avg Fitness(Raw) [44.38(36.89)/44.38(36.89)/44.38(36.89)]
Gen. 4 (20.00%): Max/Min/Avg Fitness(Raw) [44.38(36.89)/44.38(36.89)/44.38(36.89)]
Gen. 5 (25.00%): Max/Min/Avg Fitness(Raw) [44.38(36.89)/44.38(36.89)/44.38(36.89)]
Gen. 6 (30.00%): Max/Min/Avg Fitness(Raw) [44.38(36.89)/44.38(36.89)/44.38(36.89)]
Gen. 7 (35.00%): Max/Min/Avg Fitness(Raw) [44.38(36.89)/44.38(36.89)/44.38(36.89)]
Gen. 8 (40.00%): Max/Min/Avg Fitness(Raw) [44.38(36.89)/44.38(36.89)/44.38(36.89)]
Gen. 9 (45.00%): Max/Min/Avg Fitness(Raw) [44.38(36.89)/44.38(36.89)/44.38(36.89)]
Gen. 10 (50.00%): Max/Min/Avg Fitness(Raw) [44.38(36.89)/44.38(36.89)/44.38(36.89)]
Gen. 11 (55.00%): Max/Min/Avg Fitness(Raw) [44.38(36.89)/44.38(36.89)/44.38(36.89)]
Gen. 12 (60.00%): Max/Min/Avg Fitness(Raw) [44.38(36.89)/44.38(36.89)/44.38(36.89)]
Gen. 13 (65.00%): Max/Min/Avg Fitness(Raw) [44.38(36.89)/44.38(36.89)/44.38(36.89)]
Gen. 14 (70.00%): Max/Min/Avg Fitness(Raw) [44.38(36.89)/44.38(36.89)/44.38(36.89)]
Gen. 15 (75.00%): Max/Min/Avg Fitness(Raw) [44.38(36.89)/44.38(36.89)/44.38(36.89)]
Gen. 16 (80.00%): Max/Min/Avg Fitness(Raw) [44.38(36.89)/44.38(36.89)/44.38(36.89)]
Gen. 17 (85.00%): Max/Min/Avg Fitness(Raw) [44.38(36.89)/44.38(36.89)/44.38(36.89)]
Gen. 18 (90.00%): Max/Min/Avg Fitness(Raw) [44.38(36.89)/44.38(36.89)/44.38(36.89)]
Gen. 19 (95.00%): Max/Min/Avg Fitness(Raw) [44.38(36.89)/44.38(36.89)/44.38(36.89)]
Gen. 20 (100.00%): Max/Min/Avg Fitness(Raw) [44.38(36.89)/44.38(36.89)/44.38(36.89)]
Total time elapsed: 604.797 seconds.
GA MSE : 0.027110
Best initial connection wetighs are set on Network
Setting FANN training parameters
Input layer                          :  70 neurons, 1 bias
  Hidden layer                       :  10 neurons, 1 bias
Output layer                         :   1 neurons
Total neurons and biases             :  83
Total connections                    : 721
Connection rate                      :   1.000
Network type                         :   FANN_NETTYPE_LAYER
Training algorithm                   :   FANN_TRAIN_RPROP
Training error function              :   FANN_ERRORFUNC_TANH
Training stop function               :   FANN_STOPFUNC_MSE
Bit fail limit                       :   0.350
Learning rate                        :   0.700
Learning momentum                    :   0.000
Quickprop decay                      :  -0.000100
Quickprop mu                         :   1.750
RPROP increase factor                :   1.400
RPROP decrease factor                :   0.500
RPROP delta min                      :   0.000
RPROP delta max                      :  50.000
Cascade output change fraction       :   0.010000
Cascade candidate change fraction    :   0.010000
Cascade output stagnation epochs     :  12
Cascade candidate stagnation epochs  :  12
Cascade max output epochs            : 150
Cascade max candidate epochs         : 150
Cascade weight multiplier            :   0.400
Cascade candidate limit              :1000.000
Cascade activation functions[0]      :   FANN_SIGMOID
Cascade activation functions[1]      :   FANN_SIGMOID_SYMMETRIC
Cascade activation functions[2]      :   FANN_GAUSSIAN
Cascade activation functions[3]      :   FANN_GAUSSIAN_SYMMETRIC
Cascade activation functions[4]      :   FANN_ELLIOT
Cascade activation functions[5]      :   FANN_ELLIOT_SYMMETRIC
Cascade activation functions[6]      :   FANN_SIN_SYMMETRIC
Cascade activation functions[7]      :   FANN_COS_SYMMETRIC
Cascade activation functions[8]      :   FANN_SIN
Cascade activation functions[9]      :   FANN_COS
Cascade activation steepnesses[0]    :   0.250
Cascade activation steepnesses[1]    :   0.500
Cascade activation steepnesses[2]    :   0.750
Cascade activation steepnesses[3]    :   1.000
Cascade candidate groups             :   2
Cascade no. of candidates            :  80
Start training network with 2-algorithm in FANN
Max epochs     5000. Desired error: 0.0010000000.
Epochs            1. Current error: 0.0271101594. Bit fail 495.
Epochs          100. Current error: 0.0165089145. Bit fail 342.
Epochs          200. Current error: 0.0159876924. Bit fail 323.
Epochs          300. Current error: 0.0158464499. Bit fail 318.
Epochs          400. Current error: 0.0157398637. Bit fail 311.
Epochs          500. Current error: 0.0157180782. Bit fail 308.
Epochs          600. Current error: 0.0157376118. Bit fail 303.
Epochs          700. Current error: 0.0155772911. Bit fail 301.
Epochs          800. Current error: 0.0155239711. Bit fail 298.
Epochs          900. Current error: 0.0154273612. Bit fail 295.
Epochs         1000. Current error: 0.0155930026. Bit fail 300.
Epochs         1100. Current error: 0.0154824033. Bit fail 295.
Epochs         1200. Current error: 0.0152614284. Bit fail 290.
Epochs         1300. Current error: 0.0153032392. Bit fail 288.
Epochs         1400. Current error: 0.0154158836. Bit fail 292.
Epochs         1500. Current error: 0.0152815711. Bit fail 287.
Epochs         1600. Current error: 0.0153675685. Bit fail 297.
Epochs         1700. Current error: 0.0154442834. Bit fail 291.
Epochs         1800. Current error: 0.0153837949. Bit fail 285.
Epochs         1900. Current error: 0.0153540680. Bit fail 284.
Epochs         2000. Current error: 0.0151285641. Bit fail 280.
Epochs         2100. Current error: 0.0150224054. Bit fail 275.
Epochs         2200. Current error: 0.0149928844. Bit fail 270.
Epochs         2300. Current error: 0.0149091640. Bit fail 265.
Epochs         2400. Current error: 0.0148643404. Bit fail 267.
Epochs         2500. Current error: 0.0149638979. Bit fail 270.
Epochs         2600. Current error: 0.0148812551. Bit fail 268.
Epochs         2700. Current error: 0.0148465438. Bit fail 267.
Epochs         2800. Current error: 0.0148181561. Bit fail 265.
Epochs         2900. Current error: 0.0148135312. Bit fail 265.
Epochs         3000. Current error: 0.0147873117. Bit fail 268.
Epochs         3100. Current error: 0.0147952279. Bit fail 268.
Epochs         3200. Current error: 0.0148013784. Bit fail 269.
Epochs         3300. Current error: 0.0146312881. Bit fail 263.
Epochs         3400. Current error: 0.0145820249. Bit fail 261.
Epochs         3500. Current error: 0.0145178186. Bit fail 260.
Epochs         3600. Current error: 0.0145276068. Bit fail 260.
Epochs         3700. Current error: 0.0145064630. Bit fail 260.
Epochs         3800. Current error: 0.0144870216. Bit fail 259.
Epochs         3900. Current error: 0.0144712990. Bit fail 259.
Epochs         4000. Current error: 0.0145944823. Bit fail 262.
Epochs         4100. Current error: 0.0145316562. Bit fail 262.
Epochs         4200. Current error: 0.0144980606. Bit fail 261.
Epochs         4300. Current error: 0.0143971713. Bit fail 258.
Epochs         4400. Current error: 0.0144300265. Bit fail 258.
Epochs         4500. Current error: 0.0144095188. Bit fail 258.
Epochs         4600. Current error: 0.0144821890. Bit fail 259.
Epochs         4700. Current error: 0.0144061726. Bit fail 258.
Epochs         4800. Current error: 0.0146004697. Bit fail 262.
Epochs         4900. Current error: 0.0144227082. Bit fail 258.
Epochs         5000. Current error: 0.0144518195. Bit fail 259.
Time elpased for FANN training: 303.820629 seconds
Trained Network by GA+FANN is saved in 
./ALL_S6_959126400_hveto_channels_signif_dt_set_4_training_n70n10n1_c10_mr08_p1000_g20_rmin-50_rmax50_gsigma1_y14_f05g09_m5000.net.
Total Running Time: 909.014688 seconds
