Creating network.
The layer structure is following:
[70, 10, 1]
Setting newtork parameters
Getting training data : ALL_S6_959126400_hveto_channels_signif_dt_set_6_training.pat
Setting GA training parameters
Start running GA
Gen. 0 (0.00%): Max/Min/Avg Fitness(Raw) [18.27(38.29)/13.35(1.03)/15.23(15.23)]
Gen. 1 (50.00%): Max/Min/Avg Fitness(Raw) [45.83(39.50)/0.00(23.47)/38.22(38.19)]
Gen. 2 (100.00%): Max/Min/Avg Fitness(Raw) [47.07(40.29)/4.17(34.48)/39.23(39.23)]
Total time elapsed: 1187.201 seconds.
GA MSE : 0.025682
Best initial connection wetighs are set on Network
Setting FANN training parameters
Input layer                          :  70 neurons, 1 bias
  Hidden layer                       :  10 neurons, 1 bias
Output layer                         :   1 neurons
Total neurons and biases             :  83
Total connections                    : 721
Connection rate                      :   1.000
Network type                         :   FANN_NETTYPE_LAYER
Training algorithm                   :   FANN_TRAIN_RPROP
Training error function              :   FANN_ERRORFUNC_TANH
Training stop function               :   FANN_STOPFUNC_MSE
Bit fail limit                       :   0.350
Learning rate                        :   0.700
Learning momentum                    :   0.000
Quickprop decay                      :  -0.000100
Quickprop mu                         :   1.750
RPROP increase factor                :   1.400
RPROP decrease factor                :   0.500
RPROP delta min                      :   0.000
RPROP delta max                      :  50.000
Cascade output change fraction       :   0.010000
Cascade candidate change fraction    :   0.010000
Cascade output stagnation epochs     :  12
Cascade candidate stagnation epochs  :  12
Cascade max output epochs            : 150
Cascade max candidate epochs         : 150
Cascade weight multiplier            :   0.400
Cascade candidate limit              :1000.000
Cascade activation functions[0]      :   FANN_SIGMOID
Cascade activation functions[1]      :   FANN_SIGMOID_SYMMETRIC
Cascade activation functions[2]      :   FANN_GAUSSIAN
Cascade activation functions[3]      :   FANN_GAUSSIAN_SYMMETRIC
Cascade activation functions[4]      :   FANN_ELLIOT
Cascade activation functions[5]      :   FANN_ELLIOT_SYMMETRIC
Cascade activation functions[6]      :   FANN_SIN_SYMMETRIC
Cascade activation functions[7]      :   FANN_COS_SYMMETRIC
Cascade activation functions[8]      :   FANN_SIN
Cascade activation functions[9]      :   FANN_COS
Cascade activation steepnesses[0]    :   0.250
Cascade activation steepnesses[1]    :   0.500
Cascade activation steepnesses[2]    :   0.750
Cascade activation steepnesses[3]    :   1.000
Cascade candidate groups             :   2
Cascade no. of candidates            :  80
Start training network with 2-algorithm in FANN
Max epochs     5000. Desired error: 0.0010000000.
Epochs            1. Current error: 0.0248211455. Bit fail 438.
Epochs          100. Current error: 0.0179960486. Bit fail 389.
Epochs          200. Current error: 0.0165917389. Bit fail 325.
Epochs          300. Current error: 0.0165018719. Bit fail 334.
Epochs          400. Current error: 0.0166294780. Bit fail 341.
Epochs          500. Current error: 0.0161607452. Bit fail 326.
Epochs          600. Current error: 0.0160399619. Bit fail 327.
Epochs          700. Current error: 0.0158162527. Bit fail 322.
Epochs          800. Current error: 0.0158843622. Bit fail 319.
Epochs          900. Current error: 0.0157067887. Bit fail 314.
Epochs         1000. Current error: 0.0157623682. Bit fail 314.
Epochs         1100. Current error: 0.0155009879. Bit fail 306.
Epochs         1200. Current error: 0.0155496597. Bit fail 313.
Epochs         1300. Current error: 0.0155730937. Bit fail 305.
Epochs         1400. Current error: 0.0154238967. Bit fail 304.
Epochs         1500. Current error: 0.0153976316. Bit fail 302.
Epochs         1600. Current error: 0.0153864110. Bit fail 302.
Epochs         1700. Current error: 0.0153441532. Bit fail 302.
Epochs         1800. Current error: 0.0152678760. Bit fail 300.
Epochs         1900. Current error: 0.0152239278. Bit fail 303.
Epochs         2000. Current error: 0.0152540859. Bit fail 303.
Epochs         2100. Current error: 0.0153163783. Bit fail 301.
Epochs         2200. Current error: 0.0153711513. Bit fail 301.
Epochs         2300. Current error: 0.0152447363. Bit fail 299.
Epochs         2400. Current error: 0.0152501734. Bit fail 298.
Epochs         2500. Current error: 0.0152586764. Bit fail 299.
Epochs         2600. Current error: 0.0153163904. Bit fail 304.
Epochs         2700. Current error: 0.0152865127. Bit fail 301.
Epochs         2800. Current error: 0.0154001964. Bit fail 310.
Epochs         2900. Current error: 0.0152340773. Bit fail 306.
Epochs         3000. Current error: 0.0153905274. Bit fail 310.
Epochs         3100. Current error: 0.0152023584. Bit fail 303.
Epochs         3200. Current error: 0.0151774622. Bit fail 303.
Epochs         3300. Current error: 0.0152345030. Bit fail 305.
Epochs         3400. Current error: 0.0151487021. Bit fail 302.
Epochs         3500. Current error: 0.0152067970. Bit fail 304.
Epochs         3600. Current error: 0.0151462248. Bit fail 302.
Epochs         3700. Current error: 0.0151189016. Bit fail 302.
Epochs         3800. Current error: 0.0151910922. Bit fail 304.
Epochs         3900. Current error: 0.0151722785. Bit fail 302.
Epochs         4000. Current error: 0.0151664941. Bit fail 301.
Epochs         4100. Current error: 0.0151141705. Bit fail 300.
Epochs         4200. Current error: 0.0151090045. Bit fail 300.
Epochs         4300. Current error: 0.0152315563. Bit fail 302.
Epochs         4400. Current error: 0.0151537852. Bit fail 300.
Epochs         4500. Current error: 0.0151207615. Bit fail 300.
Epochs         4600. Current error: 0.0151042379. Bit fail 303.
Epochs         4700. Current error: 0.0150808617. Bit fail 298.
Epochs         4800. Current error: 0.0151859373. Bit fail 301.
Epochs         4900. Current error: 0.0150825726. Bit fail 298.
Epochs         5000. Current error: 0.0152499527. Bit fail 307.
Time elpased for FANN training: 287.295583 seconds
Trained Network by GA+FANN is saved in 
./ALL_S6_959126400_hveto_channels_signif_dt_set_6_training_n70n10n1_c10_mr06_p10000_g2_rmin-50_rmax50_gsigma1_y14_f05g09_m5000.net.
Total Running Time: 1474.891081 seconds
