Creating network.
The layer structure is following:
[70, 10, 1]
Setting newtork parameters
Getting training data : ALL_S6_959126400_hveto_channels_signif_dt_set_9_training.pat
Setting GA training parameters
Start running GA
Gen. 0 (0.00%): Max/Min/Avg Fitness(Raw) [17.98(40.08)/13.32(1.03)/14.99(14.99)]
Gen. 1 (50.00%): Max/Min/Avg Fitness(Raw) [42.34(42.07)/0.00(1.03)/33.74(33.74)]
Gen. 2 (100.00%): Max/Min/Avg Fitness(Raw) [43.05(42.81)/0.00(1.03)/34.98(34.98)]
Total time elapsed: 1162.848 seconds.
GA MSE : 0.026062
Best initial connection wetighs are set on Network
Setting FANN training parameters
Input layer                          :  70 neurons, 1 bias
  Hidden layer                       :  10 neurons, 1 bias
Output layer                         :   1 neurons
Total neurons and biases             :  83
Total connections                    : 721
Connection rate                      :   1.000
Network type                         :   FANN_NETTYPE_LAYER
Training algorithm                   :   FANN_TRAIN_RPROP
Training error function              :   FANN_ERRORFUNC_TANH
Training stop function               :   FANN_STOPFUNC_MSE
Bit fail limit                       :   0.350
Learning rate                        :   0.700
Learning momentum                    :   0.000
Quickprop decay                      :  -0.000100
Quickprop mu                         :   1.750
RPROP increase factor                :   1.400
RPROP decrease factor                :   0.500
RPROP delta min                      :   0.000
RPROP delta max                      :  50.000
Cascade output change fraction       :   0.010000
Cascade candidate change fraction    :   0.010000
Cascade output stagnation epochs     :  12
Cascade candidate stagnation epochs  :  12
Cascade max output epochs            : 150
Cascade max candidate epochs         : 150
Cascade weight multiplier            :   0.400
Cascade candidate limit              :1000.000
Cascade activation functions[0]      :   FANN_SIGMOID
Cascade activation functions[1]      :   FANN_SIGMOID_SYMMETRIC
Cascade activation functions[2]      :   FANN_GAUSSIAN
Cascade activation functions[3]      :   FANN_GAUSSIAN_SYMMETRIC
Cascade activation functions[4]      :   FANN_ELLIOT
Cascade activation functions[5]      :   FANN_ELLIOT_SYMMETRIC
Cascade activation functions[6]      :   FANN_SIN_SYMMETRIC
Cascade activation functions[7]      :   FANN_COS_SYMMETRIC
Cascade activation functions[8]      :   FANN_SIN
Cascade activation functions[9]      :   FANN_COS
Cascade activation steepnesses[0]    :   0.250
Cascade activation steepnesses[1]    :   0.500
Cascade activation steepnesses[2]    :   0.750
Cascade activation steepnesses[3]    :   1.000
Cascade candidate groups             :   2
Cascade no. of candidates            :  80
Start training network with 2-algorithm in FANN
Max epochs     5000. Desired error: 0.0010000000.
Epochs            1. Current error: 0.0233603977. Bit fail 468.
Epochs          100. Current error: 0.0163140241. Bit fail 347.
Epochs          200. Current error: 0.0156531725. Bit fail 337.
Epochs          300. Current error: 0.0154097620. Bit fail 333.
Epochs          400. Current error: 0.0153296525. Bit fail 322.
Epochs          500. Current error: 0.0153009966. Bit fail 327.
Epochs          600. Current error: 0.0158220958. Bit fail 331.
Epochs          700. Current error: 0.0152354706. Bit fail 302.
Epochs          800. Current error: 0.0150446752. Bit fail 296.
Epochs          900. Current error: 0.0150947450. Bit fail 296.
Epochs         1000. Current error: 0.0150478315. Bit fail 296.
Epochs         1100. Current error: 0.0150220580. Bit fail 295.
Epochs         1200. Current error: 0.0149739077. Bit fail 292.
Epochs         1300. Current error: 0.0148509536. Bit fail 284.
Epochs         1400. Current error: 0.0147387702. Bit fail 281.
Epochs         1500. Current error: 0.0146164848. Bit fail 277.
Epochs         1600. Current error: 0.0145544736. Bit fail 272.
Epochs         1700. Current error: 0.0145359831. Bit fail 274.
Epochs         1800. Current error: 0.0145179359. Bit fail 270.
Epochs         1900. Current error: 0.0144601054. Bit fail 268.
Epochs         2000. Current error: 0.0145010129. Bit fail 273.
Epochs         2100. Current error: 0.0144495340. Bit fail 270.
Epochs         2200. Current error: 0.0144518027. Bit fail 269.
Epochs         2300. Current error: 0.0144462083. Bit fail 268.
Epochs         2400. Current error: 0.0143997492. Bit fail 266.
Epochs         2500. Current error: 0.0143905459. Bit fail 268.
Epochs         2600. Current error: 0.0143796364. Bit fail 266.
Epochs         2700. Current error: 0.0143758897. Bit fail 265.
Epochs         2800. Current error: 0.0143696219. Bit fail 266.
Epochs         2900. Current error: 0.0143694403. Bit fail 267.
Epochs         3000. Current error: 0.0143734021. Bit fail 270.
Epochs         3100. Current error: 0.0143495267. Bit fail 268.
Epochs         3200. Current error: 0.0143440710. Bit fail 266.
Epochs         3300. Current error: 0.0143540436. Bit fail 264.
Epochs         3400. Current error: 0.0143539952. Bit fail 264.
Epochs         3500. Current error: 0.0143314423. Bit fail 264.
Epochs         3600. Current error: 0.0143061271. Bit fail 264.
Epochs         3700. Current error: 0.0142927049. Bit fail 264.
Epochs         3800. Current error: 0.0143484781. Bit fail 267.
Epochs         3900. Current error: 0.0142874299. Bit fail 264.
Epochs         4000. Current error: 0.0143001480. Bit fail 265.
Epochs         4100. Current error: 0.0143033331. Bit fail 266.
Epochs         4200. Current error: 0.0142522324. Bit fail 262.
Epochs         4300. Current error: 0.0142668076. Bit fail 262.
Epochs         4400. Current error: 0.0142214438. Bit fail 260.
Epochs         4500. Current error: 0.0142209558. Bit fail 261.
Epochs         4600. Current error: 0.0142269917. Bit fail 261.
Epochs         4700. Current error: 0.0141990799. Bit fail 259.
Epochs         4800. Current error: 0.0141874151. Bit fail 258.
Epochs         4900. Current error: 0.0141757801. Bit fail 259.
Epochs         5000. Current error: 0.0141504677. Bit fail 256.
Time elpased for FANN training: 276.739213 seconds
Trained Network by GA+FANN is saved in 
./ALL_S6_959126400_hveto_channels_signif_dt_set_9_training_n70n10n1_c10_mr06_p10000_g2_rmin-50_rmax50_gsigma1_y14_f05g09_m5000.net.
Total Running Time: 1439.975279 seconds
