Creating network.
The layer structure is following:
[70, 10, 1]
Setting newtork parameters
Getting training data : ALL_S6_959126400_hveto_channels_signif_dt_set_0_training.pat
Setting GA training parameters
Start running GA
Gen. 0 (0.00%): Max/Min/Avg Fitness(Raw) [18.48(37.22)/13.37(1.03)/15.40(15.40)]
Gen. 1 (5.00%): Max/Min/Avg Fitness(Raw) [44.62(37.22)/44.62(37.22)/44.62(37.22)]
Gen. 2 (10.00%): Max/Min/Avg Fitness(Raw) [44.62(37.22)/44.62(37.22)/44.62(37.22)]
Gen. 3 (15.00%): Max/Min/Avg Fitness(Raw) [44.62(37.22)/44.62(37.22)/44.62(37.22)]
Gen. 4 (20.00%): Max/Min/Avg Fitness(Raw) [44.62(37.22)/44.62(37.22)/44.62(37.22)]
Gen. 5 (25.00%): Max/Min/Avg Fitness(Raw) [44.62(37.22)/44.62(37.22)/44.62(37.22)]
Gen. 6 (30.00%): Max/Min/Avg Fitness(Raw) [44.62(37.22)/44.62(37.22)/44.62(37.22)]
Gen. 7 (35.00%): Max/Min/Avg Fitness(Raw) [44.62(37.22)/44.62(37.22)/44.62(37.22)]
Gen. 8 (40.00%): Max/Min/Avg Fitness(Raw) [44.62(37.22)/44.62(37.22)/44.62(37.22)]
Gen. 9 (45.00%): Max/Min/Avg Fitness(Raw) [44.62(37.22)/44.62(37.22)/44.62(37.22)]
Gen. 10 (50.00%): Max/Min/Avg Fitness(Raw) [44.62(37.22)/44.62(37.22)/44.62(37.22)]
Gen. 11 (55.00%): Max/Min/Avg Fitness(Raw) [44.62(37.22)/44.62(37.22)/44.62(37.22)]
Gen. 12 (60.00%): Max/Min/Avg Fitness(Raw) [44.62(37.22)/44.62(37.22)/44.62(37.22)]
Gen. 13 (65.00%): Max/Min/Avg Fitness(Raw) [44.62(37.22)/44.62(37.22)/44.62(37.22)]
Gen. 14 (70.00%): Max/Min/Avg Fitness(Raw) [44.62(37.22)/44.62(37.22)/44.62(37.22)]
Gen. 15 (75.00%): Max/Min/Avg Fitness(Raw) [44.62(37.22)/44.62(37.22)/44.62(37.22)]
Gen. 16 (80.00%): Max/Min/Avg Fitness(Raw) [44.62(37.22)/44.62(37.22)/44.62(37.22)]
Gen. 17 (85.00%): Max/Min/Avg Fitness(Raw) [44.62(37.22)/44.62(37.22)/44.62(37.22)]
Gen. 18 (90.00%): Max/Min/Avg Fitness(Raw) [44.62(37.22)/44.62(37.22)/44.62(37.22)]
Gen. 19 (95.00%): Max/Min/Avg Fitness(Raw) [44.62(37.22)/44.62(37.22)/44.62(37.22)]
Gen. 20 (100.00%): Max/Min/Avg Fitness(Raw) [44.62(37.22)/44.62(37.22)/44.62(37.22)]
Total time elapsed: 577.063 seconds.
GA MSE : 0.026864
Best initial connection wetighs are set on Network
Setting FANN training parameters
Input layer                          :  70 neurons, 1 bias
  Hidden layer                       :  10 neurons, 1 bias
Output layer                         :   1 neurons
Total neurons and biases             :  83
Total connections                    : 721
Connection rate                      :   1.000
Network type                         :   FANN_NETTYPE_LAYER
Training algorithm                   :   FANN_TRAIN_RPROP
Training error function              :   FANN_ERRORFUNC_TANH
Training stop function               :   FANN_STOPFUNC_MSE
Bit fail limit                       :   0.350
Learning rate                        :   0.700
Learning momentum                    :   0.000
Quickprop decay                      :  -0.000100
Quickprop mu                         :   1.750
RPROP increase factor                :   1.400
RPROP decrease factor                :   0.500
RPROP delta min                      :   0.000
RPROP delta max                      :  50.000
Cascade output change fraction       :   0.010000
Cascade candidate change fraction    :   0.010000
Cascade output stagnation epochs     :  12
Cascade candidate stagnation epochs  :  12
Cascade max output epochs            : 150
Cascade max candidate epochs         : 150
Cascade weight multiplier            :   0.400
Cascade candidate limit              :1000.000
Cascade activation functions[0]      :   FANN_SIGMOID
Cascade activation functions[1]      :   FANN_SIGMOID_SYMMETRIC
Cascade activation functions[2]      :   FANN_GAUSSIAN
Cascade activation functions[3]      :   FANN_GAUSSIAN_SYMMETRIC
Cascade activation functions[4]      :   FANN_ELLIOT
Cascade activation functions[5]      :   FANN_ELLIOT_SYMMETRIC
Cascade activation functions[6]      :   FANN_SIN_SYMMETRIC
Cascade activation functions[7]      :   FANN_COS_SYMMETRIC
Cascade activation functions[8]      :   FANN_SIN
Cascade activation functions[9]      :   FANN_COS
Cascade activation steepnesses[0]    :   0.250
Cascade activation steepnesses[1]    :   0.500
Cascade activation steepnesses[2]    :   0.750
Cascade activation steepnesses[3]    :   1.000
Cascade candidate groups             :   2
Cascade no. of candidates            :  80
Start training network with 2-algorithm in FANN
Max epochs     5000. Desired error: 0.0010000000.
Epochs            1. Current error: 0.0268643331. Bit fail 481.
Epochs          100. Current error: 0.0173436720. Bit fail 346.
Epochs          200. Current error: 0.0166036598. Bit fail 308.
Epochs          300. Current error: 0.0161726512. Bit fail 297.
Epochs          400. Current error: 0.0160582382. Bit fail 298.
Epochs          500. Current error: 0.0159116816. Bit fail 289.
Epochs          600. Current error: 0.0158923436. Bit fail 281.
Epochs          700. Current error: 0.0157949943. Bit fail 280.
Epochs          800. Current error: 0.0157593731. Bit fail 277.
Epochs          900. Current error: 0.0156893898. Bit fail 278.
Epochs         1000. Current error: 0.0156501178. Bit fail 275.
Epochs         1100. Current error: 0.0156149985. Bit fail 278.
Epochs         1200. Current error: 0.0155041609. Bit fail 274.
Epochs         1300. Current error: 0.0154158836. Bit fail 271.
Epochs         1400. Current error: 0.0153886704. Bit fail 271.
Epochs         1500. Current error: 0.0152373603. Bit fail 268.
Epochs         1600. Current error: 0.0152156865. Bit fail 268.
Epochs         1700. Current error: 0.0151486639. Bit fail 265.
Epochs         1800. Current error: 0.0150950365. Bit fail 263.
Epochs         1900. Current error: 0.0150833502. Bit fail 263.
Epochs         2000. Current error: 0.0150261559. Bit fail 263.
Epochs         2100. Current error: 0.0150224557. Bit fail 262.
Epochs         2200. Current error: 0.0150210056. Bit fail 262.
Epochs         2300. Current error: 0.0149982516. Bit fail 262.
Epochs         2400. Current error: 0.0149279935. Bit fail 262.
Epochs         2500. Current error: 0.0149352234. Bit fail 261.
Epochs         2600. Current error: 0.0149311237. Bit fail 261.
Epochs         2700. Current error: 0.0149392700. Bit fail 261.
Epochs         2800. Current error: 0.0149952993. Bit fail 262.
Epochs         2900. Current error: 0.0149312196. Bit fail 261.
Epochs         3000. Current error: 0.0149283502. Bit fail 261.
Epochs         3100. Current error: 0.0149414716. Bit fail 262.
Epochs         3200. Current error: 0.0149633139. Bit fail 264.
Epochs         3300. Current error: 0.0149260117. Bit fail 262.
Epochs         3400. Current error: 0.0147707984. Bit fail 259.
Epochs         3500. Current error: 0.0147564812. Bit fail 258.
Epochs         3600. Current error: 0.0148139466. Bit fail 259.
Epochs         3700. Current error: 0.0147159742. Bit fail 258.
Epochs         3800. Current error: 0.0147098154. Bit fail 258.
Epochs         3900. Current error: 0.0147232870. Bit fail 259.
Epochs         4000. Current error: 0.0147044612. Bit fail 258.
Epochs         4100. Current error: 0.0146966558. Bit fail 258.
Epochs         4200. Current error: 0.0147596365. Bit fail 259.
Epochs         4300. Current error: 0.0147550693. Bit fail 260.
Epochs         4400. Current error: 0.0146998502. Bit fail 257.
Epochs         4500. Current error: 0.0146996034. Bit fail 258.
Epochs         4600. Current error: 0.0146967638. Bit fail 257.
Epochs         4700. Current error: 0.0147008775. Bit fail 258.
Epochs         4800. Current error: 0.0147011457. Bit fail 258.
Epochs         4900. Current error: 0.0147033259. Bit fail 258.
Epochs         5000. Current error: 0.0147082694. Bit fail 257.
Time elpased for FANN training: 296.728725 seconds
Trained Network by GA+FANN is saved in 
./ALL_S6_959126400_hveto_channels_signif_dt_set_0_training_n70n10n1_c10_mr08_p1000_g20_rmin-50_rmax50_gsigma1_y14_f05g09_m5000.net.
Total Running Time: 874.183548 seconds
