Creating network.
The layer structure is following:
[70, 10, 1]
Setting newtork parameters
Getting training data : ALL_S6_959126400_hveto_channels_signif_dt_set_8_training.pat
Setting GA training parameters
Start running GA
Gen. 0 (0.00%): Max/Min/Avg Fitness(Raw) [18.01(39.48)/13.29(1.03)/15.01(15.01)]
Gen. 1 (50.00%): Max/Min/Avg Fitness(Raw) [41.50(40.77)/0.00(10.49)/38.80(38.80)]
Gen. 2 (100.00%): Max/Min/Avg Fitness(Raw) [42.75(41.87)/0.00(9.19)/39.03(39.03)]
Total time elapsed: 1161.985 seconds.
GA MSE : 0.024996
Best initial connection wetighs are set on Network
Setting FANN training parameters
Input layer                          :  70 neurons, 1 bias
  Hidden layer                       :  10 neurons, 1 bias
Output layer                         :   1 neurons
Total neurons and biases             :  83
Total connections                    : 721
Connection rate                      :   1.000
Network type                         :   FANN_NETTYPE_LAYER
Training algorithm                   :   FANN_TRAIN_RPROP
Training error function              :   FANN_ERRORFUNC_TANH
Training stop function               :   FANN_STOPFUNC_MSE
Bit fail limit                       :   0.350
Learning rate                        :   0.700
Learning momentum                    :   0.000
Quickprop decay                      :  -0.000100
Quickprop mu                         :   1.750
RPROP increase factor                :   1.400
RPROP decrease factor                :   0.500
RPROP delta min                      :   0.000
RPROP delta max                      :  50.000
Cascade output change fraction       :   0.010000
Cascade candidate change fraction    :   0.010000
Cascade output stagnation epochs     :  12
Cascade candidate stagnation epochs  :  12
Cascade max output epochs            : 150
Cascade max candidate epochs         : 150
Cascade weight multiplier            :   0.400
Cascade candidate limit              :1000.000
Cascade activation functions[0]      :   FANN_SIGMOID
Cascade activation functions[1]      :   FANN_SIGMOID_SYMMETRIC
Cascade activation functions[2]      :   FANN_GAUSSIAN
Cascade activation functions[3]      :   FANN_GAUSSIAN_SYMMETRIC
Cascade activation functions[4]      :   FANN_ELLIOT
Cascade activation functions[5]      :   FANN_ELLIOT_SYMMETRIC
Cascade activation functions[6]      :   FANN_SIN_SYMMETRIC
Cascade activation functions[7]      :   FANN_COS_SYMMETRIC
Cascade activation functions[8]      :   FANN_SIN
Cascade activation functions[9]      :   FANN_COS
Cascade activation steepnesses[0]    :   0.250
Cascade activation steepnesses[1]    :   0.500
Cascade activation steepnesses[2]    :   0.750
Cascade activation steepnesses[3]    :   1.000
Cascade candidate groups             :   2
Cascade no. of candidates            :  80
Start training network with 2-algorithm in FANN
Max epochs     5000. Desired error: 0.0010000000.
Epochs            1. Current error: 0.0238811821. Bit fail 445.
Epochs          100. Current error: 0.0173727795. Bit fail 350.
Epochs          200. Current error: 0.0162929874. Bit fail 327.
Epochs          300. Current error: 0.0162155982. Bit fail 324.
Epochs          400. Current error: 0.0166289806. Bit fail 336.
Epochs          500. Current error: 0.0163098145. Bit fail 328.
Epochs          600. Current error: 0.0162483696. Bit fail 327.
Epochs          700. Current error: 0.0162399169. Bit fail 326.
Epochs          800. Current error: 0.0164356064. Bit fail 314.
Epochs          900. Current error: 0.0161822271. Bit fail 326.
Epochs         1000. Current error: 0.0162995160. Bit fail 325.
Epochs         1100. Current error: 0.0160745140. Bit fail 320.
Epochs         1200. Current error: 0.0160231218. Bit fail 318.
Epochs         1300. Current error: 0.0159724317. Bit fail 316.
Epochs         1400. Current error: 0.0161333736. Bit fail 320.
Epochs         1500. Current error: 0.0159638412. Bit fail 316.
Epochs         1600. Current error: 0.0159194805. Bit fail 305.
Epochs         1700. Current error: 0.0158982966. Bit fail 307.
Epochs         1800. Current error: 0.0157776736. Bit fail 302.
Epochs         1900. Current error: 0.0157031212. Bit fail 299.
Epochs         2000. Current error: 0.0158328824. Bit fail 300.
Epochs         2100. Current error: 0.0156546198. Bit fail 299.
Epochs         2200. Current error: 0.0156239290. Bit fail 297.
Epochs         2300. Current error: 0.0157809146. Bit fail 298.
Epochs         2400. Current error: 0.0156111456. Bit fail 291.
Epochs         2500. Current error: 0.0156219676. Bit fail 290.
Epochs         2600. Current error: 0.0155775761. Bit fail 288.
Epochs         2700. Current error: 0.0155036813. Bit fail 286.
Epochs         2800. Current error: 0.0155090867. Bit fail 286.
Epochs         2900. Current error: 0.0154700093. Bit fail 285.
Epochs         3000. Current error: 0.0155838458. Bit fail 287.
Epochs         3100. Current error: 0.0154640870. Bit fail 285.
Epochs         3200. Current error: 0.0154662151. Bit fail 284.
Epochs         3300. Current error: 0.0154862981. Bit fail 285.
Epochs         3400. Current error: 0.0154754668. Bit fail 284.
Epochs         3500. Current error: 0.0154639194. Bit fail 285.
Epochs         3600. Current error: 0.0154582029. Bit fail 284.
Epochs         3700. Current error: 0.0154531449. Bit fail 284.
Epochs         3800. Current error: 0.0154547719. Bit fail 284.
Epochs         3900. Current error: 0.0155224055. Bit fail 284.
Epochs         4000. Current error: 0.0155058913. Bit fail 283.
Epochs         4100. Current error: 0.0153464470. Bit fail 281.
Epochs         4200. Current error: 0.0153320953. Bit fail 279.
Epochs         4300. Current error: 0.0153239593. Bit fail 280.
Epochs         4400. Current error: 0.0153237106. Bit fail 280.
Epochs         4500. Current error: 0.0153952986. Bit fail 283.
Epochs         4600. Current error: 0.0154688889. Bit fail 285.
Epochs         4700. Current error: 0.0153771006. Bit fail 281.
Epochs         4800. Current error: 0.0154846571. Bit fail 283.
Epochs         4900. Current error: 0.0153103424. Bit fail 280.
Epochs         5000. Current error: 0.0153073035. Bit fail 281.
Time elpased for FANN training: 283.564414 seconds
Trained Network by GA+FANN is saved in 
./ALL_S6_959126400_hveto_channels_signif_dt_set_8_training_n70n10n1_c10_mr06_p10000_g2_rmin-50_rmax50_gsigma1_y14_f05g09_m5000.net.
Total Running Time: 1445.944065 seconds
