Creating network.
The layer structure is following:
[70, 10, 1]
Setting newtork parameters
Getting training data : ALL_S6_959126400_hveto_channels_signif_dt_set_1_training.pat
Setting GA training parameters
Start running GA
Gen. 0 (0.00%): Max/Min/Avg Fitness(Raw) [25.92(61.54)/19.38(1.02)/21.60(21.60)]
Gen. 1 (0.50%): Max/Min/Avg Fitness(Raw) [64.51(64.38)/0.00(1.02)/57.24(57.24)]
Gen. 2 (1.00%): Max/Min/Avg Fitness(Raw) [67.21(67.06)/0.00(1.02)/59.08(59.08)]
Gen. 3 (1.50%): Max/Min/Avg Fitness(Raw) [68.73(68.61)/0.00(1.02)/61.56(61.56)]
Gen. 4 (2.00%): Max/Min/Avg Fitness(Raw) [69.89(69.76)/0.00(1.02)/62.14(62.14)]
Gen. 5 (2.50%): Max/Min/Avg Fitness(Raw) [71.09(70.95)/0.00(1.02)/62.33(62.33)]
Gen. 6 (3.00%): Max/Min/Avg Fitness(Raw) [72.50(72.28)/0.00(1.02)/59.79(59.79)]
Gen. 7 (3.50%): Max/Min/Avg Fitness(Raw) [73.82(73.60)/0.00(1.02)/60.47(60.47)]
Gen. 8 (4.00%): Max/Min/Avg Fitness(Raw) [74.37(74.15)/0.00(1.02)/61.21(61.21)]
Gen. 9 (4.50%): Max/Min/Avg Fitness(Raw) [75.22(75.00)/0.00(1.02)/61.83(61.83)]
Gen. 10 (5.00%): Max/Min/Avg Fitness(Raw) [76.03(75.81)/0.00(1.02)/62.68(62.68)]
Gen. 11 (5.50%): Max/Min/Avg Fitness(Raw) [76.79(76.56)/0.00(1.02)/63.11(63.11)]
Gen. 12 (6.00%): Max/Min/Avg Fitness(Raw) [77.42(77.20)/0.00(1.02)/63.61(63.61)]
Gen. 13 (6.50%): Max/Min/Avg Fitness(Raw) [78.30(78.05)/0.00(1.02)/63.27(63.27)]
Gen. 14 (7.00%): Max/Min/Avg Fitness(Raw) [79.15(78.93)/0.00(1.02)/64.82(64.82)]
Gen. 15 (7.50%): Max/Min/Avg Fitness(Raw) [79.74(79.52)/0.00(1.02)/65.54(65.54)]
Gen. 16 (8.00%): Max/Min/Avg Fitness(Raw) [80.33(80.10)/0.00(1.02)/65.46(65.46)]
Gen. 17 (8.50%): Max/Min/Avg Fitness(Raw) [80.94(80.70)/0.00(1.02)/65.85(65.85)]
Gen. 18 (9.00%): Max/Min/Avg Fitness(Raw) [81.55(81.30)/0.00(1.02)/65.82(65.82)]
Gen. 19 (9.50%): Max/Min/Avg Fitness(Raw) [82.20(81.97)/0.00(1.02)/67.08(67.08)]
Gen. 20 (10.00%): Max/Min/Avg Fitness(Raw) [82.80(82.56)/0.00(1.02)/67.19(67.19)]
Gen. 21 (10.50%): Max/Min/Avg Fitness(Raw) [83.33(83.09)/0.00(1.02)/67.74(67.74)]
Gen. 22 (11.00%): Max/Min/Avg Fitness(Raw) [83.77(83.53)/0.00(1.02)/68.24(68.24)]
Gen. 23 (11.50%): Max/Min/Avg Fitness(Raw) [84.28(84.03)/0.00(1.02)/67.64(67.64)]
Gen. 24 (12.00%): Max/Min/Avg Fitness(Raw) [84.95(84.69)/0.00(1.02)/67.55(67.55)]
Gen. 25 (12.50%): Max/Min/Avg Fitness(Raw) [85.34(85.08)/0.00(1.02)/68.14(68.14)]
Gen. 26 (13.00%): Max/Min/Avg Fitness(Raw) [86.08(85.82)/0.00(1.02)/68.78(68.78)]
Gen. 27 (13.50%): Max/Min/Avg Fitness(Raw) [86.61(86.36)/0.00(1.02)/69.94(69.94)]
Gen. 28 (14.00%): Max/Min/Avg Fitness(Raw) [87.03(86.76)/0.00(1.02)/69.12(69.12)]
Gen. 29 (14.50%): Max/Min/Avg Fitness(Raw) [87.49(87.23)/0.00(1.02)/69.93(69.93)]
Gen. 30 (15.00%): Max/Min/Avg Fitness(Raw) [88.05(87.79)/0.00(1.02)/70.37(70.37)]
Gen. 31 (15.50%): Max/Min/Avg Fitness(Raw) [88.30(88.02)/0.00(1.02)/69.70(69.70)]
Gen. 32 (16.00%): Max/Min/Avg Fitness(Raw) [88.69(88.43)/0.00(1.02)/70.52(70.52)]
Gen. 33 (16.50%): Max/Min/Avg Fitness(Raw) [89.29(89.01)/0.00(1.02)/70.49(70.49)]
Gen. 34 (17.00%): Max/Min/Avg Fitness(Raw) [89.78(89.51)/0.00(1.02)/71.33(71.33)]
Gen. 35 (17.50%): Max/Min/Avg Fitness(Raw) [90.04(89.78)/0.00(1.02)/71.86(71.86)]
Gen. 36 (18.00%): Max/Min/Avg Fitness(Raw) [90.72(90.45)/0.00(1.02)/71.87(71.87)]
Gen. 37 (18.50%): Max/Min/Avg Fitness(Raw) [90.98(90.72)/0.00(1.02)/72.19(72.19)]
Gen. 38 (19.00%): Max/Min/Avg Fitness(Raw) [91.27(91.01)/0.00(1.02)/73.10(73.10)]
Gen. 39 (19.50%): Max/Min/Avg Fitness(Raw) [91.83(91.57)/0.00(1.02)/73.56(73.56)]
Gen. 40 (20.00%): Max/Min/Avg Fitness(Raw) [92.23(91.94)/0.00(1.02)/72.26(72.26)]
Gen. 41 (20.50%): Max/Min/Avg Fitness(Raw) [92.55(92.27)/0.00(1.02)/72.90(72.90)]
Gen. 42 (21.00%): Max/Min/Avg Fitness(Raw) [92.84(92.59)/0.00(1.02)/74.17(74.17)]
Gen. 43 (21.50%): Max/Min/Avg Fitness(Raw) [93.11(92.83)/0.00(1.02)/73.08(73.08)]
Gen. 44 (22.00%): Max/Min/Avg Fitness(Raw) [93.43(93.17)/0.00(1.02)/74.17(74.17)]
Gen. 45 (22.50%): Max/Min/Avg Fitness(Raw) [93.84(93.56)/0.00(1.02)/73.47(73.47)]
Gen. 46 (23.00%): Max/Min/Avg Fitness(Raw) [94.78(94.50)/0.00(1.02)/74.52(74.52)]
Gen. 47 (23.50%): Max/Min/Avg Fitness(Raw) [95.64(95.35)/0.00(1.02)/74.99(74.99)]
Gen. 48 (24.00%): Max/Min/Avg Fitness(Raw) [96.07(95.76)/0.00(1.02)/74.13(74.13)]
Gen. 49 (24.50%): Max/Min/Avg Fitness(Raw) [96.68(96.39)/0.00(1.02)/75.23(75.23)]
Gen. 50 (25.00%): Max/Min/Avg Fitness(Raw) [97.38(97.10)/0.00(1.02)/76.34(76.34)]
Gen. 51 (25.50%): Max/Min/Avg Fitness(Raw) [97.77(97.49)/0.00(1.02)/76.43(76.43)]
Gen. 52 (26.00%): Max/Min/Avg Fitness(Raw) [98.58(98.29)/0.00(1.02)/76.78(76.78)]
Gen. 53 (26.50%): Max/Min/Avg Fitness(Raw) [99.44(99.15)/0.00(1.02)/77.78(77.78)]
Gen. 54 (27.00%): Max/Min/Avg Fitness(Raw) [100.15(99.86)/0.00(1.02)/77.75(77.75)]
Gen. 55 (27.50%): Max/Min/Avg Fitness(Raw) [100.51(100.23)/0.00(1.02)/78.38(78.38)]
Gen. 56 (28.00%): Max/Min/Avg Fitness(Raw) [101.19(100.88)/0.00(1.02)/77.99(77.99)]
Gen. 57 (28.50%): Max/Min/Avg Fitness(Raw) [101.79(101.49)/0.00(1.02)/78.22(78.22)]
Gen. 58 (29.00%): Max/Min/Avg Fitness(Raw) [102.19(101.88)/0.00(1.02)/78.47(78.47)]
Gen. 59 (29.50%): Max/Min/Avg Fitness(Raw) [102.72(102.41)/0.00(1.02)/78.56(78.56)]
Gen. 60 (30.00%): Max/Min/Avg Fitness(Raw) [103.05(102.75)/0.00(1.02)/79.48(79.48)]
Gen. 61 (30.50%): Max/Min/Avg Fitness(Raw) [103.50(103.21)/0.00(1.02)/80.17(80.17)]
Gen. 62 (31.00%): Max/Min/Avg Fitness(Raw) [103.95(103.65)/0.00(1.02)/80.13(80.13)]
Gen. 63 (31.50%): Max/Min/Avg Fitness(Raw) [104.17(103.86)/0.00(1.02)/80.28(80.28)]
Gen. 64 (32.00%): Max/Min/Avg Fitness(Raw) [104.45(104.16)/0.00(1.02)/81.07(81.07)]
Gen. 65 (32.50%): Max/Min/Avg Fitness(Raw) [104.86(104.55)/0.00(1.02)/80.64(80.64)]
Gen. 66 (33.00%): Max/Min/Avg Fitness(Raw) [105.23(104.92)/0.00(1.02)/80.78(80.78)]
Gen. 67 (33.50%): Max/Min/Avg Fitness(Raw) [105.61(105.29)/0.00(1.02)/80.90(80.90)]
Gen. 68 (34.00%): Max/Min/Avg Fitness(Raw) [105.83(105.51)/0.00(1.02)/81.16(81.16)]
Gen. 69 (34.50%): Max/Min/Avg Fitness(Raw) [106.17(105.87)/0.00(1.02)/82.21(82.21)]
Gen. 70 (35.00%): Max/Min/Avg Fitness(Raw) [106.43(106.12)/0.00(1.02)/82.12(82.12)]
Gen. 71 (35.50%): Max/Min/Avg Fitness(Raw) [106.72(106.40)/0.00(1.02)/81.79(81.79)]
Gen. 72 (36.00%): Max/Min/Avg Fitness(Raw) [106.92(106.62)/0.00(1.02)/82.50(82.50)]
Gen. 73 (36.50%): Max/Min/Avg Fitness(Raw) [107.12(106.82)/0.00(1.02)/82.88(82.88)]
Gen. 74 (37.00%): Max/Min/Avg Fitness(Raw) [107.33(107.02)/0.00(1.02)/82.06(82.06)]
Gen. 75 (37.50%): Max/Min/Avg Fitness(Raw) [107.52(107.21)/0.00(1.02)/82.55(82.55)]
Gen. 76 (38.00%): Max/Min/Avg Fitness(Raw) [107.83(107.53)/0.00(1.02)/83.34(83.34)]
Gen. 77 (38.50%): Max/Min/Avg Fitness(Raw) [108.29(107.98)/0.00(1.02)/82.97(82.97)]
Gen. 78 (39.00%): Max/Min/Avg Fitness(Raw) [108.34(108.03)/0.00(1.02)/83.29(83.29)]
Gen. 79 (39.50%): Max/Min/Avg Fitness(Raw) [108.57(108.28)/0.00(1.02)/84.31(84.31)]
Gen. 80 (40.00%): Max/Min/Avg Fitness(Raw) [108.69(108.39)/0.00(1.02)/84.38(84.38)]
Gen. 81 (40.50%): Max/Min/Avg Fitness(Raw) [108.89(108.59)/0.00(1.02)/83.88(83.88)]
Gen. 82 (41.00%): Max/Min/Avg Fitness(Raw) [108.98(108.67)/0.00(1.02)/83.81(83.81)]
Gen. 83 (41.50%): Max/Min/Avg Fitness(Raw) [109.18(108.86)/0.00(1.02)/83.04(83.04)]
Gen. 84 (42.00%): Max/Min/Avg Fitness(Raw) [109.34(109.03)/0.00(1.02)/83.86(83.86)]
Gen. 85 (42.50%): Max/Min/Avg Fitness(Raw) [109.55(109.24)/0.00(1.02)/83.84(83.84)]
Gen. 86 (43.00%): Max/Min/Avg Fitness(Raw) [109.74(109.43)/0.00(1.02)/84.03(84.03)]
Gen. 87 (43.50%): Max/Min/Avg Fitness(Raw) [109.97(109.67)/0.00(1.02)/84.47(84.47)]
Gen. 88 (44.00%): Max/Min/Avg Fitness(Raw) [110.17(109.86)/0.00(1.02)/84.52(84.52)]
Gen. 89 (44.50%): Max/Min/Avg Fitness(Raw) [110.46(110.16)/0.00(1.02)/85.08(85.08)]
Gen. 90 (45.00%): Max/Min/Avg Fitness(Raw) [110.58(110.28)/0.00(1.02)/85.29(85.29)]
Gen. 91 (45.50%): Max/Min/Avg Fitness(Raw) [110.82(110.51)/0.00(1.02)/85.03(85.03)]
Gen. 92 (46.00%): Max/Min/Avg Fitness(Raw) [111.18(110.87)/0.00(1.02)/85.45(85.45)]
Gen. 93 (46.50%): Max/Min/Avg Fitness(Raw) [111.67(111.37)/0.00(1.02)/86.45(86.45)]
Gen. 94 (47.00%): Max/Min/Avg Fitness(Raw) [111.91(111.61)/0.00(1.02)/86.34(86.34)]
Gen. 95 (47.50%): Max/Min/Avg Fitness(Raw) [112.15(111.85)/0.00(1.02)/86.45(86.45)]
Gen. 96 (48.00%): Max/Min/Avg Fitness(Raw) [112.38(112.08)/0.00(1.02)/86.95(86.95)]
Gen. 97 (48.50%): Max/Min/Avg Fitness(Raw) [112.62(112.31)/0.00(1.02)/86.54(86.54)]
Gen. 98 (49.00%): Max/Min/Avg Fitness(Raw) [112.87(112.56)/0.00(1.02)/86.68(86.68)]
Gen. 99 (49.50%): Max/Min/Avg Fitness(Raw) [113.43(113.12)/0.00(1.02)/86.93(86.93)]
Gen. 100 (50.00%): Max/Min/Avg Fitness(Raw) [113.84(113.52)/0.00(1.02)/86.88(86.88)]
Gen. 101 (50.50%): Max/Min/Avg Fitness(Raw) [114.27(113.96)/0.00(1.02)/87.65(87.65)]
Gen. 102 (51.00%): Max/Min/Avg Fitness(Raw) [114.55(114.24)/0.00(1.02)/87.87(87.87)]
Gen. 103 (51.50%): Max/Min/Avg Fitness(Raw) [114.64(114.34)/0.00(1.02)/88.37(88.37)]
Gen. 104 (52.00%): Max/Min/Avg Fitness(Raw) [114.83(114.52)/0.00(1.02)/88.09(88.09)]
Gen. 105 (52.50%): Max/Min/Avg Fitness(Raw) [115.11(114.79)/0.00(1.02)/88.03(88.03)]
Gen. 106 (53.00%): Max/Min/Avg Fitness(Raw) [115.22(114.91)/0.00(1.02)/88.46(88.46)]
Gen. 107 (53.50%): Max/Min/Avg Fitness(Raw) [115.29(114.98)/0.00(1.02)/88.86(88.86)]
Gen. 108 (54.00%): Max/Min/Avg Fitness(Raw) [115.45(115.14)/0.00(1.02)/88.42(88.42)]
Gen. 109 (54.50%): Max/Min/Avg Fitness(Raw) [115.66(115.35)/0.00(1.02)/88.76(88.76)]
Gen. 110 (55.00%): Max/Min/Avg Fitness(Raw) [115.80(115.49)/0.00(1.02)/89.05(89.05)]
Gen. 111 (55.50%): Max/Min/Avg Fitness(Raw) [115.96(115.64)/0.00(1.02)/88.63(88.63)]
Gen. 112 (56.00%): Max/Min/Avg Fitness(Raw) [116.27(115.96)/0.00(1.02)/89.00(89.00)]
Gen. 113 (56.50%): Max/Min/Avg Fitness(Raw) [116.47(116.16)/0.00(1.02)/89.40(89.40)]
Gen. 114 (57.00%): Max/Min/Avg Fitness(Raw) [116.61(116.32)/0.00(1.02)/90.82(90.82)]
Gen. 115 (57.50%): Max/Min/Avg Fitness(Raw) [116.89(116.58)/0.00(1.02)/89.89(89.89)]
Gen. 116 (58.00%): Max/Min/Avg Fitness(Raw) [117.03(116.73)/0.00(1.02)/90.36(90.36)]
Gen. 117 (58.50%): Max/Min/Avg Fitness(Raw) [117.36(117.06)/0.00(1.02)/90.80(90.80)]
Gen. 118 (59.00%): Max/Min/Avg Fitness(Raw) [117.51(117.20)/0.00(1.02)/90.05(90.05)]
Gen. 119 (59.50%): Max/Min/Avg Fitness(Raw) [117.69(117.37)/0.00(1.02)/89.96(89.96)]
Gen. 120 (60.00%): Max/Min/Avg Fitness(Raw) [117.80(117.49)/0.00(1.02)/90.48(90.48)]
Gen. 121 (60.50%): Max/Min/Avg Fitness(Raw) [118.13(117.82)/0.00(1.02)/91.11(91.11)]
Gen. 122 (61.00%): Max/Min/Avg Fitness(Raw) [118.96(118.64)/0.00(1.02)/90.83(90.83)]
Gen. 123 (61.50%): Max/Min/Avg Fitness(Raw) [119.24(118.94)/0.00(1.02)/91.97(91.97)]
Gen. 124 (62.00%): Max/Min/Avg Fitness(Raw) [119.40(119.09)/0.00(1.02)/91.44(91.44)]
Gen. 125 (62.50%): Max/Min/Avg Fitness(Raw) [119.61(119.30)/0.00(1.02)/91.65(91.65)]
Gen. 126 (63.00%): Max/Min/Avg Fitness(Raw) [119.78(119.47)/0.00(1.02)/91.86(91.86)]
Gen. 127 (63.50%): Max/Min/Avg Fitness(Raw) [119.95(119.63)/0.00(1.02)/91.40(91.40)]
Gen. 128 (64.00%): Max/Min/Avg Fitness(Raw) [120.16(119.86)/0.00(1.02)/92.71(92.71)]
Gen. 129 (64.50%): Max/Min/Avg Fitness(Raw) [120.54(120.22)/0.00(1.02)/92.20(92.20)]
Gen. 130 (65.00%): Max/Min/Avg Fitness(Raw) [120.69(120.37)/0.00(1.02)/92.15(92.15)]
Gen. 131 (65.50%): Max/Min/Avg Fitness(Raw) [120.71(120.40)/0.00(1.02)/92.88(92.88)]
Gen. 132 (66.00%): Max/Min/Avg Fitness(Raw) [120.84(120.52)/0.00(1.02)/92.20(92.20)]
Gen. 133 (66.50%): Max/Min/Avg Fitness(Raw) [121.00(120.68)/0.00(1.02)/92.31(92.31)]
Gen. 134 (67.00%): Max/Min/Avg Fitness(Raw) [121.22(120.92)/0.00(1.02)/93.51(93.51)]
Gen. 135 (67.50%): Max/Min/Avg Fitness(Raw) [121.29(120.97)/0.00(1.02)/92.25(92.25)]
Gen. 136 (68.00%): Max/Min/Avg Fitness(Raw) [121.37(121.05)/0.00(1.02)/92.18(92.18)]
Gen. 137 (68.50%): Max/Min/Avg Fitness(Raw) [121.82(121.49)/0.00(1.02)/92.07(92.07)]
Gen. 138 (69.00%): Max/Min/Avg Fitness(Raw) [121.88(121.56)/0.00(1.02)/92.35(92.35)]
Gen. 139 (69.50%): Max/Min/Avg Fitness(Raw) [122.16(121.83)/0.00(1.02)/92.46(92.46)]
Gen. 140 (70.00%): Max/Min/Avg Fitness(Raw) [122.31(121.96)/0.00(1.02)/91.38(91.38)]
Gen. 141 (70.50%): Max/Min/Avg Fitness(Raw) [122.62(122.28)/0.00(1.02)/92.34(92.34)]
Gen. 142 (71.00%): Max/Min/Avg Fitness(Raw) [122.78(122.45)/0.00(1.02)/93.19(93.19)]
Gen. 143 (71.50%): Max/Min/Avg Fitness(Raw) [122.86(122.54)/0.00(1.02)/93.58(93.58)]
Gen. 144 (72.00%): Max/Min/Avg Fitness(Raw) [122.93(122.61)/0.00(1.02)/93.33(93.33)]
Gen. 145 (72.50%): Max/Min/Avg Fitness(Raw) [123.12(122.78)/0.00(1.02)/92.52(92.52)]
Gen. 146 (73.00%): Max/Min/Avg Fitness(Raw) [123.33(123.00)/0.00(1.02)/93.33(93.33)]
Gen. 147 (73.50%): Max/Min/Avg Fitness(Raw) [123.40(123.08)/0.00(1.02)/94.36(94.36)]
Gen. 148 (74.00%): Max/Min/Avg Fitness(Raw) [123.83(123.49)/0.00(1.02)/93.29(93.29)]
Gen. 149 (74.50%): Max/Min/Avg Fitness(Raw) [123.92(123.60)/0.00(1.02)/94.58(94.58)]
Gen. 150 (75.00%): Max/Min/Avg Fitness(Raw) [124.04(123.71)/0.00(1.02)/93.71(93.71)]
Gen. 151 (75.50%): Max/Min/Avg Fitness(Raw) [124.08(123.75)/0.00(1.02)/93.97(93.97)]
Gen. 152 (76.00%): Max/Min/Avg Fitness(Raw) [124.18(123.86)/0.00(1.02)/94.52(94.52)]
Gen. 153 (76.50%): Max/Min/Avg Fitness(Raw) [124.33(124.00)/0.00(1.02)/94.37(94.37)]
Gen. 154 (77.00%): Max/Min/Avg Fitness(Raw) [124.37(124.04)/0.00(1.02)/94.21(94.21)]
Gen. 155 (77.50%): Max/Min/Avg Fitness(Raw) [124.52(124.20)/0.00(1.02)/94.58(94.58)]
Gen. 156 (78.00%): Max/Min/Avg Fitness(Raw) [124.61(124.30)/0.00(1.02)/95.23(95.23)]
Gen. 157 (78.50%): Max/Min/Avg Fitness(Raw) [124.81(124.48)/0.00(1.02)/94.65(94.65)]
Gen. 158 (79.00%): Max/Min/Avg Fitness(Raw) [124.86(124.55)/0.00(1.02)/95.69(95.69)]
Gen. 159 (79.50%): Max/Min/Avg Fitness(Raw) [125.04(124.73)/0.00(1.02)/95.55(95.55)]
Gen. 160 (80.00%): Max/Min/Avg Fitness(Raw) [125.12(124.79)/0.00(1.02)/95.27(95.27)]
Gen. 161 (80.50%): Max/Min/Avg Fitness(Raw) [125.16(124.85)/0.00(1.02)/95.80(95.80)]
Gen. 162 (81.00%): Max/Min/Avg Fitness(Raw) [125.17(124.85)/0.00(1.02)/95.08(95.08)]
Gen. 163 (81.50%): Max/Min/Avg Fitness(Raw) [125.21(124.89)/0.00(1.02)/95.42(95.42)]
Gen. 164 (82.00%): Max/Min/Avg Fitness(Raw) [125.34(125.02)/0.00(1.02)/95.65(95.65)]
Gen. 165 (82.50%): Max/Min/Avg Fitness(Raw) [125.37(125.05)/0.00(1.02)/95.77(95.77)]
Gen. 166 (83.00%): Max/Min/Avg Fitness(Raw) [125.53(125.20)/0.00(1.02)/95.34(95.34)]
Gen. 167 (83.50%): Max/Min/Avg Fitness(Raw) [125.62(125.29)/0.00(1.02)/95.14(95.14)]
Gen. 168 (84.00%): Max/Min/Avg Fitness(Raw) [125.72(125.39)/0.00(1.02)/95.49(95.49)]
Gen. 169 (84.50%): Max/Min/Avg Fitness(Raw) [125.82(125.49)/0.00(1.02)/95.27(95.27)]
Gen. 170 (85.00%): Max/Min/Avg Fitness(Raw) [125.96(125.63)/0.00(1.02)/95.68(95.68)]
Gen. 171 (85.50%): Max/Min/Avg Fitness(Raw) [125.96(125.65)/0.00(1.02)/96.55(96.55)]
Gen. 172 (86.00%): Max/Min/Avg Fitness(Raw) [126.02(125.70)/0.00(1.02)/95.58(95.58)]
Gen. 173 (86.50%): Max/Min/Avg Fitness(Raw) [126.07(125.76)/0.00(1.02)/96.48(96.48)]
Gen. 174 (87.00%): Max/Min/Avg Fitness(Raw) [126.28(125.96)/0.00(1.02)/96.07(96.07)]
Gen. 175 (87.50%): Max/Min/Avg Fitness(Raw) [126.28(125.96)/0.00(1.02)/96.12(96.12)]
Gen. 176 (88.00%): Max/Min/Avg Fitness(Raw) [126.30(125.97)/0.00(1.02)/95.52(95.52)]
Gen. 177 (88.50%): Max/Min/Avg Fitness(Raw) [126.40(126.08)/0.00(1.02)/96.35(96.35)]
Gen. 178 (89.00%): Max/Min/Avg Fitness(Raw) [126.47(126.15)/0.00(1.02)/96.13(96.13)]
Gen. 179 (89.50%): Max/Min/Avg Fitness(Raw) [126.48(126.16)/0.00(1.02)/96.17(96.17)]
Gen. 180 (90.00%): Max/Min/Avg Fitness(Raw) [126.53(126.20)/0.00(1.02)/96.24(96.24)]
Gen. 181 (90.50%): Max/Min/Avg Fitness(Raw) [126.60(126.28)/0.00(1.02)/96.03(96.03)]
Gen. 182 (91.00%): Max/Min/Avg Fitness(Raw) [126.65(126.32)/0.00(1.02)/96.22(96.22)]
Gen. 183 (91.50%): Max/Min/Avg Fitness(Raw) [126.75(126.43)/0.00(1.02)/96.95(96.95)]
Gen. 184 (92.00%): Max/Min/Avg Fitness(Raw) [126.95(126.64)/0.00(1.02)/96.85(96.85)]
Gen. 185 (92.50%): Max/Min/Avg Fitness(Raw) [126.95(126.64)/0.00(1.02)/96.84(96.84)]
Gen. 186 (93.00%): Max/Min/Avg Fitness(Raw) [127.40(127.07)/0.00(1.02)/96.00(96.00)]
Gen. 187 (93.50%): Max/Min/Avg Fitness(Raw) [127.46(127.13)/0.00(1.02)/96.91(96.91)]
Gen. 188 (94.00%): Max/Min/Avg Fitness(Raw) [127.69(127.35)/0.00(1.02)/95.75(95.75)]
Gen. 189 (94.50%): Max/Min/Avg Fitness(Raw) [127.70(127.36)/0.00(1.02)/96.05(96.05)]
Gen. 190 (95.00%): Max/Min/Avg Fitness(Raw) [127.76(127.44)/0.00(1.02)/97.13(97.13)]
Gen. 191 (95.50%): Max/Min/Avg Fitness(Raw) [127.80(127.46)/0.00(1.02)/95.55(95.55)]
Gen. 192 (96.00%): Max/Min/Avg Fitness(Raw) [127.85(127.52)/0.00(1.02)/96.61(96.61)]
Gen. 193 (96.50%): Max/Min/Avg Fitness(Raw) [127.93(127.61)/0.00(1.02)/97.33(97.33)]
Gen. 194 (97.00%): Max/Min/Avg Fitness(Raw) [128.13(127.80)/0.00(1.02)/96.81(96.81)]
Gen. 195 (97.50%): Max/Min/Avg Fitness(Raw) [128.38(128.05)/0.00(1.02)/97.36(97.36)]
Gen. 196 (98.00%): Max/Min/Avg Fitness(Raw) [128.89(128.56)/0.00(1.02)/97.44(97.44)]
Gen. 197 (98.50%): Max/Min/Avg Fitness(Raw) [128.90(128.57)/0.00(1.02)/96.89(96.89)]
Gen. 198 (99.00%): Max/Min/Avg Fitness(Raw) [128.97(128.65)/0.00(1.02)/98.07(98.07)]
Gen. 199 (99.50%): Max/Min/Avg Fitness(Raw) [129.31(128.98)/0.00(1.02)/97.73(97.73)]
Gen. 200 (100.00%): Max/Min/Avg Fitness(Raw) [129.33(128.99)/0.00(1.02)/96.71(96.71)]
Total time elapsed: 38529.547 seconds.
GA MSE : 0.392351
Best initial connection wetighs are set on Network
Setting FANN training parameters
Input layer                          :  70 neurons, 1 bias
  Hidden layer                       :  10 neurons, 1 bias
Output layer                         :   1 neurons
Total neurons and biases             :  83
Total connections                    : 721
Connection rate                      :   1.000
Network type                         :   FANN_NETTYPE_LAYER
Training algorithm                   :   FANN_TRAIN_RPROP
Training error function              :   FANN_ERRORFUNC_TANH
Training stop function               :   FANN_STOPFUNC_MSE
Bit fail limit                       :   0.350
Learning rate                        :   0.700
Learning momentum                    :   0.000
Quickprop decay                      :  -0.000100
Quickprop mu                         :   1.750
RPROP increase factor                :   1.001
RPROP decrease factor                :   0.500
RPROP delta min                      :   0.000
RPROP delta max                      :  50.000
Cascade output change fraction       :   0.010000
Cascade candidate change fraction    :   0.010000
Cascade output stagnation epochs     :  12
Cascade candidate stagnation epochs  :  12
Cascade max output epochs            : 150
Cascade max candidate epochs         : 150
Cascade weight multiplier            :   0.400
Cascade candidate limit              :1000.000
Cascade activation functions[0]      :   FANN_SIGMOID
Cascade activation functions[1]      :   FANN_SIGMOID_SYMMETRIC
Cascade activation functions[2]      :   FANN_GAUSSIAN
Cascade activation functions[3]      :   FANN_GAUSSIAN_SYMMETRIC
Cascade activation functions[4]      :   FANN_ELLIOT
Cascade activation functions[5]      :   FANN_ELLIOT_SYMMETRIC
Cascade activation functions[6]      :   FANN_SIN_SYMMETRIC
Cascade activation functions[7]      :   FANN_COS_SYMMETRIC
Cascade activation functions[8]      :   FANN_SIN
Cascade activation functions[9]      :   FANN_COS
Cascade activation steepnesses[0]    :   0.250
Cascade activation steepnesses[1]    :   0.500
Cascade activation steepnesses[2]    :   0.750
Cascade activation steepnesses[3]    :   1.000
Cascade candidate groups             :   2
Cascade no. of candidates            :  80
Start training network with 2-algorithm in FANN
Max epochs     8000. Desired error: 0.0010000000.
Epochs            1. Current error: 0.0077526150. Bit fail 140.
Epochs          100. Current error: 0.0080361785. Bit fail 157.
Epochs          200. Current error: 0.0078206519. Bit fail 155.
Epochs          300. Current error: 0.0077013113. Bit fail 149.
Epochs          400. Current error: 0.0074340403. Bit fail 146.
Epochs          500. Current error: 0.0073156743. Bit fail 144.
Epochs          600. Current error: 0.0072723613. Bit fail 145.
Epochs          700. Current error: 0.0071216109. Bit fail 142.
Epochs          800. Current error: 0.0070859389. Bit fail 140.
Epochs          900. Current error: 0.0070321285. Bit fail 140.
Epochs         1000. Current error: 0.0069771861. Bit fail 139.
Epochs         1100. Current error: 0.0068763779. Bit fail 137.
Epochs         1200. Current error: 0.0068103122. Bit fail 134.
Epochs         1300. Current error: 0.0067669796. Bit fail 133.
Epochs         1400. Current error: 0.0067117503. Bit fail 131.
Epochs         1500. Current error: 0.0066599608. Bit fail 132.
Epochs         1600. Current error: 0.0065889657. Bit fail 127.
Epochs         1700. Current error: 0.0065522357. Bit fail 127.
Epochs         1800. Current error: 0.0065249293. Bit fail 126.
Epochs         1900. Current error: 0.0065042395. Bit fail 127.
Epochs         2000. Current error: 0.0064819055. Bit fail 125.
Epochs         2100. Current error: 0.0064186021. Bit fail 126.
Epochs         2200. Current error: 0.0063821943. Bit fail 124.
Epochs         2300. Current error: 0.0063504865. Bit fail 122.
Epochs         2400. Current error: 0.0063604461. Bit fail 123.
Epochs         2500. Current error: 0.0063227117. Bit fail 121.
Epochs         2600. Current error: 0.0062480248. Bit fail 118.
Epochs         2700. Current error: 0.0062019564. Bit fail 118.
Epochs         2800. Current error: 0.0060870312. Bit fail 115.
Epochs         2900. Current error: 0.0060414337. Bit fail 110.
Epochs         3000. Current error: 0.0060191816. Bit fail 110.
Epochs         3100. Current error: 0.0059940112. Bit fail 110.
Epochs         3200. Current error: 0.0059714802. Bit fail 111.
Epochs         3300. Current error: 0.0059015909. Bit fail 112.
Epochs         3400. Current error: 0.0058866660. Bit fail 110.
Epochs         3500. Current error: 0.0058578178. Bit fail 109.
Epochs         3600. Current error: 0.0058361855. Bit fail 107.
Epochs         3700. Current error: 0.0058242376. Bit fail 108.
Epochs         3800. Current error: 0.0058295755. Bit fail 106.
Epochs         3900. Current error: 0.0058201314. Bit fail 106.
Epochs         4000. Current error: 0.0057936176. Bit fail 106.
Epochs         4100. Current error: 0.0057726852. Bit fail 106.
Epochs         4200. Current error: 0.0057515055. Bit fail 106.
Epochs         4300. Current error: 0.0057360288. Bit fail 104.
Epochs         4400. Current error: 0.0057159415. Bit fail 103.
Epochs         4500. Current error: 0.0056960941. Bit fail 102.
Epochs         4600. Current error: 0.0056798421. Bit fail 102.
Epochs         4700. Current error: 0.0056526717. Bit fail 102.
Epochs         4800. Current error: 0.0056154905. Bit fail 102.
Epochs         4900. Current error: 0.0055860877. Bit fail 103.
Epochs         5000. Current error: 0.0055611595. Bit fail 101.
Epochs         5100. Current error: 0.0055359821. Bit fail 101.
Epochs         5200. Current error: 0.0055128797. Bit fail 101.
Epochs         5300. Current error: 0.0054928199. Bit fail 99.
Epochs         5400. Current error: 0.0054892325. Bit fail 100.
Epochs         5500. Current error: 0.0054764720. Bit fail 99.
Epochs         5600. Current error: 0.0054582208. Bit fail 99.
Epochs         5700. Current error: 0.0054471279. Bit fail 98.
Epochs         5800. Current error: 0.0054350123. Bit fail 97.
Epochs         5900. Current error: 0.0054243598. Bit fail 98.
Epochs         6000. Current error: 0.0054111038. Bit fail 98.
Epochs         6100. Current error: 0.0053988253. Bit fail 100.
Epochs         6200. Current error: 0.0053812978. Bit fail 101.
Epochs         6300. Current error: 0.0053680474. Bit fail 101.
Epochs         6400. Current error: 0.0053572929. Bit fail 100.
Epochs         6500. Current error: 0.0053457250. Bit fail 97.
Epochs         6600. Current error: 0.0053282948. Bit fail 96.
Epochs         6700. Current error: 0.0053159585. Bit fail 96.
Epochs         6800. Current error: 0.0053031296. Bit fail 95.
Epochs         6900. Current error: 0.0052899197. Bit fail 95.
Epochs         7000. Current error: 0.0052832365. Bit fail 94.
Epochs         7100. Current error: 0.0052713105. Bit fail 94.
Epochs         7200. Current error: 0.0052557117. Bit fail 93.
Epochs         7300. Current error: 0.0052457033. Bit fail 94.
Epochs         7400. Current error: 0.0052276421. Bit fail 94.
Epochs         7500. Current error: 0.0052084322. Bit fail 94.
Epochs         7600. Current error: 0.0051854183. Bit fail 94.
Epochs         7700. Current error: 0.0051700268. Bit fail 95.
Epochs         7800. Current error: 0.0051626661. Bit fail 93.
Epochs         7900. Current error: 0.0051448857. Bit fail 94.
Epochs         8000. Current error: 0.0051345173. Bit fail 94.
Time elpased for FANN training: 453.680383 seconds
Trained Network by GA+FANN is saved in 
./ALL_S6_959126400_hveto_channels_signif_dt_set_1_training_n70n10n1_c10_mr04_p5000_g200_rmin-25_rmax25_gsigma1_y1001_z05_f05g09_m8000.net.
Total Running Time: 38983.631549 seconds
