Creating network.
The layer structure is following:
[70, 10, 1]
Setting newtork parameters
Getting training data : ALL_S6_959126400_hveto_channels_signif_dt_set_9_training.pat
Setting GA training parameters
Start running GA
Gen. 0 (0.00%): Max/Min/Avg Fitness(Raw) [25.00(62.02)/18.83(1.02)/20.84(20.84)]
Gen. 1 (1.00%): Max/Min/Avg Fitness(Raw) [66.35(66.22)/0.00(1.02)/59.18(59.18)]
Gen. 2 (2.00%): Max/Min/Avg Fitness(Raw) [69.97(69.84)/0.00(1.02)/62.12(62.12)]
Gen. 3 (3.00%): Max/Min/Avg Fitness(Raw) [72.91(72.78)/0.00(1.02)/64.68(64.68)]
Gen. 4 (4.00%): Max/Min/Avg Fitness(Raw) [75.17(75.05)/0.00(1.02)/67.36(67.36)]
Gen. 5 (5.00%): Max/Min/Avg Fitness(Raw) [76.27(76.16)/0.00(1.02)/68.67(68.67)]
Gen. 6 (6.00%): Max/Min/Avg Fitness(Raw) [77.09(76.99)/0.00(1.02)/70.19(70.19)]
Gen. 7 (7.00%): Max/Min/Avg Fitness(Raw) [77.82(77.72)/0.00(1.02)/70.85(70.85)]
Gen. 8 (8.00%): Max/Min/Avg Fitness(Raw) [79.84(79.72)/0.00(1.02)/71.63(71.63)]
Gen. 9 (9.00%): Max/Min/Avg Fitness(Raw) [80.68(80.57)/0.00(1.02)/73.11(73.11)]
Gen. 10 (10.00%): Max/Min/Avg Fitness(Raw) [81.29(81.20)/0.00(1.02)/74.28(74.28)]
Gen. 11 (11.00%): Max/Min/Avg Fitness(Raw) [82.40(82.29)/0.00(1.02)/74.31(74.31)]
Gen. 12 (12.00%): Max/Min/Avg Fitness(Raw) [83.14(83.03)/0.00(1.02)/75.28(75.28)]
Gen. 13 (13.00%): Max/Min/Avg Fitness(Raw) [83.87(83.77)/0.00(1.02)/76.11(76.11)]
Gen. 14 (14.00%): Max/Min/Avg Fitness(Raw) [84.36(84.26)/0.00(1.02)/76.74(76.74)]
Gen. 15 (15.00%): Max/Min/Avg Fitness(Raw) [85.26(85.15)/0.00(1.02)/77.40(77.40)]
Gen. 16 (16.00%): Max/Min/Avg Fitness(Raw) [86.01(85.90)/0.00(1.02)/77.98(77.98)]
Gen. 17 (17.00%): Max/Min/Avg Fitness(Raw) [86.60(86.49)/0.00(1.02)/78.71(78.71)]
Gen. 18 (18.00%): Max/Min/Avg Fitness(Raw) [87.31(87.21)/0.00(1.02)/79.18(79.18)]
Gen. 19 (19.00%): Max/Min/Avg Fitness(Raw) [88.51(88.40)/0.00(1.02)/79.94(79.94)]
Gen. 20 (20.00%): Max/Min/Avg Fitness(Raw) [89.51(89.40)/0.00(1.02)/81.00(81.00)]
Gen. 21 (21.00%): Max/Min/Avg Fitness(Raw) [90.53(90.42)/0.00(1.02)/81.44(81.44)]
Gen. 22 (22.00%): Max/Min/Avg Fitness(Raw) [91.27(91.16)/0.00(1.02)/82.54(82.54)]
Gen. 23 (23.00%): Max/Min/Avg Fitness(Raw) [92.01(91.90)/0.00(1.02)/83.18(83.18)]
Gen. 24 (24.00%): Max/Min/Avg Fitness(Raw) [92.76(92.65)/0.00(1.02)/83.75(83.75)]
Gen. 25 (25.00%): Max/Min/Avg Fitness(Raw) [93.53(93.42)/0.00(1.02)/84.34(84.34)]
Gen. 26 (26.00%): Max/Min/Avg Fitness(Raw) [94.36(94.25)/0.00(1.02)/85.40(85.40)]
Gen. 27 (27.00%): Max/Min/Avg Fitness(Raw) [95.33(95.22)/0.00(1.02)/85.83(85.83)]
Gen. 28 (28.00%): Max/Min/Avg Fitness(Raw) [96.23(96.12)/0.00(1.02)/86.87(86.87)]
Gen. 29 (29.00%): Max/Min/Avg Fitness(Raw) [97.08(96.97)/0.00(1.02)/87.26(87.26)]
Gen. 30 (30.00%): Max/Min/Avg Fitness(Raw) [97.73(97.61)/0.00(1.02)/87.74(87.74)]
Gen. 31 (31.00%): Max/Min/Avg Fitness(Raw) [98.36(98.25)/0.00(1.02)/88.50(88.50)]
Gen. 32 (32.00%): Max/Min/Avg Fitness(Raw) [99.02(98.90)/0.00(1.02)/88.85(88.85)]
Gen. 33 (33.00%): Max/Min/Avg Fitness(Raw) [99.77(99.65)/0.00(1.02)/89.44(89.44)]
Gen. 34 (34.00%): Max/Min/Avg Fitness(Raw) [100.35(100.24)/0.00(1.02)/90.38(90.38)]
Gen. 35 (35.00%): Max/Min/Avg Fitness(Raw) [100.78(100.66)/0.00(1.02)/90.63(90.63)]
Gen. 36 (36.00%): Max/Min/Avg Fitness(Raw) [101.24(101.12)/0.00(1.02)/90.76(90.76)]
Gen. 37 (37.00%): Max/Min/Avg Fitness(Raw) [101.60(101.48)/0.00(1.02)/90.75(90.75)]
Gen. 38 (38.00%): Max/Min/Avg Fitness(Raw) [101.97(101.85)/0.00(1.02)/91.40(91.40)]
Gen. 39 (39.00%): Max/Min/Avg Fitness(Raw) [102.49(102.38)/0.00(1.02)/92.41(92.41)]
Gen. 40 (40.00%): Max/Min/Avg Fitness(Raw) [103.01(102.90)/0.00(1.02)/92.65(92.65)]
Gen. 41 (41.00%): Max/Min/Avg Fitness(Raw) [103.79(103.67)/0.00(1.02)/93.40(93.40)]
Gen. 42 (42.00%): Max/Min/Avg Fitness(Raw) [104.56(104.44)/0.00(1.02)/93.75(93.75)]
Gen. 43 (43.00%): Max/Min/Avg Fitness(Raw) [105.11(104.99)/0.00(1.02)/94.45(94.45)]
Gen. 44 (44.00%): Max/Min/Avg Fitness(Raw) [105.84(105.73)/0.00(1.02)/95.28(95.28)]
Gen. 45 (45.00%): Max/Min/Avg Fitness(Raw) [106.36(106.24)/0.00(1.02)/95.38(95.38)]
Gen. 46 (46.00%): Max/Min/Avg Fitness(Raw) [106.83(106.71)/0.00(1.02)/95.90(95.90)]
Gen. 47 (47.00%): Max/Min/Avg Fitness(Raw) [107.27(107.16)/0.00(1.02)/96.34(96.34)]
Gen. 48 (48.00%): Max/Min/Avg Fitness(Raw) [107.96(107.85)/0.00(1.02)/96.77(96.77)]
Gen. 49 (49.00%): Max/Min/Avg Fitness(Raw) [108.40(108.28)/0.00(1.02)/97.01(97.01)]
Gen. 50 (50.00%): Max/Min/Avg Fitness(Raw) [108.84(108.73)/0.00(1.02)/97.90(97.90)]
Gen. 51 (51.00%): Max/Min/Avg Fitness(Raw) [109.37(109.25)/0.00(1.02)/98.14(98.14)]
Gen. 52 (52.00%): Max/Min/Avg Fitness(Raw) [109.92(109.80)/0.00(1.02)/98.69(98.69)]
Gen. 53 (53.00%): Max/Min/Avg Fitness(Raw) [110.47(110.35)/0.00(1.02)/98.92(98.92)]
Gen. 54 (54.00%): Max/Min/Avg Fitness(Raw) [110.99(110.86)/0.00(1.02)/99.06(99.06)]
Gen. 55 (55.00%): Max/Min/Avg Fitness(Raw) [111.50(111.38)/0.00(1.02)/99.93(99.93)]
Gen. 56 (56.00%): Max/Min/Avg Fitness(Raw) [112.19(112.06)/0.00(1.02)/100.28(100.28)]
Gen. 57 (57.00%): Max/Min/Avg Fitness(Raw) [112.76(112.64)/0.00(1.02)/100.56(100.56)]
Gen. 58 (58.00%): Max/Min/Avg Fitness(Raw) [113.32(113.19)/0.00(1.02)/100.85(100.85)]
Gen. 59 (59.00%): Max/Min/Avg Fitness(Raw) [113.69(113.57)/0.00(1.02)/101.35(101.35)]
Gen. 60 (60.00%): Max/Min/Avg Fitness(Raw) [114.19(114.06)/0.00(1.02)/101.37(101.37)]
Gen. 61 (61.00%): Max/Min/Avg Fitness(Raw) [114.99(114.85)/0.00(1.02)/101.77(101.77)]
Gen. 62 (62.00%): Max/Min/Avg Fitness(Raw) [115.43(115.30)/0.00(1.02)/102.59(102.59)]
Gen. 63 (63.00%): Max/Min/Avg Fitness(Raw) [115.83(115.71)/0.00(1.02)/103.23(103.23)]
Gen. 64 (64.00%): Max/Min/Avg Fitness(Raw) [116.22(116.10)/0.00(1.02)/103.88(103.88)]
Gen. 65 (65.00%): Max/Min/Avg Fitness(Raw) [116.75(116.62)/0.00(1.02)/103.48(103.48)]
Gen. 66 (66.00%): Max/Min/Avg Fitness(Raw) [117.05(116.92)/0.00(1.02)/104.18(104.18)]
Gen. 67 (67.00%): Max/Min/Avg Fitness(Raw) [117.64(117.51)/0.00(1.02)/104.68(104.68)]
Gen. 68 (68.00%): Max/Min/Avg Fitness(Raw) [117.90(117.78)/0.00(1.02)/104.89(104.89)]
Gen. 69 (69.00%): Max/Min/Avg Fitness(Raw) [118.27(118.14)/0.00(1.02)/105.21(105.21)]
Gen. 70 (70.00%): Max/Min/Avg Fitness(Raw) [118.49(118.37)/0.00(1.02)/105.37(105.37)]
Gen. 71 (71.00%): Max/Min/Avg Fitness(Raw) [118.80(118.68)/0.00(1.02)/105.93(105.93)]
Gen. 72 (72.00%): Max/Min/Avg Fitness(Raw) [119.06(118.93)/0.00(1.02)/105.44(105.44)]
Gen. 73 (73.00%): Max/Min/Avg Fitness(Raw) [119.31(119.17)/0.00(1.02)/105.75(105.75)]
Gen. 74 (74.00%): Max/Min/Avg Fitness(Raw) [119.56(119.42)/0.00(1.02)/105.79(105.79)]
Gen. 75 (75.00%): Max/Min/Avg Fitness(Raw) [119.85(119.72)/0.00(1.02)/106.22(106.22)]
Gen. 76 (76.00%): Max/Min/Avg Fitness(Raw) [120.15(120.02)/0.00(1.02)/106.33(106.33)]
Gen. 77 (77.00%): Max/Min/Avg Fitness(Raw) [120.95(120.81)/0.00(1.02)/106.16(106.16)]
Gen. 78 (78.00%): Max/Min/Avg Fitness(Raw) [121.24(121.11)/0.00(1.02)/107.67(107.67)]
Gen. 79 (79.00%): Max/Min/Avg Fitness(Raw) [121.47(121.34)/0.00(1.02)/107.27(107.27)]
Gen. 80 (80.00%): Max/Min/Avg Fitness(Raw) [121.63(121.50)/0.00(1.02)/108.07(108.07)]
Gen. 81 (81.00%): Max/Min/Avg Fitness(Raw) [121.80(121.67)/0.00(1.02)/107.98(107.98)]
Gen. 82 (82.00%): Max/Min/Avg Fitness(Raw) [122.01(121.88)/0.00(1.02)/108.22(108.22)]
Gen. 83 (83.00%): Max/Min/Avg Fitness(Raw) [122.24(122.11)/0.00(1.02)/108.44(108.44)]
Gen. 84 (84.00%): Max/Min/Avg Fitness(Raw) [122.86(122.72)/0.00(1.02)/108.04(108.04)]
Gen. 85 (85.00%): Max/Min/Avg Fitness(Raw) [123.24(123.11)/0.00(1.02)/108.80(108.80)]
Gen. 86 (86.00%): Max/Min/Avg Fitness(Raw) [123.44(123.31)/0.00(1.02)/108.88(108.88)]
Gen. 87 (87.00%): Max/Min/Avg Fitness(Raw) [123.68(123.55)/0.00(1.02)/109.53(109.53)]
Gen. 88 (88.00%): Max/Min/Avg Fitness(Raw) [123.95(123.82)/0.00(1.02)/110.05(110.05)]
Gen. 89 (89.00%): Max/Min/Avg Fitness(Raw) [124.38(124.25)/0.00(1.02)/109.74(109.74)]
Gen. 90 (90.00%): Max/Min/Avg Fitness(Raw) [124.73(124.59)/0.00(1.02)/110.02(110.02)]
Gen. 91 (91.00%): Max/Min/Avg Fitness(Raw) [125.01(124.87)/0.00(1.02)/110.56(110.56)]
Gen. 92 (92.00%): Max/Min/Avg Fitness(Raw) [125.40(125.26)/0.00(1.02)/110.70(110.70)]
Gen. 93 (93.00%): Max/Min/Avg Fitness(Raw) [125.64(125.51)/0.00(1.02)/110.73(110.73)]
Gen. 94 (94.00%): Max/Min/Avg Fitness(Raw) [125.96(125.82)/0.00(1.02)/111.12(111.12)]
Gen. 95 (95.00%): Max/Min/Avg Fitness(Raw) [126.20(126.06)/0.00(1.02)/111.40(111.40)]
Gen. 96 (96.00%): Max/Min/Avg Fitness(Raw) [126.72(126.59)/0.00(1.02)/111.98(111.98)]
Gen. 97 (97.00%): Max/Min/Avg Fitness(Raw) [127.14(127.01)/0.00(1.02)/111.94(111.94)]
Gen. 98 (98.00%): Max/Min/Avg Fitness(Raw) [127.39(127.25)/0.00(1.02)/112.46(112.46)]
Gen. 99 (99.00%): Max/Min/Avg Fitness(Raw) [128.12(127.98)/0.00(1.02)/112.62(112.62)]
Gen. 100 (100.00%): Max/Min/Avg Fitness(Raw) [128.33(128.19)/0.00(1.02)/113.22(113.22)]
Total time elapsed: 32260.104 seconds.
GA MSE : 0.008137
Best initial connection wetighs are set on Network
Setting FANN training parameters
Input layer                          :  70 neurons, 1 bias
  Hidden layer                       :  10 neurons, 1 bias
Output layer                         :   1 neurons
Total neurons and biases             :  83
Total connections                    : 721
Connection rate                      :   1.000
Network type                         :   FANN_NETTYPE_LAYER
Training algorithm                   :   FANN_TRAIN_RPROP
Training error function              :   FANN_ERRORFUNC_TANH
Training stop function               :   FANN_STOPFUNC_MSE
Bit fail limit                       :   0.350
Learning rate                        :   0.700
Learning momentum                    :   0.000
Quickprop decay                      :  -0.000100
Quickprop mu                         :   1.750
RPROP increase factor                :   1.001
RPROP decrease factor                :   0.500
RPROP delta min                      :   0.000
RPROP delta max                      :  50.000
Cascade output change fraction       :   0.010000
Cascade candidate change fraction    :   0.010000
Cascade output stagnation epochs     :  12
Cascade candidate stagnation epochs  :  12
Cascade max output epochs            : 150
Cascade max candidate epochs         : 150
Cascade weight multiplier            :   0.400
Cascade candidate limit              :1000.000
Cascade activation functions[0]      :   FANN_SIGMOID
Cascade activation functions[1]      :   FANN_SIGMOID_SYMMETRIC
Cascade activation functions[2]      :   FANN_GAUSSIAN
Cascade activation functions[3]      :   FANN_GAUSSIAN_SYMMETRIC
Cascade activation functions[4]      :   FANN_ELLIOT
Cascade activation functions[5]      :   FANN_ELLIOT_SYMMETRIC
Cascade activation functions[6]      :   FANN_SIN_SYMMETRIC
Cascade activation functions[7]      :   FANN_COS_SYMMETRIC
Cascade activation functions[8]      :   FANN_SIN
Cascade activation functions[9]      :   FANN_COS
Cascade activation steepnesses[0]    :   0.250
Cascade activation steepnesses[1]    :   0.500
Cascade activation steepnesses[2]    :   0.750
Cascade activation steepnesses[3]    :   1.000
Cascade candidate groups             :   2
Cascade no. of candidates            :  80
Start training network with 2-algorithm in FANN
Max epochs     8000. Desired error: 0.0010000000.
Epochs            1. Current error: 0.0078009637. Bit fail 151.
Epochs          100. Current error: 0.0082956003. Bit fail 184.
Epochs          200. Current error: 0.0078724921. Bit fail 175.
Epochs          300. Current error: 0.0075022066. Bit fail 164.
Epochs          400. Current error: 0.0071985601. Bit fail 157.
Epochs          500. Current error: 0.0070312857. Bit fail 154.
Epochs          600. Current error: 0.0069377576. Bit fail 149.
Epochs          700. Current error: 0.0068615945. Bit fail 148.
Epochs          800. Current error: 0.0067750136. Bit fail 147.
Epochs          900. Current error: 0.0067087072. Bit fail 145.
Epochs         1000. Current error: 0.0066360710. Bit fail 142.
Epochs         1100. Current error: 0.0065564285. Bit fail 142.
Epochs         1200. Current error: 0.0064980355. Bit fail 139.
Epochs         1300. Current error: 0.0064509553. Bit fail 139.
Epochs         1400. Current error: 0.0063979402. Bit fail 137.
Epochs         1500. Current error: 0.0063097011. Bit fail 136.
Epochs         1600. Current error: 0.0062598926. Bit fail 136.
Epochs         1700. Current error: 0.0062207999. Bit fail 135.
Epochs         1800. Current error: 0.0061783060. Bit fail 135.
Epochs         1900. Current error: 0.0061305836. Bit fail 135.
Epochs         2000. Current error: 0.0060754847. Bit fail 133.
Epochs         2100. Current error: 0.0060235676. Bit fail 134.
Epochs         2200. Current error: 0.0059791747. Bit fail 133.
Epochs         2300. Current error: 0.0059366836. Bit fail 130.
Epochs         2400. Current error: 0.0058958651. Bit fail 128.
Epochs         2500. Current error: 0.0058683679. Bit fail 124.
Epochs         2600. Current error: 0.0058339131. Bit fail 123.
Epochs         2700. Current error: 0.0058014877. Bit fail 121.
Epochs         2800. Current error: 0.0057705031. Bit fail 120.
Epochs         2900. Current error: 0.0057457415. Bit fail 117.
Epochs         3000. Current error: 0.0057274997. Bit fail 117.
Epochs         3100. Current error: 0.0057130600. Bit fail 116.
Epochs         3200. Current error: 0.0056931376. Bit fail 114.
Epochs         3300. Current error: 0.0056682550. Bit fail 115.
Epochs         3400. Current error: 0.0056477343. Bit fail 114.
Epochs         3500. Current error: 0.0056318110. Bit fail 115.
Epochs         3600. Current error: 0.0056190281. Bit fail 114.
Epochs         3700. Current error: 0.0055989176. Bit fail 114.
Epochs         3800. Current error: 0.0055860360. Bit fail 114.
Epochs         3900. Current error: 0.0055709239. Bit fail 113.
Epochs         4000. Current error: 0.0055514956. Bit fail 112.
Epochs         4100. Current error: 0.0055310526. Bit fail 111.
Epochs         4200. Current error: 0.0055093504. Bit fail 110.
Epochs         4300. Current error: 0.0054875053. Bit fail 110.
Epochs         4400. Current error: 0.0054710293. Bit fail 111.
Epochs         4500. Current error: 0.0054486822. Bit fail 109.
Epochs         4600. Current error: 0.0054224604. Bit fail 111.
Epochs         4700. Current error: 0.0054005720. Bit fail 110.
Epochs         4800. Current error: 0.0053801006. Bit fail 109.
Epochs         4900. Current error: 0.0053702374. Bit fail 107.
Epochs         5000. Current error: 0.0053563309. Bit fail 106.
Epochs         5100. Current error: 0.0053382320. Bit fail 106.
Epochs         5200. Current error: 0.0053274715. Bit fail 106.
Epochs         5300. Current error: 0.0053132041. Bit fail 105.
Epochs         5400. Current error: 0.0053052488. Bit fail 104.
Epochs         5500. Current error: 0.0052954196. Bit fail 104.
Epochs         5600. Current error: 0.0052799908. Bit fail 103.
Epochs         5700. Current error: 0.0052709579. Bit fail 101.
Epochs         5800. Current error: 0.0052637197. Bit fail 100.
Epochs         5900. Current error: 0.0052571772. Bit fail 100.
Epochs         6000. Current error: 0.0052519375. Bit fail 100.
Epochs         6100. Current error: 0.0052474039. Bit fail 100.
Epochs         6200. Current error: 0.0052426402. Bit fail 100.
Epochs         6300. Current error: 0.0052381554. Bit fail 100.
Epochs         6400. Current error: 0.0052292338. Bit fail 100.
Epochs         6500. Current error: 0.0052194865. Bit fail 99.
Epochs         6600. Current error: 0.0052030208. Bit fail 98.
Epochs         6700. Current error: 0.0051915548. Bit fail 97.
Epochs         6800. Current error: 0.0051621958. Bit fail 96.
Epochs         6900. Current error: 0.0051588346. Bit fail 97.
Epochs         7000. Current error: 0.0051522041. Bit fail 97.
Epochs         7100. Current error: 0.0051511549. Bit fail 97.
Epochs         7200. Current error: 0.0051390161. Bit fail 97.
Epochs         7300. Current error: 0.0051402031. Bit fail 97.
Epochs         7400. Current error: 0.0051350673. Bit fail 97.
Epochs         7500. Current error: 0.0051300852. Bit fail 98.
Epochs         7600. Current error: 0.0051247519. Bit fail 98.
Epochs         7700. Current error: 0.0051228339. Bit fail 98.
Epochs         7800. Current error: 0.0051158075. Bit fail 98.
Epochs         7900. Current error: 0.0051081823. Bit fail 98.
Epochs         8000. Current error: 0.0051017017. Bit fail 97.
Time elpased for FANN training: 447.266511 seconds
Trained Network by GA+FANN is saved in 
./ALL_S6_959126400_hveto_channels_signif_dt_set_9_training_n70n10n1_c10_mr02_p10000_g100_rmin-25_rmax25_gsigma1_y1001_z05_f05g09_m8000.net.
Total Running Time: 32707.777339 seconds
