Creating network.
The layer structure is following:
[70, 10, 1]
Setting newtork parameters
Getting training data : ALL_S6_959126400_hveto_channels_signif_dt_set_1_training.pat
Setting GA training parameters
Start running GA
Gen. 0 (0.00%): Max/Min/Avg Fitness(Raw) [25.65(65.72)/19.41(1.02)/21.37(21.37)]
Gen. 1 (1.00%): Max/Min/Avg Fitness(Raw) [71.28(71.12)/0.00(1.17)/62.54(62.54)]
Gen. 2 (2.00%): Max/Min/Avg Fitness(Raw) [74.13(74.04)/0.00(1.04)/67.92(67.92)]
Gen. 3 (3.00%): Max/Min/Avg Fitness(Raw) [76.20(76.10)/0.00(1.05)/69.65(69.65)]
Gen. 4 (4.00%): Max/Min/Avg Fitness(Raw) [77.95(77.85)/0.00(1.05)/71.16(71.16)]
Gen. 5 (5.00%): Max/Min/Avg Fitness(Raw) [79.34(79.24)/0.00(1.33)/73.75(73.75)]
Gen. 6 (6.00%): Max/Min/Avg Fitness(Raw) [80.73(80.63)/0.00(1.23)/74.63(74.63)]
Gen. 7 (7.00%): Max/Min/Avg Fitness(Raw) [81.94(81.85)/0.00(1.08)/75.60(75.60)]
Gen. 8 (8.00%): Max/Min/Avg Fitness(Raw) [82.86(82.76)/0.00(1.24)/76.83(76.83)]
Gen. 9 (9.00%): Max/Min/Avg Fitness(Raw) [83.48(83.30)/0.00(2.35)/77.60(77.60)]
Gen. 10 (10.00%): Max/Min/Avg Fitness(Raw) [83.95(83.86)/0.00(1.11)/77.98(77.98)]
Gen. 11 (11.00%): Max/Min/Avg Fitness(Raw) [84.51(84.41)/0.00(1.25)/78.56(78.56)]
Gen. 12 (12.00%): Max/Min/Avg Fitness(Raw) [85.04(84.95)/0.00(1.17)/78.82(78.82)]
Gen. 13 (13.00%): Max/Min/Avg Fitness(Raw) [86.12(85.92)/0.00(2.42)/79.35(79.35)]
Gen. 14 (14.00%): Max/Min/Avg Fitness(Raw) [86.58(86.50)/0.00(1.05)/80.23(80.23)]
Gen. 15 (15.00%): Max/Min/Avg Fitness(Raw) [87.54(87.45)/0.00(1.18)/80.83(80.83)]
Gen. 16 (16.00%): Max/Min/Avg Fitness(Raw) [88.35(88.24)/0.00(1.38)/81.65(81.65)]
Gen. 17 (17.00%): Max/Min/Avg Fitness(Raw) [89.31(89.14)/0.00(1.88)/82.05(82.05)]
Gen. 18 (18.00%): Max/Min/Avg Fitness(Raw) [89.71(89.61)/0.00(1.17)/82.99(82.99)]
Gen. 19 (19.00%): Max/Min/Avg Fitness(Raw) [90.70(90.59)/0.00(1.21)/83.17(83.17)]
Gen. 20 (20.00%): Max/Min/Avg Fitness(Raw) [92.03(91.71)/0.00(3.32)/83.78(83.78)]
Gen. 21 (21.00%): Max/Min/Avg Fitness(Raw) [92.59(92.48)/0.00(1.24)/84.62(84.62)]
Gen. 22 (22.00%): Max/Min/Avg Fitness(Raw) [93.90(93.78)/0.00(1.12)/84.89(84.89)]
Gen. 23 (23.00%): Max/Min/Avg Fitness(Raw) [94.97(94.86)/0.00(1.06)/86.04(86.04)]
Gen. 24 (24.00%): Max/Min/Avg Fitness(Raw) [96.17(96.04)/0.00(1.17)/86.54(86.54)]
Gen. 25 (25.00%): Max/Min/Avg Fitness(Raw) [96.98(96.87)/0.00(1.11)/88.14(88.14)]
Gen. 26 (26.00%): Max/Min/Avg Fitness(Raw) [97.51(97.39)/0.00(1.12)/88.64(88.64)]
Gen. 27 (27.00%): Max/Min/Avg Fitness(Raw) [97.98(97.87)/0.00(1.06)/89.17(89.17)]
Gen. 28 (28.00%): Max/Min/Avg Fitness(Raw) [98.55(98.42)/0.00(1.30)/89.34(89.34)]
Gen. 29 (29.00%): Max/Min/Avg Fitness(Raw) [99.50(99.37)/0.00(1.17)/89.34(89.34)]
Gen. 30 (30.00%): Max/Min/Avg Fitness(Raw) [100.07(99.96)/0.00(1.04)/90.09(90.09)]
Gen. 31 (31.00%): Max/Min/Avg Fitness(Raw) [100.45(100.33)/0.00(1.08)/90.62(90.62)]
Gen. 32 (32.00%): Max/Min/Avg Fitness(Raw) [101.03(100.87)/0.00(1.40)/90.62(90.62)]
Gen. 33 (33.00%): Max/Min/Avg Fitness(Raw) [101.43(101.25)/0.00(1.64)/91.44(91.44)]
Gen. 34 (34.00%): Max/Min/Avg Fitness(Raw) [101.98(101.84)/0.00(1.21)/91.77(91.77)]
Gen. 35 (35.00%): Max/Min/Avg Fitness(Raw) [102.36(102.23)/0.00(1.21)/92.13(92.13)]
Gen. 36 (36.00%): Max/Min/Avg Fitness(Raw) [103.07(102.94)/0.00(1.14)/92.03(92.03)]
Gen. 37 (37.00%): Max/Min/Avg Fitness(Raw) [103.42(103.30)/0.00(1.05)/92.66(92.66)]
Gen. 38 (38.00%): Max/Min/Avg Fitness(Raw) [103.76(103.63)/0.00(1.14)/93.16(93.16)]
Gen. 39 (39.00%): Max/Min/Avg Fitness(Raw) [104.04(103.89)/0.00(1.35)/93.36(93.36)]
Gen. 40 (40.00%): Max/Min/Avg Fitness(Raw) [104.24(104.12)/0.00(1.06)/93.68(93.68)]
Gen. 41 (41.00%): Max/Min/Avg Fitness(Raw) [104.98(104.84)/0.00(1.23)/93.90(93.90)]
Gen. 42 (42.00%): Max/Min/Avg Fitness(Raw) [105.18(105.06)/0.00(1.05)/94.81(94.81)]
Gen. 43 (43.00%): Max/Min/Avg Fitness(Raw) [105.39(105.27)/0.00(1.06)/95.06(95.06)]
Gen. 44 (44.00%): Max/Min/Avg Fitness(Raw) [105.56(105.43)/0.00(1.10)/94.49(94.49)]
Gen. 45 (45.00%): Max/Min/Avg Fitness(Raw) [105.93(105.77)/0.00(1.45)/95.13(95.13)]
Gen. 46 (46.00%): Max/Min/Avg Fitness(Raw) [106.23(106.10)/0.00(1.15)/95.44(95.44)]
Gen. 47 (47.00%): Max/Min/Avg Fitness(Raw) [106.74(106.60)/0.00(1.14)/95.34(95.34)]
Gen. 48 (48.00%): Max/Min/Avg Fitness(Raw) [107.55(107.41)/0.00(1.10)/95.89(95.89)]
Gen. 49 (49.00%): Max/Min/Avg Fitness(Raw) [108.18(108.01)/0.00(1.34)/96.39(96.39)]
Gen. 50 (50.00%): Max/Min/Avg Fitness(Raw) [108.83(108.69)/0.00(1.05)/96.68(96.68)]
Gen. 51 (51.00%): Max/Min/Avg Fitness(Raw) [109.32(109.16)/0.00(1.19)/96.57(96.57)]
Gen. 52 (52.00%): Max/Min/Avg Fitness(Raw) [109.61(109.48)/0.00(1.06)/97.48(97.48)]
Gen. 53 (53.00%): Max/Min/Avg Fitness(Raw) [109.92(109.79)/0.00(1.08)/97.60(97.60)]
Gen. 54 (54.00%): Max/Min/Avg Fitness(Raw) [110.26(110.06)/0.00(1.68)/98.32(98.32)]
Gen. 55 (55.00%): Max/Min/Avg Fitness(Raw) [110.44(110.31)/0.00(1.07)/98.54(98.54)]
Gen. 56 (56.00%): Max/Min/Avg Fitness(Raw) [110.63(110.48)/0.00(1.23)/98.39(98.39)]
Gen. 57 (57.00%): Max/Min/Avg Fitness(Raw) [110.78(110.65)/0.00(1.12)/98.79(98.79)]
Gen. 58 (58.00%): Max/Min/Avg Fitness(Raw) [110.97(110.80)/0.00(1.42)/99.02(99.02)]
Gen. 59 (59.00%): Max/Min/Avg Fitness(Raw) [111.09(110.94)/0.00(1.22)/98.96(98.96)]
Gen. 60 (60.00%): Max/Min/Avg Fitness(Raw) [111.59(111.21)/0.00(2.92)/98.75(98.75)]
Gen. 61 (61.00%): Max/Min/Avg Fitness(Raw) [111.65(111.52)/0.00(1.06)/99.65(99.65)]
Gen. 62 (62.00%): Max/Min/Avg Fitness(Raw) [112.09(111.94)/0.00(1.18)/99.46(99.46)]
Gen. 63 (63.00%): Max/Min/Avg Fitness(Raw) [112.38(112.25)/0.00(1.06)/99.77(99.77)]
Gen. 64 (64.00%): Max/Min/Avg Fitness(Raw) [112.84(112.71)/0.00(1.08)/99.99(99.99)]
Gen. 65 (65.00%): Max/Min/Avg Fitness(Raw) [113.14(112.99)/0.00(1.11)/100.23(100.23)]
Gen. 66 (66.00%): Max/Min/Avg Fitness(Raw) [113.45(113.30)/0.00(1.17)/100.15(100.15)]
Gen. 67 (67.00%): Max/Min/Avg Fitness(Raw) [113.78(113.63)/0.00(1.11)/100.66(100.66)]
Gen. 68 (68.00%): Max/Min/Avg Fitness(Raw) [113.95(113.82)/0.00(1.03)/100.93(100.93)]
Gen. 69 (69.00%): Max/Min/Avg Fitness(Raw) [114.14(114.00)/0.00(1.07)/101.10(101.10)]
Gen. 70 (70.00%): Max/Min/Avg Fitness(Raw) [114.26(114.13)/0.00(1.04)/101.48(101.48)]
Gen. 71 (71.00%): Max/Min/Avg Fitness(Raw) [114.55(114.40)/0.00(1.22)/101.82(101.82)]
Gen. 72 (72.00%): Max/Min/Avg Fitness(Raw) [114.65(114.51)/0.00(1.05)/101.32(101.32)]
Gen. 73 (73.00%): Max/Min/Avg Fitness(Raw) [114.74(114.59)/0.00(1.18)/101.94(101.94)]
Gen. 74 (74.00%): Max/Min/Avg Fitness(Raw) [114.85(114.71)/0.00(1.07)/101.55(101.55)]
Gen. 75 (75.00%): Max/Min/Avg Fitness(Raw) [114.93(114.78)/0.00(1.21)/101.73(101.73)]
Gen. 76 (76.00%): Max/Min/Avg Fitness(Raw) [114.97(114.83)/0.00(1.06)/101.56(101.56)]
Gen. 77 (77.00%): Max/Min/Avg Fitness(Raw) [115.12(114.97)/0.00(1.14)/101.91(101.91)]
Gen. 78 (78.00%): Max/Min/Avg Fitness(Raw) [115.34(115.11)/0.00(1.78)/102.07(102.07)]
Gen. 79 (79.00%): Max/Min/Avg Fitness(Raw) [115.37(115.22)/0.00(1.15)/101.83(101.83)]
Gen. 80 (80.00%): Max/Min/Avg Fitness(Raw) [115.49(115.34)/0.00(1.17)/101.95(101.95)]
Gen. 81 (81.00%): Max/Min/Avg Fitness(Raw) [115.54(115.39)/0.00(1.10)/101.97(101.97)]
Gen. 82 (82.00%): Max/Min/Avg Fitness(Raw) [115.63(115.47)/0.00(1.24)/102.40(102.40)]
Gen. 83 (83.00%): Max/Min/Avg Fitness(Raw) [115.67(115.53)/0.00(1.08)/102.45(102.45)]
Gen. 84 (84.00%): Max/Min/Avg Fitness(Raw) [115.76(115.62)/0.00(1.04)/102.21(102.21)]
Gen. 85 (85.00%): Max/Min/Avg Fitness(Raw) [115.84(115.70)/0.00(1.04)/101.98(101.98)]
Gen. 86 (86.00%): Max/Min/Avg Fitness(Raw) [115.97(115.82)/0.00(1.15)/102.25(102.25)]
Gen. 87 (87.00%): Max/Min/Avg Fitness(Raw) [116.02(115.87)/0.00(1.10)/102.39(102.39)]
Gen. 88 (88.00%): Max/Min/Avg Fitness(Raw) [116.06(115.92)/0.00(1.08)/102.56(102.56)]
Gen. 89 (89.00%): Max/Min/Avg Fitness(Raw) [116.20(116.01)/0.00(1.38)/102.52(102.52)]
Gen. 90 (90.00%): Max/Min/Avg Fitness(Raw) [116.55(116.39)/0.00(1.20)/102.45(102.45)]
Gen. 91 (91.00%): Max/Min/Avg Fitness(Raw) [116.68(116.52)/0.00(1.19)/103.01(103.01)]
Gen. 92 (92.00%): Max/Min/Avg Fitness(Raw) [116.77(116.62)/0.00(1.12)/102.85(102.85)]
Gen. 93 (93.00%): Max/Min/Avg Fitness(Raw) [116.86(116.69)/0.00(1.28)/103.18(103.18)]
Gen. 94 (94.00%): Max/Min/Avg Fitness(Raw) [117.04(116.87)/0.00(1.23)/102.93(102.93)]
Gen. 95 (95.00%): Max/Min/Avg Fitness(Raw) [117.25(117.08)/0.00(1.27)/103.24(103.24)]
Gen. 96 (96.00%): Max/Min/Avg Fitness(Raw) [117.34(117.20)/0.00(1.08)/103.54(103.54)]
Gen. 97 (97.00%): Max/Min/Avg Fitness(Raw) [117.42(117.28)/0.00(1.06)/103.64(103.64)]
Gen. 98 (98.00%): Max/Min/Avg Fitness(Raw) [117.48(117.33)/0.00(1.13)/103.23(103.23)]
Gen. 99 (99.00%): Max/Min/Avg Fitness(Raw) [117.53(117.35)/0.00(1.28)/103.49(103.49)]
Gen. 100 (100.00%): Max/Min/Avg Fitness(Raw) [117.58(117.43)/0.00(1.10)/103.76(103.76)]
Total time elapsed: 33736.510 seconds.
GA MSE : 0.008535
Best initial connection wetighs are set on Network
Setting FANN training parameters
Input layer                          :  70 neurons, 1 bias
  Hidden layer                       :  10 neurons, 1 bias
Output layer                         :   1 neurons
Total neurons and biases             :  83
Total connections                    : 721
Connection rate                      :   1.000
Network type                         :   FANN_NETTYPE_LAYER
Training algorithm                   :   FANN_TRAIN_RPROP
Training error function              :   FANN_ERRORFUNC_TANH
Training stop function               :   FANN_STOPFUNC_MSE
Bit fail limit                       :   0.350
Learning rate                        :   0.700
Learning momentum                    :   0.000
Quickprop decay                      :  -0.000100
Quickprop mu                         :   1.750
RPROP increase factor                :   1.001
RPROP decrease factor                :   0.500
RPROP delta min                      :   0.000
RPROP delta max                      :  50.000
Cascade output change fraction       :   0.010000
Cascade candidate change fraction    :   0.010000
Cascade output stagnation epochs     :  12
Cascade candidate stagnation epochs  :  12
Cascade max output epochs            : 150
Cascade max candidate epochs         : 150
Cascade weight multiplier            :   0.400
Cascade candidate limit              :1000.000
Cascade activation functions[0]      :   FANN_SIGMOID
Cascade activation functions[1]      :   FANN_SIGMOID_SYMMETRIC
Cascade activation functions[2]      :   FANN_GAUSSIAN
Cascade activation functions[3]      :   FANN_GAUSSIAN_SYMMETRIC
Cascade activation functions[4]      :   FANN_ELLIOT
Cascade activation functions[5]      :   FANN_ELLIOT_SYMMETRIC
Cascade activation functions[6]      :   FANN_SIN_SYMMETRIC
Cascade activation functions[7]      :   FANN_COS_SYMMETRIC
Cascade activation functions[8]      :   FANN_SIN
Cascade activation functions[9]      :   FANN_COS
Cascade activation steepnesses[0]    :   0.250
Cascade activation steepnesses[1]    :   0.500
Cascade activation steepnesses[2]    :   0.750
Cascade activation steepnesses[3]    :   1.000
Cascade candidate groups             :   2
Cascade no. of candidates            :  80
Start training network with 2-algorithm in FANN
Max epochs     8000. Desired error: 0.0010000000.
Epochs            1. Current error: 0.0085153915. Bit fail 157.
Epochs          100. Current error: 0.0116865030. Bit fail 252.
Epochs          200. Current error: 0.0117525319. Bit fail 237.
Epochs          300. Current error: 0.0111707291. Bit fail 224.
Epochs          400. Current error: 0.0109431567. Bit fail 223.
Epochs          500. Current error: 0.0106890686. Bit fail 220.
Epochs          600. Current error: 0.0104091996. Bit fail 217.
Epochs          700. Current error: 0.0101237465. Bit fail 212.
Epochs          800. Current error: 0.0098050209. Bit fail 206.
Epochs          900. Current error: 0.0095479898. Bit fail 204.
Epochs         1000. Current error: 0.0093630254. Bit fail 203.
Epochs         1100. Current error: 0.0092136730. Bit fail 201.
Epochs         1200. Current error: 0.0090759294. Bit fail 201.
Epochs         1300. Current error: 0.0089450674. Bit fail 195.
Epochs         1400. Current error: 0.0087909158. Bit fail 194.
Epochs         1500. Current error: 0.0085863639. Bit fail 189.
Epochs         1600. Current error: 0.0084121916. Bit fail 185.
Epochs         1700. Current error: 0.0082363319. Bit fail 178.
Epochs         1800. Current error: 0.0080766892. Bit fail 177.
Epochs         1900. Current error: 0.0079098055. Bit fail 174.
Epochs         2000. Current error: 0.0077325497. Bit fail 172.
Epochs         2100. Current error: 0.0075473832. Bit fail 168.
Epochs         2200. Current error: 0.0073947376. Bit fail 161.
Epochs         2300. Current error: 0.0072769849. Bit fail 158.
Epochs         2400. Current error: 0.0072017824. Bit fail 156.
Epochs         2500. Current error: 0.0071413592. Bit fail 154.
Epochs         2600. Current error: 0.0071061477. Bit fail 154.
Epochs         2700. Current error: 0.0070589231. Bit fail 153.
Epochs         2800. Current error: 0.0070300312. Bit fail 151.
Epochs         2900. Current error: 0.0070121540. Bit fail 153.
Epochs         3000. Current error: 0.0069664191. Bit fail 151.
Epochs         3100. Current error: 0.0069293883. Bit fail 148.
Epochs         3200. Current error: 0.0069034495. Bit fail 145.
Epochs         3300. Current error: 0.0068641030. Bit fail 145.
Epochs         3400. Current error: 0.0068174130. Bit fail 145.
Epochs         3500. Current error: 0.0067742756. Bit fail 143.
Epochs         3600. Current error: 0.0067368313. Bit fail 140.
Epochs         3700. Current error: 0.0066980263. Bit fail 135.
Epochs         3800. Current error: 0.0066568004. Bit fail 134.
Epochs         3900. Current error: 0.0065957112. Bit fail 132.
Epochs         4000. Current error: 0.0065210252. Bit fail 134.
Epochs         4100. Current error: 0.0064599318. Bit fail 133.
Epochs         4200. Current error: 0.0064351060. Bit fail 134.
Epochs         4300. Current error: 0.0064180596. Bit fail 134.
Epochs         4400. Current error: 0.0063836528. Bit fail 134.
Epochs         4500. Current error: 0.0063528032. Bit fail 136.
Epochs         4600. Current error: 0.0063315788. Bit fail 135.
Epochs         4700. Current error: 0.0063174688. Bit fail 135.
Epochs         4800. Current error: 0.0063078883. Bit fail 135.
Epochs         4900. Current error: 0.0062788068. Bit fail 133.
Epochs         5000. Current error: 0.0062375753. Bit fail 132.
Epochs         5100. Current error: 0.0062105902. Bit fail 129.
Epochs         5200. Current error: 0.0061885645. Bit fail 126.
Epochs         5300. Current error: 0.0061768396. Bit fail 124.
Epochs         5400. Current error: 0.0061517009. Bit fail 124.
Epochs         5500. Current error: 0.0061326036. Bit fail 125.
Epochs         5600. Current error: 0.0061116363. Bit fail 123.
Epochs         5700. Current error: 0.0060925293. Bit fail 122.
Epochs         5800. Current error: 0.0060670343. Bit fail 121.
Epochs         5900. Current error: 0.0060452623. Bit fail 120.
Epochs         6000. Current error: 0.0060225376. Bit fail 119.
Epochs         6100. Current error: 0.0059955278. Bit fail 118.
Epochs         6200. Current error: 0.0059686336. Bit fail 116.
Epochs         6300. Current error: 0.0059459689. Bit fail 116.
Epochs         6400. Current error: 0.0059245494. Bit fail 115.
Epochs         6500. Current error: 0.0059085181. Bit fail 115.
Epochs         6600. Current error: 0.0058726124. Bit fail 114.
Epochs         6700. Current error: 0.0058526425. Bit fail 114.
Epochs         6800. Current error: 0.0058408156. Bit fail 113.
Epochs         6900. Current error: 0.0058254772. Bit fail 113.
Epochs         7000. Current error: 0.0058125788. Bit fail 113.
Epochs         7100. Current error: 0.0057960893. Bit fail 112.
Epochs         7200. Current error: 0.0057783136. Bit fail 111.
Epochs         7300. Current error: 0.0057707252. Bit fail 110.
Epochs         7400. Current error: 0.0057621715. Bit fail 111.
Epochs         7500. Current error: 0.0057504005. Bit fail 111.
Epochs         7600. Current error: 0.0057379855. Bit fail 112.
Epochs         7700. Current error: 0.0057197670. Bit fail 110.
Epochs         7800. Current error: 0.0057069394. Bit fail 108.
Epochs         7900. Current error: 0.0056839380. Bit fail 109.
Epochs         8000. Current error: 0.0056682015. Bit fail 109.
Time elpased for FANN training: 451.193635 seconds
Trained Network by GA+FANN is saved in 
./ALL_S6_959126400_hveto_channels_signif_dt_set_1_training_n70n10n1_c10_mr02_p10000_g100_rmin-25_rmax25_gsigma1_y1001_z05_f05g09_m8000.net.
Total Running Time: 34188.130014 seconds
