Creating network.
The layer structure is following:
[70, 10, 1]
Setting newtork parameters
Getting training data : ALL_S6_959126400_hveto_channels_signif_dt_set_0_training.pat
Setting GA training parameters
Start running GA
Gen. 0 (0.00%): Max/Min/Avg Fitness(Raw) [25.84(61.86)/19.34(1.02)/21.53(21.53)]
Gen. 1 (1.00%): Max/Min/Avg Fitness(Raw) [64.24(64.13)/0.00(1.02)/57.75(57.75)]
Gen. 2 (2.00%): Max/Min/Avg Fitness(Raw) [67.40(67.28)/0.00(1.02)/60.49(60.49)]
Gen. 3 (3.00%): Max/Min/Avg Fitness(Raw) [69.69(69.57)/0.00(1.02)/61.98(61.98)]
Gen. 4 (4.00%): Max/Min/Avg Fitness(Raw) [71.57(71.44)/0.00(1.02)/63.35(63.35)]
Gen. 5 (5.00%): Max/Min/Avg Fitness(Raw) [72.75(72.64)/0.00(1.02)/65.34(65.34)]
Gen. 6 (6.00%): Max/Min/Avg Fitness(Raw) [73.81(73.69)/0.00(1.02)/66.50(66.50)]
Gen. 7 (7.00%): Max/Min/Avg Fitness(Raw) [74.38(74.28)/0.00(1.02)/67.35(67.35)]
Gen. 8 (8.00%): Max/Min/Avg Fitness(Raw) [75.50(75.38)/0.00(1.02)/67.56(67.56)]
Gen. 9 (9.00%): Max/Min/Avg Fitness(Raw) [76.67(76.56)/0.00(1.02)/69.04(69.04)]
Gen. 10 (10.00%): Max/Min/Avg Fitness(Raw) [79.09(78.95)/0.00(1.02)/69.61(69.61)]
Gen. 11 (11.00%): Max/Min/Avg Fitness(Raw) [80.18(80.05)/0.00(1.02)/71.35(71.35)]
Gen. 12 (12.00%): Max/Min/Avg Fitness(Raw) [81.02(80.89)/0.00(1.02)/72.11(72.11)]
Gen. 13 (13.00%): Max/Min/Avg Fitness(Raw) [81.91(81.78)/0.00(1.02)/72.76(72.76)]
Gen. 14 (14.00%): Max/Min/Avg Fitness(Raw) [82.66(82.54)/0.00(1.02)/73.82(73.82)]
Gen. 15 (15.00%): Max/Min/Avg Fitness(Raw) [83.59(83.45)/0.00(1.02)/73.97(73.97)]
Gen. 16 (16.00%): Max/Min/Avg Fitness(Raw) [85.07(84.93)/0.00(1.02)/74.54(74.54)]
Gen. 17 (17.00%): Max/Min/Avg Fitness(Raw) [85.90(85.77)/0.00(1.02)/75.82(75.82)]
Gen. 18 (18.00%): Max/Min/Avg Fitness(Raw) [86.86(86.72)/0.00(1.02)/76.98(76.98)]
Gen. 19 (19.00%): Max/Min/Avg Fitness(Raw) [87.86(87.73)/0.00(1.02)/77.89(77.89)]
Gen. 20 (20.00%): Max/Min/Avg Fitness(Raw) [88.79(88.66)/0.00(1.02)/78.90(78.90)]
Gen. 21 (21.00%): Max/Min/Avg Fitness(Raw) [89.79(89.65)/0.00(1.02)/78.94(78.94)]
Gen. 22 (22.00%): Max/Min/Avg Fitness(Raw) [90.59(90.45)/0.00(1.02)/80.05(80.05)]
Gen. 23 (23.00%): Max/Min/Avg Fitness(Raw) [91.64(91.51)/0.00(1.02)/80.96(80.96)]
Gen. 24 (24.00%): Max/Min/Avg Fitness(Raw) [92.78(92.65)/0.00(1.02)/82.10(82.10)]
Gen. 25 (25.00%): Max/Min/Avg Fitness(Raw) [93.65(93.52)/0.00(1.02)/83.10(83.10)]
Gen. 26 (26.00%): Max/Min/Avg Fitness(Raw) [94.51(94.38)/0.00(1.02)/83.51(83.51)]
Gen. 27 (27.00%): Max/Min/Avg Fitness(Raw) [95.12(94.99)/0.00(1.02)/84.50(84.50)]
Gen. 28 (28.00%): Max/Min/Avg Fitness(Raw) [96.00(95.87)/0.00(1.02)/85.13(85.13)]
Gen. 29 (29.00%): Max/Min/Avg Fitness(Raw) [96.82(96.68)/0.00(1.02)/85.76(85.76)]
Gen. 30 (30.00%): Max/Min/Avg Fitness(Raw) [97.36(97.23)/0.00(1.02)/86.52(86.52)]
Gen. 31 (31.00%): Max/Min/Avg Fitness(Raw) [98.25(98.12)/0.00(1.02)/87.18(87.18)]
Gen. 32 (32.00%): Max/Min/Avg Fitness(Raw) [99.18(99.04)/0.00(1.02)/87.23(87.23)]
Gen. 33 (33.00%): Max/Min/Avg Fitness(Raw) [99.94(99.80)/0.00(1.02)/88.04(88.04)]
Gen. 34 (34.00%): Max/Min/Avg Fitness(Raw) [100.40(100.26)/0.00(1.02)/88.90(88.90)]
Gen. 35 (35.00%): Max/Min/Avg Fitness(Raw) [101.22(101.08)/0.00(1.02)/89.07(89.07)]
Gen. 36 (36.00%): Max/Min/Avg Fitness(Raw) [102.03(101.90)/0.00(1.02)/89.89(89.89)]
Gen. 37 (37.00%): Max/Min/Avg Fitness(Raw) [102.75(102.62)/0.00(1.02)/90.90(90.90)]
Gen. 38 (38.00%): Max/Min/Avg Fitness(Raw) [103.22(103.09)/0.00(1.02)/91.69(91.69)]
Gen. 39 (39.00%): Max/Min/Avg Fitness(Raw) [103.74(103.60)/0.00(1.02)/91.65(91.65)]
Gen. 40 (40.00%): Max/Min/Avg Fitness(Raw) [104.89(104.75)/0.00(1.02)/92.65(92.65)]
Gen. 41 (41.00%): Max/Min/Avg Fitness(Raw) [105.76(105.61)/0.00(1.02)/92.62(92.62)]
Gen. 42 (42.00%): Max/Min/Avg Fitness(Raw) [106.24(106.10)/0.00(1.02)/93.46(93.46)]
Gen. 43 (43.00%): Max/Min/Avg Fitness(Raw) [107.02(106.88)/0.00(1.02)/94.22(94.22)]
Gen. 44 (44.00%): Max/Min/Avg Fitness(Raw) [108.03(107.88)/0.00(1.02)/94.22(94.22)]
Gen. 45 (45.00%): Max/Min/Avg Fitness(Raw) [108.43(108.30)/0.00(1.02)/95.73(95.73)]
Gen. 46 (46.00%): Max/Min/Avg Fitness(Raw) [108.93(108.80)/0.00(1.02)/96.20(96.20)]
Gen. 47 (47.00%): Max/Min/Avg Fitness(Raw) [109.31(109.17)/0.00(1.02)/96.16(96.16)]
Gen. 48 (48.00%): Max/Min/Avg Fitness(Raw) [109.88(109.74)/0.00(1.02)/97.07(97.07)]
Gen. 49 (49.00%): Max/Min/Avg Fitness(Raw) [110.30(110.16)/0.00(1.02)/96.99(96.99)]
Gen. 50 (50.00%): Max/Min/Avg Fitness(Raw) [110.85(110.70)/0.00(1.02)/96.96(96.96)]
Gen. 51 (51.00%): Max/Min/Avg Fitness(Raw) [111.30(111.16)/0.00(1.02)/97.62(97.62)]
Gen. 52 (52.00%): Max/Min/Avg Fitness(Raw) [111.71(111.57)/0.00(1.02)/97.94(97.94)]
Gen. 53 (53.00%): Max/Min/Avg Fitness(Raw) [112.10(111.95)/0.00(1.02)/98.03(98.03)]
Gen. 54 (54.00%): Max/Min/Avg Fitness(Raw) [112.50(112.36)/0.00(1.02)/98.44(98.44)]
Gen. 55 (55.00%): Max/Min/Avg Fitness(Raw) [112.92(112.77)/0.00(1.02)/98.90(98.90)]
Gen. 56 (56.00%): Max/Min/Avg Fitness(Raw) [113.38(113.23)/0.00(1.02)/98.95(98.95)]
Gen. 57 (57.00%): Max/Min/Avg Fitness(Raw) [113.82(113.67)/0.00(1.02)/99.68(99.68)]
Gen. 58 (58.00%): Max/Min/Avg Fitness(Raw) [114.09(113.95)/0.00(1.02)/99.83(99.83)]
Gen. 59 (59.00%): Max/Min/Avg Fitness(Raw) [114.31(114.16)/0.00(1.02)/100.32(100.32)]
Gen. 60 (60.00%): Max/Min/Avg Fitness(Raw) [114.67(114.52)/0.00(1.02)/99.83(99.83)]
Gen. 61 (61.00%): Max/Min/Avg Fitness(Raw) [115.06(114.91)/0.00(1.02)/100.65(100.65)]
Gen. 62 (62.00%): Max/Min/Avg Fitness(Raw) [115.24(115.09)/0.00(1.02)/100.83(100.83)]
Gen. 63 (63.00%): Max/Min/Avg Fitness(Raw) [115.54(115.39)/0.00(1.02)/101.23(101.23)]
Gen. 64 (64.00%): Max/Min/Avg Fitness(Raw) [115.80(115.66)/0.00(1.02)/101.53(101.53)]
Gen. 65 (65.00%): Max/Min/Avg Fitness(Raw) [116.14(115.99)/0.00(1.02)/101.21(101.21)]
Gen. 66 (66.00%): Max/Min/Avg Fitness(Raw) [116.34(116.19)/0.00(1.02)/101.55(101.55)]
Gen. 67 (67.00%): Max/Min/Avg Fitness(Raw) [116.77(116.62)/0.00(1.02)/101.72(101.72)]
Gen. 68 (68.00%): Max/Min/Avg Fitness(Raw) [117.05(116.89)/0.00(1.02)/101.51(101.51)]
Gen. 69 (69.00%): Max/Min/Avg Fitness(Raw) [117.63(117.48)/0.00(1.02)/102.31(102.31)]
Gen. 70 (70.00%): Max/Min/Avg Fitness(Raw) [117.81(117.66)/0.00(1.02)/102.27(102.27)]
Gen. 71 (71.00%): Max/Min/Avg Fitness(Raw) [117.98(117.83)/0.00(1.02)/103.03(103.03)]
Gen. 72 (72.00%): Max/Min/Avg Fitness(Raw) [118.20(118.05)/0.00(1.02)/103.15(103.15)]
Gen. 73 (73.00%): Max/Min/Avg Fitness(Raw) [118.41(118.26)/0.00(1.02)/103.39(103.39)]
Gen. 74 (74.00%): Max/Min/Avg Fitness(Raw) [118.69(118.54)/0.00(1.02)/103.39(103.39)]
Gen. 75 (75.00%): Max/Min/Avg Fitness(Raw) [118.93(118.79)/0.00(1.02)/103.91(103.91)]
Gen. 76 (76.00%): Max/Min/Avg Fitness(Raw) [119.09(118.94)/0.00(1.02)/103.66(103.66)]
Gen. 77 (77.00%): Max/Min/Avg Fitness(Raw) [119.45(119.30)/0.00(1.02)/103.99(103.99)]
Gen. 78 (78.00%): Max/Min/Avg Fitness(Raw) [120.55(120.39)/0.00(1.02)/104.41(104.41)]
Gen. 79 (79.00%): Max/Min/Avg Fitness(Raw) [120.98(120.83)/0.00(1.02)/105.40(105.40)]
Gen. 80 (80.00%): Max/Min/Avg Fitness(Raw) [121.43(121.28)/0.00(1.02)/105.60(105.60)]
Gen. 81 (81.00%): Max/Min/Avg Fitness(Raw) [121.90(121.74)/0.00(1.02)/105.63(105.63)]
Gen. 82 (82.00%): Max/Min/Avg Fitness(Raw) [122.23(122.07)/0.00(1.02)/106.46(106.46)]
Gen. 83 (83.00%): Max/Min/Avg Fitness(Raw) [122.68(122.52)/0.00(1.02)/106.38(106.38)]
Gen. 84 (84.00%): Max/Min/Avg Fitness(Raw) [122.89(122.74)/0.00(1.02)/106.93(106.93)]
Gen. 85 (85.00%): Max/Min/Avg Fitness(Raw) [123.13(122.98)/0.00(1.02)/106.88(106.88)]
Gen. 86 (86.00%): Max/Min/Avg Fitness(Raw) [123.32(123.17)/0.00(1.02)/107.69(107.69)]
Gen. 87 (87.00%): Max/Min/Avg Fitness(Raw) [123.45(123.30)/0.00(1.02)/107.71(107.71)]
Gen. 88 (88.00%): Max/Min/Avg Fitness(Raw) [123.71(123.56)/0.00(1.02)/107.88(107.88)]
Gen. 89 (89.00%): Max/Min/Avg Fitness(Raw) [123.86(123.71)/0.00(1.02)/107.95(107.95)]
Gen. 90 (90.00%): Max/Min/Avg Fitness(Raw) [124.13(123.98)/0.00(1.02)/107.92(107.92)]
Gen. 91 (91.00%): Max/Min/Avg Fitness(Raw) [124.52(124.36)/0.00(1.02)/108.08(108.08)]
Gen. 92 (92.00%): Max/Min/Avg Fitness(Raw) [124.78(124.62)/0.00(1.02)/108.02(108.02)]
Gen. 93 (93.00%): Max/Min/Avg Fitness(Raw) [125.00(124.84)/0.00(1.02)/108.56(108.56)]
Gen. 94 (94.00%): Max/Min/Avg Fitness(Raw) [125.24(125.09)/0.00(1.02)/108.50(108.50)]
Gen. 95 (95.00%): Max/Min/Avg Fitness(Raw) [125.54(125.38)/0.00(1.02)/109.06(109.06)]
Gen. 96 (96.00%): Max/Min/Avg Fitness(Raw) [125.70(125.54)/0.00(1.02)/109.20(109.20)]
Gen. 97 (97.00%): Max/Min/Avg Fitness(Raw) [125.97(125.81)/0.00(1.02)/109.43(109.43)]
Gen. 98 (98.00%): Max/Min/Avg Fitness(Raw) [126.14(125.99)/0.00(1.02)/109.67(109.67)]
Gen. 99 (99.00%): Max/Min/Avg Fitness(Raw) [126.30(126.15)/0.00(1.02)/109.71(109.71)]
Gen. 100 (100.00%): Max/Min/Avg Fitness(Raw) [126.52(126.37)/0.00(1.02)/110.13(110.13)]
Total time elapsed: 33188.161 seconds.
GA MSE : 0.012528
Best initial connection wetighs are set on Network
Setting FANN training parameters
Input layer                          :  70 neurons, 1 bias
  Hidden layer                       :  10 neurons, 1 bias
Output layer                         :   1 neurons
Total neurons and biases             :  83
Total connections                    : 721
Connection rate                      :   1.000
Network type                         :   FANN_NETTYPE_LAYER
Training algorithm                   :   FANN_TRAIN_RPROP
Training error function              :   FANN_ERRORFUNC_TANH
Training stop function               :   FANN_STOPFUNC_MSE
Bit fail limit                       :   0.350
Learning rate                        :   0.700
Learning momentum                    :   0.000
Quickprop decay                      :  -0.000100
Quickprop mu                         :   1.750
RPROP increase factor                :   1.001
RPROP decrease factor                :   0.500
RPROP delta min                      :   0.000
RPROP delta max                      :  50.000
Cascade output change fraction       :   0.010000
Cascade candidate change fraction    :   0.010000
Cascade output stagnation epochs     :  12
Cascade candidate stagnation epochs  :  12
Cascade max output epochs            : 150
Cascade max candidate epochs         : 150
Cascade weight multiplier            :   0.400
Cascade candidate limit              :1000.000
Cascade activation functions[0]      :   FANN_SIGMOID
Cascade activation functions[1]      :   FANN_SIGMOID_SYMMETRIC
Cascade activation functions[2]      :   FANN_GAUSSIAN
Cascade activation functions[3]      :   FANN_GAUSSIAN_SYMMETRIC
Cascade activation functions[4]      :   FANN_ELLIOT
Cascade activation functions[5]      :   FANN_ELLIOT_SYMMETRIC
Cascade activation functions[6]      :   FANN_SIN_SYMMETRIC
Cascade activation functions[7]      :   FANN_COS_SYMMETRIC
Cascade activation functions[8]      :   FANN_SIN
Cascade activation functions[9]      :   FANN_COS
Cascade activation steepnesses[0]    :   0.250
Cascade activation steepnesses[1]    :   0.500
Cascade activation steepnesses[2]    :   0.750
Cascade activation steepnesses[3]    :   1.000
Cascade candidate groups             :   2
Cascade no. of candidates            :  80
Start training network with 2-algorithm in FANN
Max epochs     8000. Desired error: 0.0010000000.
Epochs            1. Current error: 0.0079133548. Bit fail 150.
Epochs          100. Current error: 0.0086791674. Bit fail 180.
Epochs          200. Current error: 0.0082621314. Bit fail 173.
Epochs          300. Current error: 0.0080417451. Bit fail 167.
Epochs          400. Current error: 0.0077468748. Bit fail 158.
Epochs          500. Current error: 0.0075827460. Bit fail 156.
Epochs          600. Current error: 0.0074484800. Bit fail 152.
Epochs          700. Current error: 0.0073022670. Bit fail 156.
Epochs          800. Current error: 0.0072257910. Bit fail 147.
Epochs          900. Current error: 0.0071865390. Bit fail 146.
Epochs         1000. Current error: 0.0070796628. Bit fail 140.
Epochs         1100. Current error: 0.0069915745. Bit fail 140.
Epochs         1200. Current error: 0.0069428128. Bit fail 138.
Epochs         1300. Current error: 0.0069013536. Bit fail 136.
Epochs         1400. Current error: 0.0068595116. Bit fail 139.
Epochs         1500. Current error: 0.0068201120. Bit fail 137.
Epochs         1600. Current error: 0.0067786998. Bit fail 136.
Epochs         1700. Current error: 0.0067537525. Bit fail 137.
Epochs         1800. Current error: 0.0067262221. Bit fail 136.
Epochs         1900. Current error: 0.0067064362. Bit fail 132.
Epochs         2000. Current error: 0.0066890246. Bit fail 133.
Epochs         2100. Current error: 0.0066728280. Bit fail 132.
Epochs         2200. Current error: 0.0066511338. Bit fail 132.
Epochs         2300. Current error: 0.0066395397. Bit fail 133.
Epochs         2400. Current error: 0.0066216444. Bit fail 131.
Epochs         2500. Current error: 0.0066061798. Bit fail 131.
Epochs         2600. Current error: 0.0065446920. Bit fail 130.
Epochs         2700. Current error: 0.0064712265. Bit fail 130.
Epochs         2800. Current error: 0.0064489525. Bit fail 133.
Epochs         2900. Current error: 0.0064261053. Bit fail 132.
Epochs         3000. Current error: 0.0064109871. Bit fail 131.
Epochs         3100. Current error: 0.0063842493. Bit fail 130.
Epochs         3200. Current error: 0.0063609192. Bit fail 129.
Epochs         3300. Current error: 0.0063303905. Bit fail 130.
Epochs         3400. Current error: 0.0062927753. Bit fail 129.
Epochs         3500. Current error: 0.0062619168. Bit fail 130.
Epochs         3600. Current error: 0.0062331068. Bit fail 132.
Epochs         3700. Current error: 0.0062062968. Bit fail 130.
Epochs         3800. Current error: 0.0061732568. Bit fail 131.
Epochs         3900. Current error: 0.0061389576. Bit fail 132.
Epochs         4000. Current error: 0.0061081662. Bit fail 132.
Epochs         4100. Current error: 0.0060867625. Bit fail 131.
Epochs         4200. Current error: 0.0060525951. Bit fail 129.
Epochs         4300. Current error: 0.0060138032. Bit fail 127.
Epochs         4400. Current error: 0.0059873108. Bit fail 123.
Epochs         4500. Current error: 0.0059527336. Bit fail 123.
Epochs         4600. Current error: 0.0059180595. Bit fail 123.
Epochs         4700. Current error: 0.0058931559. Bit fail 123.
Epochs         4800. Current error: 0.0058632731. Bit fail 123.
Epochs         4900. Current error: 0.0058289100. Bit fail 120.
Epochs         5000. Current error: 0.0057975994. Bit fail 120.
Epochs         5100. Current error: 0.0057696886. Bit fail 121.
Epochs         5200. Current error: 0.0057271360. Bit fail 121.
Epochs         5300. Current error: 0.0056913132. Bit fail 115.
Epochs         5400. Current error: 0.0056711012. Bit fail 113.
Epochs         5500. Current error: 0.0056465333. Bit fail 114.
Epochs         5600. Current error: 0.0056208856. Bit fail 115.
Epochs         5700. Current error: 0.0055990890. Bit fail 115.
Epochs         5800. Current error: 0.0055739856. Bit fail 115.
Epochs         5900. Current error: 0.0055533340. Bit fail 112.
Epochs         6000. Current error: 0.0055345790. Bit fail 112.
Epochs         6100. Current error: 0.0055167424. Bit fail 113.
Epochs         6200. Current error: 0.0054990663. Bit fail 111.
Epochs         6300. Current error: 0.0054727797. Bit fail 111.
Epochs         6400. Current error: 0.0054397350. Bit fail 111.
Epochs         6500. Current error: 0.0054103150. Bit fail 108.
Epochs         6600. Current error: 0.0053821541. Bit fail 108.
Epochs         6700. Current error: 0.0053518717. Bit fail 107.
Epochs         6800. Current error: 0.0053283637. Bit fail 103.
Epochs         6900. Current error: 0.0053130677. Bit fail 100.
Epochs         7000. Current error: 0.0052896077. Bit fail 100.
Epochs         7100. Current error: 0.0052734367. Bit fail 99.
Epochs         7200. Current error: 0.0052556721. Bit fail 98.
Epochs         7300. Current error: 0.0052323355. Bit fail 99.
Epochs         7400. Current error: 0.0052155466. Bit fail 99.
Epochs         7500. Current error: 0.0052019954. Bit fail 99.
Epochs         7600. Current error: 0.0051812013. Bit fail 98.
Epochs         7700. Current error: 0.0051738485. Bit fail 98.
Epochs         7800. Current error: 0.0051605916. Bit fail 97.
Epochs         7900. Current error: 0.0051590344. Bit fail 97.
Epochs         8000. Current error: 0.0051523680. Bit fail 97.
Time elpased for FANN training: 446.005150 seconds
Trained Network by GA+FANN is saved in 
./ALL_S6_959126400_hveto_channels_signif_dt_set_0_training_n70n10n1_c10_mr02_p10000_g100_rmin-25_rmax25_gsigma1_y1001_z05_f05g09_m8000.net.
Total Running Time: 33634.601277 seconds
