Creating network.
The layer structure is following:
[70, 10, 1]
Setting newtork parameters
Getting training data : ALL_S6_959126400_hveto_channels_signif_dt_set_8_training.pat
Setting GA training parameters
Start running GA
Gen. 0 (0.00%): Max/Min/Avg Fitness(Raw) [25.75(61.62)/19.27(1.02)/21.46(21.46)]
Gen. 1 (1.00%): Max/Min/Avg Fitness(Raw) [65.97(65.85)/0.00(1.06)/59.57(59.57)]
Gen. 2 (2.00%): Max/Min/Avg Fitness(Raw) [67.66(67.56)/0.00(1.02)/61.81(61.81)]
Gen. 3 (3.00%): Max/Min/Avg Fitness(Raw) [69.05(68.95)/0.00(1.02)/62.98(62.98)]
Gen. 4 (4.00%): Max/Min/Avg Fitness(Raw) [71.29(71.19)/0.00(1.02)/65.05(65.05)]
Gen. 5 (5.00%): Max/Min/Avg Fitness(Raw) [72.22(72.14)/0.00(1.02)/67.06(67.06)]
Gen. 6 (6.00%): Max/Min/Avg Fitness(Raw) [73.00(72.92)/0.00(1.02)/67.84(67.84)]
Gen. 7 (7.00%): Max/Min/Avg Fitness(Raw) [73.89(73.80)/0.00(1.03)/67.91(67.91)]
Gen. 8 (8.00%): Max/Min/Avg Fitness(Raw) [74.60(74.53)/0.00(1.03)/69.63(69.63)]
Gen. 9 (9.00%): Max/Min/Avg Fitness(Raw) [75.99(75.90)/0.00(1.03)/69.64(69.64)]
Gen. 10 (10.00%): Max/Min/Avg Fitness(Raw) [76.80(76.71)/0.00(1.02)/70.79(70.79)]
Gen. 11 (11.00%): Max/Min/Avg Fitness(Raw) [78.14(78.03)/0.00(1.02)/71.12(71.12)]
Gen. 12 (12.00%): Max/Min/Avg Fitness(Raw) [79.24(79.14)/0.00(1.02)/72.46(72.46)]
Gen. 13 (13.00%): Max/Min/Avg Fitness(Raw) [80.72(80.62)/0.00(1.02)/73.23(73.23)]
Gen. 14 (14.00%): Max/Min/Avg Fitness(Raw) [82.10(81.98)/0.00(1.02)/73.78(73.78)]
Gen. 15 (15.00%): Max/Min/Avg Fitness(Raw) [83.52(83.41)/0.00(1.02)/75.59(75.59)]
Gen. 16 (16.00%): Max/Min/Avg Fitness(Raw) [85.29(85.18)/0.00(1.02)/77.02(77.02)]
Gen. 17 (17.00%): Max/Min/Avg Fitness(Raw) [86.82(86.71)/0.00(1.02)/78.55(78.55)]
Gen. 18 (18.00%): Max/Min/Avg Fitness(Raw) [88.19(88.08)/0.00(1.02)/79.54(79.54)]
Gen. 19 (19.00%): Max/Min/Avg Fitness(Raw) [88.95(88.85)/0.00(1.02)/80.63(80.63)]
Gen. 20 (20.00%): Max/Min/Avg Fitness(Raw) [89.61(89.50)/0.00(1.02)/81.46(81.46)]
Gen. 21 (21.00%): Max/Min/Avg Fitness(Raw) [90.35(90.24)/0.00(1.02)/82.01(82.01)]
Gen. 22 (22.00%): Max/Min/Avg Fitness(Raw) [91.04(90.93)/0.00(1.02)/82.30(82.30)]
Gen. 23 (23.00%): Max/Min/Avg Fitness(Raw) [91.83(91.73)/0.00(1.02)/83.01(83.01)]
Gen. 24 (24.00%): Max/Min/Avg Fitness(Raw) [92.67(92.56)/0.00(1.03)/83.89(83.89)]
Gen. 25 (25.00%): Max/Min/Avg Fitness(Raw) [93.08(92.98)/0.00(1.02)/84.83(84.83)]
Gen. 26 (26.00%): Max/Min/Avg Fitness(Raw) [93.71(93.61)/0.00(1.02)/85.05(85.05)]
Gen. 27 (27.00%): Max/Min/Avg Fitness(Raw) [94.50(94.39)/0.00(1.02)/85.45(85.45)]
Gen. 28 (28.00%): Max/Min/Avg Fitness(Raw) [95.12(95.01)/0.00(1.02)/86.12(86.12)]
Gen. 29 (29.00%): Max/Min/Avg Fitness(Raw) [95.60(95.49)/0.00(1.02)/86.33(86.33)]
Gen. 30 (30.00%): Max/Min/Avg Fitness(Raw) [96.01(95.90)/0.00(1.07)/86.76(86.76)]
Gen. 31 (31.00%): Max/Min/Avg Fitness(Raw) [96.71(96.59)/0.00(1.02)/86.75(86.75)]
Gen. 32 (32.00%): Max/Min/Avg Fitness(Raw) [97.21(97.10)/0.00(1.07)/88.05(88.05)]
Gen. 33 (33.00%): Max/Min/Avg Fitness(Raw) [97.68(97.57)/0.00(1.03)/88.19(88.19)]
Gen. 34 (34.00%): Max/Min/Avg Fitness(Raw) [98.54(98.42)/0.00(1.04)/88.57(88.57)]
Gen. 35 (35.00%): Max/Min/Avg Fitness(Raw) [99.23(99.12)/0.00(1.02)/89.20(89.20)]
Gen. 36 (36.00%): Max/Min/Avg Fitness(Raw) [99.65(99.53)/0.00(1.02)/89.90(89.90)]
Gen. 37 (37.00%): Max/Min/Avg Fitness(Raw) [100.30(100.19)/0.00(1.02)/90.45(90.45)]
Gen. 38 (38.00%): Max/Min/Avg Fitness(Raw) [100.87(100.76)/0.00(1.02)/91.13(91.13)]
Gen. 39 (39.00%): Max/Min/Avg Fitness(Raw) [101.42(101.31)/0.00(1.02)/91.67(91.67)]
Gen. 40 (40.00%): Max/Min/Avg Fitness(Raw) [101.80(101.69)/0.00(1.02)/91.63(91.63)]
Gen. 41 (41.00%): Max/Min/Avg Fitness(Raw) [102.13(102.02)/0.00(1.02)/92.34(92.34)]
Gen. 42 (42.00%): Max/Min/Avg Fitness(Raw) [102.30(102.19)/0.00(1.02)/92.28(92.28)]
Gen. 43 (43.00%): Max/Min/Avg Fitness(Raw) [102.69(102.57)/0.00(1.02)/92.05(92.05)]
Gen. 44 (44.00%): Max/Min/Avg Fitness(Raw) [102.96(102.85)/0.00(1.02)/92.97(92.97)]
Gen. 45 (45.00%): Max/Min/Avg Fitness(Raw) [103.27(103.15)/0.00(1.03)/92.70(92.70)]
Gen. 46 (46.00%): Max/Min/Avg Fitness(Raw) [103.62(103.50)/0.00(1.02)/93.14(93.14)]
Gen. 47 (47.00%): Max/Min/Avg Fitness(Raw) [103.96(103.84)/0.00(1.05)/93.65(93.65)]
Gen. 48 (48.00%): Max/Min/Avg Fitness(Raw) [104.26(104.14)/0.00(1.03)/93.71(93.71)]
Gen. 49 (49.00%): Max/Min/Avg Fitness(Raw) [104.48(104.36)/0.00(1.02)/93.61(93.61)]
Gen. 50 (50.00%): Max/Min/Avg Fitness(Raw) [104.87(104.75)/0.00(1.02)/94.27(94.27)]
Gen. 51 (51.00%): Max/Min/Avg Fitness(Raw) [105.25(105.13)/0.00(1.02)/94.47(94.47)]
Gen. 52 (52.00%): Max/Min/Avg Fitness(Raw) [105.71(105.60)/0.00(1.02)/94.77(94.77)]
Gen. 53 (53.00%): Max/Min/Avg Fitness(Raw) [105.96(105.84)/0.00(1.02)/95.24(95.24)]
Gen. 54 (54.00%): Max/Min/Avg Fitness(Raw) [106.61(106.49)/0.00(1.02)/95.62(95.62)]
Gen. 55 (55.00%): Max/Min/Avg Fitness(Raw) [107.04(106.91)/0.00(1.10)/95.98(95.98)]
Gen. 56 (56.00%): Max/Min/Avg Fitness(Raw) [107.22(107.11)/0.00(1.02)/96.14(96.14)]
Gen. 57 (57.00%): Max/Min/Avg Fitness(Raw) [107.51(107.40)/0.00(1.02)/96.51(96.51)]
Gen. 58 (58.00%): Max/Min/Avg Fitness(Raw) [108.38(108.26)/0.00(1.02)/96.64(96.64)]
Gen. 59 (59.00%): Max/Min/Avg Fitness(Raw) [108.88(108.75)/0.00(1.05)/97.14(97.14)]
Gen. 60 (60.00%): Max/Min/Avg Fitness(Raw) [109.34(109.21)/0.00(1.02)/97.42(97.42)]
Gen. 61 (61.00%): Max/Min/Avg Fitness(Raw) [109.52(109.40)/0.00(1.02)/97.80(97.80)]
Gen. 62 (62.00%): Max/Min/Avg Fitness(Raw) [109.90(109.78)/0.00(1.02)/98.02(98.02)]
Gen. 63 (63.00%): Max/Min/Avg Fitness(Raw) [110.12(110.00)/0.00(1.02)/98.28(98.28)]
Gen. 64 (64.00%): Max/Min/Avg Fitness(Raw) [110.35(110.23)/0.00(1.02)/98.70(98.70)]
Gen. 65 (65.00%): Max/Min/Avg Fitness(Raw) [110.72(110.60)/0.00(1.02)/99.09(99.09)]
Gen. 66 (66.00%): Max/Min/Avg Fitness(Raw) [111.08(110.96)/0.00(1.02)/99.36(99.36)]
Gen. 67 (67.00%): Max/Min/Avg Fitness(Raw) [111.30(111.18)/0.00(1.02)/99.44(99.44)]
Gen. 68 (68.00%): Max/Min/Avg Fitness(Raw) [111.63(111.51)/0.00(1.02)/99.67(99.67)]
Gen. 69 (69.00%): Max/Min/Avg Fitness(Raw) [111.84(111.71)/0.00(1.02)/99.61(99.61)]
Gen. 70 (70.00%): Max/Min/Avg Fitness(Raw) [112.01(111.88)/0.00(1.06)/100.16(100.16)]
Gen. 71 (71.00%): Max/Min/Avg Fitness(Raw) [112.11(111.98)/0.00(1.02)/99.99(99.99)]
Gen. 72 (72.00%): Max/Min/Avg Fitness(Raw) [112.21(112.09)/0.00(1.02)/99.78(99.78)]
Gen. 73 (73.00%): Max/Min/Avg Fitness(Raw) [112.39(112.27)/0.00(1.02)/100.37(100.37)]
Gen. 74 (74.00%): Max/Min/Avg Fitness(Raw) [112.53(112.41)/0.00(1.03)/100.48(100.48)]
Gen. 75 (75.00%): Max/Min/Avg Fitness(Raw) [112.76(112.64)/0.00(1.03)/100.64(100.64)]
Gen. 76 (76.00%): Max/Min/Avg Fitness(Raw) [112.95(112.83)/0.00(1.02)/100.58(100.58)]
Gen. 77 (77.00%): Max/Min/Avg Fitness(Raw) [113.22(113.09)/0.00(1.02)/100.84(100.84)]
Gen. 78 (78.00%): Max/Min/Avg Fitness(Raw) [113.54(113.41)/0.00(1.06)/100.77(100.77)]
Gen. 79 (79.00%): Max/Min/Avg Fitness(Raw) [113.62(113.50)/0.00(1.02)/101.55(101.55)]
Gen. 80 (80.00%): Max/Min/Avg Fitness(Raw) [113.75(113.63)/0.00(1.02)/101.42(101.42)]
Gen. 81 (81.00%): Max/Min/Avg Fitness(Raw) [113.99(113.86)/0.00(1.07)/101.71(101.71)]
Gen. 82 (82.00%): Max/Min/Avg Fitness(Raw) [114.21(114.07)/0.00(1.08)/101.62(101.62)]
Gen. 83 (83.00%): Max/Min/Avg Fitness(Raw) [114.72(114.59)/0.00(1.02)/101.91(101.91)]
Gen. 84 (84.00%): Max/Min/Avg Fitness(Raw) [115.21(115.08)/0.00(1.08)/102.61(102.61)]
Gen. 85 (85.00%): Max/Min/Avg Fitness(Raw) [115.46(115.33)/0.00(1.08)/102.88(102.88)]
Gen. 86 (86.00%): Max/Min/Avg Fitness(Raw) [115.63(115.51)/0.00(1.02)/102.77(102.77)]
Gen. 87 (87.00%): Max/Min/Avg Fitness(Raw) [115.75(115.62)/0.00(1.02)/103.01(103.01)]
Gen. 88 (88.00%): Max/Min/Avg Fitness(Raw) [115.88(115.76)/0.00(1.02)/103.41(103.41)]
Gen. 89 (89.00%): Max/Min/Avg Fitness(Raw) [116.09(115.96)/0.00(1.02)/103.34(103.34)]
Gen. 90 (90.00%): Max/Min/Avg Fitness(Raw) [116.21(116.09)/0.00(1.02)/103.37(103.37)]
Gen. 91 (91.00%): Max/Min/Avg Fitness(Raw) [117.06(116.92)/0.00(1.02)/103.47(103.47)]
Gen. 92 (92.00%): Max/Min/Avg Fitness(Raw) [117.60(117.47)/0.00(1.02)/104.65(104.65)]
Gen. 93 (93.00%): Max/Min/Avg Fitness(Raw) [117.78(117.66)/0.00(1.02)/104.91(104.91)]
Gen. 94 (94.00%): Max/Min/Avg Fitness(Raw) [117.99(117.85)/0.00(1.08)/104.77(104.77)]
Gen. 95 (95.00%): Max/Min/Avg Fitness(Raw) [118.11(117.98)/0.00(1.02)/104.90(104.90)]
Gen. 96 (96.00%): Max/Min/Avg Fitness(Raw) [118.24(118.11)/0.00(1.02)/105.24(105.24)]
Gen. 97 (97.00%): Max/Min/Avg Fitness(Raw) [118.38(118.25)/0.00(1.02)/105.15(105.15)]
Gen. 98 (98.00%): Max/Min/Avg Fitness(Raw) [118.50(118.37)/0.00(1.02)/105.16(105.16)]
Gen. 99 (99.00%): Max/Min/Avg Fitness(Raw) [118.54(118.41)/0.00(1.06)/104.87(104.87)]
Gen. 100 (100.00%): Max/Min/Avg Fitness(Raw) [118.87(118.74)/0.00(1.02)/105.60(105.60)]
Total time elapsed: 33766.311 seconds.
GA MSE : 0.008664
Best initial connection wetighs are set on Network
Setting FANN training parameters
Input layer                          :  70 neurons, 1 bias
  Hidden layer                       :  10 neurons, 1 bias
Output layer                         :   1 neurons
Total neurons and biases             :  83
Total connections                    : 721
Connection rate                      :   1.000
Network type                         :   FANN_NETTYPE_LAYER
Training algorithm                   :   FANN_TRAIN_RPROP
Training error function              :   FANN_ERRORFUNC_TANH
Training stop function               :   FANN_STOPFUNC_MSE
Bit fail limit                       :   0.350
Learning rate                        :   0.700
Learning momentum                    :   0.000
Quickprop decay                      :  -0.000100
Quickprop mu                         :   1.750
RPROP increase factor                :   1.001
RPROP decrease factor                :   0.500
RPROP delta min                      :   0.000
RPROP delta max                      :  50.000
Cascade output change fraction       :   0.010000
Cascade candidate change fraction    :   0.010000
Cascade output stagnation epochs     :  12
Cascade candidate stagnation epochs  :  12
Cascade max output epochs            : 150
Cascade max candidate epochs         : 150
Cascade weight multiplier            :   0.400
Cascade candidate limit              :1000.000
Cascade activation functions[0]      :   FANN_SIGMOID
Cascade activation functions[1]      :   FANN_SIGMOID_SYMMETRIC
Cascade activation functions[2]      :   FANN_GAUSSIAN
Cascade activation functions[3]      :   FANN_GAUSSIAN_SYMMETRIC
Cascade activation functions[4]      :   FANN_ELLIOT
Cascade activation functions[5]      :   FANN_ELLIOT_SYMMETRIC
Cascade activation functions[6]      :   FANN_SIN_SYMMETRIC
Cascade activation functions[7]      :   FANN_COS_SYMMETRIC
Cascade activation functions[8]      :   FANN_SIN
Cascade activation functions[9]      :   FANN_COS
Cascade activation steepnesses[0]    :   0.250
Cascade activation steepnesses[1]    :   0.500
Cascade activation steepnesses[2]    :   0.750
Cascade activation steepnesses[3]    :   1.000
Cascade candidate groups             :   2
Cascade no. of candidates            :  80
Start training network with 2-algorithm in FANN
Max epochs     8000. Desired error: 0.0010000000.
Epochs            1. Current error: 0.0084214965. Bit fail 158.
Epochs          100. Current error: 0.0085255075. Bit fail 165.
Epochs          200. Current error: 0.0084702810. Bit fail 172.
Epochs          300. Current error: 0.0082405256. Bit fail 172.
Epochs          400. Current error: 0.0080734724. Bit fail 165.
Epochs          500. Current error: 0.0079531400. Bit fail 163.
Epochs          600. Current error: 0.0078743966. Bit fail 156.
Epochs          700. Current error: 0.0077983141. Bit fail 156.
Epochs          800. Current error: 0.0077361376. Bit fail 155.
Epochs          900. Current error: 0.0076733059. Bit fail 154.
Epochs         1000. Current error: 0.0076097297. Bit fail 150.
Epochs         1100. Current error: 0.0075714299. Bit fail 149.
Epochs         1200. Current error: 0.0075176167. Bit fail 146.
Epochs         1300. Current error: 0.0074671409. Bit fail 145.
Epochs         1400. Current error: 0.0074149012. Bit fail 148.
Epochs         1500. Current error: 0.0073198974. Bit fail 147.
Epochs         1600. Current error: 0.0072471928. Bit fail 146.
Epochs         1700. Current error: 0.0072279144. Bit fail 145.
Epochs         1800. Current error: 0.0072005037. Bit fail 145.
Epochs         1900. Current error: 0.0071832989. Bit fail 146.
Epochs         2000. Current error: 0.0071390350. Bit fail 145.
Epochs         2100. Current error: 0.0070920694. Bit fail 143.
Epochs         2200. Current error: 0.0070519233. Bit fail 139.
Epochs         2300. Current error: 0.0070196935. Bit fail 139.
Epochs         2400. Current error: 0.0069932183. Bit fail 140.
Epochs         2500. Current error: 0.0069601852. Bit fail 139.
Epochs         2600. Current error: 0.0069230837. Bit fail 139.
Epochs         2700. Current error: 0.0068502286. Bit fail 137.
Epochs         2800. Current error: 0.0068150680. Bit fail 138.
Epochs         2900. Current error: 0.0067847786. Bit fail 138.
Epochs         3000. Current error: 0.0067521101. Bit fail 137.
Epochs         3100. Current error: 0.0067451256. Bit fail 136.
Epochs         3200. Current error: 0.0067345956. Bit fail 136.
Epochs         3300. Current error: 0.0067232326. Bit fail 139.
Epochs         3400. Current error: 0.0067190984. Bit fail 140.
Epochs         3500. Current error: 0.0067292135. Bit fail 137.
Epochs         3600. Current error: 0.0067133019. Bit fail 137.
Epochs         3700. Current error: 0.0066832397. Bit fail 137.
Epochs         3800. Current error: 0.0066414876. Bit fail 136.
Epochs         3900. Current error: 0.0066014081. Bit fail 135.
Epochs         4000. Current error: 0.0065720947. Bit fail 134.
Epochs         4100. Current error: 0.0065070130. Bit fail 130.
Epochs         4200. Current error: 0.0064798249. Bit fail 129.
Epochs         4300. Current error: 0.0064604832. Bit fail 131.
Epochs         4400. Current error: 0.0064603519. Bit fail 130.
Epochs         4500. Current error: 0.0064582820. Bit fail 130.
Epochs         4600. Current error: 0.0064328485. Bit fail 129.
Epochs         4700. Current error: 0.0063979882. Bit fail 131.
Epochs         4800. Current error: 0.0063574230. Bit fail 131.
Epochs         4900. Current error: 0.0063203434. Bit fail 130.
Epochs         5000. Current error: 0.0062903538. Bit fail 129.
Epochs         5100. Current error: 0.0062676226. Bit fail 126.
Epochs         5200. Current error: 0.0062460415. Bit fail 127.
Epochs         5300. Current error: 0.0062265415. Bit fail 127.
Epochs         5400. Current error: 0.0061992621. Bit fail 127.
Epochs         5500. Current error: 0.0061772880. Bit fail 126.
Epochs         5600. Current error: 0.0061541912. Bit fail 124.
Epochs         5700. Current error: 0.0061347196. Bit fail 124.
Epochs         5800. Current error: 0.0061166855. Bit fail 122.
Epochs         5900. Current error: 0.0061027948. Bit fail 123.
Epochs         6000. Current error: 0.0060483874. Bit fail 124.
Epochs         6100. Current error: 0.0060278778. Bit fail 124.
Epochs         6200. Current error: 0.0059961509. Bit fail 126.
Epochs         6300. Current error: 0.0059737377. Bit fail 125.
Epochs         6400. Current error: 0.0059500430. Bit fail 122.
Epochs         6500. Current error: 0.0059356024. Bit fail 121.
Epochs         6600. Current error: 0.0059240800. Bit fail 120.
Epochs         6700. Current error: 0.0059093456. Bit fail 120.
Epochs         6800. Current error: 0.0058971024. Bit fail 121.
Epochs         6900. Current error: 0.0058798217. Bit fail 120.
Epochs         7000. Current error: 0.0058589722. Bit fail 121.
Epochs         7100. Current error: 0.0058384766. Bit fail 121.
Epochs         7200. Current error: 0.0058191647. Bit fail 120.
Epochs         7300. Current error: 0.0058031487. Bit fail 119.
Epochs         7400. Current error: 0.0057862070. Bit fail 117.
Epochs         7500. Current error: 0.0057701580. Bit fail 115.
Epochs         7600. Current error: 0.0057464326. Bit fail 116.
Epochs         7700. Current error: 0.0057301261. Bit fail 115.
Epochs         7800. Current error: 0.0057125473. Bit fail 115.
Epochs         7900. Current error: 0.0056960760. Bit fail 115.
Epochs         8000. Current error: 0.0056728325. Bit fail 112.
Time elpased for FANN training: 463.687254 seconds
Trained Network by GA+FANN is saved in 
./ALL_S6_959126400_hveto_channels_signif_dt_set_8_training_n70n10n1_c10_mr02_p10000_g100_rmin-25_rmax25_gsigma1_y1001_z05_f05g09_m8000.net.
Total Running Time: 34230.405501 seconds
