Creating network.
The layer structure is following:
[70, 10, 1]
Setting newtork parameters
Getting training data : ALL_S6_959126400_hveto_channels_signif_dt_set_9_training.pat
Setting GA training parameters
Start running GA
Gen. 0 (0.00%): Max/Min/Avg Fitness(Raw) [25.88(62.31)/19.39(1.02)/21.57(21.57)]
Gen. 1 (0.50%): Max/Min/Avg Fitness(Raw) [69.92(69.11)/0.00(5.52)/61.00(61.00)]
Gen. 2 (1.00%): Max/Min/Avg Fitness(Raw) [73.87(73.64)/0.00(1.02)/60.30(60.30)]
Gen. 3 (1.50%): Max/Min/Avg Fitness(Raw) [77.25(77.03)/0.00(1.02)/63.71(63.71)]
Gen. 4 (2.00%): Max/Min/Avg Fitness(Raw) [79.74(79.54)/0.00(1.02)/66.50(66.50)]
Gen. 5 (2.50%): Max/Min/Avg Fitness(Raw) [80.95(80.73)/0.00(1.02)/66.20(66.20)]
Gen. 6 (3.00%): Max/Min/Avg Fitness(Raw) [82.26(82.01)/0.00(1.02)/66.25(66.25)]
Gen. 7 (3.50%): Max/Min/Avg Fitness(Raw) [83.61(83.37)/0.00(1.02)/67.43(67.43)]
Gen. 8 (4.00%): Max/Min/Avg Fitness(Raw) [84.64(84.41)/0.00(1.02)/68.87(68.87)]
Gen. 9 (4.50%): Max/Min/Avg Fitness(Raw) [86.49(86.24)/0.00(1.02)/69.46(69.46)]
Gen. 10 (5.00%): Max/Min/Avg Fitness(Raw) [87.53(87.28)/0.00(1.02)/70.39(70.39)]
Gen. 11 (5.50%): Max/Min/Avg Fitness(Raw) [88.99(88.74)/0.00(1.02)/71.13(71.13)]
Gen. 12 (6.00%): Max/Min/Avg Fitness(Raw) [89.88(89.62)/0.00(1.02)/71.54(71.54)]
Gen. 13 (6.50%): Max/Min/Avg Fitness(Raw) [90.93(90.68)/0.00(1.02)/72.92(72.92)]
Gen. 14 (7.00%): Max/Min/Avg Fitness(Raw) [91.38(91.11)/0.00(1.02)/72.76(72.76)]
Gen. 15 (7.50%): Max/Min/Avg Fitness(Raw) [92.31(92.03)/0.00(1.02)/72.68(72.68)]
Gen. 16 (8.00%): Max/Min/Avg Fitness(Raw) [93.33(93.06)/0.00(1.02)/73.61(73.61)]
Gen. 17 (8.50%): Max/Min/Avg Fitness(Raw) [93.91(93.66)/0.00(1.02)/75.22(75.22)]
Gen. 18 (9.00%): Max/Min/Avg Fitness(Raw) [94.49(94.23)/0.00(1.02)/75.12(75.12)]
Gen. 19 (9.50%): Max/Min/Avg Fitness(Raw) [95.47(95.20)/0.00(1.02)/75.32(75.32)]
Gen. 20 (10.00%): Max/Min/Avg Fitness(Raw) [96.44(96.17)/0.00(1.02)/76.28(76.28)]
Gen. 21 (10.50%): Max/Min/Avg Fitness(Raw) [97.25(96.98)/0.00(1.02)/76.83(76.83)]
Gen. 22 (11.00%): Max/Min/Avg Fitness(Raw) [97.93(97.66)/0.00(1.02)/77.37(77.37)]
Gen. 23 (11.50%): Max/Min/Avg Fitness(Raw) [98.94(98.65)/0.00(1.02)/77.04(77.04)]
Gen. 24 (12.00%): Max/Min/Avg Fitness(Raw) [99.70(99.42)/0.00(1.03)/78.24(78.24)]
Gen. 25 (12.50%): Max/Min/Avg Fitness(Raw) [100.64(100.34)/0.00(1.02)/77.84(77.84)]
Gen. 26 (13.00%): Max/Min/Avg Fitness(Raw) [101.77(101.48)/0.00(1.02)/79.09(79.09)]
Gen. 27 (13.50%): Max/Min/Avg Fitness(Raw) [102.55(102.25)/0.00(1.02)/79.45(79.45)]
Gen. 28 (14.00%): Max/Min/Avg Fitness(Raw) [103.07(102.77)/0.00(1.02)/79.74(79.74)]
Gen. 29 (14.50%): Max/Min/Avg Fitness(Raw) [103.64(103.34)/0.00(1.02)/80.40(80.40)]
Gen. 30 (15.00%): Max/Min/Avg Fitness(Raw) [103.92(103.62)/0.00(1.02)/80.67(80.67)]
Gen. 31 (15.50%): Max/Min/Avg Fitness(Raw) [104.38(104.08)/0.00(1.02)/80.99(80.99)]
Gen. 32 (16.00%): Max/Min/Avg Fitness(Raw) [104.72(104.44)/0.00(1.02)/81.94(81.94)]
Gen. 33 (16.50%): Max/Min/Avg Fitness(Raw) [105.04(104.74)/0.00(1.02)/81.28(81.28)]
Gen. 34 (17.00%): Max/Min/Avg Fitness(Raw) [105.71(105.42)/0.00(1.02)/82.20(82.20)]
Gen. 35 (17.50%): Max/Min/Avg Fitness(Raw) [106.08(105.78)/0.00(1.02)/81.79(81.79)]
Gen. 36 (18.00%): Max/Min/Avg Fitness(Raw) [106.44(106.14)/0.00(1.02)/81.92(81.92)]
Gen. 37 (18.50%): Max/Min/Avg Fitness(Raw) [106.60(106.30)/0.00(1.02)/82.50(82.50)]
Gen. 38 (19.00%): Max/Min/Avg Fitness(Raw) [106.85(106.55)/0.00(1.02)/82.55(82.55)]
Gen. 39 (19.50%): Max/Min/Avg Fitness(Raw) [107.34(107.04)/0.00(1.02)/83.11(83.11)]
Gen. 40 (20.00%): Max/Min/Avg Fitness(Raw) [107.55(107.25)/0.00(1.02)/83.04(83.04)]
Gen. 41 (20.50%): Max/Min/Avg Fitness(Raw) [107.78(107.47)/0.00(1.02)/83.13(83.13)]
Gen. 42 (21.00%): Max/Min/Avg Fitness(Raw) [108.10(107.80)/0.00(1.02)/83.71(83.71)]
Gen. 43 (21.50%): Max/Min/Avg Fitness(Raw) [108.71(108.40)/0.00(1.02)/83.06(83.06)]
Gen. 44 (22.00%): Max/Min/Avg Fitness(Raw) [108.97(108.67)/0.00(1.02)/84.62(84.62)]
Gen. 45 (22.50%): Max/Min/Avg Fitness(Raw) [109.13(108.86)/0.00(1.02)/86.12(86.12)]
Gen. 46 (23.00%): Max/Min/Avg Fitness(Raw) [109.36(109.07)/0.00(1.02)/84.80(84.80)]
Gen. 47 (23.50%): Max/Min/Avg Fitness(Raw) [109.61(109.33)/0.00(1.02)/85.87(85.87)]
Gen. 48 (24.00%): Max/Min/Avg Fitness(Raw) [110.33(110.03)/0.00(1.02)/85.22(85.22)]
Gen. 49 (24.50%): Max/Min/Avg Fitness(Raw) [110.85(110.56)/0.00(1.02)/85.96(85.96)]
Gen. 50 (25.00%): Max/Min/Avg Fitness(Raw) [111.45(111.15)/0.00(1.02)/86.60(86.60)]
Gen. 51 (25.50%): Max/Min/Avg Fitness(Raw) [111.82(111.53)/0.00(1.02)/87.10(87.10)]
Gen. 52 (26.00%): Max/Min/Avg Fitness(Raw) [112.06(111.77)/0.00(1.02)/86.98(86.98)]
Gen. 53 (26.50%): Max/Min/Avg Fitness(Raw) [112.41(112.12)/0.00(1.02)/87.63(87.63)]
Gen. 54 (27.00%): Max/Min/Avg Fitness(Raw) [112.68(112.39)/0.00(1.02)/87.69(87.69)]
Gen. 55 (27.50%): Max/Min/Avg Fitness(Raw) [112.85(112.57)/0.00(1.02)/88.09(88.09)]
Gen. 56 (28.00%): Max/Min/Avg Fitness(Raw) [113.02(112.73)/0.00(1.02)/88.65(88.65)]
Gen. 57 (28.50%): Max/Min/Avg Fitness(Raw) [113.19(112.90)/0.00(1.02)/87.89(87.89)]
Gen. 58 (29.00%): Max/Min/Avg Fitness(Raw) [113.39(113.09)/0.00(1.02)/87.79(87.79)]
Gen. 59 (29.50%): Max/Min/Avg Fitness(Raw) [113.54(113.24)/0.00(1.02)/87.28(87.28)]
Gen. 60 (30.00%): Max/Min/Avg Fitness(Raw) [113.64(113.33)/0.00(1.02)/87.42(87.42)]
Gen. 61 (30.50%): Max/Min/Avg Fitness(Raw) [113.93(113.61)/0.00(1.05)/87.00(87.00)]
Gen. 62 (31.00%): Max/Min/Avg Fitness(Raw) [114.13(113.82)/0.00(1.02)/87.62(87.62)]
Gen. 63 (31.50%): Max/Min/Avg Fitness(Raw) [114.19(113.88)/0.00(1.02)/87.45(87.45)]
Gen. 64 (32.00%): Max/Min/Avg Fitness(Raw) [114.38(114.08)/0.00(1.02)/87.91(87.91)]
Gen. 65 (32.50%): Max/Min/Avg Fitness(Raw) [114.48(114.17)/0.00(1.02)/88.31(88.31)]
Gen. 66 (33.00%): Max/Min/Avg Fitness(Raw) [114.66(114.35)/0.00(1.02)/88.06(88.06)]
Gen. 67 (33.50%): Max/Min/Avg Fitness(Raw) [114.71(114.42)/0.00(1.02)/89.20(89.20)]
Gen. 68 (34.00%): Max/Min/Avg Fitness(Raw) [114.79(114.49)/0.00(1.02)/88.77(88.77)]
Gen. 69 (34.50%): Max/Min/Avg Fitness(Raw) [115.09(114.78)/0.00(1.02)/88.81(88.81)]
Gen. 70 (35.00%): Max/Min/Avg Fitness(Raw) [115.29(115.01)/0.00(1.02)/90.28(90.28)]
Gen. 71 (35.50%): Max/Min/Avg Fitness(Raw) [115.47(115.18)/0.00(1.02)/89.51(89.51)]
Gen. 72 (36.00%): Max/Min/Avg Fitness(Raw) [115.79(115.51)/0.00(1.02)/90.52(90.52)]
Gen. 73 (36.50%): Max/Min/Avg Fitness(Raw) [115.95(115.64)/0.00(1.02)/89.17(89.17)]
Gen. 74 (37.00%): Max/Min/Avg Fitness(Raw) [116.29(115.98)/0.00(1.02)/89.63(89.63)]
Gen. 75 (37.50%): Max/Min/Avg Fitness(Raw) [116.56(116.25)/0.00(1.02)/89.44(89.44)]
Gen. 76 (38.00%): Max/Min/Avg Fitness(Raw) [116.93(116.62)/0.00(1.02)/89.65(89.65)]
Gen. 77 (38.50%): Max/Min/Avg Fitness(Raw) [117.34(117.03)/0.00(1.02)/90.10(90.10)]
Gen. 78 (39.00%): Max/Min/Avg Fitness(Raw) [117.47(117.16)/0.00(1.02)/89.92(89.92)]
Gen. 79 (39.50%): Max/Min/Avg Fitness(Raw) [117.86(117.55)/0.00(1.02)/90.74(90.74)]
Gen. 80 (40.00%): Max/Min/Avg Fitness(Raw) [118.08(117.77)/0.00(1.02)/90.65(90.65)]
Gen. 81 (40.50%): Max/Min/Avg Fitness(Raw) [118.67(118.36)/0.00(1.02)/91.11(91.11)]
Gen. 82 (41.00%): Max/Min/Avg Fitness(Raw) [118.75(118.44)/0.00(1.02)/90.83(90.83)]
Gen. 83 (41.50%): Max/Min/Avg Fitness(Raw) [118.88(118.56)/0.00(1.02)/90.75(90.75)]
Gen. 84 (42.00%): Max/Min/Avg Fitness(Raw) [119.00(118.71)/0.00(1.02)/92.39(92.39)]
Gen. 85 (42.50%): Max/Min/Avg Fitness(Raw) [119.17(118.88)/0.00(1.02)/92.52(92.52)]
Gen. 86 (43.00%): Max/Min/Avg Fitness(Raw) [119.61(119.29)/0.00(1.02)/91.35(91.35)]
Gen. 87 (43.50%): Max/Min/Avg Fitness(Raw) [119.86(119.55)/0.00(1.02)/91.97(91.97)]
Gen. 88 (44.00%): Max/Min/Avg Fitness(Raw) [120.05(119.75)/0.00(1.02)/92.62(92.62)]
Gen. 89 (44.50%): Max/Min/Avg Fitness(Raw) [120.11(119.79)/0.00(1.02)/91.97(91.97)]
Gen. 90 (45.00%): Max/Min/Avg Fitness(Raw) [120.28(119.96)/0.00(1.02)/91.72(91.72)]
Gen. 91 (45.50%): Max/Min/Avg Fitness(Raw) [120.41(120.11)/0.00(1.02)/93.03(93.03)]
Gen. 92 (46.00%): Max/Min/Avg Fitness(Raw) [120.58(120.27)/0.00(1.02)/92.46(92.46)]
Gen. 93 (46.50%): Max/Min/Avg Fitness(Raw) [121.82(121.49)/0.00(1.02)/92.43(92.43)]
Gen. 94 (47.00%): Max/Min/Avg Fitness(Raw) [122.22(121.91)/0.00(1.02)/93.90(93.90)]
Gen. 95 (47.50%): Max/Min/Avg Fitness(Raw) [122.36(122.04)/0.00(1.02)/93.29(93.29)]
Gen. 96 (48.00%): Max/Min/Avg Fitness(Raw) [122.83(122.52)/0.00(1.02)/93.85(93.85)]
Gen. 97 (48.50%): Max/Min/Avg Fitness(Raw) [122.98(122.68)/0.00(1.02)/94.91(94.91)]
Gen. 98 (49.00%): Max/Min/Avg Fitness(Raw) [123.22(122.91)/0.00(1.02)/94.55(94.55)]
Gen. 99 (49.50%): Max/Min/Avg Fitness(Raw) [123.47(123.15)/0.00(1.04)/94.58(94.58)]
Gen. 100 (50.00%): Max/Min/Avg Fitness(Raw) [123.92(123.63)/0.00(1.02)/96.75(96.75)]
Gen. 101 (50.50%): Max/Min/Avg Fitness(Raw) [124.20(123.89)/0.00(1.02)/95.16(95.16)]
Gen. 102 (51.00%): Max/Min/Avg Fitness(Raw) [124.40(124.09)/0.00(1.02)/95.50(95.50)]
Gen. 103 (51.50%): Max/Min/Avg Fitness(Raw) [124.56(124.25)/0.00(1.02)/95.69(95.69)]
Gen. 104 (52.00%): Max/Min/Avg Fitness(Raw) [125.04(124.74)/0.00(1.02)/96.30(96.30)]
Gen. 105 (52.50%): Max/Min/Avg Fitness(Raw) [125.20(124.90)/0.00(1.02)/96.95(96.95)]
Gen. 106 (53.00%): Max/Min/Avg Fitness(Raw) [125.48(125.17)/0.00(1.02)/96.47(96.47)]
Gen. 107 (53.50%): Max/Min/Avg Fitness(Raw) [125.95(125.65)/0.00(1.02)/97.51(97.51)]
Gen. 108 (54.00%): Max/Min/Avg Fitness(Raw) [126.16(125.86)/0.00(1.02)/97.84(97.84)]
Gen. 109 (54.50%): Max/Min/Avg Fitness(Raw) [126.26(125.95)/0.00(1.02)/97.43(97.43)]
Gen. 110 (55.00%): Max/Min/Avg Fitness(Raw) [126.34(126.03)/0.00(1.02)/97.38(97.38)]
Gen. 111 (55.50%): Max/Min/Avg Fitness(Raw) [126.66(126.35)/0.00(1.02)/97.48(97.48)]
Gen. 112 (56.00%): Max/Min/Avg Fitness(Raw) [126.77(126.47)/0.00(1.02)/97.77(97.77)]
Gen. 113 (56.50%): Max/Min/Avg Fitness(Raw) [127.30(126.99)/0.00(1.02)/98.05(98.05)]
Gen. 114 (57.00%): Max/Min/Avg Fitness(Raw) [127.56(127.25)/0.00(1.02)/98.32(98.32)]
Gen. 115 (57.50%): Max/Min/Avg Fitness(Raw) [127.76(127.47)/0.00(1.02)/99.31(99.31)]
Gen. 116 (58.00%): Max/Min/Avg Fitness(Raw) [128.36(128.05)/0.00(1.02)/98.70(98.70)]
Gen. 117 (58.50%): Max/Min/Avg Fitness(Raw) [128.49(128.19)/0.00(1.02)/99.60(99.60)]
Gen. 118 (59.00%): Max/Min/Avg Fitness(Raw) [128.73(128.42)/0.00(1.02)/99.40(99.40)]
Gen. 119 (59.50%): Max/Min/Avg Fitness(Raw) [129.11(128.80)/0.00(1.02)/99.08(99.08)]
Gen. 120 (60.00%): Max/Min/Avg Fitness(Raw) [129.23(128.94)/0.00(1.02)/101.14(101.14)]
Gen. 121 (60.50%): Max/Min/Avg Fitness(Raw) [129.29(129.00)/0.00(1.02)/100.81(100.81)]
Gen. 122 (61.00%): Max/Min/Avg Fitness(Raw) [129.36(129.06)/0.00(1.02)/99.45(99.45)]
Gen. 123 (61.50%): Max/Min/Avg Fitness(Raw) [129.39(129.09)/0.00(1.02)/100.15(100.15)]
Gen. 124 (62.00%): Max/Min/Avg Fitness(Raw) [129.49(129.19)/0.00(1.02)/100.34(100.34)]
Gen. 125 (62.50%): Max/Min/Avg Fitness(Raw) [129.49(129.19)/0.00(1.02)/100.46(100.46)]
Gen. 126 (63.00%): Max/Min/Avg Fitness(Raw) [129.56(129.27)/0.00(1.02)/100.43(100.43)]
Gen. 127 (63.50%): Max/Min/Avg Fitness(Raw) [129.63(129.33)/0.00(1.02)/100.23(100.23)]
Gen. 128 (64.00%): Max/Min/Avg Fitness(Raw) [129.78(129.46)/0.00(1.02)/99.25(99.25)]
Gen. 129 (64.50%): Max/Min/Avg Fitness(Raw) [129.89(129.59)/0.00(1.02)/100.27(100.27)]
Gen. 130 (65.00%): Max/Min/Avg Fitness(Raw) [129.90(129.62)/0.00(1.02)/101.84(101.84)]
Gen. 131 (65.50%): Max/Min/Avg Fitness(Raw) [130.04(129.75)/0.00(1.02)/101.42(101.42)]
Gen. 132 (66.00%): Max/Min/Avg Fitness(Raw) [130.09(129.79)/0.00(1.02)/100.70(100.70)]
Gen. 133 (66.50%): Max/Min/Avg Fitness(Raw) [130.10(129.79)/0.00(1.02)/100.42(100.42)]
Gen. 134 (67.00%): Max/Min/Avg Fitness(Raw) [130.11(129.82)/0.00(1.02)/100.83(100.83)]
Gen. 135 (67.50%): Max/Min/Avg Fitness(Raw) [130.20(129.90)/0.00(1.02)/100.83(100.83)]
Gen. 136 (68.00%): Max/Min/Avg Fitness(Raw) [130.35(130.03)/0.00(1.02)/99.30(99.30)]
Gen. 137 (68.50%): Max/Min/Avg Fitness(Raw) [130.49(130.18)/0.00(1.02)/100.25(100.25)]
Gen. 138 (69.00%): Max/Min/Avg Fitness(Raw) [130.80(130.49)/0.00(1.02)/100.44(100.44)]
Gen. 139 (69.50%): Max/Min/Avg Fitness(Raw) [131.06(130.76)/0.00(1.02)/101.04(101.04)]
Gen. 140 (70.00%): Max/Min/Avg Fitness(Raw) [131.98(131.66)/0.00(1.02)/100.49(100.49)]
Gen. 141 (70.50%): Max/Min/Avg Fitness(Raw) [132.54(132.21)/0.00(1.02)/100.27(100.27)]
Gen. 142 (71.00%): Max/Min/Avg Fitness(Raw) [132.76(132.43)/0.00(1.07)/101.60(101.60)]
Gen. 143 (71.50%): Max/Min/Avg Fitness(Raw) [132.78(132.46)/0.00(1.02)/100.82(100.82)]
Gen. 144 (72.00%): Max/Min/Avg Fitness(Raw) [132.81(132.48)/0.00(1.02)/100.77(100.77)]
Gen. 145 (72.50%): Max/Min/Avg Fitness(Raw) [132.94(132.62)/0.00(1.02)/101.45(101.45)]
Gen. 146 (73.00%): Max/Min/Avg Fitness(Raw) [133.11(132.79)/0.00(1.02)/101.41(101.41)]
Gen. 147 (73.50%): Max/Min/Avg Fitness(Raw) [133.19(132.88)/0.00(1.02)/102.53(102.53)]
Gen. 148 (74.00%): Max/Min/Avg Fitness(Raw) [133.43(133.12)/0.00(1.02)/102.30(102.30)]
Gen. 149 (74.50%): Max/Min/Avg Fitness(Raw) [133.73(133.42)/0.00(1.02)/102.75(102.75)]
Gen. 150 (75.00%): Max/Min/Avg Fitness(Raw) [133.75(133.44)/0.00(1.02)/102.64(102.64)]
Gen. 151 (75.50%): Max/Min/Avg Fitness(Raw) [133.77(133.45)/0.00(1.02)/102.01(102.01)]
Gen. 152 (76.00%): Max/Min/Avg Fitness(Raw) [133.81(133.50)/0.00(1.02)/102.48(102.48)]
Gen. 153 (76.50%): Max/Min/Avg Fitness(Raw) [133.98(133.67)/0.00(1.02)/102.86(102.86)]
Gen. 154 (77.00%): Max/Min/Avg Fitness(Raw) [134.01(133.69)/0.00(1.02)/102.29(102.29)]
Gen. 155 (77.50%): Max/Min/Avg Fitness(Raw) [134.05(133.74)/0.00(1.02)/102.95(102.95)]
Gen. 156 (78.00%): Max/Min/Avg Fitness(Raw) [134.28(133.97)/0.00(1.02)/102.61(102.61)]
Gen. 157 (78.50%): Max/Min/Avg Fitness(Raw) [134.57(134.26)/0.00(1.02)/103.06(103.06)]
Gen. 158 (79.00%): Max/Min/Avg Fitness(Raw) [134.63(134.30)/0.00(1.02)/102.01(102.01)]
Gen. 159 (79.50%): Max/Min/Avg Fitness(Raw) [134.74(134.41)/0.00(1.02)/101.77(101.77)]
Gen. 160 (80.00%): Max/Min/Avg Fitness(Raw) [134.84(134.52)/0.00(1.02)/103.14(103.14)]
Gen. 161 (80.50%): Max/Min/Avg Fitness(Raw) [134.86(134.54)/0.00(1.02)/102.82(102.82)]
Gen. 162 (81.00%): Max/Min/Avg Fitness(Raw) [134.86(134.54)/0.00(1.02)/102.93(102.93)]
Gen. 163 (81.50%): Max/Min/Avg Fitness(Raw) [134.90(134.58)/0.00(1.02)/102.44(102.44)]
Gen. 164 (82.00%): Max/Min/Avg Fitness(Raw) [134.97(134.66)/0.00(1.02)/103.28(103.28)]
Gen. 165 (82.50%): Max/Min/Avg Fitness(Raw) [134.97(134.66)/0.00(1.02)/103.61(103.61)]
Gen. 166 (83.00%): Max/Min/Avg Fitness(Raw) [135.12(134.80)/0.00(1.02)/102.87(102.87)]
Gen. 167 (83.50%): Max/Min/Avg Fitness(Raw) [135.23(134.91)/0.00(1.02)/103.58(103.58)]
Gen. 168 (84.00%): Max/Min/Avg Fitness(Raw) [135.30(134.99)/0.00(1.02)/103.73(103.73)]
Gen. 169 (84.50%): Max/Min/Avg Fitness(Raw) [135.37(135.05)/0.00(1.02)/103.47(103.47)]
Gen. 170 (85.00%): Max/Min/Avg Fitness(Raw) [135.42(135.11)/0.00(1.02)/103.73(103.73)]
Gen. 171 (85.50%): Max/Min/Avg Fitness(Raw) [135.52(135.20)/0.00(1.02)/102.96(102.96)]
Gen. 172 (86.00%): Max/Min/Avg Fitness(Raw) [135.53(135.21)/0.00(1.02)/103.26(103.26)]
Gen. 173 (86.50%): Max/Min/Avg Fitness(Raw) [135.80(135.49)/0.00(1.02)/103.58(103.58)]
Gen. 174 (87.00%): Max/Min/Avg Fitness(Raw) [136.03(135.70)/0.00(1.02)/102.94(102.94)]
Gen. 175 (87.50%): Max/Min/Avg Fitness(Raw) [136.13(135.79)/0.00(1.02)/102.33(102.33)]
Gen. 176 (88.00%): Max/Min/Avg Fitness(Raw) [136.27(135.94)/0.00(1.02)/103.45(103.45)]
Gen. 177 (88.50%): Max/Min/Avg Fitness(Raw) [136.41(136.08)/0.00(1.02)/103.19(103.19)]
Gen. 178 (89.00%): Max/Min/Avg Fitness(Raw) [136.41(136.08)/0.00(1.02)/103.42(103.42)]
Gen. 179 (89.50%): Max/Min/Avg Fitness(Raw) [136.50(136.18)/0.00(1.02)/103.74(103.74)]
Gen. 180 (90.00%): Max/Min/Avg Fitness(Raw) [136.52(136.19)/0.00(1.02)/103.16(103.16)]
Gen. 181 (90.50%): Max/Min/Avg Fitness(Raw) [136.53(136.21)/0.00(1.02)/104.20(104.20)]
Gen. 182 (91.00%): Max/Min/Avg Fitness(Raw) [136.99(136.67)/0.00(1.02)/104.29(104.29)]
Gen. 183 (91.50%): Max/Min/Avg Fitness(Raw) [137.09(136.78)/0.00(1.02)/104.91(104.91)]
Gen. 184 (92.00%): Max/Min/Avg Fitness(Raw) [137.18(136.85)/0.00(1.02)/104.12(104.12)]
Gen. 185 (92.50%): Max/Min/Avg Fitness(Raw) [137.22(136.90)/0.00(1.02)/104.79(104.79)]
Gen. 186 (93.00%): Max/Min/Avg Fitness(Raw) [137.23(136.91)/0.00(1.02)/104.25(104.25)]
Gen. 187 (93.50%): Max/Min/Avg Fitness(Raw) [137.22(136.91)/0.00(1.02)/104.89(104.89)]
Gen. 188 (94.00%): Max/Min/Avg Fitness(Raw) [137.38(137.06)/0.00(1.02)/104.58(104.58)]
Gen. 189 (94.50%): Max/Min/Avg Fitness(Raw) [137.50(137.18)/0.00(1.02)/105.11(105.11)]
Gen. 190 (95.00%): Max/Min/Avg Fitness(Raw) [137.51(137.19)/0.00(1.02)/104.52(104.52)]
Gen. 191 (95.50%): Max/Min/Avg Fitness(Raw) [137.53(137.21)/0.00(1.02)/105.31(105.31)]
Gen. 192 (96.00%): Max/Min/Avg Fitness(Raw) [137.54(137.22)/0.00(1.02)/104.43(104.43)]
Gen. 193 (96.50%): Max/Min/Avg Fitness(Raw) [137.54(137.23)/0.00(1.02)/105.12(105.12)]
Gen. 194 (97.00%): Max/Min/Avg Fitness(Raw) [137.62(137.31)/0.00(1.02)/105.31(105.31)]
Gen. 195 (97.50%): Max/Min/Avg Fitness(Raw) [137.86(137.54)/0.00(1.02)/104.83(104.83)]
Gen. 196 (98.00%): Max/Min/Avg Fitness(Raw) [137.95(137.63)/0.00(1.02)/105.64(105.64)]
Gen. 197 (98.50%): Max/Min/Avg Fitness(Raw) [138.11(137.79)/0.00(1.02)/105.33(105.33)]
Gen. 198 (99.00%): Max/Min/Avg Fitness(Raw) [138.43(138.10)/0.00(1.02)/104.55(104.55)]
Gen. 199 (99.50%): Max/Min/Avg Fitness(Raw) [138.51(138.18)/0.00(1.02)/104.95(104.95)]
Gen. 200 (100.00%): Max/Min/Avg Fitness(Raw) [138.60(138.28)/0.00(1.02)/105.31(105.31)]
Total time elapsed: 37089.934 seconds.
GA MSE : 0.007486
Best initial connection wetighs are set on Network
Setting FANN training parameters
Input layer                          :  70 neurons, 1 bias
  Hidden layer                       :  10 neurons, 1 bias
Output layer                         :   1 neurons
Total neurons and biases             :  83
Total connections                    : 721
Connection rate                      :   1.000
Network type                         :   FANN_NETTYPE_LAYER
Training algorithm                   :   FANN_TRAIN_RPROP
Training error function              :   FANN_ERRORFUNC_TANH
Training stop function               :   FANN_STOPFUNC_MSE
Bit fail limit                       :   0.350
Learning rate                        :   0.700
Learning momentum                    :   0.000
Quickprop decay                      :  -0.000100
Quickprop mu                         :   1.750
RPROP increase factor                :   1.001
RPROP decrease factor                :   0.500
RPROP delta min                      :   0.000
RPROP delta max                      :  50.000
Cascade output change fraction       :   0.010000
Cascade candidate change fraction    :   0.010000
Cascade output stagnation epochs     :  12
Cascade candidate stagnation epochs  :  12
Cascade max output epochs            : 150
Cascade max candidate epochs         : 150
Cascade weight multiplier            :   0.400
Cascade candidate limit              :1000.000
Cascade activation functions[0]      :   FANN_SIGMOID
Cascade activation functions[1]      :   FANN_SIGMOID_SYMMETRIC
Cascade activation functions[2]      :   FANN_GAUSSIAN
Cascade activation functions[3]      :   FANN_GAUSSIAN_SYMMETRIC
Cascade activation functions[4]      :   FANN_ELLIOT
Cascade activation functions[5]      :   FANN_ELLIOT_SYMMETRIC
Cascade activation functions[6]      :   FANN_SIN_SYMMETRIC
Cascade activation functions[7]      :   FANN_COS_SYMMETRIC
Cascade activation functions[8]      :   FANN_SIN
Cascade activation functions[9]      :   FANN_COS
Cascade activation steepnesses[0]    :   0.250
Cascade activation steepnesses[1]    :   0.500
Cascade activation steepnesses[2]    :   0.750
Cascade activation steepnesses[3]    :   1.000
Cascade candidate groups             :   2
Cascade no. of candidates            :  80
Start training network with 2-algorithm in FANN
Max epochs     8000. Desired error: 0.0010000000.
Epochs            1. Current error: 0.0072317631. Bit fail 134.
Epochs          100. Current error: 0.0072549223. Bit fail 133.
Epochs          200. Current error: 0.0070887688. Bit fail 134.
Epochs          300. Current error: 0.0069382363. Bit fail 134.
Epochs          400. Current error: 0.0067609260. Bit fail 129.
Epochs          500. Current error: 0.0066723949. Bit fail 124.
Epochs          600. Current error: 0.0066127782. Bit fail 123.
Epochs          700. Current error: 0.0065574930. Bit fail 122.
Epochs          800. Current error: 0.0065210396. Bit fail 122.
Epochs          900. Current error: 0.0065008835. Bit fail 122.
Epochs         1000. Current error: 0.0064385738. Bit fail 122.
Epochs         1100. Current error: 0.0063951775. Bit fail 119.
Epochs         1200. Current error: 0.0063477671. Bit fail 120.
Epochs         1300. Current error: 0.0062978906. Bit fail 119.
Epochs         1400. Current error: 0.0062770746. Bit fail 119.
Epochs         1500. Current error: 0.0062481519. Bit fail 121.
Epochs         1600. Current error: 0.0061917366. Bit fail 121.
Epochs         1700. Current error: 0.0061464827. Bit fail 118.
Epochs         1800. Current error: 0.0061265649. Bit fail 119.
Epochs         1900. Current error: 0.0061008637. Bit fail 117.
Epochs         2000. Current error: 0.0060762437. Bit fail 116.
Epochs         2100. Current error: 0.0060504004. Bit fail 116.
Epochs         2200. Current error: 0.0060281893. Bit fail 116.
Epochs         2300. Current error: 0.0059976946. Bit fail 115.
Epochs         2400. Current error: 0.0059695370. Bit fail 114.
Epochs         2500. Current error: 0.0059482129. Bit fail 114.
Epochs         2600. Current error: 0.0059263236. Bit fail 114.
Epochs         2700. Current error: 0.0059103537. Bit fail 113.
Epochs         2800. Current error: 0.0058862073. Bit fail 113.
Epochs         2900. Current error: 0.0058617266. Bit fail 113.
Epochs         3000. Current error: 0.0058396333. Bit fail 113.
Epochs         3100. Current error: 0.0058178566. Bit fail 112.
Epochs         3200. Current error: 0.0057923049. Bit fail 111.
Epochs         3300. Current error: 0.0057703461. Bit fail 108.
Epochs         3400. Current error: 0.0057564615. Bit fail 108.
Epochs         3500. Current error: 0.0057369904. Bit fail 107.
Epochs         3600. Current error: 0.0057161851. Bit fail 105.
Epochs         3700. Current error: 0.0056970916. Bit fail 105.
Epochs         3800. Current error: 0.0056816614. Bit fail 105.
Epochs         3900. Current error: 0.0056685465. Bit fail 105.
Epochs         4000. Current error: 0.0056076911. Bit fail 105.
Epochs         4100. Current error: 0.0055863624. Bit fail 103.
Epochs         4200. Current error: 0.0055699572. Bit fail 100.
Epochs         4300. Current error: 0.0055523734. Bit fail 100.
Epochs         4400. Current error: 0.0055345572. Bit fail 100.
Epochs         4500. Current error: 0.0055184676. Bit fail 100.
Epochs         4600. Current error: 0.0055075060. Bit fail 100.
Epochs         4700. Current error: 0.0054953620. Bit fail 100.
Epochs         4800. Current error: 0.0054969117. Bit fail 100.
Epochs         4900. Current error: 0.0054903440. Bit fail 100.
Epochs         5000. Current error: 0.0054761306. Bit fail 100.
Epochs         5100. Current error: 0.0054684924. Bit fail 99.
Epochs         5200. Current error: 0.0054561044. Bit fail 99.
Epochs         5300. Current error: 0.0054446836. Bit fail 100.
Epochs         5400. Current error: 0.0054383730. Bit fail 99.
Epochs         5500. Current error: 0.0054235524. Bit fail 99.
Epochs         5600. Current error: 0.0054128184. Bit fail 99.
Epochs         5700. Current error: 0.0054121683. Bit fail 100.
Epochs         5800. Current error: 0.0053943042. Bit fail 101.
Epochs         5900. Current error: 0.0053881723. Bit fail 101.
Epochs         6000. Current error: 0.0053709536. Bit fail 101.
Epochs         6100. Current error: 0.0053598853. Bit fail 99.
Epochs         6200. Current error: 0.0053446027. Bit fail 100.
Epochs         6300. Current error: 0.0053233160. Bit fail 99.
Epochs         6400. Current error: 0.0053143841. Bit fail 99.
Epochs         6500. Current error: 0.0052992259. Bit fail 99.
Epochs         6600. Current error: 0.0052936608. Bit fail 97.
Epochs         6700. Current error: 0.0052819238. Bit fail 97.
Epochs         6800. Current error: 0.0052709091. Bit fail 97.
Epochs         6900. Current error: 0.0052540861. Bit fail 97.
Epochs         7000. Current error: 0.0052440590. Bit fail 97.
Epochs         7100. Current error: 0.0052460823. Bit fail 97.
Epochs         7200. Current error: 0.0052287546. Bit fail 97.
Epochs         7300. Current error: 0.0052196030. Bit fail 94.
Epochs         7400. Current error: 0.0052092094. Bit fail 94.
Epochs         7500. Current error: 0.0052060983. Bit fail 94.
Epochs         7600. Current error: 0.0052078785. Bit fail 94.
Epochs         7700. Current error: 0.0052042105. Bit fail 95.
Epochs         7800. Current error: 0.0052016182. Bit fail 95.
Epochs         7900. Current error: 0.0051989960. Bit fail 95.
Epochs         8000. Current error: 0.0052001057. Bit fail 95.
Time elpased for FANN training: 447.115002 seconds
Trained Network by GA+FANN is saved in 
./ALL_S6_959126400_hveto_channels_signif_dt_set_9_training_n70n10n1_c10_mr04_p5000_g200_rmin-25_rmax25_gsigma1_y1001_z05_f05g09_m8000.net.
Total Running Time: 37537.448189 seconds
