Creating network.
The layer structure is following:
[70, 10, 1]
Setting newtork parameters
Getting training data : ALL_S6_959126400_hveto_channels_signif_dt_set_9_training.pat
Setting GA training parameters
Start running GA
Gen. 0 (0.00%): Max/Min/Avg Fitness(Raw) [25.47(61.27)/19.08(1.02)/21.23(21.23)]
Gen. 1 (1.00%): Max/Min/Avg Fitness(Raw) [69.82(69.45)/0.00(1.09)/52.45(52.45)]
Gen. 2 (2.00%): Max/Min/Avg Fitness(Raw) [71.57(71.38)/0.00(1.12)/61.00(61.00)]
Gen. 3 (3.00%): Max/Min/Avg Fitness(Raw) [76.08(73.93)/0.00(10.34)/63.01(63.01)]
Gen. 4 (4.00%): Max/Min/Avg Fitness(Raw) [76.65(76.43)/0.00(1.08)/63.68(63.68)]
Gen. 5 (5.00%): Max/Min/Avg Fitness(Raw) [78.30(78.07)/0.00(1.19)/65.60(65.60)]
Gen. 6 (6.00%): Max/Min/Avg Fitness(Raw) [80.02(79.83)/0.00(1.13)/68.52(68.52)]
Gen. 7 (7.00%): Max/Min/Avg Fitness(Raw) [82.09(81.20)/0.00(4.57)/68.80(68.80)]
Gen. 8 (8.00%): Max/Min/Avg Fitness(Raw) [82.16(81.78)/0.00(2.24)/70.37(70.37)]
Gen. 9 (9.00%): Max/Min/Avg Fitness(Raw) [83.32(83.10)/0.00(1.29)/70.90(70.90)]
Gen. 10 (10.00%): Max/Min/Avg Fitness(Raw) [84.97(83.43)/0.00(8.35)/71.74(71.74)]
Gen. 11 (11.00%): Max/Min/Avg Fitness(Raw) [83.95(83.71)/0.00(1.19)/69.96(69.96)]
Gen. 12 (12.00%): Max/Min/Avg Fitness(Raw) [84.84(83.88)/0.00(5.31)/71.90(71.90)]
Gen. 13 (13.00%): Max/Min/Avg Fitness(Raw) [84.84(84.17)/0.00(3.89)/72.38(72.38)]
Gen. 14 (14.00%): Max/Min/Avg Fitness(Raw) [86.10(84.80)/0.00(6.26)/71.32(71.32)]
Gen. 15 (15.00%): Max/Min/Avg Fitness(Raw) [85.54(85.03)/0.00(2.66)/71.86(71.86)]
Gen. 16 (16.00%): Max/Min/Avg Fitness(Raw) [86.18(85.81)/0.00(1.83)/71.76(71.76)]
Gen. 17 (17.00%): Max/Min/Avg Fitness(Raw) [87.40(86.30)/0.00(5.60)/73.07(73.07)]
Gen. 18 (18.00%): Max/Min/Avg Fitness(Raw) [87.22(86.60)/0.00(3.44)/73.84(73.84)]
Gen. 19 (19.00%): Max/Min/Avg Fitness(Raw) [88.21(86.75)/0.00(7.47)/73.79(73.79)]
Gen. 20 (20.00%): Max/Min/Avg Fitness(Raw) [88.15(86.80)/0.00(6.81)/73.60(73.60)]
Gen. 21 (21.00%): Max/Min/Avg Fitness(Raw) [88.49(87.56)/0.00(4.58)/73.54(73.54)]
Gen. 22 (22.00%): Max/Min/Avg Fitness(Raw) [87.86(87.62)/0.00(1.13)/72.67(72.67)]
Gen. 23 (23.00%): Max/Min/Avg Fitness(Raw) [88.80(88.56)/0.00(1.09)/72.79(72.79)]
Gen. 24 (24.00%): Max/Min/Avg Fitness(Raw) [90.11(88.74)/0.00(6.06)/73.55(73.55)]
Gen. 25 (25.00%): Max/Min/Avg Fitness(Raw) [89.19(88.96)/0.00(1.10)/73.84(73.84)]
Gen. 26 (26.00%): Max/Min/Avg Fitness(Raw) [89.58(89.26)/0.00(1.49)/73.90(73.90)]
Gen. 27 (27.00%): Max/Min/Avg Fitness(Raw) [90.08(89.26)/0.00(3.71)/73.91(73.91)]
Gen. 28 (28.00%): Max/Min/Avg Fitness(Raw) [89.61(89.35)/0.00(1.22)/73.73(73.73)]
Gen. 29 (29.00%): Max/Min/Avg Fitness(Raw) [89.83(89.49)/0.00(1.60)/73.82(73.82)]
Gen. 30 (30.00%): Max/Min/Avg Fitness(Raw) [89.99(89.67)/0.00(1.53)/74.44(74.44)]
Gen. 31 (31.00%): Max/Min/Avg Fitness(Raw) [90.98(90.76)/0.00(1.19)/76.76(76.76)]
Gen. 32 (32.00%): Max/Min/Avg Fitness(Raw) [91.51(91.29)/0.00(1.17)/77.15(77.15)]
Gen. 33 (33.00%): Max/Min/Avg Fitness(Raw) [92.94(91.67)/0.00(6.14)/77.01(77.01)]
Gen. 34 (34.00%): Max/Min/Avg Fitness(Raw) [93.06(92.26)/0.00(3.88)/77.13(77.13)]
Gen. 35 (35.00%): Max/Min/Avg Fitness(Raw) [92.81(92.43)/0.00(1.67)/75.69(75.69)]
Gen. 36 (36.00%): Max/Min/Avg Fitness(Raw) [92.74(92.51)/0.00(1.08)/76.18(76.18)]
Gen. 37 (37.00%): Max/Min/Avg Fitness(Raw) [93.63(93.25)/0.00(1.64)/76.10(76.10)]
Gen. 38 (38.00%): Max/Min/Avg Fitness(Raw) [93.77(93.53)/0.00(1.10)/77.20(77.20)]
Gen. 39 (39.00%): Max/Min/Avg Fitness(Raw) [94.33(93.91)/0.00(1.97)/77.77(77.77)]
Gen. 40 (40.00%): Max/Min/Avg Fitness(Raw) [94.88(94.53)/0.00(1.56)/77.49(77.49)]
Gen. 41 (41.00%): Max/Min/Avg Fitness(Raw) [95.99(94.53)/0.00(6.56)/78.51(78.51)]
Gen. 42 (42.00%): Max/Min/Avg Fitness(Raw) [94.94(94.71)/0.00(1.08)/78.49(78.49)]
Gen. 43 (43.00%): Max/Min/Avg Fitness(Raw) [95.05(94.71)/0.00(1.64)/78.89(78.89)]
Gen. 44 (44.00%): Max/Min/Avg Fitness(Raw) [95.38(94.71)/0.00(3.22)/78.91(78.91)]
Gen. 45 (45.00%): Max/Min/Avg Fitness(Raw) [95.14(94.85)/0.00(1.43)/78.79(78.79)]
Gen. 46 (46.00%): Max/Min/Avg Fitness(Raw) [95.47(95.11)/0.00(1.76)/79.15(79.15)]
Gen. 47 (47.00%): Max/Min/Avg Fitness(Raw) [96.70(95.11)/0.00(7.08)/78.98(78.98)]
Gen. 48 (48.00%): Max/Min/Avg Fitness(Raw) [95.57(95.33)/0.00(1.09)/78.56(78.56)]
Gen. 49 (49.00%): Max/Min/Avg Fitness(Raw) [95.61(95.35)/0.00(1.21)/79.06(79.06)]
Gen. 50 (50.00%): Max/Min/Avg Fitness(Raw) [95.79(95.52)/0.00(1.28)/79.04(79.04)]
Gen. 51 (51.00%): Max/Min/Avg Fitness(Raw) [96.05(95.83)/0.00(1.13)/80.10(80.10)]
Gen. 52 (52.00%): Max/Min/Avg Fitness(Raw) [97.84(96.30)/0.00(6.81)/79.81(79.81)]
Gen. 53 (53.00%): Max/Min/Avg Fitness(Raw) [96.94(96.34)/0.00(2.57)/78.73(78.73)]
Gen. 54 (54.00%): Max/Min/Avg Fitness(Raw) [97.24(96.98)/0.00(1.15)/79.30(79.30)]
Gen. 55 (55.00%): Max/Min/Avg Fitness(Raw) [97.97(97.48)/0.00(2.26)/80.41(80.41)]
Gen. 56 (56.00%): Max/Min/Avg Fitness(Raw) [98.42(98.17)/0.00(1.15)/80.59(80.59)]
Gen. 57 (57.00%): Max/Min/Avg Fitness(Raw) [99.14(98.82)/0.00(1.53)/82.11(82.11)]
Gen. 58 (58.00%): Max/Min/Avg Fitness(Raw) [99.81(99.44)/0.00(1.70)/81.86(81.86)]
Gen. 59 (59.00%): Max/Min/Avg Fitness(Raw) [99.96(99.68)/0.00(1.14)/80.66(80.66)]
Gen. 60 (60.00%): Max/Min/Avg Fitness(Raw) [100.21(99.96)/0.00(1.06)/80.79(80.79)]
Gen. 61 (61.00%): Max/Min/Avg Fitness(Raw) [100.27(100.03)/0.00(1.05)/81.68(81.68)]
Gen. 62 (62.00%): Max/Min/Avg Fitness(Raw) [100.30(100.03)/0.00(1.16)/81.69(81.69)]
Gen. 63 (63.00%): Max/Min/Avg Fitness(Raw) [100.76(100.43)/0.00(1.44)/81.71(81.71)]
Gen. 64 (64.00%): Max/Min/Avg Fitness(Raw) [102.06(101.78)/0.00(1.18)/82.72(82.72)]
Gen. 65 (65.00%): Max/Min/Avg Fitness(Raw) [102.10(101.78)/0.00(1.36)/82.55(82.55)]
Gen. 66 (66.00%): Max/Min/Avg Fitness(Raw) [102.39(101.78)/0.00(2.62)/82.95(82.95)]
Gen. 67 (67.00%): Max/Min/Avg Fitness(Raw) [102.78(102.51)/0.00(1.12)/83.14(83.14)]
Gen. 68 (68.00%): Max/Min/Avg Fitness(Raw) [103.34(102.51)/0.00(3.55)/83.90(83.90)]
Gen. 69 (69.00%): Max/Min/Avg Fitness(Raw) [103.40(102.85)/0.00(2.38)/84.07(84.07)]
Gen. 70 (70.00%): Max/Min/Avg Fitness(Raw) [103.73(103.42)/0.00(1.16)/82.19(82.19)]
Gen. 71 (71.00%): Max/Min/Avg Fitness(Raw) [103.71(103.42)/0.00(1.14)/83.06(83.06)]
Gen. 72 (72.00%): Max/Min/Avg Fitness(Raw) [103.75(103.46)/0.00(1.16)/83.10(83.10)]
Gen. 73 (73.00%): Max/Min/Avg Fitness(Raw) [103.75(103.46)/0.00(1.20)/83.53(83.53)]
Gen. 74 (74.00%): Max/Min/Avg Fitness(Raw) [103.76(103.48)/0.00(1.15)/83.49(83.49)]
Gen. 75 (75.00%): Max/Min/Avg Fitness(Raw) [103.77(103.50)/0.00(1.07)/83.41(83.41)]
Gen. 76 (76.00%): Max/Min/Avg Fitness(Raw) [103.98(103.50)/0.00(2.02)/84.30(84.30)]
Gen. 77 (77.00%): Max/Min/Avg Fitness(Raw) [104.35(104.07)/0.00(1.19)/84.43(84.43)]
Gen. 78 (78.00%): Max/Min/Avg Fitness(Raw) [104.45(104.18)/0.00(1.11)/84.10(84.10)]
Gen. 79 (79.00%): Max/Min/Avg Fitness(Raw) [104.44(104.18)/0.00(1.07)/83.98(83.98)]
Gen. 80 (80.00%): Max/Min/Avg Fitness(Raw) [104.46(104.18)/0.00(1.17)/84.14(84.14)]
Gen. 81 (81.00%): Max/Min/Avg Fitness(Raw) [104.81(104.18)/0.00(2.52)/83.87(83.87)]
Gen. 82 (82.00%): Max/Min/Avg Fitness(Raw) [104.82(104.18)/0.00(2.62)/84.35(84.35)]
Gen. 83 (83.00%): Max/Min/Avg Fitness(Raw) [104.56(104.18)/0.00(1.53)/83.66(83.66)]
Gen. 84 (84.00%): Max/Min/Avg Fitness(Raw) [104.47(104.18)/0.00(1.19)/84.01(84.01)]
Gen. 85 (85.00%): Max/Min/Avg Fitness(Raw) [104.46(104.18)/0.00(1.13)/83.70(83.70)]
Gen. 86 (86.00%): Max/Min/Avg Fitness(Raw) [104.74(104.44)/0.00(1.22)/83.94(83.94)]
Gen. 87 (87.00%): Max/Min/Avg Fitness(Raw) [104.74(104.44)/0.00(1.22)/84.05(84.05)]
Gen. 88 (88.00%): Max/Min/Avg Fitness(Raw) [104.97(104.53)/0.00(1.78)/83.91(83.91)]
Gen. 89 (89.00%): Max/Min/Avg Fitness(Raw) [104.88(104.53)/0.00(1.44)/84.29(84.29)]
Gen. 90 (90.00%): Max/Min/Avg Fitness(Raw) [104.81(104.53)/0.00(1.14)/84.16(84.16)]
Gen. 91 (91.00%): Max/Min/Avg Fitness(Raw) [104.83(104.53)/0.00(1.22)/84.05(84.05)]
Gen. 92 (92.00%): Max/Min/Avg Fitness(Raw) [105.13(104.84)/0.00(1.18)/84.33(84.33)]
Gen. 93 (93.00%): Max/Min/Avg Fitness(Raw) [105.10(104.84)/0.00(1.12)/85.04(85.04)]
Gen. 94 (94.00%): Max/Min/Avg Fitness(Raw) [105.13(104.84)/0.00(1.21)/84.58(84.58)]
Gen. 95 (95.00%): Max/Min/Avg Fitness(Raw) [105.10(104.84)/0.00(1.09)/84.64(84.64)]
Gen. 96 (96.00%): Max/Min/Avg Fitness(Raw) [105.15(104.84)/0.00(1.31)/84.55(84.55)]
Gen. 97 (97.00%): Max/Min/Avg Fitness(Raw) [105.10(104.84)/0.00(1.09)/84.54(84.54)]
Gen. 98 (98.00%): Max/Min/Avg Fitness(Raw) [105.13(104.84)/0.00(1.22)/84.66(84.66)]
Gen. 99 (99.00%): Max/Min/Avg Fitness(Raw) [105.18(104.90)/0.00(1.13)/84.59(84.59)]
Gen. 100 (100.00%): Max/Min/Avg Fitness(Raw) [105.58(105.32)/0.00(1.08)/84.86(84.86)]
Total time elapsed: 43496.406 seconds.
GA MSE : 0.012869
Best initial connection wetighs are set on Network
Setting FANN training parameters
Input layer                          :  70 neurons, 1 bias
  Hidden layer                       :  10 neurons, 1 bias
Output layer                         :   1 neurons
Total neurons and biases             :  83
Total connections                    : 721
Connection rate                      :   1.000
Network type                         :   FANN_NETTYPE_LAYER
Training algorithm                   :   FANN_TRAIN_RPROP
Training error function              :   FANN_ERRORFUNC_TANH
Training stop function               :   FANN_STOPFUNC_MSE
Bit fail limit                       :   0.350
Learning rate                        :   0.700
Learning momentum                    :   0.000
Quickprop decay                      :  -0.000100
Quickprop mu                         :   1.750
RPROP increase factor                :   1.001
RPROP decrease factor                :   0.333
RPROP delta min                      :   0.000
RPROP delta max                      :  50.000
Cascade output change fraction       :   0.010000
Cascade candidate change fraction    :   0.010000
Cascade output stagnation epochs     :  12
Cascade candidate stagnation epochs  :  12
Cascade max output epochs            : 150
Cascade max candidate epochs         : 150
Cascade weight multiplier            :   0.400
Cascade candidate limit              :1000.000
Cascade activation functions[0]      :   FANN_SIGMOID
Cascade activation functions[1]      :   FANN_SIGMOID_SYMMETRIC
Cascade activation functions[2]      :   FANN_GAUSSIAN
Cascade activation functions[3]      :   FANN_GAUSSIAN_SYMMETRIC
Cascade activation functions[4]      :   FANN_ELLIOT
Cascade activation functions[5]      :   FANN_ELLIOT_SYMMETRIC
Cascade activation functions[6]      :   FANN_SIN_SYMMETRIC
Cascade activation functions[7]      :   FANN_COS_SYMMETRIC
Cascade activation functions[8]      :   FANN_SIN
Cascade activation functions[9]      :   FANN_COS
Cascade activation steepnesses[0]    :   0.250
Cascade activation steepnesses[1]    :   0.500
Cascade activation steepnesses[2]    :   0.750
Cascade activation steepnesses[3]    :   1.000
Cascade candidate groups             :   2
Cascade no. of candidates            :  80
Start training network with 2-algorithm in FANN
Max epochs     8000. Desired error: 0.0010000000.
Epochs            1. Current error: 0.0094947852. Bit fail 186.
Epochs          100. Current error: 0.0125121083. Bit fail 256.
Epochs          200. Current error: 0.0119874142. Bit fail 250.
Epochs          300. Current error: 0.0115844794. Bit fail 242.
Epochs          400. Current error: 0.0112764789. Bit fail 235.
Epochs          500. Current error: 0.0108355414. Bit fail 229.
Epochs          600. Current error: 0.0106826518. Bit fail 220.
Epochs          700. Current error: 0.0104824733. Bit fail 213.
Epochs          800. Current error: 0.0103146555. Bit fail 209.
Epochs          900. Current error: 0.0102101751. Bit fail 206.
Epochs         1000. Current error: 0.0101211034. Bit fail 201.
Epochs         1100. Current error: 0.0099812830. Bit fail 198.
Epochs         1200. Current error: 0.0098807300. Bit fail 195.
Epochs         1300. Current error: 0.0097930878. Bit fail 191.
Epochs         1400. Current error: 0.0096942987. Bit fail 188.
Epochs         1500. Current error: 0.0095996605. Bit fail 188.
Epochs         1600. Current error: 0.0095459344. Bit fail 189.
Epochs         1700. Current error: 0.0095082466. Bit fail 186.
Epochs         1800. Current error: 0.0094361566. Bit fail 186.
Epochs         1900. Current error: 0.0093444316. Bit fail 187.
Epochs         2000. Current error: 0.0092575504. Bit fail 187.
Epochs         2100. Current error: 0.0091571771. Bit fail 184.
Epochs         2200. Current error: 0.0090158936. Bit fail 180.
Epochs         2300. Current error: 0.0088635022. Bit fail 175.
Epochs         2400. Current error: 0.0087056458. Bit fail 174.
Epochs         2500. Current error: 0.0085624037. Bit fail 173.
Epochs         2600. Current error: 0.0084542744. Bit fail 170.
Epochs         2700. Current error: 0.0083959484. Bit fail 169.
Epochs         2800. Current error: 0.0083658295. Bit fail 172.
Epochs         2900. Current error: 0.0083666807. Bit fail 171.
Epochs         3000. Current error: 0.0083716717. Bit fail 173.
Epochs         3100. Current error: 0.0083550001. Bit fail 172.
Epochs         3200. Current error: 0.0083343023. Bit fail 171.
Epochs         3300. Current error: 0.0083188387. Bit fail 172.
Epochs         3400. Current error: 0.0083132358. Bit fail 171.
Epochs         3500. Current error: 0.0083103552. Bit fail 171.
Epochs         3600. Current error: 0.0082753552. Bit fail 171.
Epochs         3700. Current error: 0.0082467422. Bit fail 171.
Epochs         3800. Current error: 0.0082136746. Bit fail 172.
Epochs         3900. Current error: 0.0081499266. Bit fail 172.
Epochs         4000. Current error: 0.0081215631. Bit fail 175.
Epochs         4100. Current error: 0.0080840401. Bit fail 179.
Epochs         4200. Current error: 0.0080393152. Bit fail 177.
Epochs         4300. Current error: 0.0080139711. Bit fail 173.
Epochs         4400. Current error: 0.0079862699. Bit fail 171.
Epochs         4500. Current error: 0.0079696449. Bit fail 171.
Epochs         4600. Current error: 0.0079512196. Bit fail 170.
Epochs         4700. Current error: 0.0079321265. Bit fail 170.
Epochs         4800. Current error: 0.0079153376. Bit fail 170.
Epochs         4900. Current error: 0.0078976946. Bit fail 171.
Epochs         5000. Current error: 0.0078885248. Bit fail 170.
Epochs         5100. Current error: 0.0078771692. Bit fail 167.
Epochs         5200. Current error: 0.0078631686. Bit fail 166.
Epochs         5300. Current error: 0.0078423759. Bit fail 166.
Epochs         5400. Current error: 0.0078185545. Bit fail 167.
Epochs         5500. Current error: 0.0077845580. Bit fail 168.
Epochs         5600. Current error: 0.0077493005. Bit fail 169.
Epochs         5700. Current error: 0.0077416636. Bit fail 169.
Epochs         5800. Current error: 0.0077086380. Bit fail 167.
Epochs         5900. Current error: 0.0076727620. Bit fail 166.
Epochs         6000. Current error: 0.0076551754. Bit fail 166.
Epochs         6100. Current error: 0.0076318732. Bit fail 166.
Epochs         6200. Current error: 0.0076050060. Bit fail 165.
Epochs         6300. Current error: 0.0075797597. Bit fail 163.
Epochs         6400. Current error: 0.0075586168. Bit fail 163.
Epochs         6500. Current error: 0.0075316536. Bit fail 162.
Epochs         6600. Current error: 0.0075211357. Bit fail 162.
Epochs         6700. Current error: 0.0074949665. Bit fail 160.
Epochs         6800. Current error: 0.0074635097. Bit fail 157.
Epochs         6900. Current error: 0.0074271141. Bit fail 158.
Epochs         7000. Current error: 0.0073990552. Bit fail 158.
Epochs         7100. Current error: 0.0073615182. Bit fail 158.
Epochs         7200. Current error: 0.0073291319. Bit fail 157.
Epochs         7300. Current error: 0.0073082447. Bit fail 157.
Epochs         7400. Current error: 0.0072850217. Bit fail 159.
Epochs         7500. Current error: 0.0072630043. Bit fail 159.
Epochs         7600. Current error: 0.0072449734. Bit fail 158.
Epochs         7700. Current error: 0.0072240094. Bit fail 159.
Epochs         7800. Current error: 0.0072056213. Bit fail 159.
Epochs         7900. Current error: 0.0071764304. Bit fail 158.
Epochs         8000. Current error: 0.0071356916. Bit fail 154.
Time elpased for FANN training: 452.834510 seconds
Trained Network by GA+FANN is saved in 
./ALL_S6_959126400_hveto_channels_signif_dt_set_9_training_n70n10n1_c10_mr06_p10000_g100_rmin-25_rmax25_gsigma1_y1001_z03333_f05g09_m8000.net.
Total Running Time: 43949.639007 seconds
