Creating network.
The layer structure is following:
[70, 10, 1]
Setting newtork parameters
Getting training data : ALL_S6_959126400_hveto_channels_signif_dt_set_6_training.pat
Setting GA training parameters
Start running GA
Gen. 0 (0.00%): Max/Min/Avg Fitness(Raw) [24.68(59.01)/18.48(1.02)/20.57(20.57)]
Gen. 1 (0.50%): Max/Min/Avg Fitness(Raw) [62.72(62.59)/0.00(1.35)/56.91(56.91)]
Gen. 2 (1.00%): Max/Min/Avg Fitness(Raw) [65.59(65.39)/0.00(1.50)/57.86(57.86)]
Gen. 3 (1.50%): Max/Min/Avg Fitness(Raw) [66.34(66.22)/0.00(1.10)/59.87(59.87)]
Gen. 4 (2.00%): Max/Min/Avg Fitness(Raw) [67.22(67.11)/0.00(1.22)/61.70(61.70)]
Gen. 5 (2.50%): Max/Min/Avg Fitness(Raw) [68.56(67.77)/0.00(8.15)/62.51(62.51)]
Gen. 6 (3.00%): Max/Min/Avg Fitness(Raw) [68.80(68.62)/0.00(1.85)/62.72(62.72)]
Gen. 7 (3.50%): Max/Min/Avg Fitness(Raw) [69.60(69.50)/0.00(1.10)/63.36(63.36)]
Gen. 8 (4.00%): Max/Min/Avg Fitness(Raw) [70.78(70.66)/0.00(1.08)/63.53(63.53)]
Gen. 9 (4.50%): Max/Min/Avg Fitness(Raw) [71.53(71.40)/0.00(1.19)/64.10(64.10)]
Gen. 10 (5.00%): Max/Min/Avg Fitness(Raw) [72.33(72.14)/0.00(1.72)/64.91(64.91)]
Gen. 11 (5.50%): Max/Min/Avg Fitness(Raw) [73.52(73.01)/0.00(3.75)/64.62(64.62)]
Gen. 12 (6.00%): Max/Min/Avg Fitness(Raw) [74.18(74.02)/0.00(1.15)/65.27(65.27)]
Gen. 13 (6.50%): Max/Min/Avg Fitness(Raw) [75.62(75.45)/0.00(1.21)/66.10(66.10)]
Gen. 14 (7.00%): Max/Min/Avg Fitness(Raw) [76.54(76.34)/0.00(1.44)/67.06(67.06)]
Gen. 15 (7.50%): Max/Min/Avg Fitness(Raw) [77.37(77.15)/0.00(1.44)/67.42(67.42)]
Gen. 16 (8.00%): Max/Min/Avg Fitness(Raw) [78.29(77.89)/0.00(2.74)/68.34(68.34)]
Gen. 17 (8.50%): Max/Min/Avg Fitness(Raw) [79.41(78.77)/0.00(3.91)/68.16(68.16)]
Gen. 18 (9.00%): Max/Min/Avg Fitness(Raw) [79.52(79.36)/0.00(1.09)/69.47(69.47)]
Gen. 19 (9.50%): Max/Min/Avg Fitness(Raw) [80.26(80.05)/0.00(1.41)/69.80(69.80)]
Gen. 20 (10.00%): Max/Min/Avg Fitness(Raw) [80.70(80.46)/0.00(1.55)/70.02(70.02)]
Gen. 21 (10.50%): Max/Min/Avg Fitness(Raw) [81.61(81.10)/0.00(3.12)/70.25(70.25)]
Gen. 22 (11.00%): Max/Min/Avg Fitness(Raw) [81.99(81.75)/0.00(1.60)/71.30(71.30)]
Gen. 23 (11.50%): Max/Min/Avg Fitness(Raw) [82.43(82.27)/0.00(1.11)/71.95(71.95)]
Gen. 24 (12.00%): Max/Min/Avg Fitness(Raw) [82.85(82.68)/0.00(1.16)/71.80(71.80)]
Gen. 25 (12.50%): Max/Min/Avg Fitness(Raw) [83.24(82.93)/0.00(2.05)/72.41(72.41)]
Gen. 26 (13.00%): Max/Min/Avg Fitness(Raw) [84.61(83.19)/0.00(9.21)/73.30(73.30)]
Gen. 27 (13.50%): Max/Min/Avg Fitness(Raw) [83.77(83.61)/0.00(1.10)/72.86(72.86)]
Gen. 28 (14.00%): Max/Min/Avg Fitness(Raw) [84.12(83.96)/0.00(1.08)/73.08(73.08)]
Gen. 29 (14.50%): Max/Min/Avg Fitness(Raw) [84.80(84.54)/0.00(1.67)/73.25(73.25)]
Gen. 30 (15.00%): Max/Min/Avg Fitness(Raw) [85.75(84.73)/0.00(6.28)/73.71(73.71)]
Gen. 31 (15.50%): Max/Min/Avg Fitness(Raw) [85.13(84.94)/0.00(1.17)/73.01(73.01)]
Gen. 32 (16.00%): Max/Min/Avg Fitness(Raw) [85.50(85.28)/0.00(1.35)/73.76(73.76)]
Gen. 33 (16.50%): Max/Min/Avg Fitness(Raw) [85.79(85.60)/0.00(1.22)/73.98(73.98)]
Gen. 34 (17.00%): Max/Min/Avg Fitness(Raw) [86.09(85.92)/0.00(1.09)/74.58(74.58)]
Gen. 35 (17.50%): Max/Min/Avg Fitness(Raw) [86.29(86.03)/0.00(1.63)/74.41(74.41)]
Gen. 36 (18.00%): Max/Min/Avg Fitness(Raw) [87.66(86.20)/0.00(8.35)/74.60(74.60)]
Gen. 37 (18.50%): Max/Min/Avg Fitness(Raw) [87.98(86.74)/0.00(6.79)/74.40(74.40)]
Gen. 38 (19.00%): Max/Min/Avg Fitness(Raw) [87.21(87.04)/0.00(1.07)/74.86(74.86)]
Gen. 39 (19.50%): Max/Min/Avg Fitness(Raw) [87.63(87.32)/0.00(2.06)/75.99(75.99)]
Gen. 40 (20.00%): Max/Min/Avg Fitness(Raw) [88.12(87.56)/0.00(3.53)/76.01(76.01)]
Gen. 41 (20.50%): Max/Min/Avg Fitness(Raw) [88.08(87.91)/0.00(1.10)/76.08(76.08)]
Gen. 42 (21.00%): Max/Min/Avg Fitness(Raw) [88.63(88.44)/0.00(1.12)/75.39(75.39)]
Gen. 43 (21.50%): Max/Min/Avg Fitness(Raw) [88.93(88.65)/0.00(1.73)/76.69(76.69)]
Gen. 44 (22.00%): Max/Min/Avg Fitness(Raw) [89.11(88.92)/0.00(1.20)/77.06(77.06)]
Gen. 45 (22.50%): Max/Min/Avg Fitness(Raw) [89.67(89.29)/0.00(2.35)/77.19(77.19)]
Gen. 46 (23.00%): Max/Min/Avg Fitness(Raw) [89.65(89.46)/0.00(1.20)/77.83(77.83)]
Gen. 47 (23.50%): Max/Min/Avg Fitness(Raw) [90.47(89.73)/0.00(4.37)/77.30(77.30)]
Gen. 48 (24.00%): Max/Min/Avg Fitness(Raw) [91.23(89.79)/0.00(8.29)/77.72(77.72)]
Gen. 49 (24.50%): Max/Min/Avg Fitness(Raw) [91.41(89.87)/0.00(8.66)/77.59(77.59)]
Gen. 50 (25.00%): Max/Min/Avg Fitness(Raw) [91.83(90.09)/0.00(9.64)/77.76(77.76)]
Gen. 51 (25.50%): Max/Min/Avg Fitness(Raw) [90.72(90.53)/0.00(1.24)/78.45(78.45)]
Gen. 52 (26.00%): Max/Min/Avg Fitness(Raw) [91.05(90.71)/0.00(2.08)/78.31(78.31)]
Gen. 53 (26.50%): Max/Min/Avg Fitness(Raw) [91.23(90.86)/0.00(2.31)/78.70(78.70)]
Gen. 54 (27.00%): Max/Min/Avg Fitness(Raw) [91.42(90.94)/0.00(3.00)/78.82(78.82)]
Gen. 55 (27.50%): Max/Min/Avg Fitness(Raw) [93.22(91.53)/0.00(9.80)/79.48(79.48)]
Gen. 56 (28.00%): Max/Min/Avg Fitness(Raw) [91.95(91.78)/0.00(1.14)/79.88(79.88)]
Gen. 57 (28.50%): Max/Min/Avg Fitness(Raw) [93.53(92.01)/0.00(8.61)/79.51(79.51)]
Gen. 58 (29.00%): Max/Min/Avg Fitness(Raw) [93.85(92.74)/0.00(6.40)/79.97(79.97)]
Gen. 59 (29.50%): Max/Min/Avg Fitness(Raw) [94.50(93.09)/0.00(7.66)/79.80(79.80)]
Gen. 60 (30.00%): Max/Min/Avg Fitness(Raw) [95.24(93.49)/0.00(9.58)/80.48(80.48)]
Gen. 61 (30.50%): Max/Min/Avg Fitness(Raw) [94.98(93.83)/0.00(6.63)/80.94(80.94)]
Gen. 62 (31.00%): Max/Min/Avg Fitness(Raw) [94.26(94.01)/0.00(1.52)/80.87(80.87)]
Gen. 63 (31.50%): Max/Min/Avg Fitness(Raw) [94.49(94.29)/0.00(1.15)/80.61(80.61)]
Gen. 64 (32.00%): Max/Min/Avg Fitness(Raw) [95.35(94.32)/0.00(5.95)/81.23(81.23)]
Gen. 65 (32.50%): Max/Min/Avg Fitness(Raw) [96.12(94.41)/0.00(9.24)/81.13(81.13)]
Gen. 66 (33.00%): Max/Min/Avg Fitness(Raw) [94.82(94.50)/0.00(1.95)/81.36(81.36)]
Gen. 67 (33.50%): Max/Min/Avg Fitness(Raw) [95.26(94.82)/0.00(2.73)/81.92(81.92)]
Gen. 68 (34.00%): Max/Min/Avg Fitness(Raw) [95.39(95.18)/0.00(1.26)/81.74(81.74)]
Gen. 69 (34.50%): Max/Min/Avg Fitness(Raw) [96.05(95.56)/0.00(2.86)/82.16(82.16)]
Gen. 70 (35.00%): Max/Min/Avg Fitness(Raw) [96.39(96.21)/0.00(1.12)/82.79(82.79)]
Gen. 71 (35.50%): Max/Min/Avg Fitness(Raw) [96.77(96.57)/0.00(1.15)/82.66(82.66)]
Gen. 72 (36.00%): Max/Min/Avg Fitness(Raw) [97.40(97.18)/0.00(1.21)/82.48(82.48)]
Gen. 73 (36.50%): Max/Min/Avg Fitness(Raw) [97.61(97.33)/0.00(1.64)/83.11(83.11)]
Gen. 74 (37.00%): Max/Min/Avg Fitness(Raw) [99.59(97.80)/0.00(8.99)/83.06(83.06)]
Gen. 75 (37.50%): Max/Min/Avg Fitness(Raw) [99.12(98.21)/0.00(4.94)/83.69(83.69)]
Gen. 76 (38.00%): Max/Min/Avg Fitness(Raw) [98.95(98.76)/0.00(1.10)/83.83(83.83)]
Gen. 77 (38.50%): Max/Min/Avg Fitness(Raw) [99.97(99.09)/0.00(4.66)/84.01(84.01)]
Gen. 78 (39.00%): Max/Min/Avg Fitness(Raw) [99.65(99.43)/0.00(1.27)/84.72(84.72)]
Gen. 79 (39.50%): Max/Min/Avg Fitness(Raw) [100.17(99.95)/0.00(1.18)/84.75(84.75)]
Gen. 80 (40.00%): Max/Min/Avg Fitness(Raw) [101.68(100.63)/0.00(5.53)/85.50(85.50)]
Gen. 81 (40.50%): Max/Min/Avg Fitness(Raw) [101.39(101.16)/0.00(1.26)/85.84(85.84)]
Gen. 82 (41.00%): Max/Min/Avg Fitness(Raw) [102.69(101.88)/0.00(4.17)/86.03(86.03)]
Gen. 83 (41.50%): Max/Min/Avg Fitness(Raw) [102.69(102.46)/0.00(1.19)/86.32(86.32)]
Gen. 84 (42.00%): Max/Min/Avg Fitness(Raw) [104.33(102.72)/0.00(8.36)/87.52(87.52)]
Gen. 85 (42.50%): Max/Min/Avg Fitness(Raw) [103.07(102.85)/0.00(1.23)/87.78(87.78)]
Gen. 86 (43.00%): Max/Min/Avg Fitness(Raw) [104.27(103.08)/0.00(6.16)/87.46(87.46)]
Gen. 87 (43.50%): Max/Min/Avg Fitness(Raw) [104.69(103.23)/0.00(7.78)/88.11(88.11)]
Gen. 88 (44.00%): Max/Min/Avg Fitness(Raw) [103.86(103.45)/0.00(2.34)/88.54(88.54)]
Gen. 89 (44.50%): Max/Min/Avg Fitness(Raw) [104.84(103.63)/0.00(6.40)/88.16(88.16)]
Gen. 90 (45.00%): Max/Min/Avg Fitness(Raw) [104.77(104.16)/0.00(3.41)/88.80(88.80)]
Gen. 91 (45.50%): Max/Min/Avg Fitness(Raw) [105.50(104.33)/0.00(6.24)/88.83(88.83)]
Gen. 92 (46.00%): Max/Min/Avg Fitness(Raw) [105.59(104.51)/0.00(5.82)/89.08(89.08)]
Gen. 93 (46.50%): Max/Min/Avg Fitness(Raw) [106.60(104.78)/0.00(9.32)/89.18(89.18)]
Gen. 94 (47.00%): Max/Min/Avg Fitness(Raw) [105.14(104.91)/0.00(1.28)/89.47(89.47)]
Gen. 95 (47.50%): Max/Min/Avg Fitness(Raw) [105.44(105.19)/0.00(1.36)/89.23(89.23)]
Gen. 96 (48.00%): Max/Min/Avg Fitness(Raw) [106.89(105.48)/0.00(7.21)/89.42(89.42)]
Gen. 97 (48.50%): Max/Min/Avg Fitness(Raw) [105.79(105.54)/0.00(1.37)/89.80(89.80)]
Gen. 98 (49.00%): Max/Min/Avg Fitness(Raw) [107.58(105.57)/0.00(10.07)/89.67(89.67)]
Gen. 99 (49.50%): Max/Min/Avg Fitness(Raw) [105.97(105.78)/0.00(1.09)/89.82(89.82)]
Gen. 100 (50.00%): Max/Min/Avg Fitness(Raw) [106.51(106.03)/0.00(2.57)/89.90(89.90)]
Gen. 101 (50.50%): Max/Min/Avg Fitness(Raw) [106.35(106.11)/0.00(1.34)/90.19(90.19)]
Gen. 102 (51.00%): Max/Min/Avg Fitness(Raw) [106.36(106.16)/0.00(1.10)/90.12(90.12)]
Gen. 103 (51.50%): Max/Min/Avg Fitness(Raw) [106.51(106.26)/0.00(1.41)/90.55(90.55)]
Gen. 104 (52.00%): Max/Min/Avg Fitness(Raw) [107.64(106.45)/0.00(6.44)/90.90(90.90)]
Gen. 105 (52.50%): Max/Min/Avg Fitness(Raw) [107.11(106.58)/0.00(2.89)/90.46(90.46)]
Gen. 106 (53.00%): Max/Min/Avg Fitness(Raw) [108.07(106.95)/0.00(5.91)/90.83(90.83)]
Gen. 107 (53.50%): Max/Min/Avg Fitness(Raw) [108.34(107.30)/0.00(5.27)/90.53(90.53)]
Gen. 108 (54.00%): Max/Min/Avg Fitness(Raw) [109.17(107.59)/0.00(7.87)/90.98(90.98)]
Gen. 109 (54.50%): Max/Min/Avg Fitness(Raw) [108.81(107.71)/0.00(5.62)/90.97(90.97)]
Gen. 110 (55.00%): Max/Min/Avg Fitness(Raw) [108.35(108.14)/0.00(1.16)/91.32(91.32)]
Gen. 111 (55.50%): Max/Min/Avg Fitness(Raw) [108.93(108.62)/0.00(1.66)/91.80(91.80)]
Gen. 112 (56.00%): Max/Min/Avg Fitness(Raw) [108.97(108.77)/0.00(1.09)/91.70(91.70)]
Gen. 113 (56.50%): Max/Min/Avg Fitness(Raw) [109.04(108.83)/0.00(1.14)/92.21(92.21)]
Gen. 114 (57.00%): Max/Min/Avg Fitness(Raw) [111.25(108.95)/0.00(10.93)/91.92(91.92)]
Gen. 115 (57.50%): Max/Min/Avg Fitness(Raw) [109.31(109.10)/0.00(1.11)/92.07(92.07)]
Gen. 116 (58.00%): Max/Min/Avg Fitness(Raw) [110.14(109.62)/0.00(2.75)/92.62(92.62)]
Gen. 117 (58.50%): Max/Min/Avg Fitness(Raw) [110.55(109.87)/0.00(3.43)/92.36(92.36)]
Gen. 118 (59.00%): Max/Min/Avg Fitness(Raw) [111.99(109.99)/0.00(9.43)/92.35(92.35)]
Gen. 119 (59.50%): Max/Min/Avg Fitness(Raw) [111.13(110.09)/0.00(5.17)/92.48(92.48)]
Gen. 120 (60.00%): Max/Min/Avg Fitness(Raw) [110.56(110.28)/0.00(1.48)/92.70(92.70)]
Gen. 121 (60.50%): Max/Min/Avg Fitness(Raw) [111.03(110.56)/0.00(2.36)/92.90(92.90)]
Gen. 122 (61.00%): Max/Min/Avg Fitness(Raw) [111.11(110.77)/0.00(1.66)/92.21(92.21)]
Gen. 123 (61.50%): Max/Min/Avg Fitness(Raw) [111.09(110.84)/0.00(1.19)/92.25(92.25)]
Gen. 124 (62.00%): Max/Min/Avg Fitness(Raw) [111.15(110.92)/0.00(1.15)/92.60(92.60)]
Gen. 125 (62.50%): Max/Min/Avg Fitness(Raw) [111.28(110.96)/0.00(1.64)/92.94(92.94)]
Gen. 126 (63.00%): Max/Min/Avg Fitness(Raw) [111.47(111.01)/0.00(2.34)/93.09(93.09)]
Gen. 127 (63.50%): Max/Min/Avg Fitness(Raw) [111.45(111.21)/0.00(1.20)/93.09(93.09)]
Gen. 128 (64.00%): Max/Min/Avg Fitness(Raw) [112.22(111.39)/0.00(4.16)/93.58(93.58)]
Gen. 129 (64.50%): Max/Min/Avg Fitness(Raw) [111.92(111.68)/0.00(1.12)/92.85(92.85)]
Gen. 130 (65.00%): Max/Min/Avg Fitness(Raw) [112.44(111.86)/0.00(2.82)/93.46(93.46)]
Gen. 131 (65.50%): Max/Min/Avg Fitness(Raw) [112.44(112.18)/0.00(1.30)/93.86(93.86)]
Gen. 132 (66.00%): Max/Min/Avg Fitness(Raw) [112.86(112.58)/0.00(1.30)/93.35(93.35)]
Gen. 133 (66.50%): Max/Min/Avg Fitness(Raw) [112.81(112.60)/0.00(1.07)/94.17(94.17)]
Gen. 134 (67.00%): Max/Min/Avg Fitness(Raw) [112.85(112.62)/0.00(1.21)/94.82(94.82)]
Gen. 135 (67.50%): Max/Min/Avg Fitness(Raw) [113.05(112.72)/0.00(1.74)/95.21(95.21)]
Gen. 136 (68.00%): Max/Min/Avg Fitness(Raw) [113.13(112.92)/0.00(1.04)/94.34(94.34)]
Gen. 137 (68.50%): Max/Min/Avg Fitness(Raw) [113.82(113.43)/0.00(2.05)/95.31(95.31)]
Gen. 138 (69.00%): Max/Min/Avg Fitness(Raw) [114.22(113.94)/0.00(1.44)/95.53(95.53)]
Gen. 139 (69.50%): Max/Min/Avg Fitness(Raw) [114.53(114.18)/0.00(1.84)/96.17(96.17)]
Gen. 140 (70.00%): Max/Min/Avg Fitness(Raw) [114.92(114.66)/0.00(1.24)/95.25(95.25)]
Gen. 141 (70.50%): Max/Min/Avg Fitness(Raw) [116.34(115.01)/0.00(6.21)/95.83(95.83)]
Gen. 142 (71.00%): Max/Min/Avg Fitness(Raw) [116.80(115.76)/0.00(5.05)/96.80(96.80)]
Gen. 143 (71.50%): Max/Min/Avg Fitness(Raw) [116.47(116.21)/0.00(1.21)/95.85(95.85)]
Gen. 144 (72.00%): Max/Min/Avg Fitness(Raw) [118.04(116.33)/0.00(7.87)/96.94(96.94)]
Gen. 145 (72.50%): Max/Min/Avg Fitness(Raw) [118.01(116.46)/0.00(7.16)/96.97(96.97)]
Gen. 146 (73.00%): Max/Min/Avg Fitness(Raw) [117.75(116.54)/0.00(5.74)/97.22(97.22)]
Gen. 147 (73.50%): Max/Min/Avg Fitness(Raw) [117.91(116.72)/0.00(5.58)/97.16(97.16)]
Gen. 148 (74.00%): Max/Min/Avg Fitness(Raw) [117.05(116.80)/0.00(1.20)/96.88(96.88)]
Gen. 149 (74.50%): Max/Min/Avg Fitness(Raw) [117.71(117.46)/0.00(1.19)/97.36(97.36)]
Gen. 150 (75.00%): Max/Min/Avg Fitness(Raw) [118.84(117.57)/0.00(5.86)/97.68(97.68)]
Gen. 151 (75.50%): Max/Min/Avg Fitness(Raw) [118.16(117.84)/0.00(1.58)/98.01(98.01)]
Gen. 152 (76.00%): Max/Min/Avg Fitness(Raw) [120.40(118.10)/0.00(10.38)/98.57(98.57)]
Gen. 153 (76.50%): Max/Min/Avg Fitness(Raw) [118.96(118.29)/0.00(3.15)/98.25(98.25)]
Gen. 154 (77.00%): Max/Min/Avg Fitness(Raw) [119.11(118.78)/0.00(1.56)/98.00(98.00)]
Gen. 155 (77.50%): Max/Min/Avg Fitness(Raw) [119.41(118.87)/0.00(2.45)/98.06(98.06)]
Gen. 156 (78.00%): Max/Min/Avg Fitness(Raw) [119.63(119.41)/0.00(1.13)/99.55(99.55)]
Gen. 157 (78.50%): Max/Min/Avg Fitness(Raw) [120.22(119.92)/0.00(1.42)/98.74(98.74)]
Gen. 158 (79.00%): Max/Min/Avg Fitness(Raw) [120.45(120.20)/0.00(1.20)/99.17(99.17)]
Gen. 159 (79.50%): Max/Min/Avg Fitness(Raw) [121.92(120.28)/0.00(7.23)/99.46(99.46)]
Gen. 160 (80.00%): Max/Min/Avg Fitness(Raw) [121.98(120.61)/0.00(6.03)/99.51(99.51)]
Gen. 161 (80.50%): Max/Min/Avg Fitness(Raw) [121.62(120.70)/0.00(4.16)/99.72(99.72)]
Gen. 162 (81.00%): Max/Min/Avg Fitness(Raw) [121.41(120.90)/0.00(2.34)/99.50(99.50)]
Gen. 163 (81.50%): Max/Min/Avg Fitness(Raw) [122.94(120.95)/0.00(8.19)/98.86(98.86)]
Gen. 164 (82.00%): Max/Min/Avg Fitness(Raw) [121.26(121.01)/0.00(1.12)/99.13(99.13)]
Gen. 165 (82.50%): Max/Min/Avg Fitness(Raw) [121.56(121.10)/0.00(2.11)/99.66(99.66)]
Gen. 166 (83.00%): Max/Min/Avg Fitness(Raw) [121.33(121.10)/0.00(1.06)/99.90(99.90)]
Gen. 167 (83.50%): Max/Min/Avg Fitness(Raw) [121.79(121.11)/0.00(3.12)/100.00(100.00)]
Gen. 168 (84.00%): Max/Min/Avg Fitness(Raw) [121.49(121.17)/0.00(1.46)/99.92(99.92)]
Gen. 169 (84.50%): Max/Min/Avg Fitness(Raw) [121.65(121.17)/0.00(2.18)/99.76(99.76)]
Gen. 170 (85.00%): Max/Min/Avg Fitness(Raw) [121.60(121.18)/0.00(1.97)/100.26(100.26)]
Gen. 171 (85.50%): Max/Min/Avg Fitness(Raw) [121.47(121.24)/0.00(1.09)/99.88(99.88)]
Gen. 172 (86.00%): Max/Min/Avg Fitness(Raw) [121.49(121.24)/0.00(1.18)/100.29(100.29)]
Gen. 173 (86.50%): Max/Min/Avg Fitness(Raw) [121.84(121.55)/0.00(1.35)/99.95(99.95)]
Gen. 174 (87.00%): Max/Min/Avg Fitness(Raw) [123.22(121.72)/0.00(6.65)/100.46(100.46)]
Gen. 175 (87.50%): Max/Min/Avg Fitness(Raw) [122.15(121.79)/0.00(1.59)/99.24(99.24)]
Gen. 176 (88.00%): Max/Min/Avg Fitness(Raw) [122.11(121.87)/0.00(1.08)/99.62(99.62)]
Gen. 177 (88.50%): Max/Min/Avg Fitness(Raw) [122.38(122.12)/0.00(1.18)/100.32(100.32)]
Gen. 178 (89.00%): Max/Min/Avg Fitness(Raw) [122.68(122.23)/0.00(2.00)/100.22(100.22)]
Gen. 179 (89.50%): Max/Min/Avg Fitness(Raw) [122.64(122.38)/0.00(1.13)/99.76(99.76)]
Gen. 180 (90.00%): Max/Min/Avg Fitness(Raw) [123.11(122.76)/0.00(1.54)/100.46(100.46)]
Gen. 181 (90.50%): Max/Min/Avg Fitness(Raw) [123.16(122.93)/0.00(1.11)/101.33(101.33)]
Gen. 182 (91.00%): Max/Min/Avg Fitness(Raw) [123.23(122.96)/0.00(1.21)/100.83(100.83)]
Gen. 183 (91.50%): Max/Min/Avg Fitness(Raw) [123.38(122.98)/0.00(1.76)/100.90(100.90)]
Gen. 184 (92.00%): Max/Min/Avg Fitness(Raw) [123.62(123.26)/0.00(1.68)/101.71(101.71)]
Gen. 185 (92.50%): Max/Min/Avg Fitness(Raw) [123.96(123.52)/0.00(1.99)/101.75(101.75)]
Gen. 186 (93.00%): Max/Min/Avg Fitness(Raw) [123.84(123.59)/0.00(1.14)/101.20(101.20)]
Gen. 187 (93.50%): Max/Min/Avg Fitness(Raw) [125.34(123.66)/0.00(7.09)/101.39(101.39)]
Gen. 188 (94.00%): Max/Min/Avg Fitness(Raw) [126.10(123.90)/0.00(8.99)/101.32(101.32)]
Gen. 189 (94.50%): Max/Min/Avg Fitness(Raw) [125.89(123.99)/0.00(8.07)/101.84(101.84)]
Gen. 190 (95.00%): Max/Min/Avg Fitness(Raw) [124.25(123.99)/0.00(1.12)/101.30(101.30)]
Gen. 191 (95.50%): Max/Min/Avg Fitness(Raw) [124.28(124.04)/0.00(1.05)/101.41(101.41)]
Gen. 192 (96.00%): Max/Min/Avg Fitness(Raw) [124.66(124.14)/0.00(2.29)/101.52(101.52)]
Gen. 193 (96.50%): Max/Min/Avg Fitness(Raw) [124.78(124.22)/0.00(2.42)/101.46(101.46)]
Gen. 194 (97.00%): Max/Min/Avg Fitness(Raw) [124.48(124.23)/0.00(1.12)/101.77(101.77)]
Gen. 195 (97.50%): Max/Min/Avg Fitness(Raw) [124.73(124.26)/0.00(2.14)/102.14(102.14)]
Gen. 196 (98.00%): Max/Min/Avg Fitness(Raw) [124.71(124.40)/0.00(1.42)/102.24(102.24)]
Gen. 197 (98.50%): Max/Min/Avg Fitness(Raw) [125.83(124.45)/0.00(6.02)/102.43(102.43)]
Gen. 198 (99.00%): Max/Min/Avg Fitness(Raw) [125.00(124.46)/0.00(2.41)/102.03(102.03)]
Gen. 199 (99.50%): Max/Min/Avg Fitness(Raw) [124.86(124.61)/0.00(1.07)/101.75(101.75)]
Gen. 200 (100.00%): Max/Min/Avg Fitness(Raw) [125.41(124.69)/0.00(3.09)/101.59(101.59)]
Total time elapsed: 37756.293 seconds.
GA MSE : 0.008933
Best initial connection wetighs are set on Network
Setting FANN training parameters
Input layer                          :  70 neurons, 1 bias
  Hidden layer                       :  10 neurons, 1 bias
Output layer                         :   1 neurons
Total neurons and biases             :  83
Total connections                    : 721
Connection rate                      :   1.000
Network type                         :   FANN_NETTYPE_LAYER
Training algorithm                   :   FANN_TRAIN_RPROP
Training error function              :   FANN_ERRORFUNC_TANH
Training stop function               :   FANN_STOPFUNC_MSE
Bit fail limit                       :   0.350
Learning rate                        :   0.700
Learning momentum                    :   0.000
Quickprop decay                      :  -0.000100
Quickprop mu                         :   1.750
RPROP increase factor                :   1.001
RPROP decrease factor                :   0.333
RPROP delta min                      :   0.000
RPROP delta max                      :  50.000
Cascade output change fraction       :   0.010000
Cascade candidate change fraction    :   0.010000
Cascade output stagnation epochs     :  12
Cascade candidate stagnation epochs  :  12
Cascade max output epochs            : 150
Cascade max candidate epochs         : 150
Cascade weight multiplier            :   0.400
Cascade candidate limit              :1000.000
Cascade activation functions[0]      :   FANN_SIGMOID
Cascade activation functions[1]      :   FANN_SIGMOID_SYMMETRIC
Cascade activation functions[2]      :   FANN_GAUSSIAN
Cascade activation functions[3]      :   FANN_GAUSSIAN_SYMMETRIC
Cascade activation functions[4]      :   FANN_ELLIOT
Cascade activation functions[5]      :   FANN_ELLIOT_SYMMETRIC
Cascade activation functions[6]      :   FANN_SIN_SYMMETRIC
Cascade activation functions[7]      :   FANN_COS_SYMMETRIC
Cascade activation functions[8]      :   FANN_SIN
Cascade activation functions[9]      :   FANN_COS
Cascade activation steepnesses[0]    :   0.250
Cascade activation steepnesses[1]    :   0.500
Cascade activation steepnesses[2]    :   0.750
Cascade activation steepnesses[3]    :   1.000
Cascade candidate groups             :   2
Cascade no. of candidates            :  80
Start training network with 2-algorithm in FANN
Max epochs     8000. Desired error: 0.0010000000.
Epochs            1. Current error: 0.0080198757. Bit fail 149.
Epochs          100. Current error: 0.0107975863. Bit fail 242.
Epochs          200. Current error: 0.0106085138. Bit fail 227.
Epochs          300. Current error: 0.0103162751. Bit fail 225.
Epochs          400. Current error: 0.0100676082. Bit fail 216.
Epochs          500. Current error: 0.0098351659. Bit fail 212.
Epochs          600. Current error: 0.0096320175. Bit fail 206.
Epochs          700. Current error: 0.0094357692. Bit fail 199.
Epochs          800. Current error: 0.0092639560. Bit fail 197.
Epochs          900. Current error: 0.0091642141. Bit fail 193.
Epochs         1000. Current error: 0.0090027275. Bit fail 190.
Epochs         1100. Current error: 0.0088934936. Bit fail 189.
Epochs         1200. Current error: 0.0087376162. Bit fail 182.
Epochs         1300. Current error: 0.0085929222. Bit fail 179.
Epochs         1400. Current error: 0.0084732566. Bit fail 175.
Epochs         1500. Current error: 0.0083639054. Bit fail 175.
Epochs         1600. Current error: 0.0082405163. Bit fail 173.
Epochs         1700. Current error: 0.0081412215. Bit fail 173.
Epochs         1800. Current error: 0.0080824755. Bit fail 169.
Epochs         1900. Current error: 0.0080455272. Bit fail 162.
Epochs         2000. Current error: 0.0080019105. Bit fail 161.
Epochs         2100. Current error: 0.0079007288. Bit fail 159.
Epochs         2200. Current error: 0.0077836975. Bit fail 160.
Epochs         2300. Current error: 0.0077398699. Bit fail 160.
Epochs         2400. Current error: 0.0077094673. Bit fail 159.
Epochs         2500. Current error: 0.0076942481. Bit fail 158.
Epochs         2600. Current error: 0.0076671876. Bit fail 161.
Epochs         2700. Current error: 0.0076036011. Bit fail 163.
Epochs         2800. Current error: 0.0075571621. Bit fail 162.
Epochs         2900. Current error: 0.0075340117. Bit fail 164.
Epochs         3000. Current error: 0.0075086285. Bit fail 164.
Epochs         3100. Current error: 0.0074933036. Bit fail 164.
Epochs         3200. Current error: 0.0074600149. Bit fail 162.
Epochs         3300. Current error: 0.0074129580. Bit fail 158.
Epochs         3400. Current error: 0.0073719076. Bit fail 157.
Epochs         3500. Current error: 0.0073321220. Bit fail 155.
Epochs         3600. Current error: 0.0072594015. Bit fail 151.
Epochs         3700. Current error: 0.0071715023. Bit fail 152.
Epochs         3800. Current error: 0.0071230405. Bit fail 148.
Epochs         3900. Current error: 0.0070882034. Bit fail 146.
Epochs         4000. Current error: 0.0070032477. Bit fail 144.
Epochs         4100. Current error: 0.0069641429. Bit fail 144.
Epochs         4200. Current error: 0.0069304509. Bit fail 143.
Epochs         4300. Current error: 0.0068913358. Bit fail 145.
Epochs         4400. Current error: 0.0068561705. Bit fail 141.
Epochs         4500. Current error: 0.0068188696. Bit fail 142.
Epochs         4600. Current error: 0.0067918724. Bit fail 142.
Epochs         4700. Current error: 0.0067594424. Bit fail 140.
Epochs         4800. Current error: 0.0067179124. Bit fail 140.
Epochs         4900. Current error: 0.0066783447. Bit fail 138.
Epochs         5000. Current error: 0.0066560488. Bit fail 139.
Epochs         5100. Current error: 0.0066343960. Bit fail 137.
Epochs         5200. Current error: 0.0066126008. Bit fail 138.
Epochs         5300. Current error: 0.0065993280. Bit fail 137.
Epochs         5400. Current error: 0.0065745702. Bit fail 136.
Epochs         5500. Current error: 0.0065485644. Bit fail 135.
Epochs         5600. Current error: 0.0065185754. Bit fail 135.
Epochs         5700. Current error: 0.0064844936. Bit fail 137.
Epochs         5800. Current error: 0.0064390544. Bit fail 132.
Epochs         5900. Current error: 0.0064004953. Bit fail 130.
Epochs         6000. Current error: 0.0063707181. Bit fail 133.
Epochs         6100. Current error: 0.0063494309. Bit fail 133.
Epochs         6200. Current error: 0.0063145719. Bit fail 133.
Epochs         6300. Current error: 0.0062805456. Bit fail 133.
Epochs         6400. Current error: 0.0062489309. Bit fail 133.
Epochs         6500. Current error: 0.0062266481. Bit fail 134.
Epochs         6600. Current error: 0.0062041790. Bit fail 133.
Epochs         6700. Current error: 0.0061741616. Bit fail 129.
Epochs         6800. Current error: 0.0061472896. Bit fail 127.
Epochs         6900. Current error: 0.0061101955. Bit fail 127.
Epochs         7000. Current error: 0.0060798875. Bit fail 125.
Epochs         7100. Current error: 0.0060466514. Bit fail 125.
Epochs         7200. Current error: 0.0060114777. Bit fail 125.
Epochs         7300. Current error: 0.0059782644. Bit fail 124.
Epochs         7400. Current error: 0.0059401421. Bit fail 123.
Epochs         7500. Current error: 0.0058818790. Bit fail 120.
Epochs         7600. Current error: 0.0058368035. Bit fail 119.
Epochs         7700. Current error: 0.0058097877. Bit fail 119.
Epochs         7800. Current error: 0.0057821721. Bit fail 117.
Epochs         7900. Current error: 0.0057546673. Bit fail 119.
Epochs         8000. Current error: 0.0057131918. Bit fail 117.
Time elpased for FANN training: 454.789583 seconds
Trained Network by GA+FANN is saved in 
./ALL_S6_959126400_hveto_channels_signif_dt_set_6_training_n70n10n1_c10_mr04_p5000_g200_rmin-25_rmax25_gsigma1_y1001_z03333_f05g09_m8000.net.
Total Running Time: 38211.620203 seconds
