Creating network.
The layer structure is following:
[70, 10, 1]
Setting newtork parameters
Getting training data : ALL_S6_959126400_hveto_channels_signif_dt_set_2_training.pat
Setting GA training parameters
Start running GA
Gen. 0 (0.00%): Max/Min/Avg Fitness(Raw) [25.42(61.50)/19.06(1.02)/21.18(21.18)]
Gen. 1 (0.50%): Max/Min/Avg Fitness(Raw) [69.17(68.86)/0.00(1.02)/52.87(52.87)]
Gen. 2 (1.00%): Max/Min/Avg Fitness(Raw) [71.55(71.30)/0.00(1.02)/57.85(57.85)]
Gen. 3 (1.50%): Max/Min/Avg Fitness(Raw) [72.84(72.63)/0.00(1.02)/60.09(60.09)]
Gen. 4 (2.00%): Max/Min/Avg Fitness(Raw) [74.11(73.88)/0.00(1.02)/60.62(60.62)]
Gen. 5 (2.50%): Max/Min/Avg Fitness(Raw) [75.03(74.80)/0.00(1.02)/61.33(61.33)]
Gen. 6 (3.00%): Max/Min/Avg Fitness(Raw) [75.98(75.75)/0.00(1.02)/62.06(62.06)]
Gen. 7 (3.50%): Max/Min/Avg Fitness(Raw) [76.82(76.59)/0.00(1.02)/63.10(63.10)]
Gen. 8 (4.00%): Max/Min/Avg Fitness(Raw) [77.58(77.37)/0.00(1.02)/63.95(63.95)]
Gen. 9 (4.50%): Max/Min/Avg Fitness(Raw) [78.56(78.35)/0.00(1.02)/64.99(64.99)]
Gen. 10 (5.00%): Max/Min/Avg Fitness(Raw) [79.42(79.20)/0.00(1.02)/65.32(65.32)]
Gen. 11 (5.50%): Max/Min/Avg Fitness(Raw) [80.39(80.16)/0.00(1.02)/65.81(65.81)]
Gen. 12 (6.00%): Max/Min/Avg Fitness(Raw) [81.15(80.92)/0.00(1.02)/66.58(66.58)]
Gen. 13 (6.50%): Max/Min/Avg Fitness(Raw) [81.67(81.45)/0.00(1.02)/67.10(67.10)]
Gen. 14 (7.00%): Max/Min/Avg Fitness(Raw) [82.29(82.05)/0.00(1.02)/66.85(66.85)]
Gen. 15 (7.50%): Max/Min/Avg Fitness(Raw) [83.11(82.86)/0.00(1.02)/67.19(67.19)]
Gen. 16 (8.00%): Max/Min/Avg Fitness(Raw) [83.71(83.48)/0.00(1.02)/67.91(67.91)]
Gen. 17 (8.50%): Max/Min/Avg Fitness(Raw) [84.36(84.11)/0.00(1.02)/68.04(68.04)]
Gen. 18 (9.00%): Max/Min/Avg Fitness(Raw) [85.40(85.15)/0.00(1.02)/69.07(69.07)]
Gen. 19 (9.50%): Max/Min/Avg Fitness(Raw) [86.26(86.00)/0.00(1.02)/68.96(68.96)]
Gen. 20 (10.00%): Max/Min/Avg Fitness(Raw) [87.11(86.88)/0.00(1.02)/70.96(70.96)]
Gen. 21 (10.50%): Max/Min/Avg Fitness(Raw) [87.54(87.30)/0.00(1.03)/70.89(70.89)]
Gen. 22 (11.00%): Max/Min/Avg Fitness(Raw) [87.94(87.71)/0.00(1.02)/71.41(71.41)]
Gen. 23 (11.50%): Max/Min/Avg Fitness(Raw) [88.41(88.17)/0.00(1.02)/71.45(71.45)]
Gen. 24 (12.00%): Max/Min/Avg Fitness(Raw) [88.81(88.57)/0.00(1.02)/71.59(71.59)]
Gen. 25 (12.50%): Max/Min/Avg Fitness(Raw) [89.21(88.96)/0.00(1.02)/71.69(71.69)]
Gen. 26 (13.00%): Max/Min/Avg Fitness(Raw) [89.73(89.47)/0.00(1.02)/71.54(71.54)]
Gen. 27 (13.50%): Max/Min/Avg Fitness(Raw) [90.04(89.79)/0.00(1.02)/72.42(72.42)]
Gen. 28 (14.00%): Max/Min/Avg Fitness(Raw) [90.80(90.55)/0.00(1.02)/73.21(73.21)]
Gen. 29 (14.50%): Max/Min/Avg Fitness(Raw) [91.21(90.96)/0.00(1.02)/73.31(73.31)]
Gen. 30 (15.00%): Max/Min/Avg Fitness(Raw) [91.48(91.23)/0.00(1.02)/74.00(74.00)]
Gen. 31 (15.50%): Max/Min/Avg Fitness(Raw) [91.75(91.51)/0.00(1.02)/74.07(74.07)]
Gen. 32 (16.00%): Max/Min/Avg Fitness(Raw) [92.04(91.79)/0.00(1.02)/73.77(73.77)]
Gen. 33 (16.50%): Max/Min/Avg Fitness(Raw) [92.39(92.15)/0.00(1.02)/75.04(75.04)]
Gen. 34 (17.00%): Max/Min/Avg Fitness(Raw) [93.08(92.84)/0.00(1.02)/75.49(75.49)]
Gen. 35 (17.50%): Max/Min/Avg Fitness(Raw) [93.69(93.45)/0.00(1.02)/75.64(75.64)]
Gen. 36 (18.00%): Max/Min/Avg Fitness(Raw) [94.23(93.98)/0.00(1.02)/75.65(75.65)]
Gen. 37 (18.50%): Max/Min/Avg Fitness(Raw) [94.50(94.26)/0.00(1.02)/76.38(76.38)]
Gen. 38 (19.00%): Max/Min/Avg Fitness(Raw) [95.03(94.79)/0.00(1.02)/76.83(76.83)]
Gen. 39 (19.50%): Max/Min/Avg Fitness(Raw) [95.27(95.02)/0.00(1.02)/76.76(76.76)]
Gen. 40 (20.00%): Max/Min/Avg Fitness(Raw) [95.51(95.27)/0.00(1.02)/77.55(77.55)]
Gen. 41 (20.50%): Max/Min/Avg Fitness(Raw) [95.66(95.44)/0.00(1.02)/78.57(78.57)]
Gen. 42 (21.00%): Max/Min/Avg Fitness(Raw) [95.84(95.60)/0.00(1.02)/77.67(77.67)]
Gen. 43 (21.50%): Max/Min/Avg Fitness(Raw) [96.06(95.82)/0.00(1.02)/78.23(78.23)]
Gen. 44 (22.00%): Max/Min/Avg Fitness(Raw) [96.29(96.05)/0.00(1.02)/77.77(77.77)]
Gen. 45 (22.50%): Max/Min/Avg Fitness(Raw) [96.39(96.15)/0.00(1.02)/78.17(78.17)]
Gen. 46 (23.00%): Max/Min/Avg Fitness(Raw) [96.62(96.37)/0.00(1.02)/77.83(77.83)]
Gen. 47 (23.50%): Max/Min/Avg Fitness(Raw) [96.78(96.54)/0.00(1.02)/78.35(78.35)]
Gen. 48 (24.00%): Max/Min/Avg Fitness(Raw) [97.17(96.94)/0.00(1.02)/79.22(79.22)]
Gen. 49 (24.50%): Max/Min/Avg Fitness(Raw) [97.28(97.04)/0.00(1.02)/79.14(79.14)]
Gen. 50 (25.00%): Max/Min/Avg Fitness(Raw) [97.47(97.22)/0.00(1.02)/78.80(78.80)]
Gen. 51 (25.50%): Max/Min/Avg Fitness(Raw) [97.71(97.47)/0.00(1.02)/79.52(79.52)]
Gen. 52 (26.00%): Max/Min/Avg Fitness(Raw) [98.07(97.82)/0.00(1.02)/78.60(78.60)]
Gen. 53 (26.50%): Max/Min/Avg Fitness(Raw) [98.28(98.03)/0.00(1.02)/79.20(79.20)]
Gen. 54 (27.00%): Max/Min/Avg Fitness(Raw) [98.50(98.25)/0.00(1.02)/79.51(79.51)]
Gen. 55 (27.50%): Max/Min/Avg Fitness(Raw) [98.64(98.40)/0.00(1.02)/80.16(80.16)]
Gen. 56 (28.00%): Max/Min/Avg Fitness(Raw) [98.74(98.50)/0.00(1.02)/80.11(80.11)]
Gen. 57 (28.50%): Max/Min/Avg Fitness(Raw) [98.82(98.59)/0.00(1.02)/80.45(80.45)]
Gen. 58 (29.00%): Max/Min/Avg Fitness(Raw) [99.06(98.81)/0.00(1.02)/80.12(80.12)]
Gen. 59 (29.50%): Max/Min/Avg Fitness(Raw) [99.15(98.92)/0.00(1.02)/80.51(80.51)]
Gen. 60 (30.00%): Max/Min/Avg Fitness(Raw) [99.29(99.06)/0.00(1.02)/80.92(80.92)]
Gen. 61 (30.50%): Max/Min/Avg Fitness(Raw) [99.34(99.11)/0.00(1.02)/81.27(81.27)]
Gen. 62 (31.00%): Max/Min/Avg Fitness(Raw) [99.42(99.18)/0.00(1.02)/80.54(80.54)]
Gen. 63 (31.50%): Max/Min/Avg Fitness(Raw) [99.46(99.22)/0.00(1.02)/80.76(80.76)]
Gen. 64 (32.00%): Max/Min/Avg Fitness(Raw) [99.58(99.34)/0.00(1.02)/80.68(80.68)]
Gen. 65 (32.50%): Max/Min/Avg Fitness(Raw) [99.79(99.54)/0.00(1.02)/80.40(80.40)]
Gen. 66 (33.00%): Max/Min/Avg Fitness(Raw) [99.83(99.60)/0.00(1.02)/81.69(81.69)]
Gen. 67 (33.50%): Max/Min/Avg Fitness(Raw) [99.94(99.71)/0.00(1.02)/81.95(81.95)]
Gen. 68 (34.00%): Max/Min/Avg Fitness(Raw) [99.99(99.77)/0.00(1.02)/81.93(81.93)]
Gen. 69 (34.50%): Max/Min/Avg Fitness(Raw) [100.20(99.98)/0.00(1.02)/82.61(82.61)]
Gen. 70 (35.00%): Max/Min/Avg Fitness(Raw) [100.42(100.18)/0.00(1.02)/81.42(81.42)]
Gen. 71 (35.50%): Max/Min/Avg Fitness(Raw) [100.49(100.25)/0.00(1.02)/81.90(81.90)]
Gen. 72 (36.00%): Max/Min/Avg Fitness(Raw) [100.57(100.32)/0.00(1.02)/80.75(80.75)]
Gen. 73 (36.50%): Max/Min/Avg Fitness(Raw) [100.57(100.34)/0.00(1.02)/82.03(82.03)]
Gen. 74 (37.00%): Max/Min/Avg Fitness(Raw) [100.68(100.46)/0.00(1.02)/82.71(82.71)]
Gen. 75 (37.50%): Max/Min/Avg Fitness(Raw) [100.78(100.55)/0.00(1.02)/82.27(82.27)]
Gen. 76 (38.00%): Max/Min/Avg Fitness(Raw) [100.78(100.57)/0.00(1.02)/83.23(83.23)]
Gen. 77 (38.50%): Max/Min/Avg Fitness(Raw) [101.42(101.18)/0.00(1.02)/82.53(82.53)]
Gen. 78 (39.00%): Max/Min/Avg Fitness(Raw) [101.81(101.56)/0.00(1.02)/82.36(82.36)]
Gen. 79 (39.50%): Max/Min/Avg Fitness(Raw) [101.96(101.73)/0.00(1.02)/82.88(82.88)]
Gen. 80 (40.00%): Max/Min/Avg Fitness(Raw) [101.96(101.74)/0.00(1.02)/83.69(83.69)]
Gen. 81 (40.50%): Max/Min/Avg Fitness(Raw) [102.05(101.82)/0.00(1.02)/83.11(83.11)]
Gen. 82 (41.00%): Max/Min/Avg Fitness(Raw) [102.12(101.88)/0.00(1.02)/82.69(82.69)]
Gen. 83 (41.50%): Max/Min/Avg Fitness(Raw) [102.16(101.93)/0.00(1.02)/83.33(83.33)]
Gen. 84 (42.00%): Max/Min/Avg Fitness(Raw) [102.23(102.01)/0.00(1.02)/83.79(83.79)]
Gen. 85 (42.50%): Max/Min/Avg Fitness(Raw) [102.42(102.19)/0.00(1.02)/83.33(83.33)]
Gen. 86 (43.00%): Max/Min/Avg Fitness(Raw) [102.56(102.33)/0.00(1.02)/83.79(83.79)]
Gen. 87 (43.50%): Max/Min/Avg Fitness(Raw) [102.80(102.57)/0.00(1.02)/84.23(84.23)]
Gen. 88 (44.00%): Max/Min/Avg Fitness(Raw) [103.21(102.97)/0.00(1.02)/83.93(83.93)]
Gen. 89 (44.50%): Max/Min/Avg Fitness(Raw) [103.31(103.07)/0.00(1.02)/83.74(83.74)]
Gen. 90 (45.00%): Max/Min/Avg Fitness(Raw) [103.54(103.30)/0.00(1.02)/83.90(83.90)]
Gen. 91 (45.50%): Max/Min/Avg Fitness(Raw) [103.82(103.59)/0.00(1.02)/84.61(84.61)]
Gen. 92 (46.00%): Max/Min/Avg Fitness(Raw) [103.92(103.69)/0.00(1.02)/85.04(85.04)]
Gen. 93 (46.50%): Max/Min/Avg Fitness(Raw) [104.05(103.82)/0.00(1.02)/84.58(84.58)]
Gen. 94 (47.00%): Max/Min/Avg Fitness(Raw) [104.18(103.95)/0.00(1.02)/85.15(85.15)]
Gen. 95 (47.50%): Max/Min/Avg Fitness(Raw) [104.29(104.06)/0.00(1.04)/85.49(85.49)]
Gen. 96 (48.00%): Max/Min/Avg Fitness(Raw) [104.67(104.44)/0.00(1.02)/85.63(85.63)]
Gen. 97 (48.50%): Max/Min/Avg Fitness(Raw) [104.87(104.64)/0.00(1.02)/85.26(85.26)]
Gen. 98 (49.00%): Max/Min/Avg Fitness(Raw) [105.14(104.90)/0.00(1.02)/85.46(85.46)]
Gen. 99 (49.50%): Max/Min/Avg Fitness(Raw) [105.36(105.12)/0.00(1.02)/85.70(85.70)]
Gen. 100 (50.00%): Max/Min/Avg Fitness(Raw) [105.61(105.37)/0.00(1.02)/85.32(85.32)]
Gen. 101 (50.50%): Max/Min/Avg Fitness(Raw) [105.92(105.69)/0.00(1.02)/86.24(86.24)]
Gen. 102 (51.00%): Max/Min/Avg Fitness(Raw) [106.22(105.98)/0.00(1.02)/85.58(85.58)]
Gen. 103 (51.50%): Max/Min/Avg Fitness(Raw) [106.41(106.17)/0.00(1.02)/86.10(86.10)]
Gen. 104 (52.00%): Max/Min/Avg Fitness(Raw) [107.49(107.23)/0.00(1.02)/85.84(85.84)]
Gen. 105 (52.50%): Max/Min/Avg Fitness(Raw) [107.63(107.38)/0.00(1.02)/86.46(86.46)]
Gen. 106 (53.00%): Max/Min/Avg Fitness(Raw) [108.19(107.94)/0.00(1.02)/86.99(86.99)]
Gen. 107 (53.50%): Max/Min/Avg Fitness(Raw) [108.41(108.16)/0.00(1.02)/87.07(87.07)]
Gen. 108 (54.00%): Max/Min/Avg Fitness(Raw) [108.47(108.21)/0.00(1.02)/86.56(86.56)]
Gen. 109 (54.50%): Max/Min/Avg Fitness(Raw) [108.58(108.33)/0.00(1.04)/87.25(87.25)]
Gen. 110 (55.00%): Max/Min/Avg Fitness(Raw) [108.62(108.37)/0.00(1.02)/87.07(87.07)]
Gen. 111 (55.50%): Max/Min/Avg Fitness(Raw) [108.74(108.50)/0.00(1.02)/87.76(87.76)]
Gen. 112 (56.00%): Max/Min/Avg Fitness(Raw) [108.99(108.74)/0.00(1.02)/87.76(87.76)]
Gen. 113 (56.50%): Max/Min/Avg Fitness(Raw) [109.06(108.82)/0.00(1.02)/88.31(88.31)]
Gen. 114 (57.00%): Max/Min/Avg Fitness(Raw) [109.25(109.00)/0.00(1.02)/88.01(88.01)]
Gen. 115 (57.50%): Max/Min/Avg Fitness(Raw) [109.36(109.11)/0.00(1.02)/87.92(87.92)]
Gen. 116 (58.00%): Max/Min/Avg Fitness(Raw) [109.40(109.15)/0.00(1.02)/87.49(87.49)]
Gen. 117 (58.50%): Max/Min/Avg Fitness(Raw) [109.91(109.65)/0.00(1.02)/87.66(87.66)]
Gen. 118 (59.00%): Max/Min/Avg Fitness(Raw) [109.96(109.70)/0.00(1.02)/88.12(88.12)]
Gen. 119 (59.50%): Max/Min/Avg Fitness(Raw) [110.04(109.77)/0.00(1.02)/87.38(87.38)]
Gen. 120 (60.00%): Max/Min/Avg Fitness(Raw) [110.52(110.27)/0.00(1.02)/88.54(88.54)]
Gen. 121 (60.50%): Max/Min/Avg Fitness(Raw) [110.59(110.33)/0.00(1.02)/88.24(88.24)]
Gen. 122 (61.00%): Max/Min/Avg Fitness(Raw) [110.61(110.35)/0.00(1.02)/87.90(87.90)]
Gen. 123 (61.50%): Max/Min/Avg Fitness(Raw) [110.82(110.56)/0.00(1.02)/88.64(88.64)]
Gen. 124 (62.00%): Max/Min/Avg Fitness(Raw) [110.83(110.57)/0.00(1.02)/88.62(88.62)]
Gen. 125 (62.50%): Max/Min/Avg Fitness(Raw) [112.04(111.78)/0.00(1.02)/89.16(89.16)]
Gen. 126 (63.00%): Max/Min/Avg Fitness(Raw) [114.10(113.82)/0.00(1.02)/89.27(89.27)]
Gen. 127 (63.50%): Max/Min/Avg Fitness(Raw) [114.29(114.02)/0.00(1.02)/90.46(90.46)]
Gen. 128 (64.00%): Max/Min/Avg Fitness(Raw) [114.48(114.22)/0.00(1.02)/90.88(90.88)]
Gen. 129 (64.50%): Max/Min/Avg Fitness(Raw) [114.56(114.30)/0.00(1.02)/91.56(91.56)]
Gen. 130 (65.00%): Max/Min/Avg Fitness(Raw) [114.68(114.41)/0.00(1.02)/90.60(90.60)]
Gen. 131 (65.50%): Max/Min/Avg Fitness(Raw) [114.85(114.58)/0.00(1.02)/91.01(91.01)]
Gen. 132 (66.00%): Max/Min/Avg Fitness(Raw) [115.17(114.90)/0.00(1.02)/91.12(91.12)]
Gen. 133 (66.50%): Max/Min/Avg Fitness(Raw) [115.42(115.17)/0.00(1.02)/93.04(93.04)]
Gen. 134 (67.00%): Max/Min/Avg Fitness(Raw) [115.48(115.23)/0.00(1.02)/92.21(92.21)]
Gen. 135 (67.50%): Max/Min/Avg Fitness(Raw) [115.69(115.43)/0.00(1.02)/92.09(92.09)]
Gen. 136 (68.00%): Max/Min/Avg Fitness(Raw) [115.80(115.55)/0.00(1.02)/93.09(93.09)]
Gen. 137 (68.50%): Max/Min/Avg Fitness(Raw) [115.97(115.71)/0.00(1.02)/92.55(92.55)]
Gen. 138 (69.00%): Max/Min/Avg Fitness(Raw) [116.06(115.80)/0.00(1.02)/92.08(92.08)]
Gen. 139 (69.50%): Max/Min/Avg Fitness(Raw) [116.21(115.95)/0.00(1.02)/92.40(92.40)]
Gen. 140 (70.00%): Max/Min/Avg Fitness(Raw) [116.33(116.07)/0.00(1.02)/92.49(92.49)]
Gen. 141 (70.50%): Max/Min/Avg Fitness(Raw) [116.43(116.19)/0.00(1.02)/93.92(93.92)]
Gen. 142 (71.00%): Max/Min/Avg Fitness(Raw) [116.46(116.21)/0.00(1.02)/93.99(93.99)]
Gen. 143 (71.50%): Max/Min/Avg Fitness(Raw) [116.58(116.33)/0.00(1.02)/93.44(93.44)]
Gen. 144 (72.00%): Max/Min/Avg Fitness(Raw) [116.63(116.38)/0.00(1.02)/93.42(93.42)]
Gen. 145 (72.50%): Max/Min/Avg Fitness(Raw) [116.65(116.39)/0.00(1.02)/92.85(92.85)]
Gen. 146 (73.00%): Max/Min/Avg Fitness(Raw) [116.67(116.41)/0.00(1.04)/93.81(93.81)]
Gen. 147 (73.50%): Max/Min/Avg Fitness(Raw) [116.80(116.54)/0.00(1.02)/92.85(92.85)]
Gen. 148 (74.00%): Max/Min/Avg Fitness(Raw) [116.89(116.65)/0.00(1.02)/94.23(94.23)]
Gen. 149 (74.50%): Max/Min/Avg Fitness(Raw) [117.08(116.82)/0.00(1.02)/93.04(93.04)]
Gen. 150 (75.00%): Max/Min/Avg Fitness(Raw) [117.24(116.98)/0.00(1.02)/93.52(93.52)]
Gen. 151 (75.50%): Max/Min/Avg Fitness(Raw) [117.55(117.30)/0.00(1.02)/93.86(93.86)]
Gen. 152 (76.00%): Max/Min/Avg Fitness(Raw) [117.74(117.48)/0.00(1.02)/94.00(94.00)]
Gen. 153 (76.50%): Max/Min/Avg Fitness(Raw) [117.77(117.51)/0.00(1.02)/93.96(93.96)]
Gen. 154 (77.00%): Max/Min/Avg Fitness(Raw) [118.00(117.73)/0.00(1.06)/93.74(93.74)]
Gen. 155 (77.50%): Max/Min/Avg Fitness(Raw) [118.05(117.79)/0.00(1.02)/93.82(93.82)]
Gen. 156 (78.00%): Max/Min/Avg Fitness(Raw) [118.17(117.91)/0.00(1.02)/94.04(94.04)]
Gen. 157 (78.50%): Max/Min/Avg Fitness(Raw) [118.26(118.00)/0.00(1.02)/94.61(94.61)]
Gen. 158 (79.00%): Max/Min/Avg Fitness(Raw) [118.34(118.08)/0.00(1.02)/94.35(94.35)]
Gen. 159 (79.50%): Max/Min/Avg Fitness(Raw) [118.46(118.19)/0.00(1.02)/93.94(93.94)]
Gen. 160 (80.00%): Max/Min/Avg Fitness(Raw) [118.55(118.29)/0.00(1.02)/94.45(94.45)]
Gen. 161 (80.50%): Max/Min/Avg Fitness(Raw) [118.63(118.37)/0.00(1.02)/94.85(94.85)]
Gen. 162 (81.00%): Max/Min/Avg Fitness(Raw) [118.70(118.44)/0.00(1.02)/94.59(94.59)]
Gen. 163 (81.50%): Max/Min/Avg Fitness(Raw) [118.77(118.51)/0.00(1.02)/94.67(94.67)]
Gen. 164 (82.00%): Max/Min/Avg Fitness(Raw) [118.85(118.59)/0.00(1.02)/95.39(95.39)]
Gen. 165 (82.50%): Max/Min/Avg Fitness(Raw) [118.95(118.70)/0.00(1.02)/95.31(95.31)]
Gen. 166 (83.00%): Max/Min/Avg Fitness(Raw) [118.99(118.74)/0.00(1.02)/94.97(94.97)]
Gen. 167 (83.50%): Max/Min/Avg Fitness(Raw) [119.07(118.81)/0.00(1.02)/95.16(95.16)]
Gen. 168 (84.00%): Max/Min/Avg Fitness(Raw) [119.12(118.85)/0.00(1.02)/94.35(94.35)]
Gen. 169 (84.50%): Max/Min/Avg Fitness(Raw) [119.12(118.86)/0.00(1.02)/95.63(95.63)]
Gen. 170 (85.00%): Max/Min/Avg Fitness(Raw) [119.25(118.99)/0.00(1.02)/94.95(94.95)]
Gen. 171 (85.50%): Max/Min/Avg Fitness(Raw) [119.24(118.99)/0.00(1.02)/95.91(95.91)]
Gen. 172 (86.00%): Max/Min/Avg Fitness(Raw) [119.40(119.14)/0.00(1.02)/95.62(95.62)]
Gen. 173 (86.50%): Max/Min/Avg Fitness(Raw) [119.65(119.38)/0.00(1.02)/94.77(94.77)]
Gen. 174 (87.00%): Max/Min/Avg Fitness(Raw) [119.79(119.52)/0.00(1.02)/94.50(94.50)]
Gen. 175 (87.50%): Max/Min/Avg Fitness(Raw) [119.89(119.62)/0.00(1.02)/95.21(95.21)]
Gen. 176 (88.00%): Max/Min/Avg Fitness(Raw) [119.99(119.73)/0.00(1.02)/95.70(95.70)]
Gen. 177 (88.50%): Max/Min/Avg Fitness(Raw) [120.02(119.76)/0.00(1.02)/95.72(95.72)]
Gen. 178 (89.00%): Max/Min/Avg Fitness(Raw) [120.02(119.76)/0.00(1.02)/95.79(95.79)]
Gen. 179 (89.50%): Max/Min/Avg Fitness(Raw) [120.09(119.82)/0.00(1.02)/95.30(95.30)]
Gen. 180 (90.00%): Max/Min/Avg Fitness(Raw) [120.20(119.94)/0.00(1.02)/95.54(95.54)]
Gen. 181 (90.50%): Max/Min/Avg Fitness(Raw) [120.27(120.00)/0.00(1.02)/95.03(95.03)]
Gen. 182 (91.00%): Max/Min/Avg Fitness(Raw) [120.36(120.09)/0.00(1.02)/95.39(95.39)]
Gen. 183 (91.50%): Max/Min/Avg Fitness(Raw) [120.39(120.11)/0.00(1.02)/94.95(94.95)]
Gen. 184 (92.00%): Max/Min/Avg Fitness(Raw) [120.79(120.53)/0.00(1.02)/96.29(96.29)]
Gen. 185 (92.50%): Max/Min/Avg Fitness(Raw) [120.93(120.66)/0.00(1.02)/95.64(95.64)]
Gen. 186 (93.00%): Max/Min/Avg Fitness(Raw) [121.10(120.82)/0.00(1.05)/95.74(95.74)]
Gen. 187 (93.50%): Max/Min/Avg Fitness(Raw) [121.10(120.83)/0.00(1.02)/96.15(96.15)]
Gen. 188 (94.00%): Max/Min/Avg Fitness(Raw) [121.28(121.00)/0.00(1.02)/95.70(95.70)]
Gen. 189 (94.50%): Max/Min/Avg Fitness(Raw) [121.33(121.06)/0.00(1.02)/95.54(95.54)]
Gen. 190 (95.00%): Max/Min/Avg Fitness(Raw) [121.54(121.26)/0.00(1.02)/95.81(95.81)]
Gen. 191 (95.50%): Max/Min/Avg Fitness(Raw) [121.72(121.45)/0.00(1.02)/96.75(96.75)]
Gen. 192 (96.00%): Max/Min/Avg Fitness(Raw) [121.77(121.50)/0.00(1.02)/96.35(96.35)]
Gen. 193 (96.50%): Max/Min/Avg Fitness(Raw) [121.96(121.69)/0.00(1.02)/96.20(96.20)]
Gen. 194 (97.00%): Max/Min/Avg Fitness(Raw) [122.09(121.82)/0.00(1.02)/96.24(96.24)]
Gen. 195 (97.50%): Max/Min/Avg Fitness(Raw) [122.13(121.85)/0.00(1.02)/95.86(95.86)]
Gen. 196 (98.00%): Max/Min/Avg Fitness(Raw) [122.23(121.95)/0.00(1.02)/95.77(95.77)]
Gen. 197 (98.50%): Max/Min/Avg Fitness(Raw) [122.40(122.13)/0.00(1.02)/96.51(96.51)]
Gen. 198 (99.00%): Max/Min/Avg Fitness(Raw) [122.68(122.39)/0.00(1.05)/96.26(96.26)]
Gen. 199 (99.50%): Max/Min/Avg Fitness(Raw) [122.90(122.63)/0.00(1.02)/97.29(97.29)]
Gen. 200 (100.00%): Max/Min/Avg Fitness(Raw) [122.99(122.71)/0.00(1.02)/96.56(96.56)]
Total time elapsed: 37114.830 seconds.
GA MSE : 0.009508
Best initial connection wetighs are set on Network
Setting FANN training parameters
Input layer                          :  70 neurons, 1 bias
  Hidden layer                       :  10 neurons, 1 bias
Output layer                         :   1 neurons
Total neurons and biases             :  83
Total connections                    : 721
Connection rate                      :   1.000
Network type                         :   FANN_NETTYPE_LAYER
Training algorithm                   :   FANN_TRAIN_RPROP
Training error function              :   FANN_ERRORFUNC_TANH
Training stop function               :   FANN_STOPFUNC_MSE
Bit fail limit                       :   0.350
Learning rate                        :   0.700
Learning momentum                    :   0.000
Quickprop decay                      :  -0.000100
Quickprop mu                         :   1.750
RPROP increase factor                :   1.001
RPROP decrease factor                :   0.500
RPROP delta min                      :   0.000
RPROP delta max                      :  50.000
Cascade output change fraction       :   0.010000
Cascade candidate change fraction    :   0.010000
Cascade output stagnation epochs     :  12
Cascade candidate stagnation epochs  :  12
Cascade max output epochs            : 150
Cascade max candidate epochs         : 150
Cascade weight multiplier            :   0.400
Cascade candidate limit              :1000.000
Cascade activation functions[0]      :   FANN_SIGMOID
Cascade activation functions[1]      :   FANN_SIGMOID_SYMMETRIC
Cascade activation functions[2]      :   FANN_GAUSSIAN
Cascade activation functions[3]      :   FANN_GAUSSIAN_SYMMETRIC
Cascade activation functions[4]      :   FANN_ELLIOT
Cascade activation functions[5]      :   FANN_ELLIOT_SYMMETRIC
Cascade activation functions[6]      :   FANN_SIN_SYMMETRIC
Cascade activation functions[7]      :   FANN_COS_SYMMETRIC
Cascade activation functions[8]      :   FANN_SIN
Cascade activation functions[9]      :   FANN_COS
Cascade activation steepnesses[0]    :   0.250
Cascade activation steepnesses[1]    :   0.500
Cascade activation steepnesses[2]    :   0.750
Cascade activation steepnesses[3]    :   1.000
Cascade candidate groups             :   2
Cascade no. of candidates            :  80
Start training network with 2-algorithm in FANN
Max epochs     8000. Desired error: 0.0010000000.
Epochs            1. Current error: 0.0081490716. Bit fail 158.
Epochs          100. Current error: 0.0080548730. Bit fail 161.
Epochs          200. Current error: 0.0076173451. Bit fail 151.
Epochs          300. Current error: 0.0073992698. Bit fail 149.
Epochs          400. Current error: 0.0072840606. Bit fail 148.
Epochs          500. Current error: 0.0071449014. Bit fail 144.
Epochs          600. Current error: 0.0070606917. Bit fail 138.
Epochs          700. Current error: 0.0069951834. Bit fail 139.
Epochs          800. Current error: 0.0069397716. Bit fail 141.
Epochs          900. Current error: 0.0069143488. Bit fail 139.
Epochs         1000. Current error: 0.0068687699. Bit fail 136.
Epochs         1100. Current error: 0.0068393587. Bit fail 136.
Epochs         1200. Current error: 0.0068176812. Bit fail 134.
Epochs         1300. Current error: 0.0067949151. Bit fail 132.
Epochs         1400. Current error: 0.0067699659. Bit fail 128.
Epochs         1500. Current error: 0.0067553967. Bit fail 129.
Epochs         1600. Current error: 0.0067289989. Bit fail 126.
Epochs         1700. Current error: 0.0066244230. Bit fail 124.
Epochs         1800. Current error: 0.0065590763. Bit fail 122.
Epochs         1900. Current error: 0.0065205377. Bit fail 120.
Epochs         2000. Current error: 0.0064839530. Bit fail 119.
Epochs         2100. Current error: 0.0064591588. Bit fail 120.
Epochs         2200. Current error: 0.0064410456. Bit fail 119.
Epochs         2300. Current error: 0.0064219604. Bit fail 117.
Epochs         2400. Current error: 0.0064015938. Bit fail 117.
Epochs         2500. Current error: 0.0063875569. Bit fail 117.
Epochs         2600. Current error: 0.0063622161. Bit fail 117.
Epochs         2700. Current error: 0.0063346522. Bit fail 116.
Epochs         2800. Current error: 0.0063197236. Bit fail 115.
Epochs         2900. Current error: 0.0063074552. Bit fail 115.
Epochs         3000. Current error: 0.0062949560. Bit fail 114.
Epochs         3100. Current error: 0.0062842388. Bit fail 115.
Epochs         3200. Current error: 0.0062733800. Bit fail 116.
Epochs         3300. Current error: 0.0062593580. Bit fail 119.
Epochs         3400. Current error: 0.0062122131. Bit fail 119.
Epochs         3500. Current error: 0.0061819633. Bit fail 118.
Epochs         3600. Current error: 0.0061631189. Bit fail 118.
Epochs         3700. Current error: 0.0061509511. Bit fail 117.
Epochs         3800. Current error: 0.0061392775. Bit fail 118.
Epochs         3900. Current error: 0.0061275833. Bit fail 119.
Epochs         4000. Current error: 0.0061193509. Bit fail 118.
Epochs         4100. Current error: 0.0061061792. Bit fail 118.
Epochs         4200. Current error: 0.0060971244. Bit fail 117.
Epochs         4300. Current error: 0.0060828961. Bit fail 118.
Epochs         4400. Current error: 0.0060699619. Bit fail 119.
Epochs         4500. Current error: 0.0060542710. Bit fail 118.
Epochs         4600. Current error: 0.0060438942. Bit fail 117.
Epochs         4700. Current error: 0.0060503506. Bit fail 119.
Epochs         4800. Current error: 0.0060207350. Bit fail 122.
Epochs         4900. Current error: 0.0059723244. Bit fail 120.
Epochs         5000. Current error: 0.0059481226. Bit fail 117.
Epochs         5100. Current error: 0.0059161745. Bit fail 116.
Epochs         5200. Current error: 0.0058776094. Bit fail 115.
Epochs         5300. Current error: 0.0058444403. Bit fail 114.
Epochs         5400. Current error: 0.0058185621. Bit fail 114.
Epochs         5500. Current error: 0.0057990435. Bit fail 112.
Epochs         5600. Current error: 0.0057795187. Bit fail 112.
Epochs         5700. Current error: 0.0057574497. Bit fail 113.
Epochs         5800. Current error: 0.0057394365. Bit fail 110.
Epochs         5900. Current error: 0.0057210741. Bit fail 111.
Epochs         6000. Current error: 0.0057035685. Bit fail 111.
Epochs         6100. Current error: 0.0056880759. Bit fail 111.
Epochs         6200. Current error: 0.0056739724. Bit fail 112.
Epochs         6300. Current error: 0.0056625060. Bit fail 111.
Epochs         6400. Current error: 0.0056481180. Bit fail 109.
Epochs         6500. Current error: 0.0056393021. Bit fail 111.
Epochs         6600. Current error: 0.0056289593. Bit fail 110.
Epochs         6700. Current error: 0.0056168120. Bit fail 109.
Epochs         6800. Current error: 0.0056121168. Bit fail 110.
Epochs         6900. Current error: 0.0056002904. Bit fail 108.
Epochs         7000. Current error: 0.0055947471. Bit fail 109.
Epochs         7100. Current error: 0.0055896123. Bit fail 107.
Epochs         7200. Current error: 0.0055863266. Bit fail 107.
Epochs         7300. Current error: 0.0055755409. Bit fail 108.
Epochs         7400. Current error: 0.0055548083. Bit fail 107.
Epochs         7500. Current error: 0.0055334694. Bit fail 107.
Epochs         7600. Current error: 0.0055285618. Bit fail 104.
Epochs         7700. Current error: 0.0055187102. Bit fail 104.
Epochs         7800. Current error: 0.0055149184. Bit fail 104.
Epochs         7900. Current error: 0.0055138841. Bit fail 104.
Epochs         8000. Current error: 0.0055121756. Bit fail 104.
Time elpased for FANN training: 441.480625 seconds
Trained Network by GA+FANN is saved in 
./ALL_S6_959126400_hveto_channels_signif_dt_set_2_training_n70n10n1_c10_mr04_p5000_g200_rmin-25_rmax25_gsigma1_y1001_z05_f05g09_m8000.net.
Total Running Time: 37556.707524 seconds
