Creating network.
The layer structure is following:
[70, 10, 1]
Setting newtork parameters
Getting training data : ALL_S6_959126400_hveto_channels_signif_dt_set_6_training.pat
Setting GA training parameters
Start running GA
Gen. 0 (0.00%): Max/Min/Avg Fitness(Raw) [25.13(59.18)/18.76(1.02)/20.94(20.94)]
Gen. 1 (0.50%): Max/Min/Avg Fitness(Raw) [61.78(61.64)/0.00(1.02)/54.32(54.32)]
Gen. 2 (1.00%): Max/Min/Avg Fitness(Raw) [63.09(62.91)/0.00(1.02)/53.39(53.39)]
Gen. 3 (1.50%): Max/Min/Avg Fitness(Raw) [63.83(63.64)/0.00(1.02)/53.84(53.84)]
Gen. 4 (2.00%): Max/Min/Avg Fitness(Raw) [64.58(64.41)/0.00(1.02)/55.17(55.17)]
Gen. 5 (2.50%): Max/Min/Avg Fitness(Raw) [65.51(65.32)/0.00(1.02)/55.18(55.18)]
Gen. 6 (3.00%): Max/Min/Avg Fitness(Raw) [66.13(65.94)/0.00(1.02)/55.66(55.66)]
Gen. 7 (3.50%): Max/Min/Avg Fitness(Raw) [66.62(66.42)/0.00(1.02)/55.65(55.65)]
Gen. 8 (4.00%): Max/Min/Avg Fitness(Raw) [67.42(67.20)/0.00(1.02)/55.67(55.67)]
Gen. 9 (4.50%): Max/Min/Avg Fitness(Raw) [69.04(68.81)/0.00(1.02)/56.67(56.67)]
Gen. 10 (5.00%): Max/Min/Avg Fitness(Raw) [72.44(72.18)/0.00(1.02)/58.07(58.07)]
Gen. 11 (5.50%): Max/Min/Avg Fitness(Raw) [73.61(73.36)/0.00(1.02)/58.96(58.96)]
Gen. 12 (6.00%): Max/Min/Avg Fitness(Raw) [74.38(74.14)/0.00(1.02)/60.09(60.09)]
Gen. 13 (6.50%): Max/Min/Avg Fitness(Raw) [75.15(74.89)/0.00(1.02)/60.22(60.22)]
Gen. 14 (7.00%): Max/Min/Avg Fitness(Raw) [75.60(75.34)/0.00(1.02)/60.19(60.19)]
Gen. 15 (7.50%): Max/Min/Avg Fitness(Raw) [76.40(76.15)/0.00(1.02)/61.42(61.42)]
Gen. 16 (8.00%): Max/Min/Avg Fitness(Raw) [77.44(77.19)/0.00(1.02)/61.94(61.94)]
Gen. 17 (8.50%): Max/Min/Avg Fitness(Raw) [78.30(78.03)/0.00(1.02)/61.98(61.98)]
Gen. 18 (9.00%): Max/Min/Avg Fitness(Raw) [79.60(79.32)/0.00(1.02)/62.65(62.65)]
Gen. 19 (9.50%): Max/Min/Avg Fitness(Raw) [80.71(80.44)/0.00(1.02)/63.77(63.77)]
Gen. 20 (10.00%): Max/Min/Avg Fitness(Raw) [81.33(81.05)/0.00(1.02)/64.23(64.23)]
Gen. 21 (10.50%): Max/Min/Avg Fitness(Raw) [82.07(81.79)/0.00(1.02)/64.79(64.79)]
Gen. 22 (11.00%): Max/Min/Avg Fitness(Raw) [82.77(82.49)/0.00(1.02)/65.15(65.15)]
Gen. 23 (11.50%): Max/Min/Avg Fitness(Raw) [84.01(83.72)/0.00(1.02)/65.23(65.23)]
Gen. 24 (12.00%): Max/Min/Avg Fitness(Raw) [84.75(84.45)/0.00(1.02)/65.66(65.66)]
Gen. 25 (12.50%): Max/Min/Avg Fitness(Raw) [85.58(85.30)/0.00(1.02)/67.18(67.18)]
Gen. 26 (13.00%): Max/Min/Avg Fitness(Raw) [86.19(85.90)/0.00(1.02)/67.30(67.30)]
Gen. 27 (13.50%): Max/Min/Avg Fitness(Raw) [87.40(87.11)/0.00(1.02)/68.07(68.07)]
Gen. 28 (14.00%): Max/Min/Avg Fitness(Raw) [88.63(88.33)/0.00(1.02)/68.76(68.76)]
Gen. 29 (14.50%): Max/Min/Avg Fitness(Raw) [89.30(89.02)/0.00(1.02)/70.14(70.14)]
Gen. 30 (15.00%): Max/Min/Avg Fitness(Raw) [89.86(89.57)/0.00(1.02)/70.07(70.07)]
Gen. 31 (15.50%): Max/Min/Avg Fitness(Raw) [90.67(90.38)/0.00(1.02)/70.43(70.43)]
Gen. 32 (16.00%): Max/Min/Avg Fitness(Raw) [91.21(90.94)/0.00(1.02)/72.07(72.07)]
Gen. 33 (16.50%): Max/Min/Avg Fitness(Raw) [91.87(91.59)/0.00(1.02)/71.91(71.91)]
Gen. 34 (17.00%): Max/Min/Avg Fitness(Raw) [92.43(92.14)/0.00(1.02)/71.92(71.92)]
Gen. 35 (17.50%): Max/Min/Avg Fitness(Raw) [93.00(92.71)/0.00(1.02)/72.34(72.34)]
Gen. 36 (18.00%): Max/Min/Avg Fitness(Raw) [93.55(93.26)/0.00(1.02)/72.67(72.67)]
Gen. 37 (18.50%): Max/Min/Avg Fitness(Raw) [93.83(93.55)/0.00(1.02)/73.99(73.99)]
Gen. 38 (19.00%): Max/Min/Avg Fitness(Raw) [94.21(93.92)/0.00(1.02)/73.53(73.53)]
Gen. 39 (19.50%): Max/Min/Avg Fitness(Raw) [94.67(94.38)/0.00(1.02)/74.03(74.03)]
Gen. 40 (20.00%): Max/Min/Avg Fitness(Raw) [95.09(94.80)/0.00(1.02)/73.79(73.79)]
Gen. 41 (20.50%): Max/Min/Avg Fitness(Raw) [95.67(95.37)/0.00(1.02)/74.09(74.09)]
Gen. 42 (21.00%): Max/Min/Avg Fitness(Raw) [95.93(95.63)/0.00(1.02)/74.30(74.30)]
Gen. 43 (21.50%): Max/Min/Avg Fitness(Raw) [96.56(96.27)/0.00(1.02)/75.25(75.25)]
Gen. 44 (22.00%): Max/Min/Avg Fitness(Raw) [96.84(96.53)/0.00(1.02)/74.60(74.60)]
Gen. 45 (22.50%): Max/Min/Avg Fitness(Raw) [97.30(97.00)/0.00(1.02)/75.58(75.58)]
Gen. 46 (23.00%): Max/Min/Avg Fitness(Raw) [97.85(97.56)/0.00(1.02)/75.88(75.88)]
Gen. 47 (23.50%): Max/Min/Avg Fitness(Raw) [98.66(98.35)/0.00(1.02)/75.47(75.47)]
Gen. 48 (24.00%): Max/Min/Avg Fitness(Raw) [99.09(98.77)/0.00(1.02)/75.53(75.53)]
Gen. 49 (24.50%): Max/Min/Avg Fitness(Raw) [99.25(98.94)/0.00(1.02)/75.96(75.96)]
Gen. 50 (25.00%): Max/Min/Avg Fitness(Raw) [99.85(99.54)/0.00(1.02)/76.41(76.41)]
Gen. 51 (25.50%): Max/Min/Avg Fitness(Raw) [100.43(100.12)/0.00(1.02)/77.09(77.09)]
Gen. 52 (26.00%): Max/Min/Avg Fitness(Raw) [100.68(100.38)/0.00(1.02)/77.54(77.54)]
Gen. 53 (26.50%): Max/Min/Avg Fitness(Raw) [100.81(100.50)/0.00(1.02)/77.22(77.22)]
Gen. 54 (27.00%): Max/Min/Avg Fitness(Raw) [101.08(100.76)/0.00(1.02)/77.35(77.35)]
Gen. 55 (27.50%): Max/Min/Avg Fitness(Raw) [101.35(101.03)/0.00(1.02)/77.34(77.34)]
Gen. 56 (28.00%): Max/Min/Avg Fitness(Raw) [101.66(101.35)/0.00(1.02)/78.14(78.14)]
Gen. 57 (28.50%): Max/Min/Avg Fitness(Raw) [102.17(101.85)/0.00(1.02)/77.94(77.94)]
Gen. 58 (29.00%): Max/Min/Avg Fitness(Raw) [102.69(102.39)/0.00(1.02)/79.00(79.00)]
Gen. 59 (29.50%): Max/Min/Avg Fitness(Raw) [103.23(102.91)/0.00(1.02)/78.50(78.50)]
Gen. 60 (30.00%): Max/Min/Avg Fitness(Raw) [103.98(103.66)/0.00(1.02)/79.22(79.22)]
Gen. 61 (30.50%): Max/Min/Avg Fitness(Raw) [104.95(104.61)/0.00(1.02)/78.66(78.66)]
Gen. 62 (31.00%): Max/Min/Avg Fitness(Raw) [105.58(105.26)/0.00(1.02)/80.28(80.28)]
Gen. 63 (31.50%): Max/Min/Avg Fitness(Raw) [106.35(106.02)/0.00(1.02)/80.52(80.52)]
Gen. 64 (32.00%): Max/Min/Avg Fitness(Raw) [107.38(107.02)/0.00(1.02)/79.84(79.84)]
Gen. 65 (32.50%): Max/Min/Avg Fitness(Raw) [108.15(107.81)/0.00(1.02)/81.28(81.28)]
Gen. 66 (33.00%): Max/Min/Avg Fitness(Raw) [109.23(108.90)/0.00(1.02)/82.64(82.64)]
Gen. 67 (33.50%): Max/Min/Avg Fitness(Raw) [111.08(110.73)/0.00(1.02)/82.85(82.85)]
Gen. 68 (34.00%): Max/Min/Avg Fitness(Raw) [111.70(111.35)/0.00(1.02)/83.20(83.20)]
Gen. 69 (34.50%): Max/Min/Avg Fitness(Raw) [111.78(111.44)/0.00(1.02)/83.91(83.91)]
Gen. 70 (35.00%): Max/Min/Avg Fitness(Raw) [112.21(111.88)/0.00(1.02)/84.71(84.71)]
Gen. 71 (35.50%): Max/Min/Avg Fitness(Raw) [113.00(112.64)/0.00(1.02)/84.01(84.01)]
Gen. 72 (36.00%): Max/Min/Avg Fitness(Raw) [113.35(113.00)/0.00(1.02)/84.86(84.86)]
Gen. 73 (36.50%): Max/Min/Avg Fitness(Raw) [113.43(113.09)/0.00(1.02)/84.84(84.84)]
Gen. 74 (37.00%): Max/Min/Avg Fitness(Raw) [113.80(113.44)/0.00(1.02)/84.07(84.07)]
Gen. 75 (37.50%): Max/Min/Avg Fitness(Raw) [114.18(113.81)/0.00(1.02)/83.78(83.78)]
Gen. 76 (38.00%): Max/Min/Avg Fitness(Raw) [114.56(114.20)/0.00(1.02)/84.80(84.80)]
Gen. 77 (38.50%): Max/Min/Avg Fitness(Raw) [115.06(114.70)/0.00(1.02)/85.20(85.20)]
Gen. 78 (39.00%): Max/Min/Avg Fitness(Raw) [115.43(115.06)/0.00(1.02)/84.65(84.65)]
Gen. 79 (39.50%): Max/Min/Avg Fitness(Raw) [115.43(115.08)/0.00(1.02)/85.73(85.73)]
Gen. 80 (40.00%): Max/Min/Avg Fitness(Raw) [115.88(115.52)/0.00(1.02)/85.90(85.90)]
Gen. 81 (40.50%): Max/Min/Avg Fitness(Raw) [116.65(116.30)/0.00(1.02)/86.80(86.80)]
Gen. 82 (41.00%): Max/Min/Avg Fitness(Raw) [117.03(116.68)/0.00(1.02)/87.08(87.08)]
Gen. 83 (41.50%): Max/Min/Avg Fitness(Raw) [117.64(117.30)/0.00(1.02)/88.26(88.26)]
Gen. 84 (42.00%): Max/Min/Avg Fitness(Raw) [118.31(117.97)/0.00(1.02)/89.08(89.08)]
Gen. 85 (42.50%): Max/Min/Avg Fitness(Raw) [118.70(118.37)/0.00(1.02)/89.68(89.68)]
Gen. 86 (43.00%): Max/Min/Avg Fitness(Raw) [119.07(118.72)/0.00(1.02)/88.55(88.55)]
Gen. 87 (43.50%): Max/Min/Avg Fitness(Raw) [119.23(118.88)/0.00(1.02)/88.76(88.76)]
Gen. 88 (44.00%): Max/Min/Avg Fitness(Raw) [119.79(119.43)/0.00(1.02)/89.16(89.16)]
Gen. 89 (44.50%): Max/Min/Avg Fitness(Raw) [120.02(119.68)/0.00(1.02)/89.83(89.83)]
Gen. 90 (45.00%): Max/Min/Avg Fitness(Raw) [120.65(120.29)/0.00(1.02)/89.30(89.30)]
Gen. 91 (45.50%): Max/Min/Avg Fitness(Raw) [121.21(120.86)/0.00(1.02)/90.24(90.24)]
Gen. 92 (46.00%): Max/Min/Avg Fitness(Raw) [121.64(121.28)/0.00(1.02)/89.86(89.86)]
Gen. 93 (46.50%): Max/Min/Avg Fitness(Raw) [122.03(121.66)/0.00(1.02)/89.72(89.72)]
Gen. 94 (47.00%): Max/Min/Avg Fitness(Raw) [122.26(121.89)/0.00(1.02)/89.56(89.56)]
Gen. 95 (47.50%): Max/Min/Avg Fitness(Raw) [122.42(122.05)/0.00(1.02)/89.69(89.69)]
Gen. 96 (48.00%): Max/Min/Avg Fitness(Raw) [122.51(122.12)/0.00(1.02)/89.16(89.16)]
Gen. 97 (48.50%): Max/Min/Avg Fitness(Raw) [122.95(122.56)/0.00(1.02)/89.31(89.31)]
Gen. 98 (49.00%): Max/Min/Avg Fitness(Raw) [123.13(122.75)/0.00(1.02)/90.01(90.01)]
Gen. 99 (49.50%): Max/Min/Avg Fitness(Raw) [123.17(122.80)/0.00(1.02)/90.88(90.88)]
Gen. 100 (50.00%): Max/Min/Avg Fitness(Raw) [123.49(123.12)/0.00(1.02)/90.25(90.25)]
Gen. 101 (50.50%): Max/Min/Avg Fitness(Raw) [123.61(123.24)/0.00(1.02)/90.74(90.74)]
Gen. 102 (51.00%): Max/Min/Avg Fitness(Raw) [123.96(123.58)/0.00(1.02)/90.79(90.79)]
Gen. 103 (51.50%): Max/Min/Avg Fitness(Raw) [124.40(124.03)/0.00(1.02)/91.64(91.64)]
Gen. 104 (52.00%): Max/Min/Avg Fitness(Raw) [124.69(124.33)/0.00(1.02)/92.54(92.54)]
Gen. 105 (52.50%): Max/Min/Avg Fitness(Raw) [124.88(124.51)/0.00(1.02)/91.88(91.88)]
Gen. 106 (53.00%): Max/Min/Avg Fitness(Raw) [125.26(124.88)/0.00(1.02)/91.55(91.55)]
Gen. 107 (53.50%): Max/Min/Avg Fitness(Raw) [125.34(124.96)/0.00(1.02)/91.35(91.35)]
Gen. 108 (54.00%): Max/Min/Avg Fitness(Raw) [125.54(125.18)/0.00(1.02)/92.60(92.60)]
Gen. 109 (54.50%): Max/Min/Avg Fitness(Raw) [125.83(125.45)/0.00(1.02)/91.81(91.81)]
Gen. 110 (55.00%): Max/Min/Avg Fitness(Raw) [125.94(125.56)/0.00(1.02)/91.78(91.78)]
Gen. 111 (55.50%): Max/Min/Avg Fitness(Raw) [126.13(125.76)/0.00(1.02)/92.61(92.61)]
Gen. 112 (56.00%): Max/Min/Avg Fitness(Raw) [126.17(125.79)/0.00(1.02)/92.17(92.17)]
Gen. 113 (56.50%): Max/Min/Avg Fitness(Raw) [126.16(125.79)/0.00(1.02)/93.03(93.03)]
Gen. 114 (57.00%): Max/Min/Avg Fitness(Raw) [126.30(125.92)/0.00(1.02)/91.99(91.99)]
Gen. 115 (57.50%): Max/Min/Avg Fitness(Raw) [126.32(125.93)/0.00(1.02)/91.06(91.06)]
Gen. 116 (58.00%): Max/Min/Avg Fitness(Raw) [126.65(126.26)/0.00(1.02)/91.50(91.50)]
Gen. 117 (58.50%): Max/Min/Avg Fitness(Raw) [126.83(126.43)/0.00(1.02)/91.37(91.37)]
Gen. 118 (59.00%): Max/Min/Avg Fitness(Raw) [126.87(126.50)/0.00(1.02)/93.17(93.17)]
Gen. 119 (59.50%): Max/Min/Avg Fitness(Raw) [127.04(126.68)/0.00(1.02)/93.78(93.78)]
Gen. 120 (60.00%): Max/Min/Avg Fitness(Raw) [127.44(127.06)/0.00(1.02)/93.07(93.07)]
Gen. 121 (60.50%): Max/Min/Avg Fitness(Raw) [128.06(127.69)/0.00(1.02)/94.37(94.37)]
Gen. 122 (61.00%): Max/Min/Avg Fitness(Raw) [128.50(128.12)/0.00(1.02)/93.54(93.54)]
Gen. 123 (61.50%): Max/Min/Avg Fitness(Raw) [128.83(128.46)/0.00(1.02)/94.36(94.36)]
Gen. 124 (62.00%): Max/Min/Avg Fitness(Raw) [129.06(128.69)/0.00(1.02)/94.65(94.65)]
Gen. 125 (62.50%): Max/Min/Avg Fitness(Raw) [129.42(129.05)/0.00(1.02)/94.77(94.77)]
Gen. 126 (63.00%): Max/Min/Avg Fitness(Raw) [129.69(129.31)/0.00(1.02)/94.47(94.47)]
Gen. 127 (63.50%): Max/Min/Avg Fitness(Raw) [130.02(129.65)/0.00(1.02)/95.61(95.61)]
Gen. 128 (64.00%): Max/Min/Avg Fitness(Raw) [130.23(129.88)/0.00(1.02)/96.53(96.53)]
Gen. 129 (64.50%): Max/Min/Avg Fitness(Raw) [130.42(130.05)/0.00(1.02)/95.65(95.65)]
Gen. 130 (65.00%): Max/Min/Avg Fitness(Raw) [130.49(130.13)/0.00(1.02)/96.44(96.44)]
Gen. 131 (65.50%): Max/Min/Avg Fitness(Raw) [130.81(130.44)/0.00(1.02)/96.45(96.45)]
Gen. 132 (66.00%): Max/Min/Avg Fitness(Raw) [131.06(130.65)/0.00(1.02)/94.20(94.20)]
Gen. 133 (66.50%): Max/Min/Avg Fitness(Raw) [131.54(131.16)/0.00(1.02)/96.10(96.10)]
Gen. 134 (67.00%): Max/Min/Avg Fitness(Raw) [131.56(131.20)/0.00(1.02)/97.21(97.21)]
Gen. 135 (67.50%): Max/Min/Avg Fitness(Raw) [131.62(131.26)/0.00(1.02)/97.42(97.42)]
Gen. 136 (68.00%): Max/Min/Avg Fitness(Raw) [131.85(131.48)/0.00(1.02)/96.61(96.61)]
Gen. 137 (68.50%): Max/Min/Avg Fitness(Raw) [131.96(131.58)/0.00(1.02)/96.56(96.56)]
Gen. 138 (69.00%): Max/Min/Avg Fitness(Raw) [132.23(131.86)/0.00(1.02)/97.28(97.28)]
Gen. 139 (69.50%): Max/Min/Avg Fitness(Raw) [132.58(132.20)/0.00(1.02)/96.75(96.75)]
Gen. 140 (70.00%): Max/Min/Avg Fitness(Raw) [132.79(132.41)/0.00(1.02)/96.47(96.47)]
Gen. 141 (70.50%): Max/Min/Avg Fitness(Raw) [132.79(132.41)/0.00(1.02)/96.51(96.51)]
Gen. 142 (71.00%): Max/Min/Avg Fitness(Raw) [133.06(132.67)/0.00(1.02)/96.65(96.65)]
Gen. 143 (71.50%): Max/Min/Avg Fitness(Raw) [133.12(132.75)/0.00(1.02)/97.78(97.78)]
Gen. 144 (72.00%): Max/Min/Avg Fitness(Raw) [133.35(132.96)/0.00(1.02)/96.48(96.48)]
Gen. 145 (72.50%): Max/Min/Avg Fitness(Raw) [133.53(133.15)/0.00(1.02)/97.81(97.81)]
Gen. 146 (73.00%): Max/Min/Avg Fitness(Raw) [133.65(133.27)/0.00(1.02)/97.82(97.82)]
Gen. 147 (73.50%): Max/Min/Avg Fitness(Raw) [133.73(133.34)/0.00(1.02)/97.15(97.15)]
Gen. 148 (74.00%): Max/Min/Avg Fitness(Raw) [133.85(133.46)/0.00(1.02)/96.91(96.91)]
Gen. 149 (74.50%): Max/Min/Avg Fitness(Raw) [133.86(133.48)/0.00(1.02)/97.90(97.90)]
Gen. 150 (75.00%): Max/Min/Avg Fitness(Raw) [133.93(133.54)/0.00(1.02)/97.64(97.64)]
Gen. 151 (75.50%): Max/Min/Avg Fitness(Raw) [134.05(133.67)/0.00(1.02)/97.68(97.68)]
Gen. 152 (76.00%): Max/Min/Avg Fitness(Raw) [134.18(133.78)/0.00(1.02)/96.66(96.66)]
Gen. 153 (76.50%): Max/Min/Avg Fitness(Raw) [134.22(133.85)/0.00(1.02)/98.23(98.23)]
Gen. 154 (77.00%): Max/Min/Avg Fitness(Raw) [134.35(133.96)/0.00(1.02)/97.63(97.63)]
Gen. 155 (77.50%): Max/Min/Avg Fitness(Raw) [134.41(134.05)/0.00(1.02)/98.90(98.90)]
Gen. 156 (78.00%): Max/Min/Avg Fitness(Raw) [134.60(134.21)/0.00(1.02)/97.58(97.58)]
Gen. 157 (78.50%): Max/Min/Avg Fitness(Raw) [134.69(134.32)/0.00(1.02)/98.44(98.44)]
Gen. 158 (79.00%): Max/Min/Avg Fitness(Raw) [135.05(134.67)/0.00(1.02)/98.45(98.45)]
Gen. 159 (79.50%): Max/Min/Avg Fitness(Raw) [135.17(134.78)/0.00(1.02)/97.86(97.86)]
Gen. 160 (80.00%): Max/Min/Avg Fitness(Raw) [135.22(134.84)/0.00(1.02)/98.56(98.56)]
Gen. 161 (80.50%): Max/Min/Avg Fitness(Raw) [135.34(134.95)/0.00(1.02)/97.91(97.91)]
Gen. 162 (81.00%): Max/Min/Avg Fitness(Raw) [135.64(135.25)/0.00(1.02)/98.22(98.22)]
Gen. 163 (81.50%): Max/Min/Avg Fitness(Raw) [135.77(135.38)/0.00(1.02)/98.65(98.65)]
Gen. 164 (82.00%): Max/Min/Avg Fitness(Raw) [136.08(135.69)/0.00(1.02)/98.58(98.58)]
Gen. 165 (82.50%): Max/Min/Avg Fitness(Raw) [136.32(135.92)/0.00(1.02)/98.43(98.43)]
Gen. 166 (83.00%): Max/Min/Avg Fitness(Raw) [136.44(136.05)/0.00(1.02)/99.10(99.10)]
Gen. 167 (83.50%): Max/Min/Avg Fitness(Raw) [136.98(136.59)/0.00(1.02)/99.20(99.20)]
Gen. 168 (84.00%): Max/Min/Avg Fitness(Raw) [137.17(136.78)/0.00(1.02)/99.68(99.68)]
Gen. 169 (84.50%): Max/Min/Avg Fitness(Raw) [137.30(136.91)/0.00(1.02)/99.65(99.65)]
Gen. 170 (85.00%): Max/Min/Avg Fitness(Raw) [137.40(137.02)/0.00(1.02)/100.18(100.18)]
Gen. 171 (85.50%): Max/Min/Avg Fitness(Raw) [137.72(137.34)/0.00(1.02)/100.30(100.30)]
Gen. 172 (86.00%): Max/Min/Avg Fitness(Raw) [137.86(137.47)/0.00(1.02)/99.61(99.61)]
Gen. 173 (86.50%): Max/Min/Avg Fitness(Raw) [137.91(137.52)/0.00(1.02)/100.21(100.21)]
Gen. 174 (87.00%): Max/Min/Avg Fitness(Raw) [138.13(137.75)/0.00(1.02)/100.78(100.78)]
Gen. 175 (87.50%): Max/Min/Avg Fitness(Raw) [138.35(137.98)/0.00(1.02)/101.43(101.43)]
Gen. 176 (88.00%): Max/Min/Avg Fitness(Raw) [138.74(138.34)/0.00(1.02)/100.36(100.36)]
Gen. 177 (88.50%): Max/Min/Avg Fitness(Raw) [139.14(138.75)/0.00(1.02)/100.63(100.63)]
Gen. 178 (89.00%): Max/Min/Avg Fitness(Raw) [139.64(139.24)/0.00(1.02)/100.70(100.70)]
Gen. 179 (89.50%): Max/Min/Avg Fitness(Raw) [139.70(139.31)/0.00(1.02)/101.17(101.17)]
Gen. 180 (90.00%): Max/Min/Avg Fitness(Raw) [139.76(139.37)/0.00(1.02)/101.56(101.56)]
Gen. 181 (90.50%): Max/Min/Avg Fitness(Raw) [140.09(139.71)/0.00(1.02)/101.86(101.86)]
Gen. 182 (91.00%): Max/Min/Avg Fitness(Raw) [140.49(140.07)/0.00(1.02)/99.90(99.90)]
Gen. 183 (91.50%): Max/Min/Avg Fitness(Raw) [140.48(140.08)/0.00(1.02)/100.60(100.60)]
Gen. 184 (92.00%): Max/Min/Avg Fitness(Raw) [140.65(140.25)/0.00(1.02)/101.21(101.21)]
Gen. 185 (92.50%): Max/Min/Avg Fitness(Raw) [140.71(140.31)/0.00(1.02)/101.37(101.37)]
Gen. 186 (93.00%): Max/Min/Avg Fitness(Raw) [140.87(140.49)/0.00(1.02)/102.08(102.08)]
Gen. 187 (93.50%): Max/Min/Avg Fitness(Raw) [141.01(140.61)/0.00(1.02)/101.40(101.40)]
Gen. 188 (94.00%): Max/Min/Avg Fitness(Raw) [141.18(140.79)/0.00(1.02)/101.74(101.74)]
Gen. 189 (94.50%): Max/Min/Avg Fitness(Raw) [141.24(140.87)/0.00(1.02)/103.62(103.62)]
Gen. 190 (95.00%): Max/Min/Avg Fitness(Raw) [141.65(141.26)/0.00(1.02)/102.61(102.61)]
Gen. 191 (95.50%): Max/Min/Avg Fitness(Raw) [142.25(141.85)/0.00(1.02)/102.26(102.26)]
Gen. 192 (96.00%): Max/Min/Avg Fitness(Raw) [142.24(141.86)/0.00(1.02)/103.38(103.38)]
Gen. 193 (96.50%): Max/Min/Avg Fitness(Raw) [142.39(141.99)/0.00(1.02)/102.60(102.60)]
Gen. 194 (97.00%): Max/Min/Avg Fitness(Raw) [142.54(142.15)/0.00(1.02)/103.23(103.23)]
Gen. 195 (97.50%): Max/Min/Avg Fitness(Raw) [142.67(142.26)/0.00(1.02)/102.25(102.25)]
Gen. 196 (98.00%): Max/Min/Avg Fitness(Raw) [142.71(142.32)/0.00(1.02)/103.29(103.29)]
Gen. 197 (98.50%): Max/Min/Avg Fitness(Raw) [142.84(142.44)/0.00(1.02)/102.65(102.65)]
Gen. 198 (99.00%): Max/Min/Avg Fitness(Raw) [142.93(142.53)/0.00(1.02)/102.49(102.49)]
Gen. 199 (99.50%): Max/Min/Avg Fitness(Raw) [142.94(142.53)/0.00(1.02)/102.38(102.38)]
Gen. 200 (100.00%): Max/Min/Avg Fitness(Raw) [143.03(142.62)/0.00(1.02)/102.27(102.27)]
Total time elapsed: 37475.880 seconds.
GA MSE : 0.089313
Best initial connection wetighs are set on Network
Setting FANN training parameters
Input layer                          :  70 neurons, 1 bias
  Hidden layer                       :  10 neurons, 1 bias
Output layer                         :   1 neurons
Total neurons and biases             :  83
Total connections                    : 721
Connection rate                      :   1.000
Network type                         :   FANN_NETTYPE_LAYER
Training algorithm                   :   FANN_TRAIN_RPROP
Training error function              :   FANN_ERRORFUNC_TANH
Training stop function               :   FANN_STOPFUNC_MSE
Bit fail limit                       :   0.350
Learning rate                        :   0.700
Learning momentum                    :   0.000
Quickprop decay                      :  -0.000100
Quickprop mu                         :   1.750
RPROP increase factor                :   1.001
RPROP decrease factor                :   0.500
RPROP delta min                      :   0.000
RPROP delta max                      :  50.000
Cascade output change fraction       :   0.010000
Cascade candidate change fraction    :   0.010000
Cascade output stagnation epochs     :  12
Cascade candidate stagnation epochs  :  12
Cascade max output epochs            : 150
Cascade max candidate epochs         : 150
Cascade weight multiplier            :   0.400
Cascade candidate limit              :1000.000
Cascade activation functions[0]      :   FANN_SIGMOID
Cascade activation functions[1]      :   FANN_SIGMOID_SYMMETRIC
Cascade activation functions[2]      :   FANN_GAUSSIAN
Cascade activation functions[3]      :   FANN_GAUSSIAN_SYMMETRIC
Cascade activation functions[4]      :   FANN_ELLIOT
Cascade activation functions[5]      :   FANN_ELLIOT_SYMMETRIC
Cascade activation functions[6]      :   FANN_SIN_SYMMETRIC
Cascade activation functions[7]      :   FANN_COS_SYMMETRIC
Cascade activation functions[8]      :   FANN_SIN
Cascade activation functions[9]      :   FANN_COS
Cascade activation steepnesses[0]    :   0.250
Cascade activation steepnesses[1]    :   0.500
Cascade activation steepnesses[2]    :   0.750
Cascade activation steepnesses[3]    :   1.000
Cascade candidate groups             :   2
Cascade no. of candidates            :  80
Start training network with 2-algorithm in FANN
Max epochs     8000. Desired error: 0.0010000000.
Epochs            1. Current error: 0.0070115952. Bit fail 137.
Epochs          100. Current error: 0.0069567701. Bit fail 131.
Epochs          200. Current error: 0.0068028043. Bit fail 135.
Epochs          300. Current error: 0.0065660602. Bit fail 130.
Epochs          400. Current error: 0.0064036683. Bit fail 123.
Epochs          500. Current error: 0.0063229874. Bit fail 119.
Epochs          600. Current error: 0.0062772795. Bit fail 118.
Epochs          700. Current error: 0.0062214830. Bit fail 119.
Epochs          800. Current error: 0.0061633135. Bit fail 117.
Epochs          900. Current error: 0.0061251638. Bit fail 118.
Epochs         1000. Current error: 0.0060793194. Bit fail 118.
Epochs         1100. Current error: 0.0060331896. Bit fail 118.
Epochs         1200. Current error: 0.0059655090. Bit fail 116.
Epochs         1300. Current error: 0.0059195268. Bit fail 117.
Epochs         1400. Current error: 0.0058699865. Bit fail 114.
Epochs         1500. Current error: 0.0057736672. Bit fail 113.
Epochs         1600. Current error: 0.0057326313. Bit fail 112.
Epochs         1700. Current error: 0.0056962883. Bit fail 110.
Epochs         1800. Current error: 0.0056711640. Bit fail 110.
Epochs         1900. Current error: 0.0056433785. Bit fail 107.
Epochs         2000. Current error: 0.0056173205. Bit fail 106.
Epochs         2100. Current error: 0.0056008291. Bit fail 106.
Epochs         2200. Current error: 0.0055833054. Bit fail 105.
Epochs         2300. Current error: 0.0055652377. Bit fail 105.
Epochs         2400. Current error: 0.0055466569. Bit fail 104.
Epochs         2500. Current error: 0.0055295727. Bit fail 103.
Epochs         2600. Current error: 0.0055044130. Bit fail 103.
Epochs         2700. Current error: 0.0054783043. Bit fail 102.
Epochs         2800. Current error: 0.0054561980. Bit fail 100.
Epochs         2900. Current error: 0.0054235565. Bit fail 100.
Epochs         3000. Current error: 0.0053946204. Bit fail 99.
Epochs         3100. Current error: 0.0053647007. Bit fail 100.
Epochs         3200. Current error: 0.0053445352. Bit fail 99.
Epochs         3300. Current error: 0.0053254082. Bit fail 98.
Epochs         3400. Current error: 0.0053072800. Bit fail 99.
Epochs         3500. Current error: 0.0052927029. Bit fail 99.
Epochs         3600. Current error: 0.0052811941. Bit fail 99.
Epochs         3700. Current error: 0.0052683968. Bit fail 99.
Epochs         3800. Current error: 0.0052466993. Bit fail 99.
Epochs         3900. Current error: 0.0052295937. Bit fail 99.
Epochs         4000. Current error: 0.0052129221. Bit fail 98.
Epochs         4100. Current error: 0.0051794634. Bit fail 96.
Epochs         4200. Current error: 0.0051573222. Bit fail 94.
Epochs         4300. Current error: 0.0051425281. Bit fail 93.
Epochs         4400. Current error: 0.0051299687. Bit fail 92.
Epochs         4500. Current error: 0.0051207012. Bit fail 91.
Epochs         4600. Current error: 0.0051074121. Bit fail 91.
Epochs         4700. Current error: 0.0051009459. Bit fail 90.
Epochs         4800. Current error: 0.0050949925. Bit fail 90.
Epochs         4900. Current error: 0.0050908155. Bit fail 91.
Epochs         5000. Current error: 0.0050829165. Bit fail 90.
Epochs         5100. Current error: 0.0050749802. Bit fail 90.
Epochs         5200. Current error: 0.0050651967. Bit fail 91.
Epochs         5300. Current error: 0.0050549787. Bit fail 91.
Epochs         5400. Current error: 0.0050487453. Bit fail 93.
Epochs         5500. Current error: 0.0050269277. Bit fail 93.
Epochs         5600. Current error: 0.0050043808. Bit fail 92.
Epochs         5700. Current error: 0.0049851029. Bit fail 90.
Epochs         5800. Current error: 0.0049712523. Bit fail 90.
Epochs         5900. Current error: 0.0049463860. Bit fail 90.
Epochs         6000. Current error: 0.0049352273. Bit fail 90.
Epochs         6100. Current error: 0.0049302145. Bit fail 91.
Epochs         6200. Current error: 0.0049286848. Bit fail 91.
Epochs         6300. Current error: 0.0049138665. Bit fail 91.
Epochs         6400. Current error: 0.0049031414. Bit fail 90.
Epochs         6500. Current error: 0.0048910510. Bit fail 88.
Epochs         6600. Current error: 0.0048786569. Bit fail 87.
Epochs         6700. Current error: 0.0048688897. Bit fail 87.
Epochs         6800. Current error: 0.0048541920. Bit fail 86.
Epochs         6900. Current error: 0.0048540044. Bit fail 86.
Epochs         7000. Current error: 0.0048489035. Bit fail 86.
Epochs         7100. Current error: 0.0048449705. Bit fail 87.
Epochs         7200. Current error: 0.0048429687. Bit fail 86.
Epochs         7300. Current error: 0.0048358100. Bit fail 86.
Epochs         7400. Current error: 0.0047963602. Bit fail 86.
Epochs         7500. Current error: 0.0047885110. Bit fail 84.
Epochs         7600. Current error: 0.0047787270. Bit fail 85.
Epochs         7700. Current error: 0.0047786897. Bit fail 85.
Epochs         7800. Current error: 0.0047728242. Bit fail 84.
Epochs         7900. Current error: 0.0047677662. Bit fail 84.
Epochs         8000. Current error: 0.0047637075. Bit fail 84.
Time elpased for FANN training: 449.525431 seconds
Trained Network by GA+FANN is saved in 
./ALL_S6_959126400_hveto_channels_signif_dt_set_6_training_n70n10n1_c10_mr04_p5000_g200_rmin-25_rmax25_gsigma1_y1001_z05_f05g09_m8000.net.
Total Running Time: 37925.831978 seconds
