Creating network.
The layer structure is following:
[70, 10, 1]
Setting newtork parameters
Getting training data : ALL_S6_959126400_hveto_channels_signif_dt_set_2_training.pat
Setting GA training parameters
Start running GA
Gen. 0 (0.00%): Max/Min/Avg Fitness(Raw) [25.95(57.83)/19.16(1.02)/21.62(21.62)]
Gen. 1 (0.50%): Max/Min/Avg Fitness(Raw) [61.19(61.08)/0.00(1.15)/55.71(55.71)]
Gen. 2 (1.00%): Max/Min/Avg Fitness(Raw) [66.61(66.44)/0.00(1.02)/57.21(57.21)]
Gen. 3 (1.50%): Max/Min/Avg Fitness(Raw) [70.95(70.68)/0.00(1.02)/56.11(56.11)]
Gen. 4 (2.00%): Max/Min/Avg Fitness(Raw) [73.66(73.36)/0.00(1.02)/56.83(56.83)]
Gen. 5 (2.50%): Max/Min/Avg Fitness(Raw) [75.26(74.99)/0.00(1.02)/59.33(59.33)]
Gen. 6 (3.00%): Max/Min/Avg Fitness(Raw) [77.09(76.76)/0.00(1.02)/58.64(58.64)]
Gen. 7 (3.50%): Max/Min/Avg Fitness(Raw) [78.20(77.89)/0.00(1.02)/60.37(60.37)]
Gen. 8 (4.00%): Max/Min/Avg Fitness(Raw) [79.77(79.49)/0.00(1.02)/62.90(62.90)]
Gen. 9 (4.50%): Max/Min/Avg Fitness(Raw) [81.06(80.79)/0.00(1.02)/64.18(64.18)]
Gen. 10 (5.00%): Max/Min/Avg Fitness(Raw) [82.31(82.03)/0.00(1.02)/64.57(64.57)]
Gen. 11 (5.50%): Max/Min/Avg Fitness(Raw) [83.18(82.91)/0.00(1.02)/65.96(65.96)]
Gen. 12 (6.00%): Max/Min/Avg Fitness(Raw) [84.28(84.01)/0.00(1.02)/66.75(66.75)]
Gen. 13 (6.50%): Max/Min/Avg Fitness(Raw) [85.16(84.89)/0.00(1.02)/67.11(67.11)]
Gen. 14 (7.00%): Max/Min/Avg Fitness(Raw) [86.14(85.85)/0.00(1.02)/67.18(67.18)]
Gen. 15 (7.50%): Max/Min/Avg Fitness(Raw) [86.90(86.63)/0.00(1.02)/68.83(68.83)]
Gen. 16 (8.00%): Max/Min/Avg Fitness(Raw) [87.55(87.28)/0.00(1.02)/69.27(69.27)]
Gen. 17 (8.50%): Max/Min/Avg Fitness(Raw) [88.60(88.33)/0.00(1.02)/70.12(70.12)]
Gen. 18 (9.00%): Max/Min/Avg Fitness(Raw) [89.54(89.28)/0.00(1.02)/71.25(71.25)]
Gen. 19 (9.50%): Max/Min/Avg Fitness(Raw) [90.51(90.24)/0.00(1.02)/71.44(71.44)]
Gen. 20 (10.00%): Max/Min/Avg Fitness(Raw) [91.72(91.44)/0.00(1.02)/72.08(72.08)]
Gen. 21 (10.50%): Max/Min/Avg Fitness(Raw) [92.32(92.03)/0.00(1.02)/72.13(72.13)]
Gen. 22 (11.00%): Max/Min/Avg Fitness(Raw) [93.55(93.25)/0.00(1.02)/72.14(72.14)]
Gen. 23 (11.50%): Max/Min/Avg Fitness(Raw) [94.41(94.10)/0.00(1.02)/72.36(72.36)]
Gen. 24 (12.00%): Max/Min/Avg Fitness(Raw) [95.20(94.89)/0.00(1.02)/73.54(73.54)]
Gen. 25 (12.50%): Max/Min/Avg Fitness(Raw) [96.00(95.68)/0.00(1.02)/73.44(73.44)]
Gen. 26 (13.00%): Max/Min/Avg Fitness(Raw) [96.62(96.31)/0.00(1.02)/73.99(73.99)]
Gen. 27 (13.50%): Max/Min/Avg Fitness(Raw) [97.05(96.72)/0.00(1.02)/73.28(73.28)]
Gen. 28 (14.00%): Max/Min/Avg Fitness(Raw) [97.56(97.23)/0.00(1.02)/73.75(73.75)]
Gen. 29 (14.50%): Max/Min/Avg Fitness(Raw) [98.11(97.80)/0.00(1.02)/74.94(74.94)]
Gen. 30 (15.00%): Max/Min/Avg Fitness(Raw) [98.59(98.28)/0.00(1.02)/75.75(75.75)]
Gen. 31 (15.50%): Max/Min/Avg Fitness(Raw) [99.06(98.75)/0.00(1.02)/76.48(76.48)]
Gen. 32 (16.00%): Max/Min/Avg Fitness(Raw) [100.42(100.10)/0.00(1.02)/76.58(76.58)]
Gen. 33 (16.50%): Max/Min/Avg Fitness(Raw) [100.77(100.47)/0.00(1.02)/77.57(77.57)]
Gen. 34 (17.00%): Max/Min/Avg Fitness(Raw) [101.22(100.91)/0.00(1.02)/77.50(77.50)]
Gen. 35 (17.50%): Max/Min/Avg Fitness(Raw) [101.74(101.42)/0.00(1.02)/77.61(77.61)]
Gen. 36 (18.00%): Max/Min/Avg Fitness(Raw) [102.09(101.79)/0.00(1.02)/78.88(78.88)]
Gen. 37 (18.50%): Max/Min/Avg Fitness(Raw) [102.71(102.39)/0.00(1.02)/78.29(78.29)]
Gen. 38 (19.00%): Max/Min/Avg Fitness(Raw) [103.54(103.21)/0.00(1.02)/78.72(78.72)]
Gen. 39 (19.50%): Max/Min/Avg Fitness(Raw) [104.17(103.85)/0.00(1.02)/79.64(79.64)]
Gen. 40 (20.00%): Max/Min/Avg Fitness(Raw) [104.57(104.25)/0.00(1.02)/79.69(79.69)]
Gen. 41 (20.50%): Max/Min/Avg Fitness(Raw) [104.89(104.57)/0.00(1.02)/80.31(80.31)]
Gen. 42 (21.00%): Max/Min/Avg Fitness(Raw) [105.59(105.27)/0.00(1.02)/80.30(80.30)]
Gen. 43 (21.50%): Max/Min/Avg Fitness(Raw) [106.15(105.82)/0.00(1.02)/80.18(80.18)]
Gen. 44 (22.00%): Max/Min/Avg Fitness(Raw) [106.52(106.18)/0.00(1.02)/80.27(80.27)]
Gen. 45 (22.50%): Max/Min/Avg Fitness(Raw) [106.77(106.45)/0.00(1.02)/81.20(81.20)]
Gen. 46 (23.00%): Max/Min/Avg Fitness(Raw) [106.96(106.63)/0.00(1.02)/81.18(81.18)]
Gen. 47 (23.50%): Max/Min/Avg Fitness(Raw) [107.11(106.81)/0.00(1.02)/82.46(82.46)]
Gen. 48 (24.00%): Max/Min/Avg Fitness(Raw) [107.42(107.09)/0.00(1.02)/81.47(81.47)]
Gen. 49 (24.50%): Max/Min/Avg Fitness(Raw) [107.89(107.57)/0.00(1.02)/81.75(81.75)]
Gen. 50 (25.00%): Max/Min/Avg Fitness(Raw) [108.05(107.71)/0.00(1.02)/81.33(81.33)]
Gen. 51 (25.50%): Max/Min/Avg Fitness(Raw) [108.48(108.15)/0.00(1.02)/81.63(81.63)]
Gen. 52 (26.00%): Max/Min/Avg Fitness(Raw) [108.72(108.39)/0.00(1.02)/81.95(81.95)]
Gen. 53 (26.50%): Max/Min/Avg Fitness(Raw) [109.63(109.28)/0.00(1.02)/81.77(81.77)]
Gen. 54 (27.00%): Max/Min/Avg Fitness(Raw) [110.06(109.71)/0.00(1.02)/82.03(82.03)]
Gen. 55 (27.50%): Max/Min/Avg Fitness(Raw) [110.40(110.04)/0.00(1.02)/81.96(81.96)]
Gen. 56 (28.00%): Max/Min/Avg Fitness(Raw) [110.87(110.51)/0.00(1.02)/82.42(82.42)]
Gen. 57 (28.50%): Max/Min/Avg Fitness(Raw) [111.14(110.79)/0.00(1.02)/82.70(82.70)]
Gen. 58 (29.00%): Max/Min/Avg Fitness(Raw) [111.46(111.11)/0.00(1.02)/83.21(83.21)]
Gen. 59 (29.50%): Max/Min/Avg Fitness(Raw) [111.81(111.45)/0.00(1.02)/82.77(82.77)]
Gen. 60 (30.00%): Max/Min/Avg Fitness(Raw) [112.08(111.73)/0.00(1.02)/83.87(83.87)]
Gen. 61 (30.50%): Max/Min/Avg Fitness(Raw) [112.44(112.09)/0.00(1.02)/83.94(83.94)]
Gen. 62 (31.00%): Max/Min/Avg Fitness(Raw) [112.58(112.24)/0.00(1.02)/84.37(84.37)]
Gen. 63 (31.50%): Max/Min/Avg Fitness(Raw) [112.89(112.54)/0.00(1.02)/84.15(84.15)]
Gen. 64 (32.00%): Max/Min/Avg Fitness(Raw) [113.06(112.71)/0.00(1.02)/84.29(84.29)]
Gen. 65 (32.50%): Max/Min/Avg Fitness(Raw) [113.16(112.82)/0.00(1.02)/84.69(84.69)]
Gen. 66 (33.00%): Max/Min/Avg Fitness(Raw) [113.42(113.07)/0.00(1.02)/84.66(84.66)]
Gen. 67 (33.50%): Max/Min/Avg Fitness(Raw) [113.86(113.52)/0.00(1.02)/85.71(85.71)]
Gen. 68 (34.00%): Max/Min/Avg Fitness(Raw) [113.98(113.64)/0.00(1.02)/85.57(85.57)]
Gen. 69 (34.50%): Max/Min/Avg Fitness(Raw) [114.24(113.90)/0.00(1.02)/85.81(85.81)]
Gen. 70 (35.00%): Max/Min/Avg Fitness(Raw) [114.54(114.19)/0.00(1.02)/85.56(85.56)]
Gen. 71 (35.50%): Max/Min/Avg Fitness(Raw) [114.90(114.54)/0.00(1.02)/84.74(84.74)]
Gen. 72 (36.00%): Max/Min/Avg Fitness(Raw) [115.17(114.84)/0.00(1.02)/86.97(86.97)]
Gen. 73 (36.50%): Max/Min/Avg Fitness(Raw) [115.43(115.08)/0.00(1.02)/85.86(85.86)]
Gen. 74 (37.00%): Max/Min/Avg Fitness(Raw) [115.86(115.50)/0.00(1.02)/85.52(85.52)]
Gen. 75 (37.50%): Max/Min/Avg Fitness(Raw) [116.43(116.08)/0.00(1.02)/86.65(86.65)]
Gen. 76 (38.00%): Max/Min/Avg Fitness(Raw) [116.55(116.20)/0.00(1.02)/86.74(86.74)]
Gen. 77 (38.50%): Max/Min/Avg Fitness(Raw) [116.64(116.28)/0.00(1.02)/86.31(86.31)]
Gen. 78 (39.00%): Max/Min/Avg Fitness(Raw) [116.84(116.50)/0.00(1.02)/87.71(87.71)]
Gen. 79 (39.50%): Max/Min/Avg Fitness(Raw) [116.97(116.61)/0.00(1.02)/87.07(87.07)]
Gen. 80 (40.00%): Max/Min/Avg Fitness(Raw) [117.25(116.91)/0.00(1.02)/87.56(87.56)]
Gen. 81 (40.50%): Max/Min/Avg Fitness(Raw) [117.39(117.05)/0.00(1.02)/88.29(88.29)]
Gen. 82 (41.00%): Max/Min/Avg Fitness(Raw) [117.53(117.19)/0.00(1.02)/88.20(88.20)]
Gen. 83 (41.50%): Max/Min/Avg Fitness(Raw) [117.75(117.40)/0.00(1.02)/87.64(87.64)]
Gen. 84 (42.00%): Max/Min/Avg Fitness(Raw) [118.02(117.68)/0.00(1.02)/88.52(88.52)]
Gen. 85 (42.50%): Max/Min/Avg Fitness(Raw) [118.32(117.98)/0.00(1.02)/88.55(88.55)]
Gen. 86 (43.00%): Max/Min/Avg Fitness(Raw) [118.62(118.26)/0.00(1.02)/87.86(87.86)]
Gen. 87 (43.50%): Max/Min/Avg Fitness(Raw) [118.71(118.35)/0.00(1.02)/88.15(88.15)]
Gen. 88 (44.00%): Max/Min/Avg Fitness(Raw) [118.75(118.40)/0.00(1.02)/88.56(88.56)]
Gen. 89 (44.50%): Max/Min/Avg Fitness(Raw) [118.80(118.45)/0.00(1.02)/88.73(88.73)]
Gen. 90 (45.00%): Max/Min/Avg Fitness(Raw) [118.87(118.51)/0.00(1.02)/87.72(87.72)]
Gen. 91 (45.50%): Max/Min/Avg Fitness(Raw) [119.19(118.84)/0.00(1.02)/88.41(88.41)]
Gen. 92 (46.00%): Max/Min/Avg Fitness(Raw) [119.28(118.93)/0.00(1.02)/89.01(89.01)]
Gen. 93 (46.50%): Max/Min/Avg Fitness(Raw) [119.51(119.16)/0.00(1.02)/88.82(88.82)]
Gen. 94 (47.00%): Max/Min/Avg Fitness(Raw) [120.31(119.97)/0.00(1.02)/90.30(90.30)]
Gen. 95 (47.50%): Max/Min/Avg Fitness(Raw) [120.63(120.29)/0.00(1.02)/90.65(90.65)]
Gen. 96 (48.00%): Max/Min/Avg Fitness(Raw) [120.81(120.46)/0.00(1.02)/90.16(90.16)]
Gen. 97 (48.50%): Max/Min/Avg Fitness(Raw) [120.91(120.56)/0.00(1.02)/89.86(89.86)]
Gen. 98 (49.00%): Max/Min/Avg Fitness(Raw) [121.06(120.72)/0.00(1.02)/90.66(90.66)]
Gen. 99 (49.50%): Max/Min/Avg Fitness(Raw) [121.16(120.82)/0.00(1.02)/91.18(91.18)]
Gen. 100 (50.00%): Max/Min/Avg Fitness(Raw) [121.50(121.16)/0.00(1.02)/91.32(91.32)]
Gen. 101 (50.50%): Max/Min/Avg Fitness(Raw) [121.67(121.30)/0.00(1.02)/89.50(89.50)]
Gen. 102 (51.00%): Max/Min/Avg Fitness(Raw) [121.74(121.41)/0.00(1.02)/91.88(91.88)]
Gen. 103 (51.50%): Max/Min/Avg Fitness(Raw) [121.82(121.47)/0.00(1.02)/90.57(90.57)]
Gen. 104 (52.00%): Max/Min/Avg Fitness(Raw) [121.85(121.50)/0.00(1.02)/90.71(90.71)]
Gen. 105 (52.50%): Max/Min/Avg Fitness(Raw) [122.00(121.64)/0.00(1.02)/90.48(90.48)]
Gen. 106 (53.00%): Max/Min/Avg Fitness(Raw) [122.05(121.71)/0.00(1.02)/91.40(91.40)]
Gen. 107 (53.50%): Max/Min/Avg Fitness(Raw) [122.21(121.87)/0.00(1.02)/91.44(91.44)]
Gen. 108 (54.00%): Max/Min/Avg Fitness(Raw) [122.40(122.05)/0.00(1.02)/91.73(91.73)]
Gen. 109 (54.50%): Max/Min/Avg Fitness(Raw) [122.49(122.15)/0.00(1.02)/92.07(92.07)]
Gen. 110 (55.00%): Max/Min/Avg Fitness(Raw) [122.71(122.36)/0.00(1.02)/91.46(91.46)]
Gen. 111 (55.50%): Max/Min/Avg Fitness(Raw) [122.84(122.47)/0.00(1.02)/90.55(90.55)]
Gen. 112 (56.00%): Max/Min/Avg Fitness(Raw) [122.96(122.60)/0.00(1.02)/91.24(91.24)]
Gen. 113 (56.50%): Max/Min/Avg Fitness(Raw) [123.05(122.70)/0.00(1.02)/91.67(91.67)]
Gen. 114 (57.00%): Max/Min/Avg Fitness(Raw) [123.41(123.06)/0.00(1.02)/91.59(91.59)]
Gen. 115 (57.50%): Max/Min/Avg Fitness(Raw) [123.59(123.26)/0.00(1.02)/93.47(93.47)]
Gen. 116 (58.00%): Max/Min/Avg Fitness(Raw) [123.67(123.33)/0.00(1.02)/92.86(92.86)]
Gen. 117 (58.50%): Max/Min/Avg Fitness(Raw) [123.92(123.57)/0.00(1.02)/91.96(91.96)]
Gen. 118 (59.00%): Max/Min/Avg Fitness(Raw) [124.02(123.68)/0.00(1.02)/92.84(92.84)]
Gen. 119 (59.50%): Max/Min/Avg Fitness(Raw) [124.61(124.27)/0.00(1.02)/93.24(93.24)]
Gen. 120 (60.00%): Max/Min/Avg Fitness(Raw) [124.68(124.34)/0.00(1.02)/93.57(93.57)]
Gen. 121 (60.50%): Max/Min/Avg Fitness(Raw) [124.92(124.56)/0.00(1.02)/92.77(92.77)]
Gen. 122 (61.00%): Max/Min/Avg Fitness(Raw) [125.33(124.97)/0.00(1.02)/92.52(92.52)]
Gen. 123 (61.50%): Max/Min/Avg Fitness(Raw) [125.40(125.04)/0.00(1.02)/92.97(92.97)]
Gen. 124 (62.00%): Max/Min/Avg Fitness(Raw) [125.65(125.30)/0.00(1.02)/93.87(93.87)]
Gen. 125 (62.50%): Max/Min/Avg Fitness(Raw) [125.95(125.60)/0.00(1.02)/93.51(93.51)]
Gen. 126 (63.00%): Max/Min/Avg Fitness(Raw) [126.14(125.77)/0.00(1.02)/92.72(92.72)]
Gen. 127 (63.50%): Max/Min/Avg Fitness(Raw) [126.41(126.06)/0.00(1.02)/93.86(93.86)]
Gen. 128 (64.00%): Max/Min/Avg Fitness(Raw) [126.51(126.16)/0.00(1.02)/94.46(94.46)]
Gen. 129 (64.50%): Max/Min/Avg Fitness(Raw) [126.66(126.30)/0.00(1.02)/94.02(94.02)]
Gen. 130 (65.00%): Max/Min/Avg Fitness(Raw) [126.79(126.45)/0.00(1.02)/94.72(94.72)]
Gen. 131 (65.50%): Max/Min/Avg Fitness(Raw) [126.96(126.61)/0.00(1.02)/94.81(94.81)]
Gen. 132 (66.00%): Max/Min/Avg Fitness(Raw) [127.03(126.69)/0.00(1.02)/95.50(95.50)]
Gen. 133 (66.50%): Max/Min/Avg Fitness(Raw) [127.09(126.73)/0.00(1.02)/93.84(93.84)]
Gen. 134 (67.00%): Max/Min/Avg Fitness(Raw) [127.17(126.82)/0.00(1.02)/94.83(94.83)]
Gen. 135 (67.50%): Max/Min/Avg Fitness(Raw) [127.26(126.93)/0.00(1.02)/95.77(95.77)]
Gen. 136 (68.00%): Max/Min/Avg Fitness(Raw) [127.34(126.98)/0.00(1.02)/93.88(93.88)]
Gen. 137 (68.50%): Max/Min/Avg Fitness(Raw) [127.51(127.15)/0.00(1.02)/94.21(94.21)]
Gen. 138 (69.00%): Max/Min/Avg Fitness(Raw) [127.53(127.19)/0.00(1.02)/95.90(95.90)]
Gen. 139 (69.50%): Max/Min/Avg Fitness(Raw) [127.62(127.27)/0.00(1.02)/95.39(95.39)]
Gen. 140 (70.00%): Max/Min/Avg Fitness(Raw) [127.78(127.42)/0.00(1.02)/94.54(94.54)]
Gen. 141 (70.50%): Max/Min/Avg Fitness(Raw) [127.96(127.62)/0.00(1.02)/96.10(96.10)]
Gen. 142 (71.00%): Max/Min/Avg Fitness(Raw) [128.28(127.93)/0.00(1.02)/95.23(95.23)]
Gen. 143 (71.50%): Max/Min/Avg Fitness(Raw) [128.38(128.02)/0.00(1.02)/94.96(94.96)]
Gen. 144 (72.00%): Max/Min/Avg Fitness(Raw) [128.51(128.15)/0.00(1.02)/94.97(94.97)]
Gen. 145 (72.50%): Max/Min/Avg Fitness(Raw) [128.79(128.42)/0.00(1.02)/94.58(94.58)]
Gen. 146 (73.00%): Max/Min/Avg Fitness(Raw) [128.95(128.59)/0.00(1.02)/95.31(95.31)]
Gen. 147 (73.50%): Max/Min/Avg Fitness(Raw) [129.03(128.66)/0.00(1.02)/95.18(95.18)]
Gen. 148 (74.00%): Max/Min/Avg Fitness(Raw) [129.10(128.74)/0.00(1.02)/95.00(95.00)]
Gen. 149 (74.50%): Max/Min/Avg Fitness(Raw) [129.14(128.77)/0.00(1.02)/95.01(95.01)]
Gen. 150 (75.00%): Max/Min/Avg Fitness(Raw) [129.18(128.82)/0.00(1.02)/95.55(95.55)]
Gen. 151 (75.50%): Max/Min/Avg Fitness(Raw) [129.36(129.00)/0.00(1.02)/95.72(95.72)]
Gen. 152 (76.00%): Max/Min/Avg Fitness(Raw) [129.42(129.06)/0.00(1.02)/96.07(96.07)]
Gen. 153 (76.50%): Max/Min/Avg Fitness(Raw) [129.63(129.29)/0.00(1.02)/97.55(97.55)]
Gen. 154 (77.00%): Max/Min/Avg Fitness(Raw) [129.76(129.40)/0.00(1.02)/95.97(95.97)]
Gen. 155 (77.50%): Max/Min/Avg Fitness(Raw) [129.79(129.43)/0.00(1.02)/96.27(96.27)]
Gen. 156 (78.00%): Max/Min/Avg Fitness(Raw) [129.84(129.48)/0.00(1.02)/96.59(96.59)]
Gen. 157 (78.50%): Max/Min/Avg Fitness(Raw) [130.12(129.75)/0.00(1.02)/95.88(95.88)]
Gen. 158 (79.00%): Max/Min/Avg Fitness(Raw) [130.14(129.79)/0.00(1.02)/97.15(97.15)]
Gen. 159 (79.50%): Max/Min/Avg Fitness(Raw) [130.21(129.86)/0.00(1.02)/97.29(97.29)]
Gen. 160 (80.00%): Max/Min/Avg Fitness(Raw) [130.25(129.89)/0.00(1.02)/96.30(96.30)]
Gen. 161 (80.50%): Max/Min/Avg Fitness(Raw) [130.33(129.97)/0.00(1.02)/96.86(96.86)]
Gen. 162 (81.00%): Max/Min/Avg Fitness(Raw) [130.45(130.09)/0.00(1.02)/95.90(95.90)]
Gen. 163 (81.50%): Max/Min/Avg Fitness(Raw) [130.50(130.14)/0.00(1.02)/96.29(96.29)]
Gen. 164 (82.00%): Max/Min/Avg Fitness(Raw) [130.55(130.19)/0.00(1.02)/96.28(96.28)]
Gen. 165 (82.50%): Max/Min/Avg Fitness(Raw) [130.61(130.25)/0.00(1.02)/96.34(96.34)]
Gen. 166 (83.00%): Max/Min/Avg Fitness(Raw) [131.04(130.67)/0.00(1.02)/96.60(96.60)]
Gen. 167 (83.50%): Max/Min/Avg Fitness(Raw) [131.16(130.79)/0.00(1.02)/96.35(96.35)]
Gen. 168 (84.00%): Max/Min/Avg Fitness(Raw) [131.25(130.89)/0.00(1.02)/96.92(96.92)]
Gen. 169 (84.50%): Max/Min/Avg Fitness(Raw) [131.58(131.21)/0.00(1.02)/96.53(96.53)]
Gen. 170 (85.00%): Max/Min/Avg Fitness(Raw) [131.76(131.40)/0.00(1.02)/97.12(97.12)]
Gen. 171 (85.50%): Max/Min/Avg Fitness(Raw) [131.82(131.45)/0.00(1.02)/97.40(97.40)]
Gen. 172 (86.00%): Max/Min/Avg Fitness(Raw) [132.07(131.70)/0.00(1.02)/97.27(97.27)]
Gen. 173 (86.50%): Max/Min/Avg Fitness(Raw) [132.19(131.85)/0.00(1.02)/98.79(98.79)]
Gen. 174 (87.00%): Max/Min/Avg Fitness(Raw) [132.28(131.93)/0.00(1.02)/98.91(98.91)]
Gen. 175 (87.50%): Max/Min/Avg Fitness(Raw) [132.33(131.97)/0.00(1.02)/97.79(97.79)]
Gen. 176 (88.00%): Max/Min/Avg Fitness(Raw) [132.47(132.12)/0.00(1.02)/98.46(98.46)]
Gen. 177 (88.50%): Max/Min/Avg Fitness(Raw) [132.51(132.15)/0.00(1.02)/97.99(97.99)]
Gen. 178 (89.00%): Max/Min/Avg Fitness(Raw) [132.62(132.26)/0.00(1.02)/98.01(98.01)]
Gen. 179 (89.50%): Max/Min/Avg Fitness(Raw) [132.75(132.39)/0.00(1.02)/97.96(97.96)]
Gen. 180 (90.00%): Max/Min/Avg Fitness(Raw) [133.02(132.67)/0.00(1.02)/98.55(98.55)]
Gen. 181 (90.50%): Max/Min/Avg Fitness(Raw) [133.02(132.67)/0.00(1.02)/98.75(98.75)]
Gen. 182 (91.00%): Max/Min/Avg Fitness(Raw) [133.08(132.71)/0.00(1.02)/98.10(98.10)]
Gen. 183 (91.50%): Max/Min/Avg Fitness(Raw) [133.12(132.77)/0.00(1.02)/98.99(98.99)]
Gen. 184 (92.00%): Max/Min/Avg Fitness(Raw) [133.21(132.85)/0.00(1.02)/98.46(98.46)]
Gen. 185 (92.50%): Max/Min/Avg Fitness(Raw) [133.28(132.91)/0.00(1.02)/98.22(98.22)]
Gen. 186 (93.00%): Max/Min/Avg Fitness(Raw) [133.32(132.98)/0.00(1.02)/99.68(99.68)]
Gen. 187 (93.50%): Max/Min/Avg Fitness(Raw) [133.35(132.98)/0.00(1.02)/98.08(98.08)]
Gen. 188 (94.00%): Max/Min/Avg Fitness(Raw) [133.36(133.00)/0.00(1.02)/98.54(98.54)]
Gen. 189 (94.50%): Max/Min/Avg Fitness(Raw) [133.40(133.04)/0.00(1.02)/98.51(98.51)]
Gen. 190 (95.00%): Max/Min/Avg Fitness(Raw) [133.43(133.08)/0.00(1.02)/99.19(99.19)]
Gen. 191 (95.50%): Max/Min/Avg Fitness(Raw) [133.47(133.11)/0.00(1.02)/98.91(98.91)]
Gen. 192 (96.00%): Max/Min/Avg Fitness(Raw) [133.48(133.11)/0.00(1.02)/98.23(98.23)]
Gen. 193 (96.50%): Max/Min/Avg Fitness(Raw) [133.52(133.15)/0.00(1.02)/98.20(98.20)]
Gen. 194 (97.00%): Max/Min/Avg Fitness(Raw) [133.51(133.15)/0.00(1.02)/98.90(98.90)]
Gen. 195 (97.50%): Max/Min/Avg Fitness(Raw) [133.56(133.21)/0.00(1.02)/99.04(99.04)]
Gen. 196 (98.00%): Max/Min/Avg Fitness(Raw) [133.58(133.22)/0.00(1.02)/98.78(98.78)]
Gen. 197 (98.50%): Max/Min/Avg Fitness(Raw) [133.60(133.23)/0.00(1.02)/98.38(98.38)]
Gen. 198 (99.00%): Max/Min/Avg Fitness(Raw) [133.59(133.23)/0.00(1.02)/98.94(98.94)]
Gen. 199 (99.50%): Max/Min/Avg Fitness(Raw) [133.67(133.30)/0.00(1.02)/98.29(98.29)]
Gen. 200 (100.00%): Max/Min/Avg Fitness(Raw) [133.69(133.33)/0.00(1.02)/99.26(99.26)]
Total time elapsed: 37558.896 seconds.
GA MSE : 0.043364
Best initial connection wetighs are set on Network
Setting FANN training parameters
Input layer                          :  70 neurons, 1 bias
  Hidden layer                       :  10 neurons, 1 bias
Output layer                         :   1 neurons
Total neurons and biases             :  83
Total connections                    : 721
Connection rate                      :   1.000
Network type                         :   FANN_NETTYPE_LAYER
Training algorithm                   :   FANN_TRAIN_RPROP
Training error function              :   FANN_ERRORFUNC_TANH
Training stop function               :   FANN_STOPFUNC_MSE
Bit fail limit                       :   0.350
Learning rate                        :   0.700
Learning momentum                    :   0.000
Quickprop decay                      :  -0.000100
Quickprop mu                         :   1.750
RPROP increase factor                :   1.001
RPROP decrease factor                :   0.333
RPROP delta min                      :   0.000
RPROP delta max                      :  50.000
Cascade output change fraction       :   0.010000
Cascade candidate change fraction    :   0.010000
Cascade output stagnation epochs     :  12
Cascade candidate stagnation epochs  :  12
Cascade max output epochs            : 150
Cascade max candidate epochs         : 150
Cascade weight multiplier            :   0.400
Cascade candidate limit              :1000.000
Cascade activation functions[0]      :   FANN_SIGMOID
Cascade activation functions[1]      :   FANN_SIGMOID_SYMMETRIC
Cascade activation functions[2]      :   FANN_GAUSSIAN
Cascade activation functions[3]      :   FANN_GAUSSIAN_SYMMETRIC
Cascade activation functions[4]      :   FANN_ELLIOT
Cascade activation functions[5]      :   FANN_ELLIOT_SYMMETRIC
Cascade activation functions[6]      :   FANN_SIN_SYMMETRIC
Cascade activation functions[7]      :   FANN_COS_SYMMETRIC
Cascade activation functions[8]      :   FANN_SIN
Cascade activation functions[9]      :   FANN_COS
Cascade activation steepnesses[0]    :   0.250
Cascade activation steepnesses[1]    :   0.500
Cascade activation steepnesses[2]    :   0.750
Cascade activation steepnesses[3]    :   1.000
Cascade candidate groups             :   2
Cascade no. of candidates            :  80
Start training network with 2-algorithm in FANN
Max epochs     8000. Desired error: 0.0010000000.
Epochs            1. Current error: 0.0075001512. Bit fail 143.
Epochs          100. Current error: 0.0078793643. Bit fail 154.
Epochs          200. Current error: 0.0077126077. Bit fail 149.
Epochs          300. Current error: 0.0076042619. Bit fail 150.
Epochs          400. Current error: 0.0075066867. Bit fail 148.
Epochs          500. Current error: 0.0074396357. Bit fail 148.
Epochs          600. Current error: 0.0073992829. Bit fail 149.
Epochs          700. Current error: 0.0073530301. Bit fail 148.
Epochs          800. Current error: 0.0073069618. Bit fail 148.
Epochs          900. Current error: 0.0072621335. Bit fail 147.
Epochs         1000. Current error: 0.0072083576. Bit fail 146.
Epochs         1100. Current error: 0.0071351812. Bit fail 148.
Epochs         1200. Current error: 0.0070744324. Bit fail 150.
Epochs         1300. Current error: 0.0069515910. Bit fail 147.
Epochs         1400. Current error: 0.0068936045. Bit fail 146.
Epochs         1500. Current error: 0.0068389843. Bit fail 144.
Epochs         1600. Current error: 0.0067968196. Bit fail 142.
Epochs         1700. Current error: 0.0067624850. Bit fail 139.
Epochs         1800. Current error: 0.0067363894. Bit fail 136.
Epochs         1900. Current error: 0.0066948729. Bit fail 134.
Epochs         2000. Current error: 0.0066233990. Bit fail 133.
Epochs         2100. Current error: 0.0065947524. Bit fail 132.
Epochs         2200. Current error: 0.0065636076. Bit fail 132.
Epochs         2300. Current error: 0.0065371683. Bit fail 131.
Epochs         2400. Current error: 0.0064937794. Bit fail 132.
Epochs         2500. Current error: 0.0064594597. Bit fail 132.
Epochs         2600. Current error: 0.0064282287. Bit fail 131.
Epochs         2700. Current error: 0.0064002820. Bit fail 132.
Epochs         2800. Current error: 0.0063714730. Bit fail 131.
Epochs         2900. Current error: 0.0063590067. Bit fail 129.
Epochs         3000. Current error: 0.0063451221. Bit fail 130.
Epochs         3100. Current error: 0.0063333926. Bit fail 131.
Epochs         3200. Current error: 0.0063180318. Bit fail 131.
Epochs         3300. Current error: 0.0063056699. Bit fail 129.
Epochs         3400. Current error: 0.0062587154. Bit fail 129.
Epochs         3500. Current error: 0.0062495056. Bit fail 127.
Epochs         3600. Current error: 0.0062319939. Bit fail 126.
Epochs         3700. Current error: 0.0062173330. Bit fail 124.
Epochs         3800. Current error: 0.0062000542. Bit fail 124.
Epochs         3900. Current error: 0.0061783027. Bit fail 123.
Epochs         4000. Current error: 0.0061537144. Bit fail 122.
Epochs         4100. Current error: 0.0061275181. Bit fail 119.
Epochs         4200. Current error: 0.0061114035. Bit fail 120.
Epochs         4300. Current error: 0.0060959640. Bit fail 119.
Epochs         4400. Current error: 0.0060812207. Bit fail 120.
Epochs         4500. Current error: 0.0060668387. Bit fail 118.
Epochs         4600. Current error: 0.0060489508. Bit fail 117.
Epochs         4700. Current error: 0.0060391426. Bit fail 117.
Epochs         4800. Current error: 0.0060253851. Bit fail 117.
Epochs         4900. Current error: 0.0060114707. Bit fail 117.
Epochs         5000. Current error: 0.0059960340. Bit fail 117.
Epochs         5100. Current error: 0.0059766830. Bit fail 117.
Epochs         5200. Current error: 0.0059634573. Bit fail 116.
Epochs         5300. Current error: 0.0059494260. Bit fail 116.
Epochs         5400. Current error: 0.0059363376. Bit fail 118.
Epochs         5500. Current error: 0.0059247180. Bit fail 118.
Epochs         5600. Current error: 0.0059165391. Bit fail 118.
Epochs         5700. Current error: 0.0059126681. Bit fail 117.
Epochs         5800. Current error: 0.0059009711. Bit fail 118.
Epochs         5900. Current error: 0.0058862674. Bit fail 117.
Epochs         6000. Current error: 0.0058559501. Bit fail 116.
Epochs         6100. Current error: 0.0057834517. Bit fail 118.
Epochs         6200. Current error: 0.0057288632. Bit fail 114.
Epochs         6300. Current error: 0.0056908554. Bit fail 115.
Epochs         6400. Current error: 0.0056597199. Bit fail 114.
Epochs         6500. Current error: 0.0056348937. Bit fail 114.
Epochs         6600. Current error: 0.0056116036. Bit fail 112.
Epochs         6700. Current error: 0.0055866367. Bit fail 109.
Epochs         6800. Current error: 0.0055681299. Bit fail 109.
Epochs         6900. Current error: 0.0055506513. Bit fail 106.
Epochs         7000. Current error: 0.0054711690. Bit fail 105.
Epochs         7100. Current error: 0.0054492783. Bit fail 104.
Epochs         7200. Current error: 0.0054366942. Bit fail 103.
Epochs         7300. Current error: 0.0054199276. Bit fail 102.
Epochs         7400. Current error: 0.0054093744. Bit fail 101.
Epochs         7500. Current error: 0.0053987559. Bit fail 102.
Epochs         7600. Current error: 0.0053812121. Bit fail 101.
Epochs         7700. Current error: 0.0053681401. Bit fail 101.
Epochs         7800. Current error: 0.0053630751. Bit fail 100.
Epochs         7900. Current error: 0.0053492961. Bit fail 100.
Epochs         8000. Current error: 0.0053427536. Bit fail 99.
Time elpased for FANN training: 448.437986 seconds
Trained Network by GA+FANN is saved in 
./ALL_S6_959126400_hveto_channels_signif_dt_set_2_training_n70n10n1_c10_mr04_p5000_g200_rmin-25_rmax25_gsigma1_y1001_z03333_f05g09_m8000.net.
Total Running Time: 38007.738847 seconds
