Creating network.
The layer structure is following:
[70, 15, 1]
Setting newtork parameters
Getting training data : ALL_S6_959126400_hveto_channels_signif_dt_set_2_training.pat
Setting GA training parameters
Start running GA
Gen. 0 (0.00%): Max/Min/Avg Fitness(Raw) [23.51(58.34)/17.71(1.02)/19.59(19.59)]
Gen. 1 (5.00%): Max/Min/Avg Fitness(Raw) [23.62(58.34)/17.79(1.02)/19.69(19.69)]
Gen. 2 (10.00%): Max/Min/Avg Fitness(Raw) [26.25(58.34)/19.37(1.02)/21.88(21.88)]
Gen. 3 (15.00%): Max/Min/Avg Fitness(Raw) [25.06(58.34)/18.67(1.02)/20.88(20.88)]
Gen. 4 (20.00%): Max/Min/Avg Fitness(Raw) [24.00(58.34)/18.02(1.02)/20.00(20.00)]
Gen. 5 (25.00%): Max/Min/Avg Fitness(Raw) [24.82(58.34)/18.52(1.02)/20.68(20.68)]
Gen. 6 (30.00%): Max/Min/Avg Fitness(Raw) [24.33(58.34)/18.22(1.02)/20.27(20.27)]
Gen. 7 (35.00%): Max/Min/Avg Fitness(Raw) [25.98(58.34)/19.22(1.02)/21.65(21.65)]
Gen. 8 (40.00%): Max/Min/Avg Fitness(Raw) [24.88(58.34)/18.56(1.02)/20.73(20.73)]
Gen. 9 (45.00%): Max/Min/Avg Fitness(Raw) [26.54(58.34)/19.54(1.02)/22.11(22.11)]
Gen. 10 (50.00%): Max/Min/Avg Fitness(Raw) [24.57(58.34)/18.37(1.02)/20.47(20.47)]
Gen. 11 (55.00%): Max/Min/Avg Fitness(Raw) [24.87(58.34)/18.55(1.02)/20.72(20.72)]
Gen. 12 (60.00%): Max/Min/Avg Fitness(Raw) [25.29(58.34)/18.81(1.02)/21.08(21.08)]
Gen. 13 (65.00%): Max/Min/Avg Fitness(Raw) [23.96(58.34)/17.99(1.02)/19.96(19.96)]
Gen. 14 (70.00%): Max/Min/Avg Fitness(Raw) [25.29(58.34)/18.81(1.02)/21.08(21.08)]
Gen. 15 (75.00%): Max/Min/Avg Fitness(Raw) [27.16(58.34)/19.89(1.02)/22.63(22.63)]
Gen. 16 (80.00%): Max/Min/Avg Fitness(Raw) [25.96(58.34)/19.21(1.02)/21.64(21.64)]
Gen. 17 (85.00%): Max/Min/Avg Fitness(Raw) [24.50(58.34)/18.33(1.02)/20.42(20.42)]
Gen. 18 (90.00%): Max/Min/Avg Fitness(Raw) [25.73(58.34)/19.07(1.02)/21.44(21.44)]
Gen. 19 (95.00%): Max/Min/Avg Fitness(Raw) [25.29(58.34)/18.81(1.02)/21.08(21.08)]
Gen. 20 (100.00%): Max/Min/Avg Fitness(Raw) [24.67(58.34)/18.43(1.02)/20.56(20.56)]
Total time elapsed: 873.767 seconds.
GA MSE : 0.022525
Best initial connection wetighs are set on Network
Setting FANN training parameters
Input layer                          :  70 neurons, 1 bias
  Hidden layer                       :  15 neurons, 1 bias
Output layer                         :   1 neurons
Total neurons and biases             :  88
Total connections                    :1081
Connection rate                      :   1.000
Network type                         :   FANN_NETTYPE_LAYER
Training algorithm                   :   FANN_TRAIN_RPROP
Training error function              :   FANN_ERRORFUNC_TANH
Training stop function               :   FANN_STOPFUNC_MSE
Bit fail limit                       :   0.350
Learning rate                        :   0.700
Learning momentum                    :   0.000
Quickprop decay                      :  -0.000100
Quickprop mu                         :   1.750
RPROP increase factor                :   1.001
RPROP decrease factor                :   0.500
RPROP delta min                      :   0.000
RPROP delta max                      :  50.000
Cascade output change fraction       :   0.010000
Cascade candidate change fraction    :   0.010000
Cascade output stagnation epochs     :  12
Cascade candidate stagnation epochs  :  12
Cascade max output epochs            : 150
Cascade max candidate epochs         : 150
Cascade weight multiplier            :   0.400
Cascade candidate limit              :1000.000
Cascade activation functions[0]      :   FANN_SIGMOID
Cascade activation functions[1]      :   FANN_SIGMOID_SYMMETRIC
Cascade activation functions[2]      :   FANN_GAUSSIAN
Cascade activation functions[3]      :   FANN_GAUSSIAN_SYMMETRIC
Cascade activation functions[4]      :   FANN_ELLIOT
Cascade activation functions[5]      :   FANN_ELLIOT_SYMMETRIC
Cascade activation functions[6]      :   FANN_SIN_SYMMETRIC
Cascade activation functions[7]      :   FANN_COS_SYMMETRIC
Cascade activation functions[8]      :   FANN_SIN
Cascade activation functions[9]      :   FANN_COS
Cascade activation steepnesses[0]    :   0.250
Cascade activation steepnesses[1]    :   0.500
Cascade activation steepnesses[2]    :   0.750
Cascade activation steepnesses[3]    :   1.000
Cascade candidate groups             :   2
Cascade no. of candidates            :  80
Start training network with 2-algorithm in FANN
Max epochs     8000. Desired error: 0.0010000000.
Epochs            1. Current error: 0.0171414148. Bit fail 321.
Epochs          100. Current error: 0.0140035851. Bit fail 268.
Epochs          200. Current error: 0.0131534543. Bit fail 243.
Epochs          300. Current error: 0.0125453304. Bit fail 242.
Epochs          400. Current error: 0.0120989336. Bit fail 228.
Epochs          500. Current error: 0.0117471516. Bit fail 220.
Epochs          600. Current error: 0.0113159288. Bit fail 215.
Epochs          700. Current error: 0.0110193305. Bit fail 204.
Epochs          800. Current error: 0.0107842190. Bit fail 201.
Epochs          900. Current error: 0.0105059054. Bit fail 198.
Epochs         1000. Current error: 0.0103546204. Bit fail 193.
Epochs         1100. Current error: 0.0102240173. Bit fail 191.
Epochs         1200. Current error: 0.0100698192. Bit fail 190.
Epochs         1300. Current error: 0.0099093020. Bit fail 187.
Epochs         1400. Current error: 0.0097569693. Bit fail 184.
Epochs         1500. Current error: 0.0096698292. Bit fail 179.
Epochs         1600. Current error: 0.0094745895. Bit fail 183.
Epochs         1700. Current error: 0.0091695851. Bit fail 175.
Epochs         1800. Current error: 0.0090174014. Bit fail 171.
Epochs         1900. Current error: 0.0088526448. Bit fail 167.
Epochs         2000. Current error: 0.0087442491. Bit fail 165.
Epochs         2100. Current error: 0.0086619202. Bit fail 162.
Epochs         2200. Current error: 0.0085970303. Bit fail 158.
Epochs         2300. Current error: 0.0085388832. Bit fail 159.
Epochs         2400. Current error: 0.0084803924. Bit fail 157.
Epochs         2500. Current error: 0.0084135374. Bit fail 159.
Epochs         2600. Current error: 0.0083711017. Bit fail 158.
Epochs         2700. Current error: 0.0083478186. Bit fail 158.
Epochs         2800. Current error: 0.0082979109. Bit fail 155.
Epochs         2900. Current error: 0.0082740933. Bit fail 153.
Epochs         3000. Current error: 0.0082609300. Bit fail 154.
Epochs         3100. Current error: 0.0082523851. Bit fail 154.
Epochs         3200. Current error: 0.0082360609. Bit fail 154.
Epochs         3300. Current error: 0.0082205459. Bit fail 152.
Epochs         3400. Current error: 0.0082135228. Bit fail 155.
Epochs         3500. Current error: 0.0081808604. Bit fail 156.
Epochs         3600. Current error: 0.0081387265. Bit fail 154.
Epochs         3700. Current error: 0.0081225336. Bit fail 155.
Epochs         3800. Current error: 0.0081095565. Bit fail 157.
Epochs         3900. Current error: 0.0080945445. Bit fail 157.
Epochs         4000. Current error: 0.0080647878. Bit fail 156.
Epochs         4100. Current error: 0.0080196904. Bit fail 153.
Epochs         4200. Current error: 0.0079897400. Bit fail 152.
Epochs         4300. Current error: 0.0079673864. Bit fail 154.
Epochs         4400. Current error: 0.0079453168. Bit fail 153.
Epochs         4500. Current error: 0.0079172254. Bit fail 153.
Epochs         4600. Current error: 0.0079104491. Bit fail 154.
Epochs         4700. Current error: 0.0078848554. Bit fail 151.
Epochs         4800. Current error: 0.0078670513. Bit fail 152.
Epochs         4900. Current error: 0.0078479461. Bit fail 151.
Epochs         5000. Current error: 0.0078322617. Bit fail 150.
Epochs         5100. Current error: 0.0078137098. Bit fail 151.
Epochs         5200. Current error: 0.0077988273. Bit fail 151.
Epochs         5300. Current error: 0.0077813505. Bit fail 152.
Epochs         5400. Current error: 0.0077652894. Bit fail 152.
Epochs         5500. Current error: 0.0077509643. Bit fail 151.
Epochs         5600. Current error: 0.0077315471. Bit fail 149.
Epochs         5700. Current error: 0.0076918211. Bit fail 149.
Epochs         5800. Current error: 0.0076531959. Bit fail 150.
Epochs         5900. Current error: 0.0076412954. Bit fail 149.
Epochs         6000. Current error: 0.0076281349. Bit fail 149.
Epochs         6100. Current error: 0.0076146307. Bit fail 148.
Epochs         6200. Current error: 0.0075926576. Bit fail 146.
Epochs         6300. Current error: 0.0075771362. Bit fail 146.
Epochs         6400. Current error: 0.0075622699. Bit fail 144.
Epochs         6500. Current error: 0.0075440770. Bit fail 142.
Epochs         6600. Current error: 0.0075337184. Bit fail 142.
Epochs         6700. Current error: 0.0075096278. Bit fail 143.
Epochs         6800. Current error: 0.0074973158. Bit fail 141.
Epochs         6900. Current error: 0.0074798055. Bit fail 140.
Epochs         7000. Current error: 0.0074680406. Bit fail 139.
Epochs         7100. Current error: 0.0074508013. Bit fail 138.
Epochs         7200. Current error: 0.0074338219. Bit fail 140.
Epochs         7300. Current error: 0.0074217231. Bit fail 141.
Epochs         7400. Current error: 0.0074137701. Bit fail 140.
Epochs         7500. Current error: 0.0073948936. Bit fail 141.
Epochs         7600. Current error: 0.0073811221. Bit fail 139.
Epochs         7700. Current error: 0.0073694666. Bit fail 138.
Epochs         7800. Current error: 0.0073486851. Bit fail 137.
Epochs         7900. Current error: 0.0073337029. Bit fail 136.
Epochs         8000. Current error: 0.0073295394. Bit fail 137.
Time elpased for FANN training: 658.407807 seconds
Trained Network by GA+FANN is saved in 
./ALL_S6_959126400_hveto_channels_signif_dt_set_2_training_n70n15n1_c10_mr10_p500_g20_rmin-25_rmax25_gsigma50_y1001_z05_f05g09_m8000.net.
Total Running Time: 1532.582832 seconds
