Creating network.
The layer structure is following:
[70, 30, 1]
Setting newtork parameters
Getting training data : ALL_S6_959126400_hveto_channels_signif_dt_set_5_training.pat
Setting GA training parameters
Start running GA
Gen. 0 (0.00%): Max/Min/Avg Fitness(Raw) [25.07(63.03)/18.92(1.02)/20.89(20.89)]
Gen. 1 (0.50%): Max/Min/Avg Fitness(Raw) [69.42(69.07)/0.00(1.45)/55.73(55.73)]
Gen. 2 (1.00%): Max/Min/Avg Fitness(Raw) [73.92(72.47)/0.00(8.84)/63.51(63.51)]
Gen. 3 (1.50%): Max/Min/Avg Fitness(Raw) [76.99(75.66)/0.00(9.37)/67.44(67.44)]
Gen. 4 (2.00%): Max/Min/Avg Fitness(Raw) [78.71(78.44)/0.00(2.19)/69.99(69.99)]
Gen. 5 (2.50%): Max/Min/Avg Fitness(Raw) [80.07(79.87)/0.00(1.41)/70.08(70.08)]
Gen. 6 (3.00%): Max/Min/Avg Fitness(Raw) [81.09(80.50)/0.00(4.57)/71.85(71.85)]
Gen. 7 (3.50%): Max/Min/Avg Fitness(Raw) [83.24(81.88)/0.00(8.96)/72.25(72.25)]
Gen. 8 (4.00%): Max/Min/Avg Fitness(Raw) [84.30(82.88)/0.00(9.95)/73.75(73.75)]
Gen. 9 (4.50%): Max/Min/Avg Fitness(Raw) [84.78(83.61)/0.00(8.30)/74.34(74.34)]
Gen. 10 (5.00%): Max/Min/Avg Fitness(Raw) [85.41(84.27)/0.00(7.98)/74.80(74.80)]
Gen. 11 (5.50%): Max/Min/Avg Fitness(Raw) [87.12(84.91)/0.00(14.89)/75.87(75.87)]
Gen. 12 (6.00%): Max/Min/Avg Fitness(Raw) [87.12(85.58)/0.00(9.93)/75.38(75.38)]
Gen. 13 (6.50%): Max/Min/Avg Fitness(Raw) [87.13(86.00)/0.00(7.90)/76.23(76.23)]
Gen. 14 (7.00%): Max/Min/Avg Fitness(Raw) [88.09(86.86)/0.00(8.15)/76.49(76.49)]
Gen. 15 (7.50%): Max/Min/Avg Fitness(Raw) [88.88(87.86)/0.00(6.79)/77.21(77.21)]
Gen. 16 (8.00%): Max/Min/Avg Fitness(Raw) [88.76(88.59)/0.00(1.12)/77.30(77.30)]
Gen. 17 (8.50%): Max/Min/Avg Fitness(Raw) [89.10(88.87)/0.00(1.63)/78.17(78.17)]
Gen. 18 (9.00%): Max/Min/Avg Fitness(Raw) [90.65(89.52)/0.00(7.18)/78.25(78.25)]
Gen. 19 (9.50%): Max/Min/Avg Fitness(Raw) [90.19(90.02)/0.00(1.10)/78.18(78.18)]
Gen. 20 (10.00%): Max/Min/Avg Fitness(Raw) [90.70(90.25)/0.00(3.14)/79.29(79.29)]
Gen. 21 (10.50%): Max/Min/Avg Fitness(Raw) [91.89(90.55)/0.00(8.58)/79.53(79.53)]
Gen. 22 (11.00%): Max/Min/Avg Fitness(Raw) [92.93(90.59)/0.00(13.61)/79.26(79.26)]
Gen. 23 (11.50%): Max/Min/Avg Fitness(Raw) [92.40(91.21)/0.00(6.76)/78.62(78.62)]
Gen. 24 (12.00%): Max/Min/Avg Fitness(Raw) [92.63(91.42)/0.00(7.08)/79.12(79.12)]
Gen. 25 (12.50%): Max/Min/Avg Fitness(Raw) [93.09(91.69)/0.00(7.84)/79.05(79.05)]
Gen. 26 (13.00%): Max/Min/Avg Fitness(Raw) [92.11(91.91)/0.00(1.17)/79.19(79.19)]
Gen. 27 (13.50%): Max/Min/Avg Fitness(Raw) [93.78(92.33)/0.00(8.91)/80.62(80.62)]
Gen. 28 (14.00%): Max/Min/Avg Fitness(Raw) [94.48(92.66)/0.00(10.37)/80.33(80.33)]
Gen. 29 (14.50%): Max/Min/Avg Fitness(Raw) [93.17(93.01)/0.00(1.06)/80.57(80.57)]
Gen. 30 (15.00%): Max/Min/Avg Fitness(Raw) [95.20(93.34)/0.00(10.87)/81.31(81.31)]
Gen. 31 (15.50%): Max/Min/Avg Fitness(Raw) [93.97(93.80)/0.00(1.12)/81.33(81.33)]
Gen. 32 (16.00%): Max/Min/Avg Fitness(Raw) [94.53(93.95)/0.00(3.48)/81.13(81.13)]
Gen. 33 (16.50%): Max/Min/Avg Fitness(Raw) [95.44(94.31)/0.00(6.51)/81.24(81.24)]
Gen. 34 (17.00%): Max/Min/Avg Fitness(Raw) [94.90(94.66)/0.00(1.52)/81.76(81.76)]
Gen. 35 (17.50%): Max/Min/Avg Fitness(Raw) [95.44(95.04)/0.00(2.41)/81.83(81.83)]
Gen. 36 (18.00%): Max/Min/Avg Fitness(Raw) [96.65(95.28)/0.00(7.94)/82.48(82.48)]
Gen. 37 (18.50%): Max/Min/Avg Fitness(Raw) [97.42(95.72)/0.00(9.74)/82.97(82.97)]
Gen. 38 (19.00%): Max/Min/Avg Fitness(Raw) [97.49(96.10)/0.00(7.52)/82.27(82.27)]
Gen. 39 (19.50%): Max/Min/Avg Fitness(Raw) [97.30(97.07)/0.00(1.36)/83.21(83.21)]
Gen. 40 (20.00%): Max/Min/Avg Fitness(Raw) [99.43(97.51)/0.00(9.51)/82.71(82.71)]
Gen. 41 (20.50%): Max/Min/Avg Fitness(Raw) [99.99(98.30)/0.00(8.07)/82.71(82.71)]
Gen. 42 (21.00%): Max/Min/Avg Fitness(Raw) [100.88(98.51)/0.00(11.55)/83.69(83.69)]
Gen. 43 (21.50%): Max/Min/Avg Fitness(Raw) [100.40(98.86)/0.00(8.03)/84.24(84.24)]
Gen. 44 (22.00%): Max/Min/Avg Fitness(Raw) [100.87(99.34)/0.00(7.57)/83.89(83.89)]
Gen. 45 (22.50%): Max/Min/Avg Fitness(Raw) [100.40(99.79)/0.00(3.17)/84.23(84.23)]
Gen. 46 (23.00%): Max/Min/Avg Fitness(Raw) [101.70(99.93)/0.00(8.37)/84.00(84.00)]
Gen. 47 (23.50%): Max/Min/Avg Fitness(Raw) [102.74(100.20)/0.00(11.62)/84.28(84.28)]
Gen. 48 (24.00%): Max/Min/Avg Fitness(Raw) [103.09(100.20)/0.00(12.89)/84.22(84.22)]
Gen. 49 (24.50%): Max/Min/Avg Fitness(Raw) [100.44(100.24)/0.00(1.04)/84.51(84.51)]
Gen. 50 (25.00%): Max/Min/Avg Fitness(Raw) [102.32(100.71)/0.00(7.48)/84.18(84.18)]
Gen. 51 (25.50%): Max/Min/Avg Fitness(Raw) [102.74(100.71)/0.00(9.59)/84.80(84.80)]
Gen. 52 (26.00%): Max/Min/Avg Fitness(Raw) [103.18(100.71)/0.00(11.75)/85.24(85.24)]
Gen. 53 (26.50%): Max/Min/Avg Fitness(Raw) [101.84(100.71)/0.00(5.81)/85.25(85.25)]
Gen. 54 (27.00%): Max/Min/Avg Fitness(Raw) [101.21(100.80)/0.00(2.18)/85.09(85.09)]
Gen. 55 (27.50%): Max/Min/Avg Fitness(Raw) [103.55(100.80)/0.00(13.08)/85.54(85.54)]
Gen. 56 (28.00%): Max/Min/Avg Fitness(Raw) [103.10(100.80)/0.00(11.18)/85.48(85.48)]
Gen. 57 (28.50%): Max/Min/Avg Fitness(Raw) [102.86(100.99)/0.00(9.18)/85.49(85.49)]
Gen. 58 (29.00%): Max/Min/Avg Fitness(Raw) [102.80(100.99)/0.00(8.76)/85.24(85.24)]
Gen. 59 (29.50%): Max/Min/Avg Fitness(Raw) [101.26(101.07)/0.00(1.06)/85.28(85.28)]
Gen. 60 (30.00%): Max/Min/Avg Fitness(Raw) [103.44(101.07)/0.00(11.69)/86.00(86.00)]
Gen. 61 (30.50%): Max/Min/Avg Fitness(Raw) [103.06(101.10)/0.00(9.70)/85.73(85.73)]
Gen. 62 (31.00%): Max/Min/Avg Fitness(Raw) [101.52(101.15)/0.00(2.05)/85.89(85.89)]
Gen. 63 (31.50%): Max/Min/Avg Fitness(Raw) [103.89(101.15)/0.00(12.99)/85.80(85.80)]
Gen. 64 (32.00%): Max/Min/Avg Fitness(Raw) [102.99(101.29)/0.00(8.70)/86.16(86.16)]
Gen. 65 (32.50%): Max/Min/Avg Fitness(Raw) [103.81(101.47)/0.00(11.05)/85.68(85.68)]
Gen. 66 (33.00%): Max/Min/Avg Fitness(Raw) [103.18(101.47)/0.00(8.15)/85.25(85.25)]
Gen. 67 (33.50%): Max/Min/Avg Fitness(Raw) [103.27(101.51)/0.00(8.35)/85.29(85.29)]
Gen. 68 (34.00%): Max/Min/Avg Fitness(Raw) [104.05(101.51)/0.00(11.63)/85.39(85.39)]
Gen. 69 (34.50%): Max/Min/Avg Fitness(Raw) [102.94(101.58)/0.00(6.55)/85.22(85.22)]
Gen. 70 (35.00%): Max/Min/Avg Fitness(Raw) [104.00(101.58)/0.00(11.19)/85.51(85.51)]
Gen. 71 (35.50%): Max/Min/Avg Fitness(Raw) [101.92(101.62)/0.00(1.54)/85.42(85.42)]
Gen. 72 (36.00%): Max/Min/Avg Fitness(Raw) [104.14(101.62)/0.00(11.58)/85.51(85.51)]
Gen. 73 (36.50%): Max/Min/Avg Fitness(Raw) [103.00(101.68)/0.00(6.33)/85.22(85.22)]
Gen. 74 (37.00%): Max/Min/Avg Fitness(Raw) [103.23(101.78)/0.00(6.90)/85.34(85.34)]
Gen. 75 (37.50%): Max/Min/Avg Fitness(Raw) [103.83(102.18)/0.00(7.54)/85.18(85.18)]
Gen. 76 (38.00%): Max/Min/Avg Fitness(Raw) [104.90(102.18)/0.00(12.15)/85.72(85.72)]
Gen. 77 (38.50%): Max/Min/Avg Fitness(Raw) [102.94(102.72)/0.00(1.08)/85.33(85.33)]
Gen. 78 (39.00%): Max/Min/Avg Fitness(Raw) [104.25(102.74)/0.00(6.94)/85.58(85.58)]
Gen. 79 (39.50%): Max/Min/Avg Fitness(Raw) [103.06(102.84)/0.00(1.10)/85.89(85.89)]
Gen. 80 (40.00%): Max/Min/Avg Fitness(Raw) [103.08(102.88)/0.00(1.05)/86.33(86.33)]
Gen. 81 (40.50%): Max/Min/Avg Fitness(Raw) [105.99(102.88)/0.00(14.16)/86.90(86.90)]
Gen. 82 (41.00%): Max/Min/Avg Fitness(Raw) [104.26(103.02)/0.00(6.28)/87.05(87.05)]
Gen. 83 (41.50%): Max/Min/Avg Fitness(Raw) [105.23(103.09)/0.00(10.15)/86.87(86.87)]
Gen. 84 (42.00%): Max/Min/Avg Fitness(Raw) [104.25(103.36)/0.00(4.42)/86.73(86.73)]
Gen. 85 (42.50%): Max/Min/Avg Fitness(Raw) [105.95(103.36)/0.00(11.77)/86.85(86.85)]
Gen. 86 (43.00%): Max/Min/Avg Fitness(Raw) [105.81(103.51)/0.00(10.51)/86.79(86.79)]
Gen. 87 (43.50%): Max/Min/Avg Fitness(Raw) [106.17(103.51)/0.00(11.83)/86.70(86.70)]
Gen. 88 (44.00%): Max/Min/Avg Fitness(Raw) [104.03(103.80)/0.00(1.17)/86.63(86.63)]
Gen. 89 (44.50%): Max/Min/Avg Fitness(Raw) [104.62(103.96)/0.00(3.23)/86.85(86.85)]
Gen. 90 (45.00%): Max/Min/Avg Fitness(Raw) [106.27(103.96)/0.00(10.61)/87.23(87.23)]
Gen. 91 (45.50%): Max/Min/Avg Fitness(Raw) [106.45(104.04)/0.00(10.60)/86.75(86.75)]
Gen. 92 (46.00%): Max/Min/Avg Fitness(Raw) [105.78(104.04)/0.00(7.94)/86.78(86.78)]
Gen. 93 (46.50%): Max/Min/Avg Fitness(Raw) [105.69(104.04)/0.00(7.85)/87.30(87.30)]
Gen. 94 (47.00%): Max/Min/Avg Fitness(Raw) [106.01(104.04)/0.00(8.90)/86.80(86.80)]
Gen. 95 (47.50%): Max/Min/Avg Fitness(Raw) [104.30(104.04)/0.00(1.34)/87.33(87.33)]
Gen. 96 (48.00%): Max/Min/Avg Fitness(Raw) [106.19(104.08)/0.00(9.60)/87.04(87.04)]
Gen. 97 (48.50%): Max/Min/Avg Fitness(Raw) [105.80(104.08)/0.00(8.08)/87.19(87.19)]
Gen. 98 (49.00%): Max/Min/Avg Fitness(Raw) [105.84(104.08)/0.00(8.41)/87.49(87.49)]
Gen. 99 (49.50%): Max/Min/Avg Fitness(Raw) [105.85(104.08)/0.00(8.49)/87.54(87.54)]
Gen. 100 (50.00%): Max/Min/Avg Fitness(Raw) [105.82(104.08)/0.00(8.23)/87.28(87.28)]
Gen. 101 (50.50%): Max/Min/Avg Fitness(Raw) [105.74(104.08)/0.00(7.99)/87.54(87.54)]
Gen. 102 (51.00%): Max/Min/Avg Fitness(Raw) [105.71(104.08)/0.00(7.79)/87.36(87.36)]
Gen. 103 (51.50%): Max/Min/Avg Fitness(Raw) [107.70(104.08)/0.00(15.50)/87.31(87.31)]
Gen. 104 (52.00%): Max/Min/Avg Fitness(Raw) [105.63(104.08)/0.00(7.48)/87.52(87.52)]
Gen. 105 (52.50%): Max/Min/Avg Fitness(Raw) [106.30(104.08)/0.00(10.31)/87.46(87.46)]
Gen. 106 (53.00%): Max/Min/Avg Fitness(Raw) [104.49(104.17)/0.00(1.64)/87.58(87.58)]
Gen. 107 (53.50%): Max/Min/Avg Fitness(Raw) [105.98(104.17)/0.00(8.46)/87.34(87.34)]
Gen. 108 (54.00%): Max/Min/Avg Fitness(Raw) [105.70(104.17)/0.00(7.36)/87.55(87.55)]
Gen. 109 (54.50%): Max/Min/Avg Fitness(Raw) [106.49(104.17)/0.00(10.55)/87.32(87.32)]
Gen. 110 (55.00%): Max/Min/Avg Fitness(Raw) [104.40(104.18)/0.00(1.14)/87.37(87.37)]
Gen. 111 (55.50%): Max/Min/Avg Fitness(Raw) [105.86(104.18)/0.00(7.93)/87.36(87.36)]
Gen. 112 (56.00%): Max/Min/Avg Fitness(Raw) [106.50(104.18)/0.00(10.55)/87.29(87.29)]
Gen. 113 (56.50%): Max/Min/Avg Fitness(Raw) [105.87(104.18)/0.00(7.92)/87.22(87.22)]
Gen. 114 (57.00%): Max/Min/Avg Fitness(Raw) [106.04(104.18)/0.00(8.76)/87.51(87.51)]
Gen. 115 (57.50%): Max/Min/Avg Fitness(Raw) [104.41(104.18)/0.00(1.18)/87.36(87.36)]
Gen. 116 (58.00%): Max/Min/Avg Fitness(Raw) [106.80(104.18)/0.00(11.78)/87.37(87.37)]
Gen. 117 (58.50%): Max/Min/Avg Fitness(Raw) [105.88(104.21)/0.00(7.82)/87.22(87.22)]
Gen. 118 (59.00%): Max/Min/Avg Fitness(Raw) [106.62(104.21)/0.00(10.96)/87.36(87.36)]
Gen. 119 (59.50%): Max/Min/Avg Fitness(Raw) [106.10(104.21)/0.00(8.75)/87.20(87.20)]
Gen. 120 (60.00%): Max/Min/Avg Fitness(Raw) [107.12(104.21)/0.00(12.79)/87.25(87.25)]
Gen. 121 (60.50%): Max/Min/Avg Fitness(Raw) [106.45(104.21)/0.00(10.26)/87.33(87.33)]
Gen. 122 (61.00%): Max/Min/Avg Fitness(Raw) [106.15(104.21)/0.00(9.03)/87.37(87.37)]
Gen. 123 (61.50%): Max/Min/Avg Fitness(Raw) [107.54(104.21)/0.00(14.50)/87.44(87.44)]
Gen. 124 (62.00%): Max/Min/Avg Fitness(Raw) [107.09(104.21)/0.00(12.77)/87.34(87.34)]
Gen. 125 (62.50%): Max/Min/Avg Fitness(Raw) [107.25(104.21)/0.00(13.24)/87.18(87.18)]
Gen. 126 (63.00%): Max/Min/Avg Fitness(Raw) [105.68(104.21)/0.00(7.11)/87.59(87.59)]
Gen. 127 (63.50%): Max/Min/Avg Fitness(Raw) [106.88(104.21)/0.00(12.00)/87.43(87.43)]
Gen. 128 (64.00%): Max/Min/Avg Fitness(Raw) [105.88(104.21)/0.00(7.83)/87.29(87.29)]
Gen. 129 (64.50%): Max/Min/Avg Fitness(Raw) [107.00(104.21)/0.00(12.39)/87.32(87.32)]
Gen. 130 (65.00%): Max/Min/Avg Fitness(Raw) [106.58(104.21)/0.00(10.66)/87.17(87.17)]
Gen. 131 (65.50%): Max/Min/Avg Fitness(Raw) [105.84(104.21)/0.00(7.67)/87.35(87.35)]
Gen. 132 (66.00%): Max/Min/Avg Fitness(Raw) [104.87(104.21)/0.00(3.26)/87.32(87.32)]
Gen. 133 (66.50%): Max/Min/Avg Fitness(Raw) [106.15(104.21)/0.00(9.00)/87.33(87.33)]
Gen. 134 (67.00%): Max/Min/Avg Fitness(Raw) [106.03(104.21)/0.00(8.52)/87.36(87.36)]
Gen. 135 (67.50%): Max/Min/Avg Fitness(Raw) [105.81(104.24)/0.00(7.42)/87.39(87.39)]
Gen. 136 (68.00%): Max/Min/Avg Fitness(Raw) [104.51(104.24)/0.00(1.40)/87.59(87.59)]
Gen. 137 (68.50%): Max/Min/Avg Fitness(Raw) [105.58(104.24)/0.00(6.40)/87.28(87.28)]
Gen. 138 (69.00%): Max/Min/Avg Fitness(Raw) [106.12(104.24)/0.00(8.70)/87.32(87.32)]
Gen. 139 (69.50%): Max/Min/Avg Fitness(Raw) [106.28(104.24)/0.00(9.39)/87.36(87.36)]
Gen. 140 (70.00%): Max/Min/Avg Fitness(Raw) [105.94(104.24)/0.00(8.03)/87.46(87.46)]
Gen. 141 (70.50%): Max/Min/Avg Fitness(Raw) [107.31(104.24)/0.00(13.37)/87.30(87.30)]
Gen. 142 (71.00%): Max/Min/Avg Fitness(Raw) [106.24(104.24)/0.00(9.27)/87.44(87.44)]
Gen. 143 (71.50%): Max/Min/Avg Fitness(Raw) [105.67(104.24)/0.00(6.80)/87.36(87.36)]
Gen. 144 (72.00%): Max/Min/Avg Fitness(Raw) [106.89(104.24)/0.00(11.99)/87.55(87.55)]
Gen. 145 (72.50%): Max/Min/Avg Fitness(Raw) [104.46(104.24)/0.00(1.12)/87.22(87.22)]
Gen. 146 (73.00%): Max/Min/Avg Fitness(Raw) [105.73(104.24)/0.00(7.23)/87.70(87.70)]
Gen. 147 (73.50%): Max/Min/Avg Fitness(Raw) [105.54(104.24)/0.00(6.22)/87.30(87.30)]
Gen. 148 (74.00%): Max/Min/Avg Fitness(Raw) [106.32(104.24)/0.00(9.61)/87.45(87.45)]
Gen. 149 (74.50%): Max/Min/Avg Fitness(Raw) [106.31(104.24)/0.00(9.59)/87.44(87.44)]
Gen. 150 (75.00%): Max/Min/Avg Fitness(Raw) [107.63(104.24)/0.00(15.02)/87.83(87.83)]
Gen. 151 (75.50%): Max/Min/Avg Fitness(Raw) [107.32(104.24)/0.00(13.56)/87.47(87.47)]
Gen. 152 (76.00%): Max/Min/Avg Fitness(Raw) [105.15(104.24)/0.00(4.47)/87.44(87.44)]
Gen. 153 (76.50%): Max/Min/Avg Fitness(Raw) [106.89(104.30)/0.00(11.71)/87.51(87.51)]
Gen. 154 (77.00%): Max/Min/Avg Fitness(Raw) [106.55(104.30)/0.00(10.37)/87.55(87.55)]
Gen. 155 (77.50%): Max/Min/Avg Fitness(Raw) [106.48(104.30)/0.00(10.02)/87.47(87.47)]
Gen. 156 (78.00%): Max/Min/Avg Fitness(Raw) [106.47(104.33)/0.00(9.75)/87.28(87.28)]
Gen. 157 (78.50%): Max/Min/Avg Fitness(Raw) [105.42(104.33)/0.00(5.35)/87.60(87.60)]
Gen. 158 (79.00%): Max/Min/Avg Fitness(Raw) [106.76(104.33)/0.00(11.04)/87.51(87.51)]
Gen. 159 (79.50%): Max/Min/Avg Fitness(Raw) [106.34(104.33)/0.00(9.53)/87.78(87.78)]
Gen. 160 (80.00%): Max/Min/Avg Fitness(Raw) [106.57(104.33)/0.00(10.41)/87.71(87.71)]
Gen. 161 (80.50%): Max/Min/Avg Fitness(Raw) [105.68(104.39)/0.00(6.25)/87.69(87.69)]
Gen. 162 (81.00%): Max/Min/Avg Fitness(Raw) [106.66(104.39)/0.00(10.64)/87.94(87.94)]
Gen. 163 (81.50%): Max/Min/Avg Fitness(Raw) [106.85(104.39)/0.00(11.26)/87.70(87.70)]
Gen. 164 (82.00%): Max/Min/Avg Fitness(Raw) [106.31(104.39)/0.00(9.13)/87.86(87.86)]
Gen. 165 (82.50%): Max/Min/Avg Fitness(Raw) [106.84(104.39)/0.00(11.29)/87.84(87.84)]
Gen. 166 (83.00%): Max/Min/Avg Fitness(Raw) [105.54(104.39)/0.00(5.61)/87.64(87.64)]
Gen. 167 (83.50%): Max/Min/Avg Fitness(Raw) [106.61(104.39)/0.00(10.16)/87.52(87.52)]
Gen. 168 (84.00%): Max/Min/Avg Fitness(Raw) [106.62(104.39)/0.00(10.13)/87.43(87.43)]
Gen. 169 (84.50%): Max/Min/Avg Fitness(Raw) [107.59(104.39)/0.00(14.18)/87.79(87.79)]
Gen. 170 (85.00%): Max/Min/Avg Fitness(Raw) [105.56(104.41)/0.00(5.67)/87.70(87.70)]
Gen. 171 (85.50%): Max/Min/Avg Fitness(Raw) [106.04(104.41)/0.00(7.76)/87.56(87.56)]
Gen. 172 (86.00%): Max/Min/Avg Fitness(Raw) [106.38(104.41)/0.00(9.23)/87.63(87.63)]
Gen. 173 (86.50%): Max/Min/Avg Fitness(Raw) [104.64(104.41)/0.00(1.21)/87.65(87.65)]
Gen. 174 (87.00%): Max/Min/Avg Fitness(Raw) [107.09(104.41)/0.00(11.94)/87.42(87.42)]
Gen. 175 (87.50%): Max/Min/Avg Fitness(Raw) [104.71(104.41)/0.00(1.56)/87.78(87.78)]
Gen. 176 (88.00%): Max/Min/Avg Fitness(Raw) [106.62(104.41)/0.00(10.32)/87.80(87.80)]
Gen. 177 (88.50%): Max/Min/Avg Fitness(Raw) [106.30(104.41)/0.00(9.09)/87.98(87.98)]
Gen. 178 (89.00%): Max/Min/Avg Fitness(Raw) [104.93(104.42)/0.00(2.68)/87.99(87.99)]
Gen. 179 (89.50%): Max/Min/Avg Fitness(Raw) [107.25(104.42)/0.00(12.91)/87.97(87.97)]
Gen. 180 (90.00%): Max/Min/Avg Fitness(Raw) [106.72(104.42)/0.00(10.81)/87.95(87.95)]
Gen. 181 (90.50%): Max/Min/Avg Fitness(Raw) [105.66(104.43)/0.00(6.11)/87.96(87.96)]
Gen. 182 (91.00%): Max/Min/Avg Fitness(Raw) [107.33(104.43)/0.00(13.09)/87.88(87.88)]
Gen. 183 (91.50%): Max/Min/Avg Fitness(Raw) [107.21(104.43)/0.00(13.04)/88.42(88.42)]
Gen. 184 (92.00%): Max/Min/Avg Fitness(Raw) [106.56(104.43)/0.00(10.16)/88.09(88.09)]
Gen. 185 (92.50%): Max/Min/Avg Fitness(Raw) [106.50(104.43)/0.00(9.94)/88.18(88.18)]
Gen. 186 (93.00%): Max/Min/Avg Fitness(Raw) [105.94(104.43)/0.00(7.50)/88.24(88.24)]
Gen. 187 (93.50%): Max/Min/Avg Fitness(Raw) [106.08(104.44)/0.00(8.05)/88.10(88.10)]
Gen. 188 (94.00%): Max/Min/Avg Fitness(Raw) [107.40(104.44)/0.00(13.59)/88.17(88.17)]
Gen. 189 (94.50%): Max/Min/Avg Fitness(Raw) [105.92(104.45)/0.00(7.35)/88.28(88.28)]
Gen. 190 (95.00%): Max/Min/Avg Fitness(Raw) [107.27(104.45)/0.00(13.25)/88.44(88.44)]
Gen. 191 (95.50%): Max/Min/Avg Fitness(Raw) [105.74(104.45)/0.00(6.83)/88.92(88.92)]
Gen. 192 (96.00%): Max/Min/Avg Fitness(Raw) [105.27(104.46)/0.00(4.17)/88.28(88.28)]
Gen. 193 (96.50%): Max/Min/Avg Fitness(Raw) [105.08(104.48)/0.00(3.15)/88.33(88.33)]
Gen. 194 (97.00%): Max/Min/Avg Fitness(Raw) [107.00(104.62)/0.00(11.29)/88.35(88.35)]
Gen. 195 (97.50%): Max/Min/Avg Fitness(Raw) [106.65(104.62)/0.00(9.75)/88.22(88.22)]
Gen. 196 (98.00%): Max/Min/Avg Fitness(Raw) [106.45(104.62)/0.00(9.01)/88.44(88.44)]
Gen. 197 (98.50%): Max/Min/Avg Fitness(Raw) [105.74(104.70)/0.00(5.21)/88.10(88.10)]
Gen. 198 (99.00%): Max/Min/Avg Fitness(Raw) [106.55(104.70)/0.00(9.27)/88.77(88.77)]
Gen. 199 (99.50%): Max/Min/Avg Fitness(Raw) [107.62(104.70)/0.00(13.74)/88.72(88.72)]
Gen. 200 (100.00%): Max/Min/Avg Fitness(Raw) [105.99(104.93)/0.00(5.34)/88.41(88.41)]
Total time elapsed: 121687.964 seconds.
GA MSE : 0.011000
Best initial connection wetighs are set on Network
Setting FANN training parameters
Input layer                          :  70 neurons, 1 bias
  Hidden layer                       :  30 neurons, 1 bias
Output layer                         :   1 neurons
Total neurons and biases             : 103
Total connections                    :2161
Connection rate                      :   1.000
Network type                         :   FANN_NETTYPE_LAYER
Training algorithm                   :   FANN_TRAIN_RPROP
Training error function              :   FANN_ERRORFUNC_TANH
Training stop function               :   FANN_STOPFUNC_MSE
Bit fail limit                       :   0.350
Learning rate                        :   0.700
Learning momentum                    :   0.000
Quickprop decay                      :  -0.000100
Quickprop mu                         :   1.750
RPROP increase factor                :   1.001
RPROP decrease factor                :   0.500
RPROP delta min                      :   0.000
RPROP delta max                      :  50.000
Cascade output change fraction       :   0.010000
Cascade candidate change fraction    :   0.010000
Cascade output stagnation epochs     :  12
Cascade candidate stagnation epochs  :  12
Cascade max output epochs            : 150
Cascade max candidate epochs         : 150
Cascade weight multiplier            :   0.400
Cascade candidate limit              :1000.000
Cascade activation functions[0]      :   FANN_SIGMOID
Cascade activation functions[1]      :   FANN_SIGMOID_SYMMETRIC
Cascade activation functions[2]      :   FANN_GAUSSIAN
Cascade activation functions[3]      :   FANN_GAUSSIAN_SYMMETRIC
Cascade activation functions[4]      :   FANN_ELLIOT
Cascade activation functions[5]      :   FANN_ELLIOT_SYMMETRIC
Cascade activation functions[6]      :   FANN_SIN_SYMMETRIC
Cascade activation functions[7]      :   FANN_COS_SYMMETRIC
Cascade activation functions[8]      :   FANN_SIN
Cascade activation functions[9]      :   FANN_COS
Cascade activation steepnesses[0]    :   0.250
Cascade activation steepnesses[1]    :   0.500
Cascade activation steepnesses[2]    :   0.750
Cascade activation steepnesses[3]    :   1.000
Cascade candidate groups             :   2
Cascade no. of candidates            :  80
Start training network with 2-algorithm in FANN
Max epochs     8000. Desired error: 0.0010000000.
Epochs            1. Current error: 0.0095305443. Bit fail 167.
Epochs          100. Current error: 0.0111121731. Bit fail 227.
Epochs          200. Current error: 0.0097561488. Bit fail 197.
Epochs          300. Current error: 0.0091579389. Bit fail 186.
Epochs          400. Current error: 0.0086514819. Bit fail 177.
Epochs          500. Current error: 0.0082944212. Bit fail 169.
Epochs          600. Current error: 0.0080334377. Bit fail 166.
Epochs          700. Current error: 0.0078355977. Bit fail 166.
Epochs          800. Current error: 0.0076891403. Bit fail 164.
Epochs          900. Current error: 0.0075493660. Bit fail 163.
Epochs         1000. Current error: 0.0074237101. Bit fail 159.
Epochs         1100. Current error: 0.0073271655. Bit fail 152.
Epochs         1200. Current error: 0.0072265258. Bit fail 149.
Epochs         1300. Current error: 0.0071444809. Bit fail 150.
Epochs         1400. Current error: 0.0070775673. Bit fail 150.
Epochs         1500. Current error: 0.0070109824. Bit fail 149.
Epochs         1600. Current error: 0.0069186771. Bit fail 148.
Epochs         1700. Current error: 0.0068607866. Bit fail 149.
Epochs         1800. Current error: 0.0068204133. Bit fail 151.
Epochs         1900. Current error: 0.0067667929. Bit fail 150.
Epochs         2000. Current error: 0.0067021521. Bit fail 147.
Epochs         2100. Current error: 0.0066294284. Bit fail 146.
Epochs         2200. Current error: 0.0065640486. Bit fail 145.
Epochs         2300. Current error: 0.0065293997. Bit fail 143.
Epochs         2400. Current error: 0.0064702635. Bit fail 141.
Epochs         2500. Current error: 0.0063885879. Bit fail 139.
Epochs         2600. Current error: 0.0063248142. Bit fail 137.
Epochs         2700. Current error: 0.0062770499. Bit fail 137.
Epochs         2800. Current error: 0.0062151570. Bit fail 139.
Epochs         2900. Current error: 0.0062015913. Bit fail 139.
Epochs         3000. Current error: 0.0061634411. Bit fail 138.
Epochs         3100. Current error: 0.0061305184. Bit fail 136.
Epochs         3200. Current error: 0.0061003678. Bit fail 136.
Epochs         3300. Current error: 0.0060217646. Bit fail 133.
Epochs         3400. Current error: 0.0059983339. Bit fail 133.
Epochs         3500. Current error: 0.0059836968. Bit fail 134.
Epochs         3600. Current error: 0.0059244945. Bit fail 130.
Epochs         3700. Current error: 0.0058768704. Bit fail 131.
Epochs         3800. Current error: 0.0058335098. Bit fail 127.
Epochs         3900. Current error: 0.0057952572. Bit fail 125.
Epochs         4000. Current error: 0.0057505276. Bit fail 123.
Epochs         4100. Current error: 0.0057126372. Bit fail 124.
Epochs         4200. Current error: 0.0056556189. Bit fail 124.
Epochs         4300. Current error: 0.0056326422. Bit fail 123.
Epochs         4400. Current error: 0.0056048920. Bit fail 122.
Epochs         4500. Current error: 0.0055737952. Bit fail 122.
Epochs         4600. Current error: 0.0055487053. Bit fail 121.
Epochs         4700. Current error: 0.0055157952. Bit fail 120.
Epochs         4800. Current error: 0.0054907696. Bit fail 119.
Epochs         4900. Current error: 0.0054576993. Bit fail 120.
Epochs         5000. Current error: 0.0054209181. Bit fail 118.
Epochs         5100. Current error: 0.0053889332. Bit fail 115.
Epochs         5200. Current error: 0.0053588836. Bit fail 116.
Epochs         5300. Current error: 0.0053303405. Bit fail 114.
Epochs         5400. Current error: 0.0053115659. Bit fail 113.
Epochs         5500. Current error: 0.0052883876. Bit fail 111.
Epochs         5600. Current error: 0.0052708597. Bit fail 110.
Epochs         5700. Current error: 0.0052602710. Bit fail 111.
Epochs         5800. Current error: 0.0052427207. Bit fail 111.
Epochs         5900. Current error: 0.0052198982. Bit fail 109.
Epochs         6000. Current error: 0.0052048992. Bit fail 108.
Epochs         6100. Current error: 0.0051830448. Bit fail 107.
Epochs         6200. Current error: 0.0051655588. Bit fail 105.
Epochs         6300. Current error: 0.0051463069. Bit fail 103.
Epochs         6400. Current error: 0.0051274463. Bit fail 103.
Epochs         6500. Current error: 0.0051165842. Bit fail 103.
Epochs         6600. Current error: 0.0051067169. Bit fail 102.
Epochs         6700. Current error: 0.0050990121. Bit fail 103.
Epochs         6800. Current error: 0.0050652167. Bit fail 100.
Epochs         6900. Current error: 0.0050511556. Bit fail 100.
Epochs         7000. Current error: 0.0050407876. Bit fail 100.
Epochs         7100. Current error: 0.0050382819. Bit fail 99.
Epochs         7200. Current error: 0.0050485507. Bit fail 100.
Epochs         7300. Current error: 0.0050719725. Bit fail 98.
Epochs         7400. Current error: 0.0050568357. Bit fail 98.
Epochs         7500. Current error: 0.0050451835. Bit fail 97.
Epochs         7600. Current error: 0.0050316812. Bit fail 97.
Epochs         7700. Current error: 0.0050161378. Bit fail 97.
Epochs         7800. Current error: 0.0050066756. Bit fail 97.
Epochs         7900. Current error: 0.0049929926. Bit fail 96.
Epochs         8000. Current error: 0.0049876370. Bit fail 98.
Time elpased for FANN training: 1261.983799 seconds
Trained Network by GA+FANN is saved in 
./ALL_S6_959126400_hveto_channels_signif_dt_set_5_training_n70n30n1_c10_mr04_p5000_g200_rmin-25_rmax25_gsigma1_y1001_z05_f05g09_m8000.net.
Total Running Time: 122950.404075 seconds
