Creating network.
The layer structure is following:
[70, 20, 1]
Setting newtork parameters
Getting training data : ALL_S6_959126400_hveto_channels_signif_dt_set_2_training.pat
Setting GA training parameters
Start running GA
Gen. 0 (0.00%): Max/Min/Avg Fitness(Raw) [24.42(59.42)/18.34(1.02)/20.35(20.35)]
Gen. 1 (0.50%): Max/Min/Avg Fitness(Raw) [65.65(65.09)/0.00(2.61)/53.99(53.99)]
Gen. 2 (1.00%): Max/Min/Avg Fitness(Raw) [68.53(67.47)/0.00(10.04)/61.95(61.95)]
Gen. 3 (1.50%): Max/Min/Avg Fitness(Raw) [69.05(68.91)/0.00(1.22)/61.91(61.91)]
Gen. 4 (2.00%): Max/Min/Avg Fitness(Raw) [70.96(70.81)/0.00(1.42)/63.88(63.88)]
Gen. 5 (2.50%): Max/Min/Avg Fitness(Raw) [71.84(71.64)/0.00(1.80)/64.66(64.66)]
Gen. 6 (3.00%): Max/Min/Avg Fitness(Raw) [72.83(72.70)/0.00(1.06)/64.75(64.75)]
Gen. 7 (3.50%): Max/Min/Avg Fitness(Raw) [74.39(74.26)/0.00(1.07)/66.37(66.37)]
Gen. 8 (4.00%): Max/Min/Avg Fitness(Raw) [76.04(75.65)/0.00(3.16)/67.51(67.51)]
Gen. 9 (4.50%): Max/Min/Avg Fitness(Raw) [76.79(76.66)/0.00(1.02)/68.09(68.09)]
Gen. 10 (5.00%): Max/Min/Avg Fitness(Raw) [77.70(77.51)/0.00(1.52)/69.13(69.13)]
Gen. 11 (5.50%): Max/Min/Avg Fitness(Raw) [79.13(78.99)/0.00(1.11)/70.19(70.19)]
Gen. 12 (6.00%): Max/Min/Avg Fitness(Raw) [79.75(79.61)/0.00(1.06)/70.54(70.54)]
Gen. 13 (6.50%): Max/Min/Avg Fitness(Raw) [80.43(80.29)/0.00(1.03)/70.84(70.84)]
Gen. 14 (7.00%): Max/Min/Avg Fitness(Raw) [81.04(80.72)/0.00(2.45)/71.55(71.55)]
Gen. 15 (7.50%): Max/Min/Avg Fitness(Raw) [81.20(81.04)/0.00(1.20)/71.65(71.65)]
Gen. 16 (8.00%): Max/Min/Avg Fitness(Raw) [81.80(81.58)/0.00(1.68)/72.14(72.14)]
Gen. 17 (8.50%): Max/Min/Avg Fitness(Raw) [82.45(82.30)/0.00(1.10)/72.43(72.43)]
Gen. 18 (9.00%): Max/Min/Avg Fitness(Raw) [82.94(82.76)/0.00(1.34)/72.98(72.98)]
Gen. 19 (9.50%): Max/Min/Avg Fitness(Raw) [83.60(83.24)/0.00(2.56)/73.30(73.30)]
Gen. 20 (10.00%): Max/Min/Avg Fitness(Raw) [83.94(83.77)/0.00(1.14)/72.87(72.87)]
Gen. 21 (10.50%): Max/Min/Avg Fitness(Raw) [84.23(84.07)/0.00(1.09)/73.57(73.57)]
Gen. 22 (11.00%): Max/Min/Avg Fitness(Raw) [84.28(84.13)/0.00(1.04)/73.57(73.57)]
Gen. 23 (11.50%): Max/Min/Avg Fitness(Raw) [84.47(84.28)/0.00(1.33)/73.93(73.93)]
Gen. 24 (12.00%): Max/Min/Avg Fitness(Raw) [85.34(84.55)/0.00(5.42)/74.41(74.41)]
Gen. 25 (12.50%): Max/Min/Avg Fitness(Raw) [85.08(84.92)/0.00(1.08)/74.26(74.26)]
Gen. 26 (13.00%): Max/Min/Avg Fitness(Raw) [85.23(85.06)/0.00(1.18)/74.45(74.45)]
Gen. 27 (13.50%): Max/Min/Avg Fitness(Raw) [85.50(85.33)/0.00(1.17)/74.46(74.46)]
Gen. 28 (14.00%): Max/Min/Avg Fitness(Raw) [85.71(85.55)/0.00(1.11)/74.92(74.92)]
Gen. 29 (14.50%): Max/Min/Avg Fitness(Raw) [86.02(85.86)/0.00(1.12)/75.18(75.18)]
Gen. 30 (15.00%): Max/Min/Avg Fitness(Raw) [86.25(86.08)/0.00(1.14)/75.07(75.07)]
Gen. 31 (15.50%): Max/Min/Avg Fitness(Raw) [86.67(86.22)/0.00(3.09)/75.70(75.70)]
Gen. 32 (16.00%): Max/Min/Avg Fitness(Raw) [86.77(86.59)/0.00(1.19)/75.47(75.47)]
Gen. 33 (16.50%): Max/Min/Avg Fitness(Raw) [87.06(86.91)/0.00(1.08)/76.13(76.13)]
Gen. 34 (17.00%): Max/Min/Avg Fitness(Raw) [87.31(87.15)/0.00(1.11)/76.09(76.09)]
Gen. 35 (17.50%): Max/Min/Avg Fitness(Raw) [87.65(87.43)/0.00(1.54)/76.54(76.54)]
Gen. 36 (18.00%): Max/Min/Avg Fitness(Raw) [88.29(88.13)/0.00(1.02)/76.58(76.58)]
Gen. 37 (18.50%): Max/Min/Avg Fitness(Raw) [88.96(88.79)/0.00(1.10)/76.76(76.76)]
Gen. 38 (19.00%): Max/Min/Avg Fitness(Raw) [89.67(89.49)/0.00(1.11)/77.17(77.17)]
Gen. 39 (19.50%): Max/Min/Avg Fitness(Raw) [90.33(90.12)/0.00(1.25)/77.62(77.62)]
Gen. 40 (20.00%): Max/Min/Avg Fitness(Raw) [90.78(90.59)/0.00(1.12)/77.85(77.85)]
Gen. 41 (20.50%): Max/Min/Avg Fitness(Raw) [91.15(90.97)/0.00(1.12)/78.66(78.66)]
Gen. 42 (21.00%): Max/Min/Avg Fitness(Raw) [91.70(91.52)/0.00(1.02)/78.21(78.21)]
Gen. 43 (21.50%): Max/Min/Avg Fitness(Raw) [92.01(91.85)/0.00(1.03)/79.12(79.12)]
Gen. 44 (22.00%): Max/Min/Avg Fitness(Raw) [92.52(92.34)/0.00(1.10)/79.29(79.29)]
Gen. 45 (22.50%): Max/Min/Avg Fitness(Raw) [92.78(92.51)/0.00(1.63)/79.81(79.81)]
Gen. 46 (23.00%): Max/Min/Avg Fitness(Raw) [92.78(92.57)/0.00(1.33)/80.15(80.15)]
Gen. 47 (23.50%): Max/Min/Avg Fitness(Raw) [92.85(92.68)/0.00(1.04)/79.96(79.96)]
Gen. 48 (24.00%): Max/Min/Avg Fitness(Raw) [93.41(93.16)/0.00(1.51)/80.16(80.16)]
Gen. 49 (24.50%): Max/Min/Avg Fitness(Raw) [93.43(93.25)/0.00(1.14)/80.23(80.23)]
Gen. 50 (25.00%): Max/Min/Avg Fitness(Raw) [93.50(93.32)/0.00(1.14)/80.82(80.82)]
Gen. 51 (25.50%): Max/Min/Avg Fitness(Raw) [93.80(93.54)/0.00(1.51)/80.32(80.32)]
Gen. 52 (26.00%): Max/Min/Avg Fitness(Raw) [93.75(93.58)/0.00(1.02)/80.58(80.58)]
Gen. 53 (26.50%): Max/Min/Avg Fitness(Raw) [94.43(94.00)/0.00(2.56)/80.86(80.86)]
Gen. 54 (27.00%): Max/Min/Avg Fitness(Raw) [94.31(94.11)/0.00(1.24)/80.98(80.98)]
Gen. 55 (27.50%): Max/Min/Avg Fitness(Raw) [94.62(94.37)/0.00(1.47)/80.66(80.66)]
Gen. 56 (28.00%): Max/Min/Avg Fitness(Raw) [94.93(94.72)/0.00(1.16)/80.19(80.19)]
Gen. 57 (28.50%): Max/Min/Avg Fitness(Raw) [95.21(95.01)/0.00(1.18)/81.14(81.14)]
Gen. 58 (29.00%): Max/Min/Avg Fitness(Raw) [95.91(95.71)/0.00(1.04)/80.61(80.61)]
Gen. 59 (29.50%): Max/Min/Avg Fitness(Raw) [96.04(95.85)/0.00(1.09)/81.91(81.91)]
Gen. 60 (30.00%): Max/Min/Avg Fitness(Raw) [96.19(96.01)/0.00(1.02)/81.88(81.88)]
Gen. 61 (30.50%): Max/Min/Avg Fitness(Raw) [96.34(96.15)/0.00(1.07)/82.04(82.04)]
Gen. 62 (31.00%): Max/Min/Avg Fitness(Raw) [96.56(96.37)/0.00(1.09)/82.38(82.38)]
Gen. 63 (31.50%): Max/Min/Avg Fitness(Raw) [97.04(96.81)/0.00(1.28)/82.49(82.49)]
Gen. 64 (32.00%): Max/Min/Avg Fitness(Raw) [97.21(97.01)/0.00(1.10)/82.14(82.14)]
Gen. 65 (32.50%): Max/Min/Avg Fitness(Raw) [97.80(97.53)/0.00(1.49)/82.69(82.69)]
Gen. 66 (33.00%): Max/Min/Avg Fitness(Raw) [97.80(97.58)/0.00(1.18)/82.05(82.05)]
Gen. 67 (33.50%): Max/Min/Avg Fitness(Raw) [97.83(97.62)/0.00(1.13)/82.18(82.18)]
Gen. 68 (34.00%): Max/Min/Avg Fitness(Raw) [97.99(97.79)/0.00(1.06)/82.26(82.26)]
Gen. 69 (34.50%): Max/Min/Avg Fitness(Raw) [98.25(98.01)/0.00(1.19)/82.22(82.22)]
Gen. 70 (35.00%): Max/Min/Avg Fitness(Raw) [98.39(98.15)/0.00(1.25)/82.39(82.39)]
Gen. 71 (35.50%): Max/Min/Avg Fitness(Raw) [98.61(98.22)/0.00(2.12)/83.06(83.06)]
Gen. 72 (36.00%): Max/Min/Avg Fitness(Raw) [98.54(98.35)/0.00(1.02)/83.23(83.23)]
Gen. 73 (36.50%): Max/Min/Avg Fitness(Raw) [98.78(98.51)/0.00(1.37)/82.87(82.87)]
Gen. 74 (37.00%): Max/Min/Avg Fitness(Raw) [99.07(98.86)/0.00(1.09)/83.20(83.20)]
Gen. 75 (37.50%): Max/Min/Avg Fitness(Raw) [99.33(99.14)/0.00(1.02)/83.56(83.56)]
Gen. 76 (38.00%): Max/Min/Avg Fitness(Raw) [100.02(99.81)/0.00(1.09)/83.82(83.82)]
Gen. 77 (38.50%): Max/Min/Avg Fitness(Raw) [100.57(100.36)/0.00(1.09)/84.16(84.16)]
Gen. 78 (39.00%): Max/Min/Avg Fitness(Raw) [101.32(101.11)/0.00(1.05)/84.34(84.34)]
Gen. 79 (39.50%): Max/Min/Avg Fitness(Raw) [102.43(102.19)/0.00(1.06)/83.83(83.83)]
Gen. 80 (40.00%): Max/Min/Avg Fitness(Raw) [102.64(102.42)/0.00(1.06)/84.75(84.75)]
Gen. 81 (40.50%): Max/Min/Avg Fitness(Raw) [102.74(102.52)/0.00(1.07)/84.85(84.85)]
Gen. 82 (41.00%): Max/Min/Avg Fitness(Raw) [102.90(102.65)/0.00(1.20)/85.24(85.24)]
Gen. 83 (41.50%): Max/Min/Avg Fitness(Raw) [103.23(102.93)/0.00(1.45)/85.50(85.50)]
Gen. 84 (42.00%): Max/Min/Avg Fitness(Raw) [103.77(103.39)/0.00(1.75)/85.56(85.56)]
Gen. 85 (42.50%): Max/Min/Avg Fitness(Raw) [103.78(103.56)/0.00(1.07)/86.21(86.21)]
Gen. 86 (43.00%): Max/Min/Avg Fitness(Raw) [103.93(103.71)/0.00(1.08)/86.32(86.32)]
Gen. 87 (43.50%): Max/Min/Avg Fitness(Raw) [104.26(104.03)/0.00(1.08)/86.05(86.05)]
Gen. 88 (44.00%): Max/Min/Avg Fitness(Raw) [104.65(104.29)/0.00(1.74)/86.75(86.75)]
Gen. 89 (44.50%): Max/Min/Avg Fitness(Raw) [105.21(104.96)/0.00(1.21)/86.95(86.95)]
Gen. 90 (45.00%): Max/Min/Avg Fitness(Raw) [105.45(105.23)/0.00(1.08)/87.28(87.28)]
Gen. 91 (45.50%): Max/Min/Avg Fitness(Raw) [105.51(105.29)/0.00(1.03)/87.14(87.14)]
Gen. 92 (46.00%): Max/Min/Avg Fitness(Raw) [105.77(105.53)/0.00(1.10)/87.34(87.34)]
Gen. 93 (46.50%): Max/Min/Avg Fitness(Raw) [105.92(105.58)/0.00(1.55)/86.83(86.83)]
Gen. 94 (47.00%): Max/Min/Avg Fitness(Raw) [105.86(105.62)/0.00(1.09)/87.11(87.11)]
Gen. 95 (47.50%): Max/Min/Avg Fitness(Raw) [105.89(105.64)/0.00(1.21)/87.54(87.54)]
Gen. 96 (48.00%): Max/Min/Avg Fitness(Raw) [106.07(105.82)/0.00(1.19)/87.59(87.59)]
Gen. 97 (48.50%): Max/Min/Avg Fitness(Raw) [106.11(105.89)/0.00(1.02)/86.93(86.93)]
Gen. 98 (49.00%): Max/Min/Avg Fitness(Raw) [106.45(106.21)/0.00(1.17)/87.88(87.88)]
Gen. 99 (49.50%): Max/Min/Avg Fitness(Raw) [106.42(106.21)/0.00(1.02)/87.88(87.88)]
Gen. 100 (50.00%): Max/Min/Avg Fitness(Raw) [106.47(106.21)/0.00(1.19)/87.37(87.37)]
Gen. 101 (50.50%): Max/Min/Avg Fitness(Raw) [106.52(106.22)/0.00(1.35)/87.43(87.43)]
Gen. 102 (51.00%): Max/Min/Avg Fitness(Raw) [106.45(106.23)/0.00(1.03)/87.63(87.63)]
Gen. 103 (51.50%): Max/Min/Avg Fitness(Raw) [106.56(106.35)/0.00(1.02)/88.03(88.03)]
Gen. 104 (52.00%): Max/Min/Avg Fitness(Raw) [106.78(106.40)/0.00(1.78)/87.86(87.86)]
Gen. 105 (52.50%): Max/Min/Avg Fitness(Raw) [106.63(106.40)/0.00(1.10)/88.39(88.39)]
Gen. 106 (53.00%): Max/Min/Avg Fitness(Raw) [106.67(106.45)/0.00(1.07)/88.57(88.57)]
Gen. 107 (53.50%): Max/Min/Avg Fitness(Raw) [106.68(106.46)/0.00(1.10)/88.46(88.46)]
Gen. 108 (54.00%): Max/Min/Avg Fitness(Raw) [106.83(106.56)/0.00(1.27)/88.15(88.15)]
Gen. 109 (54.50%): Max/Min/Avg Fitness(Raw) [106.81(106.59)/0.00(1.07)/88.40(88.40)]
Gen. 110 (55.00%): Max/Min/Avg Fitness(Raw) [106.85(106.63)/0.00(1.10)/88.92(88.92)]
Gen. 111 (55.50%): Max/Min/Avg Fitness(Raw) [107.17(106.96)/0.00(1.04)/88.80(88.80)]
Gen. 112 (56.00%): Max/Min/Avg Fitness(Raw) [107.27(107.06)/0.00(1.02)/89.02(89.02)]
Gen. 113 (56.50%): Max/Min/Avg Fitness(Raw) [107.34(107.11)/0.00(1.13)/88.60(88.60)]
Gen. 114 (57.00%): Max/Min/Avg Fitness(Raw) [107.51(107.23)/0.00(1.32)/88.42(88.42)]
Gen. 115 (57.50%): Max/Min/Avg Fitness(Raw) [107.50(107.26)/0.00(1.14)/88.89(88.89)]
Gen. 116 (58.00%): Max/Min/Avg Fitness(Raw) [107.68(107.44)/0.00(1.08)/88.32(88.32)]
Gen. 117 (58.50%): Max/Min/Avg Fitness(Raw) [107.79(107.56)/0.00(1.10)/89.09(89.09)]
Gen. 118 (59.00%): Max/Min/Avg Fitness(Raw) [107.82(107.59)/0.00(1.07)/89.16(89.16)]
Gen. 119 (59.50%): Max/Min/Avg Fitness(Raw) [107.93(107.70)/0.00(1.09)/89.31(89.31)]
Gen. 120 (60.00%): Max/Min/Avg Fitness(Raw) [108.17(107.94)/0.00(1.12)/89.72(89.72)]
Gen. 121 (60.50%): Max/Min/Avg Fitness(Raw) [108.25(108.05)/0.00(1.02)/90.30(90.30)]
Gen. 122 (61.00%): Max/Min/Avg Fitness(Raw) [108.37(108.14)/0.00(1.11)/89.95(89.95)]
Gen. 123 (61.50%): Max/Min/Avg Fitness(Raw) [108.42(108.22)/0.00(1.02)/90.73(90.73)]
Gen. 124 (62.00%): Max/Min/Avg Fitness(Raw) [108.57(108.28)/0.00(1.44)/90.22(90.22)]
Gen. 125 (62.50%): Max/Min/Avg Fitness(Raw) [108.57(108.28)/0.00(1.49)/90.72(90.72)]
Gen. 126 (63.00%): Max/Min/Avg Fitness(Raw) [108.60(108.28)/0.00(1.50)/89.71(89.71)]
Gen. 127 (63.50%): Max/Min/Avg Fitness(Raw) [108.71(108.37)/0.00(1.65)/90.01(90.01)]
Gen. 128 (64.00%): Max/Min/Avg Fitness(Raw) [108.63(108.41)/0.00(1.05)/90.13(90.13)]
Gen. 129 (64.50%): Max/Min/Avg Fitness(Raw) [108.68(108.45)/0.00(1.16)/90.49(90.49)]
Gen. 130 (65.00%): Max/Min/Avg Fitness(Raw) [108.80(108.57)/0.00(1.11)/90.12(90.12)]
Gen. 131 (65.50%): Max/Min/Avg Fitness(Raw) [108.82(108.59)/0.00(1.09)/90.28(90.28)]
Gen. 132 (66.00%): Max/Min/Avg Fitness(Raw) [108.84(108.62)/0.00(1.11)/90.63(90.63)]
Gen. 133 (66.50%): Max/Min/Avg Fitness(Raw) [108.88(108.65)/0.00(1.10)/90.42(90.42)]
Gen. 134 (67.00%): Max/Min/Avg Fitness(Raw) [108.94(108.70)/0.00(1.18)/91.02(91.02)]
Gen. 135 (67.50%): Max/Min/Avg Fitness(Raw) [108.96(108.76)/0.00(1.06)/91.77(91.77)]
Gen. 136 (68.00%): Max/Min/Avg Fitness(Raw) [108.99(108.78)/0.00(1.04)/90.67(90.67)]
Gen. 137 (68.50%): Max/Min/Avg Fitness(Raw) [109.19(108.97)/0.00(1.11)/91.31(91.31)]
Gen. 138 (69.00%): Max/Min/Avg Fitness(Raw) [109.94(109.61)/0.00(1.63)/91.30(91.30)]
Gen. 139 (69.50%): Max/Min/Avg Fitness(Raw) [110.63(110.39)/0.00(1.10)/91.03(91.03)]
Gen. 140 (70.00%): Max/Min/Avg Fitness(Raw) [110.81(110.48)/0.00(1.66)/92.06(92.06)]
Gen. 141 (70.50%): Max/Min/Avg Fitness(Raw) [110.84(110.51)/0.00(1.65)/92.19(92.19)]
Gen. 142 (71.00%): Max/Min/Avg Fitness(Raw) [110.78(110.53)/0.00(1.24)/91.82(91.82)]
Gen. 143 (71.50%): Max/Min/Avg Fitness(Raw) [110.96(110.71)/0.00(1.20)/91.82(91.82)]
Gen. 144 (72.00%): Max/Min/Avg Fitness(Raw) [111.18(110.89)/0.00(1.29)/90.65(90.65)]
Gen. 145 (72.50%): Max/Min/Avg Fitness(Raw) [111.23(111.00)/0.00(1.06)/91.39(91.39)]
Gen. 146 (73.00%): Max/Min/Avg Fitness(Raw) [111.39(111.03)/0.00(1.72)/92.10(92.10)]
Gen. 147 (73.50%): Max/Min/Avg Fitness(Raw) [111.36(111.14)/0.00(1.09)/92.56(92.56)]
Gen. 148 (74.00%): Max/Min/Avg Fitness(Raw) [111.42(111.18)/0.00(1.13)/92.27(92.27)]
Gen. 149 (74.50%): Max/Min/Avg Fitness(Raw) [111.58(111.37)/0.00(1.02)/92.47(92.47)]
Gen. 150 (75.00%): Max/Min/Avg Fitness(Raw) [111.60(111.38)/0.00(1.06)/92.52(92.52)]
Gen. 151 (75.50%): Max/Min/Avg Fitness(Raw) [111.60(111.39)/0.00(1.04)/92.56(92.56)]
Gen. 152 (76.00%): Max/Min/Avg Fitness(Raw) [111.62(111.40)/0.00(1.09)/92.81(92.81)]
Gen. 153 (76.50%): Max/Min/Avg Fitness(Raw) [111.61(111.40)/0.00(1.06)/93.11(93.11)]
Gen. 154 (77.00%): Max/Min/Avg Fitness(Raw) [111.74(111.41)/0.00(1.65)/92.91(92.91)]
Gen. 155 (77.50%): Max/Min/Avg Fitness(Raw) [111.68(111.45)/0.00(1.12)/92.77(92.77)]
Gen. 156 (78.00%): Max/Min/Avg Fitness(Raw) [111.71(111.46)/0.00(1.25)/93.29(93.29)]
Gen. 157 (78.50%): Max/Min/Avg Fitness(Raw) [111.70(111.47)/0.00(1.11)/93.03(93.03)]
Gen. 158 (79.00%): Max/Min/Avg Fitness(Raw) [111.75(111.52)/0.00(1.17)/92.98(92.98)]
Gen. 159 (79.50%): Max/Min/Avg Fitness(Raw) [111.75(111.53)/0.00(1.09)/92.73(92.73)]
Gen. 160 (80.00%): Max/Min/Avg Fitness(Raw) [112.03(111.83)/0.00(1.02)/93.91(93.91)]
Gen. 161 (80.50%): Max/Min/Avg Fitness(Raw) [112.49(112.27)/0.00(1.09)/93.22(93.22)]
Gen. 162 (81.00%): Max/Min/Avg Fitness(Raw) [112.75(112.53)/0.00(1.02)/92.85(92.85)]
Gen. 163 (81.50%): Max/Min/Avg Fitness(Raw) [112.90(112.66)/0.00(1.10)/92.84(92.84)]
Gen. 164 (82.00%): Max/Min/Avg Fitness(Raw) [112.96(112.70)/0.00(1.18)/92.96(92.96)]
Gen. 165 (82.50%): Max/Min/Avg Fitness(Raw) [112.97(112.74)/0.00(1.09)/93.27(93.27)]
Gen. 166 (83.00%): Max/Min/Avg Fitness(Raw) [113.36(112.74)/0.00(3.00)/93.88(93.88)]
Gen. 167 (83.50%): Max/Min/Avg Fitness(Raw) [113.20(112.97)/0.00(1.11)/93.94(93.94)]
Gen. 168 (84.00%): Max/Min/Avg Fitness(Raw) [113.51(113.29)/0.00(1.08)/94.13(94.13)]
Gen. 169 (84.50%): Max/Min/Avg Fitness(Raw) [113.65(113.41)/0.00(1.09)/93.31(93.31)]
Gen. 170 (85.00%): Max/Min/Avg Fitness(Raw) [113.68(113.44)/0.00(1.09)/93.32(93.32)]
Gen. 171 (85.50%): Max/Min/Avg Fitness(Raw) [113.86(113.62)/0.00(1.10)/93.51(93.51)]
Gen. 172 (86.00%): Max/Min/Avg Fitness(Raw) [113.94(113.71)/0.00(1.08)/93.91(93.91)]
Gen. 173 (86.50%): Max/Min/Avg Fitness(Raw) [114.06(113.82)/0.00(1.12)/93.75(93.75)]
Gen. 174 (87.00%): Max/Min/Avg Fitness(Raw) [114.17(113.90)/0.00(1.25)/93.75(93.75)]
Gen. 175 (87.50%): Max/Min/Avg Fitness(Raw) [114.23(113.93)/0.00(1.32)/93.11(93.11)]
Gen. 176 (88.00%): Max/Min/Avg Fitness(Raw) [114.19(113.96)/0.00(1.07)/93.80(93.80)]
Gen. 177 (88.50%): Max/Min/Avg Fitness(Raw) [114.36(114.11)/0.00(1.10)/93.44(93.44)]
Gen. 178 (89.00%): Max/Min/Avg Fitness(Raw) [114.56(114.33)/0.00(1.06)/93.98(93.98)]
Gen. 179 (89.50%): Max/Min/Avg Fitness(Raw) [114.78(114.54)/0.00(1.11)/94.51(94.51)]
Gen. 180 (90.00%): Max/Min/Avg Fitness(Raw) [114.81(114.58)/0.00(1.08)/94.36(94.36)]
Gen. 181 (90.50%): Max/Min/Avg Fitness(Raw) [114.83(114.60)/0.00(1.05)/94.08(94.08)]
Gen. 182 (91.00%): Max/Min/Avg Fitness(Raw) [114.87(114.64)/0.00(1.05)/93.81(93.81)]
Gen. 183 (91.50%): Max/Min/Avg Fitness(Raw) [115.06(114.82)/0.00(1.10)/94.14(94.14)]
Gen. 184 (92.00%): Max/Min/Avg Fitness(Raw) [115.31(114.98)/0.00(1.47)/93.87(93.87)]
Gen. 185 (92.50%): Max/Min/Avg Fitness(Raw) [115.45(115.19)/0.00(1.13)/93.90(93.90)]
Gen. 186 (93.00%): Max/Min/Avg Fitness(Raw) [115.56(115.23)/0.00(1.37)/93.47(93.47)]
Gen. 187 (93.50%): Max/Min/Avg Fitness(Raw) [115.70(115.45)/0.00(1.05)/93.60(93.60)]
Gen. 188 (94.00%): Max/Min/Avg Fitness(Raw) [115.73(115.48)/0.00(1.02)/92.50(92.50)]
Gen. 189 (94.50%): Max/Min/Avg Fitness(Raw) [115.81(115.54)/0.00(1.12)/93.55(93.55)]
Gen. 190 (95.00%): Max/Min/Avg Fitness(Raw) [115.81(115.55)/0.00(1.10)/94.06(94.06)]
Gen. 191 (95.50%): Max/Min/Avg Fitness(Raw) [115.83(115.59)/0.00(1.02)/94.19(94.19)]
Gen. 192 (96.00%): Max/Min/Avg Fitness(Raw) [115.86(115.61)/0.00(1.10)/94.03(94.03)]
Gen. 193 (96.50%): Max/Min/Avg Fitness(Raw) [115.97(115.71)/0.00(1.10)/93.90(93.90)]
Gen. 194 (97.00%): Max/Min/Avg Fitness(Raw) [116.16(115.89)/0.00(1.16)/94.15(94.15)]
Gen. 195 (97.50%): Max/Min/Avg Fitness(Raw) [116.15(115.92)/0.00(1.07)/95.48(95.48)]
Gen. 196 (98.00%): Max/Min/Avg Fitness(Raw) [116.40(116.12)/0.00(1.27)/95.20(95.20)]
Gen. 197 (98.50%): Max/Min/Avg Fitness(Raw) [116.78(116.53)/0.00(1.08)/95.06(95.06)]
Gen. 198 (99.00%): Max/Min/Avg Fitness(Raw) [116.87(116.58)/0.00(1.26)/95.32(95.32)]
Gen. 199 (99.50%): Max/Min/Avg Fitness(Raw) [116.90(116.65)/0.00(1.10)/94.98(94.98)]
Gen. 200 (100.00%): Max/Min/Avg Fitness(Raw) [117.01(116.69)/0.00(1.39)/95.17(95.17)]
Total time elapsed: 80036.704 seconds.
GA MSE : 0.016494
Best initial connection wetighs are set on Network
Setting FANN training parameters
Input layer                          :  70 neurons, 1 bias
  Hidden layer                       :  20 neurons, 1 bias
Output layer                         :   1 neurons
Total neurons and biases             :  93
Total connections                    :1441
Connection rate                      :   1.000
Network type                         :   FANN_NETTYPE_LAYER
Training algorithm                   :   FANN_TRAIN_RPROP
Training error function              :   FANN_ERRORFUNC_TANH
Training stop function               :   FANN_STOPFUNC_MSE
Bit fail limit                       :   0.350
Learning rate                        :   0.700
Learning momentum                    :   0.000
Quickprop decay                      :  -0.000100
Quickprop mu                         :   1.750
RPROP increase factor                :   1.001
RPROP decrease factor                :   0.333
RPROP delta min                      :   0.000
RPROP delta max                      :  50.000
Cascade output change fraction       :   0.010000
Cascade candidate change fraction    :   0.010000
Cascade output stagnation epochs     :  12
Cascade candidate stagnation epochs  :  12
Cascade max output epochs            : 150
Cascade max candidate epochs         : 150
Cascade weight multiplier            :   0.400
Cascade candidate limit              :1000.000
Cascade activation functions[0]      :   FANN_SIGMOID
Cascade activation functions[1]      :   FANN_SIGMOID_SYMMETRIC
Cascade activation functions[2]      :   FANN_GAUSSIAN
Cascade activation functions[3]      :   FANN_GAUSSIAN_SYMMETRIC
Cascade activation functions[4]      :   FANN_ELLIOT
Cascade activation functions[5]      :   FANN_ELLIOT_SYMMETRIC
Cascade activation functions[6]      :   FANN_SIN_SYMMETRIC
Cascade activation functions[7]      :   FANN_COS_SYMMETRIC
Cascade activation functions[8]      :   FANN_SIN
Cascade activation functions[9]      :   FANN_COS
Cascade activation steepnesses[0]    :   0.250
Cascade activation steepnesses[1]    :   0.500
Cascade activation steepnesses[2]    :   0.750
Cascade activation steepnesses[3]    :   1.000
Cascade candidate groups             :   2
Cascade no. of candidates            :  80
Start training network with 2-algorithm in FANN
Max epochs     8000. Desired error: 0.0010000000.
Epochs            1. Current error: 0.0085696047. Bit fail 154.
Epochs          100. Current error: 0.0087741530. Bit fail 174.
Epochs          200. Current error: 0.0083980691. Bit fail 165.
Epochs          300. Current error: 0.0080276364. Bit fail 154.
Epochs          400. Current error: 0.0078484621. Bit fail 156.
Epochs          500. Current error: 0.0076895412. Bit fail 148.
Epochs          600. Current error: 0.0075795781. Bit fail 145.
Epochs          700. Current error: 0.0074495794. Bit fail 144.
Epochs          800. Current error: 0.0073208013. Bit fail 144.
Epochs          900. Current error: 0.0072074779. Bit fail 141.
Epochs         1000. Current error: 0.0071104551. Bit fail 134.
Epochs         1100. Current error: 0.0070630810. Bit fail 131.
Epochs         1200. Current error: 0.0070096999. Bit fail 132.
Epochs         1300. Current error: 0.0069638407. Bit fail 132.
Epochs         1400. Current error: 0.0069199633. Bit fail 132.
Epochs         1500. Current error: 0.0068943701. Bit fail 128.
Epochs         1600. Current error: 0.0068585211. Bit fail 128.
Epochs         1700. Current error: 0.0068200640. Bit fail 129.
Epochs         1800. Current error: 0.0067618582. Bit fail 127.
Epochs         1900. Current error: 0.0067029120. Bit fail 129.
Epochs         2000. Current error: 0.0066224616. Bit fail 127.
Epochs         2100. Current error: 0.0065454575. Bit fail 126.
Epochs         2200. Current error: 0.0064665945. Bit fail 125.
Epochs         2300. Current error: 0.0063727992. Bit fail 121.
Epochs         2400. Current error: 0.0063031940. Bit fail 120.
Epochs         2500. Current error: 0.0062486734. Bit fail 117.
Epochs         2600. Current error: 0.0062183891. Bit fail 116.
Epochs         2700. Current error: 0.0061953636. Bit fail 117.
Epochs         2800. Current error: 0.0061847595. Bit fail 117.
Epochs         2900. Current error: 0.0061696074. Bit fail 117.
Epochs         3000. Current error: 0.0061551277. Bit fail 115.
Epochs         3100. Current error: 0.0061373035. Bit fail 115.
Epochs         3200. Current error: 0.0061306194. Bit fail 114.
Epochs         3300. Current error: 0.0061075888. Bit fail 112.
Epochs         3400. Current error: 0.0060755620. Bit fail 112.
Epochs         3500. Current error: 0.0060302131. Bit fail 111.
Epochs         3600. Current error: 0.0060124826. Bit fail 111.
Epochs         3700. Current error: 0.0059899506. Bit fail 113.
Epochs         3800. Current error: 0.0060155159. Bit fail 112.
Epochs         3900. Current error: 0.0060046343. Bit fail 112.
Epochs         4000. Current error: 0.0059388462. Bit fail 111.
Epochs         4100. Current error: 0.0059223752. Bit fail 108.
Epochs         4200. Current error: 0.0059025600. Bit fail 107.
Epochs         4300. Current error: 0.0058793090. Bit fail 107.
Epochs         4400. Current error: 0.0058561601. Bit fail 106.
Epochs         4500. Current error: 0.0058118622. Bit fail 106.
Epochs         4600. Current error: 0.0057828608. Bit fail 104.
Epochs         4700. Current error: 0.0057569095. Bit fail 106.
Epochs         4800. Current error: 0.0057384237. Bit fail 105.
Epochs         4900. Current error: 0.0057314551. Bit fail 104.
Epochs         5000. Current error: 0.0057219886. Bit fail 103.
Epochs         5100. Current error: 0.0056529082. Bit fail 102.
Epochs         5200. Current error: 0.0056385854. Bit fail 102.
Epochs         5300. Current error: 0.0056226407. Bit fail 102.
Epochs         5400. Current error: 0.0056039803. Bit fail 103.
Epochs         5500. Current error: 0.0055915089. Bit fail 102.
Epochs         5600. Current error: 0.0055716569. Bit fail 102.
Epochs         5700. Current error: 0.0055529433. Bit fail 101.
Epochs         5800. Current error: 0.0055311741. Bit fail 101.
Epochs         5900. Current error: 0.0055177626. Bit fail 100.
Epochs         6000. Current error: 0.0055067451. Bit fail 100.
Epochs         6100. Current error: 0.0054901722. Bit fail 100.
Epochs         6200. Current error: 0.0054781307. Bit fail 100.
Epochs         6300. Current error: 0.0054652975. Bit fail 98.
Epochs         6400. Current error: 0.0054537305. Bit fail 98.
Epochs         6500. Current error: 0.0054442375. Bit fail 97.
Epochs         6600. Current error: 0.0054297736. Bit fail 97.
Epochs         6700. Current error: 0.0054194424. Bit fail 96.
Epochs         6800. Current error: 0.0054093185. Bit fail 96.
Epochs         6900. Current error: 0.0053991452. Bit fail 98.
Epochs         7000. Current error: 0.0053795413. Bit fail 98.
Epochs         7100. Current error: 0.0053553879. Bit fail 97.
Epochs         7200. Current error: 0.0053343112. Bit fail 97.
Epochs         7300. Current error: 0.0053221788. Bit fail 96.
Epochs         7400. Current error: 0.0052980878. Bit fail 95.
Epochs         7500. Current error: 0.0052746451. Bit fail 95.
Epochs         7600. Current error: 0.0052593327. Bit fail 93.
Epochs         7700. Current error: 0.0052391496. Bit fail 93.
Epochs         7800. Current error: 0.0052253054. Bit fail 93.
Epochs         7900. Current error: 0.0052165324. Bit fail 93.
Epochs         8000. Current error: 0.0052103549. Bit fail 92.
Time elpased for FANN training: 901.047200 seconds
Trained Network by GA+FANN is saved in 
./ALL_S6_959126400_hveto_channels_signif_dt_set_2_training_n70n20n1_c10_mr04_p5000_g200_rmin-25_rmax25_gsigma1_y1001_z03333_f05g09_m8000.net.
Total Running Time: 80938.174887 seconds
