Creating network.
The layer structure is following:
[70, 20, 1]
Setting newtork parameters
Getting training data : ALL_S6_959126400_hveto_channels_signif_dt_set_4_training.pat
Setting GA training parameters
Start running GA
Gen. 0 (0.00%): Max/Min/Avg Fitness(Raw) [24.45(59.24)/18.35(1.02)/20.37(20.37)]
Gen. 1 (0.50%): Max/Min/Avg Fitness(Raw) [23.23(59.24)/17.58(1.02)/19.36(19.36)]
Gen. 2 (1.00%): Max/Min/Avg Fitness(Raw) [23.18(61.68)/17.65(1.02)/19.32(19.32)]
Gen. 3 (1.50%): Max/Min/Avg Fitness(Raw) [22.62(61.68)/17.28(1.02)/18.85(18.85)]
Gen. 4 (2.00%): Max/Min/Avg Fitness(Raw) [20.98(61.68)/16.18(1.02)/17.48(17.48)]
Gen. 5 (2.50%): Max/Min/Avg Fitness(Raw) [21.59(61.68)/16.59(1.02)/17.99(17.99)]
Gen. 6 (3.00%): Max/Min/Avg Fitness(Raw) [22.45(61.68)/17.17(1.02)/18.71(18.71)]
Gen. 7 (3.50%): Max/Min/Avg Fitness(Raw) [21.73(61.68)/16.69(1.02)/18.11(18.11)]
Gen. 8 (4.00%): Max/Min/Avg Fitness(Raw) [21.22(61.68)/16.34(1.02)/17.68(17.68)]
Gen. 9 (4.50%): Max/Min/Avg Fitness(Raw) [21.36(61.68)/16.44(1.02)/17.80(17.80)]
Gen. 10 (5.00%): Max/Min/Avg Fitness(Raw) [21.47(61.68)/16.52(1.02)/17.90(17.90)]
Gen. 11 (5.50%): Max/Min/Avg Fitness(Raw) [21.14(61.68)/16.29(1.02)/17.62(17.62)]
Gen. 12 (6.00%): Max/Min/Avg Fitness(Raw) [21.92(61.68)/16.82(1.02)/18.27(18.27)]
Gen. 13 (6.50%): Max/Min/Avg Fitness(Raw) [22.00(61.68)/16.87(1.02)/18.34(18.34)]
Gen. 14 (7.00%): Max/Min/Avg Fitness(Raw) [22.21(61.68)/17.01(1.02)/18.51(18.51)]
Gen. 15 (7.50%): Max/Min/Avg Fitness(Raw) [22.00(61.68)/16.87(1.02)/18.33(18.33)]
Gen. 16 (8.00%): Max/Min/Avg Fitness(Raw) [20.88(61.68)/16.11(1.02)/17.40(17.40)]
Gen. 17 (8.50%): Max/Min/Avg Fitness(Raw) [21.05(61.68)/16.23(1.02)/17.54(17.54)]
Gen. 18 (9.00%): Max/Min/Avg Fitness(Raw) [20.49(61.68)/15.85(1.02)/17.08(17.08)]
Gen. 19 (9.50%): Max/Min/Avg Fitness(Raw) [21.62(61.68)/16.62(1.02)/18.02(18.02)]
Gen. 20 (10.00%): Max/Min/Avg Fitness(Raw) [22.49(61.68)/17.19(1.02)/18.74(18.74)]
Gen. 21 (10.50%): Max/Min/Avg Fitness(Raw) [21.65(61.68)/16.63(1.02)/18.04(18.04)]
Gen. 22 (11.00%): Max/Min/Avg Fitness(Raw) [22.06(61.68)/16.91(1.02)/18.38(18.38)]
Gen. 23 (11.50%): Max/Min/Avg Fitness(Raw) [20.65(61.68)/15.95(1.02)/17.20(17.20)]
Gen. 24 (12.00%): Max/Min/Avg Fitness(Raw) [21.98(61.68)/16.86(1.02)/18.32(18.32)]
Gen. 25 (12.50%): Max/Min/Avg Fitness(Raw) [20.96(61.68)/16.16(1.02)/17.46(17.46)]
Gen. 26 (13.00%): Max/Min/Avg Fitness(Raw) [21.17(61.68)/16.31(1.02)/17.64(17.64)]
Gen. 27 (13.50%): Max/Min/Avg Fitness(Raw) [21.82(61.68)/16.75(1.02)/18.18(18.18)]
Gen. 28 (14.00%): Max/Min/Avg Fitness(Raw) [20.99(61.68)/16.19(1.02)/17.49(17.49)]
Gen. 29 (14.50%): Max/Min/Avg Fitness(Raw) [21.74(61.68)/16.70(1.02)/18.12(18.12)]
Gen. 30 (15.00%): Max/Min/Avg Fitness(Raw) [20.00(61.68)/15.51(1.02)/16.66(16.66)]
Gen. 31 (15.50%): Max/Min/Avg Fitness(Raw) [22.60(61.68)/17.27(1.02)/18.83(18.83)]
Gen. 32 (16.00%): Max/Min/Avg Fitness(Raw) [21.62(61.68)/16.62(1.02)/18.02(18.02)]
Gen. 33 (16.50%): Max/Min/Avg Fitness(Raw) [22.61(62.40)/17.30(1.02)/18.84(18.84)]
Gen. 34 (17.00%): Max/Min/Avg Fitness(Raw) [19.84(64.36)/15.46(1.02)/16.53(16.53)]
Gen. 35 (17.50%): Max/Min/Avg Fitness(Raw) [18.94(64.36)/14.82(1.02)/15.78(15.78)]
Gen. 36 (18.00%): Max/Min/Avg Fitness(Raw) [18.06(64.36)/14.19(1.02)/15.05(15.05)]
Gen. 37 (18.50%): Max/Min/Avg Fitness(Raw) [18.98(64.36)/14.85(1.02)/15.82(15.82)]
Gen. 38 (19.00%): Max/Min/Avg Fitness(Raw) [18.64(64.36)/14.61(1.02)/15.53(15.53)]
Gen. 39 (19.50%): Max/Min/Avg Fitness(Raw) [17.69(64.36)/13.92(1.02)/14.74(14.74)]
Gen. 40 (20.00%): Max/Min/Avg Fitness(Raw) [18.67(66.04)/14.66(1.02)/15.56(15.56)]
Gen. 41 (20.50%): Max/Min/Avg Fitness(Raw) [23.26(66.04)/17.86(1.02)/19.38(19.38)]
Gen. 42 (21.00%): Max/Min/Avg Fitness(Raw) [24.19(66.04)/18.47(1.02)/20.16(20.16)]
Gen. 43 (21.50%): Max/Min/Avg Fitness(Raw) [23.63(66.04)/18.11(1.02)/19.69(19.69)]
Gen. 44 (22.00%): Max/Min/Avg Fitness(Raw) [24.27(66.04)/18.53(1.02)/20.23(20.23)]
Gen. 45 (22.50%): Max/Min/Avg Fitness(Raw) [23.38(66.04)/17.94(1.02)/19.48(19.48)]
Gen. 46 (23.00%): Max/Min/Avg Fitness(Raw) [23.60(66.04)/18.09(1.02)/19.67(19.67)]
Gen. 47 (23.50%): Max/Min/Avg Fitness(Raw) [24.08(66.04)/18.41(1.02)/20.07(20.07)]
Gen. 48 (24.00%): Max/Min/Avg Fitness(Raw) [24.40(66.04)/18.61(1.02)/20.33(20.33)]
Gen. 49 (24.50%): Max/Min/Avg Fitness(Raw) [23.67(66.04)/18.13(1.02)/19.73(19.73)]
Gen. 50 (25.00%): Max/Min/Avg Fitness(Raw) [24.05(66.04)/18.39(1.02)/20.04(20.04)]
Gen. 51 (25.50%): Max/Min/Avg Fitness(Raw) [24.09(66.04)/18.41(1.02)/20.07(20.07)]
Gen. 52 (26.00%): Max/Min/Avg Fitness(Raw) [22.72(66.82)/17.52(1.02)/18.93(18.93)]
Gen. 53 (26.50%): Max/Min/Avg Fitness(Raw) [22.10(66.82)/17.09(1.02)/18.41(18.41)]
Gen. 54 (27.00%): Max/Min/Avg Fitness(Raw) [22.34(66.82)/17.26(1.02)/18.62(18.62)]
Gen. 55 (27.50%): Max/Min/Avg Fitness(Raw) [22.36(66.82)/17.27(1.02)/18.64(18.64)]
Gen. 56 (28.00%): Max/Min/Avg Fitness(Raw) [21.56(66.82)/16.72(1.02)/17.96(17.96)]
Gen. 57 (28.50%): Max/Min/Avg Fitness(Raw) [23.03(66.82)/17.72(1.02)/19.19(19.19)]
Gen. 58 (29.00%): Max/Min/Avg Fitness(Raw) [20.81(66.82)/16.19(1.02)/17.34(17.34)]
Gen. 59 (29.50%): Max/Min/Avg Fitness(Raw) [22.68(66.82)/17.49(1.02)/18.90(18.90)]
Gen. 60 (30.00%): Max/Min/Avg Fitness(Raw) [22.37(66.82)/17.28(1.02)/18.64(18.64)]
Gen. 61 (30.50%): Max/Min/Avg Fitness(Raw) [21.33(66.82)/16.56(1.02)/17.78(17.78)]
Gen. 62 (31.00%): Max/Min/Avg Fitness(Raw) [21.91(66.82)/16.96(1.02)/18.26(18.26)]
Gen. 63 (31.50%): Max/Min/Avg Fitness(Raw) [22.40(66.82)/17.30(1.02)/18.67(18.67)]
Gen. 64 (32.00%): Max/Min/Avg Fitness(Raw) [21.91(66.82)/16.96(1.02)/18.26(18.26)]
Gen. 65 (32.50%): Max/Min/Avg Fitness(Raw) [21.68(66.82)/16.80(1.02)/18.07(18.07)]
Gen. 66 (33.00%): Max/Min/Avg Fitness(Raw) [22.70(66.82)/17.51(1.02)/18.92(18.92)]
Gen. 67 (33.50%): Max/Min/Avg Fitness(Raw) [21.93(66.82)/16.98(1.02)/18.28(18.28)]
Gen. 68 (34.00%): Max/Min/Avg Fitness(Raw) [22.06(66.82)/17.06(1.02)/18.38(18.38)]
Gen. 69 (34.50%): Max/Min/Avg Fitness(Raw) [21.05(66.82)/16.36(1.02)/17.54(17.54)]
Gen. 70 (35.00%): Max/Min/Avg Fitness(Raw) [21.89(66.82)/16.95(1.02)/18.25(18.25)]
Gen. 71 (35.50%): Max/Min/Avg Fitness(Raw) [21.62(66.82)/16.76(1.02)/18.01(18.01)]
Gen. 72 (36.00%): Max/Min/Avg Fitness(Raw) [22.31(66.82)/17.24(1.02)/18.59(18.59)]
Gen. 73 (36.50%): Max/Min/Avg Fitness(Raw) [21.39(66.82)/16.60(1.02)/17.83(17.83)]
Gen. 74 (37.00%): Max/Min/Avg Fitness(Raw) [22.47(66.82)/17.35(1.02)/18.72(18.72)]
Gen. 75 (37.50%): Max/Min/Avg Fitness(Raw) [23.69(66.82)/18.17(1.02)/19.74(19.74)]
Gen. 76 (38.00%): Max/Min/Avg Fitness(Raw) [23.09(66.82)/17.77(1.02)/19.25(19.25)]
Gen. 77 (38.50%): Max/Min/Avg Fitness(Raw) [21.98(66.82)/17.01(1.02)/18.32(18.32)]
Gen. 78 (39.00%): Max/Min/Avg Fitness(Raw) [21.77(66.82)/16.87(1.02)/18.14(18.14)]
Gen. 79 (39.50%): Max/Min/Avg Fitness(Raw) [22.15(66.82)/17.13(1.02)/18.46(18.46)]
Gen. 80 (40.00%): Max/Min/Avg Fitness(Raw) [22.56(69.85)/17.49(1.02)/18.80(18.80)]
Gen. 81 (40.50%): Max/Min/Avg Fitness(Raw) [16.68(69.85)/13.26(1.02)/13.90(13.90)]
Gen. 82 (41.00%): Max/Min/Avg Fitness(Raw) [18.67(69.85)/14.72(1.02)/15.56(15.56)]
Gen. 83 (41.50%): Max/Min/Avg Fitness(Raw) [17.80(69.85)/14.09(1.02)/14.83(14.83)]
Gen. 84 (42.00%): Max/Min/Avg Fitness(Raw) [15.78(69.85)/12.59(1.02)/13.15(13.15)]
Gen. 85 (42.50%): Max/Min/Avg Fitness(Raw) [17.07(69.85)/13.55(1.02)/14.23(14.23)]
Gen. 86 (43.00%): Max/Min/Avg Fitness(Raw) [17.61(69.85)/13.95(1.02)/14.67(14.67)]
Gen. 87 (43.50%): Max/Min/Avg Fitness(Raw) [18.10(69.85)/14.31(1.02)/15.09(15.09)]
Gen. 88 (44.00%): Max/Min/Avg Fitness(Raw) [17.02(69.85)/13.51(1.02)/14.19(14.19)]
Gen. 89 (44.50%): Max/Min/Avg Fitness(Raw) [17.89(69.85)/14.15(1.02)/14.91(14.91)]
Gen. 90 (45.00%): Max/Min/Avg Fitness(Raw) [17.48(69.85)/13.86(1.02)/14.57(14.57)]
Gen. 91 (45.50%): Max/Min/Avg Fitness(Raw) [17.43(69.85)/13.82(1.02)/14.53(14.53)]
Gen. 92 (46.00%): Max/Min/Avg Fitness(Raw) [17.24(69.85)/13.67(1.02)/14.36(14.36)]
Gen. 93 (46.50%): Max/Min/Avg Fitness(Raw) [18.09(69.85)/14.30(1.02)/15.08(15.08)]
Gen. 94 (47.00%): Max/Min/Avg Fitness(Raw) [16.79(69.85)/13.34(1.02)/13.99(13.99)]
Gen. 95 (47.50%): Max/Min/Avg Fitness(Raw) [18.27(69.85)/14.43(1.02)/15.22(15.22)]
Gen. 96 (48.00%): Max/Min/Avg Fitness(Raw) [17.81(69.85)/14.09(1.02)/14.84(14.84)]
Gen. 97 (48.50%): Max/Min/Avg Fitness(Raw) [16.64(69.85)/13.23(1.02)/13.87(13.87)]
Gen. 98 (49.00%): Max/Min/Avg Fitness(Raw) [16.90(69.85)/13.43(1.02)/14.09(14.09)]
Gen. 99 (49.50%): Max/Min/Avg Fitness(Raw) [16.64(69.85)/13.23(1.02)/13.87(13.87)]
Gen. 100 (50.00%): Max/Min/Avg Fitness(Raw) [17.40(69.85)/13.79(1.02)/14.50(14.50)]
Gen. 101 (50.50%): Max/Min/Avg Fitness(Raw) [17.09(69.85)/13.56(1.02)/14.24(14.24)]
Gen. 102 (51.00%): Max/Min/Avg Fitness(Raw) [17.25(69.85)/13.69(1.02)/14.38(14.38)]
Gen. 103 (51.50%): Max/Min/Avg Fitness(Raw) [17.84(69.85)/14.11(1.02)/14.86(14.86)]
Gen. 104 (52.00%): Max/Min/Avg Fitness(Raw) [17.31(69.85)/13.73(1.02)/14.42(14.42)]
Gen. 105 (52.50%): Max/Min/Avg Fitness(Raw) [16.28(69.85)/12.96(1.02)/13.57(13.57)]
Gen. 106 (53.00%): Max/Min/Avg Fitness(Raw) [17.56(69.85)/13.91(1.02)/14.63(14.63)]
Gen. 107 (53.50%): Max/Min/Avg Fitness(Raw) [16.56(69.85)/13.17(1.02)/13.80(13.80)]
Gen. 108 (54.00%): Max/Min/Avg Fitness(Raw) [18.09(69.85)/14.30(1.02)/15.08(15.08)]
Gen. 109 (54.50%): Max/Min/Avg Fitness(Raw) [17.89(69.85)/14.15(1.02)/14.91(14.91)]
Gen. 110 (55.00%): Max/Min/Avg Fitness(Raw) [17.68(69.85)/14.00(1.02)/14.74(14.74)]
Gen. 111 (55.50%): Max/Min/Avg Fitness(Raw) [16.50(69.85)/13.13(1.02)/13.75(13.75)]
Gen. 112 (56.00%): Max/Min/Avg Fitness(Raw) [17.82(69.85)/14.10(1.02)/14.85(14.85)]
Gen. 113 (56.50%): Max/Min/Avg Fitness(Raw) [17.40(69.85)/13.80(1.02)/14.50(14.50)]
Gen. 114 (57.00%): Max/Min/Avg Fitness(Raw) [17.61(69.85)/13.95(1.02)/14.68(14.68)]
Gen. 115 (57.50%): Max/Min/Avg Fitness(Raw) [17.56(69.85)/13.91(1.02)/14.63(14.63)]
Gen. 116 (58.00%): Max/Min/Avg Fitness(Raw) [17.17(69.85)/13.62(1.02)/14.30(14.30)]
Gen. 117 (58.50%): Max/Min/Avg Fitness(Raw) [17.67(69.85)/14.00(1.02)/14.73(14.73)]
Gen. 118 (59.00%): Max/Min/Avg Fitness(Raw) [17.75(69.85)/14.05(1.02)/14.80(14.80)]
Gen. 119 (59.50%): Max/Min/Avg Fitness(Raw) [17.11(69.85)/13.58(1.02)/14.26(14.26)]
Gen. 120 (60.00%): Max/Min/Avg Fitness(Raw) [16.95(69.85)/13.46(1.02)/14.13(14.13)]
Gen. 121 (60.50%): Max/Min/Avg Fitness(Raw) [17.74(69.85)/14.05(1.02)/14.79(14.79)]
Gen. 122 (61.00%): Max/Min/Avg Fitness(Raw) [17.48(69.85)/13.85(1.02)/14.57(14.57)]
Gen. 123 (61.50%): Max/Min/Avg Fitness(Raw) [16.51(69.85)/13.13(1.02)/13.76(13.76)]
Gen. 124 (62.00%): Max/Min/Avg Fitness(Raw) [16.84(69.85)/13.38(1.02)/14.04(14.04)]
Gen. 125 (62.50%): Max/Min/Avg Fitness(Raw) [17.61(69.85)/13.95(1.02)/14.67(14.67)]
Gen. 126 (63.00%): Max/Min/Avg Fitness(Raw) [17.35(69.85)/13.76(1.02)/14.46(14.46)]
Gen. 127 (63.50%): Max/Min/Avg Fitness(Raw) [17.97(69.85)/14.21(1.02)/14.97(14.97)]
Gen. 128 (64.00%): Max/Min/Avg Fitness(Raw) [18.20(69.85)/14.39(1.02)/15.17(15.17)]
Gen. 129 (64.50%): Max/Min/Avg Fitness(Raw) [16.90(69.85)/13.42(1.02)/14.08(14.08)]
Gen. 130 (65.00%): Max/Min/Avg Fitness(Raw) [16.88(69.85)/13.41(1.02)/14.06(14.06)]
Gen. 131 (65.50%): Max/Min/Avg Fitness(Raw) [17.80(69.85)/14.09(1.02)/14.83(14.83)]
Gen. 132 (66.00%): Max/Min/Avg Fitness(Raw) [16.55(69.85)/13.16(1.02)/13.79(13.79)]
Gen. 133 (66.50%): Max/Min/Avg Fitness(Raw) [17.14(69.85)/13.60(1.02)/14.28(14.28)]
Gen. 134 (67.00%): Max/Min/Avg Fitness(Raw) [17.52(69.85)/13.88(1.02)/14.60(14.60)]
Gen. 135 (67.50%): Max/Min/Avg Fitness(Raw) [17.51(69.85)/13.87(1.02)/14.59(14.59)]
Gen. 136 (68.00%): Max/Min/Avg Fitness(Raw) [17.13(69.85)/13.60(1.02)/14.28(14.28)]
Gen. 137 (68.50%): Max/Min/Avg Fitness(Raw) [17.03(69.85)/13.52(1.02)/14.20(14.20)]
Gen. 138 (69.00%): Max/Min/Avg Fitness(Raw) [16.87(69.85)/13.40(1.02)/14.06(14.06)]
Gen. 139 (69.50%): Max/Min/Avg Fitness(Raw) [17.90(69.85)/14.16(1.02)/14.92(14.92)]
Gen. 140 (70.00%): Max/Min/Avg Fitness(Raw) [17.14(69.85)/13.60(1.02)/14.29(14.29)]
Gen. 141 (70.50%): Max/Min/Avg Fitness(Raw) [16.87(69.85)/13.40(1.02)/14.06(14.06)]
Gen. 142 (71.00%): Max/Min/Avg Fitness(Raw) [17.64(69.85)/13.97(1.02)/14.70(14.70)]
Gen. 143 (71.50%): Max/Min/Avg Fitness(Raw) [17.62(69.85)/13.96(1.02)/14.69(14.69)]
Gen. 144 (72.00%): Max/Min/Avg Fitness(Raw) [16.29(69.85)/12.97(1.02)/13.58(13.58)]
Gen. 145 (72.50%): Max/Min/Avg Fitness(Raw) [17.03(69.85)/13.52(1.02)/14.20(14.20)]
Gen. 146 (73.00%): Max/Min/Avg Fitness(Raw) [17.12(69.85)/13.59(1.02)/14.27(14.27)]
Gen. 147 (73.50%): Max/Min/Avg Fitness(Raw) [16.69(69.85)/13.27(1.02)/13.91(13.91)]
Gen. 148 (74.00%): Max/Min/Avg Fitness(Raw) [17.46(69.85)/13.84(1.02)/14.55(14.55)]
Gen. 149 (74.50%): Max/Min/Avg Fitness(Raw) [17.68(69.85)/14.00(1.02)/14.74(14.74)]
Gen. 150 (75.00%): Max/Min/Avg Fitness(Raw) [17.78(69.85)/14.07(1.02)/14.81(14.81)]
Gen. 151 (75.50%): Max/Min/Avg Fitness(Raw) [15.69(69.85)/12.52(1.02)/13.08(13.08)]
Gen. 152 (76.00%): Max/Min/Avg Fitness(Raw) [17.53(69.85)/13.89(1.02)/14.61(14.61)]
Gen. 153 (76.50%): Max/Min/Avg Fitness(Raw) [16.43(69.85)/13.08(1.02)/13.69(13.69)]
Gen. 154 (77.00%): Max/Min/Avg Fitness(Raw) [16.85(69.85)/13.39(1.02)/14.04(14.04)]
Gen. 155 (77.50%): Max/Min/Avg Fitness(Raw) [16.97(69.85)/13.47(1.02)/14.14(14.14)]
Gen. 156 (78.00%): Max/Min/Avg Fitness(Raw) [18.56(69.85)/14.64(1.02)/15.47(15.47)]
Gen. 157 (78.50%): Max/Min/Avg Fitness(Raw) [16.75(69.85)/13.32(1.02)/13.96(13.96)]
Gen. 158 (79.00%): Max/Min/Avg Fitness(Raw) [16.77(69.85)/13.33(1.02)/13.97(13.97)]
Gen. 159 (79.50%): Max/Min/Avg Fitness(Raw) [15.93(69.85)/12.70(1.02)/13.27(13.27)]
Gen. 160 (80.00%): Max/Min/Avg Fitness(Raw) [17.26(69.85)/13.69(1.02)/14.38(14.38)]
Gen. 161 (80.50%): Max/Min/Avg Fitness(Raw) [17.33(69.85)/13.74(1.02)/14.44(14.44)]
Gen. 162 (81.00%): Max/Min/Avg Fitness(Raw) [17.28(69.85)/13.70(1.02)/14.40(14.40)]
Gen. 163 (81.50%): Max/Min/Avg Fitness(Raw) [17.38(69.85)/13.78(1.02)/14.48(14.48)]
Gen. 164 (82.00%): Max/Min/Avg Fitness(Raw) [18.32(69.85)/14.47(1.02)/15.26(15.26)]
Gen. 165 (82.50%): Max/Min/Avg Fitness(Raw) [17.27(69.85)/13.69(1.02)/14.39(14.39)]
Gen. 166 (83.00%): Max/Min/Avg Fitness(Raw) [17.81(69.85)/14.10(1.02)/14.84(14.84)]
Gen. 167 (83.50%): Max/Min/Avg Fitness(Raw) [17.49(69.85)/13.86(1.02)/14.57(14.57)]
Gen. 168 (84.00%): Max/Min/Avg Fitness(Raw) [16.73(69.85)/13.30(1.02)/13.94(13.94)]
Gen. 169 (84.50%): Max/Min/Avg Fitness(Raw) [16.62(69.85)/13.21(1.02)/13.85(13.85)]
Gen. 170 (85.00%): Max/Min/Avg Fitness(Raw) [17.35(69.85)/13.76(1.02)/14.46(14.46)]
Gen. 171 (85.50%): Max/Min/Avg Fitness(Raw) [16.67(69.85)/13.25(1.02)/13.89(13.89)]
Gen. 172 (86.00%): Max/Min/Avg Fitness(Raw) [17.65(69.85)/13.98(1.02)/14.71(14.71)]
Gen. 173 (86.50%): Max/Min/Avg Fitness(Raw) [17.80(69.85)/14.09(1.02)/14.84(14.84)]
Gen. 174 (87.00%): Max/Min/Avg Fitness(Raw) [18.04(69.85)/14.27(1.02)/15.04(15.04)]
Gen. 175 (87.50%): Max/Min/Avg Fitness(Raw) [17.09(69.85)/13.57(1.02)/14.24(14.24)]
Gen. 176 (88.00%): Max/Min/Avg Fitness(Raw) [16.98(69.85)/13.48(1.02)/14.15(14.15)]
Gen. 177 (88.50%): Max/Min/Avg Fitness(Raw) [16.04(69.85)/12.79(1.02)/13.37(13.37)]
Gen. 178 (89.00%): Max/Min/Avg Fitness(Raw) [17.00(69.85)/13.49(1.02)/14.16(14.16)]
Gen. 179 (89.50%): Max/Min/Avg Fitness(Raw) [17.12(69.85)/13.59(1.02)/14.27(14.27)]
Gen. 180 (90.00%): Max/Min/Avg Fitness(Raw) [17.20(69.85)/13.65(1.02)/14.33(14.33)]
Gen. 181 (90.50%): Max/Min/Avg Fitness(Raw) [16.62(69.85)/13.21(1.02)/13.85(13.85)]
Gen. 182 (91.00%): Max/Min/Avg Fitness(Raw) [16.66(69.85)/13.25(1.02)/13.89(13.89)]
Gen. 183 (91.50%): Max/Min/Avg Fitness(Raw) [17.19(69.85)/13.64(1.02)/14.33(14.33)]
Gen. 184 (92.00%): Max/Min/Avg Fitness(Raw) [17.95(69.85)/14.20(1.02)/14.96(14.96)]
Gen. 185 (92.50%): Max/Min/Avg Fitness(Raw) [16.59(69.85)/13.19(1.02)/13.82(13.82)]
Gen. 186 (93.00%): Max/Min/Avg Fitness(Raw) [17.45(69.85)/13.83(1.02)/14.55(14.55)]
Gen. 187 (93.50%): Max/Min/Avg Fitness(Raw) [16.97(69.85)/13.48(1.02)/14.14(14.14)]
Gen. 188 (94.00%): Max/Min/Avg Fitness(Raw) [17.09(69.85)/13.56(1.02)/14.24(14.24)]
Gen. 189 (94.50%): Max/Min/Avg Fitness(Raw) [17.40(69.85)/13.80(1.02)/14.50(14.50)]
Gen. 190 (95.00%): Max/Min/Avg Fitness(Raw) [17.33(69.85)/13.74(1.02)/14.44(14.44)]
Gen. 191 (95.50%): Max/Min/Avg Fitness(Raw) [16.96(69.85)/13.47(1.02)/14.13(14.13)]
Gen. 192 (96.00%): Max/Min/Avg Fitness(Raw) [16.98(69.85)/13.49(1.02)/14.15(14.15)]
Gen. 193 (96.50%):