Creating network.
The layer structure is following:
[70, 35, 1]
Setting newtork parameters
Getting training data : ALL_S6_959126400_hveto_channels_signif_dt_set_1_training.pat
Setting GA training parameters
Start running GA
Gen. 0 (0.00%): Max/Min/Avg Fitness(Raw) [24.52(53.58)/18.04(1.02)/20.44(20.44)]
Gen. 1 (5.00%): Max/Min/Avg Fitness(Raw) [19.92(57.24)/15.33(1.02)/16.60(16.60)]
Gen. 2 (10.00%): Max/Min/Avg Fitness(Raw) [18.16(57.94)/14.14(1.02)/15.13(15.13)]
Gen. 3 (15.00%): Max/Min/Avg Fitness(Raw) [27.03(57.94)/19.79(1.02)/22.53(22.53)]
Gen. 4 (20.00%): Max/Min/Avg Fitness(Raw) [26.35(57.94)/19.40(1.02)/21.96(21.96)]
Gen. 5 (25.00%): Max/Min/Avg Fitness(Raw) [28.70(57.94)/20.70(1.02)/23.92(23.92)]
Gen. 6 (30.00%): Max/Min/Avg Fitness(Raw) [27.05(57.96)/19.80(1.02)/22.54(22.54)]
Gen. 7 (35.00%): Max/Min/Avg Fitness(Raw) [26.10(58.51)/19.30(1.02)/21.75(21.75)]
Gen. 8 (40.00%): Max/Min/Avg Fitness(Raw) [27.21(59.70)/20.02(1.02)/22.68(22.68)]
Gen. 9 (45.00%): Max/Min/Avg Fitness(Raw) [29.37(60.75)/21.31(1.02)/24.48(24.48)]
Gen. 10 (50.00%): Max/Min/Avg Fitness(Raw) [33.73(65.13)/24.00(1.02)/28.11(28.11)]
Gen. 11 (55.00%): Max/Min/Avg Fitness(Raw) [21.97(65.13)/16.96(1.02)/18.31(18.31)]
Gen. 12 (60.00%): Max/Min/Avg Fitness(Raw) [21.09(65.13)/16.35(1.02)/17.58(17.58)]
Gen. 13 (65.00%): Max/Min/Avg Fitness(Raw) [21.60(65.13)/16.70(1.02)/18.00(18.00)]
Gen. 14 (70.00%): Max/Min/Avg Fitness(Raw) [20.22(65.13)/15.74(1.02)/16.85(16.85)]
Gen. 15 (75.00%): Max/Min/Avg Fitness(Raw) [20.78(65.13)/16.13(1.02)/17.31(17.31)]
Gen. 16 (80.00%): Max/Min/Avg Fitness(Raw) [21.47(65.13)/16.62(1.02)/17.89(17.89)]
Gen. 17 (85.00%): Max/Min/Avg Fitness(Raw) [22.39(65.13)/17.24(1.02)/18.66(18.66)]
Gen. 18 (90.00%): Max/Min/Avg Fitness(Raw) [21.04(65.13)/16.32(1.02)/17.53(17.53)]
Gen. 19 (95.00%): Max/Min/Avg Fitness(Raw) [21.55(65.13)/16.67(1.02)/17.96(17.96)]
Gen. 20 (100.00%): Max/Min/Avg Fitness(Raw) [21.52(65.13)/16.65(1.02)/17.93(17.93)]
Total time elapsed: 2432.654 seconds.
GA MSE : 0.970398
Best initial connection wetighs are set on Network
Setting FANN training parameters
Input layer                          :  70 neurons, 1 bias
  Hidden layer                       :  35 neurons, 1 bias
Output layer                         :   1 neurons
Total neurons and biases             : 108
Total connections                    :2521
Connection rate                      :   1.000
Network type                         :   FANN_NETTYPE_LAYER
Training algorithm                   :   FANN_TRAIN_RPROP
Training error function              :   FANN_ERRORFUNC_TANH
Training stop function               :   FANN_STOPFUNC_MSE
Bit fail limit                       :   0.350
Learning rate                        :   0.700
Learning momentum                    :   0.000
Quickprop decay                      :  -0.000100
Quickprop mu                         :   1.750
RPROP increase factor                :   1.001
RPROP decrease factor                :   0.333
RPROP delta min                      :   0.000
RPROP delta max                      :  50.000
Cascade output change fraction       :   0.010000
Cascade candidate change fraction    :   0.010000
Cascade output stagnation epochs     :  12
Cascade candidate stagnation epochs  :  12
Cascade max output epochs            : 150
Cascade max candidate epochs         : 150
Cascade weight multiplier            :   0.400
Cascade candidate limit              :1000.000
Cascade activation functions[0]      :   FANN_SIGMOID
Cascade activation functions[1]      :   FANN_SIGMOID_SYMMETRIC
Cascade activation functions[2]      :   FANN_GAUSSIAN
Cascade activation functions[3]      :   FANN_GAUSSIAN_SYMMETRIC
Cascade activation functions[4]      :   FANN_ELLIOT
Cascade activation functions[5]      :   FANN_ELLIOT_SYMMETRIC
Cascade activation functions[6]      :   FANN_SIN_SYMMETRIC
Cascade activation functions[7]      :   FANN_COS_SYMMETRIC
Cascade activation functions[8]      :   FANN_SIN
Cascade activation functions[9]      :   FANN_COS
Cascade activation steepnesses[0]    :   0.250
Cascade activation steepnesses[1]    :   0.500
Cascade activation steepnesses[2]    :   0.750
Cascade activation steepnesses[3]    :   1.000
Cascade candidate groups             :   2
Cascade no. of candidates            :  80
Start training network with 2-algorithm in FANN
Max epochs     8000. Desired error: 0.0010000000.
Epochs            1. Current error: 0.0153548326. Bit fail 268.
Epochs          100. Current error: 0.0148857813. Bit fail 254.
Epochs          200. Current error: 0.0146521265. Bit fail 250.
Epochs          300. Current error: 0.0145615237. Bit fail 253.
Epochs          400. Current error: 0.0143873170. Bit fail 250.
Epochs          500. Current error: 0.0142487586. Bit fail 247.
Epochs          600. Current error: 0.0141704427. Bit fail 244.
Epochs          700. Current error: 0.0139646148. Bit fail 242.
Epochs          800. Current error: 0.0138109745. Bit fail 239.
Epochs          900. Current error: 0.0135284634. Bit fail 238.
Epochs         1000. Current error: 0.0132963117. Bit fail 231.
Epochs         1100. Current error: 0.0132843722. Bit fail 266.
Epochs         1200. Current error: 0.0133296242. Bit fail 262.
Epochs         1300. Current error: 0.0131866485. Bit fail 257.
Epochs         1400. Current error: 0.0130740777. Bit fail 254.
Epochs         1500. Current error: 0.0130153410. Bit fail 251.
Epochs         1600. Current error: 0.0127195474. Bit fail 242.
Epochs         1700. Current error: 0.0126313968. Bit fail 237.
Epochs         1800. Current error: 0.0125941150. Bit fail 233.
Epochs         1900. Current error: 0.0125792436. Bit fail 233.
Epochs         2000. Current error: 0.0124991508. Bit fail 231.
Epochs         2100. Current error: 0.0123881167. Bit fail 231.
Epochs         2200. Current error: 0.0123485178. Bit fail 231.
Epochs         2300. Current error: 0.0122301420. Bit fail 229.
Epochs         2400. Current error: 0.0119277397. Bit fail 226.
Epochs         2500. Current error: 0.0118731083. Bit fail 208.
Epochs         2600. Current error: 0.0118741794. Bit fail 207.
Epochs         2700. Current error: 0.0117897233. Bit fail 206.
Epochs         2800. Current error: 0.0118079009. Bit fail 206.
Epochs         2900. Current error: 0.0117762983. Bit fail 206.
Epochs         3000. Current error: 0.0117373802. Bit fail 210.
Epochs         3100. Current error: 0.0115510933. Bit fail 204.
Epochs         3200. Current error: 0.0115882456. Bit fail 204.
Epochs         3300. Current error: 0.0115697505. Bit fail 205.
Epochs         3400. Current error: 0.0115688322. Bit fail 202.
Epochs         3500. Current error: 0.0115734693. Bit fail 202.
Epochs         3600. Current error: 0.0115302429. Bit fail 202.
Epochs         3700. Current error: 0.0113768587. Bit fail 200.
Epochs         3800. Current error: 0.0114019355. Bit fail 199.
Epochs         3900. Current error: 0.0113773234. Bit fail 199.
Epochs         4000. Current error: 0.0113785965. Bit fail 198.
Epochs         4100. Current error: 0.0113319885. Bit fail 199.
Epochs         4200. Current error: 0.0113605037. Bit fail 199.
Epochs         4300. Current error: 0.0112835523. Bit fail 197.
Epochs         4400. Current error: 0.0112184975. Bit fail 200.
Epochs         4500. Current error: 0.0111665996. Bit fail 200.
Epochs         4600. Current error: 0.0110717425. Bit fail 196.
Epochs         4700. Current error: 0.0110711176. Bit fail 196.
Epochs         4800. Current error: 0.0110054296. Bit fail 193.
Epochs         4900. Current error: 0.0109732263. Bit fail 194.
Epochs         5000. Current error: 0.0110382186. Bit fail 194.
Epochs         5100. Current error: 0.0110397311. Bit fail 192.
Epochs         5200. Current error: 0.0109792994. Bit fail 191.
Epochs         5300. Current error: 0.0109052118. Bit fail 191.
Epochs         5400. Current error: 0.0108557660. Bit fail 188.
Epochs         5500. Current error: 0.0108112218. Bit fail 187.
Epochs         5600. Current error: 0.0107763503. Bit fail 187.
Epochs         5700. Current error: 0.0107308012. Bit fail 189.
Epochs         5800. Current error: 0.0106546180. Bit fail 187.
Epochs         5900. Current error: 0.0106459521. Bit fail 186.
Epochs         6000. Current error: 0.0107001383. Bit fail 185.
Epochs         6100. Current error: 0.0107570142. Bit fail 187.
Epochs         6200. Current error: 0.0107776206. Bit fail 186.
Epochs         6300. Current error: 0.0107355695. Bit fail 187.
Epochs         6400. Current error: 0.0106334388. Bit fail 187.
Epochs         6500. Current error: 0.0106751518. Bit fail 188.
Epochs         6600. Current error: 0.0106697381. Bit fail 186.
Epochs         6700. Current error: 0.0107381549. Bit fail 187.
Epochs         6800. Current error: 0.0107451202. Bit fail 187.
Epochs         6900. Current error: 0.0108009130. Bit fail 188.
Epochs         7000. Current error: 0.0107027851. Bit fail 188.
Epochs         7100. Current error: 0.0107240072. Bit fail 186.
Epochs         7200. Current error: 0.0107368724. Bit fail 188.
Epochs         7300. Current error: 0.0107076252. Bit fail 188.
Epochs         7400. Current error: 0.0107362280. Bit fail 189.
Epochs         7500. Current error: 0.0107670063. Bit fail 193.
Epochs         7600. Current error: 0.0101239458. Bit fail 179.
Epochs         7700. Current error: 0.0099153472. Bit fail 178.
Epochs         7800. Current error: 0.0100406241. Bit fail 181.
Epochs         7900. Current error: 0.0100634294. Bit fail 182.
Epochs         8000. Current error: 0.0100089535. Bit fail 181.
Time elpased for FANN training: 1500.090122 seconds
Trained Network by GA+FANN is saved in 
./ALL_S6_959126400_hveto_channels_signif_dt_set_1_training_n70n35n1_c10_mr10_p500_g20_rmin-25_rmax25_gsigma50_y1001_z03333_f05g09_m8000.net.
Total Running Time: 3933.198644 seconds
