Creating network.
The layer structure is following:
[70, 30, 1]
Setting newtork parameters
Getting training data : ALL_S6_959126400_hveto_channels_signif_dt_set_2_training.pat
Setting GA training parameters
Start running GA
Gen. 0 (0.00%): Max/Min/Avg Fitness(Raw) [24.91(60.69)/18.70(1.02)/20.76(20.76)]
Gen. 1 (0.50%): Max/Min/Avg Fitness(Raw) [67.39(66.11)/0.00(9.43)/59.36(59.36)]
Gen. 2 (1.00%): Max/Min/Avg Fitness(Raw) [69.37(69.11)/0.00(2.43)/62.71(62.71)]
Gen. 3 (1.50%): Max/Min/Avg Fitness(Raw) [71.66(70.93)/0.00(7.01)/64.89(64.89)]
Gen. 4 (2.00%): Max/Min/Avg Fitness(Raw) [72.66(72.22)/0.00(3.87)/65.21(65.21)]
Gen. 5 (2.50%): Max/Min/Avg Fitness(Raw) [73.76(73.61)/0.00(1.21)/65.85(65.85)]
Gen. 6 (3.00%): Max/Min/Avg Fitness(Raw) [75.34(74.19)/0.00(8.51)/66.36(66.36)]
Gen. 7 (3.50%): Max/Min/Avg Fitness(Raw) [76.53(75.31)/0.00(8.43)/66.86(66.86)]
Gen. 8 (4.00%): Max/Min/Avg Fitness(Raw) [77.24(76.24)/0.00(7.84)/68.49(68.49)]
Gen. 9 (4.50%): Max/Min/Avg Fitness(Raw) [78.38(77.03)/0.00(10.49)/69.46(69.46)]
Gen. 10 (5.00%): Max/Min/Avg Fitness(Raw) [78.85(78.54)/0.00(2.59)/70.47(70.47)]
Gen. 11 (5.50%): Max/Min/Avg Fitness(Raw) [80.93(79.45)/0.00(10.77)/71.13(71.13)]
Gen. 12 (6.00%): Max/Min/Avg Fitness(Raw) [80.71(79.84)/0.00(6.73)/71.48(71.48)]
Gen. 13 (6.50%): Max/Min/Avg Fitness(Raw) [81.29(80.64)/0.00(4.90)/71.82(71.82)]
Gen. 14 (7.00%): Max/Min/Avg Fitness(Raw) [81.13(80.98)/0.00(1.16)/71.98(71.98)]
Gen. 15 (7.50%): Max/Min/Avg Fitness(Raw) [81.46(81.29)/0.00(1.31)/72.21(72.21)]
Gen. 16 (8.00%): Max/Min/Avg Fitness(Raw) [81.69(81.52)/0.00(1.29)/72.30(72.30)]
Gen. 17 (8.50%): Max/Min/Avg Fitness(Raw) [83.14(81.99)/0.00(7.59)/72.22(72.22)]
Gen. 18 (9.00%): Max/Min/Avg Fitness(Raw) [83.45(82.45)/0.00(6.25)/71.98(71.98)]
Gen. 19 (9.50%): Max/Min/Avg Fitness(Raw) [83.98(82.72)/0.00(7.77)/72.32(72.32)]
Gen. 20 (10.00%): Max/Min/Avg Fitness(Raw) [83.14(82.98)/0.00(1.09)/72.49(72.49)]
Gen. 21 (10.50%): Max/Min/Avg Fitness(Raw) [83.72(83.19)/0.00(3.52)/72.78(72.78)]
Gen. 22 (11.00%): Max/Min/Avg Fitness(Raw) [85.37(83.77)/0.00(9.62)/73.21(73.21)]
Gen. 23 (11.50%): Max/Min/Avg Fitness(Raw) [85.40(84.00)/0.00(8.68)/73.59(73.59)]
Gen. 24 (12.00%): Max/Min/Avg Fitness(Raw) [84.84(84.32)/0.00(3.18)/72.99(72.99)]
Gen. 25 (12.50%): Max/Min/Avg Fitness(Raw) [85.01(84.74)/0.00(1.82)/73.86(73.86)]
Gen. 26 (13.00%): Max/Min/Avg Fitness(Raw) [86.08(84.89)/0.00(7.65)/74.48(74.48)]
Gen. 27 (13.50%): Max/Min/Avg Fitness(Raw) [85.35(85.04)/0.00(2.07)/74.41(74.41)]
Gen. 28 (14.00%): Max/Min/Avg Fitness(Raw) [86.72(85.35)/0.00(8.50)/74.69(74.69)]
Gen. 29 (14.50%): Max/Min/Avg Fitness(Raw) [85.99(85.58)/0.00(2.72)/74.50(74.50)]
Gen. 30 (15.00%): Max/Min/Avg Fitness(Raw) [86.42(85.87)/0.00(3.62)/74.91(74.91)]
Gen. 31 (15.50%): Max/Min/Avg Fitness(Raw) [86.74(86.13)/0.00(4.04)/75.42(75.42)]
Gen. 32 (16.00%): Max/Min/Avg Fitness(Raw) [87.74(86.55)/0.00(7.24)/75.42(75.42)]
Gen. 33 (16.50%): Max/Min/Avg Fitness(Raw) [88.24(87.03)/0.00(6.82)/74.92(74.92)]
Gen. 34 (17.00%): Max/Min/Avg Fitness(Raw) [89.36(87.47)/0.00(9.47)/74.48(74.48)]
Gen. 35 (17.50%): Max/Min/Avg Fitness(Raw) [87.78(87.49)/0.00(1.60)/74.62(74.62)]
Gen. 36 (18.00%): Max/Min/Avg Fitness(Raw) [89.02(87.99)/0.00(5.22)/74.36(74.36)]
Gen. 37 (18.50%): Max/Min/Avg Fitness(Raw) [90.18(88.27)/0.00(9.61)/75.25(75.25)]
Gen. 38 (19.00%): Max/Min/Avg Fitness(Raw) [89.97(88.40)/0.00(7.83)/74.93(74.93)]
Gen. 39 (19.50%): Max/Min/Avg Fitness(Raw) [88.82(88.60)/0.00(1.15)/74.71(74.71)]
Gen. 40 (20.00%): Max/Min/Avg Fitness(Raw) [88.87(88.67)/0.00(1.13)/75.29(75.29)]
Gen. 41 (20.50%): Max/Min/Avg Fitness(Raw) [89.79(88.94)/0.00(4.57)/75.66(75.66)]
Gen. 42 (21.00%): Max/Min/Avg Fitness(Raw) [90.50(89.27)/0.00(6.08)/75.21(75.21)]
Gen. 43 (21.50%): Max/Min/Avg Fitness(Raw) [92.18(89.96)/0.00(9.72)/75.03(75.03)]
Gen. 44 (22.00%): Max/Min/Avg Fitness(Raw) [90.27(90.05)/0.00(1.16)/75.82(75.82)]
Gen. 45 (22.50%): Max/Min/Avg Fitness(Raw) [91.30(90.09)/0.00(5.87)/75.69(75.69)]
Gen. 46 (23.00%): Max/Min/Avg Fitness(Raw) [91.00(90.39)/0.00(2.99)/75.47(75.47)]
Gen. 47 (23.50%): Max/Min/Avg Fitness(Raw) [90.70(90.49)/0.00(1.07)/75.81(75.81)]
Gen. 48 (24.00%): Max/Min/Avg Fitness(Raw) [91.41(91.18)/0.00(1.09)/75.97(75.97)]
Gen. 49 (24.50%): Max/Min/Avg Fitness(Raw) [91.95(91.36)/0.00(2.78)/75.93(75.93)]
Gen. 50 (25.00%): Max/Min/Avg Fitness(Raw) [93.06(91.54)/0.00(6.85)/76.19(76.19)]
Gen. 51 (25.50%): Max/Min/Avg Fitness(Raw) [92.97(91.83)/0.00(5.16)/76.18(76.18)]
Gen. 52 (26.00%): Max/Min/Avg Fitness(Raw) [92.31(92.08)/0.00(1.07)/76.34(76.34)]
Gen. 53 (26.50%): Max/Min/Avg Fitness(Raw) [92.51(92.24)/0.00(1.27)/76.52(76.52)]
Gen. 54 (27.00%): Max/Min/Avg Fitness(Raw) [93.03(92.73)/0.00(1.37)/76.62(76.62)]
Gen. 55 (27.50%): Max/Min/Avg Fitness(Raw) [94.82(92.92)/0.00(8.20)/77.01(77.01)]
Gen. 56 (28.00%): Max/Min/Avg Fitness(Raw) [93.80(93.56)/0.00(1.11)/77.51(77.51)]
Gen. 57 (28.50%): Max/Min/Avg Fitness(Raw) [94.28(93.57)/0.00(3.26)/77.61(77.61)]
Gen. 58 (29.00%): Max/Min/Avg Fitness(Raw) [95.15(93.62)/0.00(6.76)/77.54(77.54)]
Gen. 59 (29.50%): Max/Min/Avg Fitness(Raw) [94.48(93.92)/0.00(2.59)/77.73(77.73)]
Gen. 60 (30.00%): Max/Min/Avg Fitness(Raw) [96.31(93.92)/0.00(10.04)/77.81(77.81)]
Gen. 61 (30.50%): Max/Min/Avg Fitness(Raw) [96.06(94.02)/0.00(8.73)/77.85(77.85)]
Gen. 62 (31.00%): Max/Min/Avg Fitness(Raw) [96.84(94.62)/0.00(8.87)/77.42(77.42)]
Gen. 63 (31.50%): Max/Min/Avg Fitness(Raw) [96.44(94.74)/0.00(7.14)/77.86(77.86)]
Gen. 64 (32.00%): Max/Min/Avg Fitness(Raw) [95.43(94.76)/0.00(2.99)/77.93(77.93)]
Gen. 65 (32.50%): Max/Min/Avg Fitness(Raw) [95.86(95.02)/0.00(3.64)/77.78(77.78)]
Gen. 66 (33.00%): Max/Min/Avg Fitness(Raw) [95.33(95.09)/0.00(1.08)/77.89(77.89)]
Gen. 67 (33.50%): Max/Min/Avg Fitness(Raw) [97.17(95.10)/0.00(8.50)/78.14(78.14)]
Gen. 68 (34.00%): Max/Min/Avg Fitness(Raw) [95.68(95.27)/0.00(1.86)/78.42(78.42)]
Gen. 69 (34.50%): Max/Min/Avg Fitness(Raw) [97.24(95.35)/0.00(8.04)/78.75(78.75)]
Gen. 70 (35.00%): Max/Min/Avg Fitness(Raw) [96.93(95.36)/0.00(6.56)/78.27(78.27)]
Gen. 71 (35.50%): Max/Min/Avg Fitness(Raw) [97.40(95.47)/0.00(7.92)/78.27(78.27)]
Gen. 72 (36.00%): Max/Min/Avg Fitness(Raw) [96.23(95.60)/0.00(2.91)/79.03(79.03)]
Gen. 73 (36.50%): Max/Min/Avg Fitness(Raw) [96.16(95.76)/0.00(1.79)/78.51(78.51)]
Gen. 74 (37.00%): Max/Min/Avg Fitness(Raw) [96.05(95.80)/0.00(1.12)/78.81(78.81)]
Gen. 75 (37.50%): Max/Min/Avg Fitness(Raw) [97.68(95.90)/0.00(7.63)/79.14(79.14)]
Gen. 76 (38.00%): Max/Min/Avg Fitness(Raw) [96.23(95.92)/0.00(1.43)/78.91(78.91)]
Gen. 77 (38.50%): Max/Min/Avg Fitness(Raw) [97.87(95.96)/0.00(7.89)/78.85(78.85)]
Gen. 78 (39.00%): Max/Min/Avg Fitness(Raw) [96.25(96.02)/0.00(1.08)/79.10(79.10)]
Gen. 79 (39.50%): Max/Min/Avg Fitness(Raw) [97.52(96.07)/0.00(6.18)/79.01(79.01)]
Gen. 80 (40.00%): Max/Min/Avg Fitness(Raw) [96.33(96.09)/0.00(1.13)/79.04(79.04)]
Gen. 81 (40.50%): Max/Min/Avg Fitness(Raw) [98.31(96.12)/0.00(9.17)/79.36(79.36)]
Gen. 82 (41.00%): Max/Min/Avg Fitness(Raw) [98.77(96.67)/0.00(8.37)/78.95(78.95)]
Gen. 83 (41.50%): Max/Min/Avg Fitness(Raw) [99.06(96.68)/0.00(9.83)/79.76(79.76)]
Gen. 84 (42.00%): Max/Min/Avg Fitness(Raw) [99.08(96.68)/0.00(9.62)/79.26(79.26)]
Gen. 85 (42.50%): Max/Min/Avg Fitness(Raw) [97.28(96.80)/0.00(2.16)/79.58(79.58)]
Gen. 86 (43.00%): Max/Min/Avg Fitness(Raw) [98.16(97.21)/0.00(4.40)/80.74(80.74)]
Gen. 87 (43.50%): Max/Min/Avg Fitness(Raw) [97.69(97.39)/0.00(1.44)/80.53(80.53)]
Gen. 88 (44.00%): Max/Min/Avg Fitness(Raw) [99.70(97.62)/0.00(8.59)/80.31(80.31)]
Gen. 89 (44.50%): Max/Min/Avg Fitness(Raw) [99.72(97.86)/0.00(7.65)/80.18(80.18)]
Gen. 90 (45.00%): Max/Min/Avg Fitness(Raw) [99.51(98.06)/0.00(6.07)/80.28(80.28)]
Gen. 91 (45.50%): Max/Min/Avg Fitness(Raw) [99.36(98.15)/0.00(5.18)/80.53(80.53)]
Gen. 92 (46.00%): Max/Min/Avg Fitness(Raw) [101.02(98.21)/0.00(11.02)/80.46(80.46)]
Gen. 93 (46.50%): Max/Min/Avg Fitness(Raw) [99.47(98.28)/0.00(4.97)/80.20(80.20)]
Gen. 94 (47.00%): Max/Min/Avg Fitness(Raw) [98.89(98.63)/0.00(1.17)/80.75(80.75)]
Gen. 95 (47.50%): Max/Min/Avg Fitness(Raw) [98.95(98.68)/0.00(1.20)/80.70(80.70)]
Gen. 96 (48.00%): Max/Min/Avg Fitness(Raw) [99.16(98.71)/0.00(2.19)/82.21(82.21)]
Gen. 97 (48.50%): Max/Min/Avg Fitness(Raw) [99.76(98.91)/0.00(3.90)/81.89(81.89)]
Gen. 98 (49.00%): Max/Min/Avg Fitness(Raw) [100.57(98.95)/0.00(6.97)/81.59(81.59)]
Gen. 99 (49.50%): Max/Min/Avg Fitness(Raw) [99.33(98.97)/0.00(1.65)/81.54(81.54)]
Gen. 100 (50.00%): Max/Min/Avg Fitness(Raw) [99.38(98.97)/0.00(1.85)/81.37(81.37)]
Gen. 101 (50.50%): Max/Min/Avg Fitness(Raw) [101.28(98.97)/0.00(9.54)/81.55(81.55)]
Gen. 102 (51.00%): Max/Min/Avg Fitness(Raw) [100.30(99.00)/0.00(5.71)/81.64(81.64)]
Gen. 103 (51.50%): Max/Min/Avg Fitness(Raw) [99.52(99.29)/0.00(1.07)/81.71(81.71)]
Gen. 104 (52.00%): Max/Min/Avg Fitness(Raw) [99.66(99.31)/0.00(1.63)/81.76(81.76)]
Gen. 105 (52.50%): Max/Min/Avg Fitness(Raw) [100.12(99.53)/0.00(2.58)/81.42(81.42)]
Gen. 106 (53.00%): Max/Min/Avg Fitness(Raw) [101.53(99.90)/0.00(6.52)/81.29(81.29)]
Gen. 107 (53.50%): Max/Min/Avg Fitness(Raw) [101.08(100.04)/0.00(4.23)/81.12(81.12)]
Gen. 108 (54.00%): Max/Min/Avg Fitness(Raw) [100.48(100.21)/0.00(1.17)/81.54(81.54)]
Gen. 109 (54.50%): Max/Min/Avg Fitness(Raw) [101.85(100.21)/0.00(6.36)/80.97(80.97)]
Gen. 110 (55.00%): Max/Min/Avg Fitness(Raw) [102.83(100.21)/0.00(9.86)/81.22(81.22)]
Gen. 111 (55.50%): Max/Min/Avg Fitness(Raw) [101.58(100.21)/0.00(5.42)/81.07(81.07)]
Gen. 112 (56.00%): Max/Min/Avg Fitness(Raw) [100.67(100.21)/0.00(1.92)/81.21(81.21)]
Gen. 113 (56.50%): Max/Min/Avg Fitness(Raw) [102.08(100.27)/0.00(6.99)/81.08(81.08)]
Gen. 114 (57.00%): Max/Min/Avg Fitness(Raw) [101.54(100.27)/0.00(5.13)/81.33(81.33)]
Gen. 115 (57.50%): Max/Min/Avg Fitness(Raw) [102.36(100.27)/0.00(7.86)/80.82(80.82)]
Gen. 116 (58.00%): Max/Min/Avg Fitness(Raw) [101.90(100.27)/0.00(6.43)/81.29(81.29)]
Gen. 117 (58.50%): Max/Min/Avg Fitness(Raw) [101.00(100.27)/0.00(3.05)/81.68(81.68)]
Gen. 118 (59.00%): Max/Min/Avg Fitness(Raw) [101.14(100.33)/0.00(3.37)/81.49(81.49)]
Gen. 119 (59.50%): Max/Min/Avg Fitness(Raw) [101.06(100.43)/0.00(2.61)/81.30(81.30)]
Gen. 120 (60.00%): Max/Min/Avg Fitness(Raw) [100.75(100.46)/0.00(1.20)/81.45(81.45)]
Gen. 121 (60.50%): Max/Min/Avg Fitness(Raw) [101.49(100.56)/0.00(3.87)/81.69(81.69)]
Gen. 122 (61.00%): Max/Min/Avg Fitness(Raw) [102.28(100.56)/0.00(6.91)/81.88(81.88)]
Gen. 123 (61.50%): Max/Min/Avg Fitness(Raw) [102.44(100.56)/0.00(7.49)/81.91(81.91)]
Gen. 124 (62.00%): Max/Min/Avg Fitness(Raw) [102.35(100.75)/0.00(6.46)/82.03(82.03)]
Gen. 125 (62.50%): Max/Min/Avg Fitness(Raw) [103.27(100.75)/0.00(9.41)/81.43(81.43)]
Gen. 126 (63.00%): Max/Min/Avg Fitness(Raw) [101.37(100.75)/0.00(2.58)/81.64(81.64)]
Gen. 127 (63.50%): Max/Min/Avg Fitness(Raw) [101.11(100.75)/0.00(1.48)/81.23(81.23)]
Gen. 128 (64.00%): Max/Min/Avg Fitness(Raw) [102.91(100.80)/0.00(8.15)/81.79(81.79)]
Gen. 129 (64.50%): Max/Min/Avg Fitness(Raw) [102.53(100.80)/0.00(6.56)/81.19(81.19)]
Gen. 130 (65.00%): Max/Min/Avg Fitness(Raw) [103.00(100.97)/0.00(7.84)/81.77(81.77)]
Gen. 131 (65.50%): Max/Min/Avg Fitness(Raw) [102.22(100.97)/0.00(5.06)/81.86(81.86)]
Gen. 132 (66.00%): Max/Min/Avg Fitness(Raw) [101.47(100.97)/0.00(2.11)/81.94(81.94)]
Gen. 133 (66.50%): Max/Min/Avg Fitness(Raw) [101.65(101.13)/0.00(2.16)/82.05(82.05)]
Gen. 134 (67.00%): Max/Min/Avg Fitness(Raw) [102.73(101.13)/0.00(6.30)/81.98(81.98)]
Gen. 135 (67.50%): Max/Min/Avg Fitness(Raw) [102.85(101.13)/0.00(6.83)/82.15(82.15)]
Gen. 136 (68.00%): Max/Min/Avg Fitness(Raw) [103.09(101.13)/0.00(7.71)/82.18(82.18)]
Gen. 137 (68.50%): Max/Min/Avg Fitness(Raw) [102.69(101.13)/0.00(6.10)/81.81(81.81)]
Gen. 138 (69.00%): Max/Min/Avg Fitness(Raw) [103.04(101.13)/0.00(7.57)/82.27(82.27)]
Gen. 139 (69.50%): Max/Min/Avg Fitness(Raw) [102.99(101.13)/0.00(7.25)/81.98(81.98)]
Gen. 140 (70.00%): Max/Min/Avg Fitness(Raw) [101.45(101.19)/0.00(1.11)/82.30(82.30)]
Gen. 141 (70.50%): Max/Min/Avg Fitness(Raw) [103.01(101.19)/0.00(7.01)/81.83(81.83)]
Gen. 142 (71.00%): Max/Min/Avg Fitness(Raw) [101.57(101.19)/0.00(1.57)/82.02(82.02)]
Gen. 143 (71.50%): Max/Min/Avg Fitness(Raw) [103.66(101.19)/0.00(9.43)/82.16(82.16)]
Gen. 144 (72.00%): Max/Min/Avg Fitness(Raw) [103.27(101.19)/0.00(8.04)/82.02(82.02)]
Gen. 145 (72.50%): Max/Min/Avg Fitness(Raw) [103.24(101.19)/0.00(7.70)/81.53(81.53)]
Gen. 146 (73.00%): Max/Min/Avg Fitness(Raw) [101.61(101.21)/0.00(1.64)/81.51(81.51)]
Gen. 147 (73.50%): Max/Min/Avg Fitness(Raw) [103.09(101.21)/0.00(7.38)/82.15(82.15)]
Gen. 148 (74.00%): Max/Min/Avg Fitness(Raw) [102.52(101.21)/0.00(5.35)/82.30(82.30)]
Gen. 149 (74.50%): Max/Min/Avg Fitness(Raw) [101.61(101.22)/0.00(1.65)/82.16(82.16)]
Gen. 150 (75.00%): Max/Min/Avg Fitness(Raw) [102.83(101.22)/0.00(6.58)/82.63(82.63)]
Gen. 151 (75.50%): Max/Min/Avg Fitness(Raw) [103.66(101.22)/0.00(9.33)/82.18(82.18)]
Gen. 152 (76.00%): Max/Min/Avg Fitness(Raw) [103.01(101.22)/0.00(7.30)/82.70(82.70)]
Gen. 153 (76.50%): Max/Min/Avg Fitness(Raw) [103.30(101.22)/0.00(8.05)/82.05(82.05)]
Gen. 154 (77.00%): Max/Min/Avg Fitness(Raw) [103.25(101.22)/0.00(8.15)/82.64(82.64)]
Gen. 155 (77.50%): Max/Min/Avg Fitness(Raw) [103.06(101.33)/0.00(6.81)/82.21(82.21)]
Gen. 156 (78.00%): Max/Min/Avg Fitness(Raw) [101.74(101.50)/0.00(1.06)/83.12(83.12)]
Gen. 157 (78.50%): Max/Min/Avg Fitness(Raw) [102.88(102.24)/0.00(2.82)/83.89(83.89)]
Gen. 158 (79.00%): Max/Min/Avg Fitness(Raw) [104.65(102.71)/0.00(8.00)/84.16(84.16)]
Gen. 159 (79.50%): Max/Min/Avg Fitness(Raw) [104.38(102.85)/0.00(6.52)/84.52(84.52)]
Gen. 160 (80.00%): Max/Min/Avg Fitness(Raw) [103.95(102.85)/0.00(4.70)/84.21(84.21)]
Gen. 161 (80.50%): Max/Min/Avg Fitness(Raw) [103.13(102.87)/0.00(1.18)/84.41(84.41)]
Gen. 162 (81.00%): Max/Min/Avg Fitness(Raw) [103.52(102.87)/0.00(2.86)/84.44(84.44)]
Gen. 163 (81.50%): Max/Min/Avg Fitness(Raw) [105.88(102.87)/0.00(11.93)/84.57(84.57)]
Gen. 164 (82.00%): Max/Min/Avg Fitness(Raw) [104.64(102.88)/0.00(7.11)/83.84(83.84)]
Gen. 165 (82.50%): Max/Min/Avg Fitness(Raw) [103.21(102.91)/0.00(1.33)/84.07(84.07)]
Gen. 166 (83.00%): Max/Min/Avg Fitness(Raw) [103.72(102.93)/0.00(3.50)/84.55(84.55)]
Gen. 167 (83.50%): Max/Min/Avg Fitness(Raw) [104.51(102.93)/0.00(6.65)/84.49(84.49)]
Gen. 168 (84.00%): Max/Min/Avg Fitness(Raw) [104.96(102.93)/0.00(8.23)/84.24(84.24)]
Gen. 169 (84.50%): Max/Min/Avg Fitness(Raw) [104.41(102.93)/0.00(6.26)/84.51(84.51)]
Gen. 170 (85.00%): Max/Min/Avg Fitness(Raw) [103.25(102.96)/0.00(1.32)/84.50(84.50)]
Gen. 171 (85.50%): Max/Min/Avg Fitness(Raw) [103.81(103.05)/0.00(3.27)/84.34(84.34)]
Gen. 172 (86.00%): Max/Min/Avg Fitness(Raw) [105.53(103.05)/0.00(9.79)/84.22(84.22)]
Gen. 173 (86.50%): Max/Min/Avg Fitness(Raw) [104.46(103.05)/0.00(5.84)/84.22(84.22)]
Gen. 174 (87.00%): Max/Min/Avg Fitness(Raw) [103.43(103.14)/0.00(1.30)/84.49(84.49)]
Gen. 175 (87.50%): Max/Min/Avg Fitness(Raw) [105.27(103.14)/0.00(8.88)/84.93(84.93)]
Gen. 176 (88.00%): Max/Min/Avg Fitness(Raw) [104.21(103.36)/0.00(3.61)/84.49(84.49)]
Gen. 177 (88.50%): Max/Min/Avg Fitness(Raw) [104.43(103.41)/0.00(4.41)/84.84(84.84)]
Gen. 178 (89.00%): Max/Min/Avg Fitness(Raw) [104.98(103.50)/0.00(6.19)/84.75(84.75)]
Gen. 179 (89.50%): Max/Min/Avg Fitness(Raw) [103.81(103.50)/0.00(1.46)/85.52(85.52)]
Gen. 180 (90.00%): Max/Min/Avg Fitness(Raw) [105.18(103.52)/0.00(7.25)/85.60(85.60)]
Gen. 181 (90.50%): Max/Min/Avg Fitness(Raw) [105.96(103.52)/0.00(9.98)/85.19(85.19)]
Gen. 182 (91.00%): Max/Min/Avg Fitness(Raw) [105.02(103.52)/0.00(6.50)/85.38(85.38)]
Gen. 183 (91.50%): Max/Min/Avg Fitness(Raw) [103.92(103.69)/0.00(1.03)/84.86(84.86)]
Gen. 184 (92.00%): Max/Min/Avg Fitness(Raw) [104.32(103.83)/0.00(2.11)/84.83(84.83)]
Gen. 185 (92.50%): Max/Min/Avg Fitness(Raw) [104.34(103.94)/0.00(1.77)/85.07(85.07)]
Gen. 186 (93.00%): Max/Min/Avg Fitness(Raw) [104.18(103.95)/0.00(1.04)/84.94(84.94)]
Gen. 187 (93.50%): Max/Min/Avg Fitness(Raw) [104.19(103.95)/0.00(1.03)/84.62(84.62)]
Gen. 188 (94.00%): Max/Min/Avg Fitness(Raw) [105.59(104.04)/0.00(6.23)/84.63(84.63)]
Gen. 189 (94.50%): Max/Min/Avg Fitness(Raw) [104.46(104.06)/0.00(1.68)/84.68(84.68)]
Gen. 190 (95.00%): Max/Min/Avg Fitness(Raw) [104.58(104.06)/0.00(2.24)/84.94(84.94)]
Gen. 191 (95.50%): Max/Min/Avg Fitness(Raw) [105.02(104.08)/0.00(3.95)/84.83(84.83)]
Gen. 192 (96.00%): Max/Min/Avg Fitness(Raw) [104.36(104.11)/0.00(1.09)/85.11(85.11)]
Gen. 193 (96.50%): Max/Min/Avg Fitness(Raw) [105.54(104.14)/0.00(5.77)/84.98(84.98)]
Gen. 194 (97.00%): Max/Min/Avg Fitness(Raw) [105.96(104.19)/0.00(7.13)/84.86(84.86)]
Gen. 195 (97.50%): Max/Min/Avg Fitness(Raw) [104.80(104.55)/0.00(1.08)/85.05(85.05)]
Gen. 196 (98.00%): Max/Min/Avg Fitness(Raw) [106.44(104.55)/0.00(7.41)/84.81(84.81)]
Gen. 197 (98.50%): Max/Min/Avg Fitness(Raw) [106.62(104.55)/0.00(8.02)/84.68(84.68)]
Gen. 198 (99.00%): Max/Min/Avg Fitness(Raw) [106.39(104.55)/0.00(7.20)/84.71(84.71)]
Gen. 199 (99.50%): Max/Min/Avg Fitness(Raw) [105.56(104.55)/0.00(4.12)/84.65(84.65)]
Gen. 200 (100.00%): Max/Min/Avg Fitness(Raw) [106.64(104.55)/0.00(8.33)/85.24(85.24)]
Total time elapsed: 124282.348 seconds.
GA MSE : 0.009809
Best initial connection wetighs are set on Network
Setting FANN training parameters
Input layer                          :  70 neurons, 1 bias
  Hidden layer                       :  30 neurons, 1 bias
Output layer                         :   1 neurons
Total neurons and biases             : 103
Total connections                    :2161
Connection rate                      :   1.000
Network type                         :   FANN_NETTYPE_LAYER
Training algorithm                   :   FANN_TRAIN_RPROP
Training error function              :   FANN_ERRORFUNC_TANH
Training stop function               :   FANN_STOPFUNC_MSE
Bit fail limit                       :   0.350
Learning rate                        :   0.700
Learning momentum                    :   0.000
Quickprop decay                      :  -0.000100
Quickprop mu                         :   1.750
RPROP increase factor                :   1.001
RPROP decrease factor                :   0.500
RPROP delta min                      :   0.000
RPROP delta max                      :  50.000
Cascade output change fraction       :   0.010000
Cascade candidate change fraction    :   0.010000
Cascade output stagnation epochs     :  12
Cascade candidate stagnation epochs  :  12
Cascade max output epochs            : 150
Cascade max candidate epochs         : 150
Cascade weight multiplier            :   0.400
Cascade candidate limit              :1000.000
Cascade activation functions[0]      :   FANN_SIGMOID
Cascade activation functions[1]      :   FANN_SIGMOID_SYMMETRIC
Cascade activation functions[2]      :   FANN_GAUSSIAN
Cascade activation functions[3]      :   FANN_GAUSSIAN_SYMMETRIC
Cascade activation functions[4]      :   FANN_ELLIOT
Cascade activation functions[5]      :   FANN_ELLIOT_SYMMETRIC
Cascade activation functions[6]      :   FANN_SIN_SYMMETRIC
Cascade activation functions[7]      :   FANN_COS_SYMMETRIC
Cascade activation functions[8]      :   FANN_SIN
Cascade activation functions[9]      :   FANN_COS
Cascade activation steepnesses[0]    :   0.250
Cascade activation steepnesses[1]    :   0.500
Cascade activation steepnesses[2]    :   0.750
Cascade activation steepnesses[3]    :   1.000
Cascade candidate groups             :   2
Cascade no. of candidates            :  80
Start training network with 2-algorithm in FANN
Max epochs     8000. Desired error: 0.0010000000.
Epochs            1. Current error: 0.0095650833. Bit fail 167.
Epochs          100. Current error: 0.0105085587. Bit fail 209.
Epochs          200. Current error: 0.0098790675. Bit fail 224.
Epochs          300. Current error: 0.0092620021. Bit fail 206.
Epochs          400. Current error: 0.0088823047. Bit fail 195.
Epochs          500. Current error: 0.0085814158. Bit fail 193.
Epochs          600. Current error: 0.0083164228. Bit fail 187.
Epochs          700. Current error: 0.0081583392. Bit fail 183.
Epochs          800. Current error: 0.0079991715. Bit fail 175.
Epochs          900. Current error: 0.0078909984. Bit fail 165.
Epochs         1000. Current error: 0.0077985642. Bit fail 167.
Epochs         1100. Current error: 0.0076453285. Bit fail 162.
Epochs         1200. Current error: 0.0075031817. Bit fail 163.
Epochs         1300. Current error: 0.0074269283. Bit fail 164.
Epochs         1400. Current error: 0.0073052971. Bit fail 163.
Epochs         1500. Current error: 0.0071527720. Bit fail 158.
Epochs         1600. Current error: 0.0070389020. Bit fail 156.
Epochs         1700. Current error: 0.0069403956. Bit fail 153.
Epochs         1800. Current error: 0.0068403492. Bit fail 151.
Epochs         1900. Current error: 0.0068041813. Bit fail 145.
Epochs         2000. Current error: 0.0066789109. Bit fail 144.
Epochs         2100. Current error: 0.0065255389. Bit fail 137.
Epochs         2200. Current error: 0.0064216014. Bit fail 133.
Epochs         2300. Current error: 0.0063132360. Bit fail 132.
Epochs         2400. Current error: 0.0061904821. Bit fail 126.
Epochs         2500. Current error: 0.0061357706. Bit fail 122.
Epochs         2600. Current error: 0.0060852831. Bit fail 121.
Epochs         2700. Current error: 0.0060336995. Bit fail 122.
Epochs         2800. Current error: 0.0062165638. Bit fail 124.
Epochs         2900. Current error: 0.0061709150. Bit fail 117.
Epochs         3000. Current error: 0.0060854414. Bit fail 115.
Epochs         3100. Current error: 0.0060646846. Bit fail 117.
Epochs         3200. Current error: 0.0060463673. Bit fail 117.
Epochs         3300. Current error: 0.0059685204. Bit fail 115.
Epochs         3400. Current error: 0.0059525329. Bit fail 115.
Epochs         3500. Current error: 0.0059374236. Bit fail 114.
Epochs         3600. Current error: 0.0059161889. Bit fail 116.
Epochs         3700. Current error: 0.0058511058. Bit fail 116.
Epochs         3800. Current error: 0.0058328598. Bit fail 116.
Epochs         3900. Current error: 0.0058083949. Bit fail 116.
Epochs         4000. Current error: 0.0057910299. Bit fail 116.
Epochs         4100. Current error: 0.0057767238. Bit fail 114.
Epochs         4200. Current error: 0.0057609179. Bit fail 114.
Epochs         4300. Current error: 0.0057548396. Bit fail 111.
Epochs         4400. Current error: 0.0057384111. Bit fail 109.
Epochs         4500. Current error: 0.0057260930. Bit fail 108.
Epochs         4600. Current error: 0.0057125730. Bit fail 107.
Epochs         4700. Current error: 0.0057527102. Bit fail 108.
Epochs         4800. Current error: 0.0057885889. Bit fail 109.
Epochs         4900. Current error: 0.0057848473. Bit fail 109.
Epochs         5000. Current error: 0.0057785618. Bit fail 110.
Epochs         5100. Current error: 0.0057113534. Bit fail 110.
Epochs         5200. Current error: 0.0056734858. Bit fail 110.
Epochs         5300. Current error: 0.0056677423. Bit fail 110.
Epochs         5400. Current error: 0.0056989188. Bit fail 112.
Epochs         5500. Current error: 0.0056757238. Bit fail 113.
Epochs         5600. Current error: 0.0056317705. Bit fail 114.
Epochs         5700. Current error: 0.0055974703. Bit fail 111.
Epochs         5800. Current error: 0.0055488441. Bit fail 112.
Epochs         5900. Current error: 0.0055108983. Bit fail 111.
Epochs         6000. Current error: 0.0054739523. Bit fail 112.
Epochs         6100. Current error: 0.0054464960. Bit fail 110.
Epochs         6200. Current error: 0.0054349229. Bit fail 109.
Epochs         6300. Current error: 0.0054212622. Bit fail 109.
Epochs         6400. Current error: 0.0054014255. Bit fail 107.
Epochs         6500. Current error: 0.0053855064. Bit fail 107.
Epochs         6600. Current error: 0.0053849379. Bit fail 108.
Epochs         6700. Current error: 0.0053603859. Bit fail 107.
Epochs         6800. Current error: 0.0053433562. Bit fail 107.
Epochs         6900. Current error: 0.0053345677. Bit fail 107.
Epochs         7000. Current error: 0.0053192107. Bit fail 107.
Epochs         7100. Current error: 0.0053067943. Bit fail 106.
Epochs         7200. Current error: 0.0052775224. Bit fail 103.
Epochs         7300. Current error: 0.0052376753. Bit fail 101.
Epochs         7400. Current error: 0.0052236645. Bit fail 101.
Epochs         7500. Current error: 0.0052063880. Bit fail 99.
Epochs         7600. Current error: 0.0051973020. Bit fail 99.
Epochs         7700. Current error: 0.0051874621. Bit fail 100.
Epochs         7800. Current error: 0.0051751086. Bit fail 99.
Epochs         7900. Current error: 0.0051716813. Bit fail 100.
Epochs         8000. Current error: 0.0051577250. Bit fail 100.
Time elpased for FANN training: 1288.561305 seconds
Trained Network by GA+FANN is saved in 
./ALL_S6_959126400_hveto_channels_signif_dt_set_2_training_n70n30n1_c10_mr04_p5000_g200_rmin-25_rmax25_gsigma1_y1001_z05_f05g09_m8000.net.
Total Running Time: 125571.350582 seconds
