Creating network.
The layer structure is following:
[70, 15, 1]
Setting newtork parameters
Getting training data : ALL_S6_959126400_hveto_channels_signif_dt_set_4_training.pat
Setting GA training parameters
Start running GA
Gen. 0 (0.00%): Max/Min/Avg Fitness(Raw) [25.42(60.88)/19.03(1.02)/21.18(21.18)]
Gen. 1 (1.00%): Max/Min/Avg Fitness(Raw) [66.18(65.91)/0.00(1.02)/52.54(52.54)]
Gen. 2 (2.00%): Max/Min/Avg Fitness(Raw) [67.99(67.66)/0.00(1.02)/51.54(51.54)]
Gen. 3 (3.00%): Max/Min/Avg Fitness(Raw) [69.67(69.35)/0.00(1.02)/53.13(53.13)]
Gen. 4 (4.00%): Max/Min/Avg Fitness(Raw) [70.48(70.16)/0.00(1.02)/53.45(53.45)]
Gen. 5 (5.00%): Max/Min/Avg Fitness(Raw) [72.04(71.71)/0.00(1.02)/54.30(54.30)]
Gen. 6 (6.00%): Max/Min/Avg Fitness(Raw) [72.69(72.38)/0.00(1.02)/56.03(56.03)]
Gen. 7 (7.00%): Max/Min/Avg Fitness(Raw) [73.90(73.59)/0.00(1.02)/56.83(56.83)]
Gen. 8 (8.00%): Max/Min/Avg Fitness(Raw) [74.73(74.40)/0.00(1.02)/56.73(56.73)]
Gen. 9 (9.00%): Max/Min/Avg Fitness(Raw) [75.37(75.04)/0.00(1.02)/56.95(56.95)]
Gen. 10 (10.00%): Max/Min/Avg Fitness(Raw) [76.24(75.91)/0.00(1.02)/57.39(57.39)]
Gen. 11 (11.00%): Max/Min/Avg Fitness(Raw) [76.89(76.56)/0.00(1.02)/58.08(58.08)]
Gen. 12 (12.00%): Max/Min/Avg Fitness(Raw) [77.12(76.79)/0.00(1.02)/58.04(58.04)]
Gen. 13 (13.00%): Max/Min/Avg Fitness(Raw) [78.18(77.85)/0.00(1.02)/59.02(59.02)]
Gen. 14 (14.00%): Max/Min/Avg Fitness(Raw) [79.08(78.73)/0.00(1.02)/58.97(58.97)]
Gen. 15 (15.00%): Max/Min/Avg Fitness(Raw) [80.08(79.73)/0.00(1.02)/59.49(59.49)]
Gen. 16 (16.00%): Max/Min/Avg Fitness(Raw) [80.66(80.31)/0.00(1.02)/59.89(59.89)]
Gen. 17 (17.00%): Max/Min/Avg Fitness(Raw) [81.79(81.44)/0.00(1.02)/60.67(60.67)]
Gen. 18 (18.00%): Max/Min/Avg Fitness(Raw) [82.83(82.46)/0.00(1.02)/60.74(60.74)]
Gen. 19 (19.00%): Max/Min/Avg Fitness(Raw) [83.99(83.64)/0.00(1.02)/62.46(62.46)]
Gen. 20 (20.00%): Max/Min/Avg Fitness(Raw) [84.82(84.48)/0.00(1.02)/63.63(63.63)]
Gen. 21 (21.00%): Max/Min/Avg Fitness(Raw) [85.80(85.42)/0.00(1.02)/62.60(62.60)]
Gen. 22 (22.00%): Max/Min/Avg Fitness(Raw) [86.23(85.87)/0.00(1.02)/64.08(64.08)]
Gen. 23 (23.00%): Max/Min/Avg Fitness(Raw) [86.71(86.34)/0.00(1.02)/63.63(63.63)]
Gen. 24 (24.00%): Max/Min/Avg Fitness(Raw) [87.06(86.68)/0.00(1.02)/63.54(63.54)]
Gen. 25 (25.00%): Max/Min/Avg Fitness(Raw) [87.83(87.42)/0.00(1.02)/62.65(62.65)]
Gen. 26 (26.00%): Max/Min/Avg Fitness(Raw) [88.20(87.80)/0.00(1.02)/63.25(63.25)]
Gen. 27 (27.00%): Max/Min/Avg Fitness(Raw) [88.64(88.26)/0.00(1.02)/64.54(64.54)]
Gen. 28 (28.00%): Max/Min/Avg Fitness(Raw) [89.13(88.74)/0.00(1.02)/64.73(64.73)]
Gen. 29 (29.00%): Max/Min/Avg Fitness(Raw) [76.12(89.17)/32.67(1.02)/63.44(63.44)]
Gen. 30 (30.00%): Max/Min/Avg Fitness(Raw) [76.79(90.03)/33.04(1.02)/63.99(63.99)]
Gen. 31 (31.00%): Max/Min/Avg Fitness(Raw) [91.36(90.95)/0.00(1.02)/65.26(65.26)]
Gen. 32 (32.00%): Max/Min/Avg Fitness(Raw) [77.71(91.25)/33.60(1.02)/64.76(64.76)]
Gen. 33 (33.00%): Max/Min/Avg Fitness(Raw) [77.93(91.35)/33.50(1.02)/64.94(64.94)]
Gen. 34 (34.00%): Max/Min/Avg Fitness(Raw) [78.46(92.15)/33.94(1.02)/65.39(65.39)]
Gen. 35 (35.00%): Max/Min/Avg Fitness(Raw) [78.86(92.69)/34.19(1.02)/65.72(65.72)]
Gen. 36 (36.00%): Max/Min/Avg Fitness(Raw) [78.53(93.05)/34.90(1.02)/65.45(65.45)]
Gen. 37 (37.00%): Max/Min/Avg Fitness(Raw) [93.90(93.49)/0.00(1.02)/66.99(66.99)]
Gen. 38 (38.00%): Max/Min/Avg Fitness(Raw) [79.73(94.13)/35.05(1.02)/66.44(66.44)]
Gen. 39 (39.00%): Max/Min/Avg Fitness(Raw) [79.72(94.36)/35.32(1.02)/66.43(66.43)]
Gen. 40 (40.00%): Max/Min/Avg Fitness(Raw) [79.12(94.37)/35.84(1.02)/65.93(65.93)]
Gen. 41 (41.00%): Max/Min/Avg Fitness(Raw) [81.06(95.39)/35.26(1.02)/67.55(67.55)]
Gen. 42 (42.00%): Max/Min/Avg Fitness(Raw) [82.01(96.19)/35.31(1.02)/68.34(68.34)]
Gen. 43 (43.00%): Max/Min/Avg Fitness(Raw) [82.48(96.56)/35.28(1.02)/68.74(68.74)]
Gen. 44 (44.00%): Max/Min/Avg Fitness(Raw) [82.19(97.09)/36.18(1.02)/68.49(68.49)]
Gen. 45 (45.00%): Max/Min/Avg Fitness(Raw) [81.25(97.24)/37.13(1.02)/67.71(67.71)]
Gen. 46 (46.00%): Max/Min/Avg Fitness(Raw) [81.89(97.24)/36.60(1.02)/68.24(68.24)]
Gen. 47 (47.00%): Max/Min/Avg Fitness(Raw) [82.40(97.24)/36.16(1.02)/68.66(68.66)]
Gen. 48 (48.00%): Max/Min/Avg Fitness(Raw) [81.64(97.24)/36.82(1.02)/68.03(68.03)]
Gen. 49 (49.00%): Max/Min/Avg Fitness(Raw) [81.50(97.27)/36.96(1.02)/67.91(67.91)]
Gen. 50 (50.00%): Max/Min/Avg Fitness(Raw) [82.46(97.28)/36.14(1.02)/68.72(68.72)]
Gen. 51 (51.00%): Max/Min/Avg Fitness(Raw) [82.23(97.48)/36.58(1.02)/68.52(68.52)]
Gen. 52 (52.00%): Max/Min/Avg Fitness(Raw) [97.96(97.54)/0.00(1.02)/69.42(69.42)]
Gen. 53 (53.00%): Max/Min/Avg Fitness(Raw) [83.48(98.09)/36.13(1.02)/69.57(69.57)]
Gen. 54 (54.00%): Max/Min/Avg Fitness(Raw) [82.94(98.17)/36.72(1.02)/69.11(69.11)]
Gen. 55 (55.00%): Max/Min/Avg Fitness(Raw) [83.75(99.22)/37.17(1.02)/69.79(69.79)]
Gen. 56 (56.00%): Max/Min/Avg Fitness(Raw) [84.08(99.70)/37.42(1.02)/70.07(70.07)]
Gen. 57 (57.00%): Max/Min/Avg Fitness(Raw) [84.47(99.81)/37.20(1.02)/70.39(70.39)]
Gen. 58 (58.00%): Max/Min/Avg Fitness(Raw) [84.47(100.34)/37.78(1.02)/70.39(70.39)]
Gen. 59 (59.00%): Max/Min/Avg Fitness(Raw) [84.68(100.54)/37.81(1.02)/70.57(70.57)]
Gen. 60 (60.00%): Max/Min/Avg Fitness(Raw) [84.23(100.69)/38.36(1.02)/70.19(70.19)]
Gen. 61 (61.00%): Max/Min/Avg Fitness(Raw) [84.23(101.26)/38.93(1.02)/70.19(70.19)]
Gen. 62 (62.00%): Max/Min/Avg Fitness(Raw) [84.18(101.44)/39.15(1.02)/70.15(70.15)]
Gen. 63 (63.00%): Max/Min/Avg Fitness(Raw) [84.55(102.08)/39.52(1.02)/70.46(70.46)]
Gen. 64 (64.00%): Max/Min/Avg Fitness(Raw) [86.75(102.99)/38.72(1.02)/72.30(72.30)]
Gen. 65 (65.00%): Max/Min/Avg Fitness(Raw) [88.25(103.53)/37.98(1.02)/73.54(73.54)]
Gen. 66 (66.00%): Max/Min/Avg Fitness(Raw) [88.26(103.53)/37.97(1.02)/73.55(73.55)]
Gen. 67 (67.00%): Max/Min/Avg Fitness(Raw) [103.98(103.57)/0.00(1.02)/74.20(74.20)]
Gen. 68 (68.00%): Max/Min/Avg Fitness(Raw) [87.37(104.40)/39.72(1.02)/72.81(72.81)]
Gen. 69 (69.00%): Max/Min/Avg Fitness(Raw) [88.67(105.09)/39.37(1.02)/73.89(73.89)]
Gen. 70 (70.00%): Max/Min/Avg Fitness(Raw) [88.76(105.71)/39.97(1.02)/73.97(73.97)]
Gen. 71 (71.00%): Max/Min/Avg Fitness(Raw) [88.32(106.68)/41.30(1.02)/73.60(73.60)]
Gen. 72 (72.00%): Max/Min/Avg Fitness(Raw) [90.07(107.32)/40.60(1.02)/75.06(75.06)]
Gen. 73 (73.00%): Max/Min/Avg Fitness(Raw) [90.57(107.35)/40.22(1.02)/75.47(75.47)]
Gen. 74 (74.00%): Max/Min/Avg Fitness(Raw) [90.35(107.83)/40.92(1.02)/75.29(75.29)]
Gen. 75 (75.00%): Max/Min/Avg Fitness(Raw) [91.16(108.48)/40.95(1.02)/75.96(75.96)]
Gen. 76 (76.00%): Max/Min/Avg Fitness(Raw) [91.04(108.67)/41.25(1.02)/75.87(75.87)]
Gen. 77 (77.00%): Max/Min/Avg Fitness(Raw) [89.51(108.72)/42.43(1.02)/74.59(74.59)]
Gen. 78 (78.00%): Max/Min/Avg Fitness(Raw) [92.54(110.10)/41.54(1.02)/77.12(77.12)]
Gen. 79 (79.00%): Max/Min/Avg Fitness(Raw) [92.90(110.45)/41.61(1.02)/77.42(77.42)]
Gen. 80 (80.00%): Max/Min/Avg Fitness(Raw) [92.76(111.31)/42.62(1.02)/77.30(77.30)]
Gen. 81 (81.00%): Max/Min/Avg Fitness(Raw) [92.80(111.63)/42.92(1.02)/77.34(77.34)]
Gen. 82 (82.00%): Max/Min/Avg Fitness(Raw) [92.94(112.45)/43.62(1.02)/77.45(77.45)]
Gen. 83 (83.00%): Max/Min/Avg Fitness(Raw) [91.96(113.02)/44.79(1.02)/76.63(76.63)]
Gen. 84 (84.00%): Max/Min/Avg Fitness(Raw) [94.21(114.18)/44.39(1.02)/78.51(78.51)]
Gen. 85 (85.00%): Max/Min/Avg Fitness(Raw) [92.94(114.55)/45.53(1.02)/77.45(77.45)]
Gen. 86 (86.00%): Max/Min/Avg Fitness(Raw) [94.16(114.60)/44.83(1.02)/78.47(78.47)]
Gen. 87 (87.00%): Max/Min/Avg Fitness(Raw) [95.36(114.73)/44.11(1.02)/79.46(79.46)]
Gen. 88 (88.00%): Max/Min/Avg Fitness(Raw) [93.61(115.44)/45.92(1.02)/78.01(78.01)]
Gen. 89 (89.00%): Max/Min/Avg Fitness(Raw) [94.16(115.73)/45.86(1.02)/78.46(78.46)]
Gen. 90 (90.00%): Max/Min/Avg Fitness(Raw) [94.91(116.03)/45.66(1.02)/79.09(79.09)]
Gen. 91 (91.00%): Max/Min/Avg Fitness(Raw) [94.82(116.56)/46.19(1.02)/79.01(79.01)]
Gen. 92 (92.00%): Max/Min/Avg Fitness(Raw) [95.48(116.60)/45.82(1.02)/79.57(79.57)]
Gen. 93 (93.00%): Max/Min/Avg Fitness(Raw) [94.40(117.93)/47.55(1.02)/78.67(78.67)]
Gen. 94 (94.00%): Max/Min/Avg Fitness(Raw) [96.94(117.93)/46.09(1.02)/80.78(80.78)]
Gen. 95 (95.00%): Max/Min/Avg Fitness(Raw) [96.41(118.45)/46.90(1.02)/80.35(80.35)]
Gen. 96 (96.00%): Max/Min/Avg Fitness(Raw) [96.40(119.69)/47.95(1.02)/80.34(80.34)]
Gen. 97 (97.00%): Max/Min/Avg Fitness(Raw) [96.95(120.26)/48.14(1.02)/80.79(80.79)]
Gen. 98 (98.00%): Max/Min/Avg Fitness(Raw) [98.29(120.40)/47.49(1.02)/81.90(81.90)]
Gen. 99 (99.00%): Max/Min/Avg Fitness(Raw) [97.41(120.40)/48.00(1.02)/81.17(81.17)]
Gen. 100 (100.00%): Max/Min/Avg Fitness(Raw) [97.70(120.40)/47.84(1.02)/81.42(81.42)]
Total time elapsed: 64026.942 seconds.
GA MSE : 0.042616
Best initial connection wetighs are set on Network
Setting FANN training parameters
Input layer                          :  70 neurons, 1 bias
  Hidden layer                       :  15 neurons, 1 bias
Output layer                         :   1 neurons
Total neurons and biases             :  88
Total connections                    :1081
Connection rate                      :   1.000
Network type                         :   FANN_NETTYPE_LAYER
Training algorithm                   :   FANN_TRAIN_RPROP
Training error function              :   FANN_ERRORFUNC_TANH
Training stop function               :   FANN_STOPFUNC_MSE
Bit fail limit                       :   0.350
Learning rate                        :   0.700
Learning momentum                    :   0.000
Quickprop decay                      :  -0.000100
Quickprop mu                         :   1.750
RPROP increase factor                :   1.001
RPROP decrease factor                :   0.500
RPROP delta min                      :   0.000
RPROP delta max                      :  50.000
Cascade output change fraction       :   0.010000
Cascade candidate change fraction    :   0.010000
Cascade output stagnation epochs     :  12
Cascade candidate stagnation epochs  :  12
Cascade max output epochs            : 150
Cascade max candidate epochs         : 150
Cascade weight multiplier            :   0.400
Cascade candidate limit              :1000.000
Cascade activation functions[0]      :   FANN_SIGMOID
Cascade activation functions[1]      :   FANN_SIGMOID_SYMMETRIC
Cascade activation functions[2]      :   FANN_GAUSSIAN
Cascade activation functions[3]      :   FANN_GAUSSIAN_SYMMETRIC
Cascade activation functions[4]      :   FANN_ELLIOT
Cascade activation functions[5]      :   FANN_ELLIOT_SYMMETRIC
Cascade activation functions[6]      :   FANN_SIN_SYMMETRIC
Cascade activation functions[7]      :   FANN_COS_SYMMETRIC
Cascade activation functions[8]      :   FANN_SIN
Cascade activation functions[9]      :   FANN_COS
Cascade activation steepnesses[0]    :   0.250
Cascade activation steepnesses[1]    :   0.500
Cascade activation steepnesses[2]    :   0.750
Cascade activation steepnesses[3]    :   1.000
Cascade candidate groups             :   2
Cascade no. of candidates            :  80
Start training network with 2-algorithm in FANN
Max epochs     8000. Desired error: 0.0010000000.
Epochs            1. Current error: 0.0083054388. Bit fail 171.
Epochs          100. Current error: 0.0079616150. Bit fail 176.
Epochs          200. Current error: 0.0076350314. Bit fail 173.
Epochs          300. Current error: 0.0073726638. Bit fail 166.
Epochs          400. Current error: 0.0070534539. Bit fail 160.
Epochs          500. Current error: 0.0068772561. Bit fail 152.
Epochs          600. Current error: 0.0067906310. Bit fail 150.
Epochs          700. Current error: 0.0067282482. Bit fail 147.
Epochs          800. Current error: 0.0066760844. Bit fail 146.
Epochs          900. Current error: 0.0066281073. Bit fail 146.
Epochs         1000. Current error: 0.0065651839. Bit fail 145.
Epochs         1100. Current error: 0.0064892229. Bit fail 143.
Epochs         1200. Current error: 0.0064035100. Bit fail 142.
Epochs         1300. Current error: 0.0062951203. Bit fail 141.
Epochs         1400. Current error: 0.0062235068. Bit fail 137.
Epochs         1500. Current error: 0.0061736759. Bit fail 135.
Epochs         1600. Current error: 0.0061203372. Bit fail 135.
Epochs         1700. Current error: 0.0060645370. Bit fail 133.
Epochs         1800. Current error: 0.0059999479. Bit fail 130.
Epochs         1900. Current error: 0.0059045088. Bit fail 126.
Epochs         2000. Current error: 0.0058552139. Bit fail 125.
Epochs         2100. Current error: 0.0058124517. Bit fail 124.
Epochs         2200. Current error: 0.0057644262. Bit fail 120.
Epochs         2300. Current error: 0.0057155062. Bit fail 121.
Epochs         2400. Current error: 0.0056613912. Bit fail 121.
Epochs         2500. Current error: 0.0056188842. Bit fail 116.
Epochs         2600. Current error: 0.0055865692. Bit fail 114.
Epochs         2700. Current error: 0.0055634556. Bit fail 112.
Epochs         2800. Current error: 0.0055447645. Bit fail 112.
Epochs         2900. Current error: 0.0055260151. Bit fail 111.
Epochs         3000. Current error: 0.0055077369. Bit fail 110.
Epochs         3100. Current error: 0.0054919613. Bit fail 111.
Epochs         3200. Current error: 0.0054778345. Bit fail 112.
Epochs         3300. Current error: 0.0054573501. Bit fail 114.
Epochs         3400. Current error: 0.0054348204. Bit fail 114.
Epochs         3500. Current error: 0.0054098074. Bit fail 114.
Epochs         3600. Current error: 0.0053938879. Bit fail 115.
Epochs         3700. Current error: 0.0053690728. Bit fail 110.
Epochs         3800. Current error: 0.0053463350. Bit fail 110.
Epochs         3900. Current error: 0.0053194696. Bit fail 109.
Epochs         4000. Current error: 0.0052983211. Bit fail 107.
Epochs         4100. Current error: 0.0052802875. Bit fail 107.
Epochs         4200. Current error: 0.0052636233. Bit fail 105.
Epochs         4300. Current error: 0.0052014869. Bit fail 103.
Epochs         4400. Current error: 0.0051866798. Bit fail 101.
Epochs         4500. Current error: 0.0051742024. Bit fail 100.
Epochs         4600. Current error: 0.0051627574. Bit fail 100.
Epochs         4700. Current error: 0.0051509631. Bit fail 100.
Epochs         4800. Current error: 0.0051396699. Bit fail 100.
Epochs         4900. Current error: 0.0051240642. Bit fail 99.
Epochs         5000. Current error: 0.0051076720. Bit fail 98.
Epochs         5100. Current error: 0.0050908057. Bit fail 98.
Epochs         5200. Current error: 0.0050602728. Bit fail 99.
Epochs         5300. Current error: 0.0050323694. Bit fail 97.
Epochs         5400. Current error: 0.0050138840. Bit fail 95.
Epochs         5500. Current error: 0.0049958616. Bit fail 96.
Epochs         5600. Current error: 0.0049834484. Bit fail 96.
Epochs         5700. Current error: 0.0049714637. Bit fail 95.
Epochs         5800. Current error: 0.0049604075. Bit fail 95.
Epochs         5900. Current error: 0.0049511236. Bit fail 95.
Epochs         6000. Current error: 0.0049424679. Bit fail 95.
Epochs         6100. Current error: 0.0049390378. Bit fail 95.
Epochs         6200. Current error: 0.0049312105. Bit fail 95.
Epochs         6300. Current error: 0.0049246289. Bit fail 94.
Epochs         6400. Current error: 0.0049120756. Bit fail 93.
Epochs         6500. Current error: 0.0049103219. Bit fail 91.
Epochs         6600. Current error: 0.0049036667. Bit fail 91.
Epochs         6700. Current error: 0.0048957965. Bit fail 91.
Epochs         6800. Current error: 0.0048898356. Bit fail 91.
Epochs         6900. Current error: 0.0048838556. Bit fail 91.
Epochs         7000. Current error: 0.0048787654. Bit fail 91.
Epochs         7100. Current error: 0.0048729940. Bit fail 91.
Epochs         7200. Current error: 0.0048677353. Bit fail 91.
Epochs         7300. Current error: 0.0048634037. Bit fail 91.
Epochs         7400. Current error: 0.0048588873. Bit fail 91.
Epochs         7500. Current error: 0.0048549222. Bit fail 92.
Epochs         7600. Current error: 0.0048516062. Bit fail 92.
Epochs         7700. Current error: 0.0048488835. Bit fail 92.
Epochs         7800. Current error: 0.0048463964. Bit fail 92.
Epochs         7900. Current error: 0.0048439391. Bit fail 92.
Epochs         8000. Current error: 0.0048414138. Bit fail 92.
Time elpased for FANN training: 655.509807 seconds
Trained Network by GA+FANN is saved in 
./ALL_S6_959126400_hveto_channels_signif_dt_set_4_training_n70n15n1_c10_mr05_p10000_g100_rmin-25_rmax25_gsigma1_y1001_z05_f05g09_m8000.net.
Total Running Time: 64682.948357 seconds
