Creating network.
The layer structure is following:
[70, 30, 1]
Setting newtork parameters
Getting training data : ALL_S6_959126400_hveto_channels_signif_dt_set_1_training.pat
Setting GA training parameters
Start running GA
Gen. 0 (0.00%): Max/Min/Avg Fitness(Raw) [24.07(57.10)/18.00(1.02)/20.06(20.06)]
Gen. 1 (0.50%): Max/Min/Avg Fitness(Raw) [21.17(57.10)/16.16(1.02)/17.64(17.64)]
Gen. 2 (1.00%): Max/Min/Avg Fitness(Raw) [22.20(60.21)/16.95(1.02)/18.50(18.50)]
Gen. 3 (1.50%): Max/Min/Avg Fitness(Raw) [20.65(60.21)/15.91(1.02)/17.21(17.21)]
Gen. 4 (2.00%): Max/Min/Avg Fitness(Raw) [21.06(62.00)/16.24(1.02)/17.55(17.55)]
Gen. 5 (2.50%): Max/Min/Avg Fitness(Raw) [22.85(62.00)/17.44(1.02)/19.04(19.04)]
Gen. 6 (3.00%): Max/Min/Avg Fitness(Raw) [22.51(62.00)/17.22(1.02)/18.76(18.76)]
Gen. 7 (3.50%): Max/Min/Avg Fitness(Raw) [21.42(62.00)/16.49(1.02)/17.85(17.85)]
Gen. 8 (4.00%): Max/Min/Avg Fitness(Raw) [23.64(62.00)/17.96(1.02)/19.70(19.70)]
Gen. 9 (4.50%): Max/Min/Avg Fitness(Raw) [23.11(62.12)/17.62(1.02)/19.26(19.26)]
Gen. 10 (5.00%): Max/Min/Avg Fitness(Raw) [25.30(62.12)/19.02(1.02)/21.08(21.08)]
Gen. 11 (5.50%): Max/Min/Avg Fitness(Raw) [26.61(62.12)/19.83(1.02)/22.17(22.17)]
Gen. 12 (6.00%): Max/Min/Avg Fitness(Raw) [25.36(64.87)/19.19(1.02)/21.13(21.13)]
Gen. 13 (6.50%): Max/Min/Avg Fitness(Raw) [18.60(64.87)/14.59(1.02)/15.50(15.50)]
Gen. 14 (7.00%): Max/Min/Avg Fitness(Raw) [19.82(64.87)/15.46(1.02)/16.52(16.52)]
Gen. 15 (7.50%): Max/Min/Avg Fitness(Raw) [19.02(64.87)/14.89(1.02)/15.85(15.85)]
Gen. 16 (8.00%): Max/Min/Avg Fitness(Raw) [19.63(64.87)/15.32(1.02)/16.36(16.36)]
Gen. 17 (8.50%): Max/Min/Avg Fitness(Raw) [19.15(64.87)/14.98(1.02)/15.96(15.96)]
Gen. 18 (9.00%): Max/Min/Avg Fitness(Raw) [17.53(64.87)/13.82(1.02)/14.61(14.61)]
Gen. 19 (9.50%): Max/Min/Avg Fitness(Raw) [19.58(64.87)/15.29(1.02)/16.32(16.32)]
Gen. 20 (10.00%): Max/Min/Avg Fitness(Raw) [18.94(64.87)/14.83(1.02)/15.78(15.78)]
Gen. 21 (10.50%): Max/Min/Avg Fitness(Raw) [21.18(64.87)/16.40(1.02)/17.65(17.65)]
Gen. 22 (11.00%): Max/Min/Avg Fitness(Raw) [20.37(64.87)/15.85(1.02)/16.98(16.98)]
Gen. 23 (11.50%): Max/Min/Avg Fitness(Raw) [20.48(64.87)/15.92(1.02)/17.06(17.06)]
Gen. 24 (12.00%): Max/Min/Avg Fitness(Raw) [19.09(64.87)/14.94(1.02)/15.91(15.91)]
Gen. 25 (12.50%): Max/Min/Avg Fitness(Raw) [19.82(64.87)/15.46(1.02)/16.52(16.52)]
Gen. 26 (13.00%): Max/Min/Avg Fitness(Raw) [19.05(64.87)/14.91(1.02)/15.88(15.88)]
Gen. 27 (13.50%): Max/Min/Avg Fitness(Raw) [20.85(64.87)/16.18(1.02)/17.37(17.37)]
Gen. 28 (14.00%): Max/Min/Avg Fitness(Raw) [20.19(64.87)/15.72(1.02)/16.82(16.82)]
Gen. 29 (14.50%): Max/Min/Avg Fitness(Raw) [19.67(64.87)/15.35(1.02)/16.39(16.39)]
Gen. 30 (15.00%): Max/Min/Avg Fitness(Raw) [19.31(64.87)/15.10(1.02)/16.09(16.09)]
Gen. 31 (15.50%): Max/Min/Avg Fitness(Raw) [20.43(64.87)/15.89(1.02)/17.03(17.03)]
Gen. 32 (16.00%): Max/Min/Avg Fitness(Raw) [19.88(64.87)/15.50(1.02)/16.57(16.57)]
Gen. 33 (16.50%): Max/Min/Avg Fitness(Raw) [19.25(64.87)/15.05(1.02)/16.04(16.04)]
Gen. 34 (17.00%): Max/Min/Avg Fitness(Raw) [20.51(64.87)/15.94(1.02)/17.09(17.09)]
Gen. 35 (17.50%): Max/Min/Avg Fitness(Raw) [19.95(64.87)/15.55(1.02)/16.63(16.63)]
Gen. 36 (18.00%): Max/Min/Avg Fitness(Raw) [19.30(64.87)/15.09(1.02)/16.09(16.09)]
Gen. 37 (18.50%): Max/Min/Avg Fitness(Raw) [19.02(64.87)/14.89(1.02)/15.85(15.85)]
Gen. 38 (19.00%): Max/Min/Avg Fitness(Raw) [18.28(64.87)/14.36(1.02)/15.24(15.24)]
Gen. 39 (19.50%): Max/Min/Avg Fitness(Raw) [18.90(64.87)/14.80(1.02)/15.75(15.75)]
Gen. 40 (20.00%): Max/Min/Avg Fitness(Raw) [19.58(64.87)/15.29(1.02)/16.31(16.31)]
Gen. 41 (20.50%): Max/Min/Avg Fitness(Raw) [19.80(64.87)/15.44(1.02)/16.50(16.50)]
Gen. 42 (21.00%): Max/Min/Avg Fitness(Raw) [20.11(64.87)/15.67(1.02)/16.76(16.76)]
Gen. 43 (21.50%): Max/Min/Avg Fitness(Raw) [18.35(64.87)/14.41(1.02)/15.29(15.29)]
Gen. 44 (22.00%): Max/Min/Avg Fitness(Raw) [19.97(64.87)/15.56(1.02)/16.64(16.64)]
Gen. 45 (22.50%): Max/Min/Avg Fitness(Raw) [18.41(64.87)/14.46(1.02)/15.34(15.34)]
Gen. 46 (23.00%): Max/Min/Avg Fitness(Raw) [20.30(64.87)/15.79(1.02)/16.91(16.91)]
Gen. 47 (23.50%): Max/Min/Avg Fitness(Raw) [19.85(64.87)/15.48(1.02)/16.54(16.54)]
Gen. 48 (24.00%): Max/Min/Avg Fitness(Raw) [19.31(64.87)/15.09(1.02)/16.09(16.09)]
Gen. 49 (24.50%): Max/Min/Avg Fitness(Raw) [18.59(64.87)/14.58(1.02)/15.49(15.49)]
Gen. 50 (25.00%): Max/Min/Avg Fitness(Raw) [19.57(64.87)/15.28(1.02)/16.31(16.31)]
Gen. 51 (25.50%): Max/Min/Avg Fitness(Raw) [18.48(64.87)/14.50(1.02)/15.40(15.40)]
Gen. 52 (26.00%): Max/Min/Avg Fitness(Raw) [18.93(64.87)/14.83(1.02)/15.78(15.78)]
Gen. 53 (26.50%): Max/Min/Avg Fitness(Raw) [19.53(64.87)/15.25(1.02)/16.27(16.27)]
Gen. 54 (27.00%): Max/Min/Avg Fitness(Raw) [20.36(64.87)/15.83(1.02)/16.96(16.96)]
Gen. 55 (27.50%): Max/Min/Avg Fitness(Raw) [21.13(64.87)/16.37(1.02)/17.61(17.61)]
Gen. 56 (28.00%): Max/Min/Avg Fitness(Raw) [18.54(64.87)/14.55(1.02)/15.45(15.45)]
Gen. 57 (28.50%): Max/Min/Avg Fitness(Raw) [19.29(64.87)/15.08(1.02)/16.07(16.07)]
Gen. 58 (29.00%): Max/Min/Avg Fitness(Raw) [20.70(64.87)/16.07(1.02)/17.25(17.25)]
Gen. 59 (29.50%): Max/Min/Avg Fitness(Raw) [19.20(64.87)/15.02(1.02)/16.00(16.00)]
Gen. 60 (30.00%): Max/Min/Avg Fitness(Raw) [19.76(64.87)/15.42(1.02)/16.47(16.47)]
Gen. 61 (30.50%): Max/Min/Avg Fitness(Raw) [17.42(64.87)/13.74(1.02)/14.51(14.51)]
Gen. 62 (31.00%): Max/Min/Avg Fitness(Raw) [19.75(64.87)/15.41(1.02)/16.46(16.46)]
Gen. 63 (31.50%): Max/Min/Avg Fitness(Raw) [19.64(64.87)/15.33(1.02)/16.36(16.36)]
Gen. 64 (32.00%): Max/Min/Avg Fitness(Raw) [19.99(64.87)/15.58(1.02)/16.66(16.66)]
Gen. 65 (32.50%): Max/Min/Avg Fitness(Raw) [17.80(64.87)/14.01(1.02)/14.83(14.83)]
Gen. 66 (33.00%): Max/Min/Avg Fitness(Raw) [17.51(64.87)/13.81(1.02)/14.59(14.59)]
Gen. 67 (33.50%): Max/Min/Avg Fitness(Raw) [19.23(64.87)/15.04(1.02)/16.02(16.02)]
Gen. 68 (34.00%): Max/Min/Avg Fitness(Raw) [18.33(64.87)/14.40(1.02)/15.28(15.28)]
Gen. 69 (34.50%): Max/Min/Avg Fitness(Raw) [19.58(64.87)/15.29(1.02)/16.32(16.32)]
Gen. 70 (35.00%): Max/Min/Avg Fitness(Raw) [18.93(64.87)/14.82(1.02)/15.77(15.77)]
Gen. 71 (35.50%): Max/Min/Avg Fitness(Raw) [19.48(64.87)/15.22(1.02)/16.23(16.23)]
Gen. 72 (36.00%): Max/Min/Avg Fitness(Raw) [20.10(64.87)/15.65(1.02)/16.75(16.75)]
Gen. 73 (36.50%): Max/Min/Avg Fitness(Raw) [19.30(64.87)/15.09(1.02)/16.09(16.09)]
Gen. 74 (37.00%): Max/Min/Avg Fitness(Raw) [19.62(64.87)/15.32(1.02)/16.35(16.35)]
Gen. 75 (37.50%): Max/Min/Avg Fitness(Raw) [19.34(65.55)/15.13(1.02)/16.12(16.12)]
Gen. 76 (38.00%): Max/Min/Avg Fitness(Raw) [19.26(65.55)/15.08(1.02)/16.05(16.05)]
Gen. 77 (38.50%): Max/Min/Avg Fitness(Raw) [18.93(65.55)/14.84(1.02)/15.77(15.77)]
Gen. 78 (39.00%): Max/Min/Avg Fitness(Raw) [20.32(65.55)/15.82(1.02)/16.93(16.93)]
Gen. 79 (39.50%): Max/Min/Avg Fitness(Raw) [19.02(65.55)/14.90(1.02)/15.85(15.85)]
Gen. 80 (40.00%): Max/Min/Avg Fitness(Raw) [20.20(65.55)/15.74(1.02)/16.83(16.83)]
Gen. 81 (40.50%): Max/Min/Avg Fitness(Raw) [20.18(65.55)/15.73(1.02)/16.82(16.82)]
Gen. 82 (41.00%): Max/Min/Avg Fitness(Raw) [20.82(65.55)/16.17(1.02)/17.35(17.35)]
Gen. 83 (41.50%): Max/Min/Avg Fitness(Raw) [20.34(65.55)/15.84(1.02)/16.95(16.95)]
Gen. 84 (42.00%): Max/Min/Avg Fitness(Raw) [21.07(65.55)/16.35(1.02)/17.56(17.56)]
Gen. 85 (42.50%): Max/Min/Avg Fitness(Raw) [19.22(65.55)/15.05(1.02)/16.02(16.02)]
Gen. 86 (43.00%): Max/Min/Avg Fitness(Raw) [19.72(65.55)/15.40(1.02)/16.43(16.43)]
Gen. 87 (43.50%): Max/Min/Avg Fitness(Raw) [19.09(65.55)/14.95(1.02)/15.90(15.90)]
Gen. 88 (44.00%): Max/Min/Avg Fitness(Raw) [19.08(65.55)/14.95(1.02)/15.90(15.90)]
Gen. 89 (44.50%): Max/Min/Avg Fitness(Raw) [21.22(65.55)/16.46(1.02)/17.69(17.69)]
Gen. 90 (45.00%): Max/Min/Avg Fitness(Raw) [18.73(65.55)/14.69(1.02)/15.61(15.61)]
Gen. 91 (45.50%): Max/Min/Avg Fitness(Raw) [18.98(65.55)/14.88(1.02)/15.82(15.82)]
Gen. 92 (46.00%): Max/Min/Avg Fitness(Raw) [19.44(65.55)/15.21(1.02)/16.20(16.20)]
Gen. 93 (46.50%): Max/Min/Avg Fitness(Raw) [18.50(65.55)/14.53(1.02)/15.42(15.42)]
Gen. 94 (47.00%): Max/Min/Avg Fitness(Raw) [20.36(65.55)/15.86(1.02)/16.97(16.97)]
Gen. 95 (47.50%): Max/Min/Avg Fitness(Raw) [19.64(65.55)/15.35(1.02)/16.37(16.37)]
Gen. 96 (48.00%): Max/Min/Avg Fitness(Raw) [18.31(65.55)/14.39(1.02)/15.26(15.26)]
Gen. 97 (48.50%): Max/Min/Avg Fitness(Raw) [19.62(65.55)/15.33(1.02)/16.35(16.35)]
Gen. 98 (49.00%): Max/Min/Avg Fitness(Raw) [20.53(65.55)/15.97(1.02)/17.11(17.11)]
Gen. 99 (49.50%): Max/Min/Avg Fitness(Raw) [20.30(65.55)/15.81(1.02)/16.91(16.91)]
Gen. 100 (50.00%): Max/Min/Avg Fitness(Raw) [19.48(65.55)/15.23(1.02)/16.24(16.24)]
Gen. 101 (50.50%): Max/Min/Avg Fitness(Raw) [18.81(65.55)/14.76(1.02)/15.68(15.68)]
Gen. 102 (51.00%): Max/Min/Avg Fitness(Raw) [18.89(65.55)/14.81(1.02)/15.74(15.74)]
Gen. 103 (51.50%): Max/Min/Avg Fitness(Raw) [19.53(65.55)/15.27(1.02)/16.28(16.28)]
Gen. 104 (52.00%): Max/Min/Avg Fitness(Raw) [19.63(65.55)/15.34(1.02)/16.36(16.36)]
Gen. 105 (52.50%): Max/Min/Avg Fitness(Raw) [20.23(65.87)/15.77(1.02)/16.86(16.86)]
Gen. 106 (53.00%): Max/Min/Avg Fitness(Raw) [17.12(65.87)/13.53(1.02)/14.26(14.26)]
Gen. 107 (53.50%): Max/Min/Avg Fitness(Raw) [16.97(65.87)/13.42(1.02)/14.14(14.14)]
Gen. 108 (54.00%): Max/Min/Avg Fitness(Raw) [17.07(65.87)/13.49(1.02)/14.22(14.22)]
Gen. 109 (54.50%): Max/Min/Avg Fitness(Raw) [15.78(65.87)/12.55(1.02)/13.15(13.15)]
Gen. 110 (55.00%): Max/Min/Avg Fitness(Raw) [17.99(65.87)/14.16(1.02)/14.99(14.99)]
Gen. 111 (55.50%): Max/Min/Avg Fitness(Raw) [16.91(65.87)/13.38(1.02)/14.09(14.09)]
Gen. 112 (56.00%): Max/Min/Avg Fitness(Raw) [17.20(65.87)/13.60(1.02)/14.34(14.34)]
Gen. 113 (56.50%): Max/Min/Avg Fitness(Raw) [16.97(65.87)/13.42(1.02)/14.14(14.14)]
Gen. 114 (57.00%): Max/Min/Avg Fitness(Raw) [16.56(65.87)/13.13(1.02)/13.80(13.80)]
Gen. 115 (57.50%): Max/Min/Avg Fitness(Raw) [16.73(65.87)/13.25(1.02)/13.94(13.94)]
Gen. 116 (58.00%): Max/Min/Avg Fitness(Raw) [16.41(65.87)/13.01(1.02)/13.67(13.67)]
Gen. 117 (58.50%): Max/Min/Avg Fitness(Raw) [16.46(65.87)/13.05(1.02)/13.71(13.71)]
Gen. 118 (59.00%): Max/Min/Avg Fitness(Raw) [17.25(65.87)/13.63(1.02)/14.37(14.37)]
Gen. 119 (59.50%): Max/Min/Avg Fitness(Raw) [16.56(65.87)/13.12(1.02)/13.80(13.80)]
Gen. 120 (60.00%): Max/Min/Avg Fitness(Raw) [15.97(65.87)/12.69(1.02)/13.31(13.31)]
Gen. 121 (60.50%): Max/Min/Avg Fitness(Raw) [16.23(65.87)/12.88(1.02)/13.53(13.53)]
Gen. 122 (61.00%): Max/Min/Avg Fitness(Raw) [16.47(65.87)/13.06(1.02)/13.72(13.72)]
Gen. 123 (61.50%): Max/Min/Avg Fitness(Raw) [18.07(65.87)/14.23(1.02)/15.06(15.06)]
Gen. 124 (62.00%): Max/Min/Avg Fitness(Raw) [16.94(65.87)/13.40(1.02)/14.11(14.11)]
Gen. 125 (62.50%): Max/Min/Avg Fitness(Raw) [15.46(65.87)/12.31(1.02)/12.89(12.89)]
Gen. 126 (63.00%): Max/Min/Avg Fitness(Raw) [15.37(65.87)/12.24(1.02)/12.81(12.81)]
Gen. 127 (63.50%): Max/Min/Avg Fitness(Raw) [16.94(65.87)/13.41(1.02)/14.12(14.12)]
Gen. 128 (64.00%): Max/Min/Avg Fitness(Raw) [15.58(65.87)/12.40(1.02)/12.99(12.99)]
Gen. 129 (64.50%): Max/Min/Avg Fitness(Raw) [16.85(66.45)/13.35(1.02)/14.05(14.05)]
Gen. 130 (65.00%): Max/Min/Avg Fitness(Raw) [17.96(66.45)/14.15(1.02)/14.96(14.96)]
Gen. 131 (65.50%): Max/Min/Avg Fitness(Raw) [14.75(66.45)/11.78(1.02)/12.29(12.29)]
Gen. 132 (66.00%): Max/Min/Avg Fitness(Raw) [16.12(66.45)/12.80(1.02)/13.43(13.43)]
Gen. 133 (66.50%): Max/Min/Avg Fitness(Raw) [17.09(66.45)/13.52(1.02)/14.24(14.24)]
Gen. 134 (67.00%): Max/Min/Avg Fitness(Raw) [16.53(66.45)/13.11(1.02)/13.78(13.78)]
Gen. 135 (67.50%): Max/Min/Avg Fitness(Raw) [16.26(66.45)/12.91(1.02)/13.55(13.55)]
Gen. 136 (68.00%): Max/Min/Avg Fitness(Raw) [17.08(66.45)/13.51(1.02)/14.23(14.23)]
Gen. 137 (68.50%): Max/Min/Avg Fitness(Raw) [14.78(66.45)/11.80(1.02)/12.31(12.31)]
Gen. 138 (69.00%): Max/Min/Avg Fitness(Raw) [17.34(66.45)/13.70(1.02)/14.45(14.45)]
Gen. 139 (69.50%): Max/Min/Avg Fitness(Raw) [17.44(66.45)/13.78(1.02)/14.54(14.54)]
Gen. 140 (70.00%): Max/Min/Avg Fitness(Raw) [16.74(66.45)/13.26(1.02)/13.95(13.95)]
Gen. 141 (70.50%): Max/Min/Avg Fitness(Raw) [16.35(66.45)/12.98(1.02)/13.63(13.63)]
Gen. 142 (71.00%): Max/Min/Avg Fitness(Raw) [16.31(66.45)/12.94(1.02)/13.59(13.59)]
Gen. 143 (71.50%): Max/Min/Avg Fitness(Raw) [15.65(66.45)/12.46(1.02)/13.04(13.04)]
Gen. 144 (72.00%): Max/Min/Avg Fitness(Raw) [15.87(66.45)/12.62(1.02)/13.23(13.23)]
Gen. 145 (72.50%): Max/Min/Avg Fitness(Raw) [16.35(66.45)/12.97(1.02)/13.62(13.62)]
Gen. 146 (73.00%): Max/Min/Avg Fitness(Raw) [18.90(66.45)/14.83(1.02)/15.75(15.75)]
Gen. 147 (73.50%): Max/Min/Avg Fitness(Raw) [17.11(66.45)/13.53(1.02)/14.26(14.26)]
Gen. 148 (74.00%): Max/Min/Avg Fitness(Raw) [15.52(66.58)/12.36(1.02)/12.94(12.94)]
Gen. 149 (74.50%): Max/Min/Avg Fitness(Raw) [20.33(66.58)/15.85(1.02)/16.94(16.94)]
Gen. 150 (75.00%): Max/Min/Avg Fitness(Raw) [19.42(66.58)/15.21(1.02)/16.18(16.18)]
Gen. 151 (75.50%): Max/Min/Avg Fitness(Raw) [20.87(69.40)/16.30(1.02)/17.39(17.39)]
Gen. 152 (76.00%): Max/Min/Avg Fitness(Raw) [18.64(69.40)/14.69(1.02)/15.53(15.53)]
Gen. 153 (76.50%): Max/Min/Avg Fitness(Raw) [19.96(69.40)/15.65(1.02)/16.63(16.63)]
Gen. 154 (77.00%): Max/Min/Avg Fitness(Raw) [19.11(69.40)/15.04(1.02)/15.93(15.93)]
Gen. 155 (77.50%): Max/Min/Avg Fitness(Raw) [17.78(69.40)/14.06(1.02)/14.81(14.81)]
Gen. 156 (78.00%): Max/Min/Avg Fitness(Raw) [19.62(69.40)/15.41(1.02)/16.35(16.35)]
Gen. 157 (78.50%): Max/Min/Avg Fitness(Raw) [18.83(69.40)/14.84(1.02)/15.69(15.69)]
Gen. 158 (79.00%): Max/Min/Avg Fitness(Raw) [17.53(69.40)/13.88(1.02)/14.61(14.61)]
Gen. 159 (79.50%): Max/Min/Avg Fitness(Raw) [19.14(69.40)/15.06(1.02)/15.95(15.95)]
Gen. 160 (80.00%): Max/Min/Avg Fitness(Raw) [18.85(69.40)/14.85(1.02)/15.71(15.71)]
Gen. 161 (80.50%): Max/Min/Avg Fitness(Raw) [20.41(71.59)/16.01(1.02)/17.01(17.01)]
Gen. 162 (81.00%): Max/Min/Avg Fitness(Raw) [20.08(71.59)/15.77(1.02)/16.73(16.73)]
Gen. 163 (81.50%): Max/Min/Avg Fitness(Raw) [20.57(71.59)/16.12(1.02)/17.14(17.14)]
Gen. 164 (82.00%): Max/Min/Avg Fitness(Raw) [18.83(71.59)/14.87(1.02)/15.70(15.70)]
Gen. 165 (82.50%): Max/Min/Avg Fitness(Raw) [20.70(71.59)/16.22(1.02)/17.25(17.25)]
Gen. 166 (83.00%): Max/Min/Avg Fitness(Raw) [19.71(71.59)/15.51(1.02)/16.43(16.43)]
Gen. 167 (83.50%): Max/Min/Avg Fitness(Raw) [20.59(71.59)/16.14(1.02)/17.16(17.16)]
Gen. 168 (84.00%): Max/Min/Avg Fitness(Raw) [18.68(71.59)/14.76(1.02)/15.57(15.57)]
Gen. 169 (84.50%): Max/Min/Avg Fitness(Raw) [21.11(71.59)/16.51(1.02)/17.59(17.59)]
Gen. 170 (85.00%): Max/Min/Avg Fitness(Raw) [20.53(71.59)/16.10(1.02)/17.11(17.11)]
Gen. 171 (85.50%): Max/Min/Avg Fitness(Raw) [20.06(71.59)/15.76(1.02)/16.71(16.71)]
Gen. 172 (86.00%): Max/Min/Avg Fitness(Raw) [18.79(71.59)/14.84(1.02)/15.66(15.66)]
Gen. 173 (86.50%): Max/Min/Avg Fitness(Raw) [19.99(71.59)/15.71(1.02)/16.66(16.66)]
Gen. 174 (87.00%): Max/Min/Avg Fitness(Raw) [19.05(71.59)/15.03(1.02)/15.88(15.88)]
Gen. 175 (87.50%): Max/Min/Avg Fitness(Raw) [20.08(71.59)/15.78(1.02)/16.73(16.73)]
Gen. 176 (88.00%): Max/Min/Avg Fitness(Raw) [19.62(71.59)/15.44(1.02)/16.35(16.35)]
Gen. 177 (88.50%): Max/Min/Avg Fitness(Raw) [22.03(71.59)/17.16(1.02)/18.35(18.35)]
Gen. 178 (89.00%): Max/Min/Avg Fitness(Raw) [19.94(71.59)/15.68(1.02)/16.62(16.62)]
Gen. 179 (89.50%): Max/Min/Avg Fitness(Raw) [18.62(71.59)/14.71(1.02)/15.52(15.52)]
Gen. 180 (90.00%): Max/Min/Avg Fitness(Raw) [18.75(71.83)/14.81(1.02)/15.62(15.62)]
Gen. 181 (90.50%): Max/Min/Avg Fitness(Raw) [18.75(71.83)/14.81(1.02)/15.63(15.63)]
Gen. 182 (91.00%): Max/Min/Avg Fitness(Raw) [19.54(71.83)/15.39(1.02)/16.29(16.29)]
Gen. 183 (91.50%): Max/Min/Avg Fitness(Raw) [18.12(71.83)/14.35(1.02)/15.10(15.10)]
Gen. 184 (92.00%): Max/Min/Avg Fitness(Raw) [18.95(71.83)/14.96(1.02)/15.79(15.79)]
Gen. 185 (92.50%): Max/Min/Avg Fitness(Raw) [17.76(71.83)/14.08(1.02)/14.80(14.80)]
Gen. 186 (93.00%): Max/Min/Avg Fitness(Raw) [18.31(71.83)/14.49(1.02)/15.26(15.26)]
Gen. 187 (93.50%): Max/Min/Avg Fitness(Raw) [18.72(74.26)/14.83(1.02)/15.60(15.60)]
Gen. 188 (94.00%): Max/Min/Avg Fitness(Raw) [14.27(74.26)/11.48(1.02)/11.89(11.89)]
Gen. 189 (94.50%): Max/Min/Avg Fitness(Raw) [14.30(74.26)/11.50(1.02)/11.91(11.91)]
Gen. 190 (95.00%): Max/Min/Avg Fitness(Raw) [13.78(74.26)/11.10(1.02)/11.48(11.48)]
Gen. 191 (95.50%): Max/Min/Avg Fitness(Raw) [14.16(74.26)/11.39(1.02)/11.80(11.80)]
Gen. 192 (96.00%): Max/Min/Avg Fitness(Raw) [13.63(74.26)/10.98(1.02)/11.35(11.35)]
Gen. 193 (96.50%): Max/Min/Avg Fitness(Raw) [14.26(74.26)/11.47(1.02)/11.88(11.88)]
Gen. 194 (97.00%): Max/Min/Avg Fitness(Raw) [14.34(74.26)/11.53(1.02)/11.95(11.95)]
Gen. 195 (97.50%): Max/Min/Avg Fitness(Raw) [14.99(74.26)/12.03(1.02)/12.50(12.50)]
Gen. 196 (98.00%): Max/Min/Avg Fitness(Raw) [13.63(74.26)/10.99(1.02)/11.36(11.36)]
Gen. 197 (98.50%): Max/Min/Avg Fitness(Raw) [14.60(74.26)/11.73(1.02)/12.16(12.16)]
Gen. 198 (99.00%): Max/Min/Avg Fitness(Raw) [14.29(74.26)/11.50(1.02)/11.91(11.91)]
Gen. 199 (99.50%): Max/Min/Avg Fitness(Raw) [14.82(74.26)/11.90(1.02)/12.35(12.35)]
Gen. 200 (100.00%): Max/Min/Avg Fitness(Raw) [13.79(74.26)/11.11(1.02)/11.49(11.49)]
Total time elapsed: 39014.296 seconds.
GA MSE : 0.977211
Best initial connection wetighs are set on Network
Setting FANN training parameters
Input layer                          :  70 neurons, 1 bias
  Hidden layer                       :  30 neurons, 1 bias
Output layer                         :   1 neurons
Total neurons and biases             : 103
Total connections                    :2161
Connection rate                      :   1.000
Network type                         :   FANN_NETTYPE_LAYER
Training algorithm                   :   FANN_TRAIN_RPROP
Training error function              :   FANN_ERRORFUNC_TANH
Training stop function               :   FANN_STOPFUNC_MSE
Bit fail limit                       :   0.350
Learning rate                        :   0.700
Learning momentum                    :   0.000
Quickprop decay                      :  -0.000100
Quickprop mu                         :   1.750
RPROP increase factor                :   1.001
RPROP decrease factor                :   0.500
RPROP delta min                      :   0.000
RPROP delta max                      :  50.000
Cascade output change fraction       :   0.010000
Cascade candidate change fraction    :   0.010000
Cascade output stagnation epochs     :  12
Cascade candidate stagnation epochs  :  12
Cascade max output epochs            : 150
Cascade max candidate epochs         : 150
Cascade weight multiplier            :   0.400
Cascade candidate limit              :1000.000
Cascade activation functions[0]      :   FANN_SIGMOID
Cascade activation functions[1]      :   FANN_SIGMOID_SYMMETRIC
Cascade activation functions[2]      :   FANN_GAUSSIAN
Cascade activation functions[3]      :   FANN_GAUSSIAN_SYMMETRIC
Cascade activation functions[4]      :   FANN_ELLIOT
Cascade activation functions[5]      :   FANN_ELLIOT_SYMMETRIC
Cascade activation functions[6]      :   FANN_SIN_SYMMETRIC
Cascade activation functions[7]      :   FANN_COS_SYMMETRIC
Cascade activation functions[8]      :   FANN_SIN
Cascade activation functions[9]      :   FANN_COS
Cascade activation steepnesses[0]    :   0.250
Cascade activation steepnesses[1]    :   0.500
Cascade activation steepnesses[2]    :   0.750
Cascade activation steepnesses[3]    :   1.000
Cascade candidate groups             :   2
Cascade no. of candidates            :  80
Start training network with 2-algorithm in FANN
Max epochs     8000. Desired error: 0.0010000000.
Epochs            1. Current error: 0.0134660760. Bit fail 234.
Epochs          100. Current error: 0.0131217036. Bit fail 228.
Epochs          200. Current error: 0.0130829234. Bit fail 232.
Epochs          300. Current error: 0.0130176554. Bit fail 229.
Epochs          400. Current error: 0.0131225279. Bit fail 231.
Epochs          500. Current error: 0.0136128506. Bit fail 280.
Epochs          600. Current error: 0.0138983522. Bit fail 283.
Epochs          700. Current error: 0.0139256539. Bit fail 283.
Epochs          800. Current error: 0.0140649173. Bit fail 286.
Epochs          900. Current error: 0.0143401446. Bit fail 288.
Epochs         1000. Current error: 0.0142569859. Bit fail 287.
Epochs         1100. Current error: 0.0142670963. Bit fail 287.
Epochs         1200. Current error: 0.0142104374. Bit fail 286.
Epochs         1300. Current error: 0.0143803470. Bit fail 291.
Epochs         1400. Current error: 0.0142758768. Bit fail 290.
Epochs         1500. Current error: 0.0142148687. Bit fail 288.
Epochs         1600. Current error: 0.0142985685. Bit fail 291.
Epochs         1700. Current error: 0.0142444307. Bit fail 290.
Epochs         1800. Current error: 0.0139513314. Bit fail 286.
Epochs         1900. Current error: 0.0135960001. Bit fail 281.
Epochs         2000. Current error: 0.0135384928. Bit fail 281.
Epochs         2100. Current error: 0.0134637505. Bit fail 278.
Epochs         2200. Current error: 0.0134337880. Bit fail 278.
Epochs         2300. Current error: 0.0132632423. Bit fail 274.
Epochs         2400. Current error: 0.0131612094. Bit fail 274.
Epochs         2500. Current error: 0.0129912896. Bit fail 271.
Epochs         2600. Current error: 0.0129925013. Bit fail 272.
Epochs         2700. Current error: 0.0129388245. Bit fail 269.
Epochs         2800. Current error: 0.0128810257. Bit fail 267.
Epochs         2900. Current error: 0.0127737261. Bit fail 265.
Epochs         3000. Current error: 0.0127328215. Bit fail 263.
Epochs         3100. Current error: 0.0127125764. Bit fail 263.
Epochs         3200. Current error: 0.0126648080. Bit fail 262.
Epochs         3300. Current error: 0.0126880510. Bit fail 263.
Epochs         3400. Current error: 0.0127473101. Bit fail 262.
Epochs         3500. Current error: 0.0127358558. Bit fail 262.
Epochs         3600. Current error: 0.0126556568. Bit fail 260.
Epochs         3700. Current error: 0.0126891043. Bit fail 259.
Epochs         3800. Current error: 0.0126876086. Bit fail 258.
Epochs         3900. Current error: 0.0126684215. Bit fail 255.
Epochs         4000. Current error: 0.0126657784. Bit fail 252.
Epochs         4100. Current error: 0.0126626631. Bit fail 251.
Epochs         4200. Current error: 0.0126681188. Bit fail 251.
Epochs         4300. Current error: 0.0126275253. Bit fail 249.
Epochs         4400. Current error: 0.0126875164. Bit fail 251.
Epochs         4500. Current error: 0.0126941931. Bit fail 251.
Epochs         4600. Current error: 0.0126966750. Bit fail 253.
Epochs         4700. Current error: 0.0126883835. Bit fail 253.
Epochs         4800. Current error: 0.0127099389. Bit fail 253.
Epochs         4900. Current error: 0.0127023626. Bit fail 254.
Epochs         5000. Current error: 0.0127580734. Bit fail 254.
Epochs         5100. Current error: 0.0126769273. Bit fail 251.
Epochs         5200. Current error: 0.0126581946. Bit fail 250.
Epochs         5300. Current error: 0.0126601141. Bit fail 250.
Epochs         5400. Current error: 0.0127273994. Bit fail 251.
Epochs         5500. Current error: 0.0127391256. Bit fail 253.
Epochs         5600. Current error: 0.0127760544. Bit fail 254.
Epochs         5700. Current error: 0.0128067220. Bit fail 254.
Epochs         5800. Current error: 0.0128206499. Bit fail 254.
Epochs         5900. Current error: 0.0127957836. Bit fail 253.
Epochs         6000. Current error: 0.0127338665. Bit fail 252.
Epochs         6100. Current error: 0.0127529781. Bit fail 253.
Epochs         6200. Current error: 0.0127762808. Bit fail 253.
Epochs         6300. Current error: 0.0127640534. Bit fail 253.
Epochs         6400. Current error: 0.0127539421. Bit fail 253.
Epochs         6500. Current error: 0.0127220517. Bit fail 253.
Epochs         6600. Current error: 0.0126970857. Bit fail 254.
Epochs         6700. Current error: 0.0126777999. Bit fail 252.
Epochs         6800. Current error: 0.0126058254. Bit fail 249.
Epochs         6900. Current error: 0.0125946198. Bit fail 250.
Epochs         7000. Current error: 0.0126284054. Bit fail 251.
Epochs         7100. Current error: 0.0125410333. Bit fail 248.
Epochs         7200. Current error: 0.0124324476. Bit fail 246.
Epochs         7300. Current error: 0.0124102281. Bit fail 246.
Epochs         7400. Current error: 0.0123862904. Bit fail 245.
Epochs         7500. Current error: 0.0123684295. Bit fail 245.
Epochs         7600. Current error: 0.0122595597. Bit fail 243.
Epochs         7700. Current error: 0.0121609969. Bit fail 240.
Epochs         7800. Current error: 0.0121008810. Bit fail 239.
Epochs         7900. Current error: 0.0120407250. Bit fail 238.
Epochs         8000. Current error: 0.0120572383. Bit fail 239.
Time elpased for FANN training: 1330.258561 seconds
Trained Network by GA+FANN is saved in 
./ALL_S6_959126400_hveto_channels_signif_dt_set_1_training_n70n30n1_c10_mr10_p1000_g200_rmin-25_rmax25_gsigma50_y1001_z05_f05g09_m8000.net.
Total Running Time: 40345.000305 seconds
