Creating network.
The layer structure is following:
[70, 35, 1]
Setting newtork parameters
Getting training data : ALL_S6_959126400_hveto_channels_signif_dt_set_0_training.pat
Setting GA training parameters
Start running GA
Gen. 0 (0.00%): Max/Min/Avg Fitness(Raw) [26.22(66.98)/19.83(1.02)/21.85(21.85)]
Gen. 1 (0.33%): Max/Min/Avg Fitness(Raw) [20.68(66.98)/16.11(1.02)/17.24(17.24)]
Gen. 2 (0.67%): Max/Min/Avg Fitness(Raw) [19.73(66.98)/15.43(1.02)/16.44(16.44)]
Gen. 3 (1.00%): Max/Min/Avg Fitness(Raw) [21.40(66.98)/16.61(1.02)/17.83(17.83)]
Gen. 4 (1.33%): Max/Min/Avg Fitness(Raw) [20.54(66.98)/16.01(1.02)/17.12(17.12)]
Gen. 5 (1.67%): Max/Min/Avg Fitness(Raw) [19.38(66.98)/15.19(1.02)/16.15(16.15)]
Gen. 6 (2.00%): Max/Min/Avg Fitness(Raw) [21.03(66.98)/16.35(1.02)/17.52(17.52)]
Gen. 7 (2.33%): Max/Min/Avg Fitness(Raw) [21.27(66.98)/16.52(1.02)/17.72(17.72)]
Gen. 8 (2.67%): Max/Min/Avg Fitness(Raw) [20.78(66.98)/16.18(1.02)/17.31(17.31)]
Gen. 9 (3.00%): Max/Min/Avg Fitness(Raw) [21.45(66.98)/16.65(1.02)/17.88(17.88)]
Gen. 10 (3.33%): Max/Min/Avg Fitness(Raw) [21.68(66.98)/16.81(1.02)/18.07(18.07)]
Gen. 11 (3.67%): Max/Min/Avg Fitness(Raw) [21.76(66.98)/16.86(1.02)/18.13(18.13)]
Gen. 12 (4.00%): Max/Min/Avg Fitness(Raw) [21.52(66.98)/16.69(1.02)/17.93(17.93)]
Gen. 13 (4.33%): Max/Min/Avg Fitness(Raw) [21.38(66.98)/16.60(1.02)/17.81(17.81)]
Gen. 14 (4.67%): Max/Min/Avg Fitness(Raw) [21.47(66.98)/16.66(1.02)/17.89(17.89)]
Gen. 15 (5.00%): Max/Min/Avg Fitness(Raw) [22.10(66.98)/17.09(1.02)/18.41(18.41)]
Gen. 16 (5.33%): Max/Min/Avg Fitness(Raw) [22.86(66.98)/17.62(1.02)/19.05(19.05)]
Gen. 17 (5.67%): Max/Min/Avg Fitness(Raw) [21.90(66.98)/16.96(1.02)/18.25(18.25)]
Gen. 18 (6.00%): Max/Min/Avg Fitness(Raw) [20.43(66.98)/15.94(1.02)/17.03(17.03)]
Gen. 19 (6.33%): Max/Min/Avg Fitness(Raw) [21.14(66.98)/16.43(1.02)/17.61(17.61)]
Gen. 20 (6.67%): Max/Min/Avg Fitness(Raw) [22.51(66.98)/17.38(1.02)/18.76(18.76)]
Gen. 21 (7.00%): Max/Min/Avg Fitness(Raw) [20.86(66.98)/16.23(1.02)/17.38(17.38)]
Gen. 22 (7.33%): Max/Min/Avg Fitness(Raw) [20.54(66.98)/16.01(1.02)/17.12(17.12)]
Gen. 23 (7.67%): Max/Min/Avg Fitness(Raw) [20.05(66.98)/15.66(1.02)/16.71(16.71)]
Gen. 24 (8.00%): Max/Min/Avg Fitness(Raw) [19.68(66.98)/15.40(1.02)/16.40(16.40)]
Gen. 25 (8.33%): Max/Min/Avg Fitness(Raw) [20.57(66.98)/16.03(1.02)/17.14(17.14)]
Gen. 26 (8.67%): Max/Min/Avg Fitness(Raw) [20.53(66.98)/16.00(1.02)/17.11(17.11)]
Gen. 27 (9.00%): Max/Min/Avg Fitness(Raw) [20.71(66.98)/16.13(1.02)/17.26(17.26)]
Gen. 28 (9.33%): Max/Min/Avg Fitness(Raw) [21.75(66.98)/16.86(1.02)/18.13(18.13)]
Gen. 29 (9.67%): Max/Min/Avg Fitness(Raw) [21.59(66.98)/16.74(1.02)/17.99(17.99)]
Gen. 30 (10.00%): Max/Min/Avg Fitness(Raw) [20.72(66.98)/16.14(1.02)/17.26(17.26)]
Gen. 31 (10.33%): Max/Min/Avg Fitness(Raw) [21.71(66.98)/16.83(1.02)/18.09(18.09)]
Gen. 32 (10.67%): Max/Min/Avg Fitness(Raw) [21.18(66.98)/16.46(1.02)/17.65(17.65)]
Gen. 33 (11.00%): Max/Min/Avg Fitness(Raw) [20.57(66.98)/16.03(1.02)/17.14(17.14)]
Gen. 34 (11.33%): Max/Min/Avg Fitness(Raw) [21.89(66.98)/16.95(1.02)/18.24(18.24)]
Gen. 35 (11.67%): Max/Min/Avg Fitness(Raw) [20.13(66.98)/15.73(1.02)/16.78(16.78)]
Gen. 36 (12.00%): Max/Min/Avg Fitness(Raw) [21.28(66.98)/16.53(1.02)/17.73(17.73)]
Gen. 37 (12.33%): Max/Min/Avg Fitness(Raw) [21.22(66.98)/16.49(1.02)/17.69(17.69)]
Gen. 38 (12.67%): Max/Min/Avg Fitness(Raw) [19.74(66.98)/15.44(1.02)/16.45(16.45)]
Gen. 39 (13.00%): Max/Min/Avg Fitness(Raw) [20.74(66.98)/16.15(1.02)/17.28(17.28)]
Gen. 40 (13.33%): Max/Min/Avg Fitness(Raw) [21.63(66.98)/16.77(1.02)/18.03(18.03)]
Gen. 41 (13.67%): Max/Min/Avg Fitness(Raw) [20.34(66.98)/15.87(1.02)/16.95(16.95)]
Gen. 42 (14.00%): Max/Min/Avg Fitness(Raw) [22.03(66.98)/17.05(1.02)/18.36(18.36)]
Gen. 43 (14.33%): Max/Min/Avg Fitness(Raw) [22.24(66.98)/17.20(1.02)/18.54(18.54)]
Gen. 44 (14.67%): Max/Min/Avg Fitness(Raw) [20.84(66.98)/16.22(1.02)/17.37(17.37)]
Gen. 45 (15.00%): Max/Min/Avg Fitness(Raw) [21.57(66.98)/16.73(1.02)/17.97(17.97)]
Gen. 46 (15.33%): Max/Min/Avg Fitness(Raw) [21.69(66.98)/16.82(1.02)/18.08(18.08)]
Gen. 47 (15.67%): Max/Min/Avg Fitness(Raw) [22.17(66.98)/17.14(1.02)/18.47(18.47)]
Gen. 48 (16.00%): Max/Min/Avg Fitness(Raw) [20.82(66.98)/16.21(1.02)/17.35(17.35)]
Gen. 49 (16.33%): Max/Min/Avg Fitness(Raw) [21.08(66.98)/16.39(1.02)/17.57(17.57)]
Gen. 50 (16.67%): Max/Min/Avg Fitness(Raw) [23.03(66.98)/17.73(1.02)/19.19(19.19)]
Gen. 51 (17.00%): Max/Min/Avg Fitness(Raw) [20.98(66.98)/16.32(1.02)/17.48(17.48)]
Gen. 52 (17.33%): Max/Min/Avg Fitness(Raw) [21.42(66.98)/16.62(1.02)/17.85(17.85)]
Gen. 53 (17.67%): Max/Min/Avg Fitness(Raw) [22.08(66.98)/17.08(1.02)/18.40(18.40)]
Gen. 54 (18.00%): Max/Min/Avg Fitness(Raw) [20.32(66.98)/15.85(1.02)/16.93(16.93)]
Gen. 55 (18.33%): Max/Min/Avg Fitness(Raw) [20.16(66.98)/15.74(1.02)/16.80(16.80)]
Gen. 56 (18.67%): Max/Min/Avg Fitness(Raw) [19.92(66.98)/15.57(1.02)/16.60(16.60)]
Gen. 57 (19.00%): Max/Min/Avg Fitness(Raw) [20.89(66.98)/16.26(1.02)/17.41(17.41)]
Gen. 58 (19.33%): Max/Min/Avg Fitness(Raw) [22.22(66.98)/17.18(1.02)/18.51(18.51)]
Gen. 59 (19.67%): Max/Min/Avg Fitness(Raw) [21.67(66.98)/16.80(1.02)/18.06(18.06)]
Gen. 60 (20.00%): Max/Min/Avg Fitness(Raw) [21.58(66.98)/16.74(1.02)/17.98(17.98)]
Gen. 61 (20.33%): Max/Min/Avg Fitness(Raw) [22.84(66.98)/17.60(1.02)/19.03(19.03)]
Gen. 62 (20.67%): Max/Min/Avg Fitness(Raw) [20.25(66.98)/15.81(1.02)/16.88(16.88)]
Gen. 63 (21.00%): Max/Min/Avg Fitness(Raw) [21.69(66.98)/16.81(1.02)/18.07(18.07)]
Gen. 64 (21.33%): Max/Min/Avg Fitness(Raw) [20.15(66.98)/15.74(1.02)/16.79(16.79)]
Gen. 65 (21.67%): Max/Min/Avg Fitness(Raw) [20.32(66.98)/15.86(1.02)/16.93(16.93)]
Gen. 66 (22.00%): Max/Min/Avg Fitness(Raw) [21.87(66.98)/16.94(1.02)/18.23(18.23)]
Gen. 67 (22.33%): Max/Min/Avg Fitness(Raw) [20.79(66.98)/16.19(1.02)/17.32(17.32)]
Gen. 68 (22.67%): Max/Min/Avg Fitness(Raw) [20.28(66.98)/15.83(1.02)/16.90(16.90)]
Gen. 69 (23.00%): Max/Min/Avg Fitness(Raw) [21.35(66.98)/16.58(1.02)/17.79(17.79)]
Gen. 70 (23.33%): Max/Min/Avg Fitness(Raw) [21.61(66.98)/16.76(1.02)/18.01(18.01)]
Gen. 71 (23.67%): Max/Min/Avg Fitness(Raw) [22.40(66.98)/17.31(1.02)/18.67(18.67)]
Gen. 72 (24.00%): Max/Min/Avg Fitness(Raw) [19.99(66.98)/15.62(1.02)/16.66(16.66)]
Gen. 73 (24.33%): Max/Min/Avg Fitness(Raw) [22.23(66.98)/17.19(1.02)/18.53(18.53)]
Gen. 74 (24.67%): Max/Min/Avg Fitness(Raw) [19.87(66.98)/15.54(1.02)/16.56(16.56)]
Gen. 75 (25.00%): Max/Min/Avg Fitness(Raw) [21.14(66.98)/16.43(1.02)/17.62(17.62)]
Gen. 76 (25.33%): Max/Min/Avg Fitness(Raw) [21.34(66.98)/16.57(1.02)/17.79(17.79)]
Gen. 77 (25.67%): Max/Min/Avg Fitness(Raw) [21.74(66.98)/16.85(1.02)/18.12(18.12)]
Gen. 78 (26.00%): Max/Min/Avg Fitness(Raw) [22.04(66.98)/17.05(1.02)/18.36(18.36)]
Gen. 79 (26.33%): Max/Min/Avg Fitness(Raw) [20.81(66.98)/16.20(1.02)/17.34(17.34)]
Gen. 80 (26.67%): Max/Min/Avg Fitness(Raw) [23.06(66.98)/17.75(1.02)/19.21(19.21)]
Gen. 81 (27.00%): Max/Min/Avg Fitness(Raw) [21.26(66.98)/16.52(1.02)/17.72(17.72)]
Gen. 82 (27.33%): Max/Min/Avg Fitness(Raw) [21.00(66.98)/16.33(1.02)/17.50(17.50)]
Gen. 83 (27.67%): Max/Min/Avg Fitness(Raw) [22.59(66.98)/17.43(1.02)/18.83(18.83)]
Gen. 84 (28.00%): Max/Min/Avg Fitness(Raw) [20.73(66.98)/16.15(1.02)/17.28(17.28)]
Gen. 85 (28.33%): Max/Min/Avg Fitness(Raw) [21.40(66.98)/16.61(1.02)/17.83(17.83)]
Gen. 86 (28.67%): Max/Min/Avg Fitness(Raw) [19.94(66.98)/15.59(1.02)/16.62(16.62)]
Gen. 87 (29.00%): Max/Min/Avg Fitness(Raw) [21.90(66.98)/16.96(1.02)/18.25(18.25)]
Gen. 88 (29.33%): Max/Min/Avg Fitness(Raw) [21.37(66.98)/16.59(1.02)/17.81(17.81)]
Gen. 89 (29.67%): Max/Min/Avg Fitness(Raw) [21.39(66.98)/16.61(1.02)/17.83(17.83)]
Gen. 90 (30.00%): Max/Min/Avg Fitness(Raw) [22.96(66.98)/17.68(1.02)/19.13(19.13)]
Gen. 91 (30.33%): Max/Min/Avg Fitness(Raw) [20.03(66.98)/15.65(1.02)/16.69(16.69)]
Gen. 92 (30.67%): Max/Min/Avg Fitness(Raw) [21.22(66.98)/16.49(1.02)/17.68(17.68)]
Gen. 93 (31.00%): Max/Min/Avg Fitness(Raw) [21.28(66.98)/16.53(1.02)/17.73(17.73)]
Gen. 94 (31.33%): Max/Min/Avg Fitness(Raw) [20.40(66.98)/15.92(1.02)/17.00(17.00)]
Gen. 95 (31.67%): Max/Min/Avg Fitness(Raw) [20.49(66.98)/15.98(1.02)/17.08(17.08)]
Gen. 96 (32.00%): Max/Min/Avg Fitness(Raw) [22.39(66.98)/17.29(1.02)/18.66(18.66)]
Gen. 97 (32.33%): Max/Min/Avg Fitness(Raw) [21.13(66.98)/16.43(1.02)/17.61(17.61)]
Gen. 98 (32.67%): Max/Min/Avg Fitness(Raw) [20.34(66.98)/15.87(1.02)/16.95(16.95)]
Gen. 99 (33.00%): Max/Min/Avg Fitness(Raw) [20.57(66.98)/16.03(1.02)/17.14(17.14)]
Gen. 100 (33.33%): Max/Min/Avg Fitness(Raw) [22.51(66.98)/17.38(1.02)/18.75(18.75)]
Gen. 101 (33.67%): Max/Min/Avg Fitness(Raw) [20.70(66.98)/16.12(1.02)/17.25(17.25)]
Gen. 102 (34.00%): Max/Min/Avg Fitness(Raw) [21.17(66.98)/16.45(1.02)/17.64(17.64)]
Gen. 103 (34.33%): Max/Min/Avg Fitness(Raw) [20.31(66.98)/15.85(1.02)/16.92(16.92)]
Gen. 104 (34.67%): Max/Min/Avg Fitness(Raw) [21.63(66.98)/16.78(1.02)/18.03(18.03)]
Gen. 105 (35.00%): Max/Min/Avg Fitness(Raw) [22.23(66.98)/17.19(1.02)/18.53(18.53)]
Gen. 106 (35.33%): Max/Min/Avg Fitness(Raw) [22.99(66.98)/17.70(1.02)/19.16(19.16)]
Gen. 107 (35.67%): Max/Min/Avg Fitness(Raw) [19.75(66.98)/15.45(1.02)/16.46(16.46)]
Gen. 108 (36.00%): Max/Min/Avg Fitness(Raw) [21.44(66.98)/16.64(1.02)/17.87(17.87)]
Gen. 109 (36.33%): Max/Min/Avg Fitness(Raw) [20.16(66.98)/15.74(1.02)/16.80(16.80)]
Gen. 110 (36.67%): Max/Min/Avg Fitness(Raw) [21.92(66.98)/16.97(1.02)/18.26(18.26)]
Gen. 111 (37.00%): Max/Min/Avg Fitness(Raw) [21.27(66.98)/16.52(1.02)/17.73(17.73)]
Gen. 112 (37.33%): Max/Min/Avg Fitness(Raw) [22.20(66.98)/17.17(1.02)/18.50(18.50)]
Gen. 113 (37.67%): Max/Min/Avg Fitness(Raw) [21.29(66.98)/16.53(1.02)/17.74(17.74)]
Gen. 114 (38.00%): Max/Min/Avg Fitness(Raw) [21.51(66.98)/16.69(1.02)/17.92(17.92)]
Gen. 115 (38.33%): Max/Min/Avg Fitness(Raw) [21.29(66.98)/16.54(1.02)/17.74(17.74)]
Gen. 116 (38.67%): Max/Min/Avg Fitness(Raw) [20.92(66.98)/16.28(1.02)/17.43(17.43)]
Gen. 117 (39.00%): Max/Min/Avg Fitness(Raw) [20.80(66.98)/16.19(1.02)/17.33(17.33)]
Gen. 118 (39.33%): Max/Min/Avg Fitness(Raw) [21.38(66.98)/16.60(1.02)/17.81(17.81)]
Gen. 119 (39.67%): Max/Min/Avg Fitness(Raw) [22.16(66.98)/17.14(1.02)/18.46(18.46)]
Gen. 120 (40.00%): Max/Min/Avg Fitness(Raw) [21.39(66.98)/16.61(1.02)/17.82(17.82)]
Gen. 121 (40.33%): Max/Min/Avg Fitness(Raw) [21.01(66.98)/16.34(1.02)/17.51(17.51)]
Gen. 122 (40.67%): Max/Min/Avg Fitness(Raw) [21.90(66.98)/16.96(1.02)/18.25(18.25)]
Gen. 123 (41.00%): Max/Min/Avg Fitness(Raw) [21.39(66.98)/16.61(1.02)/17.83(17.83)]
Gen. 124 (41.33%): Max/Min/Avg Fitness(Raw) [20.15(66.98)/15.74(1.02)/16.79(16.79)]
Gen. 125 (41.67%): Max/Min/Avg Fitness(Raw) [20.99(66.98)/16.33(1.02)/17.49(17.49)]
Gen. 126 (42.00%): Max/Min/Avg Fitness(Raw) [21.24(66.98)/16.50(1.02)/17.70(17.70)]
Gen. 127 (42.33%): Max/Min/Avg Fitness(Raw) [21.18(66.98)/16.46(1.02)/17.65(17.65)]
Gen. 128 (42.67%): Max/Min/Avg Fitness(Raw) [19.95(66.98)/15.59(1.02)/16.62(16.62)]
Gen. 129 (43.00%): Max/Min/Avg Fitness(Raw) [21.43(66.98)/16.64(1.02)/17.86(17.86)]
Gen. 130 (43.33%): Max/Min/Avg Fitness(Raw) [20.64(66.98)/16.08(1.02)/17.20(17.20)]
Gen. 131 (43.67%): Max/Min/Avg Fitness(Raw) [19.92(66.98)/15.58(1.02)/16.60(16.60)]
Gen. 132 (44.00%): Max/Min/Avg Fitness(Raw) [21.05(66.98)/16.37(1.02)/17.55(17.55)]
Gen. 133 (44.33%): Max/Min/Avg Fitness(Raw) [21.41(66.98)/16.62(1.02)/17.84(17.84)]
Gen. 134 (44.67%): Max/Min/Avg Fitness(Raw) [21.68(66.98)/16.81(1.02)/18.07(18.07)]
Gen. 135 (45.00%): Max/Min/Avg Fitness(Raw) [21.03(66.98)/16.35(1.02)/17.52(17.52)]
Gen. 136 (45.33%): Max/Min/Avg Fitness(Raw) [21.37(66.98)/16.59(1.02)/17.81(17.81)]
Gen. 137 (45.67%): Max/Min/Avg Fitness(Raw) [21.80(66.98)/16.89(1.02)/18.17(18.17)]
Gen. 138 (46.00%): Max/Min/Avg Fitness(Raw) [21.54(66.98)/16.71(1.02)/17.95(17.95)]
Gen. 139 (46.33%): Max/Min/Avg Fitness(Raw) [21.27(66.98)/16.52(1.02)/17.73(17.73)]
Gen. 140 (46.67%): Max/Min/Avg Fitness(Raw) [21.72(66.98)/16.83(1.02)/18.10(18.10)]
Gen. 141 (47.00%): Max/Min/Avg Fitness(Raw) [21.67(66.98)/16.80(1.02)/18.06(18.06)]
Gen. 142 (47.33%): Max/Min/Avg Fitness(Raw) [21.09(66.98)/16.40(1.02)/17.58(17.58)]
Gen. 143 (47.67%): Max/Min/Avg Fitness(Raw) [22.31(66.98)/17.24(1.02)/18.59(18.59)]
Gen. 144 (48.00%): Max/Min/Avg Fitness(Raw) [20.14(66.98)/15.73(1.02)/16.78(16.78)]
Gen. 145 (48.33%): Max/Min/Avg Fitness(Raw) [21.17(66.98)/16.45(1.02)/17.64(17.64)]
Gen. 146 (48.67%): Max/Min/Avg Fitness(Raw) [22.12(66.98)/17.11(1.02)/18.43(18.43)]
Gen. 147 (49.00%): Max/Min/Avg Fitness(Raw) [21.38(66.98)/16.60(1.02)/17.81(17.81)]
Gen. 148 (49.33%): Max/Min/Avg Fitness(Raw) [20.59(66.98)/16.05(1.02)/17.16(17.16)]
Gen. 149 (49.67%): Max/Min/Avg Fitness(Raw) [22.71(66.98)/17.52(1.02)/18.93(18.93)]
Gen. 150 (50.00%): Max/Min/Avg Fitness(Raw) [22.30(66.98)/17.23(1.02)/18.58(18.58)]
Gen. 151 (50.33%): Max/Min/Avg Fitness(Raw) [20.53(66.98)/16.00(1.02)/17.11(17.11)]
Gen. 152 (50.67%): Max/Min/Avg Fitness(Raw) [20.19(66.98)/15.77(1.02)/16.83(16.83)]
Gen. 153 (51.00%): Max/Min/Avg Fitness(Raw) [20.59(66.98)/16.05(1.02)/17.16(17.16)]
Gen. 154 (51.33%): Max/Min/Avg Fitness(Raw) [21.44(66.98)/16.64(1.02)/17.86(17.86)]
Gen. 155 (51.67%): Max/Min/Avg Fitness(Raw) [20.30(66.98)/15.84(1.02)/16.92(16.92)]
Gen. 156 (52.00%): Max/Min/Avg Fitness(Raw) [22.02(66.98)/17.04(1.02)/18.35(18.35)]
Gen. 157 (52.33%): Max/Min/Avg Fitness(Raw) [21.55(66.98)/16.72(1.02)/17.96(17.96)]
Gen. 158 (52.67%): Max/Min/Avg Fitness(Raw) [21.44(66.98)/16.64(1.02)/17.86(17.86)]
Gen. 159 (53.00%): Max/Min/Avg Fitness(Raw) [21.03(66.98)/16.36(1.02)/17.53(17.53)]
Gen. 160 (53.33%): Max/Min/Avg Fitness(Raw) [21.32(66.98)/16.56(1.02)/17.77(17.77)]
Gen. 161 (53.67%): Max/Min/Avg Fitness(Raw) [20.73(66.98)/16.15(1.02)/17.28(17.28)]
Gen. 162 (54.00%): Max/Min/Avg Fitness(Raw) [21.00(66.98)/16.34(1.02)/17.50(17.50)]
Gen. 163 (54.33%): Max/Min/Avg Fitness(Raw) [22.98(66.98)/17.70(1.02)/19.15(19.15)]
Gen. 164 (54.67%): Max/Min/Avg Fitness(Raw) [20.68(66.98)/16.11(1.02)/17.23(17.23)]
Gen. 165 (55.00%): Max/Min/Avg Fitness(Raw) [20.75(66.98)/16.16(1.02)/17.29(17.29)]
Gen. 166 (55.33%): Max/Min/Avg Fitness(Raw) [21.76(66.98)/16.86(1.02)/18.13(18.13)]
Gen. 167 (55.67%): Max/Min/Avg Fitness(Raw) [22.36(66.98)/17.27(1.02)/18.63(18.63)]
Gen. 168 (56.00%): Max/Min/Avg Fitness(Raw) [22.14(66.98)/17.12(1.02)/18.45(18.45)]
Gen. 169 (56.33%): Max/Min/Avg Fitness(Raw) [21.18(66.98)/16.46(1.02)/17.65(17.65)]
Gen. 170 (56.67%): Max/Min/Avg Fitness(Raw) [21.99(66.98)/17.02(1.02)/18.33(18.33)]
Gen. 171 (57.00%): Max/Min/Avg Fitness(Raw) [19.85(66.98)/15.52(1.02)/16.54(16.54)]
Gen. 172 (57.33%): Max/Min/Avg Fitness(Raw) [20.97(66.98)/16.31(1.02)/17.48(17.48)]
Gen. 173 (57.67%): Max/Min/Avg Fitness(Raw) [20.09(66.98)/15.69(1.02)/16.74(16.74)]
Gen. 174 (58.00%): Max/Min/Avg Fitness(Raw) [21.19(66.98)/16.47(1.02)/17.66(17.66)]
Gen. 175 (58.33%): Max/Min/Avg Fitness(Raw) [20.32(66.98)/15.86(1.02)/16.93(16.93)]
Gen. 176 (58.67%): Max/Min/Avg Fitness(Raw) [20.69(66.98)/16.11(1.02)/17.24(17.24)]
Gen. 177 (59.00%): Max/Min/Avg Fitness(Raw) [20.10(66.98)/15.70(1.02)/16.75(16.75)]
Gen. 178 (59.33%): Max/Min/Avg Fitness(Raw) [21.11(66.98)/16.41(1.02)/17.59(17.59)]
Gen. 179 (59.67%): Max/Min/Avg Fitness(Raw) [20.72(66.98)/16.14(1.02)/17.27(17.27)]
Gen. 180 (60.00%): Max/Min/Avg Fitness(Raw) [21.65(66.98)/16.79(1.02)/18.04(18.04)]
Gen. 181 (60.33%): Max/Min/Avg Fitness(Raw) [21.49(66.98)/16.68(1.02)/17.91(17.91)]
Gen. 182 (60.67%): Max/Min/Avg Fitness(Raw) [21.86(66.98)/16.93(1.02)/18.22(18.22)]
Gen. 183 (61.00%): Max/Min/Avg Fitness(Raw) [20.58(66.98)/16.04(1.02)/17.15(17.15)]
Gen. 184 (61.33%): Max/Min/Avg Fitness(Raw) [20.37(66.98)/15.89(1.02)/16.98(16.98)]
Gen. 185 (61.67%): Max/Min/Avg Fitness(Raw) [19.11(66.98)/14.99(1.02)/15.92(15.92)]
Gen. 186 (62.00%): Max/Min/Avg Fitness(Raw) [20.93(66.98)/16.28(1.02)/17.44(17.44)]
Gen. 187 (62.33%): Max/Min/Avg Fitness(Raw) [19.89(66.98)/15.55(1.02)/16.57(16.57)]
Gen. 188 (62.67%): Max/Min/Avg Fitness(Raw) [22.20(66.98)/17.17(1.02)/18.50(18.50)]
Gen. 189 (63.00%): Max/Min/Avg Fitness(Raw) [22.19(66.98)/17.16(1.02)/18.50(18.50)]
Gen. 190 (63.33%): Max/Min/Avg Fitness(Raw) [22.14(66.98)/17.13(1.02)/18.45(18.45)]
Gen. 191 (63.67%): Max/Min/Avg Fitness(Raw) [21.57(66.98)/16.73(1.02)/17.97(17.97)]
Gen. 192 (64.00%): Max/Min/Avg Fitness(Raw) [22.06(66.98)/17.07(1.02)/18.38(18.38)]
Gen. 193 (64.33%): Max/Min/Avg Fitness(Raw) [20.72(66.98)/16.14(1.02)/17.27(17.27)]
Gen. 194 (64.67%): Max/Min/Avg Fitness(Raw) [22.37(66.98)/17.28(1.02)/18.64(18.64)]
Gen. 195 (65.00%): Max/Min/Avg Fitness(Raw) [21.46(66.98)/16.65(1.02)/17.88(17.88)]
Gen. 196 (65.33%): Max/Min/Avg Fitness(Raw) [19.80(66.98)/15.49(1.02)/16.50(16.50)]
Gen. 197 (65.67%): Max/Min/Avg Fitness(Raw) [21.41(66.98)/16.62(1.02)/17.84(17.84)]
Gen. 198 (66.00%): Max/Min/Avg Fitness(Raw) [21.15(66.98)/16.44(1.02)/17.62(17.62)]
Gen. 199 (66.33%): Max/Min/Avg Fitness(Raw) [21.71(66.98)/16.83(1.02)/18.09(18.09)]
Gen. 200 (66.67%): Max/Min/Avg Fitness(Raw) [20.61(66.98)/16.06(1.02)/17.17(17.17)]
Gen. 201 (67.00%): Max/Min/Avg Fitness(Raw) [20.57(66.98)/16.04(1.02)/17.15(17.15)]
Gen. 202 (67.33%): Max/Min/Avg Fitness(Raw) [20.31(66.98)/15.85(1.02)/16.92(16.92)]
Gen. 203 (67.67%): Max/Min/Avg Fitness(Raw) [20.89(66.98)/16.26(1.02)/17.41(17.41)]
Gen. 204 (68.00%): Max/Min/Avg Fitness(Raw) [20.03(66.98)/15.65(1.02)/16.69(16.69)]
Gen. 205 (68.33%): Max/Min/Avg Fitness(Raw) [21.41(66.98)/16.62(1.02)/17.84(17.84)]
Gen. 206 (68.67%): Max/Min/Avg Fitness(Raw) [20.58(66.98)/16.04(1.02)/17.15(17.15)]
Gen. 207 (69.00%): Max/Min/Avg Fitness(Raw) [19.79(66.98)/15.48(1.02)/16.49(16.49)]
Gen. 208 (69.33%): Max/Min/Avg Fitness(Raw) [21.11(66.98)/16.41(1.02)/17.60(17.60)]
Gen. 209 (69.67%): Max/Min/Avg Fitness(Raw) [20.67(66.98)/16.10(1.02)/17.23(17.23)]
Gen. 210 (70.00%): Max/Min/Avg Fitness(Raw) [20.97(66.98)/16.31(1.02)/17.48(17.48)]
Gen. 211 (70.33%): Max/Min/Avg Fitness(Raw) [21.47(66.98)/16.66(1.02)/17.89(17.89)]
Gen. 212 (70.67%): Max/Min/Avg Fitness(Raw) [20.88(66.98)/16.25(1.02)/17.40(17.40)]
Gen. 213 (71.00%): Max/Min/Avg Fitness(Raw) [22.06(66.98)/17.07(1.02)/18.38(18.38)]
Gen. 214 (71.33%): Max/Min/Avg Fitness(Raw) [20.92(66.98)/16.28(1.02)/17.43(17.43)]
Gen. 215 (71.67%): Max/Min/Avg Fitness(Raw) [20.10(66.98)/15.70(1.02)/16.75(16.75)]
Gen. 216 (72.00%): Max/Min/Avg Fitness(Raw) [20.47(66.98)/15.96(1.02)/17.06(17.06)]
Gen. 217 (72.33%): Max/Min/Avg Fitness(Raw) [20.77(66.98)/16.18(1.02)/17.31(17.31)]
Gen. 218 (72.67%): Max/Min/Avg Fitness(Raw) [20.94(66.98)/16.29(1.02)/17.45(17.45)]
Gen. 219 (73.00%): Max/Min/Avg Fitness(Raw) [20.86(66.98)/16.24(1.02)/17.38(17.38)]
Gen. 220 (73.33%): Max/Min/Avg Fitness(Raw) [20.38(66.98)/15.90(1.02)/16.99(16.99)]
Gen. 221 (73.67%): Max/Min/Avg Fitness(Raw) [22.09(66.98)/17.09(1.02)/18.40(18.40)]
Gen. 222 (74.00%): Max/Min/Avg Fitness(Raw) [20.62(66.98)/16.07(1.02)/17.18(17.18)]
Gen. 223 (74.33%): Max/Min/Avg Fitness(Raw) [20.94(66.98)/16.29(1.02)/17.45(17.45)]
Gen. 224 (74.67%): Max/Min/Avg Fitness(Raw) [20.90(66.98)/16.27(1.02)/17.42(17.42)]
Gen. 225 (75.00%): Max/Min/Avg Fitness(Raw) [21.19(66.98)/16.47(1.02)/17.66(17.66)]
Gen. 226 (75.33%): Max/Min/Avg Fitness(Raw) [22.35(66.98)/17.27(1.02)/18.62(18.62)]
Gen. 227 (75.67%): Max/Min/Avg Fitness(Raw) [20.78(66.98)/16.18(1.02)/17.31(17.31)]
Gen. 228 (76.00%): Max/Min/Avg Fitness(Raw) [20.27(66.98)/15.82(1.02)/16.89(16.89)]
Gen. 229 (76.33%): Max/Min/Avg Fitness(Raw) [20.87(66.98)/16.25(1.02)/17.39(17.39)]
Gen. 230 (76.67%): Max/Min/Avg Fitness(Raw) [22.75(66.98)/17.54(1.02)/18.95(18.95)]
Gen. 231 (77.00%): Max/Min/Avg Fitness(Raw) [22.56(66.98)/17.41(1.02)/18.80(18.80)]
Gen. 232 (77.33%): Max/Min/Avg Fitness(Raw) [21.82(66.98)/16.90(1.02)/18.18(18.18)]
Gen. 233 (77.67%): Max/Min/Avg Fitness(Raw) [19.53(66.98)/15.30(1.02)/16.27(16.27)]
Gen. 234 (78.00%): Max/Min/Avg Fitness(Raw) [20.59(66.98)/16.05(1.02)/17.16(17.16)]
Gen. 235 (78.33%): Max/Min/Avg Fitness(Raw) [20.79(66.98)/16.19(1.02)/17.32(17.32)]
Gen. 236 (78.67%): Max/Min/Avg Fitness(Raw) [21.66(66.98)/16.79(1.02)/18.05(18.05)]
Gen. 237 (79.00%): Max/Min/Avg Fitness(Raw) [20.81(66.98)/16.20(1.02)/17.34(17.34)]
Gen. 238 (79.33%): Max/Min/Avg Fitness(Raw) [20.97(66.98)/16.32(1.02)/17.48(17.48)]
Gen. 239 (79.67%): Max/Min/Avg Fitness(Raw) [21.10(66.98)/16.40(1.02)/17.58(17.58)]
Gen. 240 (80.00%): Max/Min/Avg Fitness(Raw) [21.65(66.98)/16.79(1.02)/18.05(18.05)]
Gen. 241 (80.33%): Max/Min/Avg Fitness(Raw) [21.37(66.98)/16.59(1.02)/17.81(17.81)]
Gen. 242 (80.67%): Max/Min/Avg Fitness(Raw) [20.60(66.98)/16.05(1.02)/17.16(17.16)]
Gen. 243 (81.00%): Max/Min/Avg Fitness(Raw) [21.75(66.98)/16.86(1.02)/18.13(18.13)]
Gen. 244 (81.33%): Max/Min/Avg Fitness(Raw) [22.40(66.98)/17.30(1.02)/18.66(18.66)]
Gen. 245 (81.67%): Max/Min/Avg Fitness(Raw) [20.71(66.98)/16.13(1.02)/17.26(17.26)]
Gen. 246 (82.00%): Max/Min/Avg Fitness(Raw) [21.82(66.98)/16.90(1.02)/18.18(18.18)]
Gen. 247 (82.33%): Max/Min/Avg Fitness(Raw) [19.40(66.98)/15.20(1.02)/16.16(16.16)]
Gen. 248 (82.67%): Max/Min/Avg Fitness(Raw) [21.73(66.98)/16.84(1.02)/18.11(18.11)]
Gen. 249 (83.00%): Max/Min/Avg Fitness(Raw) [22.53(66.98)/17.39(1.02)/18.78(18.78)]
Gen. 250 (83.33%): Max/Min/Avg Fitness(Raw) [21.12(66.98)/16.41(1.02)/17.60(17.60)]
Gen. 251 (83.67%): Max/Min/Avg Fitness(Raw) [21.83(66.98)/16.91(1.02)/18.19(18.19)]
Gen. 252 (84.00%): Max/Min/Avg Fitness(Raw) [21.42(66.98)/16.63(1.02)/17.85(17.85)]
Gen. 253 (84.33%): Max/Min/Avg Fitness(Raw) [21.56(66.98)/16.72(1.02)/17.96(17.96)]
Gen. 254 (84.67%): Max/Min/Avg Fitness(Raw) [20.99(66.98)/16.33(1.02)/17.49(17.49)]
Gen. 255 (85.00%): Max/Min/Avg Fitness(Raw) [21.07(66.98)/16.38(1.02)/17.56(17.56)]
Gen. 256 (85.33%): Max/Min/Avg Fitness(Raw) [19.86(66.98)/15.53(1.02)/16.55(16.55)]
Gen. 257 (85.67%): Max/Min/Avg Fitness(Raw) [20.98(66.98)/16.32(1.02)/17.49(17.49)]
Gen. 258 (86.00%): Max/Min/Avg Fitness(Raw) [18.99(66.98)/14.91(1.02)/15.83(15.83)]
Gen. 259 (86.33%): Max/Min/Avg Fitness(Raw) [21.66(66.98)/16.79(1.02)/18.05(18.05)]
Gen. 260 (86.67%): Max/Min/Avg Fitness(Raw) [21.32(66.98)/16.55(1.02)/17.76(17.76)]
Gen. 261 (87.00%): Max/Min/Avg Fitness(Raw) [21.09(66.98)/16.40(1.02)/17.57(17.57)]
Gen. 262 (87.33%): Max/Min/Avg Fitness(Raw) [21.36(66.98)/16.58(1.02)/17.80(17.80)]
Gen. 263 (87.67%): Max/Min/Avg Fitness(Raw) [21.35(66.98)/16.58(1.02)/17.79(17.79)]
Gen. 264 (88.00%): Max/Min/Avg Fitness(Raw) [20.66(66.98)/16.09(1.02)/17.21(17.21)]
Gen. 265 (88.33%): Max/Min/Avg Fitness(Raw) [21.91(66.98)/16.97(1.02)/18.26(18.26)]
Gen. 266 (88.67%): Max/Min/Avg Fitness(Raw) [20.46(66.98)/15.96(1.02)/17.05(17.05)]
Gen. 267 (89.00%): Max/Min/Avg Fitness(Raw) [22.00(66.98)/17.03(1.02)/18.33(18.33)]
Gen. 268 (89.33%): Max/Min/Avg Fitness(Raw) [19.70(66.98)/15.42(1.02)/16.42(16.42)]
Gen. 269 (89.67%): Max/Min/Avg Fitness(Raw) [20.41(66.98)/15.92(1.02)/17.01(17.01)]
Gen. 270 (90.00%): Max/Min/Avg Fitness(Raw) [22.69(66.98)/17.50(1.02)/18.91(18.91)]
Gen. 271 (90.33%): Max/Min/Avg Fitness(Raw) [22.37(66.98)/17.28(1.02)/18.64(18.64)]
Gen. 272 (90.67%): Max/Min/Avg Fitness(Raw) [20.05(66.98)/15.66(1.02)/16.71(16.71)]
Gen. 273 (91.00%): Max/Min/Avg Fitness(Raw) [20.31(66.98)/15.85(1.02)/16.93(16.93)]
Gen. 274 (91.33%): Max/Min/Avg Fitness(Raw) [22.47(66.98)/17.35(1.02)/18.72(18.72)]
Gen. 275 (91.67%): Max/Min/Avg Fitness(Raw) [20.31(66.98)/15.85(1.02)/16.93(16.93)]
Gen. 276 (92.00%): Max/Min/Avg Fitness(Raw) [21.13(66.98)/16.43(1.02)/17.61(17.61)]
Gen. 277 (92.33%): Max/Min/Avg Fitness(Raw) [22.03(66.98)/17.05(1.02)/18.35(18.35)]
Gen. 278 (92.67%): Max/Min/Avg Fitness(Raw) [20.86(66.98)/16.24(1.02)/17.39(17.39)]
Gen. 279 (93.00%): Max/Min/Avg Fitness(Raw) [21.27(66.98)/16.53(1.02)/17.73(17.73)]
Gen. 280 (93.33%): Max/Min/Avg Fitness(Raw) [21.19(66.98)/16.47(1.02)/17.66(17.66)]
Gen. 281 (93.67%): Max/Min/Avg Fitness(Raw) [22.11(66.98)/17.10(1.02)/18.42(18.42)]
Gen. 282 (94.00%): Max/Min/Avg Fitness(Raw) [21.06(66.98)/16.37(1.02)/17.55(17.55)]
Gen. 283 (94.33%): Max/Min/Avg Fitness(Raw) [21.63(66.98)/16.77(1.02)/18.03(18.03)]
Gen. 284 (94.67%): Max/Min/Avg Fitness(Raw) [21.50(66.98)/16.68(1.02)/17.91(17.91)]
Gen. 285 (95.00%): Max/Min/Avg Fitness(Raw) [21.88(66.98)/16.94(1.02)/18.23(18.23)]
Gen. 286 (95.33%): Max/Min/Avg Fitness(Raw) [21.58(66.98)/16.74(1.02)/17.98(17.98)]
Gen. 287 (95.67%): Max/Min/Avg Fitness(Raw) [21.58(66.98)/16.74(1.02)/17.98(17.98)]
Gen. 288 (96.00%): Max/Min/Avg Fitness(Raw) [22.00(66.98)/17.03(1.02)/18.33(18.33)]
Gen. 289 (96.33%): Max/Min/Avg Fitness(Raw) [20.39(66.98)/15.90(1.02)/16.99(16.99)]
Gen. 290 (96.67%): Max/Min/Avg Fitness(Raw) [19.76(66.98)/15.46(1.02)/16.47(16.47)]
Gen. 291 (97.00%): Max/Min/Avg Fitness(Raw) [20.56(66.98)/16.02(1.02)/17.13(17.13)]
Gen. 292 (97.33%): Max/Min/Avg Fitness(Raw) [21.49(66.98)/16.68(1.02)/17.91(17.91)]
Gen. 293 (97.67%): Max/Min/Avg Fitness(Raw) [20.94(66.98)/16.29(1.02)/17.45(17.45)]
Gen. 294 (98.00%): Max/Min/Avg Fitness(Raw) [20.42(66.98)/15.93(1.02)/17.02(17.02)]
Gen. 295 (98.33%): Max/Min/Avg Fitness(Raw) [20.78(66.98)/16.18(1.02)/17.32(17.32)]
Gen. 296 (98.67%): Max/Min/Avg Fitness(Raw) [20.45(66.98)/15.95(1.02)/17.04(17.04)]
Gen. 297 (99.00%): Max/Min/Avg Fitness(Raw) [21.21(66.98)/16.48(1.02)/17.68(17.68)]
Gen. 298 (99.33%): Max/Min/Avg Fitness(Raw) [20.69(66.98)/16.12(1.02)/17.24(17.24)]
Gen. 299 (99.67%): Max/Min/Avg Fitness(Raw) [21.39(66.98)/16.61(1.02)/17.83(17.83)]
Gen. 300 (100.00%): Max/Min/Avg Fitness(Raw) [21.38(66.98)/16.60(1.02)/17.82(17.82)]
Total time elapsed: 70134.101 seconds.
GA MSE : 0.977945
Best initial connection wetighs are set on Network
Setting FANN training parameters
Input layer                          :  70 neurons, 1 bias
  Hidden layer                       :  35 neurons, 1 bias
Output layer                         :   1 neurons
Total neurons and biases             : 108
Total connections                    :2521
Connection rate                      :   1.000
Network type                         :   FANN_NETTYPE_LAYER
Training algorithm                   :   FANN_TRAIN_RPROP
Training error function              :   FANN_ERRORFUNC_TANH
Training stop function               :   FANN_STOPFUNC_MSE
Bit fail limit                       :   0.350
Learning rate                        :   0.700
Learning momentum                    :   0.000
Quickprop decay                      :  -0.000100
Quickprop mu                         :   1.750
RPROP increase factor                :   1.001
RPROP decrease factor                :   0.333
RPROP delta min                      :   0.000
RPROP delta max                      :  50.000
Cascade output change fraction       :   0.010000
Cascade candidate change fraction    :   0.010000
Cascade output stagnation epochs     :  12
Cascade candidate stagnation epochs  :  12
Cascade max output epochs            : 150
Cascade max candidate epochs         : 150
Cascade weight multiplier            :   0.400
Cascade candidate limit              :1000.000
Cascade activation functions[0]      :   FANN_SIGMOID
Cascade activation functions[1]      :   FANN_SIGMOID_SYMMETRIC
Cascade activation functions[2]      :   FANN_GAUSSIAN
Cascade activation functions[3]      :   FANN_GAUSSIAN_SYMMETRIC
Cascade activation functions[4]      :   FANN_ELLIOT
Cascade activation functions[5]      :   FANN_ELLIOT_SYMMETRIC
Cascade activation functions[6]      :   FANN_SIN_SYMMETRIC
Cascade activation functions[7]      :   FANN_COS_SYMMETRIC
Cascade activation functions[8]      :   FANN_SIN
Cascade activation functions[9]      :   FANN_COS
Cascade activation steepnesses[0]    :   0.250
Cascade activation steepnesses[1]    :   0.500
Cascade activation steepnesses[2]    :   0.750
Cascade activation steepnesses[3]    :   1.000
Cascade candidate groups             :   2
Cascade no. of candidates            :  80
Start training network with 2-algorithm in FANN
Max epochs     8000. Desired error: 0.0010000000.
Epochs            1. Current error: 0.0149302892. Bit fail 282.
Epochs          100. Current error: 0.0118253604. Bit fail 239.
Epochs          200. Current error: 0.0108143063. Bit fail 223.
Epochs          300. Current error: 0.0101868557. Bit fail 212.
Epochs          400. Current error: 0.0097010927. Bit fail 196.
Epochs          500. Current error: 0.0092671970. Bit fail 188.
Epochs          600. Current error: 0.0089867814. Bit fail 184.
Epochs          700. Current error: 0.0086692013. Bit fail 180.
Epochs          800. Current error: 0.0084370617. Bit fail 172.
Epochs          900. Current error: 0.0082398206. Bit fail 168.
Epochs         1000. Current error: 0.0080567468. Bit fail 168.
Epochs         1100. Current error: 0.0079066269. Bit fail 165.
Epochs         1200. Current error: 0.0077726496. Bit fail 158.
Epochs         1300. Current error: 0.0076257852. Bit fail 157.
Epochs         1400. Current error: 0.0074901017. Bit fail 154.
Epochs         1500. Current error: 0.0073819053. Bit fail 152.
Epochs         1600. Current error: 0.0072720819. Bit fail 149.
Epochs         1700. Current error: 0.0071621141. Bit fail 144.
Epochs         1800. Current error: 0.0071144868. Bit fail 146.
Epochs         1900. Current error: 0.0070531978. Bit fail 146.
Epochs         2000. Current error: 0.0069898651. Bit fail 147.
Epochs         2100. Current error: 0.0069856029. Bit fail 147.
Epochs         2200. Current error: 0.0069303261. Bit fail 142.
Epochs         2300. Current error: 0.0068831798. Bit fail 141.
Epochs         2400. Current error: 0.0068219514. Bit fail 136.
Epochs         2500. Current error: 0.0067172218. Bit fail 136.
Epochs         2600. Current error: 0.0066640447. Bit fail 136.
Epochs         2700. Current error: 0.0066243382. Bit fail 135.
Epochs         2800. Current error: 0.0065805800. Bit fail 133.
Epochs         2900. Current error: 0.0065468238. Bit fail 130.
Epochs         3000. Current error: 0.0065038339. Bit fail 129.
Epochs         3100. Current error: 0.0064850491. Bit fail 130.
Epochs         3200. Current error: 0.0064509958. Bit fail 127.
Epochs         3300. Current error: 0.0064109201. Bit fail 128.
Epochs         3400. Current error: 0.0063650641. Bit fail 124.
Epochs         3500. Current error: 0.0062888642. Bit fail 124.
Epochs         3600. Current error: 0.0062424275. Bit fail 123.
Epochs         3700. Current error: 0.0062096938. Bit fail 122.
Epochs         3800. Current error: 0.0061772014. Bit fail 122.
Epochs         3900. Current error: 0.0061379205. Bit fail 121.
Epochs         4000. Current error: 0.0061032274. Bit fail 120.
Epochs         4100. Current error: 0.0060595577. Bit fail 121.
Epochs         4200. Current error: 0.0060356958. Bit fail 121.
Epochs         4300. Current error: 0.0060141287. Bit fail 123.
Epochs         4400. Current error: 0.0059857192. Bit fail 122.
Epochs         4500. Current error: 0.0059505193. Bit fail 123.
Epochs         4600. Current error: 0.0059598396. Bit fail 124.
Epochs         4700. Current error: 0.0059109936. Bit fail 123.
Epochs         4800. Current error: 0.0058160620. Bit fail 120.
Epochs         4900. Current error: 0.0057672262. Bit fail 120.
Epochs         5000. Current error: 0.0057274951. Bit fail 119.
Epochs         5100. Current error: 0.0056927009. Bit fail 116.
Epochs         5200. Current error: 0.0056314538. Bit fail 114.
Epochs         5300. Current error: 0.0055967700. Bit fail 112.
Epochs         5400. Current error: 0.0055851708. Bit fail 113.
Epochs         5500. Current error: 0.0055657625. Bit fail 112.
Epochs         5600. Current error: 0.0055432194. Bit fail 112.
Epochs         5700. Current error: 0.0055221701. Bit fail 111.
Epochs         5800. Current error: 0.0055027115. Bit fail 110.
Epochs         5900. Current error: 0.0054857880. Bit fail 109.
Epochs         6000. Current error: 0.0054728254. Bit fail 109.
Epochs         6100. Current error: 0.0054565412. Bit fail 109.
Epochs         6200. Current error: 0.0054368111. Bit fail 109.
Epochs         6300. Current error: 0.0054202126. Bit fail 108.
Epochs         6400. Current error: 0.0053997268. Bit fail 108.
Epochs         6500. Current error: 0.0053861961. Bit fail 107.
Epochs         6600. Current error: 0.0053705927. Bit fail 107.
Epochs         6700. Current error: 0.0053573563. Bit fail 107.
Epochs         6800. Current error: 0.0053439741. Bit fail 107.
Epochs         6900. Current error: 0.0053355931. Bit fail 106.
Epochs         7000. Current error: 0.0053200717. Bit fail 106.
Epochs         7100. Current error: 0.0053004744. Bit fail 105.
Epochs         7200. Current error: 0.0052854344. Bit fail 105.
Epochs         7300. Current error: 0.0052692085. Bit fail 105.
Epochs         7400. Current error: 0.0052514207. Bit fail 104.
Epochs         7500. Current error: 0.0052291215. Bit fail 103.
Epochs         7600. Current error: 0.0052115149. Bit fail 103.
Epochs         7700. Current error: 0.0051960363. Bit fail 104.
Epochs         7800. Current error: 0.0051799319. Bit fail 101.
Epochs         7900. Current error: 0.0051633976. Bit fail 100.
Epochs         8000. Current error: 0.0051452997. Bit fail 99.
Time elpased for FANN training: 1554.709704 seconds
Trained Network by GA+FANN is saved in 
./ALL_S6_959126400_hveto_channels_signif_dt_set_0_training_n70n35n1_c10_mr10_p1000_g300_rmin-25_rmax25_gsigma50_y1001_z03333_f05g09_m8000.net.
Total Running Time: 71690.552931 seconds
