Creating network.
The layer structure is following:
[70, 35, 1]
Setting newtork parameters
Getting training data : ALL_S6_959126400_hveto_channels_signif_dt_set_4_training.pat
Setting GA training parameters
Start running GA
Gen. 0 (0.00%): Max/Min/Avg Fitness(Raw) [24.90(60.36)/18.68(1.02)/20.75(20.75)]
Gen. 1 (0.33%): Max/Min/Avg Fitness(Raw) [63.49(63.24)/0.00(1.03)/51.09(51.09)]
Gen. 2 (0.67%): Max/Min/Avg Fitness(Raw) [66.17(65.90)/0.00(1.03)/52.31(52.31)]
Gen. 3 (1.00%): Max/Min/Avg Fitness(Raw) [67.80(67.58)/0.00(1.02)/55.71(55.71)]
Gen. 4 (1.33%): Max/Min/Avg Fitness(Raw) [69.98(69.76)/0.00(1.02)/57.98(57.98)]
Gen. 5 (1.67%): Max/Min/Avg Fitness(Raw) [72.43(72.20)/0.00(1.03)/59.02(59.02)]
Gen. 6 (2.00%): Max/Min/Avg Fitness(Raw) [75.60(75.21)/0.00(1.02)/54.91(54.91)]
Gen. 7 (2.33%): Max/Min/Avg Fitness(Raw) [80.41(80.01)/0.00(1.02)/57.94(57.94)]
Gen. 8 (2.67%): Max/Min/Avg Fitness(Raw) [71.04(83.34)/30.67(1.02)/59.20(59.20)]
Gen. 9 (3.00%): Max/Min/Avg Fitness(Raw) [71.65(84.59)/31.54(1.02)/59.70(59.70)]
Gen. 10 (3.33%): Max/Min/Avg Fitness(Raw) [85.93(85.52)/0.00(1.02)/61.07(61.07)]
Gen. 11 (3.67%): Max/Min/Avg Fitness(Raw) [74.10(86.50)/31.45(1.02)/61.75(61.75)]
Gen. 12 (4.00%): Max/Min/Avg Fitness(Raw) [74.90(87.57)/31.95(1.02)/62.42(62.42)]
Gen. 13 (4.33%): Max/Min/Avg Fitness(Raw) [88.38(87.99)/0.00(1.02)/63.86(63.86)]
Gen. 14 (4.67%): Max/Min/Avg Fitness(Raw) [73.61(88.37)/33.97(1.02)/61.34(61.34)]
Gen. 15 (5.00%): Max/Min/Avg Fitness(Raw) [74.02(88.50)/33.78(1.02)/61.68(61.68)]
Gen. 16 (5.33%): Max/Min/Avg Fitness(Raw) [72.75(89.07)/35.22(1.02)/60.63(60.63)]
Gen. 17 (5.67%): Max/Min/Avg Fitness(Raw) [75.50(89.65)/33.78(1.02)/62.91(62.91)]
Gen. 18 (6.00%): Max/Min/Avg Fitness(Raw) [75.29(89.78)/34.09(1.02)/62.74(62.74)]
Gen. 19 (6.33%): Max/Min/Avg Fitness(Raw) [75.60(90.31)/34.41(1.02)/63.00(63.00)]
Gen. 20 (6.67%): Max/Min/Avg Fitness(Raw) [73.17(91.08)/36.69(1.02)/60.97(60.97)]
Gen. 21 (7.00%): Max/Min/Avg Fitness(Raw) [76.18(91.68)/35.36(1.02)/63.49(63.49)]
Gen. 22 (7.33%): Max/Min/Avg Fitness(Raw) [74.98(91.83)/36.32(1.02)/62.48(62.48)]
Gen. 23 (7.67%): Max/Min/Avg Fitness(Raw) [78.74(92.75)/34.38(1.02)/65.62(65.62)]
Gen. 24 (8.00%): Max/Min/Avg Fitness(Raw) [78.77(93.09)/34.74(1.02)/65.64(65.64)]
Gen. 25 (8.33%): Max/Min/Avg Fitness(Raw) [76.02(93.62)/37.26(1.02)/63.35(63.35)]
Gen. 26 (8.67%): Max/Min/Avg Fitness(Raw) [76.30(94.33)/37.71(1.02)/63.58(63.58)]
Gen. 27 (9.00%): Max/Min/Avg Fitness(Raw) [94.99(94.57)/0.00(1.02)/67.40(67.40)]
Gen. 28 (9.33%): Max/Min/Avg Fitness(Raw) [77.85(95.02)/37.39(1.02)/64.88(64.88)]
Gen. 29 (9.67%): Max/Min/Avg Fitness(Raw) [77.79(95.82)/38.13(1.02)/64.83(64.83)]
Gen. 30 (10.00%): Max/Min/Avg Fitness(Raw) [78.13(96.20)/38.27(1.02)/65.11(65.11)]
Gen. 31 (10.33%): Max/Min/Avg Fitness(Raw) [78.12(96.81)/38.79(1.02)/65.10(65.10)]
Gen. 32 (10.67%): Max/Min/Avg Fitness(Raw) [79.95(96.96)/37.80(1.02)/66.62(66.62)]
Gen. 33 (11.00%): Max/Min/Avg Fitness(Raw) [78.92(96.96)/38.46(1.02)/65.77(65.77)]
Gen. 34 (11.33%): Max/Min/Avg Fitness(Raw) [78.67(96.96)/38.61(1.02)/65.56(65.56)]
Gen. 35 (11.67%): Max/Min/Avg Fitness(Raw) [79.06(96.96)/38.38(1.02)/65.89(65.89)]
Gen. 36 (12.00%): Max/Min/Avg Fitness(Raw) [78.48(96.96)/38.72(1.02)/65.40(65.40)]
Gen. 37 (12.33%): Max/Min/Avg Fitness(Raw) [78.33(96.96)/38.80(1.02)/65.27(65.27)]
Gen. 38 (12.67%): Max/Min/Avg Fitness(Raw) [78.65(96.96)/38.62(1.02)/65.54(65.54)]
Gen. 39 (13.00%): Max/Min/Avg Fitness(Raw) [78.58(96.96)/38.66(1.02)/65.48(65.48)]
Gen. 40 (13.33%): Max/Min/Avg Fitness(Raw) [79.01(96.96)/38.41(1.02)/65.84(65.84)]
Gen. 41 (13.67%): Max/Min/Avg Fitness(Raw) [78.63(97.11)/38.77(1.02)/65.53(65.53)]
Gen. 42 (14.00%): Max/Min/Avg Fitness(Raw) [78.52(97.11)/38.83(1.02)/65.43(65.43)]
Gen. 43 (14.33%): Max/Min/Avg Fitness(Raw) [78.46(97.11)/38.86(1.02)/65.39(65.39)]
Gen. 44 (14.67%): Max/Min/Avg Fitness(Raw) [78.21(97.22)/39.08(1.02)/65.18(65.18)]
Gen. 45 (15.00%): Max/Min/Avg Fitness(Raw) [79.28(97.24)/38.50(1.02)/66.07(66.07)]
Gen. 46 (15.33%): Max/Min/Avg Fitness(Raw) [79.54(97.24)/38.34(1.02)/66.29(66.29)]
Gen. 47 (15.67%): Max/Min/Avg Fitness(Raw) [78.87(97.65)/39.08(1.02)/65.73(65.73)]
Gen. 48 (16.00%): Max/Min/Avg Fitness(Raw) [80.96(97.75)/37.86(1.02)/67.46(67.46)]
Gen. 49 (16.33%): Max/Min/Avg Fitness(Raw) [80.63(98.64)/38.92(1.02)/67.19(67.19)]
Gen. 50 (16.67%): Max/Min/Avg Fitness(Raw) [81.09(99.18)/39.12(1.02)/67.58(67.58)]
Gen. 51 (17.00%): Max/Min/Avg Fitness(Raw) [81.83(99.24)/38.69(1.02)/68.19(68.19)]
Gen. 52 (17.33%): Max/Min/Avg Fitness(Raw) [82.85(99.34)/38.05(1.02)/69.04(69.04)]
Gen. 53 (17.67%): Max/Min/Avg Fitness(Raw) [83.43(99.34)/37.58(1.02)/69.53(69.53)]
Gen. 54 (18.00%): Max/Min/Avg Fitness(Raw) [83.00(99.55)/38.15(1.02)/69.16(69.16)]
Gen. 55 (18.33%): Max/Min/Avg Fitness(Raw) [80.89(99.78)/39.76(1.02)/67.41(67.41)]
Gen. 56 (18.67%): Max/Min/Avg Fitness(Raw) [81.35(99.78)/39.49(1.02)/67.79(67.79)]
Gen. 57 (19.00%): Max/Min/Avg Fitness(Raw) [81.15(99.78)/39.61(1.02)/67.62(67.62)]
Gen. 58 (19.33%): Max/Min/Avg Fitness(Raw) [80.69(99.78)/39.87(1.02)/67.24(67.24)]
Gen. 59 (19.67%): Max/Min/Avg Fitness(Raw) [81.12(99.78)/39.62(1.02)/67.60(67.60)]
Gen. 60 (20.00%): Max/Min/Avg Fitness(Raw) [81.21(99.78)/39.57(1.02)/67.68(67.68)]
Gen. 61 (20.33%): Max/Min/Avg Fitness(Raw) [81.63(99.78)/39.31(1.02)/68.03(68.03)]
Gen. 62 (20.67%): Max/Min/Avg Fitness(Raw) [81.37(99.78)/39.48(1.02)/67.81(67.81)]
Gen. 63 (21.00%): Max/Min/Avg Fitness(Raw) [80.78(99.78)/39.82(1.02)/67.32(67.32)]
Gen. 64 (21.33%): Max/Min/Avg Fitness(Raw) [80.75(99.89)/39.93(1.02)/67.29(67.29)]
Gen. 65 (21.67%): Max/Min/Avg Fitness(Raw) [81.45(99.90)/39.53(1.02)/67.88(67.88)]
Gen. 66 (22.00%): Max/Min/Avg Fitness(Raw) [82.34(100.29)/39.33(1.02)/68.62(68.62)]
Gen. 67 (22.33%): Max/Min/Avg Fitness(Raw) [81.64(100.48)/39.94(1.02)/68.03(68.03)]
Gen. 68 (22.67%): Max/Min/Avg Fitness(Raw) [82.95(100.48)/39.10(1.02)/69.13(69.13)]
Gen. 69 (23.00%): Max/Min/Avg Fitness(Raw) [83.17(100.53)/38.99(1.02)/69.31(69.31)]
Gen. 70 (23.33%): Max/Min/Avg Fitness(Raw) [83.03(100.67)/39.22(1.02)/69.19(69.19)]
Gen. 71 (23.67%): Max/Min/Avg Fitness(Raw) [83.36(100.69)/39.01(1.02)/69.46(69.46)]
Gen. 72 (24.00%): Max/Min/Avg Fitness(Raw) [85.02(101.05)/38.09(1.02)/70.85(70.85)]
Gen. 73 (24.33%): Max/Min/Avg Fitness(Raw) [85.41(101.05)/37.75(1.02)/71.18(71.18)]
Gen. 74 (24.67%): Max/Min/Avg Fitness(Raw) [85.32(101.25)/38.05(1.02)/71.10(71.10)]
Gen. 75 (25.00%): Max/Min/Avg Fitness(Raw) [86.26(101.31)/37.27(1.02)/71.88(71.88)]
Gen. 76 (25.33%): Max/Min/Avg Fitness(Raw) [85.75(101.36)/37.79(1.02)/71.46(71.46)]
Gen. 77 (25.67%): Max/Min/Avg Fitness(Raw) [86.08(101.36)/37.49(1.02)/71.74(71.74)]
Gen. 78 (26.00%): Max/Min/Avg Fitness(Raw) [85.66(101.44)/37.96(1.02)/71.38(71.38)]
Gen. 79 (26.33%): Max/Min/Avg Fitness(Raw) [85.99(101.49)/37.73(1.02)/71.65(71.65)]
Gen. 80 (26.67%): Max/Min/Avg Fitness(Raw) [85.90(102.41)/38.81(1.02)/71.58(71.58)]
Gen. 81 (27.00%): Max/Min/Avg Fitness(Raw) [86.27(102.55)/38.66(1.02)/71.89(71.89)]
Gen. 82 (27.33%): Max/Min/Avg Fitness(Raw) [86.44(102.55)/38.52(1.02)/72.03(72.03)]
Gen. 83 (27.67%): Max/Min/Avg Fitness(Raw) [85.44(102.55)/39.33(1.02)/71.20(71.20)]
Gen. 84 (28.00%): Max/Min/Avg Fitness(Raw) [86.23(103.11)/39.28(1.02)/71.86(71.86)]
Gen. 85 (28.33%): Max/Min/Avg Fitness(Raw) [87.02(103.11)/38.62(1.02)/72.52(72.52)]
Gen. 86 (28.67%): Max/Min/Avg Fitness(Raw) [87.22(103.12)/38.46(1.02)/72.68(72.68)]
Gen. 87 (29.00%): Max/Min/Avg Fitness(Raw) [86.29(103.87)/40.01(1.02)/71.91(71.91)]
Gen. 88 (29.33%): Max/Min/Avg Fitness(Raw) [86.84(104.37)/40.10(1.02)/72.37(72.37)]
Gen. 89 (29.67%): Max/Min/Avg Fitness(Raw) [86.73(104.88)/40.68(1.02)/72.28(72.28)]
Gen. 90 (30.00%): Max/Min/Avg Fitness(Raw) [86.70(104.88)/40.70(1.02)/72.25(72.25)]
Gen. 91 (30.33%): Max/Min/Avg Fitness(Raw) [86.46(104.88)/40.87(1.02)/72.05(72.05)]
Gen. 92 (30.67%): Max/Min/Avg Fitness(Raw) [86.34(104.88)/40.95(1.02)/71.95(71.95)]
Gen. 93 (31.00%): Max/Min/Avg Fitness(Raw) [85.95(104.88)/41.21(1.02)/71.63(71.63)]
Gen. 94 (31.33%): Max/Min/Avg Fitness(Raw) [86.94(104.88)/40.53(1.02)/72.45(72.45)]
Gen. 95 (31.67%): Max/Min/Avg Fitness(Raw) [86.25(104.88)/41.01(1.02)/71.88(71.88)]
Gen. 96 (32.00%): Max/Min/Avg Fitness(Raw) [86.02(104.88)/41.16(1.02)/71.69(71.69)]
Gen. 97 (32.33%): Max/Min/Avg Fitness(Raw) [86.18(104.88)/41.06(1.02)/71.82(71.82)]
Gen. 98 (32.67%): Max/Min/Avg Fitness(Raw) [86.34(104.88)/40.95(1.02)/71.95(71.95)]
Gen. 99 (33.00%): Max/Min/Avg Fitness(Raw) [86.85(104.88)/40.59(1.02)/72.38(72.38)]
Gen. 100 (33.33%): Max/Min/Avg Fitness(Raw) [86.36(104.88)/40.94(1.02)/71.97(71.97)]
Gen. 101 (33.67%): Max/Min/Avg Fitness(Raw) [86.33(104.88)/40.96(1.02)/71.94(71.94)]
Gen. 102 (34.00%): Max/Min/Avg Fitness(Raw) [86.24(104.88)/41.02(1.02)/71.87(71.87)]
Gen. 103 (34.33%): Max/Min/Avg Fitness(Raw) [86.14(104.88)/41.08(1.02)/71.79(71.79)]
Gen. 104 (34.67%): Max/Min/Avg Fitness(Raw) [86.85(104.88)/40.60(1.02)/72.37(72.37)]
Gen. 105 (35.00%): Max/Min/Avg Fitness(Raw) [86.29(104.88)/40.98(1.02)/71.91(71.91)]
Gen. 106 (35.33%): Max/Min/Avg Fitness(Raw) [86.76(104.88)/40.66(1.02)/72.30(72.30)]
Gen. 107 (35.67%): Max/Min/Avg Fitness(Raw) [86.78(104.88)/40.65(1.02)/72.31(72.31)]
Gen. 108 (36.00%): Max/Min/Avg Fitness(Raw) [86.90(104.88)/40.56(1.02)/72.42(72.42)]
Gen. 109 (36.33%): Max/Min/Avg Fitness(Raw) [86.71(104.88)/40.70(1.02)/72.26(72.26)]
Gen. 110 (36.67%): Max/Min/Avg Fitness(Raw) [86.58(104.88)/40.79(1.02)/72.15(72.15)]
Gen. 111 (37.00%): Max/Min/Avg Fitness(Raw) [86.42(104.88)/40.90(1.02)/72.01(72.01)]
Gen. 112 (37.33%): Max/Min/Avg Fitness(Raw) [86.49(104.88)/40.85(1.02)/72.07(72.07)]
Gen. 113 (37.67%): Max/Min/Avg Fitness(Raw) [86.65(104.88)/40.74(1.02)/72.21(72.21)]
Gen. 114 (38.00%): Max/Min/Avg Fitness(Raw) [86.45(104.88)/40.88(1.02)/72.04(72.04)]
Gen. 115 (38.33%): Max/Min/Avg Fitness(Raw) [86.21(104.88)/41.04(1.02)/71.84(71.84)]
Gen. 116 (38.67%): Max/Min/Avg Fitness(Raw) [86.31(104.88)/40.97(1.02)/71.92(71.92)]
Gen. 117 (39.00%): Max/Min/Avg Fitness(Raw) [86.04(104.88)/41.15(1.02)/71.70(71.70)]
Gen. 118 (39.33%): Max/Min/Avg Fitness(Raw) [86.40(104.88)/40.91(1.02)/72.00(72.00)]
Gen. 119 (39.67%): Max/Min/Avg Fitness(Raw) [86.47(104.88)/40.87(1.02)/72.05(72.05)]
Gen. 120 (40.00%): Max/Min/Avg Fitness(Raw) [86.30(104.88)/40.98(1.02)/71.91(71.91)]
Gen. 121 (40.33%): Max/Min/Avg Fitness(Raw) [86.16(104.88)/41.07(1.02)/71.80(71.80)]
Gen. 122 (40.67%): Max/Min/Avg Fitness(Raw) [86.57(104.88)/40.79(1.02)/72.15(72.15)]
Gen. 123 (41.00%): Max/Min/Avg Fitness(Raw) [85.86(104.88)/41.26(1.02)/71.55(71.55)]
Gen. 124 (41.33%): Max/Min/Avg Fitness(Raw) [86.83(104.88)/40.61(1.02)/72.36(72.36)]
Gen. 125 (41.67%): Max/Min/Avg Fitness(Raw) [87.02(104.88)/40.47(1.02)/72.52(72.52)]
Gen. 126 (42.00%): Max/Min/Avg Fitness(Raw) [86.65(104.88)/40.74(1.02)/72.21(72.21)]
Gen. 127 (42.33%): Max/Min/Avg Fitness(Raw) [86.47(104.88)/40.86(1.02)/72.06(72.06)]
Gen. 128 (42.67%): Max/Min/Avg Fitness(Raw) [86.31(104.88)/40.98(1.02)/71.92(71.92)]
Gen. 129 (43.00%): Max/Min/Avg Fitness(Raw) [86.69(104.88)/40.71(1.02)/72.24(72.24)]
Gen. 130 (43.33%): Max/Min/Avg Fitness(Raw) [86.14(105.00)/41.20(1.02)/71.78(71.78)]
Gen. 131 (43.67%): Max/Min/Avg Fitness(Raw) [86.44(105.00)/41.00(1.02)/72.03(72.03)]
Gen. 132 (44.00%): Max/Min/Avg Fitness(Raw) [86.43(105.00)/41.01(1.02)/72.02(72.02)]
Gen. 133 (44.33%): Max/Min/Avg Fitness(Raw) [86.52(105.00)/40.94(1.02)/72.10(72.10)]
Gen. 134 (44.67%): Max/Min/Avg Fitness(Raw) [85.82(105.00)/41.40(1.02)/71.52(71.52)]
Gen. 135 (45.00%): Max/Min/Avg Fitness(Raw) [86.86(105.00)/40.71(1.02)/72.38(72.38)]
Gen. 136 (45.33%): Max/Min/Avg Fitness(Raw) [86.85(105.00)/40.72(1.02)/72.37(72.37)]
Gen. 137 (45.67%): Max/Min/Avg Fitness(Raw) [86.52(105.05)/40.99(1.02)/72.10(72.10)]
Gen. 138 (46.00%): Max/Min/Avg Fitness(Raw) [86.57(105.05)/40.96(1.02)/72.14(72.14)]
Gen. 139 (46.33%): Max/Min/Avg Fitness(Raw) [87.22(105.05)/40.50(1.02)/72.68(72.68)]
Gen. 140 (46.67%): Max/Min/Avg Fitness(Raw) [87.18(105.05)/40.52(1.02)/72.65(72.65)]
Gen. 141 (47.00%): Max/Min/Avg Fitness(Raw) [86.41(105.07)/41.09(1.02)/72.01(72.01)]
Gen. 142 (47.33%): Max/Min/Avg Fitness(Raw) [86.88(105.07)/40.76(1.02)/72.40(72.40)]
Gen. 143 (47.67%): Max/Min/Avg Fitness(Raw) [85.91(105.49)/41.79(1.02)/71.59(71.59)]
Gen. 144 (48.00%): Max/Min/Avg Fitness(Raw) [86.92(105.49)/41.14(1.02)/72.43(72.43)]
Gen. 145 (48.33%): Max/Min/Avg Fitness(Raw) [86.63(105.49)/41.33(1.02)/72.19(72.19)]
Gen. 146 (48.67%): Max/Min/Avg Fitness(Raw) [85.86(105.49)/41.82(1.02)/71.55(71.55)]
Gen. 147 (49.00%): Max/Min/Avg Fitness(Raw) [86.45(105.49)/41.45(1.02)/72.05(72.05)]
Gen. 148 (49.33%): Max/Min/Avg Fitness(Raw) [86.27(105.78)/41.82(1.02)/71.89(71.89)]
Gen. 149 (49.67%): Max/Min/Avg Fitness(Raw) [86.88(106.00)/41.64(1.02)/72.40(72.40)]
Gen. 150 (50.00%): Max/Min/Avg Fitness(Raw) [87.37(106.00)/41.31(1.02)/72.81(72.81)]
Gen. 151 (50.33%): Max/Min/Avg Fitness(Raw) [87.33(106.06)/41.40(1.02)/72.77(72.77)]
Gen. 152 (50.67%): Max/Min/Avg Fitness(Raw) [88.55(106.48)/40.94(1.02)/73.79(73.79)]
Gen. 153 (51.00%): Max/Min/Avg Fitness(Raw) [88.69(106.54)/40.89(1.02)/73.91(73.91)]
Gen. 154 (51.33%): Max/Min/Avg Fitness(Raw) [88.88(107.01)/41.22(1.02)/74.07(74.07)]
Gen. 155 (51.67%): Max/Min/Avg Fitness(Raw) [87.32(107.01)/42.28(1.02)/72.76(72.76)]
Gen. 156 (52.00%): Max/Min/Avg Fitness(Raw) [87.86(107.06)/41.98(1.02)/73.22(73.22)]
Gen. 157 (52.33%): Max/Min/Avg Fitness(Raw) [87.63(107.12)/42.18(1.02)/73.02(73.02)]
Gen. 158 (52.67%): Max/Min/Avg Fitness(Raw) [88.46(107.12)/41.63(1.02)/73.72(73.72)]
Gen. 159 (53.00%): Max/Min/Avg Fitness(Raw) [88.91(107.12)/41.31(1.02)/74.09(74.09)]
Gen. 160 (53.33%): Max/Min/Avg Fitness(Raw) [89.03(107.19)/41.29(1.02)/74.19(74.19)]
Gen. 161 (53.67%): Max/Min/Avg Fitness(Raw) [88.06(107.21)/41.99(1.02)/73.38(73.38)]
Gen. 162 (54.00%): Max/Min/Avg Fitness(Raw) [87.14(107.44)/42.76(1.02)/72.62(72.62)]
Gen. 163 (54.33%): Max/Min/Avg Fitness(Raw) [91.02(107.44)/39.92(1.02)/75.85(75.85)]
Gen. 164 (54.67%): Max/Min/Avg Fitness(Raw) [91.08(107.44)/39.87(1.02)/75.90(75.90)]
Gen. 165 (55.00%): Max/Min/Avg Fitness(Raw) [90.71(107.44)/40.20(1.02)/75.59(75.59)]
Gen. 166 (55.33%): Max/Min/Avg Fitness(Raw) [90.53(107.44)/40.35(1.02)/75.44(75.44)]
Gen. 167 (55.67%): Max/Min/Avg Fitness(Raw) [90.58(107.90)/40.80(1.02)/75.48(75.48)]
Gen. 168 (56.00%): Max/Min/Avg Fitness(Raw) [89.63(107.90)/41.55(1.02)/74.69(74.69)]
Gen. 169 (56.33%): Max/Min/Avg Fitness(Raw) [89.04(108.43)/42.47(1.02)/74.20(74.20)]
Gen. 170 (56.67%): Max/Min/Avg Fitness(Raw) [88.83(108.43)/42.61(1.02)/74.02(74.02)]
Gen. 171 (57.00%): Max/Min/Avg Fitness(Raw) [89.47(108.43)/42.18(1.02)/74.55(74.55)]
Gen. 172 (57.33%): Max/Min/Avg Fitness(Raw) [89.16(108.43)/42.39(1.02)/74.30(74.30)]
Gen. 173 (57.67%): Max/Min/Avg Fitness(Raw) [89.99(108.43)/41.81(1.02)/74.99(74.99)]
Gen. 174 (58.00%): Max/Min/Avg Fitness(Raw) [89.17(108.43)/42.39(1.02)/74.31(74.31)]
Gen. 175 (58.33%): Max/Min/Avg Fitness(Raw) [89.08(108.43)/42.44(1.02)/74.23(74.23)]
Gen. 176 (58.67%): Max/Min/Avg Fitness(Raw) [90.00(108.43)/41.80(1.02)/75.00(75.00)]
Gen. 177 (59.00%): Max/Min/Avg Fitness(Raw) [89.59(108.67)/42.33(1.02)/74.66(74.66)]
Gen. 178 (59.33%): Max/Min/Avg Fitness(Raw) [89.25(108.67)/42.56(1.02)/74.37(74.37)]
Gen. 179 (59.67%): Max/Min/Avg Fitness(Raw) [89.81(108.67)/42.18(1.02)/74.84(74.84)]
Gen. 180 (60.00%): Max/Min/Avg Fitness(Raw) [89.50(108.69)/42.41(1.02)/74.59(74.59)]
Gen. 181 (60.33%): Max/Min/Avg Fitness(Raw) [88.47(108.69)/43.06(1.02)/73.73(73.73)]
Gen. 182 (60.67%): Max/Min/Avg Fitness(Raw) [89.32(108.69)/42.53(1.02)/74.43(74.43)]
Gen. 183 (61.00%): Max/Min/Avg Fitness(Raw) [89.00(108.69)/42.74(1.02)/74.16(74.16)]
Gen. 184 (61.33%): Max/Min/Avg Fitness(Raw) [88.94(108.69)/42.78(1.02)/74.11(74.11)]
Gen. 185 (61.67%): Max/Min/Avg Fitness(Raw) [88.29(108.69)/43.17(1.02)/73.58(73.58)]
Gen. 186 (62.00%): Max/Min/Avg Fitness(Raw) [88.79(108.69)/42.87(1.02)/73.99(73.99)]
Gen. 187 (62.33%): Max/Min/Avg Fitness(Raw) [88.75(108.69)/42.90(1.02)/73.96(73.96)]
Gen. 188 (62.67%): Max/Min/Avg Fitness(Raw) [89.20(108.69)/42.61(1.02)/74.33(74.33)]
Gen. 189 (63.00%): Max/Min/Avg Fitness(Raw) [89.05(108.69)/42.71(1.02)/74.21(74.21)]
Gen. 190 (63.33%): Max/Min/Avg Fitness(Raw) [88.67(108.69)/42.95(1.02)/73.89(73.89)]
Gen. 191 (63.67%): Max/Min/Avg Fitness(Raw) [89.00(108.69)/42.74(1.02)/74.16(74.16)]
Gen. 192 (64.00%): Max/Min/Avg Fitness(Raw) [88.94(108.69)/42.78(1.02)/74.12(74.12)]
Gen. 193 (64.33%): Max/Min/Avg Fitness(Raw) [89.40(108.69)/42.48(1.02)/74.50(74.50)]
Gen. 194 (64.67%): Max/Min/Avg Fitness(Raw) [88.85(108.69)/42.84(1.02)/74.04(74.04)]
Gen. 195 (65.00%): Max/Min/Avg Fitness(Raw) [89.48(108.69)/42.43(1.02)/74.57(74.57)]
Gen. 196 (65.33%): Max/Min/Avg Fitness(Raw) [88.64(108.69)/42.96(1.02)/73.87(73.87)]
Gen. 197 (65.67%): Max/Min/Avg Fitness(Raw) [89.06(108.69)/42.70(1.02)/74.22(74.22)]
Gen. 198 (66.00%): Max/Min/Avg Fitness(Raw) [89.25(108.69)/42.58(1.02)/74.38(74.38)]
Gen. 199 (66.33%): Max/Min/Avg Fitness(Raw) [88.67(108.69)/42.94(1.02)/73.89(73.89)]
Gen. 200 (66.67%): Max/Min/Avg Fitness(Raw) [88.82(108.69)/42.85(1.02)/74.02(74.02)]
Gen. 201 (67.00%): Max/Min/Avg Fitness(Raw) [88.89(108.69)/42.81(1.02)/74.08(74.08)]
Gen. 202 (67.33%): Max/Min/Avg Fitness(Raw) [88.72(108.69)/42.91(1.02)/73.93(73.93)]
Gen. 203 (67.67%): Max/Min/Avg Fitness(Raw) [88.57(108.69)/43.00(1.02)/73.81(73.81)]
Gen. 204 (68.00%): Max/Min/Avg Fitness(Raw) [89.02(108.69)/42.73(1.02)/74.18(74.18)]
Gen. 205 (68.33%): Max/Min/Avg Fitness(Raw) [89.16(108.69)/42.64(1.02)/74.30(74.30)]
Gen. 206 (68.67%): Max/Min/Avg Fitness(Raw) [88.90(108.69)/42.80(1.02)/74.08(74.08)]
Gen. 207 (69.00%): Max/Min/Avg Fitness(Raw) [88.71(108.69)/42.92(1.02)/73.93(73.93)]
Gen. 208 (69.33%): Max/Min/Avg Fitness(Raw) [88.23(108.69)/43.21(1.02)/73.53(73.53)]
Gen. 209 (69.67%): Max/Min/Avg Fitness(Raw) [89.51(108.74)/42.46(1.02)/74.59(74.59)]
Gen. 210 (70.00%): Max/Min/Avg Fitness(Raw) [90.50(108.74)/41.75(1.02)/75.41(75.41)]
Gen. 211 (70.33%): Max/Min/Avg Fitness(Raw) [90.21(108.74)/41.96(1.02)/75.18(75.18)]
Gen. 212 (70.67%):