Creating network.
The layer structure is following:
[70, 35, 1]
Setting newtork parameters
Getting training data : ALL_S6_959126400_hveto_channels_signif_dt_set_9_training.pat
Setting GA training parameters
Start running GA
Gen. 0 (0.00%): Max/Min/Avg Fitness(Raw) [24.62(55.98)/18.26(1.02)/20.52(20.52)]
Gen. 1 (0.33%): Max/Min/Avg Fitness(Raw) [18.62(55.98)/14.41(1.02)/15.52(15.52)]
Gen. 2 (0.67%): Max/Min/Avg Fitness(Raw) [17.58(55.98)/13.68(1.02)/14.65(14.65)]
Gen. 3 (1.00%): Max/Min/Avg Fitness(Raw) [17.98(59.52)/14.05(1.02)/14.99(14.99)]
Gen. 4 (1.33%): Max/Min/Avg Fitness(Raw) [16.46(59.52)/12.95(1.02)/13.71(13.71)]
Gen. 5 (1.67%): Max/Min/Avg Fitness(Raw) [16.43(59.52)/12.94(1.02)/13.69(13.69)]
Gen. 6 (2.00%): Max/Min/Avg Fitness(Raw) [14.88(59.52)/11.80(1.02)/12.40(12.40)]
Gen. 7 (2.33%): Max/Min/Avg Fitness(Raw) [15.47(59.52)/12.23(1.02)/12.89(12.89)]
Gen. 8 (2.67%): Max/Min/Avg Fitness(Raw) [14.58(59.52)/11.58(1.02)/12.15(12.15)]
Gen. 9 (3.00%): Max/Min/Avg Fitness(Raw) [15.51(59.52)/12.27(1.02)/12.93(12.93)]
Gen. 10 (3.33%): Max/Min/Avg Fitness(Raw) [16.58(59.52)/13.05(1.02)/13.82(13.82)]
Gen. 11 (3.67%): Max/Min/Avg Fitness(Raw) [15.16(59.52)/12.01(1.02)/12.63(12.63)]
Gen. 12 (4.00%): Max/Min/Avg Fitness(Raw) [15.34(59.52)/12.14(1.02)/12.78(12.78)]
Gen. 13 (4.33%): Max/Min/Avg Fitness(Raw) [14.75(59.52)/11.70(1.02)/12.29(12.29)]
Gen. 14 (4.67%): Max/Min/Avg Fitness(Raw) [16.39(59.52)/12.91(1.02)/13.66(13.66)]
Gen. 15 (5.00%): Max/Min/Avg Fitness(Raw) [15.62(59.52)/12.35(1.02)/13.02(13.02)]
Gen. 16 (5.33%): Max/Min/Avg Fitness(Raw) [15.38(59.52)/12.17(1.02)/12.82(12.82)]
Gen. 17 (5.67%): Max/Min/Avg Fitness(Raw) [15.08(59.52)/11.95(1.02)/12.56(12.56)]
Gen. 18 (6.00%): Max/Min/Avg Fitness(Raw) [15.68(59.52)/12.39(1.02)/13.06(13.06)]
Gen. 19 (6.33%): Max/Min/Avg Fitness(Raw) [14.17(59.52)/11.28(1.02)/11.81(11.81)]
Gen. 20 (6.67%): Max/Min/Avg Fitness(Raw) [16.09(59.52)/12.69(1.02)/13.41(13.41)]
Gen. 21 (7.00%): Max/Min/Avg Fitness(Raw) [15.02(59.52)/11.91(1.02)/12.52(12.52)]
Gen. 22 (7.33%): Max/Min/Avg Fitness(Raw) [14.66(59.52)/11.63(1.02)/12.21(12.21)]
Gen. 23 (7.67%): Max/Min/Avg Fitness(Raw) [14.27(59.52)/11.35(1.02)/11.89(11.89)]
Gen. 24 (8.00%): Max/Min/Avg Fitness(Raw) [15.99(59.52)/12.61(1.02)/13.32(13.32)]
Gen. 25 (8.33%): Max/Min/Avg Fitness(Raw) [15.04(59.52)/11.92(1.02)/12.53(12.53)]
Gen. 26 (8.67%): Max/Min/Avg Fitness(Raw) [16.25(59.52)/12.80(1.02)/13.54(13.54)]
Gen. 27 (9.00%): Max/Min/Avg Fitness(Raw) [14.52(59.52)/11.54(1.02)/12.10(12.10)]
Gen. 28 (9.33%): Max/Min/Avg Fitness(Raw) [15.29(59.52)/12.10(1.02)/12.74(12.74)]
Gen. 29 (9.67%): Max/Min/Avg Fitness(Raw) [15.11(59.52)/11.97(1.02)/12.59(12.59)]
Gen. 30 (10.00%): Max/Min/Avg Fitness(Raw) [14.91(59.52)/11.82(1.02)/12.42(12.42)]
Gen. 31 (10.33%): Max/Min/Avg Fitness(Raw) [15.16(59.52)/12.01(1.02)/12.64(12.64)]
Gen. 32 (10.67%): Max/Min/Avg Fitness(Raw) [16.28(59.52)/12.83(1.02)/13.57(13.57)]
Gen. 33 (11.00%): Max/Min/Avg Fitness(Raw) [14.97(59.52)/11.87(1.02)/12.48(12.48)]
Gen. 34 (11.33%): Max/Min/Avg Fitness(Raw) [14.64(59.52)/11.62(1.02)/12.20(12.20)]
Gen. 35 (11.67%): Max/Min/Avg Fitness(Raw) [15.58(61.85)/12.35(1.02)/12.98(12.98)]
Gen. 36 (12.00%): Max/Min/Avg Fitness(Raw) [16.03(61.85)/12.68(1.02)/13.35(13.35)]
Gen. 37 (12.33%): Max/Min/Avg Fitness(Raw) [17.46(61.85)/13.72(1.02)/14.55(14.55)]
Gen. 38 (12.67%): Max/Min/Avg Fitness(Raw) [16.29(61.85)/12.87(1.02)/13.58(13.58)]
Gen. 39 (13.00%): Max/Min/Avg Fitness(Raw) [16.77(61.85)/13.22(1.02)/13.97(13.97)]
Gen. 40 (13.33%): Max/Min/Avg Fitness(Raw) [16.50(61.85)/13.02(1.02)/13.75(13.75)]
Gen. 41 (13.67%): Max/Min/Avg Fitness(Raw) [16.66(61.85)/13.14(1.02)/13.88(13.88)]
Gen. 42 (14.00%): Max/Min/Avg Fitness(Raw) [15.75(61.85)/12.47(1.02)/13.13(13.13)]
Gen. 43 (14.33%): Max/Min/Avg Fitness(Raw) [17.28(61.85)/13.59(1.02)/14.40(14.40)]
Gen. 44 (14.67%): Max/Min/Avg Fitness(Raw) [16.07(61.85)/12.71(1.02)/13.39(13.39)]
Gen. 45 (15.00%): Max/Min/Avg Fitness(Raw) [16.37(61.85)/12.93(1.02)/13.64(13.64)]
Gen. 46 (15.33%): Max/Min/Avg Fitness(Raw) [17.32(63.46)/13.65(1.02)/14.44(14.44)]
Gen. 47 (15.67%): Max/Min/Avg Fitness(Raw) [16.80(63.46)/13.26(1.02)/14.00(14.00)]
Gen. 48 (16.00%): Max/Min/Avg Fitness(Raw) [18.30(63.46)/14.35(1.02)/15.25(15.25)]
Gen. 49 (16.33%): Max/Min/Avg Fitness(Raw) [18.15(63.46)/14.24(1.02)/15.12(15.12)]
Gen. 50 (16.67%): Max/Min/Avg Fitness(Raw) [17.08(63.46)/13.47(1.02)/14.23(14.23)]
Gen. 51 (17.00%): Max/Min/Avg Fitness(Raw) [17.43(63.46)/13.72(1.02)/14.53(14.53)]
Gen. 52 (17.33%): Max/Min/Avg Fitness(Raw) [16.94(63.46)/13.37(1.02)/14.12(14.12)]
Gen. 53 (17.67%): Max/Min/Avg Fitness(Raw) [17.93(63.46)/14.09(1.02)/14.95(14.95)]
Gen. 54 (18.00%): Max/Min/Avg Fitness(Raw) [18.44(63.46)/14.45(1.02)/15.36(15.36)]
Gen. 55 (18.33%): Max/Min/Avg Fitness(Raw) [17.33(63.46)/13.65(1.02)/14.44(14.44)]
Gen. 56 (18.67%): Max/Min/Avg Fitness(Raw) [17.03(63.46)/13.43(1.02)/14.19(14.19)]
Gen. 57 (19.00%): Max/Min/Avg Fitness(Raw) [16.55(63.46)/13.08(1.02)/13.79(13.79)]
Gen. 58 (19.33%): Max/Min/Avg Fitness(Raw) [17.58(63.46)/13.83(1.02)/14.65(14.65)]
Gen. 59 (19.67%): Max/Min/Avg Fitness(Raw) [17.41(63.46)/13.71(1.02)/14.51(14.51)]
Gen. 60 (20.00%): Max/Min/Avg Fitness(Raw) [18.57(63.46)/14.55(1.02)/15.48(15.48)]
Gen. 61 (20.33%): Max/Min/Avg Fitness(Raw) [17.30(63.46)/13.63(1.02)/14.41(14.41)]
Gen. 62 (20.67%): Max/Min/Avg Fitness(Raw) [17.79(63.46)/13.98(1.02)/14.83(14.83)]
Gen. 63 (21.00%): Max/Min/Avg Fitness(Raw) [17.98(63.46)/14.12(1.02)/14.99(14.99)]
Gen. 64 (21.33%): Max/Min/Avg Fitness(Raw) [17.98(63.46)/14.12(1.02)/14.98(14.98)]
Gen. 65 (21.67%): Max/Min/Avg Fitness(Raw) [16.18(63.46)/12.81(1.02)/13.48(13.48)]
Gen. 66 (22.00%): Max/Min/Avg Fitness(Raw) [19.27(63.46)/15.04(1.02)/16.06(16.06)]
Gen. 67 (22.33%): Max/Min/Avg Fitness(Raw) [17.85(63.46)/14.03(1.02)/14.87(14.87)]
Gen. 68 (22.67%): Max/Min/Avg Fitness(Raw) [18.92(63.46)/14.79(1.02)/15.76(15.76)]
Gen. 69 (23.00%): Max/Min/Avg Fitness(Raw) [16.97(63.46)/13.39(1.02)/14.14(14.14)]
Gen. 70 (23.33%): Max/Min/Avg Fitness(Raw) [18.81(63.46)/14.72(1.02)/15.68(15.68)]
Gen. 71 (23.67%): Max/Min/Avg Fitness(Raw) [16.20(63.46)/12.83(1.02)/13.50(13.50)]
Gen. 72 (24.00%): Max/Min/Avg Fitness(Raw) [17.69(63.46)/13.91(1.02)/14.74(14.74)]
Gen. 73 (24.33%): Max/Min/Avg Fitness(Raw) [17.12(63.46)/13.50(1.02)/14.27(14.27)]
Gen. 74 (24.67%): Max/Min/Avg Fitness(Raw) [17.19(63.46)/13.55(1.02)/14.32(14.32)]
Gen. 75 (25.00%): Max/Min/Avg Fitness(Raw) [17.49(63.46)/13.77(1.02)/14.58(14.58)]
Gen. 76 (25.33%): Max/Min/Avg Fitness(Raw) [16.29(63.46)/12.89(1.02)/13.57(13.57)]
Gen. 77 (25.67%): Max/Min/Avg Fitness(Raw) [17.15(63.46)/13.52(1.02)/14.30(14.30)]
Gen. 78 (26.00%): Max/Min/Avg Fitness(Raw) [18.03(63.46)/14.16(1.02)/15.03(15.03)]
Gen. 79 (26.33%): Max/Min/Avg Fitness(Raw) [16.85(63.46)/13.30(1.02)/14.04(14.04)]
Gen. 80 (26.67%): Max/Min/Avg Fitness(Raw) [17.48(63.46)/13.76(1.02)/14.56(14.56)]
Gen. 81 (27.00%): Max/Min/Avg Fitness(Raw) [17.82(63.46)/14.01(1.02)/14.85(14.85)]
Gen. 82 (27.33%): Max/Min/Avg Fitness(Raw) [16.82(63.46)/13.28(1.02)/14.02(14.02)]
Gen. 83 (27.67%): Max/Min/Avg Fitness(Raw) [17.68(63.46)/13.91(1.02)/14.74(14.74)]
Gen. 84 (28.00%): Max/Min/Avg Fitness(Raw) [17.61(63.46)/13.85(1.02)/14.67(14.67)]
Gen. 85 (28.33%): Max/Min/Avg Fitness(Raw) [17.12(63.46)/13.49(1.02)/14.26(14.26)]
Gen. 86 (28.67%): Max/Min/Avg Fitness(Raw) [17.57(63.46)/13.83(1.02)/14.64(14.64)]
Gen. 87 (29.00%): Max/Min/Avg Fitness(Raw) [17.24(63.46)/13.59(1.02)/14.37(14.37)]
Gen. 88 (29.33%): Max/Min/Avg Fitness(Raw) [18.79(63.46)/14.70(1.02)/15.66(15.66)]
Gen. 89 (29.67%): Max/Min/Avg Fitness(Raw) [18.14(63.46)/14.23(1.02)/15.11(15.11)]
Gen. 90 (30.00%): Max/Min/Avg Fitness(Raw) [18.09(63.46)/14.20(1.02)/15.08(15.08)]
Gen. 91 (30.33%): Max/Min/Avg Fitness(Raw) [18.21(63.46)/14.29(1.02)/15.18(15.18)]
Gen. 92 (30.67%): Max/Min/Avg Fitness(Raw) [17.98(63.46)/14.12(1.02)/14.98(14.98)]
Gen. 93 (31.00%): Max/Min/Avg Fitness(Raw) [17.88(63.46)/14.05(1.02)/14.90(14.90)]
Gen. 94 (31.33%): Max/Min/Avg Fitness(Raw) [17.55(63.46)/13.81(1.02)/14.63(14.63)]
Gen. 95 (31.67%): Max/Min/Avg Fitness(Raw) [18.11(63.46)/14.21(1.02)/15.09(15.09)]
Gen. 96 (32.00%): Max/Min/Avg Fitness(Raw) [17.17(63.46)/13.53(1.02)/14.31(14.31)]
Gen. 97 (32.33%): Max/Min/Avg Fitness(Raw) [17.21(63.46)/13.56(1.02)/14.34(14.34)]
Gen. 98 (32.67%): Max/Min/Avg Fitness(Raw) [18.73(63.46)/14.66(1.02)/15.61(15.61)]
Gen. 99 (33.00%): Max/Min/Avg Fitness(Raw) [18.15(63.46)/14.24(1.02)/15.13(15.13)]
Gen. 100 (33.33%): Max/Min/Avg Fitness(Raw) [18.22(63.46)/14.29(1.02)/15.19(15.19)]
Gen. 101 (33.67%): Max/Min/Avg Fitness(Raw) [17.99(63.46)/14.13(1.02)/14.99(14.99)]
Gen. 102 (34.00%): Max/Min/Avg Fitness(Raw) [17.37(65.97)/13.72(1.02)/14.48(14.48)]
Gen. 103 (34.33%): Max/Min/Avg Fitness(Raw) [18.29(65.97)/14.39(1.02)/15.24(15.24)]
Gen. 104 (34.67%): Max/Min/Avg Fitness(Raw) [17.86(65.97)/14.08(1.02)/14.88(14.88)]
Gen. 105 (35.00%): Max/Min/Avg Fitness(Raw) [19.44(65.97)/15.21(1.02)/16.20(16.20)]
Gen. 106 (35.33%): Max/Min/Avg Fitness(Raw) [18.26(65.97)/14.37(1.02)/15.22(15.22)]
Gen. 107 (35.67%): Max/Min/Avg Fitness(Raw) [17.51(65.97)/13.82(1.02)/14.59(14.59)]
Gen. 108 (36.00%): Max/Min/Avg Fitness(Raw) [17.46(66.58)/13.79(1.02)/14.55(14.55)]
Gen. 109 (36.33%): Max/Min/Avg Fitness(Raw) [20.58(66.58)/16.03(1.02)/17.15(17.15)]
Gen. 110 (36.67%): Max/Min/Avg Fitness(Raw) [22.17(66.58)/17.14(1.02)/18.48(18.48)]
Gen. 111 (37.00%): Max/Min/Avg Fitness(Raw) [21.44(66.58)/16.63(1.02)/17.87(17.87)]
Gen. 112 (37.33%): Max/Min/Avg Fitness(Raw) [20.52(66.58)/15.99(1.02)/17.10(17.10)]
Gen. 113 (37.67%): Max/Min/Avg Fitness(Raw) [22.17(66.58)/17.14(1.02)/18.48(18.48)]
Gen. 114 (38.00%): Max/Min/Avg Fitness(Raw) [21.87(66.58)/16.93(1.02)/18.23(18.23)]
Gen. 115 (38.33%): Max/Min/Avg Fitness(Raw) [22.37(66.58)/17.27(1.02)/18.64(18.64)]
Gen. 116 (38.67%): Max/Min/Avg Fitness(Raw) [21.12(66.58)/16.41(1.02)/17.60(17.60)]
Gen. 117 (39.00%): Max/Min/Avg Fitness(Raw) [23.24(67.67)/17.89(1.02)/19.37(19.37)]
Gen. 118 (39.33%): Max/Min/Avg Fitness(Raw) [13.38(67.67)/10.75(1.02)/11.15(11.15)]
Gen. 119 (39.67%): Max/Min/Avg Fitness(Raw) [14.12(67.67)/11.32(1.02)/11.77(11.77)]
Gen. 120 (40.00%): Max/Min/Avg Fitness(Raw) [13.64(67.67)/10.95(1.02)/11.36(11.36)]
Gen. 121 (40.33%): Max/Min/Avg Fitness(Raw) [13.07(67.67)/10.52(1.02)/10.89(10.89)]
Gen. 122 (40.67%): Max/Min/Avg Fitness(Raw) [13.77(67.67)/11.05(1.02)/11.48(11.48)]
Gen. 123 (41.00%): Max/Min/Avg Fitness(Raw) [11.90(67.67)/9.61(1.02)/9.91(9.91)]
Gen. 124 (41.33%): Max/Min/Avg Fitness(Raw) [13.53(67.67)/10.87(1.02)/11.28(11.28)]
Gen. 125 (41.67%): Max/Min/Avg Fitness(Raw) [12.64(67.67)/10.19(1.02)/10.54(10.54)]
Gen. 126 (42.00%): Max/Min/Avg Fitness(Raw) [12.19(67.67)/9.84(1.02)/10.16(10.16)]
Gen. 127 (42.33%): Max/Min/Avg Fitness(Raw) [14.84(67.67)/11.86(1.02)/12.37(12.37)]
Gen. 128 (42.67%): Max/Min/Avg Fitness(Raw) [13.02(67.67)/10.48(1.02)/10.85(10.85)]
Gen. 129 (43.00%): Max/Min/Avg Fitness(Raw) [13.90(67.67)/11.14(1.02)/11.58(11.58)]
Gen. 130 (43.33%): Max/Min/Avg Fitness(Raw) [13.37(67.67)/10.75(1.02)/11.15(11.15)]
Gen. 131 (43.67%): Max/Min/Avg Fitness(Raw) [13.75(67.67)/11.03(1.02)/11.46(11.46)]
Gen. 132 (44.00%): Max/Min/Avg Fitness(Raw) [12.23(67.67)/9.87(1.02)/10.19(10.19)]
Gen. 133 (44.33%): Max/Min/Avg Fitness(Raw) [13.85(67.67)/11.11(1.02)/11.54(11.54)]
Gen. 134 (44.67%): Max/Min/Avg Fitness(Raw) [12.75(67.67)/10.27(1.02)/10.63(10.63)]
Gen. 135 (45.00%): Max/Min/Avg Fitness(Raw) [13.42(67.67)/10.78(1.02)/11.18(11.18)]
Gen. 136 (45.33%): Max/Min/Avg Fitness(Raw) [13.01(67.67)/10.47(1.02)/10.85(10.85)]
Gen. 137 (45.67%): Max/Min/Avg Fitness(Raw) [12.62(67.67)/10.17(1.02)/10.52(10.52)]
Gen. 138 (46.00%): Max/Min/Avg Fitness(Raw) [12.52(67.67)/10.09(1.02)/10.44(10.44)]
Gen. 139 (46.33%): Max/Min/Avg Fitness(Raw) [13.95(67.67)/11.18(1.02)/11.62(11.62)]
Gen. 140 (46.67%): Max/Min/Avg Fitness(Raw) [13.51(67.67)/10.85(1.02)/11.25(11.25)]
Gen. 141 (47.00%): Max/Min/Avg Fitness(Raw) [13.53(67.67)/10.87(1.02)/11.28(11.28)]
Gen. 142 (47.33%): Max/Min/Avg Fitness(Raw) [12.73(68.26)/10.25(1.02)/10.60(10.60)]
Gen. 143 (47.67%): Max/Min/Avg Fitness(Raw) [24.21(68.26)/18.57(1.02)/20.18(20.18)]
Gen. 144 (48.00%): Max/Min/Avg Fitness(Raw) [22.48(68.78)/17.40(1.02)/18.73(18.73)]
Gen. 145 (48.33%): Max/Min/Avg Fitness(Raw) [15.99(68.78)/12.73(1.02)/13.32(13.32)]
Gen. 146 (48.67%): Max/Min/Avg Fitness(Raw) [15.59(68.78)/12.44(1.02)/12.99(12.99)]
Gen. 147 (49.00%): Max/Min/Avg Fitness(Raw) [15.22(68.78)/12.15(1.02)/12.68(12.68)]
Gen. 148 (49.33%): Max/Min/Avg Fitness(Raw) [15.13(68.78)/12.09(1.02)/12.61(12.61)]
Gen. 149 (49.67%): Max/Min/Avg Fitness(Raw) [15.51(68.78)/12.38(1.02)/12.93(12.93)]
Gen. 150 (50.00%): Max/Min/Avg Fitness(Raw) [16.62(68.78)/13.20(1.02)/13.85(13.85)]
Gen. 151 (50.33%): Max/Min/Avg Fitness(Raw) [15.30(68.78)/12.22(1.02)/12.75(12.75)]
Gen. 152 (50.67%): Max/Min/Avg Fitness(Raw) [16.45(68.78)/13.08(1.02)/13.71(13.71)]
Gen. 153 (51.00%): Max/Min/Avg Fitness(Raw) [16.84(68.78)/13.37(1.02)/14.04(14.04)]
Gen. 154 (51.33%): Max/Min/Avg Fitness(Raw) [16.25(68.78)/12.92(1.02)/13.54(13.54)]
Gen. 155 (51.67%): Max/Min/Avg Fitness(Raw) [16.46(68.78)/13.09(1.02)/13.72(13.72)]
Gen. 156 (52.00%): Max/Min/Avg Fitness(Raw) [16.60(68.78)/13.19(1.02)/13.83(13.83)]
Gen. 157 (52.33%): Max/Min/Avg Fitness(Raw) [16.73(68.78)/13.28(1.02)/13.94(13.94)]
Gen. 158 (52.67%): Max/Min/Avg Fitness(Raw) [15.36(70.98)/12.28(1.02)/12.80(12.80)]
Gen. 159 (53.00%): Max/Min/Avg Fitness(Raw) [20.36(70.98)/15.96(1.02)/16.97(16.97)]
Gen. 160 (53.33%): Max/Min/Avg Fitness(Raw) [19.17(70.98)/15.11(1.02)/15.97(15.97)]
Gen. 161 (53.67%): Max/Min/Avg Fitness(Raw) [20.29(70.98)/15.91(1.02)/16.91(16.91)]
Gen. 162 (54.00%): Max/Min/Avg Fitness(Raw) [19.00(70.98)/14.98(1.02)/15.83(15.83)]
Gen. 163 (54.33%): Max/Min/Avg Fitness(Raw) [20.44(70.98)/16.02(1.02)/17.03(17.03)]
Gen. 164 (54.67%): Max/Min/Avg Fitness(Raw) [19.65(70.98)/15.45(1.02)/16.37(16.37)]
Gen. 165 (55.00%): Max/Min/Avg Fitness(Raw) [20.58(70.98)/16.12(1.02)/17.15(17.15)]
Gen. 166 (55.33%): Max/Min/Avg Fitness(Raw) [20.74(70.98)/16.24(1.02)/17.29(17.29)]
Gen. 167 (55.67%): Max/Min/Avg Fitness(Raw) [19.12(70.98)/15.07(1.02)/15.93(15.93)]
Gen. 168 (56.00%): Max/Min/Avg Fitness(Raw) [20.11(70.98)/15.78(1.02)/16.76(16.76)]
Gen. 169 (56.33%): Max/Min/Avg Fitness(Raw) [20.16(70.98)/15.82(1.02)/16.80(16.80)]
Gen. 170 (56.67%): Max/Min/Avg Fitness(Raw) [19.35(70.98)/15.24(1.02)/16.13(16.13)]
Gen. 171 (57.00%): Max/Min/Avg Fitness(Raw) [19.28(70.98)/15.18(1.02)/16.06(16.06)]
Gen. 172 (57.33%): Max/Min/Avg Fitness(Raw) [20.15(70.98)/15.81(1.02)/16.79(16.79)]
Gen. 173 (57.67%): Max/Min/Avg Fitness(Raw) [19.22(70.98)/15.14(1.02)/16.02(16.02)]
Gen. 174 (58.00%): Max/Min/Avg Fitness(Raw) [21.43(70.98)/16.73(1.02)/17.86(17.86)]
Gen. 175 (58.33%): Max/Min/Avg Fitness(Raw) [20.06(73.40)/15.79(1.02)/16.72(16.72)]
Gen. 176 (58.67%): Max/Min/Avg Fitness(Raw) [17.10(73.40)/13.61(1.02)/14.25(14.25)]
Gen. 177 (59.00%): Max/Min/Avg Fitness(Raw) [15.92(73.40)/12.73(1.02)/13.27(13.27)]
Gen. 178 (59.33%): Max/Min/Avg Fitness(Raw) [15.65(73.40)/12.52(1.02)/13.04(13.04)]
Gen. 179 (59.67%): Max/Min/Avg Fitness(Raw) [16.56(73.40)/13.21(1.02)/13.80(13.80)]
Gen. 180 (60.00%): Max/Min/Avg Fitness(Raw) [15.91(73.40)/12.72(1.02)/13.26(13.26)]
Gen. 181 (60.33%): Max/Min/Avg Fitness(Raw) [17.60(73.40)/13.99(1.02)/14.67(14.67)]
Gen. 182 (60.67%): Max/Min/Avg Fitness(Raw) [17.63(73.40)/14.01(1.02)/14.69(14.69)]
Gen. 183 (61.00%): Max/Min/Avg Fitness(Raw) [15.33(73.40)/12.28(1.02)/12.77(12.77)]
Gen. 184 (61.33%): Max/Min/Avg Fitness(Raw) [16.30(73.40)/13.01(1.02)/13.58(13.58)]
Gen. 185 (61.67%): Max/Min/Avg Fitness(Raw) [15.82(73.40)/12.65(1.02)/13.18(13.18)]
Gen. 186 (62.00%): Max/Min/Avg Fitness(Raw) [17.05(73.40)/13.57(1.02)/14.21(14.21)]
Gen. 187 (62.33%): Max/Min/Avg Fitness(Raw) [16.31(73.40)/13.02(1.02)/13.59(13.59)]
Gen. 188 (62.67%): Max/Min/Avg Fitness(Raw) [17.76(73.40)/14.11(1.02)/14.80(14.80)]
Gen. 189 (63.00%): Max/Min/Avg Fitness(Raw) [14.96(73.40)/12.00(1.02)/12.47(12.47)]
Gen. 190 (63.33%): Max/Min/Avg Fitness(Raw) [17.96(73.40)/14.25(1.02)/14.97(14.97)]
Gen. 191 (63.67%): Max/Min/Avg Fitness(Raw) [16.49(73.40)/13.16(1.02)/13.74(13.74)]
Gen. 192 (64.00%): Max/Min/Avg Fitness(Raw) [16.98(73.40)/13.52(1.02)/14.15(14.15)]
Gen. 193 (64.33%): Max/Min/Avg Fitness(Raw) [16.74(73.40)/13.34(1.02)/13.95(13.95)]
Gen. 194 (64.67%): Max/Min/Avg Fitness(Raw) [14.83(73.40)/11.90(1.02)/12.36(12.36)]
Gen. 195 (65.00%): Max/Min/Avg Fitness(Raw) [17.44(73.40)/13.87(1.02)/14.54(14.54)]
Gen. 196 (65.33%): Max/Min/Avg Fitness(Raw) [16.95(73.40)/13.50(1.02)/14.12(14.12)]
Gen. 197 (65.67%): Max/Min/Avg Fitness(Raw) [15.99(73.40)/12.78(1.02)/13.33(13.33)]
Gen. 198 (66.00%): Max/Min/Avg Fitness(Raw) [16.95(73.40)/13.50(1.02)/14.12(14.12)]
Gen. 199 (66.33%): Max/Min/Avg Fitness(Raw) [17.87(73.40)/14.19(1.02)/14.89(14.89)]
Gen. 200 (66.67%): Max/Min/Avg Fitness(Raw) [16.65(73.40)/13.27(1.02)/13.87(13.87)]
Gen. 201 (67.00%): Max/Min/Avg Fitness(Raw) [15.98(73.40)/12.77(1.02)/13.32(13.32)]
Gen. 202 (67.33%): Max/Min/Avg Fitness(Raw) [16.51(73.40)/13.17(1.02)/13.76(13.76)]
Gen. 203 (67.67%): Max/Min/Avg Fitness(Raw) [15.96(73.40)/12.76(1.02)/13.30(13.30)]
Gen. 204 (68.00%): Max/Min/Avg Fitness(Raw) [16.49(73.40)/13.15(1.02)/13.74(13.74)]
Gen. 205 (68.33%): Max/Min/Avg Fitness(Raw) [15.41(73.40)/12.34(1.02)/12.84(12.84)]
Gen. 206 (68.67%): Max/Min/Avg Fitness(Raw) [17.23(73.40)/13.71(1.02)/14.36(14.36)]
Gen. 207 (69.00%): Max/Min/Avg Fitness(Raw) [15.94(73.40)/12.74(1.02)/13.28(13.28)]
Gen. 208 (69.33%): Max/Min/Avg Fitness(Raw) [16.01(73.40)/12.79(1.02)/13.34(13.34)]
Gen. 209 (69.67%): Max/Min/Avg Fitness(Raw) [16.49(73.40)/13.16(1.02)/13.74(13.74)]
Gen. 210 (70.00%): Max/Min/Avg Fitness(Raw) [16.80(73.40)/13.39(1.02)/14.00(14.00)]
Gen. 211 (70.33%): Max/Min/Avg Fitness(Raw) [16.92(73.40)/13.48(1.02)/14.10(14.10)]
Gen. 212 (70.67%): Max/Min/Avg Fitness(Raw) [17.73(73.40)/14.08(1.02)/14.77(14.77)]
Gen. 213 (71.00%): Max/Min/Avg Fitness(Raw) [17.18(73.40)/13.67(1.02)/14.32(14.32)]
Gen. 214 (71.33%): Max/Min/Avg Fitness(Raw) [16.40(73.40)/13.09(1.02)/13.67(13.67)]
Gen. 215 (71.67%): Max/Min/Avg Fitness(Raw) [16.32(73.40)/13.03(1.02)/13.60(13.60)]
Gen. 216 (72.00%): Max/Min/Avg Fitness(Raw) [18.28(73.40)/14.49(1.02)/15.23(15.23)]
Gen. 217 (72.33%): Max/Min/Avg Fitness(Raw) [16.25(73.40)/12.97(1.02)/13.54(13.54)]
Gen. 218 (72.67%): Max/Min/Avg Fitness(Raw) [16.83(73.40)/13.41(1.02)/14.03(14.03)]
Gen. 219 (73.00%): Max/Min/Avg Fitness(Raw) [16.59(73.40)/13.23(1.02)/13.83(13.83)]
Gen. 220 (73.33%): Max/Min/Avg Fitness(Raw) [16.04(73.40)/12.82(1.02)/13.37(13.37)]
Gen. 221 (73.67%): Max/Min/Avg Fitness(Raw) [16.24(73.40)/12.97(1.02)/13.53(13.53)]
Gen. 222 (74.00%): Max/Min/Avg Fitness(Raw) [15.74(73.40)/12.59(1.02)/13.11(13.11)]
Gen. 223 (74.33%): Max/Min/Avg Fitness(Raw) [15.78(73.40)/12.62(1.02)/13.15(13.15)]
Gen. 224 (74.67%): Max/Min/Avg Fitness(Raw) [16.72(73.40)/13.33(1.02)/13.93(13.93)]
Gen. 225 (75.00%): Max/Min/Avg Fitness(Raw) [17.24(73.40)/13.72(1.02)/14.37(14.37)]
Gen. 226 (75.33%): Max/Min/Avg Fitness(Raw) [16.67(73.40)/13.29(1.02)/13.89(13.89)]
Gen. 227 (75.67%): Max/Min/Avg Fitness(Raw) [17.59(73.40)/13.98(1.02)/14.66(14.66)]
Gen. 228 (76.00%): Max/Min/Avg Fitness(Raw) [15.71(73.40)/12.57(1.02)/13.09(13.09)]
Gen. 229 (76.33%): Max/Min/Avg Fitness(Raw) [16.42(73.40)/13.10(1.02)/13.68(13.68)]
Gen. 230 (76.67%): Max/Min/Avg Fitness(Raw) [16.22(73.40)/12.95(1.02)/13.52(13.52)]
Gen. 231 (77.00%): Max/Min/Avg Fitness(Raw) [17.85(73.40)/14.17(1.02)/14.87(14.87)]
Gen. 232 (77.33%): Max/Min/Avg Fitness(Raw) [17.40(73.40)/13.84(1.02)/14.50(14.50)]
Gen. 233 (77.67%): Max/Min/Avg Fitness(Raw) [16.98(73.40)/13.52(1.02)/14.15(14.15)]
Gen. 234 (78.00%): Max/Min/Avg Fitness(Raw) [15.70(73.40)/12.56(1.02)/13.09(13.09)]
Gen. 235 (78.33%): Max/Min/Avg Fitness(Raw) [16.51(73.40)/13.17(1.02)/13.76(13.76)]
Gen. 236 (78.67%): Max/Min/Avg Fitness(Raw) [18.06(73.40)/14.32(1.02)/15.05(15.05)]
Gen. 237 (79.00%): Max/Min/Avg Fitness(Raw) [16.77(73.40)/13.37(1.02)/13.98(13.98)]
Gen. 238 (79.33%): Max/Min/Avg Fitness(Raw) [15.55(73.40)/12.45(1.02)/12.96(12.96)]
Gen. 239 (79.67%): Max/Min/Avg Fitness(Raw) [15.54(73.40)/12.44(1.02)/12.95(12.95)]
Gen. 240 (80.00%): Max/Min/Avg Fitness(Raw) [16.85(73.40)/13.42(1.02)/14.04(14.04)]
Gen. 241 (80.33%): Max/Min/Avg Fitness(Raw) [15.62(73.40)/12.50(1.02)/13.01(13.01)]
Gen. 242 (80.67%): Max/Min/Avg Fitness(Raw) [18.34(73.40)/14.53(1.02)/15.28(15.28)]
Gen. 243 (81.00%): Max/Min/Avg Fitness(Raw) [17.39(73.40)/13.83(1.02)/14.49(14.49)]
Gen. 244 (81.33%): Max/Min/Avg Fitness(Raw) [18.72(73.40)/14.82(1.02)/15.60(15.60)]
Gen. 245 (81.67%): Max/Min/Avg Fitness(Raw) [17.27(73.40)/13.74(1.02)/14.39(14.39)]
Gen. 246 (82.00%): Max/Min/Avg Fitness(Raw) [16.17(73.40)/12.91(1.02)/13.47(13.47)]
Gen. 247 (82.33%): Max/Min/Avg Fitness(Raw) [16.60(73.40)/13.24(1.02)/13.83(13.83)]
Gen. 248 (82.67%): Max/Min/Avg Fitness(Raw) [16.89(73.40)/13.45(1.02)/14.07(14.07)]
Gen. 249 (83.00%): Max/Min/Avg Fitness(Raw) [16.82(73.40)/13.40(1.02)/14.01(14.01)]
Gen. 250 (83.33%): Max/Min/Avg Fitness(Raw) [15.87(73.40)/12.69(1.02)/13.23(13.23)]
Gen. 251 (83.67%): Max/Min/Avg Fitness(Raw) [16.49(73.40)/13.16(1.02)/13.74(13.74)]
Gen. 252 (84.00%): Max/Min/Avg Fitness(Raw) [17.47(73.40)/13.89(1.02)/14.56(14.56)]
Gen. 253 (84.33%): Max/Min/Avg Fitness(Raw) [16.83(73.40)/13.41(1.02)/14.03(14.03)]
Gen. 254 (84.67%): Max/Min/Avg Fitness(Raw) [17.18(73.40)/13.67(1.02)/14.32(14.32)]
Gen. 255 (85.00%): Max/Min/Avg Fitness(Raw) [16.15(73.40)/12.90(1.02)/13.46(13.46)]
Gen. 256 (85.33%): Max/Min/Avg Fitness(Raw) [16.65(73.40)/13.28(1.02)/13.88(13.88)]
Gen. 257 (85.67%): Max/Min/Avg Fitness(Raw) [17.63(73.40)/14.01(1.02)/14.70(14.70)]
Gen. 258 (86.00%): Max/Min/Avg Fitness(Raw) [18.12(73.40)/14.37(1.02)/15.10(15.10)]
Gen. 259 (86.33%): Max/Min/Avg Fitness(Raw) [16.42(73.40)/13.10(1.02)/13.68(13.68)]
Gen. 260 (86.67%): Max/Min/Avg Fitness(Raw) [16.49(73.40)/13.16(1.02)/13.74(13.74)]
Gen. 261 (87.00%): Max/Min/Avg Fitness(Raw) [17.52(73.40)/13.92(1.02)/14.60(14.60)]
Gen. 262 (87.33%): Max/Min/Avg Fitness(Raw) [16.68(73.40)/13.29(1.02)/13.90(13.90)]
Gen. 263 (87.67%): Max/Min/Avg Fitness(Raw) [17.31(73.40)/13.77(1.02)/14.43(14.43)]
Gen. 264 (88.00%): Max/Min/Avg Fitness(Raw) [16.02(73.40)/12.80(1.02)/13.35(13.35)]
Gen. 265 (88.33%): Max/Min/Avg Fitness(Raw) [16.73(73.40)/13.33(1.02)/13.94(13.94)]
Gen. 266 (88.67%): Max/Min/Avg Fitness(Raw) [16.37(73.40)/13.06(1.02)/13.64(13.64)]
Gen. 267 (89.00%): Max/Min/Avg Fitness(Raw) [16.67(73.40)/13.29(1.02)/13.89(13.89)]
Gen. 268 (89.33%): Max/Min/Avg Fitness(Raw) [16.15(73.40)/12.90(1.02)/13.46(13.46)]
Gen. 269 (89.67%): Max/Min/Avg Fitness(Raw) [16.77(73.40)/13.37(1.02)/13.98(13.98)]
Gen. 270 (90.00%): Max/Min/Avg Fitness(Raw) [15.74(73.40)/12.59(1.02)/13.11(13.11)]
Gen. 271 (90.33%): Max/Min/Avg Fitness(Raw) [15.93(73.40)/12.74(1.02)/13.28(13.28)]
Gen. 272 (90.67%): Max/Min/Avg Fitness(Raw) [16.66(73.40)/13.28(1.02)/13.88(13.88)]
Gen. 273 (91.00%): Max/Min/Avg Fitness(Raw) [16.41(73.40)/13.10(1.02)/13.68(13.68)]
Gen. 274 (91.33%): Max/Min/Avg Fitness(Raw) [17.15(73.40)/13.65(1.02)/14.29(14.29)]
Gen. 275 (91.67%): Max/Min/Avg Fitness(Raw) [16.32(73.40)/13.03(1.02)/13.60(13.60)]
Gen. 276 (92.00%): Max/Min/Avg Fitness(Raw) [17.48(73.40)/13.89(1.02)/14.57(14.57)]
Gen. 277 (92.33%): Max/Min/Avg Fitness(Raw) [17.39(73.40)/13.83(1.02)/14.49(14.49)]
Gen. 278 (92.67%): Max/Min/Avg Fitness(Raw) [17.41(73.40)/13.84(1.02)/14.51(14.51)]
Gen. 279 (93.00%): Max/Min/Avg Fitness(Raw) [16.89(73.40)/13.45(1.02)/14.07(14.07)]
Gen. 280 (93.33%): Max/Min/Avg Fitness(Raw) [15.64(73.40)/12.52(1.02)/13.04(13.04)]
Gen. 281 (93.67%): Max/Min/Avg Fitness(Raw) [16.55(73.40)/13.20(1.02)/13.80(13.80)]
Gen. 282 (94.00%): Max/Min/Avg Fitness(Raw) [16.48(73.40)/13.14(1.02)/13.73(13.73)]
Gen. 283 (94.33%): Max/Min/Avg Fitness(Raw) [17.23(73.40)/13.71(1.02)/14.36(14.36)]
Gen. 284 (94.67%): Max/Min/Avg Fitness(Raw) [16.05(73.40)/12.83(1.02)/13.38(13.38)]
Gen. 285 (95.00%): Max/Min/Avg Fitness(Raw) [15.60(73.40)/12.49(1.02)/13.00(13.00)]
Gen. 286 (95.33%): Max/Min/Avg Fitness(Raw) [16.99(73.40)/13.53(1.02)/14.16(14.16)]
Gen. 287 (95.67%): Max/Min/Avg Fitness(Raw) [15.25(73.40)/12.22(1.02)/12.71(12.71)]
Gen. 288 (96.00%): Max/Min/Avg Fitness(Raw) [16.51(73.40)/13.17(1.02)/13.76(13.76)]
Gen. 289 (96.33%): Max/Min/Avg Fitness(Raw) [16.72(73.40)/13.33(1.02)/13.93(13.93)]
Gen. 290 (96.67%): Max/Min/Avg Fitness(Raw) [16.17(73.40)/12.92(1.02)/13.48(13.48)]
Gen. 291 (97.00%): Max/Min/Avg Fitness(Raw) [17.38(73.40)/13.82(1.02)/14.48(14.48)]
Gen. 292 (97.33%): Max/Min/Avg Fitness(Raw) [16.49(73.40)/13.15(1.02)/13.74(13.74)]
Gen. 293 (97.67%): Max/Min/Avg Fitness(Raw) [16.95(73.40)/13.50(1.02)/14.13(14.13)]
Gen. 294 (98.00%): Max/Min/Avg Fitness(Raw) [16.58(73.40)/13.22(1.02)/13.82(13.82)]
Gen. 295 (98.33%): Max/Min/Avg Fitness(Raw) [17.48(73.40)/13.90(1.02)/14.57(14.57)]
Gen. 296 (98.67%): Max/Min/Avg Fitness(Raw) [15.58(73.40)/12.47(1.02)/12.99(12.99)]
Gen. 297 (99.00%): Max/Min/Avg Fitness(Raw) [17.34(73.40)/13.79(1.02)/14.45(14.45)]
Gen. 298 (99.33%): Max/Min/Avg Fitness(Raw) [18.74(73.40)/14.82(1.02)/15.61(15.61)]
Gen. 299 (99.67%): Max/Min/Avg Fitness(Raw) [15.80(73.40)/12.63(1.02)/13.17(13.17)]
Gen. 300 (100.00%):