Creating network.
The layer structure is following:
[70, 15, 1]
Setting newtork parameters
Getting training data : ALL_S6_959126400_hveto_channels_signif_dt_set_5_training.pat
Setting GA training parameters
Start running GA
Gen. 0 (0.00%): Max/Min/Avg Fitness(Raw) [25.31(60.50)/18.95(1.02)/21.10(21.10)]
Gen. 1 (1.00%): Max/Min/Avg Fitness(Raw) [23.37(60.50)/17.72(1.02)/19.48(19.48)]
Gen. 2 (2.00%): Max/Min/Avg Fitness(Raw) [23.55(60.50)/17.84(1.02)/19.63(19.63)]
Gen. 3 (3.00%): Max/Min/Avg Fitness(Raw) [22.41(60.50)/17.10(1.02)/18.68(18.68)]
Gen. 4 (4.00%): Max/Min/Avg Fitness(Raw) [22.80(60.50)/17.35(1.02)/19.00(19.00)]
Gen. 5 (5.00%): Max/Min/Avg Fitness(Raw) [22.33(60.50)/17.05(1.02)/18.61(18.61)]
Gen. 6 (6.00%): Max/Min/Avg Fitness(Raw) [23.31(60.50)/17.68(1.02)/19.43(19.43)]
Gen. 7 (7.00%): Max/Min/Avg Fitness(Raw) [22.07(61.02)/16.89(1.02)/18.39(18.39)]
Gen. 8 (8.00%): Max/Min/Avg Fitness(Raw) [16.29(61.02)/12.86(1.02)/13.58(13.58)]
Gen. 9 (9.00%): Max/Min/Avg Fitness(Raw) [15.73(61.02)/12.45(1.02)/13.11(13.11)]
Gen. 10 (10.00%): Max/Min/Avg Fitness(Raw) [14.51(61.02)/11.55(1.02)/12.09(12.09)]
Gen. 11 (11.00%): Max/Min/Avg Fitness(Raw) [16.14(61.02)/12.75(1.02)/13.45(13.45)]
Gen. 12 (12.00%): Max/Min/Avg Fitness(Raw) [15.74(61.02)/12.45(1.02)/13.12(13.12)]
Gen. 13 (13.00%): Max/Min/Avg Fitness(Raw) [15.61(61.09)/12.36(1.02)/13.01(13.01)]
Gen. 14 (14.00%): Max/Min/Avg Fitness(Raw) [18.60(61.09)/14.51(1.02)/15.50(15.50)]
Gen. 15 (15.00%): Max/Min/Avg Fitness(Raw) [17.96(61.09)/14.06(1.02)/14.97(14.97)]
Gen. 16 (16.00%): Max/Min/Avg Fitness(Raw) [18.38(61.09)/14.36(1.02)/15.31(15.31)]
Gen. 17 (17.00%): Max/Min/Avg Fitness(Raw) [18.23(61.09)/14.26(1.02)/15.19(15.19)]
Gen. 18 (18.00%): Max/Min/Avg Fitness(Raw) [17.83(61.09)/13.97(1.02)/14.86(14.86)]
Gen. 19 (19.00%): Max/Min/Avg Fitness(Raw) [18.82(61.09)/14.67(1.02)/15.68(15.68)]
Gen. 20 (20.00%): Max/Min/Avg Fitness(Raw) [17.62(61.09)/13.82(1.02)/14.68(14.68)]
Gen. 21 (21.00%): Max/Min/Avg Fitness(Raw) [17.77(61.09)/13.93(1.02)/14.81(14.81)]
Gen. 22 (22.00%): Max/Min/Avg Fitness(Raw) [19.48(61.09)/15.13(1.02)/16.23(16.23)]
Gen. 23 (23.00%): Max/Min/Avg Fitness(Raw) [18.35(61.09)/14.34(1.02)/15.29(15.29)]
Gen. 24 (24.00%): Max/Min/Avg Fitness(Raw) [18.48(61.09)/14.43(1.02)/15.40(15.40)]
Gen. 25 (25.00%): Max/Min/Avg Fitness(Raw) [18.48(61.09)/14.43(1.02)/15.40(15.40)]
Gen. 26 (26.00%): Max/Min/Avg Fitness(Raw) [19.08(61.09)/14.85(1.02)/15.90(15.90)]
Gen. 27 (27.00%): Max/Min/Avg Fitness(Raw) [19.23(61.09)/14.95(1.02)/16.02(16.02)]
Gen. 28 (28.00%): Max/Min/Avg Fitness(Raw) [18.38(61.09)/14.36(1.02)/15.32(15.32)]
Gen. 29 (29.00%): Max/Min/Avg Fitness(Raw) [18.50(61.09)/14.45(1.02)/15.42(15.42)]
Gen. 30 (30.00%): Max/Min/Avg Fitness(Raw) [18.14(61.09)/14.19(1.02)/15.12(15.12)]
Gen. 31 (31.00%): Max/Min/Avg Fitness(Raw) [17.91(61.09)/14.02(1.02)/14.92(14.92)]
Gen. 32 (32.00%): Max/Min/Avg Fitness(Raw) [16.92(61.09)/13.31(1.02)/14.10(14.10)]
Gen. 33 (33.00%): Max/Min/Avg Fitness(Raw) [17.08(61.09)/13.43(1.02)/14.24(14.24)]
Gen. 34 (34.00%): Max/Min/Avg Fitness(Raw) [19.05(61.09)/14.83(1.02)/15.88(15.88)]
Gen. 35 (35.00%): Max/Min/Avg Fitness(Raw) [19.24(61.09)/14.96(1.02)/16.03(16.03)]
Gen. 36 (36.00%): Max/Min/Avg Fitness(Raw) [17.90(61.29)/14.02(1.02)/14.92(14.92)]
Gen. 37 (37.00%): Max/Min/Avg Fitness(Raw) [16.63(62.96)/13.13(1.02)/13.85(13.85)]
Gen. 38 (38.00%): Max/Min/Avg Fitness(Raw) [11.90(62.96)/9.58(1.02)/9.91(9.91)]
Gen. 39 (39.00%): Max/Min/Avg Fitness(Raw) [12.91(67.54)/10.39(1.02)/10.76(10.76)]
Gen. 40 (40.00%): Max/Min/Avg Fitness(Raw) [22.68(70.67)/17.60(1.02)/18.90(18.90)]
Gen. 41 (41.00%): Max/Min/Avg Fitness(Raw) [19.45(70.67)/15.30(1.02)/16.21(16.21)]
Gen. 42 (42.00%): Max/Min/Avg Fitness(Raw) [21.34(70.67)/16.66(1.02)/17.78(17.78)]
Gen. 43 (43.00%): Max/Min/Avg Fitness(Raw) [20.26(70.67)/15.88(1.02)/16.88(16.88)]
Gen. 44 (44.00%): Max/Min/Avg Fitness(Raw) [20.87(70.67)/16.32(1.02)/17.39(17.39)]
Gen. 45 (45.00%): Max/Min/Avg Fitness(Raw) [20.30(70.67)/15.92(1.02)/16.92(16.92)]
Gen. 46 (46.00%): Max/Min/Avg Fitness(Raw) [19.80(70.67)/15.55(1.02)/16.50(16.50)]
Gen. 47 (47.00%): Max/Min/Avg Fitness(Raw) [20.88(70.67)/16.33(1.02)/17.40(17.40)]
Gen. 48 (48.00%): Max/Min/Avg Fitness(Raw) [19.24(70.67)/15.15(1.02)/16.04(16.04)]
Gen. 49 (49.00%): Max/Min/Avg Fitness(Raw) [21.03(70.77)/16.44(1.02)/17.53(17.53)]
Gen. 50 (50.00%): Max/Min/Avg Fitness(Raw) [21.48(70.77)/16.75(1.02)/17.90(17.90)]
Gen. 51 (51.00%): Max/Min/Avg Fitness(Raw) [19.87(70.77)/15.61(1.02)/16.56(16.56)]
Gen. 52 (52.00%): Max/Min/Avg Fitness(Raw) [19.72(70.77)/15.50(1.02)/16.43(16.43)]
Gen. 53 (53.00%): Max/Min/Avg Fitness(Raw) [21.12(70.77)/16.50(1.02)/17.60(17.60)]
Gen. 54 (54.00%): Max/Min/Avg Fitness(Raw) [20.59(70.77)/16.12(1.02)/17.16(17.16)]
Gen. 55 (55.00%): Max/Min/Avg Fitness(Raw) [19.04(70.77)/15.01(1.02)/15.87(15.87)]
Gen. 56 (56.00%): Max/Min/Avg Fitness(Raw) [19.72(70.77)/15.50(1.02)/16.44(16.44)]
Gen. 57 (57.00%): Max/Min/Avg Fitness(Raw) [20.34(70.77)/15.95(1.02)/16.95(16.95)]
Gen. 58 (58.00%): Max/Min/Avg Fitness(Raw) [20.15(70.77)/15.81(1.02)/16.79(16.79)]
Gen. 59 (59.00%): Max/Min/Avg Fitness(Raw) [19.92(70.77)/15.65(1.02)/16.60(16.60)]
Gen. 60 (60.00%): Max/Min/Avg Fitness(Raw) [20.72(70.77)/16.22(1.02)/17.27(17.27)]
Gen. 61 (61.00%): Max/Min/Avg Fitness(Raw) [19.84(70.77)/15.59(1.02)/16.53(16.53)]
Gen. 62 (62.00%): Max/Min/Avg Fitness(Raw) [20.80(70.77)/16.28(1.02)/17.34(17.34)]
Gen. 63 (63.00%): Max/Min/Avg Fitness(Raw) [19.57(70.77)/15.39(1.02)/16.31(16.31)]
Gen. 64 (64.00%): Max/Min/Avg Fitness(Raw) [19.05(70.77)/15.01(1.02)/15.87(15.87)]
Gen. 65 (65.00%): Max/Min/Avg Fitness(Raw) [18.62(70.77)/14.70(1.02)/15.51(15.51)]
Gen. 66 (66.00%): Max/Min/Avg Fitness(Raw) [20.76(70.77)/16.25(1.02)/17.30(17.30)]
Gen. 67 (67.00%): Max/Min/Avg Fitness(Raw) [19.11(70.77)/15.06(1.02)/15.92(15.92)]
Gen. 68 (68.00%): Max/Min/Avg Fitness(Raw) [21.15(70.77)/16.52(1.02)/17.62(17.62)]
Gen. 69 (69.00%): Max/Min/Avg Fitness(Raw) [19.43(70.77)/15.29(1.02)/16.20(16.20)]
Gen. 70 (70.00%): Max/Min/Avg Fitness(Raw) [19.10(70.77)/15.05(1.02)/15.92(15.92)]
Gen. 71 (71.00%): Max/Min/Avg Fitness(Raw) [19.08(70.77)/15.04(1.02)/15.90(15.90)]
Gen. 72 (72.00%): Max/Min/Avg Fitness(Raw) [19.81(70.77)/15.56(1.02)/16.50(16.50)]
Gen. 73 (73.00%): Max/Min/Avg Fitness(Raw) [20.62(70.77)/16.15(1.02)/17.18(17.18)]
Gen. 74 (74.00%): Max/Min/Avg Fitness(Raw) [20.36(70.77)/15.96(1.02)/16.97(16.97)]
Gen. 75 (75.00%): Max/Min/Avg Fitness(Raw) [20.05(70.77)/15.74(1.02)/16.71(16.71)]
Gen. 76 (76.00%): Max/Min/Avg Fitness(Raw) [19.51(70.77)/15.35(1.02)/16.25(16.25)]
Gen. 77 (77.00%): Max/Min/Avg Fitness(Raw) [20.41(70.77)/16.00(1.02)/17.01(17.01)]
Gen. 78 (78.00%): Max/Min/Avg Fitness(Raw) [20.16(70.77)/15.82(1.02)/16.80(16.80)]
Gen. 79 (79.00%): Max/Min/Avg Fitness(Raw) [20.86(70.77)/16.31(1.02)/17.38(17.38)]
Gen. 80 (80.00%): Max/Min/Avg Fitness(Raw) [19.59(70.77)/15.41(1.02)/16.33(16.33)]
Gen. 81 (81.00%): Max/Min/Avg Fitness(Raw) [20.10(70.77)/15.78(1.02)/16.75(16.75)]
Gen. 82 (82.00%): Max/Min/Avg Fitness(Raw) [21.43(70.77)/16.72(1.02)/17.86(17.86)]
Gen. 83 (83.00%): Max/Min/Avg Fitness(Raw) [20.46(70.77)/16.04(1.02)/17.05(17.05)]
Gen. 84 (84.00%): Max/Min/Avg Fitness(Raw) [20.97(70.77)/16.40(1.02)/17.48(17.48)]
Gen. 85 (85.00%): Max/Min/Avg Fitness(Raw) [20.47(70.77)/16.04(1.02)/17.06(17.06)]
Gen. 86 (86.00%): Max/Min/Avg Fitness(Raw) [21.03(70.77)/16.44(1.02)/17.52(17.52)]
Gen. 87 (87.00%): Max/Min/Avg Fitness(Raw) [20.74(70.77)/16.23(1.02)/17.28(17.28)]
Gen. 88 (88.00%): Max/Min/Avg Fitness(Raw) [20.63(70.77)/16.15(1.02)/17.19(17.19)]
Gen. 89 (89.00%): Max/Min/Avg Fitness(Raw) [18.17(70.77)/14.37(1.02)/15.14(15.14)]
Gen. 90 (90.00%): Max/Min/Avg Fitness(Raw) [20.63(70.77)/16.16(1.02)/17.19(17.19)]
Gen. 91 (91.00%): Max/Min/Avg Fitness(Raw) [20.42(70.77)/16.00(1.02)/17.01(17.01)]
Gen. 92 (92.00%): Max/Min/Avg Fitness(Raw) [20.17(70.77)/15.82(1.02)/16.81(16.81)]
Gen. 93 (93.00%): Max/Min/Avg Fitness(Raw) [21.56(70.77)/16.81(1.02)/17.97(17.97)]
Gen. 94 (94.00%): Max/Min/Avg Fitness(Raw) [20.54(70.77)/16.09(1.02)/17.12(17.12)]
Gen. 95 (95.00%): Max/Min/Avg Fitness(Raw) [20.50(70.77)/16.06(1.02)/17.09(17.09)]
Gen. 96 (96.00%): Max/Min/Avg Fitness(Raw) [19.29(70.77)/15.19(1.02)/16.07(16.07)]
Gen. 97 (97.00%): Max/Min/Avg Fitness(Raw) [18.68(70.77)/14.75(1.02)/15.57(15.57)]
Gen. 98 (98.00%): Max/Min/Avg Fitness(Raw) [20.08(70.77)/15.76(1.02)/16.73(16.73)]
Gen. 99 (99.00%): Max/Min/Avg Fitness(Raw) [18.32(70.77)/14.48(1.02)/15.27(15.27)]
Gen. 100 (100.00%): Max/Min/Avg Fitness(Raw) [19.69(70.77)/15.48(1.02)/16.41(16.41)]
Total time elapsed: 8704.517 seconds.
GA MSE : 0.019728
Best initial connection wetighs are set on Network
Setting FANN training parameters
Input layer                          :  70 neurons, 1 bias
  Hidden layer                       :  15 neurons, 1 bias
Output layer                         :   1 neurons
Total neurons and biases             :  88
Total connections                    :1081
Connection rate                      :   1.000
Network type                         :   FANN_NETTYPE_LAYER
Training algorithm                   :   FANN_TRAIN_RPROP
Training error function              :   FANN_ERRORFUNC_TANH
Training stop function               :   FANN_STOPFUNC_MSE
Bit fail limit                       :   0.350
Learning rate                        :   0.700
Learning momentum                    :   0.000
Quickprop decay                      :  -0.000100
Quickprop mu                         :   1.750
RPROP increase factor                :   1.001
RPROP decrease factor                :   0.500
RPROP delta min                      :   0.000
RPROP delta max                      :  50.000
Cascade output change fraction       :   0.010000
Cascade candidate change fraction    :   0.010000
Cascade output stagnation epochs     :  12
Cascade candidate stagnation epochs  :  12
Cascade max output epochs            : 150
Cascade max candidate epochs         : 150
Cascade weight multiplier            :   0.400
Cascade candidate limit              :1000.000
Cascade activation functions[0]      :   FANN_SIGMOID
Cascade activation functions[1]      :   FANN_SIGMOID_SYMMETRIC
Cascade activation functions[2]      :   FANN_GAUSSIAN
Cascade activation functions[3]      :   FANN_GAUSSIAN_SYMMETRIC
Cascade activation functions[4]      :   FANN_ELLIOT
Cascade activation functions[5]      :   FANN_ELLIOT_SYMMETRIC
Cascade activation functions[6]      :   FANN_SIN_SYMMETRIC
Cascade activation functions[7]      :   FANN_COS_SYMMETRIC
Cascade activation functions[8]      :   FANN_SIN
Cascade activation functions[9]      :   FANN_COS
Cascade activation steepnesses[0]    :   0.250
Cascade activation steepnesses[1]    :   0.500
Cascade activation steepnesses[2]    :   0.750
Cascade activation steepnesses[3]    :   1.000
Cascade candidate groups             :   2
Cascade no. of candidates            :  80
Start training network with 2-algorithm in FANN
Max epochs     8000. Desired error: 0.0010000000.
Epochs            1. Current error: 0.0141295195. Bit fail 246.
Epochs          100. Current error: 0.0148677444. Bit fail 263.
Epochs          200. Current error: 0.0139740510. Bit fail 246.
Epochs          300. Current error: 0.0137099875. Bit fail 243.
Epochs          400. Current error: 0.0130426465. Bit fail 230.
Epochs          500. Current error: 0.0127250152. Bit fail 230.
Epochs          600. Current error: 0.0125291143. Bit fail 227.
Epochs          700. Current error: 0.0125264758. Bit fail 229.
Epochs          800. Current error: 0.0124526517. Bit fail 228.
Epochs          900. Current error: 0.0122081526. Bit fail 222.
Epochs         1000. Current error: 0.0118927229. Bit fail 217.
Epochs         1100. Current error: 0.0116459709. Bit fail 213.
Epochs         1200. Current error: 0.0114048021. Bit fail 209.
Epochs         1300. Current error: 0.0111105461. Bit fail 203.
Epochs         1400. Current error: 0.0109276557. Bit fail 201.
Epochs         1500. Current error: 0.0106609650. Bit fail 194.
Epochs         1600. Current error: 0.0106101744. Bit fail 196.
Epochs         1700. Current error: 0.0106623406. Bit fail 196.
Epochs         1800. Current error: 0.0106412545. Bit fail 192.
Epochs         1900. Current error: 0.0107115684. Bit fail 194.
Epochs         2000. Current error: 0.0106345573. Bit fail 191.
Epochs         2100. Current error: 0.0105883032. Bit fail 190.
Epochs         2200. Current error: 0.0104928091. Bit fail 191.
Epochs         2300. Current error: 0.0103320191. Bit fail 189.
Epochs         2400. Current error: 0.0101537155. Bit fail 186.
Epochs         2500. Current error: 0.0099468157. Bit fail 183.
Epochs         2600. Current error: 0.0098913442. Bit fail 185.
Epochs         2700. Current error: 0.0098955110. Bit fail 185.
Epochs         2800. Current error: 0.0098012555. Bit fail 195.
Epochs         2900. Current error: 0.0097825378. Bit fail 194.
Epochs         3000. Current error: 0.0097258370. Bit fail 192.
Epochs         3100. Current error: 0.0096709589. Bit fail 191.
Epochs         3200. Current error: 0.0095799007. Bit fail 191.
Epochs         3300. Current error: 0.0095831556. Bit fail 192.
Epochs         3400. Current error: 0.0095754191. Bit fail 192.
Epochs         3500. Current error: 0.0096089542. Bit fail 195.
Epochs         3600. Current error: 0.0095970789. Bit fail 194.
Epochs         3700. Current error: 0.0096341847. Bit fail 194.
Epochs         3800. Current error: 0.0096684666. Bit fail 195.
Epochs         3900. Current error: 0.0097020986. Bit fail 196.
Epochs         4000. Current error: 0.0096684787. Bit fail 194.
Epochs         4100. Current error: 0.0096361171. Bit fail 192.
Epochs         4200. Current error: 0.0096726632. Bit fail 192.
Epochs         4300. Current error: 0.0096705575. Bit fail 193.
Epochs         4400. Current error: 0.0097099310. Bit fail 196.
Epochs         4500. Current error: 0.0097491303. Bit fail 196.
Epochs         4600. Current error: 0.0096980687. Bit fail 197.
Epochs         4700. Current error: 0.0096312054. Bit fail 196.
Epochs         4800. Current error: 0.0096615935. Bit fail 195.
Epochs         4900. Current error: 0.0096457498. Bit fail 196.
Epochs         5000. Current error: 0.0096625164. Bit fail 193.
Epochs         5100. Current error: 0.0097529655. Bit fail 195.
Epochs         5200. Current error: 0.0097541278. Bit fail 192.
Epochs         5300. Current error: 0.0097941179. Bit fail 193.
Epochs         5400. Current error: 0.0097159706. Bit fail 192.
Epochs         5500. Current error: 0.0097394940. Bit fail 193.
Epochs         5600. Current error: 0.0096710315. Bit fail 193.
Epochs         5700. Current error: 0.0096615022. Bit fail 193.
Epochs         5800. Current error: 0.0096352380. Bit fail 192.
Epochs         5900. Current error: 0.0096201859. Bit fail 190.
Epochs         6000. Current error: 0.0096146464. Bit fail 190.
Epochs         6100. Current error: 0.0096620684. Bit fail 191.
Epochs         6200. Current error: 0.0096512102. Bit fail 189.
Epochs         6300. Current error: 0.0096449871. Bit fail 189.
Epochs         6400. Current error: 0.0096374024. Bit fail 189.
Epochs         6500. Current error: 0.0096385106. Bit fail 191.
Epochs         6600. Current error: 0.0095969932. Bit fail 193.
Epochs         6700. Current error: 0.0096025402. Bit fail 195.
Epochs         6800. Current error: 0.0096376883. Bit fail 197.
Epochs         6900. Current error: 0.0096283332. Bit fail 196.
Epochs         7000. Current error: 0.0095987963. Bit fail 196.
Epochs         7100. Current error: 0.0096128192. Bit fail 193.
Epochs         7200. Current error: 0.0095323622. Bit fail 192.
Epochs         7300. Current error: 0.0094303843. Bit fail 190.
Epochs         7400. Current error: 0.0093765613. Bit fail 189.
Epochs         7500. Current error: 0.0093962811. Bit fail 191.
Epochs         7600. Current error: 0.0094192224. Bit fail 191.
Epochs         7700. Current error: 0.0094351657. Bit fail 191.
Epochs         7800. Current error: 0.0094503714. Bit fail 192.
Epochs         7900. Current error: 0.0094577894. Bit fail 192.
Epochs         8000. Current error: 0.0094274012. Bit fail 189.
Time elpased for FANN training: 658.929699 seconds
Trained Network by GA+FANN is saved in 
./ALL_S6_959126400_hveto_channels_signif_dt_set_5_training_n70n15n1_c10_mr10_p1000_g100_rmin-25_rmax25_gsigma50_y1001_z05_f05g09_m8000.net.
Total Running Time: 9363.849782 seconds
