Creating network.
The layer structure is following:
[70, 15, 1]
Setting newtork parameters
Getting training data : ALL_S6_959126400_hveto_channels_signif_dt_set_0_training.pat
Setting GA training parameters
Start running GA
Gen. 0 (0.00%): Max/Min/Avg Fitness(Raw) [25.49(59.11)/18.97(1.02)/21.24(21.24)]
Gen. 1 (1.00%): Max/Min/Avg Fitness(Raw) [57.04(68.84)/26.78(1.03)/47.54(47.54)]
Gen. 2 (2.00%): Max/Min/Avg Fitness(Raw) [71.17(70.95)/0.00(1.03)/58.91(58.91)]
Gen. 3 (3.00%): Max/Min/Avg Fitness(Raw) [72.19(72.00)/0.00(1.03)/60.67(60.67)]
Gen. 4 (4.00%): Max/Min/Avg Fitness(Raw) [73.59(73.39)/0.00(1.08)/62.07(62.07)]
Gen. 5 (5.00%): Max/Min/Avg Fitness(Raw) [74.48(74.28)/0.00(1.02)/62.22(62.22)]
Gen. 6 (6.00%): Max/Min/Avg Fitness(Raw) [75.22(74.99)/0.00(1.03)/61.35(61.35)]
Gen. 7 (7.00%): Max/Min/Avg Fitness(Raw) [75.94(75.72)/0.00(1.02)/62.50(62.50)]
Gen. 8 (8.00%): Max/Min/Avg Fitness(Raw) [76.65(76.45)/0.00(1.03)/63.98(63.98)]
Gen. 9 (9.00%): Max/Min/Avg Fitness(Raw) [77.69(77.45)/0.00(1.03)/63.29(63.29)]
Gen. 10 (10.00%): Max/Min/Avg Fitness(Raw) [78.11(77.89)/0.00(1.03)/64.29(64.29)]
Gen. 11 (11.00%): Max/Min/Avg Fitness(Raw) [78.98(78.76)/0.00(1.02)/64.99(64.99)]
Gen. 12 (12.00%): Max/Min/Avg Fitness(Raw) [79.52(79.31)/0.00(1.03)/65.83(65.83)]
Gen. 13 (13.00%): Max/Min/Avg Fitness(Raw) [80.14(79.92)/0.00(1.03)/66.03(66.03)]
Gen. 14 (14.00%): Max/Min/Avg Fitness(Raw) [80.59(80.36)/0.00(1.03)/66.06(66.06)]
Gen. 15 (15.00%): Max/Min/Avg Fitness(Raw) [81.04(80.83)/0.00(1.03)/67.57(67.57)]
Gen. 16 (16.00%): Max/Min/Avg Fitness(Raw) [81.34(81.12)/0.00(1.03)/67.36(67.36)]
Gen. 17 (17.00%): Max/Min/Avg Fitness(Raw) [81.69(81.51)/0.00(1.04)/69.85(69.85)]
Gen. 18 (18.00%): Max/Min/Avg Fitness(Raw) [82.41(82.20)/0.00(1.03)/68.55(68.55)]
Gen. 19 (19.00%): Max/Min/Avg Fitness(Raw) [82.77(82.54)/0.00(1.03)/67.56(67.56)]
Gen. 20 (20.00%): Max/Min/Avg Fitness(Raw) [83.02(82.78)/0.00(1.03)/67.56(67.56)]
Gen. 21 (21.00%): Max/Min/Avg Fitness(Raw) [83.47(83.21)/0.00(1.03)/66.90(66.90)]
Gen. 22 (22.00%): Max/Min/Avg Fitness(Raw) [83.58(83.35)/0.00(1.03)/68.02(68.02)]
Gen. 23 (23.00%): Max/Min/Avg Fitness(Raw) [84.20(83.93)/0.00(1.03)/66.75(66.75)]
Gen. 24 (24.00%): Max/Min/Avg Fitness(Raw) [84.96(84.69)/0.00(1.03)/66.96(66.96)]
Gen. 25 (25.00%): Max/Min/Avg Fitness(Raw) [85.47(85.20)/0.00(1.02)/67.44(67.44)]
Gen. 26 (26.00%): Max/Min/Avg Fitness(Raw) [85.67(85.40)/0.00(1.03)/67.78(67.78)]
Gen. 27 (27.00%): Max/Min/Avg Fitness(Raw) [85.79(85.54)/0.00(1.02)/68.81(68.81)]
Gen. 28 (28.00%): Max/Min/Avg Fitness(Raw) [86.57(86.30)/0.00(1.04)/68.87(68.87)]
Gen. 29 (29.00%): Max/Min/Avg Fitness(Raw) [86.69(86.43)/0.00(1.03)/68.93(68.93)]
Gen. 30 (30.00%): Max/Min/Avg Fitness(Raw) [86.70(86.44)/0.00(1.03)/68.95(68.95)]
Gen. 31 (31.00%): Max/Min/Avg Fitness(Raw) [87.35(87.11)/0.00(1.04)/70.53(70.53)]
Gen. 32 (32.00%): Max/Min/Avg Fitness(Raw) [87.62(87.38)/0.00(1.03)/70.87(70.87)]
Gen. 33 (33.00%): Max/Min/Avg Fitness(Raw) [87.87(87.61)/0.00(1.03)/70.46(70.46)]
Gen. 34 (34.00%): Max/Min/Avg Fitness(Raw) [87.93(87.67)/0.00(1.04)/70.31(70.31)]
Gen. 35 (35.00%): Max/Min/Avg Fitness(Raw) [88.55(88.29)/0.00(1.04)/70.71(70.71)]
Gen. 36 (36.00%): Max/Min/Avg Fitness(Raw) [88.96(88.69)/0.00(1.04)/70.91(70.91)]
Gen. 37 (37.00%): Max/Min/Avg Fitness(Raw) [88.98(88.72)/0.00(1.03)/70.97(70.97)]
Gen. 38 (38.00%): Max/Min/Avg Fitness(Raw) [89.35(89.08)/0.00(1.03)/70.72(70.72)]
Gen. 39 (39.00%): Max/Min/Avg Fitness(Raw) [89.60(89.33)/0.00(1.03)/71.31(71.31)]
Gen. 40 (40.00%): Max/Min/Avg Fitness(Raw) [89.95(89.68)/0.00(1.03)/71.31(71.31)]
Gen. 41 (41.00%): Max/Min/Avg Fitness(Raw) [90.72(90.44)/0.00(1.03)/71.40(71.40)]
Gen. 42 (42.00%): Max/Min/Avg Fitness(Raw) [91.15(90.88)/0.00(1.04)/72.29(72.29)]
Gen. 43 (43.00%): Max/Min/Avg Fitness(Raw) [91.48(91.21)/0.00(1.03)/72.58(72.58)]
Gen. 44 (44.00%): Max/Min/Avg Fitness(Raw) [91.73(91.46)/0.00(1.03)/72.71(72.71)]
Gen. 45 (45.00%): Max/Min/Avg Fitness(Raw) [92.13(91.87)/0.00(1.03)/73.20(73.20)]
Gen. 46 (46.00%): Max/Min/Avg Fitness(Raw) [92.15(91.88)/0.00(1.02)/73.38(73.38)]
Gen. 47 (47.00%): Max/Min/Avg Fitness(Raw) [92.40(92.15)/0.00(1.03)/74.27(74.27)]
Gen. 48 (48.00%): Max/Min/Avg Fitness(Raw) [92.94(92.68)/0.00(1.03)/74.73(74.73)]
Gen. 49 (49.00%): Max/Min/Avg Fitness(Raw) [93.35(93.09)/0.00(1.03)/74.73(74.73)]
Gen. 50 (50.00%): Max/Min/Avg Fitness(Raw) [93.85(93.61)/0.00(1.03)/76.07(76.07)]
Gen. 51 (51.00%): Max/Min/Avg Fitness(Raw) [93.90(93.66)/0.00(1.03)/76.57(76.57)]
Gen. 52 (52.00%): Max/Min/Avg Fitness(Raw) [94.05(93.82)/0.00(1.03)/76.73(76.73)]
Gen. 53 (53.00%): Max/Min/Avg Fitness(Raw) [94.05(93.82)/0.00(1.04)/76.92(76.92)]
Gen. 54 (54.00%): Max/Min/Avg Fitness(Raw) [94.16(93.92)/0.00(1.03)/76.56(76.56)]
Gen. 55 (55.00%): Max/Min/Avg Fitness(Raw) [94.27(94.03)/0.00(1.04)/76.97(76.97)]
Gen. 56 (56.00%): Max/Min/Avg Fitness(Raw) [94.99(94.74)/0.00(1.08)/77.06(77.06)]
Gen. 57 (57.00%): Max/Min/Avg Fitness(Raw) [95.39(95.14)/0.00(1.06)/77.44(77.44)]
Gen. 58 (58.00%): Max/Min/Avg Fitness(Raw) [95.50(95.26)/0.00(1.04)/77.41(77.41)]
Gen. 59 (59.00%): Max/Min/Avg Fitness(Raw) [95.61(95.37)/0.00(1.04)/77.39(77.39)]
Gen. 60 (60.00%): Max/Min/Avg Fitness(Raw) [95.84(95.60)/0.00(1.04)/77.79(77.79)]
Gen. 61 (61.00%): Max/Min/Avg Fitness(Raw) [96.06(95.81)/0.00(1.03)/76.86(76.86)]
Gen. 62 (62.00%): Max/Min/Avg Fitness(Raw) [96.10(95.87)/0.00(1.05)/78.48(78.48)]
Gen. 63 (63.00%): Max/Min/Avg Fitness(Raw) [96.41(96.16)/0.00(1.06)/78.45(78.45)]
Gen. 64 (64.00%): Max/Min/Avg Fitness(Raw) [96.44(96.21)/0.00(1.03)/78.79(78.79)]
Gen. 65 (65.00%): Max/Min/Avg Fitness(Raw) [96.60(96.37)/0.00(1.04)/78.81(78.81)]
Gen. 66 (66.00%): Max/Min/Avg Fitness(Raw) [96.78(96.54)/0.00(1.11)/79.24(79.24)]
Gen. 67 (67.00%): Max/Min/Avg Fitness(Raw) [96.89(96.66)/0.00(1.03)/79.11(79.11)]
Gen. 68 (68.00%): Max/Min/Avg Fitness(Raw) [97.32(97.08)/0.00(1.04)/78.81(78.81)]
Gen. 69 (69.00%): Max/Min/Avg Fitness(Raw) [97.74(97.48)/0.00(1.04)/78.64(78.64)]
Gen. 70 (70.00%): Max/Min/Avg Fitness(Raw) [97.83(97.58)/0.00(1.06)/79.63(79.63)]
Gen. 71 (71.00%): Max/Min/Avg Fitness(Raw) [98.14(97.89)/0.00(1.07)/79.40(79.40)]
Gen. 72 (72.00%): Max/Min/Avg Fitness(Raw) [98.14(97.89)/0.00(1.10)/80.16(80.16)]
Gen. 73 (73.00%): Max/Min/Avg Fitness(Raw) [98.22(97.95)/0.00(1.13)/79.61(79.61)]
Gen. 74 (74.00%): Max/Min/Avg Fitness(Raw) [98.31(98.08)/0.00(1.05)/80.41(80.41)]
Gen. 75 (75.00%): Max/Min/Avg Fitness(Raw) [98.38(98.14)/0.00(1.05)/80.32(80.32)]
Gen. 76 (76.00%): Max/Min/Avg Fitness(Raw) [98.73(98.46)/0.00(1.22)/80.63(80.63)]
Gen. 77 (77.00%): Max/Min/Avg Fitness(Raw) [99.93(99.69)/0.00(1.04)/81.16(81.16)]
Gen. 78 (78.00%): Max/Min/Avg Fitness(Raw) [101.38(101.14)/0.00(1.03)/82.22(82.22)]
Gen. 79 (79.00%): Max/Min/Avg Fitness(Raw) [102.63(102.37)/0.00(1.11)/83.55(83.55)]
Gen. 80 (80.00%): Max/Min/Avg Fitness(Raw) [102.92(102.62)/0.00(1.31)/83.75(83.75)]
Gen. 81 (81.00%): Max/Min/Avg Fitness(Raw) [102.86(102.62)/0.00(1.07)/84.10(84.10)]
Gen. 82 (82.00%): Max/Min/Avg Fitness(Raw) [103.32(103.04)/0.00(1.23)/84.15(84.15)]
Gen. 83 (83.00%): Max/Min/Avg Fitness(Raw) [103.32(103.04)/0.00(1.19)/83.77(83.77)]
Gen. 84 (84.00%): Max/Min/Avg Fitness(Raw) [103.72(103.48)/0.00(1.04)/83.94(83.94)]
Gen. 85 (85.00%): Max/Min/Avg Fitness(Raw) [104.27(104.03)/0.00(1.04)/84.63(84.63)]
Gen. 86 (86.00%): Max/Min/Avg Fitness(Raw) [104.43(104.15)/0.00(1.08)/83.12(83.12)]
Gen. 87 (87.00%): Max/Min/Avg Fitness(Raw) [104.43(104.15)/0.00(1.09)/83.13(83.13)]
Gen. 88 (88.00%): Max/Min/Avg Fitness(Raw) [104.73(104.46)/0.00(1.04)/83.25(83.25)]
Gen. 89 (89.00%): Max/Min/Avg Fitness(Raw) [104.89(104.62)/0.00(1.04)/83.34(83.34)]
Gen. 90 (90.00%): Max/Min/Avg Fitness(Raw) [105.35(105.07)/0.00(1.04)/83.56(83.56)]
Gen. 91 (91.00%): Max/Min/Avg Fitness(Raw) [105.35(105.07)/0.00(1.06)/83.78(83.78)]
Gen. 92 (92.00%): Max/Min/Avg Fitness(Raw) [105.46(105.12)/0.00(1.31)/83.81(83.81)]
Gen. 93 (93.00%): Max/Min/Avg Fitness(Raw) [105.40(105.12)/0.00(1.11)/84.04(84.04)]
Gen. 94 (94.00%): Max/Min/Avg Fitness(Raw) [105.42(105.15)/0.00(1.05)/84.22(84.22)]
Gen. 95 (95.00%): Max/Min/Avg Fitness(Raw) [105.51(105.23)/0.00(1.11)/84.16(84.16)]
Gen. 96 (96.00%): Max/Min/Avg Fitness(Raw) [105.51(105.23)/0.00(1.10)/84.23(84.23)]
Gen. 97 (97.00%): Max/Min/Avg Fitness(Raw) [105.50(105.23)/0.00(1.08)/84.01(84.01)]
Gen. 98 (98.00%): Max/Min/Avg Fitness(Raw) [105.52(105.25)/0.00(1.05)/84.13(84.13)]
Gen. 99 (99.00%): Max/Min/Avg Fitness(Raw) [105.55(105.25)/0.00(1.18)/84.36(84.36)]
Gen. 100 (100.00%): Max/Min/Avg Fitness(Raw) [105.89(105.62)/0.00(1.06)/84.41(84.41)]
Total time elapsed: 63513.343 seconds.
GA MSE : 0.014033
Best initial connection wetighs are set on Network
Setting FANN training parameters
Input layer                          :  70 neurons, 1 bias
  Hidden layer                       :  15 neurons, 1 bias
Output layer                         :   1 neurons
Total neurons and biases             :  88
Total connections                    :1081
Connection rate                      :   1.000
Network type                         :   FANN_NETTYPE_LAYER
Training algorithm                   :   FANN_TRAIN_RPROP
Training error function              :   FANN_ERRORFUNC_TANH
Training stop function               :   FANN_STOPFUNC_MSE
Bit fail limit                       :   0.350
Learning rate                        :   0.700
Learning momentum                    :   0.000
Quickprop decay                      :  -0.000100
Quickprop mu                         :   1.750
RPROP increase factor                :   1.001
RPROP decrease factor                :   0.500
RPROP delta min                      :   0.000
RPROP delta max                      :  50.000
Cascade output change fraction       :   0.010000
Cascade candidate change fraction    :   0.010000
Cascade output stagnation epochs     :  12
Cascade candidate stagnation epochs  :  12
Cascade max output epochs            : 150
Cascade max candidate epochs         : 150
Cascade weight multiplier            :   0.400
Cascade candidate limit              :1000.000
Cascade activation functions[0]      :   FANN_SIGMOID
Cascade activation functions[1]      :   FANN_SIGMOID_SYMMETRIC
Cascade activation functions[2]      :   FANN_GAUSSIAN
Cascade activation functions[3]      :   FANN_GAUSSIAN_SYMMETRIC
Cascade activation functions[4]      :   FANN_ELLIOT
Cascade activation functions[5]      :   FANN_ELLIOT_SYMMETRIC
Cascade activation functions[6]      :   FANN_SIN_SYMMETRIC
Cascade activation functions[7]      :   FANN_COS_SYMMETRIC
Cascade activation functions[8]      :   FANN_SIN
Cascade activation functions[9]      :   FANN_COS
Cascade activation steepnesses[0]    :   0.250
Cascade activation steepnesses[1]    :   0.500
Cascade activation steepnesses[2]    :   0.750
Cascade activation steepnesses[3]    :   1.000
Cascade candidate groups             :   2
Cascade no. of candidates            :  80
Start training network with 2-algorithm in FANN
Max epochs     8000. Desired error: 0.0010000000.
Epochs            1. Current error: 0.0094677769. Bit fail 179.
Epochs          100. Current error: 0.0120468782. Bit fail 255.
Epochs          200. Current error: 0.0112084039. Bit fail 256.
Epochs          300. Current error: 0.0105258459. Bit fail 279.
Epochs          400. Current error: 0.0100032231. Bit fail 275.
Epochs          500. Current error: 0.0095942933. Bit fail 258.
Epochs          600. Current error: 0.0092975814. Bit fail 243.
Epochs          700. Current error: 0.0090096490. Bit fail 232.
Epochs          800. Current error: 0.0086967340. Bit fail 227.
Epochs          900. Current error: 0.0084272614. Bit fail 213.
Epochs         1000. Current error: 0.0082183564. Bit fail 208.
Epochs         1100. Current error: 0.0080708312. Bit fail 202.
Epochs         1200. Current error: 0.0078717992. Bit fail 192.
Epochs         1300. Current error: 0.0077518425. Bit fail 187.
Epochs         1400. Current error: 0.0076512932. Bit fail 183.
Epochs         1500. Current error: 0.0075623272. Bit fail 182.
Epochs         1600. Current error: 0.0074862759. Bit fail 183.
Epochs         1700. Current error: 0.0073995232. Bit fail 182.
Epochs         1800. Current error: 0.0072996519. Bit fail 180.
Epochs         1900. Current error: 0.0071765580. Bit fail 178.
Epochs         2000. Current error: 0.0070816185. Bit fail 176.
Epochs         2100. Current error: 0.0069924123. Bit fail 173.
Epochs         2200. Current error: 0.0069135660. Bit fail 170.
Epochs         2300. Current error: 0.0068506096. Bit fail 168.
Epochs         2400. Current error: 0.0067973360. Bit fail 163.
Epochs         2500. Current error: 0.0067444216. Bit fail 162.
Epochs         2600. Current error: 0.0066856928. Bit fail 158.
Epochs         2700. Current error: 0.0066487044. Bit fail 157.
Epochs         2800. Current error: 0.0066172886. Bit fail 158.
Epochs         2900. Current error: 0.0065823295. Bit fail 156.
Epochs         3000. Current error: 0.0065562595. Bit fail 158.
Epochs         3100. Current error: 0.0065241167. Bit fail 157.
Epochs         3200. Current error: 0.0065019866. Bit fail 157.
Epochs         3300. Current error: 0.0064709717. Bit fail 157.
Epochs         3400. Current error: 0.0064398227. Bit fail 157.
Epochs         3500. Current error: 0.0064060297. Bit fail 157.
Epochs         3600. Current error: 0.0063661924. Bit fail 156.
Epochs         3700. Current error: 0.0063270405. Bit fail 154.
Epochs         3800. Current error: 0.0062895408. Bit fail 151.
Epochs         3900. Current error: 0.0062535009. Bit fail 150.
Epochs         4000. Current error: 0.0062513235. Bit fail 149.
Epochs         4100. Current error: 0.0062129968. Bit fail 147.
Epochs         4200. Current error: 0.0061805979. Bit fail 148.
Epochs         4300. Current error: 0.0061447076. Bit fail 146.
Epochs         4400. Current error: 0.0061078737. Bit fail 144.
Epochs         4500. Current error: 0.0060614101. Bit fail 146.
Epochs         4600. Current error: 0.0060426514. Bit fail 144.
Epochs         4700. Current error: 0.0060150782. Bit fail 142.
Epochs         4800. Current error: 0.0059895203. Bit fail 140.
Epochs         4900. Current error: 0.0059529478. Bit fail 140.
Epochs         5000. Current error: 0.0059144036. Bit fail 137.
Epochs         5100. Current error: 0.0058753388. Bit fail 135.
Epochs         5200. Current error: 0.0058472878. Bit fail 133.
Epochs         5300. Current error: 0.0058254958. Bit fail 133.
Epochs         5400. Current error: 0.0057978183. Bit fail 130.
Epochs         5500. Current error: 0.0057730791. Bit fail 128.
Epochs         5600. Current error: 0.0057554976. Bit fail 127.
Epochs         5700. Current error: 0.0057387878. Bit fail 128.
Epochs         5800. Current error: 0.0057228161. Bit fail 127.
Epochs         5900. Current error: 0.0057019535. Bit fail 124.
Epochs         6000. Current error: 0.0056820605. Bit fail 127.
Epochs         6100. Current error: 0.0056699524. Bit fail 126.
Epochs         6200. Current error: 0.0056496165. Bit fail 126.
Epochs         6300. Current error: 0.0056329155. Bit fail 124.
Epochs         6400. Current error: 0.0056135524. Bit fail 125.
Epochs         6500. Current error: 0.0055839815. Bit fail 122.
Epochs         6600. Current error: 0.0055571590. Bit fail 122.
Epochs         6700. Current error: 0.0055207070. Bit fail 117.
Epochs         6800. Current error: 0.0054953960. Bit fail 118.
Epochs         6900. Current error: 0.0054622921. Bit fail 117.
Epochs         7000. Current error: 0.0054406766. Bit fail 116.
Epochs         7100. Current error: 0.0054224944. Bit fail 116.
Epochs         7200. Current error: 0.0054042391. Bit fail 116.
Epochs         7300. Current error: 0.0053927186. Bit fail 117.
Epochs         7400. Current error: 0.0053835278. Bit fail 113.
Epochs         7500. Current error: 0.0053675212. Bit fail 115.
Epochs         7600. Current error: 0.0053561768. Bit fail 116.
Epochs         7700. Current error: 0.0053373314. Bit fail 116.
Epochs         7800. Current error: 0.0053244191. Bit fail 116.
Epochs         7900. Current error: 0.0053221704. Bit fail 115.
Epochs         8000. Current error: 0.0053126179. Bit fail 113.
Time elpased for FANN training: 657.674921 seconds
Trained Network by GA+FANN is saved in 
./ALL_S6_959126400_hveto_channels_signif_dt_set_0_training_n70n15n1_c10_mr05_p10000_g100_rmin-25_rmax25_gsigma1_y1001_z05_f05g09_m8000.net.
Total Running Time: 64171.427249 seconds
