Creating network.
The layer structure is following:
[70, 20, 1]
Setting newtork parameters
Getting training data : ALL_S6_959126400_hveto_channels_signif_dt_set_0_training.pat
Setting GA training parameters
Start running GA
Gen. 0 (0.00%): Max/Min/Avg Fitness(Raw) [26.46(58.82)/19.53(1.02)/22.05(22.05)]
Gen. 1 (0.50%): Max/Min/Avg Fitness(Raw) [23.79(58.82)/17.92(1.02)/19.83(19.83)]
Gen. 2 (1.00%): Max/Min/Avg Fitness(Raw) [23.37(58.82)/17.65(1.02)/19.48(19.48)]
Gen. 3 (1.50%): Max/Min/Avg Fitness(Raw) [23.46(58.82)/17.70(1.02)/19.55(19.55)]
Gen. 4 (2.00%): Max/Min/Avg Fitness(Raw) [23.65(58.82)/17.82(1.02)/19.71(19.71)]
Gen. 5 (2.50%): Max/Min/Avg Fitness(Raw) [23.58(58.82)/17.78(1.02)/19.65(19.65)]
Gen. 6 (3.00%): Max/Min/Avg Fitness(Raw) [23.73(58.82)/17.88(1.02)/19.78(19.78)]
Gen. 7 (3.50%): Max/Min/Avg Fitness(Raw) [22.58(58.82)/17.14(1.02)/18.82(18.82)]
Gen. 8 (4.00%): Max/Min/Avg Fitness(Raw) [24.21(60.77)/18.27(1.02)/20.17(20.17)]
Gen. 9 (4.50%): Max/Min/Avg Fitness(Raw) [14.54(60.77)/11.56(1.02)/12.11(12.11)]
Gen. 10 (5.00%): Max/Min/Avg Fitness(Raw) [15.13(60.77)/12.00(1.02)/12.61(12.61)]
Gen. 11 (5.50%): Max/Min/Avg Fitness(Raw) [14.73(64.13)/11.74(1.02)/12.28(12.28)]
Gen. 12 (6.00%): Max/Min/Avg Fitness(Raw) [15.14(64.13)/12.05(1.02)/12.62(12.62)]
Gen. 13 (6.50%): Max/Min/Avg Fitness(Raw) [15.79(64.13)/12.53(1.02)/13.16(13.16)]
Gen. 14 (7.00%): Max/Min/Avg Fitness(Raw) [15.34(64.13)/12.20(1.02)/12.78(12.78)]
Gen. 15 (7.50%): Max/Min/Avg Fitness(Raw) [14.55(64.13)/11.61(1.02)/12.13(12.13)]
Gen. 16 (8.00%): Max/Min/Avg Fitness(Raw) [15.49(64.13)/12.31(1.02)/12.91(12.91)]
Gen. 17 (8.50%): Max/Min/Avg Fitness(Raw) [14.98(64.13)/11.93(1.02)/12.48(12.48)]
Gen. 18 (9.00%): Max/Min/Avg Fitness(Raw) [15.05(64.13)/11.98(1.02)/12.54(12.54)]
Gen. 19 (9.50%): Max/Min/Avg Fitness(Raw) [15.73(64.13)/12.49(1.02)/13.11(13.11)]
Gen. 20 (10.00%): Max/Min/Avg Fitness(Raw) [15.31(65.79)/12.20(1.02)/12.76(12.76)]
Gen. 21 (10.50%): Max/Min/Avg Fitness(Raw) [13.72(65.79)/11.00(1.02)/11.44(11.44)]
Gen. 22 (11.00%): Max/Min/Avg Fitness(Raw) [14.18(65.79)/11.35(1.02)/11.82(11.82)]
Gen. 23 (11.50%): Max/Min/Avg Fitness(Raw) [14.48(65.79)/11.57(1.02)/12.06(12.06)]
Gen. 24 (12.00%): Max/Min/Avg Fitness(Raw) [13.73(65.79)/11.00(1.02)/11.44(11.44)]
Gen. 25 (12.50%): Max/Min/Avg Fitness(Raw) [13.97(65.79)/11.18(1.02)/11.64(11.64)]
Gen. 26 (13.00%): Max/Min/Avg Fitness(Raw) [15.43(65.79)/12.29(1.02)/12.86(12.86)]
Gen. 27 (13.50%): Max/Min/Avg Fitness(Raw) [14.10(65.79)/11.28(1.02)/11.75(11.75)]
Gen. 28 (14.00%): Max/Min/Avg Fitness(Raw) [14.45(65.79)/11.55(1.02)/12.04(12.04)]
Gen. 29 (14.50%): Max/Min/Avg Fitness(Raw) [14.13(65.79)/11.30(1.02)/11.77(11.77)]
Gen. 30 (15.00%): Max/Min/Avg Fitness(Raw) [13.88(65.79)/11.12(1.02)/11.56(11.56)]
Gen. 31 (15.50%): Max/Min/Avg Fitness(Raw) [13.96(65.79)/11.18(1.02)/11.64(11.64)]
Gen. 32 (16.00%): Max/Min/Avg Fitness(Raw) [13.40(65.79)/10.75(1.02)/11.17(11.17)]
Gen. 33 (16.50%): Max/Min/Avg Fitness(Raw) [13.89(65.79)/11.13(1.02)/11.58(11.58)]
Gen. 34 (17.00%): Max/Min/Avg Fitness(Raw) [13.91(65.79)/11.14(1.02)/11.59(11.59)]
Gen. 35 (17.50%): Max/Min/Avg Fitness(Raw) [14.32(65.79)/11.45(1.02)/11.94(11.94)]
Gen. 36 (18.00%): Max/Min/Avg Fitness(Raw) [14.27(65.79)/11.41(1.02)/11.89(11.89)]
Gen. 37 (18.50%): Max/Min/Avg Fitness(Raw) [14.02(65.79)/11.22(1.02)/11.68(11.68)]
Gen. 38 (19.00%): Max/Min/Avg Fitness(Raw) [13.57(65.79)/10.88(1.02)/11.31(11.31)]
Gen. 39 (19.50%): Max/Min/Avg Fitness(Raw) [14.32(65.79)/11.45(1.02)/11.94(11.94)]
Gen. 40 (20.00%): Max/Min/Avg Fitness(Raw) [14.07(65.79)/11.26(1.02)/11.72(11.72)]
Gen. 41 (20.50%): Max/Min/Avg Fitness(Raw) [13.76(65.79)/11.02(1.02)/11.46(11.46)]
Gen. 42 (21.00%): Max/Min/Avg Fitness(Raw) [14.29(65.79)/11.43(1.02)/11.91(11.91)]
Gen. 43 (21.50%): Max/Min/Avg Fitness(Raw) [14.04(65.79)/11.24(1.02)/11.70(11.70)]
Gen. 44 (22.00%): Max/Min/Avg Fitness(Raw) [14.41(65.79)/11.52(1.02)/12.01(12.01)]
Gen. 45 (22.50%): Max/Min/Avg Fitness(Raw) [14.79(65.79)/11.80(1.02)/12.32(12.32)]
Gen. 46 (23.00%): Max/Min/Avg Fitness(Raw) [14.18(65.79)/11.34(1.02)/11.82(11.82)]
Gen. 47 (23.50%): Max/Min/Avg Fitness(Raw) [13.79(65.79)/11.05(1.02)/11.49(11.49)]
Gen. 48 (24.00%): Max/Min/Avg Fitness(Raw) [13.63(65.79)/10.93(1.02)/11.36(11.36)]
Gen. 49 (24.50%): Max/Min/Avg Fitness(Raw) [13.80(65.79)/11.06(1.02)/11.50(11.50)]
Gen. 50 (25.00%): Max/Min/Avg Fitness(Raw) [14.52(65.79)/11.60(1.02)/12.10(12.10)]
Gen. 51 (25.50%): Max/Min/Avg Fitness(Raw) [13.49(65.79)/10.82(1.02)/11.24(11.24)]
Gen. 52 (26.00%): Max/Min/Avg Fitness(Raw) [14.24(65.92)/11.39(1.02)/11.87(11.87)]
Gen. 53 (26.50%): Max/Min/Avg Fitness(Raw) [23.56(65.92)/18.06(1.02)/19.64(19.64)]
Gen. 54 (27.00%): Max/Min/Avg Fitness(Raw) [23.68(65.92)/18.13(1.02)/19.73(19.73)]
Gen. 55 (27.50%): Max/Min/Avg Fitness(Raw) [23.06(65.92)/17.72(1.02)/19.22(19.22)]
Gen. 56 (28.00%): Max/Min/Avg Fitness(Raw) [24.02(65.92)/18.36(1.02)/20.02(20.02)]
Gen. 57 (28.50%): Max/Min/Avg Fitness(Raw) [23.75(65.92)/18.18(1.02)/19.79(19.79)]
Gen. 58 (29.00%): Max/Min/Avg Fitness(Raw) [23.09(65.92)/17.74(1.02)/19.24(19.24)]
Gen. 59 (29.50%): Max/Min/Avg Fitness(Raw) [23.21(65.92)/17.82(1.02)/19.34(19.34)]
Gen. 60 (30.00%): Max/Min/Avg Fitness(Raw) [24.38(65.92)/18.60(1.02)/20.32(20.32)]
Gen. 61 (30.50%): Max/Min/Avg Fitness(Raw) [23.63(66.69)/18.12(1.02)/19.69(19.69)]
Gen. 62 (31.00%): Max/Min/Avg Fitness(Raw) [17.84(66.69)/14.07(1.02)/14.86(14.86)]
Gen. 63 (31.50%): Max/Min/Avg Fitness(Raw) [17.22(66.69)/13.62(1.02)/14.35(14.35)]
Gen. 64 (32.00%): Max/Min/Avg Fitness(Raw) [16.54(68.95)/13.14(1.02)/13.78(13.78)]
Gen. 65 (32.50%): Max/Min/Avg Fitness(Raw) [16.57(71.97)/13.20(1.02)/13.81(13.81)]
Gen. 66 (33.00%): Max/Min/Avg Fitness(Raw) [20.96(71.97)/16.41(1.02)/17.46(17.46)]
Gen. 67 (33.50%): Max/Min/Avg Fitness(Raw) [21.64(73.61)/16.93(1.02)/18.03(18.03)]
Gen. 68 (34.00%): Max/Min/Avg Fitness(Raw) [18.59(73.61)/14.72(1.02)/15.49(15.49)]
Gen. 69 (34.50%): Max/Min/Avg Fitness(Raw) [18.49(73.61)/14.65(1.02)/15.41(15.41)]
Gen. 70 (35.00%): Max/Min/Avg Fitness(Raw) [17.57(73.61)/13.96(1.02)/14.64(14.64)]
Gen. 71 (35.50%): Max/Min/Avg Fitness(Raw) [17.66(73.94)/14.04(1.02)/14.72(14.72)]
Gen. 72 (36.00%): Max/Min/Avg Fitness(Raw) [19.64(74.74)/15.50(1.02)/16.36(16.36)]
Gen. 73 (36.50%): Max/Min/Avg Fitness(Raw) [27.60(74.74)/21.05(1.02)/23.00(23.00)]
Gen. 74 (37.00%): Max/Min/Avg Fitness(Raw) [26.81(74.74)/20.52(1.02)/22.34(22.34)]
Gen. 75 (37.50%): Max/Min/Avg Fitness(Raw) [27.22(75.55)/20.82(1.02)/22.68(22.68)]
Gen. 76 (38.00%): Max/Min/Avg Fitness(Raw) [19.40(75.55)/15.34(1.02)/16.17(16.17)]
Gen. 77 (38.50%): Max/Min/Avg Fitness(Raw) [18.86(75.55)/14.94(1.02)/15.72(15.72)]
Gen. 78 (39.00%): Max/Min/Avg Fitness(Raw) [20.04(75.55)/15.81(1.02)/16.70(16.70)]
Gen. 79 (39.50%): Max/Min/Avg Fitness(Raw) [18.82(75.55)/14.91(1.02)/15.68(15.68)]
Gen. 80 (40.00%): Max/Min/Avg Fitness(Raw) [19.08(75.55)/15.10(1.02)/15.90(15.90)]
Gen. 81 (40.50%): Max/Min/Avg Fitness(Raw) [18.25(75.55)/14.50(1.02)/15.21(15.21)]
Gen. 82 (41.00%): Max/Min/Avg Fitness(Raw) [19.60(75.55)/15.49(1.02)/16.33(16.33)]
Gen. 83 (41.50%): Max/Min/Avg Fitness(Raw) [20.41(75.55)/16.08(1.02)/17.01(17.01)]
Gen. 84 (42.00%): Max/Min/Avg Fitness(Raw) [19.02(75.55)/15.06(1.02)/15.85(15.85)]
Gen. 85 (42.50%): Max/Min/Avg Fitness(Raw) [19.75(75.55)/15.60(1.02)/16.46(16.46)]
Gen. 86 (43.00%): Max/Min/Avg Fitness(Raw) [19.31(75.55)/15.27(1.02)/16.09(16.09)]
Gen. 87 (43.50%): Max/Min/Avg Fitness(Raw) [19.18(75.55)/15.18(1.02)/15.98(15.98)]
Gen. 88 (44.00%): Max/Min/Avg Fitness(Raw) [20.09(75.55)/15.84(1.02)/16.74(16.74)]
Gen. 89 (44.50%): Max/Min/Avg Fitness(Raw) [19.82(75.55)/15.65(1.02)/16.52(16.52)]
Gen. 90 (45.00%): Max/Min/Avg Fitness(Raw) [19.58(75.55)/15.48(1.02)/16.32(16.32)]
Gen. 91 (45.50%): Max/Min/Avg Fitness(Raw) [17.84(75.55)/14.19(1.02)/14.86(14.86)]
Gen. 92 (46.00%): Max/Min/Avg Fitness(Raw) [18.75(75.55)/14.86(1.02)/15.62(15.62)]
Gen. 93 (46.50%): Max/Min/Avg Fitness(Raw) [19.31(75.55)/15.28(1.02)/16.09(16.09)]
Gen. 94 (47.00%): Max/Min/Avg Fitness(Raw) [19.32(75.55)/15.28(1.02)/16.10(16.10)]
Gen. 95 (47.50%): Max/Min/Avg Fitness(Raw) [19.74(76.53)/15.61(1.02)/16.45(16.45)]
Gen. 96 (48.00%): Max/Min/Avg Fitness(Raw) [18.01(76.53)/14.33(1.02)/15.01(15.01)]
Gen. 97 (48.50%): Max/Min/Avg Fitness(Raw) [20.52(76.53)/16.17(1.02)/17.10(17.10)]
Gen. 98 (49.00%): Max/Min/Avg Fitness(Raw) [20.22(76.53)/15.96(1.02)/16.85(16.85)]
Gen. 99 (49.50%): Max/Min/Avg Fitness(Raw) [19.17(76.53)/15.18(1.02)/15.97(15.97)]
Gen. 100 (50.00%): Max/Min/Avg Fitness(Raw) [19.69(76.53)/15.57(1.02)/16.41(16.41)]
Gen. 101 (50.50%): Max/Min/Avg Fitness(Raw) [18.94(76.53)/15.02(1.02)/15.79(15.79)]
Gen. 102 (51.00%): Max/Min/Avg Fitness(Raw) [18.35(76.53)/14.58(1.02)/15.29(15.29)]
Gen. 103 (51.50%): Max/Min/Avg Fitness(Raw) [19.67(76.53)/15.55(1.02)/16.39(16.39)]
Gen. 104 (52.00%): Max/Min/Avg Fitness(Raw) [19.36(76.53)/15.33(1.02)/16.14(16.14)]
Gen. 105 (52.50%): Max/Min/Avg Fitness(Raw) [17.83(76.53)/14.19(1.02)/14.85(14.85)]
Gen. 106 (53.00%): Max/Min/Avg Fitness(Raw) [19.25(76.53)/15.24(1.02)/16.04(16.04)]
Gen. 107 (53.50%): Max/Min/Avg Fitness(Raw) [18.38(76.53)/14.60(1.02)/15.31(15.31)]
Gen. 108 (54.00%): Max/Min/Avg Fitness(Raw) [18.55(76.53)/14.73(1.02)/15.46(15.46)]
Gen. 109 (54.50%): Max/Min/Avg Fitness(Raw) [19.08(76.53)/15.12(1.02)/15.90(15.90)]
Gen. 110 (55.00%): Max/Min/Avg Fitness(Raw) [18.02(76.53)/14.33(1.02)/15.01(15.01)]
Gen. 111 (55.50%): Max/Min/Avg Fitness(Raw) [18.26(76.53)/14.51(1.02)/15.22(15.22)]
Gen. 112 (56.00%): Max/Min/Avg Fitness(Raw) [17.70(76.53)/14.09(1.02)/14.75(14.75)]
Gen. 113 (56.50%): Max/Min/Avg Fitness(Raw) [18.65(76.53)/14.80(1.02)/15.54(15.54)]
Gen. 114 (57.00%): Max/Min/Avg Fitness(Raw) [18.69(76.53)/14.83(1.02)/15.57(15.57)]
Gen. 115 (57.50%): Max/Min/Avg Fitness(Raw) [18.64(76.53)/14.80(1.02)/15.53(15.53)]
Gen. 116 (58.00%): Max/Min/Avg Fitness(Raw) [19.10(76.53)/15.13(1.02)/15.91(15.91)]
Gen. 117 (58.50%): Max/Min/Avg Fitness(Raw) [18.02(77.12)/14.34(1.02)/15.02(15.02)]
Gen. 118 (59.00%): Max/Min/Avg Fitness(Raw) [16.91(77.12)/13.51(1.02)/14.09(14.09)]
Gen. 119 (59.50%): Max/Min/Avg Fitness(Raw) [17.35(80.63)/13.87(1.02)/14.46(14.46)]
Gen. 120 (60.00%): Max/Min/Avg Fitness(Raw) [19.73(81.20)/15.66(1.02)/16.45(16.45)]
Gen. 121 (60.50%): Max/Min/Avg Fitness(Raw) [18.12(81.20)/14.46(1.02)/15.10(15.10)]
Gen. 122 (61.00%): Max/Min/Avg Fitness(Raw) [18.61(81.20)/14.83(1.02)/15.51(15.51)]
Gen. 123 (61.50%): Max/Min/Avg Fitness(Raw) [18.70(81.20)/14.89(1.02)/15.58(15.58)]
Gen. 124 (62.00%): Max/Min/Avg Fitness(Raw) [19.69(81.20)/15.63(1.02)/16.41(16.41)]
Gen. 125 (62.50%): Max/Min/Avg Fitness(Raw) [17.79(81.20)/14.21(1.02)/14.82(14.82)]
Gen. 126 (63.00%): Max/Min/Avg Fitness(Raw) [17.58(81.20)/14.05(1.02)/14.65(14.65)]
Gen. 127 (63.50%): Max/Min/Avg Fitness(Raw) [17.61(81.20)/14.07(1.02)/14.67(14.67)]
Gen. 128 (64.00%): Max/Min/Avg Fitness(Raw) [18.36(81.20)/14.64(1.02)/15.30(15.30)]
Gen. 129 (64.50%): Max/Min/Avg Fitness(Raw) [18.25(81.20)/14.55(1.02)/15.21(15.21)]
Gen. 130 (65.00%): Max/Min/Avg Fitness(Raw) [18.01(81.20)/14.37(1.02)/15.01(15.01)]
Gen. 131 (65.50%): Max/Min/Avg Fitness(Raw) [18.12(81.20)/14.46(1.02)/15.10(15.10)]
Gen. 132 (66.00%): Max/Min/Avg Fitness(Raw) [16.96(81.20)/13.58(1.02)/14.14(14.14)]
Gen. 133 (66.50%): Max/Min/Avg Fitness(Raw) [17.59(81.20)/14.05(1.02)/14.65(14.65)]
Gen. 134 (67.00%): Max/Min/Avg Fitness(Raw) [17.95(81.20)/14.33(1.02)/14.96(14.96)]
Gen. 135 (67.50%): Max/Min/Avg Fitness(Raw) [18.67(81.20)/14.87(1.02)/15.56(15.56)]
Gen. 136 (68.00%): Max/Min/Avg Fitness(Raw) [19.26(81.20)/15.31(1.02)/16.05(16.05)]
Gen. 137 (68.50%): Max/Min/Avg Fitness(Raw) [17.26(81.20)/13.81(1.02)/14.39(14.39)]
Gen. 138 (69.00%): Max/Min/Avg Fitness(Raw) [18.68(81.20)/14.87(1.02)/15.56(15.56)]
Gen. 139 (69.50%): Max/Min/Avg Fitness(Raw) [17.79(81.20)/14.21(1.02)/14.82(14.82)]
Gen. 140 (70.00%): Max/Min/Avg Fitness(Raw) [18.45(81.20)/14.71(1.02)/15.38(15.38)]
Gen. 141 (70.50%): Max/Min/Avg Fitness(Raw) [18.47(81.20)/14.72(1.02)/15.39(15.39)]
Gen. 142 (71.00%): Max/Min/Avg Fitness(Raw) [19.03(81.20)/15.14(1.02)/15.86(15.86)]
Gen. 143 (71.50%): Max/Min/Avg Fitness(Raw) [18.67(81.20)/14.87(1.02)/15.56(15.56)]
Gen. 144 (72.00%): Max/Min/Avg Fitness(Raw) [18.97(81.20)/15.09(1.02)/15.81(15.81)]
Gen. 145 (72.50%): Max/Min/Avg Fitness(Raw) [17.78(81.20)/14.20(1.02)/14.82(14.82)]
Gen. 146 (73.00%): Max/Min/Avg Fitness(Raw) [18.12(81.20)/14.46(1.02)/15.10(15.10)]
Gen. 147 (73.50%): Max/Min/Avg Fitness(Raw) [18.40(81.20)/14.66(1.02)/15.33(15.33)]
Gen. 148 (74.00%): Max/Min/Avg Fitness(Raw) [19.25(81.20)/15.30(1.02)/16.04(16.04)]
Gen. 149 (74.50%): Max/Min/Avg Fitness(Raw) [18.64(81.20)/14.84(1.02)/15.53(15.53)]
Gen. 150 (75.00%): Max/Min/Avg Fitness(Raw) [18.15(81.20)/14.48(1.02)/15.13(15.13)]
Gen. 151 (75.50%): Max/Min/Avg Fitness(Raw) [18.04(81.20)/14.40(1.02)/15.04(15.04)]
Gen. 152 (76.00%): Max/Min/Avg Fitness(Raw) [18.79(81.20)/14.96(1.02)/15.66(15.66)]
Gen. 153 (76.50%): Max/Min/Avg Fitness(Raw) [17.86(81.20)/14.26(1.02)/14.89(14.89)]
Gen. 154 (77.00%): Max/Min/Avg Fitness(Raw) [18.99(81.20)/15.11(1.02)/15.82(15.82)]
Gen. 155 (77.50%): Max/Min/Avg Fitness(Raw) [18.66(81.20)/14.87(1.02)/15.55(15.55)]
Gen. 156 (78.00%): Max/Min/Avg Fitness(Raw) [18.96(81.20)/15.08(1.02)/15.80(15.80)]
Gen. 157 (78.50%): Max/Min/Avg Fitness(Raw) [16.84(81.20)/13.49(1.02)/14.03(14.03)]
Gen. 158 (79.00%): Max/Min/Avg Fitness(Raw) [19.03(81.20)/15.14(1.02)/15.86(15.86)]
Gen. 159 (79.50%): Max/Min/Avg Fitness(Raw) [18.48(81.20)/14.72(1.02)/15.40(15.40)]
Gen. 160 (80.00%): Max/Min/Avg Fitness(Raw) [18.46(81.20)/14.71(1.02)/15.39(15.39)]
Gen. 161 (80.50%): Max/Min/Avg Fitness(Raw) [18.41(81.20)/14.67(1.02)/15.34(15.34)]
Gen. 162 (81.00%): Max/Min/Avg Fitness(Raw) [17.28(81.20)/13.83(1.02)/14.40(14.40)]
Gen. 163 (81.50%): Max/Min/Avg Fitness(Raw) [18.05(81.20)/14.41(1.02)/15.04(15.04)]
Gen. 164 (82.00%): Max/Min/Avg Fitness(Raw) [18.43(81.20)/14.69(1.02)/15.36(15.36)]
Gen. 165 (82.50%): Max/Min/Avg Fitness(Raw) [18.41(81.20)/14.67(1.02)/15.34(15.34)]
Gen. 166 (83.00%): Max/Min/Avg Fitness(Raw) [17.87(81.20)/14.27(1.02)/14.89(14.89)]
Gen. 167 (83.50%): Max/Min/Avg Fitness(Raw) [18.59(81.20)/14.81(1.02)/15.49(15.49)]
Gen. 168 (84.00%): Max/Min/Avg Fitness(Raw) [18.21(81.20)/14.53(1.02)/15.18(15.18)]
Gen. 169 (84.50%): Max/Min/Avg Fitness(Raw) [18.93(81.20)/15.07(1.02)/15.78(15.78)]
Gen. 170 (85.00%): Max/Min/Avg Fitness(Raw) [18.39(81.20)/14.66(1.02)/15.32(15.32)]
Gen. 171 (85.50%): Max/Min/Avg Fitness(Raw) [17.98(81.20)/14.35(1.02)/14.98(14.98)]
Gen. 172 (86.00%): Max/Min/Avg Fitness(Raw) [19.60(81.20)/15.56(1.02)/16.33(16.33)]
Gen. 173 (86.50%): Max/Min/Avg Fitness(Raw) [18.69(81.20)/14.89(1.02)/15.58(15.58)]
Gen. 174 (87.00%): Max/Min/Avg Fitness(Raw) [17.93(81.20)/14.32(1.02)/14.95(14.95)]
Gen. 175 (87.50%): Max/Min/Avg Fitness(Raw) [18.59(81.20)/14.81(1.02)/15.49(15.49)]
Gen. 176 (88.00%): Max/Min/Avg Fitness(Raw) [19.39(81.20)/15.41(1.02)/16.16(16.16)]
Gen. 177 (88.50%): Max/Min/Avg Fitness(Raw) [18.83(81.20)/14.99(1.02)/15.69(15.69)]
Gen. 178 (89.00%): Max/Min/Avg Fitness(Raw) [18.47(81.20)/14.72(1.02)/15.39(15.39)]
Gen. 179 (89.50%): Max/Min/Avg Fitness(Raw) [17.90(81.20)/14.29(1.02)/14.91(14.91)]
Gen. 180 (90.00%): Max/Min/Avg Fitness(Raw) [18.46(81.20)/14.71(1.02)/15.39(15.39)]
Gen. 181 (90.50%): Max/Min/Avg Fitness(Raw) [18.54(81.20)/14.77(1.02)/15.45(15.45)]
Gen. 182 (91.00%): Max/Min/Avg Fitness(Raw) [17.78(81.20)/14.20(1.02)/14.82(14.82)]
Gen. 183 (91.50%): Max/Min/Avg Fitness(Raw) [18.49(81.20)/14.74(1.02)/15.41(15.41)]
Gen. 184 (92.00%):