Creating network.
The layer structure is following:
[70, 35, 1]
Setting newtork parameters
Getting training data : ALL_S6_959126400_hveto_channels_signif_dt_set_9_training.pat
Setting GA training parameters
Start running GA
Gen. 0 (0.00%): Max/Min/Avg Fitness(Raw) [24.36(60.88)/18.37(1.02)/20.30(20.30)]
Gen. 1 (0.33%): Max/Min/Avg Fitness(Raw) [64.35(63.27)/0.00(8.40)/57.01(57.01)]
Gen. 2 (0.67%): Max/Min/Avg Fitness(Raw) [65.68(65.47)/0.00(1.21)/55.81(55.81)]
Gen. 3 (1.00%): Max/Min/Avg Fitness(Raw) [67.75(67.32)/0.00(2.30)/56.96(56.96)]
Gen. 4 (1.33%): Max/Min/Avg Fitness(Raw) [69.95(69.54)/0.00(1.87)/57.36(57.36)]
Gen. 5 (1.67%): Max/Min/Avg Fitness(Raw) [72.64(72.45)/0.00(1.04)/61.03(61.03)]
Gen. 6 (2.00%): Max/Min/Avg Fitness(Raw) [77.27(76.94)/0.00(1.05)/58.80(58.80)]
Gen. 7 (2.33%): Max/Min/Avg Fitness(Raw) [79.31(79.06)/0.00(1.02)/63.96(63.96)]
Gen. 8 (2.67%): Max/Min/Avg Fitness(Raw) [81.94(81.67)/0.00(1.02)/64.60(64.60)]
Gen. 9 (3.00%): Max/Min/Avg Fitness(Raw) [84.14(83.91)/0.00(1.02)/68.47(68.47)]
Gen. 10 (3.33%): Max/Min/Avg Fitness(Raw) [84.75(84.52)/0.00(1.02)/69.32(69.32)]
Gen. 11 (3.67%): Max/Min/Avg Fitness(Raw) [84.89(84.66)/0.00(1.02)/69.16(69.16)]
Gen. 12 (4.00%): Max/Min/Avg Fitness(Raw) [85.78(85.50)/0.00(1.02)/67.18(67.18)]
Gen. 13 (4.33%): Max/Min/Avg Fitness(Raw) [87.60(87.29)/0.00(1.04)/66.97(66.97)]
Gen. 14 (4.67%): Max/Min/Avg Fitness(Raw) [88.56(88.25)/0.00(1.02)/67.72(67.72)]
Gen. 15 (5.00%): Max/Min/Avg Fitness(Raw) [91.30(91.03)/0.00(1.02)/71.83(71.83)]
Gen. 16 (5.33%): Max/Min/Avg Fitness(Raw) [91.32(91.03)/0.00(1.04)/71.30(71.30)]
Gen. 17 (5.67%): Max/Min/Avg Fitness(Raw) [91.31(91.03)/0.00(1.02)/71.30(71.30)]
Gen. 18 (6.00%): Max/Min/Avg Fitness(Raw) [91.32(91.03)/0.00(1.03)/71.19(71.19)]
Gen. 19 (6.33%): Max/Min/Avg Fitness(Raw) [91.31(91.03)/0.00(1.03)/71.29(71.29)]
Gen. 20 (6.67%): Max/Min/Avg Fitness(Raw) [91.32(91.03)/0.00(1.03)/71.15(71.15)]
Gen. 21 (7.00%): Max/Min/Avg Fitness(Raw) [92.33(92.02)/0.00(1.02)/71.10(71.10)]
Gen. 22 (7.33%): Max/Min/Avg Fitness(Raw) [92.31(92.02)/0.00(1.02)/72.08(72.08)]
Gen. 23 (7.67%): Max/Min/Avg Fitness(Raw) [92.31(92.02)/0.00(1.02)/72.07(72.07)]
Gen. 24 (8.00%): Max/Min/Avg Fitness(Raw) [93.17(92.87)/0.00(1.02)/72.22(72.22)]
Gen. 25 (8.33%): Max/Min/Avg Fitness(Raw) [94.89(94.58)/0.00(1.02)/72.55(72.55)]
Gen. 26 (8.67%): Max/Min/Avg Fitness(Raw) [96.52(96.22)/0.00(1.02)/74.85(74.85)]
Gen. 27 (9.00%): Max/Min/Avg Fitness(Raw) [97.24(96.95)/0.00(1.02)/75.87(75.87)]
Gen. 28 (9.33%): Max/Min/Avg Fitness(Raw) [97.25(96.95)/0.00(1.09)/76.68(76.68)]
Gen. 29 (9.67%): Max/Min/Avg Fitness(Raw) [97.40(97.13)/0.00(1.02)/76.78(76.78)]
Gen. 30 (10.00%): Max/Min/Avg Fitness(Raw) [97.76(97.50)/0.00(1.02)/78.24(78.24)]
Gen. 31 (10.33%): Max/Min/Avg Fitness(Raw) [98.00(97.74)/0.00(1.02)/78.07(78.07)]
Gen. 32 (10.67%): Max/Min/Avg Fitness(Raw) [98.65(98.39)/0.00(1.02)/78.69(78.69)]
Gen. 33 (11.00%): Max/Min/Avg Fitness(Raw) [98.98(98.68)/0.00(1.02)/76.62(76.62)]
Gen. 34 (11.33%): Max/Min/Avg Fitness(Raw) [99.40(99.10)/0.00(1.02)/76.88(76.88)]
Gen. 35 (11.67%): Max/Min/Avg Fitness(Raw) [100.18(99.89)/0.00(1.02)/78.11(78.11)]
Gen. 36 (12.00%): Max/Min/Avg Fitness(Raw) [101.11(100.79)/0.00(1.02)/77.00(77.00)]
Gen. 37 (12.33%): Max/Min/Avg Fitness(Raw) [101.23(100.89)/0.00(1.02)/76.38(76.38)]
Gen. 38 (12.67%): Max/Min/Avg Fitness(Raw) [101.21(100.89)/0.00(1.03)/77.58(77.58)]
Gen. 39 (13.00%): Max/Min/Avg Fitness(Raw) [101.21(100.89)/0.00(1.02)/77.55(77.55)]
Gen. 40 (13.33%): Max/Min/Avg Fitness(Raw) [101.22(100.90)/0.00(1.02)/77.34(77.34)]
Gen. 41 (13.67%): Max/Min/Avg Fitness(Raw) [101.46(101.19)/0.00(1.02)/80.19(80.19)]
Gen. 42 (14.00%): Max/Min/Avg Fitness(Raw) [101.67(101.37)/0.00(1.02)/78.77(78.77)]
Gen. 43 (14.33%): Max/Min/Avg Fitness(Raw) [101.78(101.47)/0.00(1.02)/78.00(78.00)]
Gen. 44 (14.67%): Max/Min/Avg Fitness(Raw) [101.78(101.47)/0.00(1.02)/78.13(78.13)]
Gen. 45 (15.00%): Max/Min/Avg Fitness(Raw) [101.78(101.47)/0.00(1.02)/78.08(78.08)]
Gen. 46 (15.33%): Max/Min/Avg Fitness(Raw) [102.11(101.80)/0.00(1.02)/78.53(78.53)]
Gen. 47 (15.67%): Max/Min/Avg Fitness(Raw) [103.06(102.74)/0.00(1.02)/78.75(78.75)]
Gen. 48 (16.00%): Max/Min/Avg Fitness(Raw) [103.07(102.74)/0.00(1.06)/78.56(78.56)]
Gen. 49 (16.33%): Max/Min/Avg Fitness(Raw) [103.06(102.74)/0.00(1.02)/78.67(78.67)]
Gen. 50 (16.67%): Max/Min/Avg Fitness(Raw) [103.06(102.74)/0.00(1.02)/78.45(78.45)]
Gen. 51 (17.00%): Max/Min/Avg Fitness(Raw) [103.06(102.74)/0.00(1.02)/78.69(78.69)]
Gen. 52 (17.33%): Max/Min/Avg Fitness(Raw) [103.06(102.74)/0.00(1.02)/78.54(78.54)]
Gen. 53 (17.67%): Max/Min/Avg Fitness(Raw) [103.06(102.74)/0.00(1.02)/78.62(78.62)]
Gen. 54 (18.00%): Max/Min/Avg Fitness(Raw) [103.07(102.74)/0.00(1.05)/78.37(78.37)]
Gen. 55 (18.33%): Max/Min/Avg Fitness(Raw) [103.06(102.74)/0.00(1.04)/78.68(78.68)]
Gen. 56 (18.67%): Max/Min/Avg Fitness(Raw) [103.06(102.74)/0.00(1.02)/78.58(78.58)]
Gen. 57 (19.00%): Max/Min/Avg Fitness(Raw) [103.06(102.74)/0.00(1.02)/78.83(78.83)]
Gen. 58 (19.33%): Max/Min/Avg Fitness(Raw) [103.06(102.74)/0.00(1.02)/78.56(78.56)]
Gen. 59 (19.67%): Max/Min/Avg Fitness(Raw) [103.07(102.74)/0.00(1.04)/78.43(78.43)]
Gen. 60 (20.00%): Max/Min/Avg Fitness(Raw) [103.06(102.74)/0.00(1.02)/78.40(78.40)]
Gen. 61 (20.33%): Max/Min/Avg Fitness(Raw) [103.07(102.74)/0.00(1.02)/78.36(78.36)]
Gen. 62 (20.67%): Max/Min/Avg Fitness(Raw) [103.07(102.74)/0.00(1.02)/78.23(78.23)]
Gen. 63 (21.00%): Max/Min/Avg Fitness(Raw) [103.06(102.74)/0.00(1.02)/78.57(78.57)]
Gen. 64 (21.33%): Max/Min/Avg Fitness(Raw) [103.22(102.89)/0.00(1.02)/78.43(78.43)]
Gen. 65 (21.67%): Max/Min/Avg Fitness(Raw) [103.23(102.89)/0.00(1.02)/77.63(77.63)]
Gen. 66 (22.00%): Max/Min/Avg Fitness(Raw) [103.22(102.89)/0.00(1.02)/78.15(78.15)]
Gen. 67 (22.33%): Max/Min/Avg Fitness(Raw) [103.25(102.93)/0.00(1.02)/78.18(78.18)]
Gen. 68 (22.67%): Max/Min/Avg Fitness(Raw) [103.20(102.93)/0.00(1.02)/81.07(81.07)]
Gen. 69 (23.00%): Max/Min/Avg Fitness(Raw) [103.21(102.93)/0.00(1.05)/80.96(80.96)]
Gen. 70 (23.33%): Max/Min/Avg Fitness(Raw) [103.33(103.04)/0.00(1.02)/80.40(80.40)]
Gen. 71 (23.67%): Max/Min/Avg Fitness(Raw) [103.35(103.04)/0.00(1.02)/78.99(78.99)]
Gen. 72 (24.00%): Max/Min/Avg Fitness(Raw) [103.36(103.04)/0.00(1.02)/78.84(78.84)]
Gen. 73 (24.33%): Max/Min/Avg Fitness(Raw) [103.77(103.45)/0.00(1.02)/78.93(78.93)]
Gen. 74 (24.67%): Max/Min/Avg Fitness(Raw) [103.98(103.67)/0.00(1.02)/80.06(80.06)]
Gen. 75 (25.00%): Max/Min/Avg Fitness(Raw) [104.48(104.18)/0.00(1.02)/80.79(80.79)]
Gen. 76 (25.33%): Max/Min/Avg Fitness(Raw) [104.68(104.37)/0.00(1.02)/80.29(80.29)]
Gen. 77 (25.67%): Max/Min/Avg Fitness(Raw) [105.13(104.83)/0.00(1.02)/81.42(81.42)]
Gen. 78 (26.00%): Max/Min/Avg Fitness(Raw) [105.12(104.83)/0.00(1.02)/81.85(81.85)]
Gen. 79 (26.33%): Max/Min/Avg Fitness(Raw) [105.96(105.66)/0.00(1.02)/81.56(81.56)]
Gen. 80 (26.67%): Max/Min/Avg Fitness(Raw) [105.96(105.66)/0.00(1.02)/81.98(81.98)]
Gen. 81 (27.00%): Max/Min/Avg Fitness(Raw) [106.29(105.99)/0.00(1.02)/81.92(81.92)]
Gen. 82 (27.33%): Max/Min/Avg Fitness(Raw) [106.32(105.99)/0.00(1.02)/80.42(80.42)]
Gen. 83 (27.67%): Max/Min/Avg Fitness(Raw) [106.32(105.99)/0.00(1.02)/80.35(80.35)]
Gen. 84 (28.00%): Max/Min/Avg Fitness(Raw) [106.32(105.99)/0.00(1.02)/80.19(80.19)]
Gen. 85 (28.33%): Max/Min/Avg Fitness(Raw) [106.32(105.99)/0.00(1.02)/80.25(80.25)]
Gen. 86 (28.67%): Max/Min/Avg Fitness(Raw) [106.32(105.99)/0.00(1.02)/80.29(80.29)]
Gen. 87 (29.00%): Max/Min/Avg Fitness(Raw) [106.33(105.99)/0.00(1.02)/79.82(79.82)]
Gen. 88 (29.33%): Max/Min/Avg Fitness(Raw) [106.32(105.99)/0.00(1.02)/80.36(80.36)]
Gen. 89 (29.67%): Max/Min/Avg Fitness(Raw) [106.32(105.99)/0.00(1.02)/80.25(80.25)]
Gen. 90 (30.00%): Max/Min/Avg Fitness(Raw) [106.32(105.99)/0.00(1.02)/80.07(80.07)]
Gen. 91 (30.33%): Max/Min/Avg Fitness(Raw) [106.32(105.99)/0.00(1.02)/80.25(80.25)]
Gen. 92 (30.67%): Max/Min/Avg Fitness(Raw) [106.32(105.99)/0.00(1.02)/79.95(79.95)]
Gen. 93 (31.00%): Max/Min/Avg Fitness(Raw) [106.32(105.99)/0.00(1.02)/80.15(80.15)]
Gen. 94 (31.33%): Max/Min/Avg Fitness(Raw) [106.32(105.99)/0.00(1.02)/80.34(80.34)]
Gen. 95 (31.67%): Max/Min/Avg Fitness(Raw) [106.32(105.99)/0.00(1.02)/80.24(80.24)]
Gen. 96 (32.00%): Max/Min/Avg Fitness(Raw) [106.94(106.61)/0.00(1.02)/80.39(80.39)]
Gen. 97 (32.33%): Max/Min/Avg Fitness(Raw) [106.96(106.61)/0.00(1.02)/79.56(79.56)]
Gen. 98 (32.67%): Max/Min/Avg Fitness(Raw) [106.96(106.61)/0.00(1.02)/79.68(79.68)]
Gen. 99 (33.00%): Max/Min/Avg Fitness(Raw) [106.97(106.62)/0.00(1.02)/79.68(79.68)]
Gen. 100 (33.33%): Max/Min/Avg Fitness(Raw) [107.12(106.78)/0.00(1.02)/80.32(80.32)]
Gen. 101 (33.67%): Max/Min/Avg Fitness(Raw) [107.25(106.89)/0.00(1.02)/78.97(78.97)]
Gen. 102 (34.00%): Max/Min/Avg Fitness(Raw) [107.22(106.89)/0.00(1.02)/80.88(80.88)]
Gen. 103 (34.33%): Max/Min/Avg Fitness(Raw) [107.22(106.89)/0.00(1.02)/80.86(80.86)]
Gen. 104 (34.67%): Max/Min/Avg Fitness(Raw) [107.22(106.89)/0.00(1.02)/80.89(80.89)]
Gen. 105 (35.00%): Max/Min/Avg Fitness(Raw) [107.22(106.89)/0.00(1.02)/80.94(80.94)]
Gen. 106 (35.33%): Max/Min/Avg Fitness(Raw) [107.22(106.89)/0.00(1.02)/80.87(80.87)]
Gen. 107 (35.67%): Max/Min/Avg Fitness(Raw) [107.29(106.96)/0.00(1.02)/80.77(80.77)]
Gen. 108 (36.00%): Max/Min/Avg Fitness(Raw) [107.29(106.96)/0.00(1.02)/81.17(81.17)]
Gen. 109 (36.33%): Max/Min/Avg Fitness(Raw) [108.56(108.21)/0.00(1.02)/80.78(80.78)]
Gen. 110 (36.67%): Max/Min/Avg Fitness(Raw) [109.29(108.91)/0.00(1.02)/79.50(79.50)]
Gen. 111 (37.00%): Max/Min/Avg Fitness(Raw) [109.26(108.91)/0.00(1.02)/81.02(81.02)]
Gen. 112 (37.33%): Max/Min/Avg Fitness(Raw) [109.63(109.27)/0.00(1.02)/81.31(81.31)]
Gen. 113 (37.67%): Max/Min/Avg Fitness(Raw) [109.66(109.29)/0.00(1.02)/80.57(80.57)]
Gen. 114 (38.00%): Max/Min/Avg Fitness(Raw) [109.95(109.54)/0.00(1.02)/78.42(78.42)]
Gen. 115 (38.33%): Max/Min/Avg Fitness(Raw) [109.92(109.54)/0.00(1.02)/80.08(80.08)]
Gen. 116 (38.67%): Max/Min/Avg Fitness(Raw) [109.93(109.54)/0.00(1.02)/79.36(79.36)]
Gen. 117 (39.00%): Max/Min/Avg Fitness(Raw) [109.93(109.54)/0.00(1.02)/79.84(79.84)]
Gen. 118 (39.33%): Max/Min/Avg Fitness(Raw) [109.92(109.54)/0.00(1.02)/80.07(80.07)]
Gen. 119 (39.67%): Max/Min/Avg Fitness(Raw) [109.92(109.54)/0.00(1.02)/79.95(79.95)]
Gen. 120 (40.00%): Max/Min/Avg Fitness(Raw) [109.91(109.54)/0.00(1.02)/80.65(80.65)]
Gen. 121 (40.33%): Max/Min/Avg Fitness(Raw) [109.93(109.54)/0.00(1.02)/79.69(79.69)]
Gen. 122 (40.67%): Max/Min/Avg Fitness(Raw) [109.92(109.54)/0.00(1.02)/80.01(80.01)]
Gen. 123 (41.00%): Max/Min/Avg Fitness(Raw) [109.93(109.54)/0.00(1.02)/79.80(79.80)]
Gen. 124 (41.33%): Max/Min/Avg Fitness(Raw) [109.93(109.54)/0.00(1.02)/79.63(79.63)]
Gen. 125 (41.67%): Max/Min/Avg Fitness(Raw) [109.91(109.54)/0.00(1.02)/80.61(80.61)]
Gen. 126 (42.00%): Max/Min/Avg Fitness(Raw) [109.93(109.54)/0.00(1.02)/79.80(79.80)]
Gen. 127 (42.33%): Max/Min/Avg Fitness(Raw) [109.93(109.54)/0.00(1.02)/79.80(79.80)]
Gen. 128 (42.67%): Max/Min/Avg Fitness(Raw) [109.92(109.54)/0.00(1.02)/80.12(80.12)]
Gen. 129 (43.00%): Max/Min/Avg Fitness(Raw) [109.92(109.54)/0.00(1.02)/80.45(80.45)]
Gen. 130 (43.33%): Max/Min/Avg Fitness(Raw) [109.92(109.54)/0.00(1.02)/80.43(80.43)]
Gen. 131 (43.67%): Max/Min/Avg Fitness(Raw) [109.93(109.54)/0.00(1.02)/79.41(79.41)]
Gen. 132 (44.00%): Max/Min/Avg Fitness(Raw) [109.91(109.54)/0.00(1.02)/80.50(80.50)]
Gen. 133 (44.33%): Max/Min/Avg Fitness(Raw) [109.92(109.54)/0.00(1.02)/80.27(80.27)]
Gen. 134 (44.67%): Max/Min/Avg Fitness(Raw) [109.92(109.54)/0.00(1.02)/79.95(79.95)]
Gen. 135 (45.00%): Max/Min/Avg Fitness(Raw) [109.93(109.54)/0.00(1.02)/79.47(79.47)]
Gen. 136 (45.33%): Max/Min/Avg Fitness(Raw) [109.92(109.54)/0.00(1.02)/79.95(79.95)]
Gen. 137 (45.67%): Max/Min/Avg Fitness(Raw) [109.93(109.54)/0.00(1.02)/79.78(79.78)]
Gen. 138 (46.00%): Max/Min/Avg Fitness(Raw) [109.93(109.54)/0.00(1.02)/79.75(79.75)]
Gen. 139 (46.33%): Max/Min/Avg Fitness(Raw) [109.92(109.54)/0.00(1.02)/80.19(80.19)]
Gen. 140 (46.67%): Max/Min/Avg Fitness(Raw) [109.92(109.54)/0.00(1.02)/80.35(80.35)]
Gen. 141 (47.00%): Max/Min/Avg Fitness(Raw) [109.93(109.54)/0.00(1.02)/79.62(79.62)]
Gen. 142 (47.33%): Max/Min/Avg Fitness(Raw) [109.93(109.54)/0.00(1.02)/79.89(79.89)]
Gen. 143 (47.67%): Max/Min/Avg Fitness(Raw) [109.92(109.54)/0.00(1.02)/80.21(80.21)]
Gen. 144 (48.00%): Max/Min/Avg Fitness(Raw) [109.93(109.54)/0.00(1.02)/79.66(79.66)]
Gen. 145 (48.33%): Max/Min/Avg Fitness(Raw) [109.92(109.54)/0.00(1.02)/79.95(79.95)]
Gen. 146 (48.67%): Max/Min/Avg Fitness(Raw) [109.92(109.54)/0.00(1.02)/80.00(80.00)]
Gen. 147 (49.00%): Max/Min/Avg Fitness(Raw) [109.92(109.54)/0.00(1.02)/80.15(80.15)]
Gen. 148 (49.33%): Max/Min/Avg Fitness(Raw) [110.09(109.71)/0.00(1.02)/80.10(80.10)]
Gen. 149 (49.67%): Max/Min/Avg Fitness(Raw) [110.08(109.71)/0.00(1.02)/81.07(81.07)]
Gen. 150 (50.00%): Max/Min/Avg Fitness(Raw) [110.08(109.71)/0.00(1.02)/81.21(81.21)]
Gen. 151 (50.33%): Max/Min/Avg Fitness(Raw) [110.08(109.71)/0.00(1.02)/81.01(81.01)]
Gen. 152 (50.67%): Max/Min/Avg Fitness(Raw) [110.08(109.71)/0.00(1.02)/80.76(80.76)]
Gen. 153 (51.00%): Max/Min/Avg Fitness(Raw) [110.15(109.78)/0.00(1.02)/81.01(81.01)]
Gen. 154 (51.33%): Max/Min/Avg Fitness(Raw) [110.13(109.78)/0.00(1.02)/81.94(81.94)]
Gen. 155 (51.67%): Max/Min/Avg Fitness(Raw) [110.14(109.78)/0.00(1.02)/81.55(81.55)]
Gen. 156 (52.00%): Max/Min/Avg Fitness(Raw) [110.14(109.78)/0.00(1.02)/81.62(81.62)]
Gen. 157 (52.33%): Max/Min/Avg Fitness(Raw) [110.13(109.78)/0.00(1.02)/81.78(81.78)]
Gen. 158 (52.67%): Max/Min/Avg Fitness(Raw) [110.15(109.80)/0.00(1.02)/81.77(81.77)]
Gen. 159 (53.00%): Max/Min/Avg Fitness(Raw) [110.39(110.01)/0.00(1.02)/80.54(80.54)]
Gen. 160 (53.33%): Max/Min/Avg Fitness(Raw) [110.41(110.01)/0.00(1.02)/79.33(79.33)]
Gen. 161 (53.67%): Max/Min/Avg Fitness(Raw) [110.42(110.01)/0.00(1.02)/78.99(78.99)]
Gen. 162 (54.00%): Max/Min/Avg Fitness(Raw) [111.26(110.84)/0.00(1.02)/79.30(79.30)]
Gen. 163 (54.33%): Max/Min/Avg Fitness(Raw) [111.23(110.84)/0.00(1.02)/80.79(80.79)]
Gen. 164 (54.67%): Max/Min/Avg Fitness(Raw) [111.22(110.84)/0.00(1.02)/81.05(81.05)]
Gen. 165 (55.00%): Max/Min/Avg Fitness(Raw) [111.23(110.84)/0.00(1.02)/80.97(80.97)]
Gen. 166 (55.33%): Max/Min/Avg Fitness(Raw) [111.22(110.84)/0.00(1.02)/80.99(80.99)]
Gen. 167 (55.67%): Max/Min/Avg Fitness(Raw) [111.23(110.84)/0.00(1.02)/80.93(80.93)]
Gen. 168 (56.00%): Max/Min/Avg Fitness(Raw) [111.23(110.84)/0.00(1.02)/80.94(80.94)]
Gen. 169 (56.33%): Max/Min/Avg Fitness(Raw) [111.23(110.84)/0.00(1.02)/80.91(80.91)]
Gen. 170 (56.67%): Max/Min/Avg Fitness(Raw) [111.22(110.84)/0.00(1.02)/81.25(81.25)]
Gen. 171 (57.00%): Max/Min/Avg Fitness(Raw) [111.23(110.84)/0.00(1.02)/80.88(80.88)]
Gen. 172 (57.33%): Max/Min/Avg Fitness(Raw) [111.22(110.84)/0.00(1.02)/81.12(81.12)]
Gen. 173 (57.67%): Max/Min/Avg Fitness(Raw) [111.22(110.84)/0.00(1.02)/81.10(81.10)]
Gen. 174 (58.00%): Max/Min/Avg Fitness(Raw) [111.22(110.84)/0.00(1.02)/81.23(81.23)]
Gen. 175 (58.33%): Max/Min/Avg Fitness(Raw) [111.23(110.84)/0.00(1.02)/80.88(80.88)]
Gen. 176 (58.67%): Max/Min/Avg Fitness(Raw) [111.22(110.84)/0.00(1.02)/81.44(81.44)]
Gen. 177 (59.00%): Max/Min/Avg Fitness(Raw) [111.22(110.84)/0.00(1.02)/81.34(81.34)]
Gen. 178 (59.33%): Max/Min/Avg Fitness(Raw) [111.22(110.84)/0.00(1.02)/81.12(81.12)]
Gen. 179 (59.67%): Max/Min/Avg Fitness(Raw) [111.23(110.84)/0.00(1.02)/80.89(80.89)]
Gen. 180 (60.00%): Max/Min/Avg Fitness(Raw) [111.23(110.84)/0.00(1.02)/80.69(80.69)]
Gen. 181 (60.33%): Max/Min/Avg Fitness(Raw) [111.23(110.84)/0.00(1.02)/80.90(80.90)]
Gen. 182 (60.67%): Max/Min/Avg Fitness(Raw) [111.22(110.84)/0.00(1.02)/81.35(81.35)]
Gen. 183 (61.00%): Max/Min/Avg Fitness(Raw) [111.23(110.84)/0.00(1.02)/80.62(80.62)]
Gen. 184 (61.33%): Max/Min/Avg Fitness(Raw) [111.22(110.84)/0.00(1.02)/81.11(81.11)]
Gen. 185 (61.67%): Max/Min/Avg Fitness(Raw) [111.22(110.84)/0.00(1.02)/81.40(81.40)]
Gen. 186 (62.00%): Max/Min/Avg Fitness(Raw) [111.23(110.84)/0.00(1.02)/80.83(80.83)]
Gen. 187 (62.33%): Max/Min/Avg Fitness(Raw) [111.22(110.84)/0.00(1.02)/81.25(81.25)]
Gen. 188 (62.67%): Max/Min/Avg Fitness(Raw) [111.96(111.57)/0.00(1.02)/80.98(80.98)]
Gen. 189 (63.00%): Max/Min/Avg Fitness(Raw) [111.99(111.57)/0.00(1.02)/79.57(79.57)]
Gen. 190 (63.33%): Max/Min/Avg Fitness(Raw) [111.99(111.57)/0.00(1.02)/79.59(79.59)]
Gen. 191 (63.67%): Max/Min/Avg Fitness(Raw) [111.99(111.57)/0.00(1.02)/79.47(79.47)]
Gen. 192 (64.00%): Max/Min/Avg Fitness(Raw) [111.99(111.57)/0.00(1.02)/79.38(79.38)]
Gen. 193 (64.33%): Max/Min/Avg Fitness(Raw) [111.98(111.57)/0.00(1.02)/79.75(79.75)]
Gen. 194 (64.67%): Max/Min/Avg Fitness(Raw) [111.99(111.57)/0.00(1.02)/79.55(79.55)]
Gen. 195 (65.00%): Max/Min/Avg Fitness(Raw) [111.98(111.57)/0.00(1.02)/79.81(79.81)]
Gen. 196 (65.33%): Max/Min/Avg Fitness(Raw) [111.99(111.57)/0.00(1.02)/79.34(79.34)]
Gen. 197 (65.67%): Max/Min/Avg Fitness(Raw) [111.99(111.57)/0.00(1.02)/79.59(79.59)]
Gen. 198 (66.00%): Max/Min/Avg Fitness(Raw) [111.98(111.57)/0.00(1.02)/79.80(79.80)]
Gen. 199 (66.33%): Max/Min/Avg Fitness(Raw) [111.98(111.57)/0.00(1.02)/79.85(79.85)]
Gen. 200 (66.67%): Max/Min/Avg Fitness(Raw) [111.98(111.57)/0.00(1.02)/79.82(79.82)]
Gen. 201 (67.00%): Max/Min/Avg Fitness(Raw) [111.99(111.57)/0.00(1.02)/79.23(79.23)]
Gen. 202 (67.33%): Max/Min/Avg Fitness(Raw) [111.99(111.57)/0.00(1.02)/79.67(79.67)]
Gen. 203 (67.67%): Max/Min/Avg Fitness(Raw) [112.09(111.67)/0.00(1.02)/79.49(79.49)]
Gen. 204 (68.00%): Max/Min/Avg Fitness(Raw) [112.07(111.67)/0.00(1.02)/80.21(80.21)]
Gen. 205 (68.33%): Max/Min/Avg Fitness(Raw) [112.08(111.67)/0.00(1.02)/79.99(79.99)]
Gen. 206 (68.67%): Max/Min/Avg Fitness(Raw) [112.16(111.75)/0.00(1.02)/80.17(80.17)]
Gen. 207 (69.00%): Max/Min/Avg Fitness(Raw) [112.15(111.75)/0.00(1.02)/80.61(80.61)]
Gen. 208 (69.33%): Max/Min/Avg Fitness(Raw) [112.15(111.75)/0.00(1.02)/80.66(80.66)]
Gen. 209 (69.67%): Max/Min/Avg Fitness(Raw) [112.15(111.75)/0.00(1.02)/80.75(80.75)]
Gen. 210 (70.00%): Max/Min/Avg Fitness(Raw) [112.15(111.75)/0.00(1.02)/80.76(80.76)]
Gen. 211 (70.33%): Max/Min/Avg Fitness(Raw) [112.15(111.75)/0.00(1.02)/80.62(80.62)]
Gen. 212 (70.67%): Max/Min/Avg Fitness(Raw) [112.15(111.75)/0.00(1.02)/80.86(80.86)]
Gen. 213 (71.00%): Max/Min/Avg Fitness(Raw) [112.15(111.75)/0.00(1.02)/80.43(80.43)]
Gen. 214 (71.33%): Max/Min/Avg Fitness(Raw) [112.15(111.75)/0.00(1.02)/80.74(80.74)]
Gen. 215 (71.67%): Max/Min/Avg Fitness(Raw) [112.15(111.75)/0.00(1.02)/80.59(80.59)]
Gen. 216 (72.00%): Max/Min/Avg Fitness(Raw) [112.16(111.75)/0.00(1.02)/80.22(80.22)]
Gen. 217 (72.33%):