Creating network.
The layer structure is following:
[70, 30, 1]
Setting newtork parameters
Getting training data : ALL_S6_959126400_hveto_channels_signif_dt_set_2_training.pat
Setting GA training parameters
Start running GA
Gen. 0 (0.00%): Max/Min/Avg Fitness(Raw) [25.47(58.27)/18.91(1.02)/21.22(21.22)]
Gen. 1 (5.00%): Max/Min/Avg Fitness(Raw) [24.54(58.27)/18.35(1.02)/20.45(20.45)]
Gen. 2 (10.00%): Max/Min/Avg Fitness(Raw) [23.83(58.27)/17.91(1.02)/19.86(19.86)]
Gen. 3 (15.00%): Max/Min/Avg Fitness(Raw) [23.13(58.27)/17.47(1.02)/19.27(19.27)]
Gen. 4 (20.00%): Max/Min/Avg Fitness(Raw) [22.79(58.27)/17.25(1.02)/18.99(18.99)]
Gen. 5 (25.00%): Max/Min/Avg Fitness(Raw) [23.44(58.27)/17.66(1.02)/19.53(19.53)]
Gen. 6 (30.00%): Max/Min/Avg Fitness(Raw) [23.45(58.27)/17.67(1.02)/19.54(19.54)]
Gen. 7 (35.00%): Max/Min/Avg Fitness(Raw) [22.71(58.27)/17.20(1.02)/18.92(18.92)]
Gen. 8 (40.00%): Max/Min/Avg Fitness(Raw) [23.68(58.27)/17.82(1.02)/19.74(19.74)]
Gen. 9 (45.00%): Max/Min/Avg Fitness(Raw) [22.23(58.27)/16.89(1.02)/18.52(18.52)]
Gen. 10 (50.00%): Max/Min/Avg Fitness(Raw) [24.14(58.27)/18.10(1.02)/20.12(20.12)]
Gen. 11 (55.00%): Max/Min/Avg Fitness(Raw) [23.33(58.50)/17.61(1.02)/19.44(19.44)]
Gen. 12 (60.00%): Max/Min/Avg Fitness(Raw) [21.15(64.50)/16.38(1.02)/17.63(17.63)]
Gen. 13 (65.00%): Max/Min/Avg Fitness(Raw) [18.76(64.50)/14.69(1.02)/15.63(15.63)]
Gen. 14 (70.00%): Max/Min/Avg Fitness(Raw) [18.92(64.50)/14.81(1.02)/15.76(15.76)]
Gen. 15 (75.00%): Max/Min/Avg Fitness(Raw) [17.78(64.50)/14.00(1.02)/14.82(14.82)]
Gen. 16 (80.00%): Max/Min/Avg Fitness(Raw) [18.38(64.50)/14.43(1.02)/15.32(15.32)]
Gen. 17 (85.00%): Max/Min/Avg Fitness(Raw) [19.22(64.50)/15.03(1.02)/16.02(16.02)]
Gen. 18 (90.00%): Max/Min/Avg Fitness(Raw) [18.39(64.50)/14.43(1.02)/15.32(15.32)]
Gen. 19 (95.00%): Max/Min/Avg Fitness(Raw) [18.01(64.50)/14.16(1.02)/15.01(15.01)]
Gen. 20 (100.00%): Max/Min/Avg Fitness(Raw) [19.09(64.50)/14.93(1.02)/15.91(15.91)]
Total time elapsed: 4006.517 seconds.
GA MSE : 0.967485
Best initial connection wetighs are set on Network
Setting FANN training parameters
Input layer                          :  70 neurons, 1 bias
  Hidden layer                       :  30 neurons, 1 bias
Output layer                         :   1 neurons
Total neurons and biases             : 103
Total connections                    :2161
Connection rate                      :   1.000
Network type                         :   FANN_NETTYPE_LAYER
Training algorithm                   :   FANN_TRAIN_RPROP
Training error function              :   FANN_ERRORFUNC_TANH
Training stop function               :   FANN_STOPFUNC_MSE
Bit fail limit                       :   0.350
Learning rate                        :   0.700
Learning momentum                    :   0.000
Quickprop decay                      :  -0.000100
Quickprop mu                         :   1.750
RPROP increase factor                :   1.001
RPROP decrease factor                :   0.500
RPROP delta min                      :   0.000
RPROP delta max                      :  50.000
Cascade output change fraction       :   0.010000
Cascade candidate change fraction    :   0.010000
Cascade output stagnation epochs     :  12
Cascade candidate stagnation epochs  :  12
Cascade max output epochs            : 150
Cascade max candidate epochs         : 150
Cascade weight multiplier            :   0.400
Cascade candidate limit              :1000.000
Cascade activation functions[0]      :   FANN_SIGMOID
Cascade activation functions[1]      :   FANN_SIGMOID_SYMMETRIC
Cascade activation functions[2]      :   FANN_GAUSSIAN
Cascade activation functions[3]      :   FANN_GAUSSIAN_SYMMETRIC
Cascade activation functions[4]      :   FANN_ELLIOT
Cascade activation functions[5]      :   FANN_ELLIOT_SYMMETRIC
Cascade activation functions[6]      :   FANN_SIN_SYMMETRIC
Cascade activation functions[7]      :   FANN_COS_SYMMETRIC
Cascade activation functions[8]      :   FANN_SIN
Cascade activation functions[9]      :   FANN_COS
Cascade activation steepnesses[0]    :   0.250
Cascade activation steepnesses[1]    :   0.500
Cascade activation steepnesses[2]    :   0.750
Cascade activation steepnesses[3]    :   1.000
Cascade candidate groups             :   2
Cascade no. of candidates            :  80
Start training network with 2-algorithm in FANN
Max epochs     8000. Desired error: 0.0010000000.
Epochs            1. Current error: 0.0155048799. Bit fail 271.
Epochs          100. Current error: 0.0135943899. Bit fail 243.
Epochs          200. Current error: 0.0132874744. Bit fail 238.
Epochs          300. Current error: 0.0128639312. Bit fail 232.
Epochs          400. Current error: 0.0131090302. Bit fail 236.
Epochs          500. Current error: 0.0128003415. Bit fail 232.
Epochs          600. Current error: 0.0123956259. Bit fail 226.
Epochs          700. Current error: 0.0123511180. Bit fail 227.
Epochs          800. Current error: 0.0120839179. Bit fail 226.
Epochs          900. Current error: 0.0119744195. Bit fail 227.
Epochs         1000. Current error: 0.0117923692. Bit fail 233.
Epochs         1100. Current error: 0.0114891687. Bit fail 227.
Epochs         1200. Current error: 0.0112533187. Bit fail 224.
Epochs         1300. Current error: 0.0110982172. Bit fail 228.
Epochs         1400. Current error: 0.0109241502. Bit fail 225.
Epochs         1500. Current error: 0.0108492989. Bit fail 219.
Epochs         1600. Current error: 0.0105464291. Bit fail 214.
Epochs         1700. Current error: 0.0104385829. Bit fail 210.
Epochs         1800. Current error: 0.0103544975. Bit fail 207.
Epochs         1900. Current error: 0.0102608595. Bit fail 207.
Epochs         2000. Current error: 0.0100869238. Bit fail 203.
Epochs         2100. Current error: 0.0099341776. Bit fail 199.
Epochs         2200. Current error: 0.0097719627. Bit fail 195.
Epochs         2300. Current error: 0.0096582314. Bit fail 193.
Epochs         2400. Current error: 0.0095622065. Bit fail 190.
Epochs         2500. Current error: 0.0094544590. Bit fail 188.
Epochs         2600. Current error: 0.0093627609. Bit fail 187.
Epochs         2700. Current error: 0.0092490511. Bit fail 183.
Epochs         2800. Current error: 0.0091463486. Bit fail 181.
Epochs         2900. Current error: 0.0090823248. Bit fail 182.
Epochs         3000. Current error: 0.0090758661. Bit fail 184.
Epochs         3100. Current error: 0.0090267044. Bit fail 183.
Epochs         3200. Current error: 0.0089907488. Bit fail 183.
Epochs         3300. Current error: 0.0089494707. Bit fail 181.
Epochs         3400. Current error: 0.0089448718. Bit fail 182.
Epochs         3500. Current error: 0.0089896265. Bit fail 187.
Epochs         3600. Current error: 0.0089571737. Bit fail 186.
Epochs         3700. Current error: 0.0088867070. Bit fail 183.
Epochs         3800. Current error: 0.0088302521. Bit fail 181.
Epochs         3900. Current error: 0.0087679178. Bit fail 180.
Epochs         4000. Current error: 0.0087937946. Bit fail 180.
Epochs         4100. Current error: 0.0087706139. Bit fail 179.
Epochs         4200. Current error: 0.0087705301. Bit fail 182.
Epochs         4300. Current error: 0.0087226694. Bit fail 182.
Epochs         4400. Current error: 0.0086719291. Bit fail 181.
Epochs         4500. Current error: 0.0086482540. Bit fail 180.
Epochs         4600. Current error: 0.0086092185. Bit fail 180.
Epochs         4700. Current error: 0.0085837385. Bit fail 177.
Epochs         4800. Current error: 0.0085616512. Bit fail 175.
Epochs         4900. Current error: 0.0085277660. Bit fail 175.
Epochs         5000. Current error: 0.0085329050. Bit fail 172.
Epochs         5100. Current error: 0.0085324617. Bit fail 171.
Epochs         5200. Current error: 0.0084696440. Bit fail 170.
Epochs         5300. Current error: 0.0083538899. Bit fail 169.
Epochs         5400. Current error: 0.0083402134. Bit fail 167.
Epochs         5500. Current error: 0.0083161937. Bit fail 166.
Epochs         5600. Current error: 0.0082329717. Bit fail 164.
Epochs         5700. Current error: 0.0082111889. Bit fail 162.
Epochs         5800. Current error: 0.0081904987. Bit fail 159.
Epochs         5900. Current error: 0.0081718238. Bit fail 159.
Epochs         6000. Current error: 0.0081545208. Bit fail 157.
Epochs         6100. Current error: 0.0081359735. Bit fail 157.
Epochs         6200. Current error: 0.0081141200. Bit fail 157.
Epochs         6300. Current error: 0.0080719395. Bit fail 157.
Epochs         6400. Current error: 0.0080705080. Bit fail 155.
Epochs         6500. Current error: 0.0080537889. Bit fail 155.
Epochs         6600. Current error: 0.0080899810. Bit fail 158.
Epochs         6700. Current error: 0.0079815099. Bit fail 156.
Epochs         6800. Current error: 0.0079702362. Bit fail 152.
Epochs         6900. Current error: 0.0079351384. Bit fail 151.
Epochs         7000. Current error: 0.0078886878. Bit fail 153.
Epochs         7100. Current error: 0.0078992695. Bit fail 152.
Epochs         7200. Current error: 0.0078377891. Bit fail 151.
Epochs         7300. Current error: 0.0077896011. Bit fail 150.
Epochs         7400. Current error: 0.0077643115. Bit fail 151.
Epochs         7500. Current error: 0.0077541205. Bit fail 150.
Epochs         7600. Current error: 0.0077286670. Bit fail 148.
Epochs         7700. Current error: 0.0077239336. Bit fail 148.
Epochs         7800. Current error: 0.0077019436. Bit fail 147.
Epochs         7900. Current error: 0.0076899664. Bit fail 146.
Epochs         8000. Current error: 0.0076384582. Bit fail 147.
Time elpased for FANN training: 1300.065367 seconds
Trained Network by GA+FANN is saved in 
./ALL_S6_959126400_hveto_channels_signif_dt_set_2_training_n70n30n1_c10_mr10_p1000_g20_rmin-25_rmax25_gsigma50_y1001_z05_f05g09_m8000.net.
Total Running Time: 5307.037844 seconds
