Creating network.
The layer structure is following:
[70, 8, 1]
Setting newtork parameters
Getting training data : ALL_S6_959126400_hveto_channels_signif_dt_set_4_training.pat
Setting GA training parameters
Start running GA
Gen. 0 (0.00%): Max/Min/Avg Fitness(Raw) [0.65(0.98)/0.41(0.02)/0.54(0.54)]
Gen. 1 (5.00%): Max/Min/Avg Fitness(Raw) [0.71(0.98)/0.42(0.02)/0.59(0.59)]
Gen. 2 (10.00%): Max/Min/Avg Fitness(Raw) [0.70(0.98)/0.42(0.02)/0.59(0.59)]
Gen. 3 (15.00%): Max/Min/Avg Fitness(Raw) [0.64(0.98)/0.41(0.02)/0.54(0.54)]
Gen. 4 (20.00%): Max/Min/Avg Fitness(Raw) [0.56(0.98)/0.39(0.02)/0.47(0.47)]
Gen. 5 (25.00%): Max/Min/Avg Fitness(Raw) [0.49(0.98)/0.35(0.02)/0.40(0.40)]
Gen. 6 (30.00%): Max/Min/Avg Fitness(Raw) [0.33(0.98)/0.26(0.02)/0.28(0.28)]
Gen. 7 (35.00%): Max/Min/Avg Fitness(Raw) [0.39(0.98)/0.29(0.02)/0.32(0.32)]
Gen. 8 (40.00%): Max/Min/Avg Fitness(Raw) [0.23(0.98)/0.19(0.02)/0.20(0.20)]
Gen. 9 (45.00%): Max/Min/Avg Fitness(Raw) [0.25(0.98)/0.20(0.02)/0.21(0.21)]
Gen. 10 (50.00%): Max/Min/Avg Fitness(Raw) [0.22(0.98)/0.18(0.02)/0.18(0.18)]
Gen. 11 (55.00%): Max/Min/Avg Fitness(Raw) [0.41(0.98)/0.31(0.02)/0.34(0.34)]
Gen. 12 (60.00%): Max/Min/Avg Fitness(Raw) [0.44(0.98)/0.32(0.02)/0.36(0.36)]
Gen. 13 (65.00%): Max/Min/Avg Fitness(Raw) [0.37(0.98)/0.29(0.02)/0.31(0.31)]
Gen. 14 (70.00%): Max/Min/Avg Fitness(Raw) [0.49(0.98)/0.35(0.02)/0.41(0.41)]
Gen. 15 (75.00%): Max/Min/Avg Fitness(Raw) [0.51(0.98)/0.36(0.02)/0.42(0.42)]
Gen. 16 (80.00%): Max/Min/Avg Fitness(Raw) [0.63(0.98)/0.41(0.02)/0.52(0.52)]
Gen. 17 (85.00%): Max/Min/Avg Fitness(Raw) [0.62(0.98)/0.41(0.02)/0.52(0.52)]
Gen. 18 (90.00%): Max/Min/Avg Fitness(Raw) [0.71(0.98)/0.42(0.02)/0.59(0.59)]
Gen. 19 (95.00%): Max/Min/Avg Fitness(Raw) [0.62(0.98)/0.41(0.02)/0.52(0.52)]
Gen. 20 (100.00%): Max/Min/Avg Fitness(Raw) [0.65(0.98)/0.41(0.02)/0.54(0.54)]
Total time elapsed: 353.768 seconds.
GA MSE : 0.020748
Best initial connection wetighs are set on Network
Setting FANN training parameters
Input layer                          :  70 neurons, 1 bias
  Hidden layer                       :   8 neurons, 1 bias
Output layer                         :   1 neurons
Total neurons and biases             :  81
Total connections                    : 577
Connection rate                      :   1.000
Network type                         :   FANN_NETTYPE_LAYER
Training algorithm                   :   FANN_TRAIN_RPROP
Training error function              :   FANN_ERRORFUNC_TANH
Training stop function               :   FANN_STOPFUNC_MSE
Bit fail limit                       :   0.350
Learning rate                        :   0.700
Learning momentum                    :   0.000
Quickprop decay                      :  -0.000100
Quickprop mu                         :   1.750
RPROP increase factor                :   1.001
RPROP decrease factor                :   0.500
RPROP delta min                      :   0.000
RPROP delta max                      :  50.000
Cascade output change fraction       :   0.010000
Cascade candidate change fraction    :   0.010000
Cascade output stagnation epochs     :  12
Cascade candidate stagnation epochs  :  12
Cascade max output epochs            : 150
Cascade max candidate epochs         : 150
Cascade weight multiplier            :   0.400
Cascade candidate limit              :1000.000
Cascade activation functions[0]      :   FANN_SIGMOID
Cascade activation functions[1]      :   FANN_SIGMOID_SYMMETRIC
Cascade activation functions[2]      :   FANN_GAUSSIAN
Cascade activation functions[3]      :   FANN_GAUSSIAN_SYMMETRIC
Cascade activation functions[4]      :   FANN_ELLIOT
Cascade activation functions[5]      :   FANN_ELLIOT_SYMMETRIC
Cascade activation functions[6]      :   FANN_SIN_SYMMETRIC
Cascade activation functions[7]      :   FANN_COS_SYMMETRIC
Cascade activation functions[8]      :   FANN_SIN
Cascade activation functions[9]      :   FANN_COS
Cascade activation steepnesses[0]    :   0.250
Cascade activation steepnesses[1]    :   0.500
Cascade activation steepnesses[2]    :   0.750
Cascade activation steepnesses[3]    :   1.000
Cascade candidate groups             :   2
Cascade no. of candidates            :  80
Start training network with 2-algorithm in FANN
Max epochs     8000. Desired error: 0.0010000000.
Epochs            1. Current error: 0.0151824243. Bit fail 325.
Epochs          100. Current error: 0.0164870340. Bit fail 288.
Epochs          200. Current error: 0.0158741865. Bit fail 282.
Epochs          300. Current error: 0.0150528718. Bit fail 265.
Epochs          400. Current error: 0.0144238360. Bit fail 253.
Epochs          500. Current error: 0.0142845707. Bit fail 250.
Epochs          600. Current error: 0.0141336918. Bit fail 248.
Epochs          700. Current error: 0.0139445430. Bit fail 245.
Epochs          800. Current error: 0.0132027334. Bit fail 271.
Epochs          900. Current error: 0.0130000310. Bit fail 269.
Epochs         1000. Current error: 0.0129168648. Bit fail 266.
Epochs         1100. Current error: 0.0128638698. Bit fail 263.
Epochs         1200. Current error: 0.0128111551. Bit fail 262.
Epochs         1300. Current error: 0.0126889152. Bit fail 261.
Epochs         1400. Current error: 0.0126310494. Bit fail 257.
Epochs         1500. Current error: 0.0125257000. Bit fail 256.
Epochs         1600. Current error: 0.0124322176. Bit fail 253.
Epochs         1700. Current error: 0.0123636164. Bit fail 253.
Epochs         1800. Current error: 0.0123404227. Bit fail 299.
Epochs         1900. Current error: 0.0122759892. Bit fail 298.
Epochs         2000. Current error: 0.0121757397. Bit fail 298.
Epochs         2100. Current error: 0.0121314013. Bit fail 297.
Epochs         2200. Current error: 0.0120048998. Bit fail 293.
Epochs         2300. Current error: 0.0120109934. Bit fail 291.
Epochs         2400. Current error: 0.0118361199. Bit fail 290.
Epochs         2500. Current error: 0.0117531884. Bit fail 285.
Epochs         2600. Current error: 0.0117103588. Bit fail 286.
Epochs         2700. Current error: 0.0116256261. Bit fail 283.
Epochs         2800. Current error: 0.0116312681. Bit fail 282.
Epochs         2900. Current error: 0.0116040157. Bit fail 280.
Epochs         3000. Current error: 0.0115931025. Bit fail 279.
Epochs         3100. Current error: 0.0115514575. Bit fail 279.
Epochs         3200. Current error: 0.0114813531. Bit fail 277.
Epochs         3300. Current error: 0.0114199156. Bit fail 278.
Epochs         3400. Current error: 0.0113690272. Bit fail 275.
Epochs         3500. Current error: 0.0113813924. Bit fail 276.
Epochs         3600. Current error: 0.0114050070. Bit fail 275.
Epochs         3700. Current error: 0.0114212492. Bit fail 276.
Epochs         3800. Current error: 0.0114430031. Bit fail 276.
Epochs         3900. Current error: 0.0114394622. Bit fail 276.
Epochs         4000. Current error: 0.0114414403. Bit fail 276.
Epochs         4100. Current error: 0.0114535717. Bit fail 277.
Epochs         4200. Current error: 0.0114430441. Bit fail 277.
Epochs         4300. Current error: 0.0114304060. Bit fail 247.
Epochs         4400. Current error: 0.0114592789. Bit fail 247.
Epochs         4500. Current error: 0.0114878519. Bit fail 248.
Epochs         4600. Current error: 0.0115507171. Bit fail 249.
Epochs         4700. Current error: 0.0116566392. Bit fail 252.
Epochs         4800. Current error: 0.0117121525. Bit fail 253.
Epochs         4900. Current error: 0.0117207356. Bit fail 253.
Epochs         5000. Current error: 0.0117127066. Bit fail 254.
Epochs         5100. Current error: 0.0116352513. Bit fail 254.
Epochs         5200. Current error: 0.0115673207. Bit fail 253.
Epochs         5300. Current error: 0.0115091195. Bit fail 252.
Epochs         5400. Current error: 0.0115190195. Bit fail 253.
Epochs         5500. Current error: 0.0115820048. Bit fail 252.
Epochs         5600. Current error: 0.0116016036. Bit fail 253.
Epochs         5700. Current error: 0.0116298730. Bit fail 254.
Epochs         5800. Current error: 0.0116505772. Bit fail 254.
Epochs         5900. Current error: 0.0116753643. Bit fail 255.
Epochs         6000. Current error: 0.0116499308. Bit fail 255.
Epochs         6100. Current error: 0.0115973707. Bit fail 253.
Epochs         6200. Current error: 0.0115581462. Bit fail 252.
Epochs         6300. Current error: 0.0115503697. Bit fail 253.
Epochs         6400. Current error: 0.0115364930. Bit fail 253.
Epochs         6500. Current error: 0.0115264831. Bit fail 253.
Epochs         6600. Current error: 0.0115104625. Bit fail 251.
Epochs         6700. Current error: 0.0115304794. Bit fail 251.
Epochs         6800. Current error: 0.0115246736. Bit fail 252.
Epochs         6900. Current error: 0.0115343770. Bit fail 252.
Epochs         7000. Current error: 0.0115457047. Bit fail 250.
Epochs         7100. Current error: 0.0115340473. Bit fail 251.
Epochs         7200. Current error: 0.0115438774. Bit fail 251.
Epochs         7300. Current error: 0.0115304869. Bit fail 252.
Epochs         7400. Current error: 0.0115477815. Bit fail 253.
Epochs         7500. Current error: 0.0116158342. Bit fail 252.
Epochs         7600. Current error: 0.0116812158. Bit fail 254.
Epochs         7700. Current error: 0.0117230238. Bit fail 255.
Epochs         7800. Current error: 0.0117249712. Bit fail 255.
Epochs         7900. Current error: 0.0116860876. Bit fail 254.
Epochs         8000. Current error: 0.0117030917. Bit fail 253.
Time elpased for FANN training: 282.744730 seconds
Trained Network by GA+FANN is saved in 
./ALL_S6_959126400_hveto_channels_signif_dt_set_4_training_n70n8n1_c10_mr10_p500_g20_rmin-25_rmax25_gsigma50_y1001_z05_f05g09_m8000.net.
Total Running Time: 637.073385 seconds
