Creating network.
The layer structure is following:
[70, 35, 1]
Setting newtork parameters
Getting training data : ALL_S6_959126400_hveto_channels_signif_dt_set_0_training.pat
Setting GA training parameters
Start running GA
Gen. 0 (0.00%): Max/Min/Avg Fitness(Raw) [25.17(62.80)/18.98(1.02)/20.98(20.98)]
Gen. 1 (0.33%): Max/Min/Avg Fitness(Raw) [74.69(74.31)/0.00(1.02)/54.46(54.46)]
Gen. 2 (0.67%): Max/Min/Avg Fitness(Raw) [77.03(76.72)/0.00(1.04)/59.16(59.16)]
Gen. 3 (1.00%): Max/Min/Avg Fitness(Raw) [78.26(77.96)/0.00(1.03)/60.85(60.85)]
Gen. 4 (1.33%): Max/Min/Avg Fitness(Raw) [81.08(80.78)/0.00(1.04)/62.77(62.77)]
Gen. 5 (1.67%): Max/Min/Avg Fitness(Raw) [82.19(81.90)/0.00(1.02)/64.11(64.11)]
Gen. 6 (2.00%): Max/Min/Avg Fitness(Raw) [82.79(82.51)/0.00(1.03)/64.77(64.77)]
Gen. 7 (2.33%): Max/Min/Avg Fitness(Raw) [84.76(84.41)/0.00(1.02)/63.42(63.42)]
Gen. 8 (2.67%): Max/Min/Avg Fitness(Raw) [85.32(85.01)/0.00(1.03)/65.36(65.36)]
Gen. 9 (3.00%): Max/Min/Avg Fitness(Raw) [85.95(85.67)/0.00(1.04)/68.12(68.12)]
Gen. 10 (3.33%): Max/Min/Avg Fitness(Raw) [86.30(85.99)/0.00(1.04)/66.68(66.68)]
Gen. 11 (3.67%): Max/Min/Avg Fitness(Raw) [86.32(86.00)/0.00(1.11)/66.98(66.98)]
Gen. 12 (4.00%): Max/Min/Avg Fitness(Raw) [88.82(88.52)/0.00(1.12)/69.93(69.93)]
Gen. 13 (4.33%): Max/Min/Avg Fitness(Raw) [89.12(88.81)/0.00(1.09)/69.41(69.41)]
Gen. 14 (4.67%): Max/Min/Avg Fitness(Raw) [89.63(89.30)/0.00(1.10)/69.17(69.17)]
Gen. 15 (5.00%): Max/Min/Avg Fitness(Raw) [90.04(89.78)/0.00(1.05)/71.99(71.99)]
Gen. 16 (5.33%): Max/Min/Avg Fitness(Raw) [91.46(91.15)/0.00(1.06)/70.71(70.71)]
Gen. 17 (5.67%): Max/Min/Avg Fitness(Raw) [92.88(92.57)/0.00(1.10)/72.30(72.30)]
Gen. 18 (6.00%): Max/Min/Avg Fitness(Raw) [93.69(93.39)/0.00(1.02)/72.33(72.33)]
Gen. 19 (6.33%): Max/Min/Avg Fitness(Raw) [94.69(94.38)/0.00(1.09)/73.44(73.44)]
Gen. 20 (6.67%): Max/Min/Avg Fitness(Raw) [95.88(95.58)/0.00(1.02)/73.90(73.90)]
Gen. 21 (7.00%): Max/Min/Avg Fitness(Raw) [95.89(95.58)/0.00(1.03)/73.28(73.28)]
Gen. 22 (7.33%): Max/Min/Avg Fitness(Raw) [95.89(95.58)/0.00(1.02)/73.22(73.22)]
Gen. 23 (7.67%): Max/Min/Avg Fitness(Raw) [95.91(95.58)/0.00(1.11)/73.46(73.46)]
Gen. 24 (8.00%): Max/Min/Avg Fitness(Raw) [95.91(95.59)/0.00(1.02)/73.42(73.42)]
Gen. 25 (8.33%): Max/Min/Avg Fitness(Raw) [96.04(95.72)/0.00(1.02)/73.24(73.24)]
Gen. 26 (8.67%): Max/Min/Avg Fitness(Raw) [96.31(96.02)/0.00(1.02)/74.61(74.61)]
Gen. 27 (9.00%): Max/Min/Avg Fitness(Raw) [96.89(96.62)/0.00(1.02)/76.52(76.52)]
Gen. 28 (9.33%): Max/Min/Avg Fitness(Raw) [97.20(96.92)/0.00(1.09)/76.97(76.97)]
Gen. 29 (9.67%): Max/Min/Avg Fitness(Raw) [97.55(97.27)/0.00(1.02)/76.23(76.23)]
Gen. 30 (10.00%): Max/Min/Avg Fitness(Raw) [97.57(97.27)/0.00(1.03)/75.49(75.49)]
Gen. 31 (10.33%): Max/Min/Avg Fitness(Raw) [97.57(97.27)/0.00(1.02)/75.44(75.44)]
Gen. 32 (10.67%): Max/Min/Avg Fitness(Raw) [97.57(97.27)/0.00(1.02)/75.32(75.32)]
Gen. 33 (11.00%): Max/Min/Avg Fitness(Raw) [97.57(97.27)/0.00(1.02)/75.45(75.45)]
Gen. 34 (11.33%): Max/Min/Avg Fitness(Raw) [97.57(97.27)/0.00(1.02)/75.16(75.16)]
Gen. 35 (11.67%): Max/Min/Avg Fitness(Raw) [97.57(97.27)/0.00(1.03)/75.64(75.64)]
Gen. 36 (12.00%): Max/Min/Avg Fitness(Raw) [97.65(97.34)/0.00(1.02)/75.19(75.19)]
Gen. 37 (12.33%): Max/Min/Avg Fitness(Raw) [98.49(98.15)/0.00(1.02)/73.92(73.92)]
Gen. 38 (12.67%): Max/Min/Avg Fitness(Raw) [98.72(98.40)/0.00(1.02)/75.63(75.63)]
Gen. 39 (13.00%): Max/Min/Avg Fitness(Raw) [99.75(99.38)/0.00(1.02)/73.73(73.73)]
Gen. 40 (13.33%): Max/Min/Avg Fitness(Raw) [100.65(100.28)/0.00(1.02)/74.09(74.09)]
Gen. 41 (13.67%): Max/Min/Avg Fitness(Raw) [100.94(100.60)/0.00(1.02)/75.48(75.48)]
Gen. 42 (14.00%): Max/Min/Avg Fitness(Raw) [102.67(102.26)/0.00(1.02)/73.62(73.62)]
Gen. 43 (14.33%): Max/Min/Avg Fitness(Raw) [102.62(102.26)/0.00(1.02)/75.89(75.89)]
Gen. 44 (14.67%): Max/Min/Avg Fitness(Raw) [103.20(102.83)/0.00(1.02)/75.95(75.95)]
Gen. 45 (15.00%): Max/Min/Avg Fitness(Raw) [103.19(102.83)/0.00(1.03)/76.25(76.25)]
Gen. 46 (15.33%): Max/Min/Avg Fitness(Raw) [103.52(103.15)/0.00(1.02)/76.46(76.46)]
Gen. 47 (15.67%): Max/Min/Avg Fitness(Raw) [104.63(104.23)/0.00(1.02)/75.07(75.07)]
Gen. 48 (16.00%): Max/Min/Avg Fitness(Raw) [104.76(104.40)/0.00(1.02)/77.94(77.94)]
Gen. 49 (16.33%): Max/Min/Avg Fitness(Raw) [104.78(104.40)/0.00(1.02)/76.41(76.41)]
Gen. 50 (16.67%): Max/Min/Avg Fitness(Raw) [104.80(104.40)/0.00(1.02)/75.78(75.78)]
Gen. 51 (17.00%): Max/Min/Avg Fitness(Raw) [106.13(105.73)/0.00(1.02)/76.25(76.25)]
Gen. 52 (17.33%): Max/Min/Avg Fitness(Raw) [106.80(106.41)/0.00(1.02)/77.16(77.16)]
Gen. 53 (17.67%): Max/Min/Avg Fitness(Raw) [106.77(106.41)/0.00(1.02)/78.73(78.73)]
Gen. 54 (18.00%): Max/Min/Avg Fitness(Raw) [106.78(106.41)/0.00(1.03)/78.13(78.13)]
Gen. 55 (18.33%): Max/Min/Avg Fitness(Raw) [106.77(106.41)/0.00(1.02)/78.64(78.64)]
Gen. 56 (18.67%): Max/Min/Avg Fitness(Raw) [106.77(106.41)/0.00(1.02)/78.66(78.66)]
Gen. 57 (19.00%): Max/Min/Avg Fitness(Raw) [106.77(106.41)/0.00(1.02)/78.55(78.55)]
Gen. 58 (19.33%): Max/Min/Avg Fitness(Raw) [106.78(106.41)/0.00(1.02)/78.23(78.23)]
Gen. 59 (19.67%): Max/Min/Avg Fitness(Raw) [106.77(106.41)/0.00(1.02)/78.76(78.76)]
Gen. 60 (20.00%): Max/Min/Avg Fitness(Raw) [106.78(106.41)/0.00(1.03)/78.51(78.51)]
Gen. 61 (20.33%): Max/Min/Avg Fitness(Raw) [106.78(106.41)/0.00(1.03)/78.37(78.37)]
Gen. 62 (20.67%): Max/Min/Avg Fitness(Raw) [106.78(106.41)/0.00(1.02)/78.33(78.33)]
Gen. 63 (21.00%): Max/Min/Avg Fitness(Raw) [106.77(106.41)/0.00(1.02)/78.62(78.62)]
Gen. 64 (21.33%): Max/Min/Avg Fitness(Raw) [106.77(106.41)/0.00(1.02)/78.53(78.53)]
Gen. 65 (21.67%): Max/Min/Avg Fitness(Raw) [106.77(106.41)/0.00(1.02)/78.57(78.57)]
Gen. 66 (22.00%): Max/Min/Avg Fitness(Raw) [106.78(106.41)/0.00(1.04)/78.48(78.48)]
Gen. 67 (22.33%): Max/Min/Avg Fitness(Raw) [106.78(106.41)/0.00(1.02)/78.47(78.47)]
Gen. 68 (22.67%): Max/Min/Avg Fitness(Raw) [106.78(106.41)/0.00(1.04)/78.59(78.59)]
Gen. 69 (23.00%): Max/Min/Avg Fitness(Raw) [106.77(106.41)/0.00(1.02)/78.56(78.56)]
Gen. 70 (23.33%): Max/Min/Avg Fitness(Raw) [106.79(106.41)/0.00(1.06)/78.32(78.32)]
Gen. 71 (23.67%): Max/Min/Avg Fitness(Raw) [106.78(106.41)/0.00(1.02)/78.32(78.32)]
Gen. 72 (24.00%): Max/Min/Avg Fitness(Raw) [106.78(106.41)/0.00(1.02)/78.41(78.41)]
Gen. 73 (24.33%): Max/Min/Avg Fitness(Raw) [106.78(106.41)/0.00(1.02)/78.14(78.14)]
Gen. 74 (24.67%): Max/Min/Avg Fitness(Raw) [106.78(106.41)/0.00(1.04)/78.54(78.54)]
Gen. 75 (25.00%): Max/Min/Avg Fitness(Raw) [106.78(106.41)/0.00(1.02)/78.42(78.42)]
Gen. 76 (25.33%): Max/Min/Avg Fitness(Raw) [106.77(106.41)/0.00(1.02)/78.51(78.51)]
Gen. 77 (25.67%): Max/Min/Avg Fitness(Raw) [106.77(106.41)/0.00(1.02)/78.86(78.86)]
Gen. 78 (26.00%): Max/Min/Avg Fitness(Raw) [106.77(106.41)/0.00(1.02)/78.74(78.74)]
Gen. 79 (26.33%): Max/Min/Avg Fitness(Raw) [106.77(106.41)/0.00(1.02)/78.55(78.55)]
Gen. 80 (26.67%): Max/Min/Avg Fitness(Raw) [106.77(106.41)/0.00(1.02)/78.74(78.74)]
Gen. 81 (27.00%): Max/Min/Avg Fitness(Raw) [106.77(106.41)/0.00(1.02)/78.77(78.77)]
Gen. 82 (27.33%): Max/Min/Avg Fitness(Raw) [106.77(106.41)/0.00(1.02)/78.60(78.60)]
Gen. 83 (27.67%): Max/Min/Avg Fitness(Raw) [106.78(106.41)/0.00(1.02)/78.36(78.36)]
Gen. 84 (28.00%): Max/Min/Avg Fitness(Raw) [106.78(106.41)/0.00(1.02)/78.39(78.39)]
Gen. 85 (28.33%): Max/Min/Avg Fitness(Raw) [106.77(106.41)/0.00(1.02)/78.54(78.54)]
Gen. 86 (28.67%): Max/Min/Avg Fitness(Raw) [106.78(106.41)/0.00(1.03)/78.48(78.48)]
Gen. 87 (29.00%): Max/Min/Avg Fitness(Raw) [106.78(106.41)/0.00(1.02)/78.31(78.31)]
Gen. 88 (29.33%): Max/Min/Avg Fitness(Raw) [106.77(106.41)/0.00(1.02)/78.48(78.48)]
Gen. 89 (29.67%): Max/Min/Avg Fitness(Raw) [106.78(106.41)/0.00(1.02)/78.05(78.05)]
Gen. 90 (30.00%): Max/Min/Avg Fitness(Raw) [106.78(106.41)/0.00(1.02)/78.40(78.40)]
Gen. 91 (30.33%): Max/Min/Avg Fitness(Raw) [106.97(106.59)/0.00(1.03)/78.35(78.35)]
Gen. 92 (30.67%): Max/Min/Avg Fitness(Raw) [107.38(106.98)/0.00(1.02)/77.17(77.17)]
Gen. 93 (31.00%): Max/Min/Avg Fitness(Raw) [107.36(106.98)/0.00(1.02)/78.40(78.40)]
Gen. 94 (31.33%): Max/Min/Avg Fitness(Raw) [107.36(106.98)/0.00(1.02)/78.46(78.46)]
Gen. 95 (31.67%): Max/Min/Avg Fitness(Raw) [107.36(106.98)/0.00(1.03)/78.48(78.48)]
Gen. 96 (32.00%): Max/Min/Avg Fitness(Raw) [107.37(106.99)/0.00(1.02)/78.63(78.63)]
Gen. 97 (32.33%): Max/Min/Avg Fitness(Raw) [107.36(106.99)/0.00(1.02)/78.66(78.66)]
Gen. 98 (32.67%): Max/Min/Avg Fitness(Raw) [107.36(106.99)/0.00(1.02)/78.70(78.70)]
Gen. 99 (33.00%): Max/Min/Avg Fitness(Raw) [107.37(106.99)/0.00(1.02)/78.14(78.14)]
Gen. 100 (33.33%): Max/Min/Avg Fitness(Raw) [107.37(106.99)/0.00(1.02)/78.50(78.50)]
Gen. 101 (33.67%): Max/Min/Avg Fitness(Raw) [107.36(106.99)/0.00(1.02)/78.80(78.80)]
Gen. 102 (34.00%): Max/Min/Avg Fitness(Raw) [107.37(106.99)/0.00(1.03)/78.64(78.64)]
Gen. 103 (34.33%): Max/Min/Avg Fitness(Raw) [107.36(106.99)/0.00(1.02)/78.73(78.73)]
Gen. 104 (34.67%): Max/Min/Avg Fitness(Raw) [107.37(106.99)/0.00(1.03)/78.58(78.58)]
Gen. 105 (35.00%): Max/Min/Avg Fitness(Raw) [107.38(106.99)/0.00(1.02)/78.02(78.02)]
Gen. 106 (35.33%): Max/Min/Avg Fitness(Raw) [107.37(106.99)/0.00(1.02)/78.52(78.52)]
Gen. 107 (35.67%): Max/Min/Avg Fitness(Raw) [107.37(106.99)/0.00(1.03)/78.23(78.23)]
Gen. 108 (36.00%): Max/Min/Avg Fitness(Raw) [107.39(106.99)/0.00(1.07)/78.44(78.44)]
Gen. 109 (36.33%): Max/Min/Avg Fitness(Raw) [107.93(107.55)/0.00(1.02)/78.50(78.50)]
Gen. 110 (36.67%): Max/Min/Avg Fitness(Raw) [107.93(107.55)/0.00(1.02)/78.25(78.25)]
Gen. 111 (37.00%): Max/Min/Avg Fitness(Raw) [107.93(107.55)/0.00(1.02)/78.23(78.23)]
Gen. 112 (37.33%): Max/Min/Avg Fitness(Raw) [107.94(107.55)/0.00(1.02)/78.09(78.09)]
Gen. 113 (37.67%): Max/Min/Avg Fitness(Raw) [107.94(107.55)/0.00(1.02)/77.92(77.92)]
Gen. 114 (38.00%): Max/Min/Avg Fitness(Raw) [107.94(107.55)/0.00(1.02)/78.01(78.01)]
Gen. 115 (38.33%): Max/Min/Avg Fitness(Raw) [108.05(107.65)/0.00(1.02)/78.02(78.02)]
Gen. 116 (38.67%): Max/Min/Avg Fitness(Raw) [108.06(107.65)/0.00(1.03)/77.29(77.29)]
Gen. 117 (39.00%): Max/Min/Avg Fitness(Raw) [108.06(107.65)/0.00(1.02)/77.64(77.64)]
Gen. 118 (39.33%): Max/Min/Avg Fitness(Raw) [108.06(107.65)/0.00(1.02)/77.50(77.50)]
Gen. 119 (39.67%): Max/Min/Avg Fitness(Raw) [108.06(107.65)/0.00(1.02)/77.63(77.63)]
Gen. 120 (40.00%): Max/Min/Avg Fitness(Raw) [108.06(107.65)/0.00(1.02)/77.21(77.21)]
Gen. 121 (40.33%): Max/Min/Avg Fitness(Raw) [108.06(107.65)/0.00(1.02)/77.41(77.41)]
Gen. 122 (40.67%): Max/Min/Avg Fitness(Raw) [108.06(107.66)/0.00(1.02)/77.43(77.43)]
Gen. 123 (41.00%): Max/Min/Avg Fitness(Raw) [108.08(107.66)/0.00(1.03)/76.66(76.66)]
Gen. 124 (41.33%): Max/Min/Avg Fitness(Raw) [108.07(107.66)/0.00(1.02)/76.88(76.88)]
Gen. 125 (41.67%): Max/Min/Avg Fitness(Raw) [108.07(107.66)/0.00(1.02)/76.89(76.89)]
Gen. 126 (42.00%): Max/Min/Avg Fitness(Raw) [108.07(107.66)/0.00(1.02)/77.11(77.11)]
Gen. 127 (42.33%): Max/Min/Avg Fitness(Raw) [108.07(107.66)/0.00(1.02)/76.87(76.87)]
Gen. 128 (42.67%): Max/Min/Avg Fitness(Raw) [108.08(107.66)/0.00(1.02)/76.67(76.67)]
Gen. 129 (43.00%): Max/Min/Avg Fitness(Raw) [108.07(107.66)/0.00(1.02)/76.87(76.87)]
Gen. 130 (43.33%): Max/Min/Avg Fitness(Raw) [92.00(108.41)/40.13(1.02)/76.67(76.67)]
Gen. 131 (43.67%): Max/Min/Avg Fitness(Raw) [108.82(108.41)/0.00(1.02)/77.54(77.54)]
Gen. 132 (44.00%): Max/Min/Avg Fitness(Raw) [108.99(108.57)/0.00(1.02)/77.42(77.42)]
Gen. 133 (44.33%): Max/Min/Avg Fitness(Raw) [108.97(108.57)/0.00(1.02)/78.35(78.35)]
Gen. 134 (44.67%): Max/Min/Avg Fitness(Raw) [108.97(108.57)/0.00(1.02)/78.42(78.42)]
Gen. 135 (45.00%): Max/Min/Avg Fitness(Raw) [108.97(108.57)/0.00(1.02)/78.17(78.17)]
Gen. 136 (45.33%): Max/Min/Avg Fitness(Raw) [108.97(108.57)/0.00(1.02)/78.22(78.22)]
Gen. 137 (45.67%): Max/Min/Avg Fitness(Raw) [108.97(108.57)/0.00(1.02)/78.38(78.38)]
Gen. 138 (46.00%): Max/Min/Avg Fitness(Raw) [108.97(108.57)/0.00(1.02)/78.15(78.15)]
Gen. 139 (46.33%): Max/Min/Avg Fitness(Raw) [108.97(108.57)/0.00(1.02)/78.38(78.38)]
Gen. 140 (46.67%): Max/Min/Avg Fitness(Raw) [108.97(108.57)/0.00(1.03)/78.34(78.34)]
Gen. 141 (47.00%): Max/Min/Avg Fitness(Raw) [108.97(108.57)/0.00(1.02)/78.33(78.33)]
Gen. 142 (47.33%): Max/Min/Avg Fitness(Raw) [108.98(108.57)/0.00(1.02)/77.93(77.93)]
Gen. 143 (47.67%): Max/Min/Avg Fitness(Raw) [108.97(108.57)/0.00(1.02)/78.26(78.26)]
Gen. 144 (48.00%): Max/Min/Avg Fitness(Raw) [108.98(108.57)/0.00(1.02)/77.76(77.76)]
Gen. 145 (48.33%): Max/Min/Avg Fitness(Raw) [108.97(108.57)/0.00(1.02)/78.17(78.17)]
Gen. 146 (48.67%): Max/Min/Avg Fitness(Raw) [108.97(108.57)/0.00(1.02)/78.13(78.13)]
Gen. 147 (49.00%): Max/Min/Avg Fitness(Raw) [108.97(108.57)/0.00(1.02)/78.16(78.16)]
Gen. 148 (49.33%): Max/Min/Avg Fitness(Raw) [108.98(108.57)/0.00(1.02)/78.08(78.08)]
Gen. 149 (49.67%): Max/Min/Avg Fitness(Raw) [109.06(108.65)/0.00(1.02)/78.16(78.16)]
Gen. 150 (50.00%): Max/Min/Avg Fitness(Raw) [109.08(108.65)/0.00(1.02)/77.32(77.32)]
Gen. 151 (50.33%): Max/Min/Avg Fitness(Raw) [92.30(108.65)/40.14(1.02)/76.91(76.91)]
Gen. 152 (50.67%): Max/Min/Avg Fitness(Raw) [109.07(108.65)/0.00(1.02)/77.41(77.41)]
Gen. 153 (51.00%): Max/Min/Avg Fitness(Raw) [92.26(108.65)/40.17(1.02)/76.88(76.88)]
Gen. 154 (51.33%): Max/Min/Avg Fitness(Raw) [109.08(108.65)/0.00(1.03)/77.40(77.40)]
Gen. 155 (51.67%): Max/Min/Avg Fitness(Raw) [92.24(108.65)/40.19(1.02)/76.87(76.87)]
Gen. 156 (52.00%): Max/Min/Avg Fitness(Raw) [109.06(108.65)/0.00(1.02)/77.88(77.88)]
Gen. 157 (52.33%): Max/Min/Avg Fitness(Raw) [109.08(108.65)/0.00(1.02)/77.26(77.26)]
Gen. 158 (52.67%): Max/Min/Avg Fitness(Raw) [109.18(108.76)/0.00(1.02)/77.63(77.63)]
Gen. 159 (53.00%): Max/Min/Avg Fitness(Raw) [92.77(109.25)/40.39(1.02)/77.31(77.31)]
Gen. 160 (53.33%): Max/Min/Avg Fitness(Raw) [109.67(109.25)/0.00(1.02)/77.96(77.96)]
Gen. 161 (53.67%): Max/Min/Avg Fitness(Raw) [109.67(109.25)/0.00(1.02)/78.05(78.05)]
Gen. 162 (54.00%): Max/Min/Avg Fitness(Raw) [109.67(109.25)/0.00(1.02)/77.81(77.81)]
Gen. 163 (54.33%): Max/Min/Avg Fitness(Raw) [109.67(109.25)/0.00(1.02)/77.86(77.86)]
Gen. 164 (54.67%): Max/Min/Avg Fitness(Raw) [109.67(109.25)/0.00(1.02)/77.99(77.99)]
Gen. 165 (55.00%): Max/Min/Avg Fitness(Raw) [109.67(109.25)/0.00(1.02)/77.81(77.81)]
Gen. 166 (55.33%): Max/Min/Avg Fitness(Raw) [92.92(109.25)/40.25(1.02)/77.43(77.43)]
Gen. 167 (55.67%): Max/Min/Avg Fitness(Raw) [109.67(109.25)/0.00(1.02)/77.96(77.96)]
Gen. 168 (56.00%): Max/Min/Avg Fitness(Raw) [109.66(109.25)/0.00(1.02)/78.38(78.38)]
Gen. 169 (56.33%): Max/Min/Avg Fitness(Raw) [109.67(109.25)/0.00(1.02)/78.03(78.03)]
Gen. 170 (56.67%): Max/Min/Avg Fitness(Raw) [109.67(109.25)/0.00(1.02)/77.76(77.76)]
Gen. 171 (57.00%): Max/Min/Avg Fitness(Raw) [109.67(109.25)/0.00(1.02)/78.02(78.02)]
Gen. 172 (57.33%): Max/Min/Avg Fitness(Raw) [109.68(109.25)/0.00(1.02)/77.66(77.66)]
Gen. 173 (57.67%): Max/Min/Avg Fitness(Raw) [109.67(109.25)/0.00(1.02)/77.90(77.90)]
Gen. 174 (58.00%): Max/Min/Avg Fitness(Raw) [93.13(109.35)/40.16(1.02)/77.61(77.61)]
Gen. 175 (58.33%): Max/Min/Avg Fitness(Raw) [109.78(109.35)/0.00(1.02)/77.67(77.67)]
Gen. 176 (58.67%): Max/Min/Avg Fitness(Raw) [92.99(109.35)/40.29(1.02)/77.50(77.50)]
Gen. 177 (59.00%): Max/Min/Avg Fitness(Raw) [93.13(109.50)/40.34(1.02)/77.61(77.61)]
Gen. 178 (59.33%): Max/Min/Avg Fitness(Raw) [109.89(109.50)/0.00(1.02)/79.45(79.45)]
Gen. 179 (59.67%): Max/Min/Avg Fitness(Raw) [109.89(109.50)/0.00(1.02)/79.32(79.32)]
Gen. 180 (60.00%): Max/Min/Avg Fitness(Raw) [109.89(109.50)/0.00(1.02)/79.47(79.47)]
Gen. 181 (60.33%): Max/Min/Avg Fitness(Raw) [110.31(109.91)/0.00(1.02)/79.28(79.28)]
Gen. 182 (60.67%): Max/Min/Avg Fitness(Raw) [110.32(109.91)/0.00(1.02)/78.96(78.96)]
Gen. 183 (61.00%): Max/Min/Avg Fitness(Raw) [110.32(109.91)/0.00(1.02)/78.87(78.87)]
Gen. 184 (61.33%): Max/Min/Avg Fitness(Raw) [110.32(109.91)/0.00(1.02)/78.81(78.81)]
Gen. 185 (61.67%): Max/Min/Avg Fitness(Raw) [94.13(110.72)/40.82(1.02)/78.44(78.44)]
Gen. 186 (62.00%): Max/Min/Avg Fitness(Raw) [111.22(110.80)/0.00(1.02)/79.35(79.35)]
Gen. 187 (62.33%): Max/Min/Avg Fitness(Raw) [111.21(110.80)/0.00(1.02)/79.92(79.92)]
Gen. 188 (62.67%): Max/Min/Avg Fitness(Raw) [111.20(110.80)/0.00(1.02)/80.46(80.46)]
Gen. 189 (63.00%): Max/Min/Avg Fitness(Raw) [111.20(110.80)/0.00(1.02)/79.97(79.97)]
Gen. 190 (63.33%): Max/Min/Avg Fitness(Raw) [111.20(110.80)/0.00(1.02)/80.12(80.12)]
Gen. 191 (63.67%): Max/Min/Avg Fitness(Raw) [111.21(110.80)/0.00(1.02)/79.85(79.85)]
Gen. 192 (64.00%): Max/Min/Avg Fitness(Raw) [111.20(110.80)/0.00(1.02)/80.00(80.00)]
Gen. 193 (64.33%): Max/Min/Avg Fitness(Raw) [111.33(110.93)/0.00(1.02)/80.10(80.10)]
Gen. 194 (64.67%):