Creating network.
The layer structure is following:
[70, 20, 1]
Setting newtork parameters
Getting training data : ALL_S6_959126400_hveto_channels_signif_dt_set_8_training.pat
Setting GA training parameters
Start running GA
Gen. 0 (0.00%): Max/Min/Avg Fitness(Raw) [25.28(58.10)/18.79(1.02)/21.07(21.07)]
Gen. 1 (0.50%): Max/Min/Avg Fitness(Raw) [23.85(58.10)/17.92(1.02)/19.88(19.88)]
Gen. 2 (1.00%): Max/Min/Avg Fitness(Raw) [23.30(58.10)/17.57(1.02)/19.41(19.41)]
Gen. 3 (1.50%): Max/Min/Avg Fitness(Raw) [24.37(60.47)/18.36(1.02)/20.31(20.31)]
Gen. 4 (2.00%): Max/Min/Avg Fitness(Raw) [19.11(65.73)/14.97(1.02)/15.92(15.92)]
Gen. 5 (2.50%): Max/Min/Avg Fitness(Raw) [18.39(65.73)/14.46(1.02)/15.33(15.33)]
Gen. 6 (3.00%): Max/Min/Avg Fitness(Raw) [19.09(69.65)/15.02(1.02)/15.90(15.90)]
Gen. 7 (3.50%): Max/Min/Avg Fitness(Raw) [17.69(69.65)/14.01(1.02)/14.74(14.74)]
Gen. 8 (4.00%): Max/Min/Avg Fitness(Raw) [17.23(69.65)/13.66(1.02)/14.36(14.36)]
Gen. 9 (4.50%): Max/Min/Avg Fitness(Raw) [17.52(69.65)/13.88(1.02)/14.60(14.60)]
Gen. 10 (5.00%): Max/Min/Avg Fitness(Raw) [17.09(69.65)/13.56(1.02)/14.24(14.24)]
Gen. 11 (5.50%): Max/Min/Avg Fitness(Raw) [18.10(69.65)/14.31(1.02)/15.08(15.08)]
Gen. 12 (6.00%): Max/Min/Avg Fitness(Raw) [16.79(69.65)/13.34(1.02)/13.99(13.99)]
Gen. 13 (6.50%): Max/Min/Avg Fitness(Raw) [18.07(69.65)/14.29(1.02)/15.06(15.06)]
Gen. 14 (7.00%): Max/Min/Avg Fitness(Raw) [19.08(69.65)/15.02(1.02)/15.90(15.90)]
Gen. 15 (7.50%): Max/Min/Avg Fitness(Raw) [18.26(69.65)/14.43(1.02)/15.22(15.22)]
Gen. 16 (8.00%): Max/Min/Avg Fitness(Raw) [17.35(69.65)/13.76(1.02)/14.46(14.46)]
Gen. 17 (8.50%): Max/Min/Avg Fitness(Raw) [17.89(69.65)/14.15(1.02)/14.91(14.91)]
Gen. 18 (9.00%): Max/Min/Avg Fitness(Raw) [17.35(69.65)/13.75(1.02)/14.46(14.46)]
Gen. 19 (9.50%): Max/Min/Avg Fitness(Raw) [17.10(69.65)/13.57(1.02)/14.25(14.25)]
Gen. 20 (10.00%): Max/Min/Avg Fitness(Raw) [18.49(69.65)/14.59(1.02)/15.41(15.41)]
Gen. 21 (10.50%): Max/Min/Avg Fitness(Raw) [17.20(69.65)/13.65(1.02)/14.34(14.34)]
Gen. 22 (11.00%): Max/Min/Avg Fitness(Raw) [19.05(69.65)/15.00(1.02)/15.88(15.88)]
Gen. 23 (11.50%): Max/Min/Avg Fitness(Raw) [17.91(69.65)/14.17(1.02)/14.92(14.92)]
Gen. 24 (12.00%): Max/Min/Avg Fitness(Raw) [18.07(69.65)/14.29(1.02)/15.06(15.06)]
Gen. 25 (12.50%): Max/Min/Avg Fitness(Raw) [17.98(69.65)/14.22(1.02)/14.99(14.99)]
Gen. 26 (13.00%): Max/Min/Avg Fitness(Raw) [18.16(69.65)/14.35(1.02)/15.14(15.14)]
Gen. 27 (13.50%): Max/Min/Avg Fitness(Raw) [17.42(71.43)/13.83(1.02)/14.52(14.52)]
Gen. 28 (14.00%): Max/Min/Avg Fitness(Raw) [19.42(71.43)/15.30(1.02)/16.19(16.19)]
Gen. 29 (14.50%): Max/Min/Avg Fitness(Raw) [20.84(71.43)/16.32(1.02)/17.37(17.37)]
Gen. 30 (15.00%): Max/Min/Avg Fitness(Raw) [20.64(71.43)/16.17(1.02)/17.20(17.20)]
Gen. 31 (15.50%): Max/Min/Avg Fitness(Raw) [19.59(71.43)/15.42(1.02)/16.32(16.32)]
Gen. 32 (16.00%): Max/Min/Avg Fitness(Raw) [22.15(71.43)/17.24(1.02)/18.46(18.46)]
Gen. 33 (16.50%): Max/Min/Avg Fitness(Raw) [21.53(71.43)/16.81(1.02)/17.94(17.94)]
Gen. 34 (17.00%): Max/Min/Avg Fitness(Raw) [21.31(71.43)/16.65(1.02)/17.76(17.76)]
Gen. 35 (17.50%): Max/Min/Avg Fitness(Raw) [20.45(71.43)/16.04(1.02)/17.05(17.05)]
Gen. 36 (18.00%): Max/Min/Avg Fitness(Raw) [20.75(71.43)/16.25(1.02)/17.29(17.29)]
Gen. 37 (18.50%): Max/Min/Avg Fitness(Raw) [20.32(71.43)/15.95(1.02)/16.94(16.94)]
Gen. 38 (19.00%): Max/Min/Avg Fitness(Raw) [20.06(71.43)/15.76(1.02)/16.72(16.72)]
Gen. 39 (19.50%): Max/Min/Avg Fitness(Raw) [19.74(71.43)/15.53(1.02)/16.45(16.45)]
Gen. 40 (20.00%): Max/Min/Avg Fitness(Raw) [20.68(71.43)/16.20(1.02)/17.23(17.23)]
Gen. 41 (20.50%): Max/Min/Avg Fitness(Raw) [20.35(71.43)/15.97(1.02)/16.96(16.96)]
Gen. 42 (21.00%): Max/Min/Avg Fitness(Raw) [20.61(71.43)/16.15(1.02)/17.17(17.17)]
Gen. 43 (21.50%): Max/Min/Avg Fitness(Raw) [21.28(71.43)/16.63(1.02)/17.73(17.73)]
Gen. 44 (22.00%): Max/Min/Avg Fitness(Raw) [20.38(71.43)/15.98(1.02)/16.98(16.98)]
Gen. 45 (22.50%): Max/Min/Avg Fitness(Raw) [21.23(71.43)/16.60(1.02)/17.69(17.69)]
Gen. 46 (23.00%): Max/Min/Avg Fitness(Raw) [20.97(71.43)/16.41(1.02)/17.47(17.47)]
Gen. 47 (23.50%): Max/Min/Avg Fitness(Raw) [20.74(71.43)/16.25(1.02)/17.29(17.29)]
Gen. 48 (24.00%): Max/Min/Avg Fitness(Raw) [21.03(71.43)/16.45(1.02)/17.52(17.52)]
Gen. 49 (24.50%): Max/Min/Avg Fitness(Raw) [21.22(71.43)/16.58(1.02)/17.68(17.68)]
Gen. 50 (25.00%): Max/Min/Avg Fitness(Raw) [21.14(71.43)/16.53(1.02)/17.61(17.61)]
Gen. 51 (25.50%): Max/Min/Avg Fitness(Raw) [20.96(71.43)/16.40(1.02)/17.47(17.47)]
Gen. 52 (26.00%): Max/Min/Avg Fitness(Raw) [21.17(71.43)/16.55(1.02)/17.64(17.64)]
Gen. 53 (26.50%): Max/Min/Avg Fitness(Raw) [21.20(71.43)/16.57(1.02)/17.67(17.67)]
Gen. 54 (27.00%): Max/Min/Avg Fitness(Raw) [22.55(71.43)/17.52(1.02)/18.79(18.79)]
Gen. 55 (27.50%): Max/Min/Avg Fitness(Raw) [21.11(71.43)/16.51(1.02)/17.59(17.59)]
Gen. 56 (28.00%): Max/Min/Avg Fitness(Raw) [21.84(71.43)/17.03(1.02)/18.20(18.20)]
Gen. 57 (28.50%): Max/Min/Avg Fitness(Raw) [21.69(71.43)/16.92(1.02)/18.08(18.08)]
Gen. 58 (29.00%): Max/Min/Avg Fitness(Raw) [20.69(71.43)/16.21(1.02)/17.24(17.24)]
Gen. 59 (29.50%): Max/Min/Avg Fitness(Raw) [21.31(71.43)/16.65(1.02)/17.76(17.76)]
Gen. 60 (30.00%): Max/Min/Avg Fitness(Raw) [20.31(71.43)/15.93(1.02)/16.92(16.92)]
Gen. 61 (30.50%): Max/Min/Avg Fitness(Raw) [20.91(71.43)/16.37(1.02)/17.43(17.43)]
Gen. 62 (31.00%): Max/Min/Avg Fitness(Raw) [21.22(71.43)/16.59(1.02)/17.69(17.69)]
Gen. 63 (31.50%): Max/Min/Avg Fitness(Raw) [20.77(71.43)/16.26(1.02)/17.31(17.31)]
Gen. 64 (32.00%): Max/Min/Avg Fitness(Raw) [21.60(71.43)/16.85(1.02)/18.00(18.00)]
Gen. 65 (32.50%): Max/Min/Avg Fitness(Raw) [21.18(71.43)/16.56(1.02)/17.65(17.65)]
Gen. 66 (33.00%): Max/Min/Avg Fitness(Raw) [21.22(71.43)/16.59(1.02)/17.69(17.69)]
Gen. 67 (33.50%): Max/Min/Avg Fitness(Raw) [20.73(71.43)/16.24(1.02)/17.28(17.28)]
Gen. 68 (34.00%): Max/Min/Avg Fitness(Raw) [21.39(73.81)/16.75(1.02)/17.82(17.82)]
Gen. 69 (34.50%): Max/Min/Avg Fitness(Raw) [26.13(73.81)/20.03(1.02)/21.77(21.77)]
Gen. 70 (35.00%): Max/Min/Avg Fitness(Raw) [25.39(73.81)/19.54(1.02)/21.16(21.16)]
Gen. 71 (35.50%): Max/Min/Avg Fitness(Raw) [25.26(73.81)/19.45(1.02)/21.05(21.05)]
Gen. 72 (36.00%): Max/Min/Avg Fitness(Raw) [26.20(73.81)/20.09(1.02)/21.83(21.83)]
Gen. 73 (36.50%): Max/Min/Avg Fitness(Raw) [25.70(73.81)/19.75(1.02)/21.42(21.42)]
Gen. 74 (37.00%): Max/Min/Avg Fitness(Raw) [26.26(73.81)/20.13(1.02)/21.89(21.89)]
Gen. 75 (37.50%): Max/Min/Avg Fitness(Raw) [25.61(73.81)/19.69(1.02)/21.34(21.34)]
Gen. 76 (38.00%): Max/Min/Avg Fitness(Raw) [26.87(73.81)/20.53(1.02)/22.39(22.39)]
Gen. 77 (38.50%): Max/Min/Avg Fitness(Raw) [26.23(73.81)/20.10(1.02)/21.85(21.85)]
Gen. 78 (39.00%): Max/Min/Avg Fitness(Raw) [25.01(73.81)/19.28(1.02)/20.84(20.84)]
Gen. 79 (39.50%): Max/Min/Avg Fitness(Raw) [25.91(73.81)/19.89(1.02)/21.59(21.59)]
Gen. 80 (40.00%): Max/Min/Avg Fitness(Raw) [25.84(73.81)/19.85(1.02)/21.54(21.54)]
Gen. 81 (40.50%): Max/Min/Avg Fitness(Raw) [24.97(73.81)/19.25(1.02)/20.81(20.81)]
Gen. 82 (41.00%): Max/Min/Avg Fitness(Raw) [25.20(73.81)/19.41(1.02)/21.00(21.00)]
Gen. 83 (41.50%): Max/Min/Avg Fitness(Raw) [26.18(76.84)/20.17(1.02)/21.82(21.82)]
Gen. 84 (42.00%): Max/Min/Avg Fitness(Raw) [17.91(76.84)/14.25(1.02)/14.92(14.92)]
Gen. 85 (42.50%): Max/Min/Avg Fitness(Raw) [19.20(76.84)/15.21(1.02)/16.00(16.00)]
Gen. 86 (43.00%): Max/Min/Avg Fitness(Raw) [18.52(76.84)/14.71(1.02)/15.44(15.44)]
Gen. 87 (43.50%): Max/Min/Avg Fitness(Raw) [18.47(76.84)/14.67(1.02)/15.39(15.39)]
Gen. 88 (44.00%): Max/Min/Avg Fitness(Raw) [18.87(76.84)/14.97(1.02)/15.73(15.73)]
Gen. 89 (44.50%): Max/Min/Avg Fitness(Raw) [18.73(76.84)/14.86(1.02)/15.61(15.61)]
Gen. 90 (45.00%): Max/Min/Avg Fitness(Raw) [19.13(76.84)/15.16(1.02)/15.94(15.94)]
Gen. 91 (45.50%): Max/Min/Avg Fitness(Raw) [18.59(76.84)/14.76(1.02)/15.49(15.49)]
Gen. 92 (46.00%): Max/Min/Avg Fitness(Raw) [19.75(76.84)/15.62(1.02)/16.46(16.46)]
Gen. 93 (46.50%): Max/Min/Avg Fitness(Raw) [19.05(76.84)/15.10(1.02)/15.88(15.88)]
Gen. 94 (47.00%): Max/Min/Avg Fitness(Raw) [17.97(76.84)/14.30(1.02)/14.98(14.98)]
Gen. 95 (47.50%): Max/Min/Avg Fitness(Raw) [18.90(76.84)/14.99(1.02)/15.75(15.75)]
Gen. 96 (48.00%): Max/Min/Avg Fitness(Raw) [18.79(76.84)/14.91(1.02)/15.66(15.66)]
Gen. 97 (48.50%): Max/Min/Avg Fitness(Raw) [19.01(76.84)/15.07(1.02)/15.84(15.84)]
Gen. 98 (49.00%): Max/Min/Avg Fitness(Raw) [18.75(76.84)/14.88(1.02)/15.62(15.62)]
Gen. 99 (49.50%): Max/Min/Avg Fitness(Raw) [19.08(76.84)/15.12(1.02)/15.90(15.90)]
Gen. 100 (50.00%): Max/Min/Avg Fitness(Raw) [18.56(76.84)/14.74(1.02)/15.47(15.47)]
Gen. 101 (50.50%): Max/Min/Avg Fitness(Raw) [19.35(76.84)/15.32(1.02)/16.12(16.12)]
Gen. 102 (51.00%): Max/Min/Avg Fitness(Raw) [18.64(76.84)/14.80(1.02)/15.53(15.53)]
Gen. 103 (51.50%): Max/Min/Avg Fitness(Raw) [17.73(76.84)/14.12(1.02)/14.77(14.77)]
Gen. 104 (52.00%): Max/Min/Avg Fitness(Raw) [18.41(76.84)/14.63(1.02)/15.34(15.34)]
Gen. 105 (52.50%): Max/Min/Avg Fitness(Raw) [18.57(76.84)/14.74(1.02)/15.47(15.47)]
Gen. 106 (53.00%): Max/Min/Avg Fitness(Raw) [19.55(76.84)/15.47(1.02)/16.29(16.29)]
Gen. 107 (53.50%): Max/Min/Avg Fitness(Raw) [18.43(76.84)/14.64(1.02)/15.36(15.36)]
Gen. 108 (54.00%): Max/Min/Avg Fitness(Raw) [18.01(76.84)/14.33(1.02)/15.01(15.01)]
Gen. 109 (54.50%): Max/Min/Avg Fitness(Raw) [19.43(76.84)/15.38(1.02)/16.19(16.19)]
Gen. 110 (55.00%): Max/Min/Avg Fitness(Raw) [18.04(76.84)/14.35(1.02)/15.03(15.03)]
Gen. 111 (55.50%): Max/Min/Avg Fitness(Raw) [17.86(76.84)/14.22(1.02)/14.88(14.88)]
Gen. 112 (56.00%): Max/Min/Avg Fitness(Raw) [18.22(76.84)/14.48(1.02)/15.18(15.18)]
Gen. 113 (56.50%): Max/Min/Avg Fitness(Raw) [18.02(76.84)/14.34(1.02)/15.02(15.02)]
Gen. 114 (57.00%): Max/Min/Avg Fitness(Raw) [17.43(76.84)/13.89(1.02)/14.52(14.52)]
Gen. 115 (57.50%): Max/Min/Avg Fitness(Raw) [19.07(76.84)/15.11(1.02)/15.89(15.89)]
Gen. 116 (58.00%): Max/Min/Avg Fitness(Raw) [19.03(77.61)/15.09(1.02)/15.86(15.86)]
Gen. 117 (58.50%): Max/Min/Avg Fitness(Raw) [16.34(77.61)/13.08(1.02)/13.62(13.62)]
Gen. 118 (59.00%): Max/Min/Avg Fitness(Raw) [16.26(77.61)/13.02(1.02)/13.55(13.55)]
Gen. 119 (59.50%): Max/Min/Avg Fitness(Raw) [16.16(77.61)/12.94(1.02)/13.47(13.47)]
Gen. 120 (60.00%): Max/Min/Avg Fitness(Raw) [16.20(77.61)/12.98(1.02)/13.50(13.50)]
Gen. 121 (60.50%): Max/Min/Avg Fitness(Raw) [16.45(77.61)/13.16(1.02)/13.71(13.71)]
Gen. 122 (61.00%): Max/Min/Avg Fitness(Raw) [16.66(77.61)/13.33(1.02)/13.89(13.89)]
Gen. 123 (61.50%): Max/Min/Avg Fitness(Raw) [16.23(77.61)/13.00(1.02)/13.52(13.52)]
Gen. 124 (62.00%): Max/Min/Avg Fitness(Raw) [16.97(77.61)/13.56(1.02)/14.14(14.14)]
Gen. 125 (62.50%): Max/Min/Avg Fitness(Raw) [16.63(77.61)/13.30(1.02)/13.86(13.86)]
Gen. 126 (63.00%): Max/Min/Avg Fitness(Raw) [15.74(77.61)/12.63(1.02)/13.12(13.12)]
Gen. 127 (63.50%): Max/Min/Avg Fitness(Raw) [16.05(77.61)/12.86(1.02)/13.37(13.37)]
Gen. 128 (64.00%): Max/Min/Avg Fitness(Raw) [15.24(77.61)/12.24(1.02)/12.70(12.70)]
Gen. 129 (64.50%): Max/Min/Avg Fitness(Raw) [16.87(77.61)/13.48(1.02)/14.06(14.06)]
Gen. 130 (65.00%): Max/Min/Avg Fitness(Raw) [16.53(77.61)/13.22(1.02)/13.77(13.77)]
Gen. 131 (65.50%): Max/Min/Avg Fitness(Raw) [17.10(77.61)/13.66(1.02)/14.25(14.25)]
Gen. 132 (66.00%): Max/Min/Avg Fitness(Raw) [17.33(77.61)/13.83(1.02)/14.44(14.44)]
Gen. 133 (66.50%): Max/Min/Avg Fitness(Raw) [17.04(77.61)/13.61(1.02)/14.20(14.20)]
Gen. 134 (67.00%): Max/Min/Avg Fitness(Raw) [17.23(77.61)/13.75(1.02)/14.36(14.36)]
Gen. 135 (67.50%): Max/Min/Avg Fitness(Raw) [16.87(77.61)/13.49(1.02)/14.06(14.06)]
Gen. 136 (68.00%): Max/Min/Avg Fitness(Raw) [17.53(77.61)/13.98(1.02)/14.61(14.61)]
Gen. 137 (68.50%): Max/Min/Avg Fitness(Raw) [16.63(77.61)/13.30(1.02)/13.86(13.86)]
Gen. 138 (69.00%): Max/Min/Avg Fitness(Raw) [16.15(77.61)/12.94(1.02)/13.46(13.46)]
Gen. 139 (69.50%): Max/Min/Avg Fitness(Raw) [16.70(77.61)/13.35(1.02)/13.92(13.92)]
Gen. 140 (70.00%): Max/Min/Avg Fitness(Raw) [15.90(77.61)/12.75(1.02)/13.25(13.25)]
Gen. 141 (70.50%): Max/Min/Avg Fitness(Raw) [17.01(77.61)/13.59(1.02)/14.18(14.18)]
Gen. 142 (71.00%): Max/Min/Avg Fitness(Raw) [16.79(77.61)/13.42(1.02)/13.99(13.99)]
Gen. 143 (71.50%): Max/Min/Avg Fitness(Raw) [16.56(77.61)/13.25(1.02)/13.80(13.80)]
Gen. 144 (72.00%): Max/Min/Avg Fitness(Raw) [15.98(79.33)/12.82(1.02)/13.31(13.31)]
Gen. 145 (72.50%): Max/Min/Avg Fitness(Raw) [22.19(79.33)/17.43(1.02)/18.50(18.50)]
Gen. 146 (73.00%): Max/Min/Avg Fitness(Raw) [21.67(79.33)/17.05(1.02)/18.06(18.06)]
Gen. 147 (73.50%): Max/Min/Avg Fitness(Raw) [22.21(79.33)/17.44(1.02)/18.51(18.51)]
Gen. 148 (74.00%): Max/Min/Avg Fitness(Raw) [21.52(79.33)/16.95(1.02)/17.94(17.94)]
Gen. 149 (74.50%): Max/Min/Avg Fitness(Raw) [22.02(79.33)/17.31(1.02)/18.35(18.35)]
Gen. 150 (75.00%): Max/Min/Avg Fitness(Raw) [23.05(79.33)/18.05(1.02)/19.21(19.21)]
Gen. 151 (75.50%): Max/Min/Avg Fitness(Raw) [22.58(81.21)/17.74(1.02)/18.81(18.81)]
Gen. 152 (76.00%): Max/Min/Avg Fitness(Raw) [17.03(81.21)/13.63(1.02)/14.19(14.19)]
Gen. 153 (76.50%): Max/Min/Avg Fitness(Raw) [16.73(81.21)/13.41(1.02)/13.94(13.94)]
Gen. 154 (77.00%): Max/Min/Avg Fitness(Raw) [15.46(81.21)/12.44(1.02)/12.88(12.88)]
Gen. 155 (77.50%): Max/Min/Avg Fitness(Raw) [16.98(81.21)/13.60(1.02)/14.15(14.15)]
Gen. 156 (78.00%): Max/Min/Avg Fitness(Raw) [16.88(81.21)/13.52(1.02)/14.07(14.07)]
Gen. 157 (78.50%): Max/Min/Avg Fitness(Raw) [16.28(81.21)/13.07(1.02)/13.57(13.57)]
Gen. 158 (79.00%): Max/Min/Avg Fitness(Raw) [17.22(81.21)/13.78(1.02)/14.35(14.35)]
Gen. 159 (79.50%): Max/Min/Avg Fitness(Raw) [15.79(81.21)/12.69(1.02)/13.16(13.16)]
Gen. 160 (80.00%): Max/Min/Avg Fitness(Raw) [15.91(81.21)/12.78(1.02)/13.26(13.26)]
Gen. 161 (80.50%): Max/Min/Avg Fitness(Raw) [16.27(81.21)/13.05(1.02)/13.56(13.56)]
Gen. 162 (81.00%): Max/Min/Avg Fitness(Raw) [15.97(81.21)/12.82(1.02)/13.31(13.31)]
Gen. 163 (81.50%): Max/Min/Avg Fitness(Raw) [15.78(81.21)/12.68(1.02)/13.15(13.15)]
Gen. 164 (82.00%): Max/Min/Avg Fitness(Raw) [15.99(81.21)/12.84(1.02)/13.33(13.33)]
Gen. 165 (82.50%): Max/Min/Avg Fitness(Raw) [15.78(81.21)/12.68(1.02)/13.15(13.15)]
Gen. 166 (83.00%): Max/Min/Avg Fitness(Raw) [15.79(81.21)/12.69(1.02)/13.16(13.16)]
Gen. 167 (83.50%): Max/Min/Avg Fitness(Raw) [15.87(81.21)/12.75(1.02)/13.23(13.23)]
Gen. 168 (84.00%): Max/Min/Avg Fitness(Raw) [16.02(81.21)/12.86(1.02)/13.35(13.35)]
Gen. 169 (84.50%): Max/Min/Avg Fitness(Raw) [16.11(81.21)/12.93(1.02)/13.42(13.42)]
Gen. 170 (85.00%): Max/Min/Avg Fitness(Raw) [15.34(81.21)/12.34(1.02)/12.78(12.78)]
Gen. 171 (85.50%): Max/Min/Avg Fitness(Raw) [16.40(81.21)/13.16(1.02)/13.67(13.67)]
Gen. 172 (86.00%): Max/Min/Avg Fitness(Raw) [16.55(81.21)/13.27(1.02)/13.79(13.79)]
Gen. 173 (86.50%): Max/Min/Avg Fitness(Raw) [17.35(82.17)/13.89(1.02)/14.46(14.46)]
Gen. 174 (87.00%): Max/Min/Avg Fitness(Raw) [16.25(82.17)/13.05(1.02)/13.54(13.54)]
Gen. 175 (87.50%): Max/Min/Avg Fitness(Raw) [16.15(82.17)/12.97(1.02)/13.46(13.46)]
Gen. 176 (88.00%): Max/Min/Avg Fitness(Raw) [16.63(82.17)/13.34(1.02)/13.86(13.86)]
Gen. 177 (88.50%): Max/Min/Avg Fitness(Raw) [15.96(82.17)/12.83(1.02)/13.30(13.30)]
Gen. 178 (89.00%): Max/Min/Avg Fitness(Raw) [16.02(82.17)/12.87(1.02)/13.35(13.35)]
Gen. 179 (89.50%): Max/Min/Avg Fitness(Raw) [15.21(82.17)/12.25(1.02)/12.68(12.68)]
Gen. 180 (90.00%): Max/Min/Avg Fitness(Raw) [16.48(82.17)/13.23(1.02)/13.74(13.74)]
Gen. 181 (90.50%): Max/Min/Avg Fitness(Raw) [15.62(82.17)/12.57(1.02)/13.02(13.02)]
Gen. 182 (91.00%): Max/Min/Avg Fitness(Raw) [15.00(82.17)/12.09(1.02)/12.50(12.50)]
Gen. 183 (91.50%): Max/Min/Avg Fitness(Raw) [15.76(82.17)/12.67(1.02)/13.13(13.13)]
Gen. 184 (92.00%): Max/Min/Avg Fitness(Raw) [16.26(82.17)/13.06(1.02)/13.55(13.55)]
Gen. 185 (92.50%): Max/Min/Avg Fitness(Raw) [15.13(82.17)/12.19(1.02)/12.61(12.61)]
Gen. 186 (93.00%): Max/Min/Avg Fitness(Raw) [15.66(82.17)/12.60(1.02)/13.05(13.05)]
Gen. 187 (93.50%): Max/Min/Avg Fitness(Raw) [16.10(82.17)/12.93(1.02)/13.41(13.41)]
Gen. 188 (94.00%): Max/Min/Avg Fitness(Raw) [15.14(82.17)/12.20(1.02)/12.62(12.62)]
Gen. 189 (94.50%): Max/Min/Avg Fitness(Raw) [15.63(82.17)/12.57(1.02)/13.03(13.03)]
Gen. 190 (95.00%): Max/Min/Avg Fitness(Raw) [15.75(82.17)/12.67(1.02)/13.13(13.13)]
Gen. 191 (95.50%): Max/Min/Avg Fitness(Raw) [13.76(82.17)/11.13(1.02)/11.47(11.47)]
Gen. 192 (96.00%): Max/Min/Avg Fitness(Raw) [15.70(82.17)/12.63(1.02)/13.09(13.09)]
Gen. 193 (96.50%): Max/Min/Avg Fitness(Raw) [16.08(82.17)/12.92(1.02)/13.40(13.40)]
Gen. 194 (97.00%): Max/Min/Avg Fitness(Raw) [16.22(82.17)/13.02(1.02)/13.52(13.52)]
Gen. 195 (97.50%): Max/Min/Avg Fitness(Raw) [15.66(82.17)/12.60(1.02)/13.05(13.05)]
Gen. 196 (98.00%): Max/Min/Avg Fitness(Raw) [15.68(82.17)/12.61(1.02)/13.07(13.07)]
Gen. 197 (98.50%): Max/Min/Avg Fitness(Raw) [15.33(82.17)/12.34(1.02)/12.77(12.77)]
Gen. 198 (99.00%): Max/Min/Avg Fitness(Raw) [15.99(82.17)/12.85(1.02)/13.33(13.33)]
Gen. 199 (99.50%): Max/Min/Avg Fitness(Raw) [15.00(82.17)/12.08(1.02)/12.50(12.50)]
Gen. 200 (100.00%):