Creating network.
The layer structure is following:
[70, 20, 1]
Setting newtork parameters
Getting training data : ALL_S6_959126400_hveto_channels_signif_dt_set_9_training.pat
Setting GA training parameters
Start running GA
Gen. 0 (0.00%): Max/Min/Avg Fitness(Raw) [25.65(55.34)/18.82(1.02)/21.38(21.38)]
Gen. 1 (0.50%): Max/Min/Avg Fitness(Raw) [24.03(56.37)/17.93(1.02)/20.03(20.03)]
Gen. 2 (1.00%): Max/Min/Avg Fitness(Raw) [24.08(56.82)/17.99(1.02)/20.07(20.07)]
Gen. 3 (1.50%): Max/Min/Avg Fitness(Raw) [19.94(58.98)/15.39(1.02)/16.62(16.62)]
Gen. 4 (2.00%): Max/Min/Avg Fitness(Raw) [25.21(58.98)/18.79(1.02)/21.00(21.00)]
Gen. 5 (2.50%): Max/Min/Avg Fitness(Raw) [25.63(58.98)/19.05(1.02)/21.36(21.36)]
Gen. 6 (3.00%): Max/Min/Avg Fitness(Raw) [25.21(58.98)/18.80(1.02)/21.01(21.01)]
Gen. 7 (3.50%): Max/Min/Avg Fitness(Raw) [24.89(58.98)/18.60(1.02)/20.74(20.74)]
Gen. 8 (4.00%): Max/Min/Avg Fitness(Raw) [24.93(58.98)/18.63(1.02)/20.77(20.77)]
Gen. 9 (4.50%): Max/Min/Avg Fitness(Raw) [24.49(58.98)/18.36(1.02)/20.41(20.41)]
Gen. 10 (5.00%): Max/Min/Avg Fitness(Raw) [25.63(58.98)/19.05(1.02)/21.36(21.36)]
Gen. 11 (5.50%): Max/Min/Avg Fitness(Raw) [24.79(58.98)/18.54(1.02)/20.66(20.66)]
Gen. 12 (6.00%): Max/Min/Avg Fitness(Raw) [24.43(58.98)/18.32(1.02)/20.35(20.35)]
Gen. 13 (6.50%): Max/Min/Avg Fitness(Raw) [24.73(58.98)/18.50(1.02)/20.61(20.61)]
Gen. 14 (7.00%): Max/Min/Avg Fitness(Raw) [25.93(61.15)/19.36(1.02)/21.61(21.61)]
Gen. 15 (7.50%): Max/Min/Avg Fitness(Raw) [31.55(61.15)/22.48(1.02)/26.29(26.29)]
Gen. 16 (8.00%): Max/Min/Avg Fitness(Raw) [30.02(61.15)/21.69(1.02)/25.02(25.02)]
Gen. 17 (8.50%): Max/Min/Avg Fitness(Raw) [30.79(61.66)/22.15(1.02)/25.66(25.66)]
Gen. 18 (9.00%): Max/Min/Avg Fitness(Raw) [19.55(61.66)/15.19(1.02)/16.29(16.29)]
Gen. 19 (9.50%): Max/Min/Avg Fitness(Raw) [20.08(64.10)/15.62(1.02)/16.73(16.73)]
Gen. 20 (10.00%): Max/Min/Avg Fitness(Raw) [21.10(64.10)/16.33(1.02)/17.59(17.59)]
Gen. 21 (10.50%): Max/Min/Avg Fitness(Raw) [21.21(64.10)/16.41(1.02)/17.68(17.68)]
Gen. 22 (11.00%): Max/Min/Avg Fitness(Raw) [20.16(64.10)/15.68(1.02)/16.80(16.80)]
Gen. 23 (11.50%): Max/Min/Avg Fitness(Raw) [20.80(64.10)/16.12(1.02)/17.33(17.33)]
Gen. 24 (12.00%): Max/Min/Avg Fitness(Raw) [20.36(64.10)/15.82(1.02)/16.97(16.97)]
Gen. 25 (12.50%): Max/Min/Avg Fitness(Raw) [20.80(64.10)/16.12(1.02)/17.33(17.33)]
Gen. 26 (13.00%): Max/Min/Avg Fitness(Raw) [21.29(64.10)/16.46(1.02)/17.74(17.74)]
Gen. 27 (13.50%): Max/Min/Avg Fitness(Raw) [20.28(64.10)/15.76(1.02)/16.90(16.90)]
Gen. 28 (14.00%): Max/Min/Avg Fitness(Raw) [20.97(64.10)/16.24(1.02)/17.47(17.47)]
Gen. 29 (14.50%): Max/Min/Avg Fitness(Raw) [20.81(64.10)/16.13(1.02)/17.34(17.34)]
Gen. 30 (15.00%): Max/Min/Avg Fitness(Raw) [20.45(64.10)/15.88(1.02)/17.04(17.04)]
Gen. 31 (15.50%): Max/Min/Avg Fitness(Raw) [21.28(64.10)/16.46(1.02)/17.74(17.74)]
Gen. 32 (16.00%): Max/Min/Avg Fitness(Raw) [20.92(64.10)/16.21(1.02)/17.43(17.43)]
Gen. 33 (16.50%): Max/Min/Avg Fitness(Raw) [20.25(64.10)/15.74(1.02)/16.88(16.88)]
Gen. 34 (17.00%): Max/Min/Avg Fitness(Raw) [20.55(64.10)/15.95(1.02)/17.13(17.13)]
Gen. 35 (17.50%): Max/Min/Avg Fitness(Raw) [20.30(64.10)/15.77(1.02)/16.91(16.91)]
Gen. 36 (18.00%): Max/Min/Avg Fitness(Raw) [19.65(64.10)/15.32(1.02)/16.37(16.37)]
Gen. 37 (18.50%): Max/Min/Avg Fitness(Raw) [20.60(64.10)/15.98(1.02)/17.16(17.16)]
Gen. 38 (19.00%): Max/Min/Avg Fitness(Raw) [21.29(64.10)/16.46(1.02)/17.74(17.74)]
Gen. 39 (19.50%): Max/Min/Avg Fitness(Raw) [20.12(64.10)/15.65(1.02)/16.77(16.77)]
Gen. 40 (20.00%): Max/Min/Avg Fitness(Raw) [20.86(64.10)/16.16(1.02)/17.38(17.38)]
Gen. 41 (20.50%): Max/Min/Avg Fitness(Raw) [21.20(64.10)/16.40(1.02)/17.67(17.67)]
Gen. 42 (21.00%): Max/Min/Avg Fitness(Raw) [20.70(64.10)/16.06(1.02)/17.25(17.25)]
Gen. 43 (21.50%): Max/Min/Avg Fitness(Raw) [21.72(64.10)/16.75(1.02)/18.10(18.10)]
Gen. 44 (22.00%): Max/Min/Avg Fitness(Raw) [20.89(64.10)/16.18(1.02)/17.41(17.41)]
Gen. 45 (22.50%): Max/Min/Avg Fitness(Raw) [21.37(64.10)/16.51(1.02)/17.81(17.81)]
Gen. 46 (23.00%): Max/Min/Avg Fitness(Raw) [20.99(64.10)/16.25(1.02)/17.49(17.49)]
Gen. 47 (23.50%): Max/Min/Avg Fitness(Raw) [20.81(64.10)/16.13(1.02)/17.34(17.34)]
Gen. 48 (24.00%): Max/Min/Avg Fitness(Raw) [22.03(64.10)/16.97(1.02)/18.36(18.36)]
Gen. 49 (24.50%): Max/Min/Avg Fitness(Raw) [19.56(64.10)/15.26(1.02)/16.30(16.30)]
Gen. 50 (25.00%): Max/Min/Avg Fitness(Raw) [20.42(64.10)/15.86(1.02)/17.02(17.02)]
Gen. 51 (25.50%): Max/Min/Avg Fitness(Raw) [20.85(64.10)/16.16(1.02)/17.37(17.37)]
Gen. 52 (26.00%): Max/Min/Avg Fitness(Raw) [21.50(64.10)/16.61(1.02)/17.92(17.92)]
Gen. 53 (26.50%): Max/Min/Avg Fitness(Raw) [22.00(64.10)/16.94(1.02)/18.33(18.33)]
Gen. 54 (27.00%): Max/Min/Avg Fitness(Raw) [21.54(64.10)/16.63(1.02)/17.95(17.95)]
Gen. 55 (27.50%): Max/Min/Avg Fitness(Raw) [21.30(64.10)/16.47(1.02)/17.75(17.75)]
Gen. 56 (28.00%): Max/Min/Avg Fitness(Raw) [22.73(64.10)/17.44(1.02)/18.95(18.95)]
Gen. 57 (28.50%): Max/Min/Avg Fitness(Raw) [21.49(64.10)/16.60(1.02)/17.91(17.91)]
Gen. 58 (29.00%): Max/Min/Avg Fitness(Raw) [19.95(64.10)/15.53(1.02)/16.63(16.63)]
Gen. 59 (29.50%): Max/Min/Avg Fitness(Raw) [22.03(64.10)/16.97(1.02)/18.36(18.36)]
Gen. 60 (30.00%): Max/Min/Avg Fitness(Raw) [21.63(64.10)/16.70(1.02)/18.03(18.03)]
Gen. 61 (30.50%): Max/Min/Avg Fitness(Raw) [21.03(64.10)/16.28(1.02)/17.53(17.53)]
Gen. 62 (31.00%): Max/Min/Avg Fitness(Raw) [20.27(64.10)/15.76(1.02)/16.89(16.89)]
Gen. 63 (31.50%): Max/Min/Avg Fitness(Raw) [21.06(64.10)/16.30(1.02)/17.55(17.55)]
Gen. 64 (32.00%): Max/Min/Avg Fitness(Raw) [20.20(64.10)/15.71(1.02)/16.84(16.84)]
Gen. 65 (32.50%): Max/Min/Avg Fitness(Raw) [20.81(64.10)/16.13(1.02)/17.34(17.34)]
Gen. 66 (33.00%): Max/Min/Avg Fitness(Raw) [20.50(64.10)/15.92(1.02)/17.08(17.08)]
Gen. 67 (33.50%): Max/Min/Avg Fitness(Raw) [20.82(64.10)/16.14(1.02)/17.35(17.35)]
Gen. 68 (34.00%): Max/Min/Avg Fitness(Raw) [20.79(65.21)/16.15(1.02)/17.33(17.33)]
Gen. 69 (34.50%): Max/Min/Avg Fitness(Raw) [22.88(65.21)/17.58(1.02)/19.07(19.07)]
Gen. 70 (35.00%): Max/Min/Avg Fitness(Raw) [23.93(65.21)/18.27(1.02)/19.94(19.94)]
Gen. 71 (35.50%): Max/Min/Avg Fitness(Raw) [25.12(65.21)/19.05(1.02)/20.93(20.93)]
Gen. 72 (36.00%): Max/Min/Avg Fitness(Raw) [23.79(65.21)/18.18(1.02)/19.82(19.82)]
Gen. 73 (36.50%): Max/Min/Avg Fitness(Raw) [23.73(65.21)/18.14(1.02)/19.78(19.78)]
Gen. 74 (37.00%): Max/Min/Avg Fitness(Raw) [24.64(65.21)/18.74(1.02)/20.53(20.53)]
Gen. 75 (37.50%): Max/Min/Avg Fitness(Raw) [24.66(66.83)/18.82(1.02)/20.55(20.55)]
Gen. 76 (38.00%): Max/Min/Avg Fitness(Raw) [16.73(66.83)/13.26(1.02)/13.94(13.94)]
Gen. 77 (38.50%): Max/Min/Avg Fitness(Raw) [18.70(66.83)/14.69(1.02)/15.58(15.58)]
Gen. 78 (39.00%): Max/Min/Avg Fitness(Raw) [19.10(66.83)/14.98(1.02)/15.92(15.92)]
Gen. 79 (39.50%): Max/Min/Avg Fitness(Raw) [19.79(67.61)/15.49(1.02)/16.49(16.49)]
Gen. 80 (40.00%): Max/Min/Avg Fitness(Raw) [27.01(70.30)/20.48(1.02)/22.51(22.51)]
Gen. 81 (40.50%): Max/Min/Avg Fitness(Raw) [21.57(70.30)/16.81(1.02)/17.97(17.97)]
Gen. 82 (41.00%): Max/Min/Avg Fitness(Raw) [20.25(70.30)/15.87(1.02)/16.87(16.87)]
Gen. 83 (41.50%): Max/Min/Avg Fitness(Raw) [20.24(70.47)/15.87(1.02)/16.86(16.86)]
Gen. 84 (42.00%): Max/Min/Avg Fitness(Raw) [18.74(73.01)/14.82(1.02)/15.61(15.61)]
Gen. 85 (42.50%): Max/Min/Avg Fitness(Raw) [16.71(73.01)/13.32(1.02)/13.93(13.93)]
Gen. 86 (43.00%): Max/Min/Avg Fitness(Raw) [17.34(73.01)/13.79(1.02)/14.45(14.45)]
Gen. 87 (43.50%): Max/Min/Avg Fitness(Raw) [16.78(73.01)/13.37(1.02)/13.98(13.98)]
Gen. 88 (44.00%): Max/Min/Avg Fitness(Raw) [17.17(73.01)/13.66(1.02)/14.31(14.31)]
Gen. 89 (44.50%): Max/Min/Avg Fitness(Raw) [17.11(73.01)/13.62(1.02)/14.26(14.26)]
Gen. 90 (45.00%): Max/Min/Avg Fitness(Raw) [16.21(73.01)/12.95(1.02)/13.51(13.51)]
Gen. 91 (45.50%): Max/Min/Avg Fitness(Raw) [17.00(73.32)/13.54(1.02)/14.17(14.17)]
Gen. 92 (46.00%): Max/Min/Avg Fitness(Raw) [22.22(73.32)/17.34(1.02)/18.52(18.52)]
Gen. 93 (46.50%): Max/Min/Avg Fitness(Raw) [21.75(73.32)/17.00(1.02)/18.13(18.13)]
Gen. 94 (47.00%): Max/Min/Avg Fitness(Raw) [22.33(73.32)/17.41(1.02)/18.61(18.61)]
Gen. 95 (47.50%): Max/Min/Avg Fitness(Raw) [22.33(73.32)/17.41(1.02)/18.61(18.61)]
Gen. 96 (48.00%): Max/Min/Avg Fitness(Raw) [21.98(73.32)/17.16(1.02)/18.31(18.31)]
Gen. 97 (48.50%): Max/Min/Avg Fitness(Raw) [22.61(73.32)/17.61(1.02)/18.84(18.84)]
Gen. 98 (49.00%): Max/Min/Avg Fitness(Raw) [22.01(73.32)/17.19(1.02)/18.34(18.34)]
Gen. 99 (49.50%): Max/Min/Avg Fitness(Raw) [23.37(73.63)/18.15(1.02)/19.48(19.48)]
Gen. 100 (50.00%): Max/Min/Avg Fitness(Raw) [22.55(73.63)/17.57(1.02)/18.79(18.79)]
Gen. 101 (50.50%): Max/Min/Avg Fitness(Raw) [22.64(73.63)/17.64(1.02)/18.87(18.87)]
Gen. 102 (51.00%): Max/Min/Avg Fitness(Raw) [23.87(73.63)/18.49(1.02)/19.89(19.89)]
Gen. 103 (51.50%): Max/Min/Avg Fitness(Raw) [23.76(75.25)/18.46(1.02)/19.80(19.80)]
Gen. 104 (52.00%): Max/Min/Avg Fitness(Raw) [21.76(77.46)/17.08(1.02)/18.13(18.13)]
Gen. 105 (52.50%): Max/Min/Avg Fitness(Raw) [16.53(81.58)/13.26(1.02)/13.78(13.78)]
Gen. 106 (53.00%): Max/Min/Avg Fitness(Raw) [17.27(81.58)/13.82(1.02)/14.39(14.39)]
Gen. 107 (53.50%): Max/Min/Avg Fitness(Raw) [17.90(81.58)/14.29(1.02)/14.91(14.91)]
Gen. 108 (54.00%): Max/Min/Avg Fitness(Raw) [18.13(81.58)/14.47(1.02)/15.11(15.11)]
Gen. 109 (54.50%): Max/Min/Avg Fitness(Raw) [17.25(81.58)/13.81(1.02)/14.38(14.38)]
Gen. 110 (55.00%): Max/Min/Avg Fitness(Raw) [18.10(81.58)/14.45(1.02)/15.09(15.09)]
Gen. 111 (55.50%): Max/Min/Avg Fitness(Raw) [17.55(81.58)/14.03(1.02)/14.63(14.63)]
Gen. 112 (56.00%): Max/Min/Avg Fitness(Raw) [19.19(81.97)/15.27(1.02)/15.99(15.99)]
Gen. 113 (56.50%): Max/Min/Avg Fitness(Raw) [21.60(81.97)/17.05(1.02)/18.00(18.00)]
Gen. 114 (57.00%): Max/Min/Avg Fitness(Raw) [21.30(81.97)/16.83(1.02)/17.75(17.75)]
Gen. 115 (57.50%): Max/Min/Avg Fitness(Raw) [21.35(81.97)/16.86(1.02)/17.79(17.79)]
Gen. 116 (58.00%): Max/Min/Avg Fitness(Raw) [20.79(81.97)/16.45(1.02)/17.32(17.32)]
Gen. 117 (58.50%): Max/Min/Avg Fitness(Raw) [22.50(81.97)/17.70(1.02)/18.75(18.75)]
Gen. 118 (59.00%): Max/Min/Avg Fitness(Raw) [21.11(81.97)/16.69(1.02)/17.60(17.60)]
Gen. 119 (59.50%): Max/Min/Avg Fitness(Raw) [21.82(81.97)/17.20(1.02)/18.18(18.18)]
Gen. 120 (60.00%): Max/Min/Avg Fitness(Raw) [22.18(81.97)/17.47(1.02)/18.48(18.48)]
Gen. 121 (60.50%): Max/Min/Avg Fitness(Raw) [21.81(81.97)/17.20(1.02)/18.18(18.18)]
Gen. 122 (61.00%): Max/Min/Avg Fitness(Raw) [22.38(81.97)/17.61(1.02)/18.65(18.65)]
Gen. 123 (61.50%): Max/Min/Avg Fitness(Raw) [21.57(81.97)/17.02(1.02)/17.98(17.98)]
Gen. 124 (62.00%): Max/Min/Avg Fitness(Raw) [20.44(83.45)/16.21(1.02)/17.03(17.03)]
Gen. 125 (62.50%): Max/Min/Avg Fitness(Raw) [20.53(83.45)/16.28(1.02)/17.11(17.11)]
Gen. 126 (63.00%): Max/Min/Avg Fitness(Raw) [20.27(83.45)/16.09(1.02)/16.89(16.89)]
Gen. 127 (63.50%): Max/Min/Avg Fitness(Raw) [20.30(83.45)/16.11(1.02)/16.91(16.91)]
Gen. 128 (64.00%): Max/Min/Avg Fitness(Raw) [20.62(83.45)/16.34(1.02)/17.18(17.18)]
Gen. 129 (64.50%): Max/Min/Avg Fitness(Raw) [21.32(83.45)/16.86(1.02)/17.77(17.77)]
Gen. 130 (65.00%): Max/Min/Avg Fitness(Raw) [19.93(83.45)/15.84(1.02)/16.61(16.61)]
Gen. 131 (65.50%): Max/Min/Avg Fitness(Raw) [21.63(83.45)/17.09(1.02)/18.03(18.03)]
Gen. 132 (66.00%): Max/Min/Avg Fitness(Raw) [21.42(83.45)/16.94(1.02)/17.85(17.85)]
Gen. 133 (66.50%): Max/Min/Avg Fitness(Raw) [21.17(83.45)/16.75(1.02)/17.64(17.64)]
Gen. 134 (67.00%): Max/Min/Avg Fitness(Raw) [21.25(83.45)/16.81(1.02)/17.71(17.71)]
Gen. 135 (67.50%): Max/Min/Avg Fitness(Raw) [20.79(83.45)/16.47(1.02)/17.33(17.33)]
Gen. 136 (68.00%): Max/Min/Avg Fitness(Raw) [21.49(83.45)/16.99(1.02)/17.91(17.91)]
Gen. 137 (68.50%): Max/Min/Avg Fitness(Raw) [19.23(83.45)/15.31(1.02)/16.03(16.03)]
Gen. 138 (69.00%): Max/Min/Avg Fitness(Raw) [20.10(83.45)/15.96(1.02)/16.75(16.75)]
Gen. 139 (69.50%): Max/Min/Avg Fitness(Raw) [20.22(83.45)/16.05(1.02)/16.85(16.85)]
Gen. 140 (70.00%): Max/Min/Avg Fitness(Raw) [20.17(83.45)/16.01(1.02)/16.81(16.81)]
Gen. 141 (70.50%): Max/Min/Avg Fitness(Raw) [20.62(83.45)/16.34(1.02)/17.18(17.18)]
Gen. 142 (71.00%): Max/Min/Avg Fitness(Raw) [21.87(83.45)/17.27(1.02)/18.23(18.23)]
Gen. 143 (71.50%): Max/Min/Avg Fitness(Raw) [21.89(83.45)/17.28(1.02)/18.24(18.24)]
Gen. 144 (72.00%): Max/Min/Avg Fitness(Raw) [21.11(83.45)/16.71(1.02)/17.59(17.59)]
Gen. 145 (72.50%): Max/Min/Avg Fitness(Raw) [20.37(83.45)/16.16(1.02)/16.97(16.97)]
Gen. 146 (73.00%): Max/Min/Avg Fitness(Raw) [21.68(83.45)/17.12(1.02)/18.07(18.07)]
Gen. 147 (73.50%): Max/Min/Avg Fitness(Raw) [20.40(83.45)/16.18(1.02)/17.00(17.00)]
Gen. 148 (74.00%): Max/Min/Avg Fitness(Raw) [20.78(83.45)/16.47(1.02)/17.32(17.32)]
Gen. 149 (74.50%): Max/Min/Avg Fitness(Raw) [21.22(83.45)/16.79(1.02)/17.69(17.69)]
Gen. 150 (75.00%): Max/Min/Avg Fitness(Raw) [19.98(83.45)/15.87(1.02)/16.65(16.65)]
Gen. 151 (75.50%): Max/Min/Avg Fitness(Raw) [20.43(83.45)/16.20(1.02)/17.03(17.03)]
Gen. 152 (76.00%): Max/Min/Avg Fitness(Raw) [20.01(83.45)/15.89(1.02)/16.67(16.67)]
Gen. 153 (76.50%): Max/Min/Avg Fitness(Raw) [21.79(83.45)/17.20(1.02)/18.16(18.16)]
Gen. 154 (77.00%): Max/Min/Avg Fitness(Raw) [20.29(83.45)/16.10(1.02)/16.91(16.91)]
Gen. 155 (77.50%): Max/Min/Avg Fitness(Raw) [21.39(83.45)/16.91(1.02)/17.82(17.82)]
Gen. 156 (78.00%): Max/Min/Avg Fitness(Raw) [20.93(83.45)/16.57(1.02)/17.44(17.44)]
Gen. 157 (78.50%): Max/Min/Avg Fitness(Raw) [20.41(83.45)/16.19(1.02)/17.01(17.01)]
Gen. 158 (79.00%): Max/Min/Avg Fitness(Raw) [21.05(83.45)/16.66(1.02)/17.54(17.54)]
Gen. 159 (79.50%): Max/Min/Avg Fitness(Raw) [21.10(83.45)/16.70(1.02)/17.58(17.58)]
Gen. 160 (80.00%): Max/Min/Avg Fitness(Raw) [21.35(83.45)/16.88(1.02)/17.79(17.79)]
Gen. 161 (80.50%): Max/Min/Avg Fitness(Raw) [21.11(83.45)/16.71(1.02)/17.59(17.59)]
Gen. 162 (81.00%): Max/Min/Avg Fitness(Raw) [20.25(83.45)/16.07(1.02)/16.88(16.88)]
Gen. 163 (81.50%): Max/Min/Avg Fitness(Raw) [20.52(83.45)/16.27(1.02)/17.10(17.10)]
Gen. 164 (82.00%): Max/Min/Avg Fitness(Raw) [20.05(83.45)/15.92(1.02)/16.71(16.71)]
Gen. 165 (82.50%): Max/Min/Avg Fitness(Raw) [21.22(83.45)/16.79(1.02)/17.68(17.68)]
Gen. 166 (83.00%): Max/Min/Avg Fitness(Raw) [21.64(83.45)/17.09(1.02)/18.03(18.03)]
Gen. 167 (83.50%): Max/Min/Avg Fitness(Raw) [20.50(83.45)/16.26(1.02)/17.09(17.09)]
Gen. 168 (84.00%): Max/Min/Avg Fitness(Raw) [20.41(83.45)/16.19(1.02)/17.01(17.01)]
Gen. 169 (84.50%): Max/Min/Avg Fitness(Raw) [20.16(83.45)/16.01(1.02)/16.80(16.80)]
Gen. 170 (85.00%): Max/Min/Avg Fitness(Raw) [21.01(83.45)/16.64(1.02)/17.51(17.51)]
Gen. 171 (85.50%): Max/Min/Avg Fitness(Raw) [20.80(83.45)/16.48(1.02)/17.33(17.33)]
Gen. 172 (86.00%): Max/Min/Avg Fitness(Raw) [20.44(83.45)/16.21(1.02)/17.03(17.03)]
Gen. 173 (86.50%): Max/Min/Avg Fitness(Raw) [22.00(83.45)/17.35(1.02)/18.33(18.33)]
Gen. 174 (87.00%): Max/Min/Avg Fitness(Raw) [20.29(83.45)/16.10(1.02)/16.91(16.91)]
Gen. 175 (87.50%): Max/Min/Avg Fitness(Raw) [20.32(84.79)/16.14(1.02)/16.94(16.94)]
Gen. 176 (88.00%): Max/Min/Avg Fitness(Raw) [18.85(84.79)/15.04(1.02)/15.71(15.71)]
Gen. 177 (88.50%): Max/Min/Avg Fitness(Raw) [18.76(84.79)/14.97(1.02)/15.63(15.63)]
Gen. 178 (89.00%): Max/Min/Avg Fitness(Raw) [19.22(84.79)/15.32(1.02)/16.02(16.02)]
Gen. 179 (89.50%): Max/Min/Avg Fitness(Raw) [17.91(84.79)/14.33(1.02)/14.92(14.92)]
Gen. 180 (90.00%): Max/Min/Avg Fitness(Raw) [19.52(84.79)/15.55(1.02)/16.27(16.27)]
Gen. 181 (90.50%): Max/Min/Avg Fitness(Raw) [19.65(84.79)/15.64(1.02)/16.37(16.37)]
Gen. 182 (91.00%): Max/Min/Avg Fitness(Raw) [18.94(84.79)/15.11(1.02)/15.78(15.78)]
Gen. 183 (91.50%): Max/Min/Avg Fitness(Raw) [18.97(84.79)/15.13(1.02)/15.81(15.81)]
Gen. 184 (92.00%): Max/Min/Avg Fitness(Raw) [18.84(84.79)/15.03(1.02)/15.70(15.70)]
Gen. 185 (92.50%): Max/Min/Avg Fitness(Raw) [19.58(84.79)/15.59(1.02)/16.32(16.32)]
Gen. 186 (93.00%): Max/Min/Avg Fitness(Raw) [18.68(84.79)/14.91(1.02)/15.57(15.57)]
Gen. 187 (93.50%): Max/Min/Avg Fitness(Raw) [19.34(84.79)/15.41(1.02)/16.12(16.12)]
Gen. 188 (94.00%): Max/Min/Avg Fitness(Raw) [18.00(84.79)/14.40(1.02)/15.00(15.00)]
Gen. 189 (94.50%): Max/Min/Avg Fitness(Raw) [19.26(84.79)/15.35(1.02)/16.05(16.05)]
Gen. 190 (95.00%): Max/Min/Avg Fitness(Raw) [19.21(84.79)/15.31(1.02)/16.01(16.01)]
Gen. 191 (95.50%): Max/Min/Avg Fitness(Raw) [18.85(84.79)/15.04(1.02)/15.71(15.71)]
Gen. 192 (96.00%): Max/Min/Avg Fitness(Raw) [18.32(84.79)/14.64(1.02)/15.27(15.27)]
Gen. 193 (96.50%): Max/Min/Avg Fitness(Raw) [18.75(84.79)/14.96(1.02)/15.62(15.62)]
Gen. 194 (97.00%): Max/Min/Avg Fitness(Raw) [19.23(84.79)/15.33(1.02)/16.03(16.03)]
Gen. 195 (97.50%): Max/Min/Avg Fitness(Raw) [19.42(84.79)/15.47(1.02)/16.19(16.19)]
Gen. 196 (98.00%): Max/Min/Avg Fitness(Raw) [18.51(84.79)/14.78(1.02)/15.42(15.42)]
Gen. 197 (98.50%): Max/Min/Avg Fitness(Raw) [18.98(84.79)/15.14(1.02)/15.82(15.82)]
Gen. 198 (99.00%): Max/Min/Avg Fitness(Raw) [18.67(86.16)/14.92(1.02)/15.56(15.56)]
Gen. 199 (99.50%): Max/Min/Avg Fitness(Raw) [23.08(86.16)/18.19(1.02)/19.23(19.23)]
Gen. 200 (100.00%): Max/Min/Avg Fitness(Raw) [23.89(86.16)/18.78(1.02)/19.91(19.91)]
Total time elapsed: 47675.665 seconds.
GA MSE : 0.976866
Best initial connection wetighs are set on Network
Setting FANN training parameters
Input layer                          :  70 neurons, 1 bias
  Hidden layer                       :  20 neurons, 1 bias
Output layer                         :   1 neurons
Total neurons and biases             :  93
Total connections                    :1441
Connection rate                      :   1.000
Network type                         :   FANN_NETTYPE_LAYER
Training algorithm                   :   FANN_TRAIN_RPROP
Training error function              :   FANN_ERRORFUNC_TANH
Training stop function               :   FANN_STOPFUNC_MSE
Bit fail limit                       :   0.350
Learning rate                        :   0.700
Learning momentum                    :   0.000
Quickprop decay                      :  -0.000100
Quickprop mu                         :   1.750
RPROP increase factor                :   1.001
RPROP decrease factor                :   0.333
RPROP delta min                      :   0.000
RPROP delta max                      :  50.000
Cascade output change fraction       :   0.010000
Cascade candidate change fraction    :   0.010000
Cascade output stagnation epochs     :  12
Cascade candidate stagnation epochs  :  12
Cascade max output epochs            : 150
Cascade max candidate epochs         : 150
Cascade weight multiplier            :   0.400
Cascade candidate limit              :1000.000
Cascade activation functions[0]      :   FANN_SIGMOID
Cascade activation functions[1]      :   FANN_SIGMOID_SYMMETRIC
Cascade activation functions[2]      :   FANN_GAUSSIAN
Cascade activation functions[3]      :   FANN_GAUSSIAN_SYMMETRIC
Cascade activation functions[4]      :   FANN_ELLIOT
Cascade activation functions[5]      :   FANN_ELLIOT_SYMMETRIC
Cascade activation functions[6]      :   FANN_SIN_SYMMETRIC
Cascade activation functions[7]      :   FANN_COS_SYMMETRIC
Cascade activation functions[8]      :   FANN_SIN
Cascade activation functions[9]      :   FANN_COS
Cascade activation steepnesses[0]    :   0.250
Cascade activation steepnesses[1]    :   0.500
Cascade activation steepnesses[2]    :   0.750
Cascade activation steepnesses[3]    :   1.000
Cascade candidate groups             :   2
Cascade no. of candidates            :  80
Start training network with 2-algorithm in FANN
Max epochs     8000. Desired error: 0.0010000000.
Epochs            1. Current error: 0.0116064418. Bit fail 202.
Epochs          100. Current error: 0.0122783110. Bit fail 216.
Epochs          200. Current error: 0.0119259777. Bit fail 208.
Epochs          300. Current error: 0.0118689435. Bit fail 208.
Epochs          400. Current error: 0.0118959574. Bit fail 208.
Epochs          500. Current error: 0.0117023531. Bit fail 206.
Epochs          600. Current error: 0.0116688972. Bit fail 217.
Epochs          700. Current error: 0.0116453301. Bit fail 216.
Epochs          800. Current error: 0.0115887737. Bit fail 216.
Epochs          900. Current error: 0.0114646181. Bit fail 214.
Epochs         1000. Current error: 0.0114279268. Bit fail 211.
Epochs         1100. Current error: 0.0112366891. Bit fail 224.
Epochs         1200. Current error: 0.0111493999. Bit fail 211.
Epochs         1300. Current error: 0.0112133427. Bit fail 212.
Epochs         1400. Current error: 0.0110900719. Bit fail 210.
Epochs         1500. Current error: 0.0110909827. Bit fail 210.
Epochs         1600. Current error: 0.0110747395. Bit fail 210.
Epochs         1700. Current error: 0.0109944660. Bit fail 209.
Epochs         1800. Current error: 0.0108963801. Bit fail 207.
Epochs         1900. Current error: 0.0108282380. Bit fail 204.
Epochs         2000. Current error: 0.0108088162. Bit fail 216.
Epochs         2100. Current error: 0.0106689902. Bit fail 213.
Epochs         2200. Current error: 0.0106176352. Bit fail 211.
Epochs         2300. Current error: 0.0105623668. Bit fail 210.
Epochs         2400. Current error: 0.0104783606. Bit fail 208.
Epochs     