Creating network.
The layer structure is following:
[70, 20, 1]
Setting newtork parameters
Getting training data : ALL_S6_959126400_hveto_channels_signif_dt_set_2_training.pat
Setting GA training parameters
Start running GA
Gen. 0 (0.00%): Max/Min/Avg Fitness(Raw) [25.29(57.87)/18.78(1.02)/21.08(21.08)]
Gen. 1 (0.50%): Max/Min/Avg Fitness(Raw) [22.86(59.34)/17.34(1.02)/19.05(19.05)]
Gen. 2 (1.00%): Max/Min/Avg Fitness(Raw) [12.40(59.34)/9.94(1.02)/10.33(10.33)]
Gen. 3 (1.50%): Max/Min/Avg Fitness(Raw) [13.18(59.34)/10.53(1.02)/10.98(10.98)]
Gen. 4 (2.00%): Max/Min/Avg Fitness(Raw) [12.92(59.34)/10.33(1.02)/10.76(10.76)]
Gen. 5 (2.50%): Max/Min/Avg Fitness(Raw) [13.52(62.08)/10.81(1.02)/11.27(11.27)]
Gen. 6 (3.00%): Max/Min/Avg Fitness(Raw) [20.03(62.75)/15.56(1.02)/16.69(16.69)]
Gen. 7 (3.50%): Max/Min/Avg Fitness(Raw) [17.37(65.07)/13.71(1.02)/14.48(14.48)]
Gen. 8 (4.00%): Max/Min/Avg Fitness(Raw) [18.20(65.07)/14.31(1.02)/15.17(15.17)]
Gen. 9 (4.50%): Max/Min/Avg Fitness(Raw) [17.67(66.19)/13.94(1.02)/14.72(14.72)]
Gen. 10 (5.00%): Max/Min/Avg Fitness(Raw) [11.53(66.19)/9.32(1.02)/9.61(9.61)]
Gen. 11 (5.50%): Max/Min/Avg Fitness(Raw) [12.46(70.88)/10.07(1.02)/10.39(10.39)]
Gen. 12 (6.00%): Max/Min/Avg Fitness(Raw) [10.16(70.88)/8.27(1.02)/8.47(8.47)]
Gen. 13 (6.50%): Max/Min/Avg Fitness(Raw) [10.29(70.88)/8.37(1.02)/8.58(8.58)]
Gen. 14 (7.00%): Max/Min/Avg Fitness(Raw) [10.25(70.88)/8.33(1.02)/8.54(8.54)]
Gen. 15 (7.50%): Max/Min/Avg Fitness(Raw) [10.98(70.88)/8.91(1.02)/9.15(9.15)]
Gen. 16 (8.00%): Max/Min/Avg Fitness(Raw) [10.13(70.88)/8.24(1.02)/8.44(8.44)]
Gen. 17 (8.50%): Max/Min/Avg Fitness(Raw) [9.69(70.88)/7.89(1.02)/8.07(8.07)]
Gen. 18 (9.00%): Max/Min/Avg Fitness(Raw) [10.24(70.88)/8.33(1.02)/8.53(8.53)]
Gen. 19 (9.50%): Max/Min/Avg Fitness(Raw) [11.30(70.88)/9.16(1.02)/9.42(9.42)]
Gen. 20 (10.00%): Max/Min/Avg Fitness(Raw) [10.25(70.88)/8.34(1.02)/8.54(8.54)]
Gen. 21 (10.50%): Max/Min/Avg Fitness(Raw) [11.38(70.88)/9.22(1.02)/9.48(9.48)]
Gen. 22 (11.00%): Max/Min/Avg Fitness(Raw) [10.32(70.88)/8.39(1.02)/8.60(8.60)]
Gen. 23 (11.50%): Max/Min/Avg Fitness(Raw) [10.21(71.55)/8.31(1.02)/8.51(8.51)]
Gen. 24 (12.00%): Max/Min/Avg Fitness(Raw) [12.90(71.55)/10.41(1.02)/10.75(10.75)]
Gen. 25 (12.50%): Max/Min/Avg Fitness(Raw) [13.04(71.55)/10.51(1.02)/10.87(10.87)]
Gen. 26 (13.00%): Max/Min/Avg Fitness(Raw) [12.78(72.42)/10.32(1.02)/10.65(10.65)]
Gen. 27 (13.50%): Max/Min/Avg Fitness(Raw) [19.96(73.03)/15.71(1.02)/16.63(16.63)]
Gen. 28 (14.00%): Max/Min/Avg Fitness(Raw) [21.17(73.03)/16.58(1.02)/17.64(17.64)]
Gen. 29 (14.50%): Max/Min/Avg Fitness(Raw) [22.28(73.03)/17.37(1.02)/18.57(18.57)]
Gen. 30 (15.00%): Max/Min/Avg Fitness(Raw) [21.27(73.03)/16.65(1.02)/17.72(17.72)]
Gen. 31 (15.50%): Max/Min/Avg Fitness(Raw) [20.51(73.03)/16.11(1.02)/17.10(17.10)]
Gen. 32 (16.00%): Max/Min/Avg Fitness(Raw) [21.18(75.25)/16.63(1.02)/17.65(17.65)]
Gen. 33 (16.50%): Max/Min/Avg Fitness(Raw) [18.34(75.25)/14.56(1.02)/15.29(15.29)]
Gen. 34 (17.00%): Max/Min/Avg Fitness(Raw) [16.85(75.25)/13.44(1.02)/14.04(14.04)]
Gen. 35 (17.50%): Max/Min/Avg Fitness(Raw) [17.00(77.60)/13.58(1.02)/14.16(14.16)]
Gen. 36 (18.00%): Max/Min/Avg Fitness(Raw) [24.81(79.17)/19.28(1.02)/20.67(20.67)]
Gen. 37 (18.50%): Max/Min/Avg Fitness(Raw) [32.86(79.17)/24.60(1.02)/27.38(27.38)]
Gen. 38 (19.00%): Max/Min/Avg Fitness(Raw) [32.46(79.17)/24.35(1.02)/27.05(27.05)]
Gen. 39 (19.50%): Max/Min/Avg Fitness(Raw) [32.36(79.17)/24.29(1.02)/26.97(26.97)]
Gen. 40 (20.00%): Max/Min/Avg Fitness(Raw) [32.76(79.17)/24.53(1.02)/27.30(27.30)]
Gen. 41 (20.50%): Max/Min/Avg Fitness(Raw) [32.48(79.17)/24.36(1.02)/27.07(27.07)]
Gen. 42 (21.00%): Max/Min/Avg Fitness(Raw) [33.71(79.17)/25.12(1.02)/28.10(28.10)]
Gen. 43 (21.50%): Max/Min/Avg Fitness(Raw) [32.45(79.17)/24.34(1.02)/27.04(27.04)]
Gen. 44 (22.00%): Max/Min/Avg Fitness(Raw) [32.97(79.17)/24.66(1.02)/27.48(27.48)]
Gen. 45 (22.50%): Max/Min/Avg Fitness(Raw) [32.99(81.61)/24.80(1.02)/27.49(27.49)]
Gen. 46 (23.00%): Max/Min/Avg Fitness(Raw) [16.56(81.61)/13.28(1.02)/13.80(13.80)]
Gen. 47 (23.50%): Max/Min/Avg Fitness(Raw) [16.77(81.61)/13.44(1.02)/13.97(13.97)]
Gen. 48 (24.00%): Max/Min/Avg Fitness(Raw) [17.38(81.61)/13.90(1.02)/14.48(14.48)]
Gen. 49 (24.50%): Max/Min/Avg Fitness(Raw) [16.63(81.61)/13.33(1.02)/13.86(13.86)]
Gen. 50 (25.00%): Max/Min/Avg Fitness(Raw) [17.69(81.61)/14.13(1.02)/14.74(14.74)]
Gen. 51 (25.50%): Max/Min/Avg Fitness(Raw) [16.74(81.61)/13.42(1.02)/13.95(13.95)]
Gen. 52 (26.00%): Max/Min/Avg Fitness(Raw) [16.32(81.61)/13.10(1.02)/13.60(13.60)]
Gen. 53 (26.50%): Max/Min/Avg Fitness(Raw) [16.85(81.61)/13.50(1.02)/14.05(14.05)]
Gen. 54 (27.00%): Max/Min/Avg Fitness(Raw) [16.27(81.61)/13.06(1.02)/13.56(13.56)]
Gen. 55 (27.50%): Max/Min/Avg Fitness(Raw) [15.97(81.61)/12.83(1.02)/13.31(13.31)]
Gen. 56 (28.00%): Max/Min/Avg Fitness(Raw) [16.95(81.61)/13.58(1.02)/14.13(14.13)]
Gen. 57 (28.50%): Max/Min/Avg Fitness(Raw) [17.22(81.61)/13.78(1.02)/14.35(14.35)]
Gen. 58 (29.00%): Max/Min/Avg Fitness(Raw) [16.87(81.61)/13.52(1.02)/14.06(14.06)]
Gen. 59 (29.50%): Max/Min/Avg Fitness(Raw) [18.72(81.61)/14.91(1.02)/15.60(15.60)]
Gen. 60 (30.00%): Max/Min/Avg Fitness(Raw) [17.10(81.61)/13.69(1.02)/14.25(14.25)]
Gen. 61 (30.50%): Max/Min/Avg Fitness(Raw) [17.93(81.61)/14.32(1.02)/14.94(14.94)]
Gen. 62 (31.00%): Max/Min/Avg Fitness(Raw) [17.72(81.61)/14.16(1.02)/14.77(14.77)]
Gen. 63 (31.50%): Max/Min/Avg Fitness(Raw) [17.07(81.61)/13.66(1.02)/14.22(14.22)]
Gen. 64 (32.00%): Max/Min/Avg Fitness(Raw) [17.60(81.61)/14.07(1.02)/14.67(14.67)]
Gen. 65 (32.50%): Max/Min/Avg Fitness(Raw) [16.40(81.61)/13.16(1.02)/13.66(13.66)]
Gen. 66 (33.00%): Max/Min/Avg Fitness(Raw) [17.20(81.61)/13.76(1.02)/14.33(14.33)]
Gen. 67 (33.50%): Max/Min/Avg Fitness(Raw) [17.17(81.61)/13.74(1.02)/14.31(14.31)]
Gen. 68 (34.00%): Max/Min/Avg Fitness(Raw) [17.41(81.61)/13.93(1.02)/14.51(14.51)]
Gen. 69 (34.50%): Max/Min/Avg Fitness(Raw) [17.60(81.61)/14.07(1.02)/14.67(14.67)]
Gen. 70 (35.00%): Max/Min/Avg Fitness(Raw) [18.59(81.61)/14.82(1.02)/15.50(15.50)]
Gen. 71 (35.50%): Max/Min/Avg Fitness(Raw) [17.72(81.61)/14.16(1.02)/14.77(14.77)]
Gen. 72 (36.00%): Max/Min/Avg Fitness(Raw) [16.59(81.61)/13.31(1.02)/13.83(13.83)]
Gen. 73 (36.50%): Max/Min/Avg Fitness(Raw) [17.68(81.61)/14.13(1.02)/14.73(14.73)]
Gen. 74 (37.00%): Max/Min/Avg Fitness(Raw) [16.55(81.61)/13.27(1.02)/13.79(13.79)]
Gen. 75 (37.50%): Max/Min/Avg Fitness(Raw) [18.16(81.61)/14.49(1.02)/15.13(15.13)]
Gen. 76 (38.00%): Max/Min/Avg Fitness(Raw) [17.15(81.61)/13.72(1.02)/14.29(14.29)]
Gen. 77 (38.50%): Max/Min/Avg Fitness(Raw) [17.04(81.61)/13.65(1.02)/14.20(14.20)]
Gen. 78 (39.00%): Max/Min/Avg Fitness(Raw) [17.36(81.61)/13.88(1.02)/14.46(14.46)]
Gen. 79 (39.50%): Max/Min/Avg Fitness(Raw) [16.67(81.61)/13.36(1.02)/13.89(13.89)]
Gen. 80 (40.00%): Max/Min/Avg Fitness(Raw) [17.19(81.61)/13.76(1.02)/14.32(14.32)]
Gen. 81 (40.50%): Max/Min/Avg Fitness(Raw) [17.63(81.61)/14.09(1.02)/14.69(14.69)]
Gen. 82 (41.00%): Max/Min/Avg Fitness(Raw) [16.30(81.61)/13.08(1.02)/13.58(13.58)]
Gen. 83 (41.50%): Max/Min/Avg Fitness(Raw) [15.64(81.61)/12.57(1.02)/13.03(13.03)]
Gen. 84 (42.00%): Max/Min/Avg Fitness(Raw) [16.85(81.61)/13.50(1.02)/14.04(14.04)]
Gen. 85 (42.50%): Max/Min/Avg Fitness(Raw) [17.37(81.61)/13.89(1.02)/14.48(14.48)]
Gen. 86 (43.00%): Max/Min/Avg Fitness(Raw) [16.62(81.61)/13.32(1.02)/13.85(13.85)]
Gen. 87 (43.50%): Max/Min/Avg Fitness(Raw) [16.92(81.61)/13.55(1.02)/14.10(14.10)]
Gen. 88 (44.00%): Max/Min/Avg Fitness(Raw) [16.94(81.61)/13.57(1.02)/14.12(14.12)]
Gen. 89 (44.50%): Max/Min/Avg Fitness(Raw) [17.22(81.61)/13.78(1.02)/14.35(14.35)]
Gen. 90 (45.00%): Max/Min/Avg Fitness(Raw) [17.67(81.61)/14.12(1.02)/14.72(14.72)]
Gen. 91 (45.50%): Max/Min/Avg Fitness(Raw) [16.13(81.61)/12.95(1.02)/13.44(13.44)]
Gen. 92 (46.00%): Max/Min/Avg Fitness(Raw) [17.21(81.61)/13.77(1.02)/14.34(14.34)]
Gen. 93 (46.50%): Max/Min/Avg Fitness(Raw) [17.41(81.61)/13.93(1.02)/14.51(14.51)]
Gen. 94 (47.00%): Max/Min/Avg Fitness(Raw) [16.94(81.61)/13.57(1.02)/14.12(14.12)]
Gen. 95 (47.50%): Max/Min/Avg Fitness(Raw) [17.06(81.61)/13.66(1.02)/14.21(14.21)]
Gen. 96 (48.00%): Max/Min/Avg Fitness(Raw) [17.17(81.61)/13.74(1.02)/14.31(14.31)]
Gen. 97 (48.50%): Max/Min/Avg Fitness(Raw) [16.71(81.61)/13.39(1.02)/13.92(13.92)]
Gen. 98 (49.00%): Max/Min/Avg Fitness(Raw) [16.91(81.61)/13.55(1.02)/14.09(14.09)]
Gen. 99 (49.50%): Max/Min/Avg Fitness(Raw) [17.10(81.61)/13.69(1.02)/14.25(14.25)]
Gen. 100 (50.00%): Max/Min/Avg Fitness(Raw) [17.21(81.61)/13.77(1.02)/14.34(14.34)]
Gen. 101 (50.50%): Max/Min/Avg Fitness(Raw) [17.09(81.61)/13.68(1.02)/14.24(14.24)]
Gen. 102 (51.00%): Max/Min/Avg Fitness(Raw) [16.40(81.61)/13.15(1.02)/13.66(13.66)]
Gen. 103 (51.50%): Max/Min/Avg Fitness(Raw) [16.62(81.61)/13.33(1.02)/13.85(13.85)]
Gen. 104 (52.00%): Max/Min/Avg Fitness(Raw) [16.75(81.61)/13.43(1.02)/13.96(13.96)]
Gen. 105 (52.50%): Max/Min/Avg Fitness(Raw) [16.76(81.61)/13.44(1.02)/13.97(13.97)]
Gen. 106 (53.00%): Max/Min/Avg Fitness(Raw) [16.97(81.61)/13.59(1.02)/14.14(14.14)]
Gen. 107 (53.50%): Max/Min/Avg Fitness(Raw) [16.48(81.61)/13.22(1.02)/13.73(13.73)]
Gen. 108 (54.00%): Max/Min/Avg Fitness(Raw) [17.16(81.61)/13.74(1.02)/14.30(14.30)]
Gen. 109 (54.50%): Max/Min/Avg Fitness(Raw) [17.38(81.61)/13.90(1.02)/14.48(14.48)]
Gen. 110 (55.00%): Max/Min/Avg Fitness(Raw) [17.17(81.61)/13.74(1.02)/14.31(14.31)]
Gen. 111 (55.50%): Max/Min/Avg Fitness(Raw) [17.86(81.61)/14.26(1.02)/14.88(14.88)]
Gen. 112 (56.00%): Max/Min/Avg Fitness(Raw) [17.01(81.61)/13.62(1.02)/14.17(14.17)]
Gen. 113 (56.50%): Max/Min/Avg Fitness(Raw) [17.62(81.61)/14.08(1.02)/14.68(14.68)]
Gen. 114 (57.00%): Max/Min/Avg Fitness(Raw) [18.03(81.61)/14.39(1.02)/15.02(15.02)]
Gen. 115 (57.50%): Max/Min/Avg Fitness(Raw) [17.08(81.61)/13.68(1.02)/14.24(14.24)]
Gen. 116 (58.00%): Max/Min/Avg Fitness(Raw) [16.89(81.61)/13.53(1.02)/14.07(14.07)]
Gen. 117 (58.50%): Max/Min/Avg Fitness(Raw) [16.68(81.61)/13.37(1.02)/13.90(13.90)]
Gen. 118 (59.00%): Max/Min/Avg Fitness(Raw) [15.52(81.61)/12.49(1.02)/12.94(12.94)]
Gen. 119 (59.50%): Max/Min/Avg Fitness(Raw) [16.49(81.61)/13.23(1.02)/13.74(13.74)]
Gen. 120 (60.00%): Max/Min/Avg Fitness(Raw) [16.92(81.61)/13.56(1.02)/14.10(14.10)]
Gen. 121 (60.50%): Max/Min/Avg Fitness(Raw) [16.60(81.61)/13.31(1.02)/13.83(13.83)]
Gen. 122 (61.00%): Max/Min/Avg Fitness(Raw) [16.80(81.61)/13.47(1.02)/14.00(14.00)]
Gen. 123 (61.50%): Max/Min/Avg Fitness(Raw) [16.82(81.61)/13.48(1.02)/14.01(14.01)]
Gen. 124 (62.00%): Max/Min/Avg Fitness(Raw) [17.30(81.61)/13.84(1.02)/14.41(14.41)]
Gen. 125 (62.50%): Max/Min/Avg Fitness(Raw) [17.98(81.61)/14.36(1.02)/14.98(14.98)]
Gen. 126 (63.00%): Max/Min/Avg Fitness(Raw) [16.97(81.61)/13.59(1.02)/14.14(14.14)]
Gen. 127 (63.50%): Max/Min/Avg Fitness(Raw) [16.64(81.61)/13.34(1.02)/13.87(13.87)]
Gen. 128 (64.00%): Max/Min/Avg Fitness(Raw) [16.74(81.61)/13.42(1.02)/13.95(13.95)]
Gen. 129 (64.50%): Max/Min/Avg Fitness(Raw) [17.01(82.48)/13.63(1.02)/14.18(14.18)]
Gen. 130 (65.00%): Max/Min/Avg Fitness(Raw) [17.20(82.48)/13.77(1.02)/14.33(14.33)]
Gen. 131 (65.50%): Max/Min/Avg Fitness(Raw) [17.01(82.48)/13.63(1.02)/14.17(14.17)]
Gen. 132 (66.00%): Max/Min/Avg Fitness(Raw) [17.28(82.48)/13.83(1.02)/14.40(14.40)]
Gen. 133 (66.50%): Max/Min/Avg Fitness(Raw) [18.40(82.48)/14.68(1.02)/15.33(15.33)]
Gen. 134 (67.00%): Max/Min/Avg Fitness(Raw) [18.61(82.48)/14.83(1.02)/15.50(15.50)]
Gen. 135 (67.50%): Max/Min/Avg Fitness(Raw) [18.24(82.48)/14.56(1.02)/15.20(15.20)]
Gen. 136 (68.00%): Max/Min/Avg Fitness(Raw) [17.50(82.48)/14.00(1.02)/14.58(14.58)]
Gen. 137 (68.50%): Max/Min/Avg Fitness(Raw) [17.53(82.48)/14.02(1.02)/14.60(14.60)]
Gen. 138 (69.00%): Max/Min/Avg Fitness(Raw) [17.85(82.48)/14.26(1.02)/14.87(14.87)]
Gen. 139 (69.50%): Max/Min/Avg Fitness(Raw) [18.93(82.48)/15.08(1.02)/15.77(15.77)]
Gen. 140 (70.00%): Max/Min/Avg Fitness(Raw) [17.02(82.48)/13.64(1.02)/14.18(14.18)]
Gen. 141 (70.50%): Max/Min/Avg Fitness(Raw) [17.22(82.48)/13.79(1.02)/14.35(14.35)]
Gen. 142 (71.00%): Max/Min/Avg Fitness(Raw) [17.78(82.48)/14.21(1.02)/14.82(14.82)]
Gen. 143 (71.50%): Max/Min/Avg Fitness(Raw) [17.45(82.48)/13.97(1.02)/14.55(14.55)]
Gen. 144 (72.00%): Max/Min/Avg Fitness(Raw) [16.93(82.48)/13.57(1.02)/14.11(14.11)]
Gen. 145 (72.50%): Max/Min/Avg Fitness(Raw) [18.37(82.48)/14.66(1.02)/15.31(15.31)]
Gen. 146 (73.00%): Max/Min/Avg Fitness(Raw) [17.49(82.48)/13.99(1.02)/14.58(14.58)]
Gen. 147 (73.50%): Max/Min/Avg Fitness(Raw) [18.15(82.48)/14.49(1.02)/15.12(15.12)]
Gen. 148 (74.00%): Max/Min/Avg Fitness(Raw) [18.37(82.48)/14.66(1.02)/15.31(15.31)]
Gen. 149 (74.50%): Max/Min/Avg Fitness(Raw) [17.51(82.48)/14.01(1.02)/14.59(14.59)]
Gen. 150 (75.00%): Max/Min/Avg Fitness(Raw) [17.54(82.48)/14.03(1.02)/14.62(14.62)]
Gen. 151 (75.50%): Max/Min/Avg Fitness(Raw) [18.19(82.48)/14.52(1.02)/15.16(15.16)]
Gen. 152 (76.00%): Max/Min/Avg Fitness(Raw) [18.49(82.48)/14.75(1.02)/15.41(15.41)]
Gen. 153 (76.50%): Max/Min/Avg Fitness(Raw) [18.75(82.48)/14.95(1.02)/15.63(15.63)]
Gen. 154 (77.00%): Max/Min/Avg Fitness(Raw) [17.50(82.48)/14.00(1.02)/14.58(14.58)]
Gen. 155 (77.50%): Max/Min/Avg Fitness(Raw) [17.91(82.48)/14.31(1.02)/14.92(14.92)]
Gen. 156 (78.00%): Max/Min/Avg Fitness(Raw) [19.11(82.48)/15.21(1.02)/15.92(15.92)]
Gen. 157 (78.50%): Max/Min/Avg Fitness(Raw) [18.03(82.48)/14.40(1.02)/15.03(15.03)]
Gen. 158 (79.00%): Max/Min/Avg Fitness(Raw) [17.94(82.48)/14.34(1.02)/14.95(14.95)]
Gen. 159 (79.50%): Max/Min/Avg Fitness(Raw) [17.41(82.48)/13.93(1.02)/14.51(14.51)]
Gen. 160 (80.00%): Max/Min/Avg Fitness(Raw) [17.54(82.48)/14.03(1.02)/14.61(14.61)]
Gen. 161 (80.50%): Max/Min/Avg Fitness(Raw) [18.23(82.48)/14.55(1.02)/15.19(15.19)]
Gen. 162 (81.00%): Max/Min/Avg Fitness(Raw) [17.48(82.48)/13.98(1.02)/14.56(14.56)]
Gen. 163 (81.50%): Max/Min/Avg Fitness(Raw) [17.71(82.48)/14.16(1.02)/14.76(14.76)]
Gen. 164 (82.00%): Max/Min/Avg Fitness(Raw) [17.60(82.48)/14.08(1.02)/14.67(14.67)]
Gen. 165 (82.50%): Max/Min/Avg Fitness(Raw) [17.73(82.48)/14.18(1.02)/14.78(14.78)]
Gen. 166 (83.00%): Max/Min/Avg Fitness(Raw) [18.00(82.48)/14.38(1.02)/15.00(15.00)]
Gen. 167 (83.50%): Max/Min/Avg Fitness(Raw) [17.94(82.48)/14.33(1.02)/14.95(14.95)]
Gen. 168 (84.00%): Max/Min/Avg Fitness(Raw) [18.67(82.48)/14.88(1.02)/15.56(15.56)]
Gen. 169 (84.50%): Max/Min/Avg Fitness(Raw) [17.47(82.48)/13.98(1.02)/14.56(14.56)]
Gen. 170 (85.00%): Max/Min/Avg Fitness(Raw) [17.14(82.48)/13.73(1.02)/14.29(14.29)]
Gen. 171 (85.50%): Max/Min/Avg Fitness(Raw) [17.21(82.48)/13.78(1.02)/14.34(14.34)]
Gen. 172 (86.00%): Max/Min/Avg Fitness(Raw) [16.91(82.48)/13.55(1.02)/14.09(14.09)]
Gen. 173 (86.50%): Max/Min/Avg Fitness(Raw) [16.97(82.48)/13.60(1.02)/14.14(14.14)]
Gen. 174 (87.00%): Max/Min/Avg Fitness(Raw) [18.41(82.48)/14.68(1.02)/15.34(15.34)]
Gen. 175 (87.50%): Max/Min/Avg Fitness(Raw) [18.14(82.48)/14.48(1.02)/15.11(15.11)]
Gen. 176 (88.00%): Max/Min/Avg Fitness(Raw) [17.74(82.48)/14.18(1.02)/14.78(14.78)]
Gen. 177 (88.50%): Max/Min/Avg Fitness(Raw) [18.24(82.48)/14.56(1.02)/15.20(15.20)]
Gen. 178 (89.00%): Max/Min/Avg Fitness(Raw) [17.82(82.48)/14.24(1.02)/14.85(14.85)]
Gen. 179 (89.50%): Max/Min/Avg Fitness(Raw) [17.88(82.48)/14.29(1.02)/14.90(14.90)]
Gen. 180 (90.00%): Max/Min/Avg Fitness(Raw) [17.79(82.48)/14.22(1.02)/14.82(14.82)]
Gen. 181 (90.50%): Max/Min/Avg Fitness(Raw) [18.30(82.48)/14.60(1.02)/15.25(15.25)]
Gen. 182 (91.00%): Max/Min/Avg Fitness(Raw) [18.14(82.48)/14.48(1.02)/15.12(15.12)]
Gen. 183 (91.50%): Max/Min/Avg Fitness(Raw) [16.65(82.48)/13.36(1.02)/13.88(13.88)]
Gen. 184 (92.00%):