Creating network.
The layer structure is following:
[70, 15, 1]
Setting newtork parameters
Getting training data : ALL_S6_959126400_hveto_channels_signif_dt_set_7_training.pat
Setting GA training parameters
Start running GA
Gen. 0 (0.00%): Max/Min/Avg Fitness(Raw) [25.25(59.36)/18.84(1.02)/21.04(21.04)]
Gen. 1 (1.00%): Max/Min/Avg Fitness(Raw) [65.12(64.87)/0.00(1.02)/52.43(52.43)]
Gen. 2 (2.00%): Max/Min/Avg Fitness(Raw) [68.53(68.23)/0.00(1.02)/52.77(52.77)]
Gen. 3 (3.00%): Max/Min/Avg Fitness(Raw) [72.70(72.41)/0.00(1.02)/56.80(56.80)]
Gen. 4 (4.00%): Max/Min/Avg Fitness(Raw) [74.52(74.21)/0.00(1.02)/57.47(57.47)]
Gen. 5 (5.00%): Max/Min/Avg Fitness(Raw) [76.03(75.72)/0.00(1.02)/58.45(58.45)]
Gen. 6 (6.00%): Max/Min/Avg Fitness(Raw) [77.49(77.14)/0.00(1.02)/57.62(57.62)]
Gen. 7 (7.00%): Max/Min/Avg Fitness(Raw) [78.56(78.23)/0.00(1.02)/59.40(59.40)]
Gen. 8 (8.00%): Max/Min/Avg Fitness(Raw) [79.39(79.06)/0.00(1.02)/60.41(60.41)]
Gen. 9 (9.00%): Max/Min/Avg Fitness(Raw) [80.49(80.16)/0.00(1.02)/60.74(60.74)]
Gen. 10 (10.00%): Max/Min/Avg Fitness(Raw) [81.13(80.79)/0.00(1.02)/61.06(61.06)]
Gen. 11 (11.00%): Max/Min/Avg Fitness(Raw) [82.01(81.68)/0.00(1.02)/61.96(61.96)]
Gen. 12 (12.00%): Max/Min/Avg Fitness(Raw) [82.65(82.32)/0.00(1.02)/62.51(62.51)]
Gen. 13 (13.00%): Max/Min/Avg Fitness(Raw) [83.24(82.89)/0.00(1.02)/61.91(61.91)]
Gen. 14 (14.00%): Max/Min/Avg Fitness(Raw) [84.14(83.77)/0.00(1.02)/61.64(61.64)]
Gen. 15 (15.00%): Max/Min/Avg Fitness(Raw) [84.71(84.36)/0.00(1.02)/63.13(63.13)]
Gen. 16 (16.00%): Max/Min/Avg Fitness(Raw) [85.22(84.88)/0.00(1.02)/63.66(63.66)]
Gen. 17 (17.00%): Max/Min/Avg Fitness(Raw) [85.71(85.35)/0.00(1.02)/63.63(63.63)]
Gen. 18 (18.00%): Max/Min/Avg Fitness(Raw) [86.32(85.96)/0.00(1.02)/63.69(63.69)]
Gen. 19 (19.00%): Max/Min/Avg Fitness(Raw) [86.80(86.45)/0.00(1.02)/64.79(64.79)]
Gen. 20 (20.00%): Max/Min/Avg Fitness(Raw) [87.77(87.42)/0.00(1.02)/65.32(65.32)]
Gen. 21 (21.00%): Max/Min/Avg Fitness(Raw) [88.52(88.17)/0.00(1.02)/65.99(65.99)]
Gen. 22 (22.00%): Max/Min/Avg Fitness(Raw) [88.94(88.59)/0.00(1.02)/66.26(66.26)]
Gen. 23 (23.00%): Max/Min/Avg Fitness(Raw) [89.24(88.89)/0.00(1.02)/66.09(66.09)]
Gen. 24 (24.00%): Max/Min/Avg Fitness(Raw) [89.70(89.34)/0.00(1.02)/66.41(66.41)]
Gen. 25 (25.00%): Max/Min/Avg Fitness(Raw) [89.87(89.52)/0.00(1.02)/67.04(67.04)]
Gen. 26 (26.00%): Max/Min/Avg Fitness(Raw) [90.10(89.75)/0.00(1.02)/67.24(67.24)]
Gen. 27 (27.00%): Max/Min/Avg Fitness(Raw) [90.25(89.90)/0.00(1.02)/67.27(67.27)]
Gen. 28 (28.00%): Max/Min/Avg Fitness(Raw) [90.49(90.14)/0.00(1.02)/67.39(67.39)]
Gen. 29 (29.00%): Max/Min/Avg Fitness(Raw) [90.95(90.61)/0.00(1.02)/68.43(68.43)]
Gen. 30 (30.00%): Max/Min/Avg Fitness(Raw) [91.93(91.58)/0.00(1.02)/68.51(68.51)]
Gen. 31 (31.00%): Max/Min/Avg Fitness(Raw) [92.77(92.42)/0.00(1.02)/69.31(69.31)]
Gen. 32 (32.00%): Max/Min/Avg Fitness(Raw) [92.94(92.60)/0.00(1.02)/69.70(69.70)]
Gen. 33 (33.00%): Max/Min/Avg Fitness(Raw) [93.40(93.06)/0.00(1.02)/70.43(70.43)]
Gen. 34 (34.00%): Max/Min/Avg Fitness(Raw) [93.67(93.31)/0.00(1.02)/69.24(69.24)]
Gen. 35 (35.00%): Max/Min/Avg Fitness(Raw) [93.88(93.51)/0.00(1.02)/69.04(69.04)]
Gen. 36 (36.00%): Max/Min/Avg Fitness(Raw) [94.29(93.92)/0.00(1.02)/69.33(69.33)]
Gen. 37 (37.00%): Max/Min/Avg Fitness(Raw) [94.92(94.53)/0.00(1.02)/68.70(68.70)]
Gen. 38 (38.00%): Max/Min/Avg Fitness(Raw) [95.56(95.18)/0.00(1.02)/69.84(69.84)]
Gen. 39 (39.00%): Max/Min/Avg Fitness(Raw) [95.92(95.56)/0.00(1.02)/70.97(70.97)]
Gen. 40 (40.00%): Max/Min/Avg Fitness(Raw) [96.56(96.20)/0.00(1.02)/71.44(71.44)]
Gen. 41 (41.00%): Max/Min/Avg Fitness(Raw) [97.03(96.65)/0.00(1.02)/70.46(70.46)]
Gen. 42 (42.00%): Max/Min/Avg Fitness(Raw) [97.92(97.57)/0.00(1.02)/72.82(72.82)]
Gen. 43 (43.00%): Max/Min/Avg Fitness(Raw) [98.27(97.90)/0.00(1.02)/72.23(72.23)]
Gen. 44 (44.00%): Max/Min/Avg Fitness(Raw) [99.01(98.63)/0.00(1.02)/72.09(72.09)]
Gen. 45 (45.00%): Max/Min/Avg Fitness(Raw) [99.79(99.40)/0.00(1.02)/72.45(72.45)]
Gen. 46 (46.00%): Max/Min/Avg Fitness(Raw) [100.60(100.20)/0.00(1.02)/72.42(72.42)]
Gen. 47 (47.00%): Max/Min/Avg Fitness(Raw) [100.88(100.51)/0.00(1.02)/73.83(73.83)]
Gen. 48 (48.00%): Max/Min/Avg Fitness(Raw) [100.88(100.52)/0.00(1.02)/74.40(74.40)]
Gen. 49 (49.00%): Max/Min/Avg Fitness(Raw) [100.88(100.52)/0.00(1.02)/74.59(74.59)]
Gen. 50 (50.00%): Max/Min/Avg Fitness(Raw) [101.48(101.11)/0.00(1.02)/74.81(74.81)]
Gen. 51 (51.00%): Max/Min/Avg Fitness(Raw) [101.95(101.59)/0.00(1.02)/75.12(75.12)]
Gen. 52 (52.00%): Max/Min/Avg Fitness(Raw) [102.12(101.74)/0.00(1.02)/74.54(74.54)]
Gen. 53 (53.00%): Max/Min/Avg Fitness(Raw) [102.86(102.47)/0.00(1.02)/74.64(74.64)]
Gen. 54 (54.00%): Max/Min/Avg Fitness(Raw) [103.16(102.76)/0.00(1.02)/74.08(74.08)]
Gen. 55 (55.00%): Max/Min/Avg Fitness(Raw) [103.51(103.12)/0.00(1.02)/74.89(74.89)]
Gen. 56 (56.00%): Max/Min/Avg Fitness(Raw) [103.67(103.28)/0.00(1.02)/75.06(75.06)]
Gen. 57 (57.00%): Max/Min/Avg Fitness(Raw) [104.35(103.94)/0.00(1.02)/74.40(74.40)]
Gen. 58 (58.00%): Max/Min/Avg Fitness(Raw) [104.68(104.30)/0.00(1.02)/76.17(76.17)]
Gen. 59 (59.00%): Max/Min/Avg Fitness(Raw) [104.84(104.44)/0.00(1.02)/75.33(75.33)]
Gen. 60 (60.00%): Max/Min/Avg Fitness(Raw) [105.00(104.60)/0.00(1.02)/75.45(75.45)]
Gen. 61 (61.00%): Max/Min/Avg Fitness(Raw) [105.04(104.66)/0.00(1.02)/76.52(76.52)]
Gen. 62 (62.00%): Max/Min/Avg Fitness(Raw) [105.05(104.66)/0.00(1.02)/76.14(76.14)]
Gen. 63 (63.00%): Max/Min/Avg Fitness(Raw) [105.06(104.66)/0.00(1.02)/75.69(75.69)]
Gen. 64 (64.00%): Max/Min/Avg Fitness(Raw) [105.06(104.66)/0.00(1.02)/75.79(75.79)]
Gen. 65 (65.00%): Max/Min/Avg Fitness(Raw) [105.06(104.66)/0.00(1.02)/75.77(75.77)]
Gen. 66 (66.00%): Max/Min/Avg Fitness(Raw) [105.51(105.12)/0.00(1.02)/76.19(76.19)]
Gen. 67 (67.00%): Max/Min/Avg Fitness(Raw) [105.51(105.12)/0.00(1.02)/76.15(76.15)]
Gen. 68 (68.00%): Max/Min/Avg Fitness(Raw) [105.66(105.26)/0.00(1.02)/76.28(76.28)]
Gen. 69 (69.00%): Max/Min/Avg Fitness(Raw) [105.87(105.47)/0.00(1.02)/76.28(76.28)]
Gen. 70 (70.00%): Max/Min/Avg Fitness(Raw) [105.88(105.47)/0.00(1.02)/75.45(75.45)]
Gen. 71 (71.00%): Max/Min/Avg Fitness(Raw) [105.92(105.51)/0.00(1.02)/75.51(75.51)]
Gen. 72 (72.00%): Max/Min/Avg Fitness(Raw) [106.26(105.85)/0.00(1.02)/76.05(76.05)]
Gen. 73 (73.00%): Max/Min/Avg Fitness(Raw) [89.88(106.27)/39.62(1.02)/74.90(74.90)]
Gen. 74 (74.00%): Max/Min/Avg Fitness(Raw) [107.55(107.13)/0.00(1.02)/76.42(76.42)]
Gen. 75 (75.00%): Max/Min/Avg Fitness(Raw) [107.91(107.49)/0.00(1.02)/76.51(76.51)]
Gen. 76 (76.00%): Max/Min/Avg Fitness(Raw) [108.13(107.72)/0.00(1.02)/76.89(76.89)]
Gen. 77 (77.00%): Max/Min/Avg Fitness(Raw) [91.75(108.24)/40.16(1.02)/76.46(76.46)]
Gen. 78 (78.00%): Max/Min/Avg Fitness(Raw) [92.51(108.59)/39.85(1.02)/77.09(77.09)]
Gen. 79 (79.00%): Max/Min/Avg Fitness(Raw) [109.06(108.64)/0.00(1.02)/77.17(77.17)]
Gen. 80 (80.00%): Max/Min/Avg Fitness(Raw) [92.76(109.09)/40.20(1.02)/77.30(77.30)]
Gen. 81 (81.00%): Max/Min/Avg Fitness(Raw) [109.59(109.18)/0.00(1.02)/78.21(78.21)]
Gen. 82 (82.00%): Max/Min/Avg Fitness(Raw) [109.95(109.53)/0.00(1.02)/77.94(77.94)]
Gen. 83 (83.00%): Max/Min/Avg Fitness(Raw) [92.99(109.53)/40.50(1.02)/77.49(77.49)]
Gen. 84 (84.00%): Max/Min/Avg Fitness(Raw) [109.95(109.53)/0.00(1.02)/77.88(77.88)]
Gen. 85 (85.00%): Max/Min/Avg Fitness(Raw) [110.15(109.72)/0.00(1.02)/77.97(77.97)]
Gen. 86 (86.00%): Max/Min/Avg Fitness(Raw) [110.15(109.73)/0.00(1.02)/78.18(78.18)]
Gen. 87 (87.00%): Max/Min/Avg Fitness(Raw) [92.93(110.26)/41.37(1.02)/77.45(77.45)]
Gen. 88 (88.00%): Max/Min/Avg Fitness(Raw) [93.34(110.26)/41.01(1.02)/77.79(77.79)]
Gen. 89 (89.00%): Max/Min/Avg Fitness(Raw) [93.19(110.31)/41.21(1.02)/77.65(77.65)]
Gen. 90 (90.00%): Max/Min/Avg Fitness(Raw) [93.69(110.51)/40.97(1.02)/78.08(78.08)]
Gen. 91 (91.00%): Max/Min/Avg Fitness(Raw) [93.20(110.80)/41.74(1.02)/77.67(77.67)]
Gen. 92 (92.00%): Max/Min/Avg Fitness(Raw) [93.98(110.96)/41.22(1.02)/78.32(78.32)]
Gen. 93 (93.00%): Max/Min/Avg Fitness(Raw) [93.93(111.72)/42.12(1.02)/78.28(78.28)]
Gen. 94 (94.00%): Max/Min/Avg Fitness(Raw) [94.98(111.92)/41.41(1.02)/79.15(79.15)]
Gen. 95 (95.00%): Max/Min/Avg Fitness(Raw) [94.74(112.22)/41.97(1.02)/78.95(78.95)]
Gen. 96 (96.00%): Max/Min/Avg Fitness(Raw) [95.83(112.65)/41.47(1.02)/79.85(79.85)]
Gen. 97 (97.00%): Max/Min/Avg Fitness(Raw) [113.45(113.04)/0.00(1.02)/81.08(81.08)]
Gen. 98 (98.00%): Max/Min/Avg Fitness(Raw) [114.14(113.74)/0.00(1.02)/81.99(81.99)]
Gen. 99 (99.00%): Max/Min/Avg Fitness(Raw) [114.55(114.14)/0.00(1.02)/81.66(81.66)]
Gen. 100 (100.00%): Max/Min/Avg Fitness(Raw) [114.58(114.17)/0.00(1.02)/81.95(81.95)]
Total time elapsed: 64460.560 seconds.
GA MSE : 0.182440
Best initial connection wetighs are set on Network
Setting FANN training parameters
Input layer                          :  70 neurons, 1 bias
  Hidden layer                       :  15 neurons, 1 bias
Output layer                         :   1 neurons
Total neurons and biases             :  88
Total connections                    :1081
Connection rate                      :   1.000
Network type                         :   FANN_NETTYPE_LAYER
Training algorithm                   :   FANN_TRAIN_RPROP
Training error function              :   FANN_ERRORFUNC_TANH
Training stop function               :   FANN_STOPFUNC_MSE
Bit fail limit                       :   0.350
Learning rate                        :   0.700
Learning momentum                    :   0.000
Quickprop decay                      :  -0.000100
Quickprop mu                         :   1.750
RPROP increase factor                :   1.001
RPROP decrease factor                :   0.500
RPROP delta min                      :   0.000
RPROP delta max                      :  50.000
Cascade output change fraction       :   0.010000
Cascade candidate change fraction    :   0.010000
Cascade output stagnation epochs     :  12
Cascade candidate stagnation epochs  :  12
Cascade max output epochs            : 150
Cascade max candidate epochs         : 150
Cascade weight multiplier            :   0.400
Cascade candidate limit              :1000.000
Cascade activation functions[0]      :   FANN_SIGMOID
Cascade activation functions[1]      :   FANN_SIGMOID_SYMMETRIC
Cascade activation functions[2]      :   FANN_GAUSSIAN
Cascade activation functions[3]      :   FANN_GAUSSIAN_SYMMETRIC
Cascade activation functions[4]      :   FANN_ELLIOT
Cascade activation functions[5]      :   FANN_ELLIOT_SYMMETRIC
Cascade activation functions[6]      :   FANN_SIN_SYMMETRIC
Cascade activation functions[7]      :   FANN_COS_SYMMETRIC
Cascade activation functions[8]      :   FANN_SIN
Cascade activation functions[9]      :   FANN_COS
Cascade activation steepnesses[0]    :   0.250
Cascade activation steepnesses[1]    :   0.500
Cascade activation steepnesses[2]    :   0.750
Cascade activation steepnesses[3]    :   1.000
Cascade candidate groups             :   2
Cascade no. of candidates            :  80
Start training network with 2-algorithm in FANN
Max epochs     8000. Desired error: 0.0010000000.
Epochs            1. Current error: 0.0087587619. Bit fail 178.
Epochs          100. Current error: 0.0091582863. Bit fail 198.
Epochs          200. Current error: 0.0084220907. Bit fail 190.
Epochs          300. Current error: 0.0078853080. Bit fail 174.
Epochs          400. Current error: 0.0075728758. Bit fail 166.
Epochs          500. Current error: 0.0073778150. Bit fail 161.
Epochs          600. Current error: 0.0072419732. Bit fail 157.
Epochs          700. Current error: 0.0071586017. Bit fail 150.
Epochs          800. Current error: 0.0070849373. Bit fail 149.
Epochs          900. Current error: 0.0069802632. Bit fail 147.
Epochs         1000. Current error: 0.0069049411. Bit fail 146.
Epochs         1100. Current error: 0.0068182452. Bit fail 148.
Epochs         1200. Current error: 0.0067385579. Bit fail 146.
Epochs         1300. Current error: 0.0066646165. Bit fail 144.
Epochs         1400. Current error: 0.0066192425. Bit fail 145.
Epochs         1500. Current error: 0.0065703015. Bit fail 143.
Epochs         1600. Current error: 0.0065108216. Bit fail 138.
Epochs         1700. Current error: 0.0064385752. Bit fail 136.
Epochs         1800. Current error: 0.0063674194. Bit fail 132.
Epochs         1900. Current error: 0.0062823095. Bit fail 130.
Epochs         2000. Current error: 0.0061910809. Bit fail 128.
Epochs         2100. Current error: 0.0061134696. Bit fail 129.
Epochs         2200. Current error: 0.0060273772. Bit fail 127.
Epochs         2300. Current error: 0.0059565692. Bit fail 125.
Epochs         2400. Current error: 0.0058227228. Bit fail 126.
Epochs         2500. Current error: 0.0057389741. Bit fail 122.
Epochs         2600. Current error: 0.0056795916. Bit fail 118.
Epochs         2700. Current error: 0.0056099920. Bit fail 116.
Epochs         2800. Current error: 0.0055376031. Bit fail 119.
Epochs         2900. Current error: 0.0054869265. Bit fail 116.
Epochs         3000. Current error: 0.0054088640. Bit fail 115.
Epochs         3100. Current error: 0.0053471518. Bit fail 113.
Epochs         3200. Current error: 0.0053070341. Bit fail 108.
Epochs         3300. Current error: 0.0052768341. Bit fail 107.
Epochs         3400. Current error: 0.0052430420. Bit fail 107.
Epochs         3500. Current error: 0.0052144742. Bit fail 106.
Epochs         3600. Current error: 0.0051839268. Bit fail 105.
Epochs         3700. Current error: 0.0051554986. Bit fail 105.
Epochs         3800. Current error: 0.0051279138. Bit fail 101.
Epochs         3900. Current error: 0.0050969217. Bit fail 101.
Epochs         4000. Current error: 0.0050709923. Bit fail 101.
Epochs         4100. Current error: 0.0050460645. Bit fail 95.
Epochs         4200. Current error: 0.0050216117. Bit fail 94.
Epochs         4300. Current error: 0.0049922308. Bit fail 94.
Epochs         4400. Current error: 0.0049623232. Bit fail 94.
Epochs         4500. Current error: 0.0049334867. Bit fail 94.
Epochs         4600. Current error: 0.0048994804. Bit fail 92.
Epochs         4700. Current error: 0.0048670713. Bit fail 92.
Epochs         4800. Current error: 0.0048463303. Bit fail 90.
Epochs         4900. Current error: 0.0048208949. Bit fail 89.
Epochs         5000. Current error: 0.0047985874. Bit fail 88.
Epochs         5100. Current error: 0.0047722450. Bit fail 86.
Epochs         5200. Current error: 0.0047489274. Bit fail 84.
Epochs         5300. Current error: 0.0047319010. Bit fail 86.
Epochs         5400. Current error: 0.0047087879. Bit fail 86.
Epochs         5500. Current error: 0.0046945564. Bit fail 84.
Epochs         5600. Current error: 0.0046725865. Bit fail 84.
Epochs         5700. Current error: 0.0046590511. Bit fail 84.
Epochs         5800. Current error: 0.0046386123. Bit fail 84.
Epochs         5900. Current error: 0.0046233190. Bit fail 84.
Epochs         6000. Current error: 0.0046078204. Bit fail 85.
Epochs         6100. Current error: 0.0045939777. Bit fail 85.
Epochs         6200. Current error: 0.0045731505. Bit fail 85.
Epochs         6300. Current error: 0.0045620291. Bit fail 85.
Epochs         6400. Current error: 0.0045442125. Bit fail 84.
Epochs         6500. Current error: 0.0045350906. Bit fail 84.
Epochs         6600. Current error: 0.0045248200. Bit fail 84.
Epochs         6700. Current error: 0.0045132427. Bit fail 83.
Epochs         6800. Current error: 0.0045023556. Bit fail 83.
Epochs         6900. Current error: 0.0044932109. Bit fail 81.
Epochs         7000. Current error: 0.0044836304. Bit fail 80.
Epochs         7100. Current error: 0.0044757552. Bit fail 80.
Epochs         7200. Current error: 0.0044676187. Bit fail 80.
Epochs         7300. Current error: 0.0044651227. Bit fail 80.
Epochs         7400. Current error: 0.0044570896. Bit fail 79.
Epochs         7500. Current error: 0.0044495100. Bit fail 79.
Epochs         7600. Current error: 0.0044371490. Bit fail 79.
Epochs         7700. Current error: 0.0044282693. Bit fail 79.
Epochs         7800. Current error: 0.0044190781. Bit fail 78.
Epochs         7900. Current error: 0.0044099228. Bit fail 77.
Epochs         8000. Current error: 0.0043995595. Bit fail 77.
Time elpased for FANN training: 661.606298 seconds
Trained Network by GA+FANN is saved in 
./ALL_S6_959126400_hveto_channels_signif_dt_set_7_training_n70n15n1_c10_mr05_p10000_g100_rmin-25_rmax25_gsigma1_y1001_z05_f05g09_m8000.net.
Total Running Time: 65122.574420 seconds
