Creating network.
The layer structure is following:
[70, 15, 1]
Setting newtork parameters
Getting training data : ALL_S6_959126400_hveto_channels_signif_dt_set_2_training.pat
Setting GA training parameters
Start running GA
Gen. 0 (0.00%): Max/Min/Avg Fitness(Raw) [25.49(63.71)/19.22(1.02)/21.24(21.24)]
Gen. 1 (1.00%): Max/Min/Avg Fitness(Raw) [67.02(66.78)/0.00(1.02)/54.27(54.27)]
Gen. 2 (2.00%): Max/Min/Avg Fitness(Raw) [68.19(67.88)/0.00(1.02)/52.27(52.27)]
Gen. 3 (3.00%): Max/Min/Avg Fitness(Raw) [70.62(70.26)/0.00(1.02)/52.29(52.29)]
Gen. 4 (4.00%): Max/Min/Avg Fitness(Raw) [72.61(72.23)/0.00(1.02)/53.12(53.12)]
Gen. 5 (5.00%): Max/Min/Avg Fitness(Raw) [75.04(74.66)/0.00(1.02)/54.50(54.50)]
Gen. 6 (6.00%): Max/Min/Avg Fitness(Raw) [77.12(76.74)/0.00(1.02)/56.14(56.14)]
Gen. 7 (7.00%): Max/Min/Avg Fitness(Raw) [78.49(78.09)/0.00(1.02)/56.37(56.37)]
Gen. 8 (8.00%): Max/Min/Avg Fitness(Raw) [79.38(78.99)/0.00(1.02)/57.38(57.38)]
Gen. 9 (9.00%): Max/Min/Avg Fitness(Raw) [80.84(80.44)/0.00(1.02)/57.90(57.90)]
Gen. 10 (10.00%): Max/Min/Avg Fitness(Raw) [81.49(81.11)/0.00(1.02)/59.62(59.62)]
Gen. 11 (11.00%): Max/Min/Avg Fitness(Raw) [82.64(82.28)/0.00(1.02)/61.06(61.06)]
Gen. 12 (12.00%): Max/Min/Avg Fitness(Raw) [83.54(83.16)/0.00(1.02)/60.98(60.98)]
Gen. 13 (13.00%): Max/Min/Avg Fitness(Raw) [84.88(84.49)/0.00(1.02)/61.64(61.64)]
Gen. 14 (14.00%): Max/Min/Avg Fitness(Raw) [86.28(85.88)/0.00(1.02)/62.20(62.20)]
Gen. 15 (15.00%): Max/Min/Avg Fitness(Raw) [86.85(86.45)/0.00(1.02)/62.67(62.67)]
Gen. 16 (16.00%): Max/Min/Avg Fitness(Raw) [87.38(86.99)/0.00(1.02)/63.36(63.36)]
Gen. 17 (17.00%): Max/Min/Avg Fitness(Raw) [88.12(87.73)/0.00(1.02)/63.50(63.50)]
Gen. 18 (18.00%): Max/Min/Avg Fitness(Raw) [88.89(88.50)/0.00(1.02)/64.37(64.37)]
Gen. 19 (19.00%): Max/Min/Avg Fitness(Raw) [89.39(88.99)/0.00(1.02)/64.09(64.09)]
Gen. 20 (20.00%): Max/Min/Avg Fitness(Raw) [90.00(89.61)/0.00(1.02)/65.19(65.19)]
Gen. 21 (21.00%): Max/Min/Avg Fitness(Raw) [90.40(90.01)/0.00(1.02)/65.18(65.18)]
Gen. 22 (22.00%): Max/Min/Avg Fitness(Raw) [91.21(90.81)/0.00(1.02)/65.99(65.99)]
Gen. 23 (23.00%): Max/Min/Avg Fitness(Raw) [91.97(91.56)/0.00(1.02)/65.55(65.55)]
Gen. 24 (24.00%): Max/Min/Avg Fitness(Raw) [92.44(92.04)/0.00(1.02)/66.34(66.34)]
Gen. 25 (25.00%): Max/Min/Avg Fitness(Raw) [92.88(92.49)/0.00(1.02)/67.04(67.04)]
Gen. 26 (26.00%): Max/Min/Avg Fitness(Raw) [93.30(92.91)/0.00(1.02)/67.31(67.31)]
Gen. 27 (27.00%): Max/Min/Avg Fitness(Raw) [93.69(93.29)/0.00(1.02)/67.44(67.44)]
Gen. 28 (28.00%): Max/Min/Avg Fitness(Raw) [94.87(94.45)/0.00(1.02)/67.31(67.31)]
Gen. 29 (29.00%): Max/Min/Avg Fitness(Raw) [95.44(95.03)/0.00(1.02)/68.25(68.25)]
Gen. 30 (30.00%): Max/Min/Avg Fitness(Raw) [96.08(95.67)/0.00(1.02)/68.63(68.63)]
Gen. 31 (31.00%): Max/Min/Avg Fitness(Raw) [96.59(96.17)/0.00(1.02)/68.72(68.72)]
Gen. 32 (32.00%): Max/Min/Avg Fitness(Raw) [82.56(96.88)/35.59(1.02)/68.80(68.80)]
Gen. 33 (33.00%): Max/Min/Avg Fitness(Raw) [98.00(97.58)/0.00(1.02)/69.61(69.61)]
Gen. 34 (34.00%): Max/Min/Avg Fitness(Raw) [83.17(98.00)/36.32(1.02)/69.31(69.31)]
Gen. 35 (35.00%): Max/Min/Avg Fitness(Raw) [99.19(98.78)/0.00(1.02)/70.95(70.95)]
Gen. 36 (36.00%): Max/Min/Avg Fitness(Raw) [99.68(99.27)/0.00(1.02)/71.24(71.24)]
Gen. 37 (37.00%): Max/Min/Avg Fitness(Raw) [84.11(99.79)/37.48(1.02)/70.09(70.09)]
Gen. 38 (38.00%): Max/Min/Avg Fitness(Raw) [84.49(100.03)/37.42(1.02)/70.41(70.41)]
Gen. 39 (39.00%): Max/Min/Avg Fitness(Raw) [84.53(100.88)/38.31(1.02)/70.44(70.44)]
Gen. 40 (40.00%): Max/Min/Avg Fitness(Raw) [84.88(101.35)/38.52(1.02)/70.73(70.73)]
Gen. 41 (41.00%): Max/Min/Avg Fitness(Raw) [84.91(101.83)/39.00(1.02)/70.76(70.76)]
Gen. 42 (42.00%): Max/Min/Avg Fitness(Raw) [85.27(102.19)/39.08(1.02)/71.06(71.06)]
Gen. 43 (43.00%): Max/Min/Avg Fitness(Raw) [86.62(102.59)/38.40(1.02)/72.18(72.18)]
Gen. 44 (44.00%): Max/Min/Avg Fitness(Raw) [86.49(103.30)/39.27(1.02)/72.08(72.08)]
Gen. 45 (45.00%): Max/Min/Avg Fitness(Raw) [86.77(103.61)/39.38(1.02)/72.31(72.31)]
Gen. 46 (46.00%): Max/Min/Avg Fitness(Raw) [86.63(103.91)/39.79(1.02)/72.19(72.19)]
Gen. 47 (47.00%): Max/Min/Avg Fitness(Raw) [86.03(104.21)/40.53(1.02)/71.69(71.69)]
Gen. 48 (48.00%): Max/Min/Avg Fitness(Raw) [86.80(104.45)/40.21(1.02)/72.34(72.34)]
Gen. 49 (49.00%): Max/Min/Avg Fitness(Raw) [87.03(104.57)/40.16(1.02)/72.53(72.53)]
Gen. 50 (50.00%): Max/Min/Avg Fitness(Raw) [86.62(104.85)/40.74(1.02)/72.18(72.18)]
Gen. 51 (51.00%): Max/Min/Avg Fitness(Raw) [86.54(104.93)/40.87(1.02)/72.11(72.11)]
Gen. 52 (52.00%): Max/Min/Avg Fitness(Raw) [86.87(105.02)/40.72(1.02)/72.39(72.39)]
Gen. 53 (53.00%): Max/Min/Avg Fitness(Raw) [87.10(105.14)/40.68(1.02)/72.58(72.58)]
Gen. 54 (54.00%): Max/Min/Avg Fitness(Raw) [87.69(105.79)/40.88(1.02)/73.08(73.08)]
Gen. 55 (55.00%): Max/Min/Avg Fitness(Raw) [87.14(105.88)/41.36(1.02)/72.62(72.62)]
Gen. 56 (56.00%): Max/Min/Avg Fitness(Raw) [88.89(106.14)/40.32(1.02)/74.08(74.08)]
Gen. 57 (57.00%): Max/Min/Avg Fitness(Raw) [87.86(106.47)/41.43(1.02)/73.22(73.22)]
Gen. 58 (58.00%): Max/Min/Avg Fitness(Raw) [87.46(106.78)/41.98(1.02)/72.89(72.89)]
Gen. 59 (59.00%): Max/Min/Avg Fitness(Raw) [88.57(107.51)/41.93(1.02)/73.81(73.81)]
Gen. 60 (60.00%): Max/Min/Avg Fitness(Raw) [87.81(107.78)/42.66(1.02)/73.18(73.18)]
Gen. 61 (61.00%): Max/Min/Avg Fitness(Raw) [89.06(107.80)/41.86(1.02)/74.22(74.22)]
Gen. 62 (62.00%): Max/Min/Avg Fitness(Raw) [87.90(108.09)/42.88(1.02)/73.25(73.25)]
Gen. 63 (63.00%): Max/Min/Avg Fitness(Raw) [89.34(108.29)/42.14(1.02)/74.45(74.45)]
Gen. 64 (64.00%): Max/Min/Avg Fitness(Raw) [88.73(108.46)/42.70(1.02)/73.94(73.94)]
Gen. 65 (65.00%): Max/Min/Avg Fitness(Raw) [88.93(108.60)/42.70(1.02)/74.11(74.11)]
Gen. 66 (66.00%): Max/Min/Avg Fitness(Raw) [89.40(108.84)/42.62(1.02)/74.50(74.50)]
Gen. 67 (67.00%): Max/Min/Avg Fitness(Raw) [89.38(109.02)/42.80(1.02)/74.48(74.48)]
Gen. 68 (68.00%): Max/Min/Avg Fitness(Raw) [89.89(109.05)/42.48(1.02)/74.91(74.91)]
Gen. 69 (69.00%): Max/Min/Avg Fitness(Raw) [89.74(109.42)/42.93(1.02)/74.78(74.78)]
Gen. 70 (70.00%): Max/Min/Avg Fitness(Raw) [90.20(109.43)/42.64(1.02)/75.17(75.17)]
Gen. 71 (71.00%): Max/Min/Avg Fitness(Raw) [90.39(109.58)/42.64(1.02)/75.33(75.33)]
Gen. 72 (72.00%): Max/Min/Avg Fitness(Raw) [90.43(109.58)/42.62(1.02)/75.36(75.36)]
Gen. 73 (73.00%): Max/Min/Avg Fitness(Raw) [91.06(109.80)/42.38(1.02)/75.88(75.88)]
Gen. 74 (74.00%): Max/Min/Avg Fitness(Raw) [90.40(109.82)/42.87(1.02)/75.33(75.33)]
Gen. 75 (75.00%): Max/Min/Avg Fitness(Raw) [89.73(109.84)/43.32(1.02)/74.77(74.77)]
Gen. 76 (76.00%): Max/Min/Avg Fitness(Raw) [90.28(109.89)/43.01(1.02)/75.23(75.23)]
Gen. 77 (77.00%): Max/Min/Avg Fitness(Raw) [89.37(109.90)/43.59(1.02)/74.47(74.47)]
Gen. 78 (78.00%): Max/Min/Avg Fitness(Raw) [90.22(109.97)/43.13(1.02)/75.19(75.19)]
Gen. 79 (79.00%): Max/Min/Avg Fitness(Raw) [91.22(110.26)/42.72(1.02)/76.02(76.02)]
Gen. 80 (80.00%): Max/Min/Avg Fitness(Raw) [91.29(110.66)/43.06(1.02)/76.07(76.07)]
Gen. 81 (81.00%): Max/Min/Avg Fitness(Raw) [90.54(110.98)/43.84(1.02)/75.45(75.45)]
Gen. 82 (82.00%): Max/Min/Avg Fitness(Raw) [90.64(111.10)/43.88(1.02)/75.54(75.54)]
Gen. 83 (83.00%): Max/Min/Avg Fitness(Raw) [91.93(111.17)/43.10(1.02)/76.61(76.61)]
Gen. 84 (84.00%): Max/Min/Avg Fitness(Raw) [91.39(111.46)/43.74(1.02)/76.16(76.16)]
Gen. 85 (85.00%): Max/Min/Avg Fitness(Raw) [90.82(111.52)/44.14(1.02)/75.69(75.69)]
Gen. 86 (86.00%): Max/Min/Avg Fitness(Raw) [91.09(112.06)/44.46(1.02)/75.91(75.91)]
Gen. 87 (87.00%): Max/Min/Avg Fitness(Raw) [90.93(112.96)/45.31(1.02)/75.78(75.78)]
Gen. 88 (88.00%): Max/Min/Avg Fitness(Raw) [93.25(114.08)/44.93(1.02)/77.71(77.71)]
Gen. 89 (89.00%): Max/Min/Avg Fitness(Raw) [92.52(114.54)/45.77(1.02)/77.10(77.10)]
Gen. 90 (90.00%): Max/Min/Avg Fitness(Raw) [91.18(114.75)/46.60(1.02)/75.98(75.98)]
Gen. 91 (91.00%): Max/Min/Avg Fitness(Raw) [93.03(114.80)/45.70(1.02)/77.52(77.52)]
Gen. 92 (92.00%): Max/Min/Avg Fitness(Raw) [93.12(114.80)/45.65(1.02)/77.60(77.60)]
Gen. 93 (93.00%): Max/Min/Avg Fitness(Raw) [91.88(114.80)/46.31(1.02)/76.57(76.57)]
Gen. 94 (94.00%): Max/Min/Avg Fitness(Raw) [92.50(115.08)/46.22(1.02)/77.09(77.09)]
Gen. 95 (95.00%): Max/Min/Avg Fitness(Raw) [92.34(115.49)/46.63(1.02)/76.95(76.95)]
Gen. 96 (96.00%): Max/Min/Avg Fitness(Raw) [92.79(115.78)/46.64(1.02)/77.33(77.33)]
Gen. 97 (97.00%): Max/Min/Avg Fitness(Raw) [92.85(116.13)/46.89(1.02)/77.38(77.38)]
Gen. 98 (98.00%): Max/Min/Avg Fitness(Raw) [93.53(116.19)/46.60(1.02)/77.94(77.94)]
Gen. 99 (99.00%): Max/Min/Avg Fitness(Raw) [93.57(116.25)/46.62(1.02)/77.97(77.97)]
Gen. 100 (100.00%): Max/Min/Avg Fitness(Raw) [93.57(116.30)/46.67(1.02)/77.98(77.98)]
Total time elapsed: 62153.340 seconds.
GA MSE : 0.465553
Best initial connection wetighs are set on Network
Setting FANN training parameters
Input layer                          :  70 neurons, 1 bias
  Hidden layer                       :  15 neurons, 1 bias
Output layer                         :   1 neurons
Total neurons and biases             :  88
Total connections                    :1081
Connection rate                      :   1.000
Network type                         :   FANN_NETTYPE_LAYER
Training algorithm                   :   FANN_TRAIN_RPROP
Training error function              :   FANN_ERRORFUNC_TANH
Training stop function               :   FANN_STOPFUNC_MSE
Bit fail limit                       :   0.350
Learning rate                        :   0.700
Learning momentum                    :   0.000
Quickprop decay                      :  -0.000100
Quickprop mu                         :   1.750
RPROP increase factor                :   1.001
RPROP decrease factor                :   0.500
RPROP delta min                      :   0.000
RPROP delta max                      :  50.000
Cascade output change fraction       :   0.010000
Cascade candidate change fraction    :   0.010000
Cascade output stagnation epochs     :  12
Cascade candidate stagnation epochs  :  12
Cascade max output epochs            : 150
Cascade max candidate epochs         : 150
Cascade weight multiplier            :   0.400
Cascade candidate limit              :1000.000
Cascade activation functions[0]      :   FANN_SIGMOID
Cascade activation functions[1]      :   FANN_SIGMOID_SYMMETRIC
Cascade activation functions[2]      :   FANN_GAUSSIAN
Cascade activation functions[3]      :   FANN_GAUSSIAN_SYMMETRIC
Cascade activation functions[4]      :   FANN_ELLIOT
Cascade activation functions[5]      :   FANN_ELLIOT_SYMMETRIC
Cascade activation functions[6]      :   FANN_SIN_SYMMETRIC
Cascade activation functions[7]      :   FANN_COS_SYMMETRIC
Cascade activation functions[8]      :   FANN_SIN
Cascade activation functions[9]      :   FANN_COS
Cascade activation steepnesses[0]    :   0.250
Cascade activation steepnesses[1]    :   0.500
Cascade activation steepnesses[2]    :   0.750
Cascade activation steepnesses[3]    :   1.000
Cascade candidate groups             :   2
Cascade no. of candidates            :  80
Start training network with 2-algorithm in FANN
Max epochs     8000. Desired error: 0.0010000000.
Epochs            1. Current error: 0.0085981200. Bit fail 175.
Epochs          100. Current error: 0.0085428786. Bit fail 167.
Epochs          200. Current error: 0.0082805473. Bit fail 165.
Epochs          300. Current error: 0.0080465507. Bit fail 166.
Epochs          400. Current error: 0.0078766821. Bit fail 169.
Epochs          500. Current error: 0.0077254921. Bit fail 163.
Epochs          600. Current error: 0.0075566224. Bit fail 159.
Epochs          700. Current error: 0.0074328175. Bit fail 154.
Epochs          800. Current error: 0.0073671243. Bit fail 151.
Epochs          900. Current error: 0.0072871605. Bit fail 151.
Epochs         1000. Current error: 0.0071795397. Bit fail 151.
Epochs         1100. Current error: 0.0071139284. Bit fail 152.
Epochs         1200. Current error: 0.0070321104. Bit fail 151.
Epochs         1300. Current error: 0.0069416137. Bit fail 148.
Epochs         1400. Current error: 0.0068480349. Bit fail 144.
Epochs         1500. Current error: 0.0067440299. Bit fail 143.
Epochs         1600. Current error: 0.0066598933. Bit fail 143.
Epochs         1700. Current error: 0.0065802485. Bit fail 142.
Epochs         1800. Current error: 0.0065046023. Bit fail 138.
Epochs         1900. Current error: 0.0064196605. Bit fail 137.
Epochs         2000. Current error: 0.0063831760. Bit fail 133.
Epochs         2100. Current error: 0.0063593113. Bit fail 135.
Epochs         2200. Current error: 0.0063301246. Bit fail 133.
Epochs         2300. Current error: 0.0063026226. Bit fail 131.
Epochs         2400. Current error: 0.0062714964. Bit fail 129.
Epochs         2500. Current error: 0.0062554749. Bit fail 126.
Epochs         2600. Current error: 0.0062472345. Bit fail 125.
Epochs         2700. Current error: 0.0062298723. Bit fail 124.
Epochs         2800. Current error: 0.0061922218. Bit fail 124.
Epochs         2900. Current error: 0.0061313254. Bit fail 122.
Epochs         3000. Current error: 0.0061079692. Bit fail 121.
Epochs         3100. Current error: 0.0061022965. Bit fail 121.
Epochs         3200. Current error: 0.0060899216. Bit fail 123.
Epochs         3300. Current error: 0.0060829706. Bit fail 122.
Epochs         3400. Current error: 0.0060742991. Bit fail 123.
Epochs         3500. Current error: 0.0060585826. Bit fail 122.
Epochs         3600. Current error: 0.0060447752. Bit fail 121.
Epochs         3700. Current error: 0.0060321875. Bit fail 120.
Epochs         3800. Current error: 0.0060164556. Bit fail 120.
Epochs         3900. Current error: 0.0060035372. Bit fail 118.
Epochs         4000. Current error: 0.0059999167. Bit fail 119.
Epochs         4100. Current error: 0.0059821978. Bit fail 120.
Epochs         4200. Current error: 0.0059639602. Bit fail 121.
Epochs         4300. Current error: 0.0059187515. Bit fail 121.
Epochs         4400. Current error: 0.0058962405. Bit fail 118.
Epochs         4500. Current error: 0.0058741244. Bit fail 116.
Epochs         4600. Current error: 0.0058542984. Bit fail 116.
Epochs         4700. Current error: 0.0058394670. Bit fail 116.
Epochs         4800. Current error: 0.0058273706. Bit fail 116.
Epochs         4900. Current error: 0.0058161546. Bit fail 116.
Epochs         5000. Current error: 0.0058060065. Bit fail 116.
Epochs         5100. Current error: 0.0057946220. Bit fail 114.
Epochs         5200. Current error: 0.0057858024. Bit fail 116.
Epochs         5300. Current error: 0.0057741255. Bit fail 115.
Epochs         5400. Current error: 0.0057685184. Bit fail 116.
Epochs         5500. Current error: 0.0057492638. Bit fail 117.
Epochs         5600. Current error: 0.0057326928. Bit fail 117.
Epochs         5700. Current error: 0.0057219998. Bit fail 116.
Epochs         5800. Current error: 0.0057042297. Bit fail 116.
Epochs         5900. Current error: 0.0056778691. Bit fail 116.
Epochs         6000. Current error: 0.0056549949. Bit fail 112.
Epochs         6100. Current error: 0.0056317789. Bit fail 109.
Epochs         6200. Current error: 0.0056086644. Bit fail 109.
Epochs         6300. Current error: 0.0055770190. Bit fail 108.
Epochs         6400. Current error: 0.0055451258. Bit fail 107.
Epochs         6500. Current error: 0.0055180085. Bit fail 104.
Epochs         6600. Current error: 0.0054966984. Bit fail 103.
Epochs         6700. Current error: 0.0054709567. Bit fail 101.
Epochs         6800. Current error: 0.0054457858. Bit fail 100.
Epochs         6900. Current error: 0.0054310025. Bit fail 99.
Epochs         7000. Current error: 0.0054069981. Bit fail 100.
Epochs         7100. Current error: 0.0053838640. Bit fail 101.
Epochs         7200. Current error: 0.0053649801. Bit fail 101.
Epochs         7300. Current error: 0.0053496868. Bit fail 101.
Epochs         7400. Current error: 0.0053310059. Bit fail 101.
Epochs         7500. Current error: 0.0053175613. Bit fail 102.
Epochs         7600. Current error: 0.0053069079. Bit fail 102.
Epochs         7700. Current error: 0.0053034881. Bit fail 101.
Epochs         7800. Current error: 0.0052962103. Bit fail 99.
Epochs         7900. Current error: 0.0052779447. Bit fail 100.
Epochs         8000. Current error: 0.0052725337. Bit fail 99.
Time elpased for FANN training: 649.055967 seconds
Trained Network by GA+FANN is saved in 
./ALL_S6_959126400_hveto_channels_signif_dt_set_2_training_n70n15n1_c10_mr05_p10000_g100_rmin-25_rmax25_gsigma1_y1001_z05_f05g09_m8000.net.
Total Running Time: 62802.995835 seconds
