Creating network.
The layer structure is following:
[70, 20, 1]
Setting newtork parameters
Getting training data : ALL_S6_959126400_hveto_channels_signif_dt_set_3_training.pat
Setting GA training parameters
Start running GA
Gen. 0 (0.00%): Max/Min/Avg Fitness(Raw) [25.06(57.47)/18.61(1.02)/20.88(20.88)]
Gen. 1 (0.50%): Max/Min/Avg Fitness(Raw) [24.11(58.08)/18.08(1.02)/20.10(20.10)]
Gen. 2 (1.00%): Max/Min/Avg Fitness(Raw) [19.69(60.34)/15.26(1.02)/16.41(16.41)]
Gen. 3 (1.50%): Max/Min/Avg Fitness(Raw) [17.06(60.34)/13.40(1.02)/14.22(14.22)]
Gen. 4 (2.00%): Max/Min/Avg Fitness(Raw) [17.24(60.34)/13.53(1.02)/14.37(14.37)]
Gen. 5 (2.50%): Max/Min/Avg Fitness(Raw) [16.66(62.19)/13.14(1.02)/13.88(13.88)]
Gen. 6 (3.00%): Max/Min/Avg Fitness(Raw) [20.68(62.19)/15.99(1.02)/17.23(17.23)]
Gen. 7 (3.50%): Max/Min/Avg Fitness(Raw) [21.31(62.19)/16.42(1.02)/17.76(17.76)]
Gen. 8 (4.00%): Max/Min/Avg Fitness(Raw) [21.23(62.19)/16.37(1.02)/17.70(17.70)]
Gen. 9 (4.50%): Max/Min/Avg Fitness(Raw) [20.49(62.19)/15.86(1.02)/17.07(17.07)]
Gen. 10 (5.00%): Max/Min/Avg Fitness(Raw) [21.13(62.19)/16.30(1.02)/17.61(17.61)]
Gen. 11 (5.50%): Max/Min/Avg Fitness(Raw) [21.42(64.12)/16.55(1.02)/17.85(17.85)]
Gen. 12 (6.00%): Max/Min/Avg Fitness(Raw) [22.43(64.12)/17.24(1.02)/18.70(18.70)]
Gen. 13 (6.50%): Max/Min/Avg Fitness(Raw) [21.89(64.12)/16.87(1.02)/18.24(18.24)]
Gen. 14 (7.00%): Max/Min/Avg Fitness(Raw) [21.57(64.65)/16.67(1.02)/17.97(17.97)]
Gen. 15 (7.50%): Max/Min/Avg Fitness(Raw) [21.98(67.90)/17.04(1.02)/18.32(18.32)]
Gen. 16 (8.00%): Max/Min/Avg Fitness(Raw) [22.03(67.90)/17.07(1.02)/18.36(18.36)]
Gen. 17 (8.50%): Max/Min/Avg Fitness(Raw) [20.82(67.90)/16.23(1.02)/17.35(17.35)]
Gen. 18 (9.00%): Max/Min/Avg Fitness(Raw) [20.93(67.90)/16.30(1.02)/17.44(17.44)]
Gen. 19 (9.50%): Max/Min/Avg Fitness(Raw) [20.48(67.90)/15.99(1.02)/17.07(17.07)]
Gen. 20 (10.00%): Max/Min/Avg Fitness(Raw) [20.98(67.90)/16.34(1.02)/17.48(17.48)]
Gen. 21 (10.50%): Max/Min/Avg Fitness(Raw) [21.09(67.90)/16.42(1.02)/17.58(17.58)]
Gen. 22 (11.00%): Max/Min/Avg Fitness(Raw) [20.35(67.90)/15.90(1.02)/16.96(16.96)]
Gen. 23 (11.50%): Max/Min/Avg Fitness(Raw) [20.77(67.90)/16.20(1.02)/17.31(17.31)]
Gen. 24 (12.00%): Max/Min/Avg Fitness(Raw) [20.69(67.90)/16.14(1.02)/17.24(17.24)]
Gen. 25 (12.50%): Max/Min/Avg Fitness(Raw) [22.31(67.90)/17.27(1.02)/18.59(18.59)]
Gen. 26 (13.00%): Max/Min/Avg Fitness(Raw) [21.48(67.90)/16.69(1.02)/17.90(17.90)]
Gen. 27 (13.50%): Max/Min/Avg Fitness(Raw) [21.63(67.90)/16.79(1.02)/18.02(18.02)]
Gen. 28 (14.00%): Max/Min/Avg Fitness(Raw) [21.50(67.90)/16.70(1.02)/17.91(17.91)]
Gen. 29 (14.50%): Max/Min/Avg Fitness(Raw) [21.25(67.90)/16.53(1.02)/17.71(17.71)]
Gen. 30 (15.00%): Max/Min/Avg Fitness(Raw) [21.38(67.90)/16.62(1.02)/17.81(17.81)]
Gen. 31 (15.50%): Max/Min/Avg Fitness(Raw) [21.25(67.90)/16.53(1.02)/17.71(17.71)]
Gen. 32 (16.00%): Max/Min/Avg Fitness(Raw) [20.87(69.23)/16.29(1.02)/17.39(17.39)]
Gen. 33 (16.50%): Max/Min/Avg Fitness(Raw) [18.36(69.25)/14.49(1.02)/15.30(15.30)]
Gen. 34 (17.00%): Max/Min/Avg Fitness(Raw) [23.11(69.25)/17.86(1.02)/19.26(19.26)]
Gen. 35 (17.50%): Max/Min/Avg Fitness(Raw) [23.01(69.25)/17.78(1.02)/19.17(19.17)]
Gen. 36 (18.00%): Max/Min/Avg Fitness(Raw) [22.76(69.25)/17.61(1.02)/18.97(18.97)]
Gen. 37 (18.50%): Max/Min/Avg Fitness(Raw) [23.18(69.25)/17.90(1.02)/19.31(19.31)]
Gen. 38 (19.00%): Max/Min/Avg Fitness(Raw) [23.14(70.38)/17.90(1.02)/19.28(19.28)]
Gen. 39 (19.50%): Max/Min/Avg Fitness(Raw) [22.31(70.38)/17.33(1.02)/18.59(18.59)]
Gen. 40 (20.00%): Max/Min/Avg Fitness(Raw) [21.40(70.38)/16.69(1.02)/17.84(17.84)]
Gen. 41 (20.50%): Max/Min/Avg Fitness(Raw) [22.55(70.38)/17.49(1.02)/18.79(18.79)]
Gen. 42 (21.00%): Max/Min/Avg Fitness(Raw) [21.04(70.38)/16.44(1.02)/17.53(17.53)]
Gen. 43 (21.50%): Max/Min/Avg Fitness(Raw) [20.70(71.24)/16.21(1.02)/17.25(17.25)]
Gen. 44 (22.00%): Max/Min/Avg Fitness(Raw) [30.70(72.99)/22.93(1.02)/25.59(25.59)]
Gen. 45 (22.50%): Max/Min/Avg Fitness(Raw) [24.02(74.29)/18.61(1.02)/20.01(20.01)]
Gen. 46 (23.00%): Max/Min/Avg Fitness(Raw) [17.89(74.29)/14.21(1.02)/14.91(14.91)]
Gen. 47 (23.50%): Max/Min/Avg Fitness(Raw) [19.46(74.29)/15.36(1.02)/16.21(16.21)]
Gen. 48 (24.00%): Max/Min/Avg Fitness(Raw) [19.57(74.29)/15.45(1.02)/16.31(16.31)]
Gen. 49 (24.50%): Max/Min/Avg Fitness(Raw) [19.86(74.29)/15.66(1.02)/16.55(16.55)]
Gen. 50 (25.00%): Max/Min/Avg Fitness(Raw) [19.11(74.29)/15.11(1.02)/15.92(15.92)]
Gen. 51 (25.50%): Max/Min/Avg Fitness(Raw) [19.06(74.29)/15.08(1.02)/15.89(15.89)]
Gen. 52 (26.00%): Max/Min/Avg Fitness(Raw) [20.01(74.29)/15.77(1.02)/16.68(16.68)]
Gen. 53 (26.50%): Max/Min/Avg Fitness(Raw) [19.82(74.29)/15.63(1.02)/16.52(16.52)]
Gen. 54 (27.00%): Max/Min/Avg Fitness(Raw) [20.02(74.29)/15.78(1.02)/16.69(16.69)]
Gen. 55 (27.50%): Max/Min/Avg Fitness(Raw) [18.07(74.29)/14.34(1.02)/15.05(15.05)]
Gen. 56 (28.00%): Max/Min/Avg Fitness(Raw) [20.17(74.29)/15.88(1.02)/16.81(16.81)]
Gen. 57 (28.50%): Max/Min/Avg Fitness(Raw) [20.33(74.61)/16.00(1.02)/16.94(16.94)]
Gen. 58 (29.00%): Max/Min/Avg Fitness(Raw) [26.74(74.93)/20.49(1.02)/22.29(22.29)]
Gen. 59 (29.50%): Max/Min/Avg Fitness(Raw) [27.17(75.91)/20.80(1.02)/22.64(22.64)]
Gen. 60 (30.00%): Max/Min/Avg Fitness(Raw) [19.15(75.91)/15.17(1.02)/15.96(15.96)]
Gen. 61 (30.50%): Max/Min/Avg Fitness(Raw) [19.57(75.91)/15.47(1.02)/16.31(16.31)]
Gen. 62 (31.00%): Max/Min/Avg Fitness(Raw) [19.59(75.91)/15.48(1.02)/16.32(16.32)]
Gen. 63 (31.50%): Max/Min/Avg Fitness(Raw) [20.41(75.91)/16.09(1.02)/17.01(17.01)]
Gen. 64 (32.00%): Max/Min/Avg Fitness(Raw) [19.81(75.91)/15.65(1.02)/16.51(16.51)]
Gen. 65 (32.50%): Max/Min/Avg Fitness(Raw) [20.12(75.91)/15.87(1.02)/16.77(16.77)]
Gen. 66 (33.00%): Max/Min/Avg Fitness(Raw) [20.54(75.91)/16.18(1.02)/17.11(17.11)]
Gen. 67 (33.50%): Max/Min/Avg Fitness(Raw) [19.31(75.91)/15.28(1.02)/16.09(16.09)]
Gen. 68 (34.00%): Max/Min/Avg Fitness(Raw) [20.08(75.91)/15.84(1.02)/16.73(16.73)]
Gen. 69 (34.50%): Max/Min/Avg Fitness(Raw) [20.03(75.91)/15.81(1.02)/16.69(16.69)]
Gen. 70 (35.00%): Max/Min/Avg Fitness(Raw) [19.35(75.91)/15.31(1.02)/16.12(16.12)]
Gen. 71 (35.50%): Max/Min/Avg Fitness(Raw) [18.94(75.91)/15.01(1.02)/15.79(15.79)]
Gen. 72 (36.00%): Max/Min/Avg Fitness(Raw) [19.56(75.91)/15.46(1.02)/16.30(16.30)]
Gen. 73 (36.50%): Max/Min/Avg Fitness(Raw) [18.85(78.30)/14.97(1.02)/15.70(15.70)]
Gen. 74 (37.00%): Max/Min/Avg Fitness(Raw) [20.59(78.48)/16.25(1.02)/17.16(17.16)]
Gen. 75 (37.50%): Max/Min/Avg Fitness(Raw) [20.19(78.48)/15.97(1.02)/16.83(16.83)]
Gen. 76 (38.00%): Max/Min/Avg Fitness(Raw) [19.32(78.48)/15.32(1.02)/16.10(16.10)]
Gen. 77 (38.50%): Max/Min/Avg Fitness(Raw) [20.15(78.48)/15.94(1.02)/16.79(16.79)]
Gen. 78 (39.00%): Max/Min/Avg Fitness(Raw) [19.78(79.01)/15.67(1.02)/16.48(16.48)]
Gen. 79 (39.50%): Max/Min/Avg Fitness(Raw) [29.58(79.01)/22.51(1.02)/24.65(24.65)]
Gen. 80 (40.00%): Max/Min/Avg Fitness(Raw) [28.60(79.01)/21.86(1.02)/23.83(23.83)]
Gen. 81 (40.50%): Max/Min/Avg Fitness(Raw) [29.77(81.26)/22.72(1.02)/24.81(24.81)]
Gen. 82 (41.00%): Max/Min/Avg Fitness(Raw) [20.80(81.26)/16.45(1.02)/17.33(17.33)]
Gen. 83 (41.50%): Max/Min/Avg Fitness(Raw) [20.30(81.26)/16.08(1.02)/16.92(16.92)]
Gen. 84 (42.00%): Max/Min/Avg Fitness(Raw) [19.99(81.26)/15.85(1.02)/16.66(16.66)]
Gen. 85 (42.50%): Max/Min/Avg Fitness(Raw) [19.87(81.26)/15.76(1.02)/16.56(16.56)]
Gen. 86 (43.00%): Max/Min/Avg Fitness(Raw) [20.50(81.26)/16.23(1.02)/17.09(17.09)]
Gen. 87 (43.50%): Max/Min/Avg Fitness(Raw) [19.90(81.26)/15.78(1.02)/16.58(16.58)]
Gen. 88 (44.00%): Max/Min/Avg Fitness(Raw) [21.62(81.26)/17.05(1.02)/18.02(18.02)]
Gen. 89 (44.50%): Max/Min/Avg Fitness(Raw) [19.98(81.26)/15.85(1.02)/16.65(16.65)]
Gen. 90 (45.00%): Max/Min/Avg Fitness(Raw) [19.57(81.26)/15.54(1.02)/16.30(16.30)]
Gen. 91 (45.50%): Max/Min/Avg Fitness(Raw) [20.44(82.50)/16.20(1.02)/17.03(17.03)]
Gen. 92 (46.00%): Max/Min/Avg Fitness(Raw) [29.25(82.50)/22.42(1.02)/24.38(24.38)]
Gen. 93 (46.50%): Max/Min/Avg Fitness(Raw) [28.85(82.50)/22.15(1.02)/24.04(24.04)]
Gen. 94 (47.00%): Max/Min/Avg Fitness(Raw) [28.35(82.50)/21.81(1.02)/23.62(23.62)]
Gen. 95 (47.50%): Max/Min/Avg Fitness(Raw) [28.97(82.50)/22.23(1.02)/24.14(24.14)]
Gen. 96 (48.00%): Max/Min/Avg Fitness(Raw) [28.60(82.50)/21.98(1.02)/23.83(23.83)]
Gen. 97 (48.50%): Max/Min/Avg Fitness(Raw) [28.53(82.50)/21.93(1.02)/23.78(23.78)]
Gen. 98 (49.00%): Max/Min/Avg Fitness(Raw) [29.24(82.50)/22.41(1.02)/24.37(24.37)]
Gen. 99 (49.50%): Max/Min/Avg Fitness(Raw) [29.69(84.35)/22.77(1.02)/24.74(24.74)]
Gen. 100 (50.00%): Max/Min/Avg Fitness(Raw) [36.21(84.35)/26.93(1.02)/30.17(30.17)]
Gen. 101 (50.50%): Max/Min/Avg Fitness(Raw) [35.91(84.35)/26.75(1.02)/29.92(29.92)]
Gen. 102 (51.00%): Max/Min/Avg Fitness(Raw) [36.10(84.35)/26.86(1.02)/30.08(30.08)]
Gen. 103 (51.50%): Max/Min/Avg Fitness(Raw) [35.93(84.35)/26.76(1.02)/29.94(29.94)]
Gen. 104 (52.00%): Max/Min/Avg Fitness(Raw) [35.44(84.35)/26.46(1.02)/29.53(29.53)]
Gen. 105 (52.50%): Max/Min/Avg Fitness(Raw) [35.55(84.35)/26.53(1.02)/29.62(29.62)]
Gen. 106 (53.00%): Max/Min/Avg Fitness(Raw) [34.91(84.35)/26.14(1.02)/29.10(29.10)]
Gen. 107 (53.50%): Max/Min/Avg Fitness(Raw) [35.11(84.35)/26.26(1.02)/29.26(29.26)]
Gen. 108 (54.00%): Max/Min/Avg Fitness(Raw) [36.54(84.35)/27.12(1.02)/30.45(30.45)]
Gen. 109 (54.50%): Max/Min/Avg Fitness(Raw) [35.07(84.35)/26.23(1.02)/29.22(29.22)]
Gen. 110 (55.00%): Max/Min/Avg Fitness(Raw) [36.66(84.35)/27.20(1.02)/30.55(30.55)]
Gen. 111 (55.50%): Max/Min/Avg Fitness(Raw) [34.97(84.35)/26.17(1.02)/29.14(29.14)]
Gen. 112 (56.00%): Max/Min/Avg Fitness(Raw) [34.24(84.35)/25.72(1.02)/28.54(28.54)]
Gen. 113 (56.50%): Max/Min/Avg Fitness(Raw) [37.23(84.35)/27.53(1.02)/31.02(31.02)]
Gen. 114 (57.00%): Max/Min/Avg Fitness(Raw) [35.12(84.35)/26.27(1.02)/29.27(29.27)]
Gen. 115 (57.50%): Max/Min/Avg Fitness(Raw) [35.23(84.35)/26.33(1.02)/29.36(29.36)]
Gen. 116 (58.00%): Max/Min/Avg Fitness(Raw) [35.58(84.35)/26.55(1.02)/29.65(29.65)]
Gen. 117 (58.50%): Max/Min/Avg Fitness(Raw) [35.09(84.35)/26.25(1.02)/29.24(29.24)]
Gen. 118 (59.00%): Max/Min/Avg Fitness(Raw) [35.74(84.35)/26.64(1.02)/29.78(29.78)]
Gen. 119 (59.50%): Max/Min/Avg Fitness(Raw) [35.52(84.35)/26.51(1.02)/29.60(29.60)]
Gen. 120 (60.00%): Max/Min/Avg Fitness(Raw) [36.09(85.63)/26.93(1.02)/30.07(30.07)]
Gen. 121 (60.50%): Max/Min/Avg Fitness(Raw) [24.87(85.63)/19.46(1.02)/20.72(20.72)]
Gen. 122 (61.00%): Max/Min/Avg Fitness(Raw) [23.96(85.63)/18.81(1.02)/19.97(19.97)]
Gen. 123 (61.50%): Max/Min/Avg Fitness(Raw) [25.17(85.63)/19.68(1.02)/20.97(20.97)]
Gen. 124 (62.00%): Max/Min/Avg Fitness(Raw) [25.05(85.63)/19.60(1.02)/20.88(20.88)]
Gen. 125 (62.50%): Max/Min/Avg Fitness(Raw) [25.15(85.63)/19.67(1.02)/20.96(20.96)]
Gen. 126 (63.00%): Max/Min/Avg Fitness(Raw) [23.32(85.63)/18.35(1.02)/19.43(19.43)]
Gen. 127 (63.50%): Max/Min/Avg Fitness(Raw) [24.77(85.63)/19.40(1.02)/20.64(20.64)]
Gen. 128 (64.00%): Max/Min/Avg Fitness(Raw) [24.37(85.63)/19.11(1.02)/20.31(20.31)]
Gen. 129 (64.50%): Max/Min/Avg Fitness(Raw) [25.09(85.63)/19.62(1.02)/20.91(20.91)]
Gen. 130 (65.00%): Max/Min/Avg Fitness(Raw) [25.69(85.63)/20.05(1.02)/21.41(21.41)]
Gen. 131 (65.50%): Max/Min/Avg Fitness(Raw) [24.71(85.63)/19.35(1.02)/20.59(20.59)]
Gen. 132 (66.00%): Max/Min/Avg Fitness(Raw) [23.46(85.63)/18.45(1.02)/19.55(19.55)]
Gen. 133 (66.50%): Max/Min/Avg Fitness(Raw) [23.00(85.63)/18.12(1.02)/19.17(19.17)]
Gen. 134 (67.00%): Max/Min/Avg Fitness(Raw) [23.53(85.63)/18.50(1.02)/19.61(19.61)]
Gen. 135 (67.50%): Max/Min/Avg Fitness(Raw) [24.23(85.63)/19.01(1.02)/20.19(20.19)]
Gen. 136 (68.00%): Max/Min/Avg Fitness(Raw) [24.00(85.63)/18.85(1.02)/20.00(20.00)]
Gen. 137 (68.50%): Max/Min/Avg Fitness(Raw) [23.48(85.63)/18.47(1.02)/19.57(19.57)]
Gen. 138 (69.00%): Max/Min/Avg Fitness(Raw) [24.37(85.63)/19.11(1.02)/20.30(20.30)]
Gen. 139 (69.50%): Max/Min/Avg Fitness(Raw) [25.33(85.63)/19.79(1.02)/21.11(21.11)]
Gen. 140 (70.00%): Max/Min/Avg Fitness(Raw) [24.01(85.63)/18.85(1.02)/20.01(20.01)]
Gen. 141 (70.50%): Max/Min/Avg Fitness(Raw) [25.21(85.63)/19.71(1.02)/21.01(21.01)]
Gen. 142 (71.00%): Max/Min/Avg Fitness(Raw) [25.61(85.63)/19.99(1.02)/21.34(21.34)]
Gen. 143 (71.50%): Max/Min/Avg Fitness(Raw) [24.99(85.63)/19.55(1.02)/20.82(20.82)]
Gen. 144 (72.00%): Max/Min/Avg Fitness(Raw) [25.40(85.63)/19.84(1.02)/21.16(21.16)]
Gen. 145 (72.50%): Max/Min/Avg Fitness(Raw) [24.30(85.63)/19.06(1.02)/20.25(20.25)]
Gen. 146 (73.00%): Max/Min/Avg Fitness(Raw) [24.72(85.63)/19.36(1.02)/20.60(20.60)]
Gen. 147 (73.50%): Max/Min/Avg Fitness(Raw) [23.48(85.63)/18.47(1.02)/19.56(19.56)]
Gen. 148 (74.00%): Max/Min/Avg Fitness(Raw) [23.09(85.63)/18.18(1.02)/19.24(19.24)]
Gen. 149 (74.50%): Max/Min/Avg Fitness(Raw) [24.60(85.63)/19.27(1.02)/20.50(20.50)]
Gen. 150 (75.00%): Max/Min/Avg Fitness(Raw) [23.96(85.63)/18.82(1.02)/19.97(19.97)]
Gen. 151 (75.50%): Max/Min/Avg Fitness(Raw) [25.30(85.63)/19.77(1.02)/21.09(21.09)]
Gen. 152 (76.00%): Max/Min/Avg Fitness(Raw) [23.34(85.63)/18.36(1.02)/19.45(19.45)]
Gen. 153 (76.50%): Max/Min/Avg Fitness(Raw) [23.86(85.63)/18.74(1.02)/19.88(19.88)]
Gen. 154 (77.00%): Max/Min/Avg Fitness(Raw) [24.36(85.63)/19.10(1.02)/20.30(20.30)]
Gen. 155 (77.50%): Max/Min/Avg Fitness(Raw) [24.48(85.63)/19.19(1.02)/20.40(20.40)]
Gen. 156 (78.00%): Max/Min/Avg Fitness(Raw) [23.88(85.63)/18.76(1.02)/19.90(19.90)]
Gen. 157 (78.50%): Max/Min/Avg Fitness(Raw) [24.42(85.63)/19.14(1.02)/20.35(20.35)]
Gen. 158 (79.00%): Max/Min/Avg Fitness(Raw) [23.84(85.63)/18.73(1.02)/19.87(19.87)]
Gen. 159 (79.50%): Max/Min/Avg Fitness(Raw) [23.58(85.63)/18.54(1.02)/19.65(19.65)]
Gen. 160 (80.00%): Max/Min/Avg Fitness(Raw) [24.48(85.63)/19.19(1.02)/20.40(20.40)]
Gen. 161 (80.50%): Max/Min/Avg Fitness(Raw) [24.41(85.63)/19.13(1.02)/20.34(20.34)]
Gen. 162 (81.00%): Max/Min/Avg Fitness(Raw) [24.66(85.63)/19.32(1.02)/20.55(20.55)]
Gen. 163 (81.50%): Max/Min/Avg Fitness(Raw) [26.09(85.63)/20.33(1.02)/21.74(21.74)]
Gen. 164 (82.00%): Max/Min/Avg Fitness(Raw) [24.09(85.63)/18.91(1.02)/20.07(20.07)]
Gen. 165 (82.50%): Max/Min/Avg Fitness(Raw) [24.76(85.63)/19.39(1.02)/20.63(20.63)]
Gen. 166 (83.00%): Max/Min/Avg Fitness(Raw) [24.73(85.63)/19.37(1.02)/20.61(20.61)]
Gen. 167 (83.50%): Max/Min/Avg Fitness(Raw) [24.25(87.79)/19.06(1.02)/20.21(20.21)]
Gen. 168 (84.00%): Max/Min/Avg Fitness(Raw) [26.40(87.79)/20.60(1.02)/22.00(22.00)]
Gen. 169 (84.50%): Max/Min/Avg Fitness(Raw) [25.37(87.79)/19.86(1.02)/21.14(21.14)]
Gen. 170 (85.00%): Max/Min/Avg Fitness(Raw) [26.24(87.79)/20.48(1.02)/21.87(21.87)]
Gen. 171 (85.50%): Max/Min/Avg Fitness(Raw) [24.71(87.79)/19.39(1.02)/20.59(20.59)]
Gen. 172 (86.00%): Max/Min/Avg Fitness(Raw) [26.04(87.79)/20.34(1.02)/21.70(21.70)]
Gen. 173 (86.50%): Max/Min/Avg Fitness(Raw) [26.89(87.79)/20.94(1.02)/22.41(22.41)]
Gen. 174 (87.00%): Max/Min/Avg Fitness(Raw) [25.07(87.79)/19.65(1.02)/20.90(20.90)]
Gen. 175 (87.50%): Max/Min/Avg Fitness(Raw) [28.23(87.79)/21.88(1.02)/23.53(23.53)]
Gen. 176 (88.00%): Max/Min/Avg Fitness(Raw) [25.91(87.79)/20.25(1.02)/21.59(21.59)]
Gen. 177 (88.50%): Max/Min/Avg Fitness(Raw) [26.66(87.79)/20.78(1.02)/22.22(22.22)]
Gen. 178 (89.00%): Max/Min/Avg Fitness(Raw) [25.72(87.79)/20.12(1.02)/21.43(21.43)]
Gen. 179 (89.50%): Max/Min/Avg Fitness(Raw) [25.62(87.79)/20.04(1.02)/21.35(21.35)]
Gen. 180 (90.00%): Max/Min/Avg Fitness(Raw) [24.82(87.79)/19.47(1.02)/20.68(20.68)]
Gen. 181 (90.50%): Max/Min/Avg Fitness(Raw) [26.25(87.79)/20.49(1.02)/21.88(21.88)]
Gen. 182 (91.00%): Max/Min/Avg Fitness(Raw) [25.91(87.79)/20.25(1.02)/21.59(21.59)]
Gen. 183 (91.50%): Max/Min/Avg Fitness(Raw) [27.47(87.79)/21.35(1.02)/22.89(22.89)]
Gen. 184 (92.00%):