Creating network.
The layer structure is following:
[70, 20, 1]
Setting newtork parameters
Getting training data : ALL_S6_959126400_hveto_channels_signif_dt_set_1_training.pat
Setting GA training parameters
Start running GA
Gen. 0 (0.00%): Max/Min/Avg Fitness(Raw) [25.67(60.88)/19.18(1.02)/21.39(21.39)]
Gen. 1 (0.50%): Max/Min/Avg Fitness(Raw) [64.49(64.40)/0.00(1.10)/59.38(59.38)]
Gen. 2 (1.00%): Max/Min/Avg Fitness(Raw) [69.52(67.76)/0.00(17.99)/63.34(63.34)]
Gen. 3 (1.50%): Max/Min/Avg Fitness(Raw) [79.70(70.90)/0.00(36.67)/66.43(66.42)]
Gen. 4 (2.00%): Max/Min/Avg Fitness(Raw) [74.75(73.53)/0.00(11.25)/67.44(67.44)]
Gen. 5 (2.50%): Max/Min/Avg Fitness(Raw) [75.28(75.13)/0.00(1.62)/68.78(68.78)]
Gen. 6 (3.00%): Max/Min/Avg Fitness(Raw) [76.44(76.23)/0.00(2.37)/69.97(69.97)]
Gen. 7 (3.50%): Max/Min/Avg Fitness(Raw) [77.25(76.80)/0.00(3.78)/69.16(69.16)]
Gen. 8 (4.00%): Max/Min/Avg Fitness(Raw) [77.39(77.18)/0.00(1.79)/69.43(69.43)]
Gen. 9 (4.50%): Max/Min/Avg Fitness(Raw) [77.86(77.75)/0.00(1.12)/70.77(70.77)]
Gen. 10 (5.00%): Max/Min/Avg Fitness(Raw) [78.38(78.27)/0.00(1.11)/71.18(71.18)]
Gen. 11 (5.50%): Max/Min/Avg Fitness(Raw) [79.33(78.89)/0.00(3.72)/70.99(70.99)]
Gen. 12 (6.00%): Max/Min/Avg Fitness(Raw) [79.62(79.48)/0.00(1.13)/70.93(70.93)]
Gen. 13 (6.50%): Max/Min/Avg Fitness(Raw) [80.38(80.21)/0.00(1.19)/70.27(70.27)]
Gen. 14 (7.00%): Max/Min/Avg Fitness(Raw) [80.72(80.55)/0.00(1.31)/71.70(71.70)]
Gen. 15 (7.50%): Max/Min/Avg Fitness(Raw) [81.09(80.84)/0.00(1.95)/71.85(71.85)]
Gen. 16 (8.00%): Max/Min/Avg Fitness(Raw) [81.38(81.13)/0.00(1.98)/72.55(72.55)]
Gen. 17 (8.50%): Max/Min/Avg Fitness(Raw) [81.62(81.48)/0.00(1.17)/72.68(72.68)]
Gen. 18 (9.00%): Max/Min/Avg Fitness(Raw) [81.77(81.63)/0.00(1.08)/72.82(72.82)]
Gen. 19 (9.50%): Max/Min/Avg Fitness(Raw) [82.39(82.24)/0.00(1.09)/72.37(72.37)]
Gen. 20 (10.00%): Max/Min/Avg Fitness(Raw) [82.85(82.67)/0.00(1.34)/72.99(72.99)]
Gen. 21 (10.50%): Max/Min/Avg Fitness(Raw) [83.29(83.15)/0.00(1.10)/73.47(73.47)]
Gen. 22 (11.00%): Max/Min/Avg Fitness(Raw) [83.76(83.54)/0.00(1.59)/73.54(73.54)]
Gen. 23 (11.50%): Max/Min/Avg Fitness(Raw) [83.91(83.77)/0.00(1.05)/73.82(73.82)]
Gen. 24 (12.00%): Max/Min/Avg Fitness(Raw) [84.76(84.30)/0.00(3.31)/74.36(74.36)]
Gen. 25 (12.50%): Max/Min/Avg Fitness(Raw) [85.04(84.88)/0.00(1.09)/74.39(74.39)]
Gen. 26 (13.00%): Max/Min/Avg Fitness(Raw) [86.29(85.39)/0.00(6.21)/75.40(75.40)]
Gen. 27 (13.50%): Max/Min/Avg Fitness(Raw) [85.80(85.65)/0.00(1.19)/76.31(76.31)]
Gen. 28 (14.00%): Max/Min/Avg Fitness(Raw) [86.79(86.16)/0.00(4.94)/77.06(77.06)]
Gen. 29 (14.50%): Max/Min/Avg Fitness(Raw) [86.78(86.56)/0.00(1.72)/76.87(76.87)]
Gen. 30 (15.00%): Max/Min/Avg Fitness(Raw) [87.09(86.94)/0.00(1.18)/76.98(76.98)]
Gen. 31 (15.50%): Max/Min/Avg Fitness(Raw) [87.37(87.13)/0.00(1.64)/76.18(76.18)]
Gen. 32 (16.00%): Max/Min/Avg Fitness(Raw) [87.54(87.37)/0.00(1.13)/76.25(76.25)]
Gen. 33 (16.50%): Max/Min/Avg Fitness(Raw) [88.12(87.95)/0.00(1.09)/76.41(76.41)]
Gen. 34 (17.00%): Max/Min/Avg Fitness(Raw) [88.36(88.12)/0.00(1.55)/76.61(76.61)]
Gen. 35 (17.50%): Max/Min/Avg Fitness(Raw) [88.53(88.35)/0.00(1.22)/77.06(77.06)]
Gen. 36 (18.00%): Max/Min/Avg Fitness(Raw) [88.70(88.55)/0.00(1.05)/77.44(77.44)]
Gen. 37 (18.50%): Max/Min/Avg Fitness(Raw) [88.90(88.73)/0.00(1.06)/77.09(77.09)]
Gen. 38 (19.00%): Max/Min/Avg Fitness(Raw) [88.95(88.79)/0.00(1.06)/77.64(77.64)]
Gen. 39 (19.50%): Max/Min/Avg Fitness(Raw) [88.96(88.79)/0.00(1.07)/76.84(76.84)]
Gen. 40 (20.00%): Max/Min/Avg Fitness(Raw) [89.29(89.11)/0.00(1.09)/77.16(77.16)]
Gen. 41 (20.50%): Max/Min/Avg Fitness(Raw) [89.75(89.57)/0.00(1.15)/77.47(77.47)]
Gen. 42 (21.00%): Max/Min/Avg Fitness(Raw) [90.10(89.93)/0.00(1.04)/77.62(77.62)]
Gen. 43 (21.50%): Max/Min/Avg Fitness(Raw) [90.82(90.60)/0.00(1.31)/77.47(77.47)]
Gen. 44 (22.00%): Max/Min/Avg Fitness(Raw) [90.95(90.77)/0.00(1.11)/78.37(78.37)]
Gen. 45 (22.50%): Max/Min/Avg Fitness(Raw) [91.31(91.14)/0.00(1.10)/78.90(78.90)]
Gen. 46 (23.00%): Max/Min/Avg Fitness(Raw) [91.46(91.29)/0.00(1.03)/78.66(78.66)]
Gen. 47 (23.50%): Max/Min/Avg Fitness(Raw) [91.66(91.48)/0.00(1.08)/78.50(78.50)]
Gen. 48 (24.00%): Max/Min/Avg Fitness(Raw) [91.68(91.48)/0.00(1.19)/78.37(78.37)]
Gen. 49 (24.50%): Max/Min/Avg Fitness(Raw) [91.80(91.63)/0.00(1.07)/78.74(78.74)]
Gen. 50 (25.00%): Max/Min/Avg Fitness(Raw) [91.82(91.63)/0.00(1.19)/78.86(78.86)]
Gen. 51 (25.50%): Max/Min/Avg Fitness(Raw) [91.88(91.67)/0.00(1.38)/79.57(79.57)]
Gen. 52 (26.00%): Max/Min/Avg Fitness(Raw) [91.85(91.68)/0.00(1.07)/79.18(79.18)]
Gen. 53 (26.50%): Max/Min/Avg Fitness(Raw) [91.96(91.78)/0.00(1.10)/79.13(79.13)]
Gen. 54 (27.00%): Max/Min/Avg Fitness(Raw) [92.06(91.87)/0.00(1.10)/78.89(78.89)]
Gen. 55 (27.50%): Max/Min/Avg Fitness(Raw) [92.20(92.04)/0.00(1.02)/79.18(79.18)]
Gen. 56 (28.00%): Max/Min/Avg Fitness(Raw) [92.36(92.08)/0.00(1.78)/79.80(79.80)]
Gen. 57 (28.50%): Max/Min/Avg Fitness(Raw) [92.35(92.18)/0.00(1.05)/79.69(79.69)]
Gen. 58 (29.00%): Max/Min/Avg Fitness(Raw) [92.41(92.18)/0.00(1.45)/79.51(79.51)]
Gen. 59 (29.50%): Max/Min/Avg Fitness(Raw) [92.39(92.21)/0.00(1.12)/79.55(79.55)]
Gen. 60 (30.00%): Max/Min/Avg Fitness(Raw) [92.41(92.21)/0.00(1.23)/79.51(79.51)]
Gen. 61 (30.50%): Max/Min/Avg Fitness(Raw) [92.47(92.24)/0.00(1.37)/79.32(79.32)]
Gen. 62 (31.00%): Max/Min/Avg Fitness(Raw) [92.42(92.25)/0.00(1.07)/79.66(79.66)]
Gen. 63 (31.50%): Max/Min/Avg Fitness(Raw) [92.51(92.34)/0.00(1.07)/79.66(79.66)]
Gen. 64 (32.00%): Max/Min/Avg Fitness(Raw) [92.52(92.34)/0.00(1.14)/79.80(79.80)]
Gen. 65 (32.50%): Max/Min/Avg Fitness(Raw) [92.53(92.35)/0.00(1.14)/80.15(80.15)]
Gen. 66 (33.00%): Max/Min/Avg Fitness(Raw) [92.66(92.36)/0.00(1.91)/80.00(80.00)]
Gen. 67 (33.50%): Max/Min/Avg Fitness(Raw) [92.62(92.46)/0.00(1.03)/80.24(80.24)]
Gen. 68 (34.00%): Max/Min/Avg Fitness(Raw) [92.92(92.74)/0.00(1.08)/79.22(79.22)]
Gen. 69 (34.50%): Max/Min/Avg Fitness(Raw) [92.93(92.74)/0.00(1.16)/79.65(79.65)]
Gen. 70 (35.00%): Max/Min/Avg Fitness(Raw) [92.98(92.80)/0.00(1.09)/79.86(79.86)]
Gen. 71 (35.50%): Max/Min/Avg Fitness(Raw) [93.03(92.85)/0.00(1.07)/79.97(79.97)]
Gen. 72 (36.00%): Max/Min/Avg Fitness(Raw) [93.22(92.85)/0.00(2.21)/79.77(79.77)]
Gen. 73 (36.50%): Max/Min/Avg Fitness(Raw) [93.09(92.90)/0.00(1.14)/79.80(79.80)]
Gen. 74 (37.00%): Max/Min/Avg Fitness(Raw) [93.08(92.91)/0.00(1.05)/79.96(79.96)]
Gen. 75 (37.50%): Max/Min/Avg Fitness(Raw) [93.33(93.15)/0.00(1.07)/79.94(79.94)]
Gen. 76 (38.00%): Max/Min/Avg Fitness(Raw) [93.56(93.40)/0.00(1.03)/80.72(80.72)]
Gen. 77 (38.50%): Max/Min/Avg Fitness(Raw) [93.61(93.41)/0.00(1.23)/80.56(80.56)]
Gen. 78 (39.00%): Max/Min/Avg Fitness(Raw) [93.67(93.49)/0.00(1.13)/80.61(80.61)]
Gen. 79 (39.50%): Max/Min/Avg Fitness(Raw) [93.70(93.51)/0.00(1.16)/80.81(80.81)]
Gen. 80 (40.00%): Max/Min/Avg Fitness(Raw) [93.74(93.56)/0.00(1.06)/80.59(80.59)]
Gen. 81 (40.50%): Max/Min/Avg Fitness(Raw) [93.91(93.71)/0.00(1.20)/80.48(80.48)]
Gen. 82 (41.00%): Max/Min/Avg Fitness(Raw) [94.34(94.13)/0.00(1.21)/80.24(80.24)]
Gen. 83 (41.50%): Max/Min/Avg Fitness(Raw) [94.35(94.16)/0.00(1.20)/81.56(81.56)]
Gen. 84 (42.00%): Max/Min/Avg Fitness(Raw) [94.74(94.37)/0.00(2.39)/81.93(81.93)]
Gen. 85 (42.50%): Max/Min/Avg Fitness(Raw) [94.65(94.46)/0.00(1.09)/81.04(81.04)]
Gen. 86 (43.00%): Max/Min/Avg Fitness(Raw) [94.74(94.57)/0.00(1.05)/81.56(81.56)]
Gen. 87 (43.50%): Max/Min/Avg Fitness(Raw) [95.04(94.78)/0.00(1.56)/81.29(81.29)]
Gen. 88 (44.00%): Max/Min/Avg Fitness(Raw) [95.43(95.09)/0.00(1.98)/81.61(81.61)]
Gen. 89 (44.50%): Max/Min/Avg Fitness(Raw) [95.62(95.21)/0.00(2.60)/82.70(82.70)]
Gen. 90 (45.00%): Max/Min/Avg Fitness(Raw) [95.68(95.29)/0.00(2.26)/81.80(81.80)]
Gen. 91 (45.50%): Max/Min/Avg Fitness(Raw) [95.59(95.42)/0.00(1.08)/82.27(82.27)]
Gen. 92 (46.00%): Max/Min/Avg Fitness(Raw) [95.78(95.60)/0.00(1.09)/81.85(81.85)]
Gen. 93 (46.50%): Max/Min/Avg Fitness(Raw) [95.96(95.76)/0.00(1.20)/82.32(82.32)]
Gen. 94 (47.00%): Max/Min/Avg Fitness(Raw) [96.02(95.84)/0.00(1.07)/82.52(82.52)]
Gen. 95 (47.50%): Max/Min/Avg Fitness(Raw) [96.11(95.93)/0.00(1.08)/82.56(82.56)]
Gen. 96 (48.00%): Max/Min/Avg Fitness(Raw) [96.19(96.00)/0.00(1.12)/82.25(82.25)]
Gen. 97 (48.50%): Max/Min/Avg Fitness(Raw) [96.48(96.32)/0.00(1.04)/83.34(83.34)]
Gen. 98 (49.00%): Max/Min/Avg Fitness(Raw) [96.74(96.41)/0.00(2.04)/83.26(83.26)]
Gen. 99 (49.50%): Max/Min/Avg Fitness(Raw) [96.59(96.42)/0.00(1.07)/83.13(83.13)]
Gen. 100 (50.00%): Max/Min/Avg Fitness(Raw) [96.74(96.47)/0.00(1.66)/83.49(83.49)]
Gen. 101 (50.50%): Max/Min/Avg Fitness(Raw) [97.35(97.14)/0.00(1.23)/83.09(83.09)]
Gen. 102 (51.00%): Max/Min/Avg Fitness(Raw) [98.07(97.86)/0.00(1.18)/83.12(83.12)]
Gen. 103 (51.50%): Max/Min/Avg Fitness(Raw) [98.30(98.03)/0.00(1.46)/83.24(83.24)]
Gen. 104 (52.00%): Max/Min/Avg Fitness(Raw) [98.48(98.30)/0.00(1.05)/83.92(83.92)]
Gen. 105 (52.50%): Max/Min/Avg Fitness(Raw) [99.43(99.14)/0.00(1.56)/84.21(84.21)]
Gen. 106 (53.00%): Max/Min/Avg Fitness(Raw) [99.50(99.30)/0.00(1.10)/84.35(84.35)]
Gen. 107 (53.50%): Max/Min/Avg Fitness(Raw) [99.93(99.74)/0.00(1.07)/84.78(84.78)]
Gen. 108 (54.00%): Max/Min/Avg Fitness(Raw) [100.16(99.99)/0.00(1.03)/85.57(85.57)]
Gen. 109 (54.50%): Max/Min/Avg Fitness(Raw) [100.45(100.26)/0.00(1.07)/85.21(85.21)]
Gen. 110 (55.00%): Max/Min/Avg Fitness(Raw) [100.89(100.40)/0.00(2.58)/84.77(84.77)]
Gen. 111 (55.50%): Max/Min/Avg Fitness(Raw) [100.82(100.61)/0.00(1.18)/85.41(85.41)]
Gen. 112 (56.00%): Max/Min/Avg Fitness(Raw) [101.01(100.79)/0.00(1.19)/85.40(85.40)]
Gen. 113 (56.50%): Max/Min/Avg Fitness(Raw) [101.29(101.10)/0.00(1.04)/85.64(85.64)]
Gen. 114 (57.00%): Max/Min/Avg Fitness(Raw) [101.47(101.28)/0.00(1.04)/86.13(86.13)]
Gen. 115 (57.50%): Max/Min/Avg Fitness(Raw) [101.64(101.41)/0.00(1.26)/85.90(85.90)]
Gen. 116 (58.00%): Max/Min/Avg Fitness(Raw) [101.66(101.47)/0.00(1.04)/86.17(86.17)]
Gen. 117 (58.50%): Max/Min/Avg Fitness(Raw) [102.35(102.16)/0.00(1.05)/86.59(86.59)]
Gen. 118 (59.00%): Max/Min/Avg Fitness(Raw) [104.71(103.20)/0.00(7.96)/88.02(88.02)]
Gen. 119 (59.50%): Max/Min/Avg Fitness(Raw) [104.47(104.25)/0.00(1.17)/87.99(87.99)]
Gen. 120 (60.00%): Max/Min/Avg Fitness(Raw) [106.20(105.97)/0.00(1.04)/86.66(86.66)]
Gen. 121 (60.50%): Max/Min/Avg Fitness(Raw) [106.71(106.49)/0.00(1.13)/89.69(89.69)]
Gen. 122 (61.00%): Max/Min/Avg Fitness(Raw) [106.99(106.72)/0.00(1.44)/90.07(90.07)]
Gen. 123 (61.50%): Max/Min/Avg Fitness(Raw) [107.17(106.92)/0.00(1.24)/89.49(89.49)]
Gen. 124 (62.00%): Max/Min/Avg Fitness(Raw) [107.34(107.12)/0.00(1.13)/90.01(90.01)]
Gen. 125 (62.50%): Max/Min/Avg Fitness(Raw) [107.73(107.51)/0.00(1.07)/89.35(89.35)]
Gen. 126 (63.00%): Max/Min/Avg Fitness(Raw) [108.45(108.23)/0.00(1.05)/89.87(89.87)]
Gen. 127 (63.50%): Max/Min/Avg Fitness(Raw) [108.61(108.39)/0.00(1.09)/90.41(90.41)]
Gen. 128 (64.00%): Max/Min/Avg Fitness(Raw) [109.11(108.83)/0.00(1.38)/90.75(90.75)]
Gen. 129 (64.50%): Max/Min/Avg Fitness(Raw) [109.24(109.01)/0.00(1.10)/90.57(90.57)]
Gen. 130 (65.00%): Max/Min/Avg Fitness(Raw) [109.41(109.17)/0.00(1.12)/90.31(90.31)]
Gen. 131 (65.50%): Max/Min/Avg Fitness(Raw) [109.58(109.33)/0.00(1.22)/90.71(90.71)]
Gen. 132 (66.00%): Max/Min/Avg Fitness(Raw) [109.92(109.70)/0.00(1.04)/90.78(90.78)]
Gen. 133 (66.50%): Max/Min/Avg Fitness(Raw) [110.18(109.95)/0.00(1.11)/91.23(91.23)]
Gen. 134 (67.00%): Max/Min/Avg Fitness(Raw) [110.58(110.34)/0.00(1.15)/91.51(91.51)]
Gen. 135 (67.50%): Max/Min/Avg Fitness(Raw) [110.67(110.44)/0.00(1.08)/91.30(91.30)]
Gen. 136 (68.00%): Max/Min/Avg Fitness(Raw) [111.12(110.86)/0.00(1.21)/91.54(91.54)]
Gen. 137 (68.50%): Max/Min/Avg Fitness(Raw) [111.23(110.98)/0.00(1.20)/91.77(91.77)]
Gen. 138 (69.00%): Max/Min/Avg Fitness(Raw) [111.35(111.12)/0.00(1.05)/91.30(91.30)]
Gen. 139 (69.50%): Max/Min/Avg Fitness(Raw) [111.52(111.29)/0.00(1.06)/91.90(91.90)]
Gen. 140 (70.00%): Max/Min/Avg Fitness(Raw) [112.12(111.89)/0.00(1.04)/91.58(91.58)]
Gen. 141 (70.50%): Max/Min/Avg Fitness(Raw) [112.12(111.89)/0.00(1.08)/92.05(92.05)]
Gen. 142 (71.00%): Max/Min/Avg Fitness(Raw) [112.33(111.89)/0.00(1.99)/91.89(91.89)]
Gen. 143 (71.50%): Max/Min/Avg Fitness(Raw) [112.59(112.35)/0.00(1.06)/91.87(91.87)]
Gen. 144 (72.00%): Max/Min/Avg Fitness(Raw) [112.97(112.73)/0.00(1.11)/93.27(93.27)]
Gen. 145 (72.50%): Max/Min/Avg Fitness(Raw) [113.03(112.78)/0.00(1.20)/93.28(93.28)]
Gen. 146 (73.00%): Max/Min/Avg Fitness(Raw) [113.60(113.28)/0.00(1.55)/93.89(93.89)]
Gen. 147 (73.50%): Max/Min/Avg Fitness(Raw) [113.73(113.51)/0.00(1.05)/93.68(93.68)]
Gen. 148 (74.00%): Max/Min/Avg Fitness(Raw) [113.94(113.71)/0.00(1.09)/94.30(94.30)]
Gen. 149 (74.50%): Max/Min/Avg Fitness(Raw) [113.99(113.78)/0.00(1.03)/94.31(94.31)]
Gen. 150 (75.00%): Max/Min/Avg Fitness(Raw) [114.08(113.86)/0.00(1.08)/94.53(94.53)]
Gen. 151 (75.50%): Max/Min/Avg Fitness(Raw) [114.27(114.04)/0.00(1.07)/94.06(94.06)]
Gen. 152 (76.00%): Max/Min/Avg Fitness(Raw) [114.48(114.23)/0.00(1.22)/94.43(94.43)]
Gen. 153 (76.50%): Max/Min/Avg Fitness(Raw) [114.81(114.58)/0.00(1.04)/94.15(94.15)]
Gen. 154 (77.00%): Max/Min/Avg Fitness(Raw) [114.98(114.74)/0.00(1.07)/94.49(94.49)]
Gen. 155 (77.50%): Max/Min/Avg Fitness(Raw) [115.18(114.95)/0.00(1.03)/94.74(94.74)]
Gen. 156 (78.00%): Max/Min/Avg Fitness(Raw) [115.25(115.01)/0.00(1.12)/95.25(95.25)]
Gen. 157 (78.50%): Max/Min/Avg Fitness(Raw) [115.37(115.14)/0.00(1.08)/95.19(95.19)]
Gen. 158 (79.00%): Max/Min/Avg Fitness(Raw) [115.40(115.18)/0.00(1.03)/95.16(95.16)]
Gen. 159 (79.50%): Max/Min/Avg Fitness(Raw) [115.49(115.26)/0.00(1.05)/94.55(94.55)]
Gen. 160 (80.00%): Max/Min/Avg Fitness(Raw) [115.54(115.32)/0.00(1.04)/95.28(95.28)]
Gen. 161 (80.50%): Max/Min/Avg Fitness(Raw) [115.64(115.41)/0.00(1.07)/95.17(95.17)]
Gen. 162 (81.00%): Max/Min/Avg Fitness(Raw) [115.64(115.43)/0.00(1.03)/96.03(96.03)]
Gen. 163 (81.50%): Max/Min/Avg Fitness(Raw) [115.83(115.47)/0.00(1.70)/95.69(95.69)]
Gen. 164 (82.00%): Max/Min/Avg Fitness(Raw) [115.97(115.75)/0.00(1.08)/95.99(95.99)]
Gen. 165 (82.50%): Max/Min/Avg Fitness(Raw) [116.13(115.90)/0.00(1.09)/95.91(95.91)]
Gen. 166 (83.00%): Max/Min/Avg Fitness(Raw) [116.25(116.03)/0.00(1.04)/96.40(96.40)]
Gen. 167 (83.50%): Max/Min/Avg Fitness(Raw) [116.34(116.12)/0.00(1.03)/95.84(95.84)]
Gen. 168 (84.00%): Max/Min/Avg Fitness(Raw) [116.46(116.25)/0.00(1.04)/96.80(96.80)]
Gen. 169 (84.50%): Max/Min/Avg Fitness(Raw) [116.55(116.33)/0.00(1.06)/96.55(96.55)]
Gen. 170 (85.00%): Max/Min/Avg Fitness(Raw) [116.56(116.33)/0.00(1.10)/96.32(96.32)]
Gen. 171 (85.50%): Max/Min/Avg Fitness(Raw) [116.56(116.34)/0.00(1.04)/96.40(96.40)]
Gen. 172 (86.00%): Max/Min/Avg Fitness(Raw) [116.57(116.35)/0.00(1.03)/96.44(96.44)]
Gen. 173 (86.50%): Max/Min/Avg Fitness(Raw) [116.65(116.42)/0.00(1.09)/96.36(96.36)]
Gen. 174 (87.00%): Max/Min/Avg Fitness(Raw) [116.80(116.58)/0.00(1.06)/96.78(96.78)]
Gen. 175 (87.50%): Max/Min/Avg Fitness(Raw) [116.88(116.66)/0.00(1.04)/96.62(96.62)]
Gen. 176 (88.00%): Max/Min/Avg Fitness(Raw) [116.95(116.72)/0.00(1.08)/96.38(96.38)]
Gen. 177 (88.50%): Max/Min/Avg Fitness(Raw) [116.95(116.72)/0.00(1.07)/96.46(96.46)]
Gen. 178 (89.00%): Max/Min/Avg Fitness(Raw) [117.01(116.79)/0.00(1.03)/96.77(96.77)]
Gen. 179 (89.50%): Max/Min/Avg Fitness(Raw) [117.20(116.97)/0.00(1.06)/96.20(96.20)]
Gen. 180 (90.00%): Max/Min/Avg Fitness(Raw) [117.50(117.25)/0.00(1.19)/97.06(97.06)]
Gen. 181 (90.50%): Max/Min/Avg Fitness(Raw) [117.76(117.52)/0.00(1.15)/97.25(97.25)]
Gen. 182 (91.00%): Max/Min/Avg Fitness(Raw) [117.75(117.52)/0.00(1.03)/96.62(96.62)]
Gen. 183 (91.50%): Max/Min/Avg Fitness(Raw) [117.80(117.56)/0.00(1.07)/96.81(96.81)]
Gen. 184 (92.00%): Max/Min/Avg Fitness(Raw) [117.84(117.62)/0.00(1.08)/97.75(97.75)]
Gen. 185 (92.50%): Max/Min/Avg Fitness(Raw) [118.47(118.24)/0.00(1.05)/97.31(97.31)]
Gen. 186 (93.00%): Max/Min/Avg Fitness(Raw) [118.74(118.51)/0.00(1.05)/96.87(96.87)]
Gen. 187 (93.50%): Max/Min/Avg Fitness(Raw) [118.86(118.63)/0.00(1.06)/97.77(97.77)]
Gen. 188 (94.00%): Max/Min/Avg Fitness(Raw) [119.11(118.78)/0.00(1.50)/97.83(97.83)]
Gen. 189 (94.50%): Max/Min/Avg Fitness(Raw) [119.26(119.03)/0.00(1.08)/98.49(98.49)]
Gen. 190 (95.00%): Max/Min/Avg Fitness(Raw) [119.32(119.10)/0.00(1.09)/98.90(98.90)]
Gen. 191 (95.50%): Max/Min/Avg Fitness(Raw) [119.56(119.33)/0.00(1.06)/98.33(98.33)]
Gen. 192 (96.00%): Max/Min/Avg Fitness(Raw) [119.62(119.38)/0.00(1.03)/97.66(97.66)]
Gen. 193 (96.50%): Max/Min/Avg Fitness(Raw) [119.75(119.47)/0.00(1.20)/97.50(97.50)]
Gen. 194 (97.00%): Max/Min/Avg Fitness(Raw) [119.74(119.50)/0.00(1.05)/97.75(97.75)]
Gen. 195 (97.50%): Max/Min/Avg Fitness(Raw) [119.87(119.62)/0.00(1.12)/97.51(97.51)]
Gen. 196 (98.00%): Max/Min/Avg Fitness(Raw) [120.24(120.00)/0.00(1.04)/98.05(98.05)]
Gen. 197 (98.50%): Max/Min/Avg Fitness(Raw) [120.47(120.21)/0.00(1.20)/98.59(98.59)]
Gen. 198 (99.00%): Max/Min/Avg Fitness(Raw) [120.84(120.59)/0.00(1.07)/97.79(97.79)]
Gen. 199 (99.50%): Max/Min/Avg Fitness(Raw) [121.12(120.73)/0.00(1.66)/98.27(98.27)]
Gen. 200 (100.00%): Max/Min/Avg Fitness(Raw) [120.99(120.75)/0.00(1.04)/98.62(98.62)]
Total time elapsed: 82178.422 seconds.
GA MSE : 0.008951
Best initial connection wetighs are set on Network
Setting FANN training parameters
Input layer                          :  70 neurons, 1 bias
  Hidden layer                       :  20 neurons, 1 bias
Output layer                         :   1 neurons
Total neurons and biases             :  93
Total connections                    :1441
Connection rate                      :   1.000
Network type                         :   FANN_NETTYPE_LAYER
Training algorithm                   :   FANN_TRAIN_RPROP
Training error function              :   FANN_ERRORFUNC_TANH
Training stop function               :   FANN_STOPFUNC_MSE
Bit fail limit                       :   0.350
Learning rate                        :   0.700
Learning momentum                    :   0.000
Quickprop decay                      :  -0.000100
Quickprop mu                         :   1.750
RPROP increase factor                :   1.001
RPROP decrease factor                :   0.333
RPROP delta min                      :   0.000
RPROP delta max                      :  50.000
Cascade output change fraction       :   0.010000
Cascade candidate change fraction    :   0.010000
Cascade output stagnation epochs     :  12
Cascade candidate stagnation epochs  :  12
Cascade max output epochs            : 150
Cascade max candidate epochs         : 150
Cascade weight multiplier            :   0.400
Cascade candidate limit              :1000.000
Cascade activation functions[0]      :   FANN_SIGMOID
Cascade activation functions[1]      :   FANN_SIGMOID_SYMMETRIC
Cascade activation functions[2]      :   FANN_GAUSSIAN
Cascade activation functions[3]      :   FANN_GAUSSIAN_SYMMETRIC
Cascade activation functions[4]      :   FANN_ELLIOT
Cascade activation functions[5]      :   FANN_ELLIOT_SYMMETRIC
Cascade activation functions[6]      :   FANN_SIN_SYMMETRIC
Cascade activation functions[7]      :   FANN_COS_SYMMETRIC
Cascade activation functions[8]      :   FANN_SIN
Cascade activation functions[9]      :   FANN_COS
Cascade activation steepnesses[0]    :   0.250
Cascade activation steepnesses[1]    :   0.500
Cascade activation steepnesses[2]    :   0.750
Cascade activation steepnesses[3]    :   1.000
Cascade candidate groups             :   2
Cascade no. of candidates            :  80
Start training network with 2-algorithm in FANN
Max epochs     8000. Desired error: 0.0010000000.
Epochs            1. Current error: 0.0082814135. Bit fail 151.
Epochs          100. Current error: 0.0101247653. Bit fail 209.
Epochs          200. Current error: 0.0091946116. Bit fail 186.
Epochs          300. Current error: 0.0087445127. Bit fail 180.
Epochs          400. Current error: 0.0084789330. Bit fail 171.
Epochs          500. Current error: 0.0081669586. Bit fail 168.
Epochs          600. Current error: 0.0079614744. Bit fail 165.
Epochs          700. Current error: 0.0078367423. Bit fail 164.
Epochs          800. Current error: 0.0077523859. Bit fail 161.
Epochs          900. Current error: 0.0076892274. Bit fail 156.
Epochs         1000. Current error: 0.0076521710. Bit fail 160.
Epochs         1100. Current error: 0.0075713922. Bit fail 158.
Epochs         1200. Current error: 0.0074361241. Bit fail 154.
Epochs         1300. Current error: 0.0073261228. Bit fail 152.
Epochs         1400. Current error: 0.0072625205. Bit fail 150.
Epochs         1500. Current error: 0.0072353501. Bit fail 154.
Epochs         1600. Current error: 0.0071819704. Bit fail 154.
Epochs         1700. Current error: 0.0071724518. Bit fail 152.
Epochs         1800. Current error: 0.0071562403. Bit fail 149.
Epochs         1900. Current error: 0.0071229613. Bit fail 148.
Epochs         2000. Current error: 0.0071040010. Bit fail 150.
Epochs         2100. Current error: 0.0070111942. Bit fail 151.
Epochs         2200. Current error: 0.0068729469. Bit fail 146.
Epochs         2300. Current error: 0.0068694777. Bit fail 148.
Epochs         2400. Current error: 0.0068792151. Bit fail 147.
Epochs         2500. Current error: 0.0067996820. Bit fail 147.
Epochs         2600. Current error: 0.0067074453. Bit fail 144.
Epochs         2700. Current error: 0.0066524814. Bit fail 142.
Epochs         2800. Current error: 0.0066010612. Bit fail 140.
Epochs         2900. Current error: 0.0065888744. Bit fail 137.
Epochs         3000. Current error: 0.0065232767. Bit fail 137.
Epochs         3100. Current error: 0.0065090838. Bit fail 137.
Epochs         3200. Current error: 0.0064988770. Bit fail 138.
Epochs         3300. Current error: 0.0064772717. Bit fail 137.
Epochs         3400. Current error: 0.0064597903. Bit fail 135.
Epochs         3500. Current error: 0.0064589740. Bit fail 135.
Epochs         3600. Current error: 0.0064396705. Bit fail 135.
Epochs         3700. Current error: 0.0063829175. Bit fail 133.
Epochs         3800. Current error: 0.0063644480. Bit fail 131.
Epochs         3900. Current error: 0.0063489354. Bit fail 130.
Epochs         4000. Current error: 0.0063293930. Bit fail 133.
Epochs         4100. Current error: 0.0063206428. Bit fail 133.
Epochs         4200. Current error: 0.0062915394. Bit fail 132.
Epochs         4300. Current error: 0.0062845470. Bit fail 138.
Epochs         4400. Current error: 0.0062258700. Bit fail 132.
Epochs         4500. Current error: 0.0061919559. Bit fail 129.
Epochs         4600. Current error: 0.0061215344. Bit fail 126.
Epochs         4700. Current error: 0.0060564438. Bit fail 124.
Epochs         4800. Current error: 0.0060391184. Bit fail 124.
Epochs         4900. Current error: 0.0060201604. Bit fail 123.
Epochs         5000. Current error: 0.0060008122. Bit fail 124.
Epochs         5100. Current error: 0.0059862118. Bit fail 123.
Epochs         5200. Current error: 0.0059650550. Bit fail 122.
Epochs         5300. Current error: 0.0059479452. Bit fail 121.
Epochs         5400. Current error: 0.0059293439. Bit fail 121.
Epochs         5500. Current error: 0.0059182807. Bit fail 119.
Epochs         5600. Current error: 0.0058976398. Bit fail 119.
Epochs         5700. Current error: 0.0058782152. Bit fail 117.
Epochs         5800. Current error: 0.0058511277. Bit fail 116.
Epochs         5900. Current error: 0.0058149169. Bit fail 117.
Epochs         6000. Current error: 0.0057942802. Bit fail 116.
Epochs         6100. Current error: 0.0057717706. Bit fail 117.
Epochs         6200. Current error: 0.0057664029. Bit fail 119.
Epochs         6300. Current error: 0.0057516498. Bit fail 117.
Epochs         6400. Current error: 0.0057307445. Bit fail 116.
Epochs         6500. Current error: 0.0057204766. Bit fail 115.
Epochs         6600. Current error: 0.0056961230. Bit fail 114.
Epochs         6700. Current error: 0.0056794928. Bit fail 115.
Epochs         6800. Current error: 0.0056677912. Bit fail 117.
Epochs         6900. Current error: 0.0056543043. Bit fail 120.
Epochs         7000. Current error: 0.0056310087. Bit fail 119.
Epochs         7100. Current error: 0.0056122188. Bit fail 117.
Epochs         7200. Current error: 0.0055905981. Bit fail 117.
Epochs         7300. Current error: 0.0055713411. Bit fail 117.
Epochs         7400. Current error: 0.0055520064. Bit fail 116.
Epochs         7500. Current error: 0.0055364403. Bit fail 116.
Epochs         7600. Current error: 0.0055180611. Bit fail 116.
Epochs         7700. Current error: 0.0055055032. Bit fail 116.
Epochs         7800. Current error: 0.0054875761. Bit fail 116.
Epochs         7900. Current error: 0.0054747509. Bit fail 116.
Epochs         8000. Current error: 0.0054550855. Bit fail 117.
Time elpased for FANN training: 880.171163 seconds
Trained Network by GA+FANN is saved in 
./ALL_S6_959126400_hveto_channels_signif_dt_set_1_training_n70n20n1_c10_mr04_p5000_g200_rmin-25_rmax25_gsigma1_y1001_z03333_f05g09_m8000.net.
Total Running Time: 83059.015786 seconds
