Creating network.
The layer structure is following:
[70, 30, 1]
Setting newtork parameters
Getting training data : ALL_S6_959126400_hveto_channels_signif_dt_set_2_training.pat
Setting GA training parameters
Start running GA
Gen. 0 (0.00%): Max/Min/Avg Fitness(Raw) [25.40(53.89)/18.56(1.02)/21.16(21.16)]
Gen. 1 (0.50%): Max/Min/Avg Fitness(Raw) [25.84(53.89)/18.80(1.02)/21.54(21.54)]
Gen. 2 (1.00%): Max/Min/Avg Fitness(Raw) [24.96(58.53)/18.62(1.02)/20.80(20.80)]
Gen. 3 (1.50%): Max/Min/Avg Fitness(Raw) [23.26(58.53)/17.56(1.02)/19.38(19.38)]
Gen. 4 (2.00%): Max/Min/Avg Fitness(Raw) [24.46(58.53)/18.31(1.02)/20.38(20.38)]
Gen. 5 (2.50%): Max/Min/Avg Fitness(Raw) [23.36(60.05)/17.70(1.02)/19.47(19.47)]
Gen. 6 (3.00%): Max/Min/Avg Fitness(Raw) [20.52(60.05)/15.82(1.02)/17.10(17.10)]
Gen. 7 (3.50%): Max/Min/Avg Fitness(Raw) [20.01(60.05)/15.47(1.02)/16.68(16.68)]
Gen. 8 (4.00%): Max/Min/Avg Fitness(Raw) [20.29(60.35)/15.67(1.02)/16.91(16.91)]
Gen. 9 (4.50%): Max/Min/Avg Fitness(Raw) [21.98(64.31)/16.94(1.02)/18.32(18.32)]
Gen. 10 (5.00%): Max/Min/Avg Fitness(Raw) [19.51(64.31)/15.23(1.02)/16.26(16.26)]
Gen. 11 (5.50%): Max/Min/Avg Fitness(Raw) [18.06(64.31)/14.19(1.02)/15.05(15.05)]
Gen. 12 (6.00%): Max/Min/Avg Fitness(Raw) [18.64(64.31)/14.61(1.02)/15.54(15.54)]
Gen. 13 (6.50%): Max/Min/Avg Fitness(Raw) [19.18(64.31)/15.00(1.02)/15.99(15.99)]
Gen. 14 (7.00%): Max/Min/Avg Fitness(Raw) [20.79(64.31)/16.12(1.02)/17.32(17.32)]
Gen. 15 (7.50%): Max/Min/Avg Fitness(Raw) [20.20(64.31)/15.71(1.02)/16.83(16.83)]
Gen. 16 (8.00%): Max/Min/Avg Fitness(Raw) [18.82(64.31)/14.73(1.02)/15.68(15.68)]
Gen. 17 (8.50%): Max/Min/Avg Fitness(Raw) [17.98(64.31)/14.14(1.02)/14.98(14.98)]
Gen. 18 (9.00%): Max/Min/Avg Fitness(Raw) [20.33(64.31)/15.80(1.02)/16.94(16.94)]
Gen. 19 (9.50%): Max/Min/Avg Fitness(Raw) [19.65(64.31)/15.32(1.02)/16.37(16.37)]
Gen. 20 (10.00%): Max/Min/Avg Fitness(Raw) [19.86(64.31)/15.47(1.02)/16.55(16.55)]
Gen. 21 (10.50%): Max/Min/Avg Fitness(Raw) [19.03(64.31)/14.89(1.02)/15.86(15.86)]
Gen. 22 (11.00%): Max/Min/Avg Fitness(Raw) [19.10(64.31)/14.93(1.02)/15.91(15.91)]
Gen. 23 (11.50%): Max/Min/Avg Fitness(Raw) [19.00(64.31)/14.87(1.02)/15.83(15.83)]
Gen. 24 (12.00%): Max/Min/Avg Fitness(Raw) [19.04(64.31)/14.89(1.02)/15.86(15.86)]
Gen. 25 (12.50%): Max/Min/Avg Fitness(Raw) [19.97(64.31)/15.55(1.02)/16.64(16.64)]
Gen. 26 (13.00%): Max/Min/Avg Fitness(Raw) [17.66(64.31)/13.90(1.02)/14.71(14.71)]
Gen. 27 (13.50%): Max/Min/Avg Fitness(Raw) [19.00(64.31)/14.87(1.02)/15.83(15.83)]
Gen. 28 (14.00%): Max/Min/Avg Fitness(Raw) [18.51(64.31)/14.51(1.02)/15.42(15.42)]
Gen. 29 (14.50%): Max/Min/Avg Fitness(Raw) [20.01(64.31)/15.58(1.02)/16.67(16.67)]
Gen. 30 (15.00%): Max/Min/Avg Fitness(Raw) [19.24(64.31)/15.03(1.02)/16.03(16.03)]
Gen. 31 (15.50%): Max/Min/Avg Fitness(Raw) [19.43(64.31)/15.17(1.02)/16.19(16.19)]
Gen. 32 (16.00%): Max/Min/Avg Fitness(Raw) [20.33(64.31)/15.80(1.02)/16.94(16.94)]
Gen. 33 (16.50%): Max/Min/Avg Fitness(Raw) [19.63(64.31)/15.32(1.02)/16.36(16.36)]
Gen. 34 (17.00%): Max/Min/Avg Fitness(Raw) [19.50(64.31)/15.22(1.02)/16.25(16.25)]
Gen. 35 (17.50%): Max/Min/Avg Fitness(Raw) [19.77(64.31)/15.41(1.02)/16.48(16.48)]
Gen. 36 (18.00%): Max/Min/Avg Fitness(Raw) [19.85(64.31)/15.47(1.02)/16.54(16.54)]
Gen. 37 (18.50%): Max/Min/Avg Fitness(Raw) [18.47(64.31)/14.49(1.02)/15.39(15.39)]
Gen. 38 (19.00%): Max/Min/Avg Fitness(Raw) [18.01(64.31)/14.16(1.02)/15.01(15.01)]
Gen. 39 (19.50%): Max/Min/Avg Fitness(Raw) [18.74(65.58)/14.70(1.02)/15.61(15.61)]
Gen. 40 (20.00%): Max/Min/Avg Fitness(Raw) [22.76(65.58)/17.51(1.02)/18.97(18.97)]
Gen. 41 (20.50%): Max/Min/Avg Fitness(Raw) [22.15(65.58)/17.09(1.02)/18.46(18.46)]
Gen. 42 (21.00%): Max/Min/Avg Fitness(Raw) [22.55(65.58)/17.37(1.02)/18.80(18.80)]
Gen. 43 (21.50%): Max/Min/Avg Fitness(Raw) [23.67(65.58)/18.12(1.02)/19.73(19.73)]
Gen. 44 (22.00%): Max/Min/Avg Fitness(Raw) [21.93(65.58)/16.94(1.02)/18.28(18.28)]
Gen. 45 (22.50%): Max/Min/Avg Fitness(Raw) [21.85(65.58)/16.89(1.02)/18.21(18.21)]
Gen. 46 (23.00%): Max/Min/Avg Fitness(Raw) [23.90(65.58)/18.27(1.02)/19.92(19.92)]
Gen. 47 (23.50%): Max/Min/Avg Fitness(Raw) [21.89(65.58)/16.91(1.02)/18.24(18.24)]
Gen. 48 (24.00%): Max/Min/Avg Fitness(Raw) [22.87(65.58)/17.58(1.02)/19.06(19.06)]
Gen. 49 (24.50%): Max/Min/Avg Fitness(Raw) [23.60(65.58)/18.07(1.02)/19.66(19.66)]
Gen. 50 (25.00%): Max/Min/Avg Fitness(Raw) [22.38(65.58)/17.25(1.02)/18.65(18.65)]
Gen. 51 (25.50%): Max/Min/Avg Fitness(Raw) [21.91(65.58)/16.93(1.02)/18.26(18.26)]
Gen. 52 (26.00%): Max/Min/Avg Fitness(Raw) [22.28(65.58)/17.18(1.02)/18.56(18.56)]
Gen. 53 (26.50%): Max/Min/Avg Fitness(Raw) [22.81(65.58)/17.54(1.02)/19.01(19.01)]
Gen. 54 (27.00%): Max/Min/Avg Fitness(Raw) [22.62(65.58)/17.41(1.02)/18.85(18.85)]
Gen. 55 (27.50%): Max/Min/Avg Fitness(Raw) [23.35(65.58)/17.90(1.02)/19.46(19.46)]
Gen. 56 (28.00%): Max/Min/Avg Fitness(Raw) [23.25(65.58)/17.84(1.02)/19.38(19.38)]
Gen. 57 (28.50%): Max/Min/Avg Fitness(Raw) [21.61(65.58)/16.73(1.02)/18.01(18.01)]
Gen. 58 (29.00%): Max/Min/Avg Fitness(Raw) [23.91(65.58)/18.27(1.02)/19.92(19.92)]
Gen. 59 (29.50%): Max/Min/Avg Fitness(Raw) [22.00(65.58)/16.99(1.02)/18.33(18.33)]
Gen. 60 (30.00%): Max/Min/Avg Fitness(Raw) [23.49(65.58)/17.99(1.02)/19.57(19.57)]
Gen. 61 (30.50%): Max/Min/Avg Fitness(Raw) [22.35(65.58)/17.23(1.02)/18.63(18.63)]
Gen. 62 (31.00%): Max/Min/Avg Fitness(Raw) [22.19(65.58)/17.12(1.02)/18.50(18.50)]
Gen. 63 (31.50%): Max/Min/Avg Fitness(Raw) [23.30(65.58)/17.87(1.02)/19.41(19.41)]
Gen. 64 (32.00%): Max/Min/Avg Fitness(Raw) [21.88(65.58)/16.91(1.02)/18.24(18.24)]
Gen. 65 (32.50%): Max/Min/Avg Fitness(Raw) [23.31(65.58)/17.88(1.02)/19.43(19.43)]
Gen. 66 (33.00%): Max/Min/Avg Fitness(Raw) [23.44(65.58)/17.96(1.02)/19.53(19.53)]
Gen. 67 (33.50%): Max/Min/Avg Fitness(Raw) [22.70(65.58)/17.47(1.02)/18.92(18.92)]
Gen. 68 (34.00%): Max/Min/Avg Fitness(Raw) [22.31(65.58)/17.20(1.02)/18.59(18.59)]
Gen. 69 (34.50%): Max/Min/Avg Fitness(Raw) [21.44(65.58)/16.61(1.02)/17.87(17.87)]
Gen. 70 (35.00%): Max/Min/Avg Fitness(Raw) [22.06(65.58)/17.03(1.02)/18.39(18.39)]
Gen. 71 (35.50%): Max/Min/Avg Fitness(Raw) [22.79(65.58)/17.53(1.02)/18.99(18.99)]
Gen. 72 (36.00%): Max/Min/Avg Fitness(Raw) [22.37(65.58)/17.24(1.02)/18.64(18.64)]
Gen. 73 (36.50%): Max/Min/Avg Fitness(Raw) [23.05(65.66)/17.71(1.02)/19.21(19.21)]
Gen. 74 (37.00%): Max/Min/Avg Fitness(Raw) [21.86(65.66)/16.89(1.02)/18.21(18.21)]
Gen. 75 (37.50%): Max/Min/Avg Fitness(Raw) [19.23(65.66)/15.06(1.02)/16.03(16.03)]
Gen. 76 (38.00%): Max/Min/Avg Fitness(Raw) [20.11(66.61)/15.70(1.02)/16.76(16.76)]
Gen. 77 (38.50%): Max/Min/Avg Fitness(Raw) [19.21(66.61)/15.06(1.02)/16.01(16.01)]
Gen. 78 (39.00%): Max/Min/Avg Fitness(Raw) [19.18(66.61)/15.04(1.02)/15.98(15.98)]
Gen. 79 (39.50%): Max/Min/Avg Fitness(Raw) [19.29(66.61)/15.12(1.02)/16.07(16.07)]
Gen. 80 (40.00%): Max/Min/Avg Fitness(Raw) [18.98(66.61)/14.89(1.02)/15.81(15.81)]
Gen. 81 (40.50%): Max/Min/Avg Fitness(Raw) [19.36(66.61)/15.17(1.02)/16.14(16.14)]
Gen. 82 (41.00%): Max/Min/Avg Fitness(Raw) [18.71(66.61)/14.70(1.02)/15.59(15.59)]
Gen. 83 (41.50%): Max/Min/Avg Fitness(Raw) [20.01(66.61)/15.63(1.02)/16.67(16.67)]
Gen. 84 (42.00%): Max/Min/Avg Fitness(Raw) [19.28(66.61)/15.11(1.02)/16.07(16.07)]
Gen. 85 (42.50%): Max/Min/Avg Fitness(Raw) [19.54(66.61)/15.30(1.02)/16.28(16.28)]
Gen. 86 (43.00%): Max/Min/Avg Fitness(Raw) [19.64(66.61)/15.37(1.02)/16.37(16.37)]
Gen. 87 (43.50%): Max/Min/Avg Fitness(Raw) [18.69(66.61)/14.69(1.02)/15.58(15.58)]
Gen. 88 (44.00%): Max/Min/Avg Fitness(Raw) [19.09(66.61)/14.97(1.02)/15.91(15.91)]
Gen. 89 (44.50%): Max/Min/Avg Fitness(Raw) [18.43(66.61)/14.50(1.02)/15.35(15.35)]
Gen. 90 (45.00%): Max/Min/Avg Fitness(Raw) [19.90(67.20)/15.56(1.02)/16.58(16.58)]
Gen. 91 (45.50%): Max/Min/Avg Fitness(Raw) [17.94(67.20)/14.15(1.02)/14.95(14.95)]
Gen. 92 (46.00%): Max/Min/Avg Fitness(Raw) [17.94(67.20)/14.15(1.02)/14.95(14.95)]
Gen. 93 (46.50%): Max/Min/Avg Fitness(Raw) [16.36(67.20)/12.99(1.02)/13.63(13.63)]
Gen. 94 (47.00%): Max/Min/Avg Fitness(Raw) [17.74(67.20)/14.01(1.02)/14.79(14.79)]
Gen. 95 (47.50%): Max/Min/Avg Fitness(Raw) [17.51(67.20)/13.84(1.02)/14.60(14.60)]
Gen. 96 (48.00%): Max/Min/Avg Fitness(Raw) [17.11(67.20)/13.54(1.02)/14.26(14.26)]
Gen. 97 (48.50%): Max/Min/Avg Fitness(Raw) [16.32(67.20)/12.97(1.02)/13.60(13.60)]
Gen. 98 (49.00%): Max/Min/Avg Fitness(Raw) [16.13(67.20)/12.82(1.02)/13.44(13.44)]
Gen. 99 (49.50%): Max/Min/Avg Fitness(Raw) [17.83(67.88)/14.08(1.02)/14.85(14.85)]
Gen. 100 (50.00%): Max/Min/Avg Fitness(Raw) [24.14(67.88)/18.51(1.02)/20.12(20.12)]
Gen. 101 (50.50%): Max/Min/Avg Fitness(Raw) [23.93(67.88)/18.37(1.02)/19.94(19.94)]
Gen. 102 (51.00%): Max/Min/Avg Fitness(Raw) [24.85(67.88)/18.98(1.02)/20.71(20.71)]
Gen. 103 (51.50%): Max/Min/Avg Fitness(Raw) [24.09(67.88)/18.47(1.02)/20.07(20.07)]
Gen. 104 (52.00%): Max/Min/Avg Fitness(Raw) [24.02(67.88)/18.43(1.02)/20.02(20.02)]
Gen. 105 (52.50%): Max/Min/Avg Fitness(Raw) [25.09(67.88)/19.14(1.02)/20.91(20.91)]
Gen. 106 (53.00%): Max/Min/Avg Fitness(Raw) [25.45(67.88)/19.38(1.02)/21.21(21.21)]
Gen. 107 (53.50%): Max/Min/Avg Fitness(Raw) [25.39(67.88)/19.33(1.02)/21.16(21.16)]
Gen. 108 (54.00%): Max/Min/Avg Fitness(Raw) [25.27(67.88)/19.26(1.02)/21.06(21.06)]
Gen. 109 (54.50%): Max/Min/Avg Fitness(Raw) [23.88(67.88)/18.34(1.02)/19.90(19.90)]
Gen. 110 (55.00%): Max/Min/Avg Fitness(Raw) [23.69(67.88)/18.21(1.02)/19.74(19.74)]
Gen. 111 (55.50%): Max/Min/Avg Fitness(Raw) [25.12(67.88)/19.16(1.02)/20.93(20.93)]
Gen. 112 (56.00%): Max/Min/Avg Fitness(Raw) [24.45(67.88)/18.71(1.02)/20.37(20.37)]
Gen. 113 (56.50%): Max/Min/Avg Fitness(Raw) [25.57(67.88)/19.45(1.02)/21.31(21.31)]
Gen. 114 (57.00%): Max/Min/Avg Fitness(Raw) [24.71(67.88)/18.89(1.02)/20.59(20.59)]
Gen. 115 (57.50%): Max/Min/Avg Fitness(Raw) [24.44(67.88)/18.71(1.02)/20.37(20.37)]
Gen. 116 (58.00%): Max/Min/Avg Fitness(Raw) [23.80(67.88)/18.28(1.02)/19.83(19.83)]
Gen. 117 (58.50%): Max/Min/Avg Fitness(Raw) [25.03(67.88)/19.10(1.02)/20.86(20.86)]
Gen. 118 (59.00%): Max/Min/Avg Fitness(Raw) [22.38(67.88)/17.31(1.02)/18.65(18.65)]
Gen. 119 (59.50%): Max/Min/Avg Fitness(Raw) [24.82(67.88)/18.96(1.02)/20.68(20.68)]
Gen. 120 (60.00%): Max/Min/Avg Fitness(Raw) [22.41(67.88)/17.33(1.02)/18.67(18.67)]
Gen. 121 (60.50%): Max/Min/Avg Fitness(Raw) [24.81(67.88)/18.95(1.02)/20.68(20.68)]
Gen. 122 (61.00%): Max/Min/Avg Fitness(Raw) [22.56(67.88)/17.44(1.02)/18.80(18.80)]
Gen. 123 (61.50%): Max/Min/Avg Fitness(Raw) [24.74(67.88)/18.91(1.02)/20.62(20.62)]
Gen. 124 (62.00%): Max/Min/Avg Fitness(Raw) [23.42(67.88)/18.03(1.02)/19.52(19.52)]
Gen. 125 (62.50%): Max/Min/Avg Fitness(Raw) [24.51(67.88)/18.75(1.02)/20.42(20.42)]
Gen. 126 (63.00%): Max/Min/Avg Fitness(Raw) [22.88(67.88)/17.65(1.02)/19.06(19.06)]
Gen. 127 (63.50%): Max/Min/Avg Fitness(Raw) [23.62(67.88)/18.16(1.02)/19.68(19.68)]
Gen. 128 (64.00%): Max/Min/Avg Fitness(Raw) [23.89(67.88)/18.34(1.02)/19.90(19.90)]
Gen. 129 (64.50%): Max/Min/Avg Fitness(Raw) [23.72(67.88)/18.22(1.02)/19.76(19.76)]
Gen. 130 (65.00%): Max/Min/Avg Fitness(Raw) [23.90(67.88)/18.35(1.02)/19.92(19.92)]
Gen. 131 (65.50%): Max/Min/Avg Fitness(Raw) [24.52(67.88)/18.76(1.02)/20.43(20.43)]
Gen. 132 (66.00%): Max/Min/Avg Fitness(Raw) [24.47(67.88)/18.73(1.02)/20.39(20.39)]
Gen. 133 (66.50%): Max/Min/Avg Fitness(Raw) [25.05(67.88)/19.11(1.02)/20.88(20.88)]
Gen. 134 (67.00%): Max/Min/Avg Fitness(Raw) [25.41(67.88)/19.35(1.02)/21.17(21.17)]
Gen. 135 (67.50%): Max/Min/Avg Fitness(Raw) [23.71(67.88)/18.22(1.02)/19.76(19.76)]
Gen. 136 (68.00%): Max/Min/Avg Fitness(Raw) [24.22(67.88)/18.56(1.02)/20.18(20.18)]
Gen. 137 (68.50%): Max/Min/Avg Fitness(Raw) [23.91(69.15)/18.39(1.02)/19.92(19.92)]
Gen. 138 (69.00%): Max/Min/Avg Fitness(Raw) [22.69(69.15)/17.56(1.02)/18.90(18.90)]
Gen. 139 (69.50%): Max/Min/Avg Fitness(Raw) [21.83(69.15)/16.96(1.02)/18.19(18.19)]
Gen. 140 (70.00%): Max/Min/Avg Fitness(Raw) [22.42(69.15)/17.37(1.02)/18.68(18.68)]
Gen. 141 (70.50%): Max/Min/Avg Fitness(Raw) [20.13(69.15)/15.77(1.02)/16.78(16.78)]
Gen. 142 (71.00%): Max/Min/Avg Fitness(Raw) [21.88(69.15)/17.00(1.02)/18.24(18.24)]
Gen. 143 (71.50%): Max/Min/Avg Fitness(Raw) [21.23(69.15)/16.55(1.02)/17.69(17.69)]
Gen. 144 (72.00%): Max/Min/Avg Fitness(Raw) [23.28(69.15)/17.96(1.02)/19.40(19.40)]
Gen. 145 (72.50%): Max/Min/Avg Fitness(Raw) [22.18(69.15)/17.21(1.02)/18.48(18.48)]
Gen. 146 (73.00%): Max/Min/Avg Fitness(Raw) [22.80(69.15)/17.64(1.02)/19.00(19.00)]
Gen. 147 (73.50%): Max/Min/Avg Fitness(Raw) [21.76(69.15)/16.92(1.02)/18.13(18.13)]
Gen. 148 (74.00%): Max/Min/Avg Fitness(Raw) [22.14(69.15)/17.18(1.02)/18.45(18.45)]
Gen. 149 (74.50%): Max/Min/Avg Fitness(Raw) [23.18(69.15)/17.90(1.02)/19.31(19.31)]
Gen. 150 (75.00%): Max/Min/Avg Fitness(Raw) [21.65(69.15)/16.84(1.02)/18.05(18.05)]
Gen. 151 (75.50%): Max/Min/Avg Fitness(Raw) [22.32(69.15)/17.31(1.02)/18.60(18.60)]
Gen. 152 (76.00%): Max/Min/Avg Fitness(Raw) [21.02(69.15)/16.40(1.02)/17.52(17.52)]
Gen. 153 (76.50%): Max/Min/Avg Fitness(Raw) [20.68(69.34)/16.16(1.02)/17.23(17.23)]
Gen. 154 (77.00%): Max/Min/Avg Fitness(Raw) [25.62(69.34)/19.54(1.02)/21.35(21.35)]
Gen. 155 (77.50%): Max/Min/Avg Fitness(Raw) [25.85(69.34)/19.69(1.02)/21.54(21.54)]
Gen. 156 (78.00%): Max/Min/Avg Fitness(Raw) [27.06(69.34)/20.47(1.02)/22.55(22.55)]
Gen. 157 (78.50%): Max/Min/Avg Fitness(Raw) [25.29(69.34)/19.32(1.02)/21.07(21.07)]
Gen. 158 (79.00%): Max/Min/Avg Fitness(Raw) [26.80(69.34)/20.31(1.02)/22.33(22.33)]
Gen. 159 (79.50%): Max/Min/Avg Fitness(Raw) [27.21(69.34)/20.57(1.02)/22.67(22.67)]
Gen. 160 (80.00%): Max/Min/Avg Fitness(Raw) [27.66(69.34)/20.86(1.02)/23.05(23.05)]
Gen. 161 (80.50%): Max/Min/Avg Fitness(Raw) [26.89(69.34)/20.37(1.02)/22.41(22.41)]
Gen. 162 (81.00%): Max/Min/Avg Fitness(Raw) [26.61(69.34)/20.18(1.02)/22.17(22.17)]
Gen. 163 (81.50%): Max/Min/Avg Fitness(Raw) [24.73(69.34)/18.95(1.02)/20.60(20.60)]
Gen. 164 (82.00%): Max/Min/Avg Fitness(Raw) [28.12(69.34)/21.14(1.02)/23.43(23.43)]
Gen. 165 (82.50%): Max/Min/Avg Fitness(Raw) [26.27(69.34)/19.96(1.02)/21.89(21.89)]
Gen. 166 (83.00%): Max/Min/Avg Fitness(Raw) [27.56(69.34)/20.80(1.02)/22.97(22.97)]
Gen. 167 (83.50%): Max/Min/Avg Fitness(Raw) [26.80(69.34)/20.31(1.02)/22.34(22.34)]
Gen. 168 (84.00%): Max/Min/Avg Fitness(Raw) [26.05(69.34)/19.82(1.02)/21.71(21.71)]
Gen. 169 (84.50%): Max/Min/Avg Fitness(Raw) [26.70(69.34)/20.25(1.02)/22.25(22.25)]
Gen. 170 (85.00%): Max/Min/Avg Fitness(Raw) [27.13(69.34)/20.52(1.02)/22.61(22.61)]
Gen. 171 (85.50%): Max/Min/Avg Fitness(Raw) [25.89(69.34)/19.72(1.02)/21.58(21.58)]
Gen. 172 (86.00%): Max/Min/Avg Fitness(Raw) [26.99(69.34)/20.43(1.02)/22.49(22.49)]
Gen. 173 (86.50%): Max/Min/Avg Fitness(Raw) [26.20(69.34)/19.92(1.02)/21.84(21.84)]
Gen. 174 (87.00%): Max/Min/Avg Fitness(Raw) [27.48(69.34)/20.74(1.02)/22.90(22.90)]
Gen. 175 (87.50%): Max/Min/Avg Fitness(Raw) [26.48(69.34)/20.10(1.02)/22.07(22.07)]
Gen. 176 (88.00%): Max/Min/Avg Fitness(Raw) [25.07(69.34)/19.18(1.02)/20.89(20.89)]
Gen. 177 (88.50%): Max/Min/Avg Fitness(Raw) [25.73(69.34)/19.61(1.02)/21.44(21.44)]
Gen. 178 (89.00%): Max/Min/Avg Fitness(Raw) [27.02(69.34)/20.45(1.02)/22.52(22.52)]
Gen. 179 (89.50%): Max/Min/Avg Fitness(Raw) [26.81(69.34)/20.31(1.02)/22.34(22.34)]
Gen. 180 (90.00%): Max/Min/Avg Fitness(Raw) [28.04(69.34)/21.09(1.02)/23.36(23.36)]
Gen. 181 (90.50%): Max/Min/Avg Fitness(Raw) [26.90(69.34)/20.37(1.02)/22.42(22.42)]
Gen. 182 (91.00%): Max/Min/Avg Fitness(Raw) [27.89(69.34)/21.00(1.02)/23.24(23.24)]
Gen. 183 (91.50%): Max/Min/Avg Fitness(Raw) [25.68(69.34)/19.58(1.02)/21.40(21.40)]
Gen. 184 (92.00%): Max/Min/Avg Fitness(Raw) [25.36(69.34)/19.37(1.02)/21.14(21.14)]
Gen. 185 (92.50%): Max/Min/Avg Fitness(Raw) [26.43(69.34)/20.07(1.02)/22.03(22.03)]
Gen. 186 (93.00%): Max/Min/Avg Fitness(Raw) [26.46(69.34)/20.09(1.02)/22.05(22.05)]
Gen. 187 (93.50%): Max/Min/Avg Fitness(Raw) [25.89(69.34)/19.72(1.02)/21.57(21.57)]
Gen. 188 (94.00%): Max/Min/Avg Fitness(Raw) [26.13(69.34)/19.87(1.02)/21.77(21.77)]
Gen. 189 (94.50%): Max/Min/Avg Fitness(Raw) [27.54(69.34)/20.78(1.02)/22.95(22.95)]
Gen. 190 (95.00%): Max/Min/Avg Fitness(Raw) [26.09(72.68)/19.97(1.02)/21.74(21.74)]
Gen. 191 (95.50%): Max/Min/Avg Fitness(Raw) [26.15(74.21)/20.07(1.02)/21.79(21.79)]
Gen. 192 (96.00%): Max/Min/Avg Fitness(Raw) [25.26(74.21)/19.47(1.02)/21.05(21.05)]
Gen. 193 (96.50%): Max/Min/Avg Fitness(Raw) [23.60(74.21)/18.32(1.02)/19.67(19.67)]
Gen. 194 (97.00%): Max/Min/Avg Fitness(Raw) [24.99(74.21)/19.28(1.02)/20.82(20.82)]
Gen. 195 (97.50%): Max/Min/Avg Fitness(Raw) [23.86(74.21)/18.51(1.02)/19.89(19.89)]
Gen. 196 (98.00%): Max/Min/Avg Fitness(Raw) [25.34(74.21)/19.52(1.02)/21.11(21.11)]
Gen. 197 (98.50%): Max/Min/Avg Fitness(Raw) [22.99(74.21)/17.90(1.02)/19.16(19.16)]
Gen. 198 (99.00%): Max/Min/Avg Fitness(Raw) [25.00(74.21)/19.29(1.02)/20.84(20.84)]
Gen. 199 (99.50%): Max/Min/Avg Fitness(Raw) [24.89(74.21)/19.21(1.02)/20.74(20.74)]
Gen. 200 (100.00%): Max/Min/Avg Fitness(Raw) [22.96(74.21)/17.87(1.02)/19.13(19.13)]
Total time elapsed: 39101.185 seconds.
GA MSE : 0.078362
Best initial connection wetighs are set on Network
Setting FANN training parameters
Input layer                          :  70 neurons, 1 bias
  Hidden layer                       :  30 neurons, 1 bias
Output layer                         :   1 neurons
Total neurons and biases             : 103
Total connections                    :2161
Connection rate                      :   1.000
Network type                         :   FANN_NETTYPE_LAYER
Training algorithm                   :   FANN_TRAIN_RPROP
Training error function              :   FANN_ERRORFUNC_TANH
Training stop function               :   FANN_STOPFUNC_MSE
Bit fail limit                       :   0.350
Learning rate                        :   0.700
Learning momentum                    :   0.000
Quickprop decay                      :  -0.000100
Quickprop mu                         :   1.750
RPROP increase factor                :   1.001
RPROP decrease factor                :   0.500
RPROP delta min                      :   0.000
RPROP delta max                      :  50.000
Cascade output change fraction       :   0.010000
Cascade candidate change fraction    :   0.010000
Cascade output stagnation epochs     :  12
Cascade candidate stagnation epochs  :  12
Cascade max output epochs            : 150
Cascade max candidate epochs         : 150
Cascade weight multiplier            :   0.400
Cascade candidate limit              :1000.000
Cascade activation functions[0]      :   FANN_SIGMOID
Cascade activation functions[1]      :   FANN_SIGMOID_SYMMETRIC
Cascade activation functions[2]      :   FANN_GAUSSIAN
Cascade activation functions[3]      :   FANN_GAUSSIAN_SYMMETRIC
Cascade activation functions[4]      :   FANN_ELLIOT
Cascade activation functions[5]      :   FANN_ELLIOT_SYMMETRIC
Cascade activation functions[6]      :   FANN_SIN_SYMMETRIC
Cascade activation functions[7]      :   FANN_COS_SYMMETRIC
Cascade activation functions[8]      :   FANN_SIN
Cascade activation functions[9]      :   FANN_COS
Cascade activation steepnesses[0]    :   0.250
Cascade activation steepnesses[1]    :   0.500
Cascade activation steepnesses[2]    :   0.750
Cascade activation steepnesses[3]    :   1.000
Cascade candidate groups             :   2
Cascade no. of candidates            :  80
Start training network with 2-algorithm in FANN
Max epochs     8000. Desired error: 0.0010000000.
Epochs            1. Current error: 0.0134760430. Bit fail 234.
Epochs          100. Current error: 0.0139562963. Bit fail 247.
Epochs          200. Current error: 0.0132545698. Bit fail 234.
Epochs          300. Current error: 0.0129285417. Bit fail 227.
Epochs          400. Current error: 0.0129281161. Bit fail 227.
Epochs          500. Current error: 0.0128803672. Bit fail 225.
Epochs          600. Current error: 0.0128726102. Bit fail 225.
Epochs          700. Current error: 0.0128264735. Bit fail 225.
Epochs          800. Current error: 0.0126492670. Bit fail 223.
Epochs          900. Current error: 0.0126275606. Bit fail 221.
Epochs         1000. Current error: 0.0123866992. Bit fail 221.
Epochs         1100. Current error: 0.0124428784. Bit fail 228.
Epochs         1200. Current error: 0.0123579511. Bit fail 227.
Epochs         1300. Current error: 0.0122039486. Bit fail 225.
Epochs         1400. Current error: 0.0120121725. Bit fail 232.
Epochs         1500. Current error: 0.0119848866. Bit fail 232.
Epochs         1600. Current error: 0.0119864317. Bit fail 230.
Epochs         1700. Current error: 0.0118207382. Bit fail 227.
Epochs         1800. Current error: 0.0118365288. Bit fail 228.
Epochs         1900. Current error: 0.0118986471. Bit fail 222.
Epochs         2000. Current error: 0.0118252635. Bit fail 220.
Epochs         2100. Current error: 0.0117949294. Bit fail 221.
Epochs         2200. Current error: 0.0117993290. Bit fail 229.
Epochs         2300. Current error: 0.0116223209. Bit fail 225.
Epochs         2400. Current error: 0.0115436241. Bit fail 224.
Epochs         2500. Current error: 0.0114496900. Bit fail 223.
Epochs         2600. Current error: 0.0113531109. Bit fail 221.
Epochs         2700. Current error: 0.0113328798. Bit fail 221.
Epochs         2800. Current error: 0.0113143818. Bit fail 222.
Epochs         2900. Current error: 0.0112494519. Bit fail 221.
Epochs         3000. Current error: 0.0110341096. Bit fail 218.
Epochs         3100. Current error: 0.0108532133. Bit fail 212.
Epochs         3200. Current error: 0.0107308747. Bit fail 212.
Epochs         3300. Current error: 0.0105459634. Bit fail 207.
Epochs         3400. Current error: 0.0105298320. Bit fail 206.
Epochs         3500. Current error: 0.0105993627. Bit fail 208.
Epochs         3600. Current error: 0.0105871912. Bit fail 208.
Epochs         3700. Current error: 0.0105655370. Bit fail 209.
Epochs         3800. Current error: 0.0105673932. Bit fail 209.
Epochs         3900. Current error: 0.0105944844. Bit fail 211.
Epochs         4000. Current error: 0.0105795208. Bit fail 210.
Epochs         4100. Current error: 0.0106954863. Bit fail 212.
Epochs         4200. Current error: 0.0105344895. Bit fail 210.
Epochs         4300. Current error: 0.0105036758. Bit fail 211.
Epochs         4400. Current error: 0.0104851089. Bit fail 209.
Epochs         4500. Current error: 0.0104317907. Bit fail 210.
Epochs         4600. Current error: 0.0103677567. Bit fail 208.
Epochs         4700. Current error: 0.0102909096. Bit fail 205.
Epochs         4800. Current error: 0.0101593882. Bit fail 208.
Epochs         4900. Current error: 0.0101513946. Bit fail 207.
Epochs         5000. Current error: 0.0102060353. Bit fail 209.
Epochs         5100. Current error: 0.0102954553. Bit fail 211.
Epochs         5200. Current error: 0.0103610009. Bit fail 213.
Epochs         5300. Current error: 0.0104135498. Bit fail 214.
Epochs         5400. Current error: 0.0104898680. Bit fail 214.
Epochs         5500. Current error: 0.0105412845. Bit fail 215.
Epochs         5600. Current error: 0.0104930494. Bit fail 216.
Epochs         5700. Current error: 0.0104769291. Bit fail 215.
Epochs         5800. Current error: 0.0104547841. Bit fail 215.
Epochs         5900. Current error: 0.0104338164. Bit fail 215.
Epochs         6000. Current error: 0.0103909746. Bit fail 212.
Epochs         6100. Current error: 0.0104404520. Bit fail 215.
Epochs         6200. Current error: 0.0105115622. Bit fail 217.
Epochs         6300. Current error: 0.0104716970. Bit fail 214.
Epochs         6400. Current error: 0.0104617663. Bit fail 214.
Epochs         6500. Current error: 0.0104142241. Bit fail 213.
Epochs         6600. Current error: 0.0104894871. Bit fail 214.
Epochs         6700. Current error: 0.0104638161. Bit fail 194.
Epochs         6800. Current error: 0.0104697375. Bit fail 194.
Epochs         6900. Current error: 0.0104604857. Bit fail 194.
Epochs         7000. Current error: 0.0105836978. Bit fail 198.
Epochs         7100. Current error: 0.0105577074. Bit fail 199.
Epochs         7200. Current error: 0.0104585877. Bit fail 194.
Epochs         7300. Current error: 0.0105034402. Bit fail 194.
Epochs         7400. Current error: 0.0106030051. Bit fail 196.
Epochs         7500. Current error: 0.0105613489. Bit fail 196.
Epochs         7600. Current error: 0.0104252966. Bit fail 192.
Epochs         7700. Current error: 0.0104299188. Bit fail 194.
Epochs         7800. Current error: 0.0104362611. Bit fail 193.
Epochs         7900. Current error: 0.0103630489. Bit fail 190.
Epochs         8000. Current error: 0.0103790862. Bit fail 193.
Time elpased for FANN training: 1355.066998 seconds
Trained Network by GA+FANN is saved in 
./ALL_S6_959126400_hveto_channels_signif_dt_set_2_training_n70n30n1_c10_mr10_p1000_g200_rmin-25_rmax25_gsigma50_y1001_z05_f05g09_m8000.net.
Total Running Time: 40456.704968 seconds
