Creating network.
The layer structure is following:
[70, 35, 1]
Setting newtork parameters
Getting training data : ALL_S6_959126400_hveto_channels_signif_dt_set_2_training.pat
Setting GA training parameters
Start running GA
Gen. 0 (0.00%): Max/Min/Avg Fitness(Raw) [24.50(54.19)/18.07(1.02)/20.42(20.42)]
Gen. 1 (0.33%): Max/Min/Avg Fitness(Raw) [20.36(54.61)/15.53(1.02)/16.96(16.96)]
Gen. 2 (0.67%): Max/Min/Avg Fitness(Raw) [29.85(55.38)/20.99(1.02)/24.88(24.88)]
Gen. 3 (1.00%): Max/Min/Avg Fitness(Raw) [24.04(55.38)/17.88(1.02)/20.03(20.03)]
Gen. 4 (1.33%): Max/Min/Avg Fitness(Raw) [22.15(55.38)/16.71(1.02)/18.45(18.45)]
Gen. 5 (1.67%): Max/Min/Avg Fitness(Raw) [22.76(55.38)/17.10(1.02)/18.97(18.97)]
Gen. 6 (2.00%): Max/Min/Avg Fitness(Raw) [23.35(55.38)/17.46(1.02)/19.46(19.46)]
Gen. 7 (2.33%): Max/Min/Avg Fitness(Raw) [24.38(55.38)/18.08(1.02)/20.31(20.31)]
Gen. 8 (2.67%): Max/Min/Avg Fitness(Raw) [23.55(55.38)/17.58(1.02)/19.62(19.62)]
Gen. 9 (3.00%): Max/Min/Avg Fitness(Raw) [22.39(55.38)/16.87(1.02)/18.66(18.66)]
Gen. 10 (3.33%): Max/Min/Avg Fitness(Raw) [22.04(55.38)/16.64(1.02)/18.36(18.36)]
Gen. 11 (3.67%): Max/Min/Avg Fitness(Raw) [23.82(55.38)/17.75(1.02)/19.85(19.85)]
Gen. 12 (4.00%): Max/Min/Avg Fitness(Raw) [23.05(56.27)/17.32(1.02)/19.21(19.21)]
Gen. 13 (4.33%): Max/Min/Avg Fitness(Raw) [18.89(57.66)/14.63(1.02)/15.74(15.74)]
Gen. 14 (4.67%): Max/Min/Avg Fitness(Raw) [22.85(57.66)/17.27(1.02)/19.04(19.04)]
Gen. 15 (5.00%): Max/Min/Avg Fitness(Raw) [22.45(60.02)/17.10(1.02)/18.70(18.70)]
Gen. 16 (5.33%): Max/Min/Avg Fitness(Raw) [14.18(62.98)/11.32(1.02)/11.82(11.82)]
Gen. 17 (5.67%): Max/Min/Avg Fitness(Raw) [18.99(62.98)/14.83(1.02)/15.82(15.82)]
Gen. 18 (6.00%): Max/Min/Avg Fitness(Raw) [19.36(63.22)/15.10(1.02)/16.13(16.13)]
Gen. 19 (6.33%): Max/Min/Avg Fitness(Raw) [17.49(63.22)/13.76(1.02)/14.57(14.57)]
Gen. 20 (6.67%): Max/Min/Avg Fitness(Raw) [17.74(64.57)/13.97(1.02)/14.79(14.79)]
Gen. 21 (7.00%): Max/Min/Avg Fitness(Raw) [15.97(64.57)/12.67(1.02)/13.31(13.31)]
Gen. 22 (7.33%): Max/Min/Avg Fitness(Raw) [17.46(64.57)/13.76(1.02)/14.55(14.55)]
Gen. 23 (7.67%): Max/Min/Avg Fitness(Raw) [16.60(64.57)/13.14(1.02)/13.84(13.84)]
Gen. 24 (8.00%): Max/Min/Avg Fitness(Raw) [17.41(64.57)/13.72(1.02)/14.50(14.50)]
Gen. 25 (8.33%): Max/Min/Avg Fitness(Raw) [17.30(64.57)/13.65(1.02)/14.42(14.42)]
Gen. 26 (8.67%): Max/Min/Avg Fitness(Raw) [16.81(64.57)/13.29(1.02)/14.01(14.01)]
Gen. 27 (9.00%): Max/Min/Avg Fitness(Raw) [18.00(64.57)/14.16(1.02)/15.00(15.00)]
Gen. 28 (9.33%): Max/Min/Avg Fitness(Raw) [16.59(64.57)/13.13(1.02)/13.82(13.82)]
Gen. 29 (9.67%): Max/Min/Avg Fitness(Raw) [17.58(64.57)/13.85(1.02)/14.65(14.65)]
Gen. 30 (10.00%): Max/Min/Avg Fitness(Raw) [16.68(64.57)/13.20(1.02)/13.90(13.90)]
Gen. 31 (10.33%): Max/Min/Avg Fitness(Raw) [16.81(64.57)/13.29(1.02)/14.00(14.00)]
Gen. 32 (10.67%): Max/Min/Avg Fitness(Raw) [16.73(64.57)/13.23(1.02)/13.94(13.94)]
Gen. 33 (11.00%): Max/Min/Avg Fitness(Raw) [16.24(64.57)/12.87(1.02)/13.54(13.54)]
Gen. 34 (11.33%): Max/Min/Avg Fitness(Raw) [16.21(64.57)/12.84(1.02)/13.50(13.50)]
Gen. 35 (11.67%): Max/Min/Avg Fitness(Raw) [17.25(66.94)/13.65(1.02)/14.38(14.38)]
Gen. 36 (12.00%): Max/Min/Avg Fitness(Raw) [18.46(66.94)/14.53(1.02)/15.38(15.38)]
Gen. 37 (12.33%): Max/Min/Avg Fitness(Raw) [18.96(66.94)/14.89(1.02)/15.80(15.80)]
Gen. 38 (12.67%): Max/Min/Avg Fitness(Raw) [18.87(66.94)/14.82(1.02)/15.73(15.73)]
Gen. 39 (13.00%): Max/Min/Avg Fitness(Raw) [18.14(66.94)/14.30(1.02)/15.12(15.12)]
Gen. 40 (13.33%): Max/Min/Avg Fitness(Raw) [19.63(66.94)/15.37(1.02)/16.36(16.36)]
Gen. 41 (13.67%): Max/Min/Avg Fitness(Raw) [19.32(66.94)/15.14(1.02)/16.10(16.10)]
Gen. 42 (14.00%): Max/Min/Avg Fitness(Raw) [19.64(66.94)/15.38(1.02)/16.37(16.37)]
Gen. 43 (14.33%): Max/Min/Avg Fitness(Raw) [17.90(66.94)/14.12(1.02)/14.91(14.91)]
Gen. 44 (14.67%): Max/Min/Avg Fitness(Raw) [20.52(66.94)/16.00(1.02)/17.10(17.10)]
Gen. 45 (15.00%): Max/Min/Avg Fitness(Raw) [18.50(66.94)/14.56(1.02)/15.42(15.42)]
Gen. 46 (15.33%): Max/Min/Avg Fitness(Raw) [18.72(66.94)/14.71(1.02)/15.60(15.60)]
Gen. 47 (15.67%): Max/Min/Avg Fitness(Raw) [19.78(66.94)/15.48(1.02)/16.49(16.49)]
Gen. 48 (16.00%): Max/Min/Avg Fitness(Raw) [18.40(66.94)/14.48(1.02)/15.34(15.34)]
Gen. 49 (16.33%): Max/Min/Avg Fitness(Raw) [18.93(66.94)/14.86(1.02)/15.77(15.77)]
Gen. 50 (16.67%): Max/Min/Avg Fitness(Raw) [19.79(66.94)/15.48(1.02)/16.49(16.49)]
Gen. 51 (17.00%): Max/Min/Avg Fitness(Raw) [18.30(66.94)/14.41(1.02)/15.25(15.25)]
Gen. 52 (17.33%): Max/Min/Avg Fitness(Raw) [18.40(66.94)/14.48(1.02)/15.33(15.33)]
Gen. 53 (17.67%): Max/Min/Avg Fitness(Raw) [19.35(66.94)/15.16(1.02)/16.12(16.12)]
Gen. 54 (18.00%): Max/Min/Avg Fitness(Raw) [17.76(66.94)/14.02(1.02)/14.80(14.80)]
Gen. 55 (18.33%): Max/Min/Avg Fitness(Raw) [18.76(66.94)/14.74(1.02)/15.63(15.63)]
Gen. 56 (18.67%): Max/Min/Avg Fitness(Raw) [19.32(66.94)/15.14(1.02)/16.10(16.10)]
Gen. 57 (19.00%): Max/Min/Avg Fitness(Raw) [18.69(66.94)/14.69(1.02)/15.58(15.58)]
Gen. 58 (19.33%): Max/Min/Avg Fitness(Raw) [19.65(66.94)/15.38(1.02)/16.38(16.38)]
Gen. 59 (19.67%): Max/Min/Avg Fitness(Raw) [18.97(66.94)/14.89(1.02)/15.80(15.80)]
Gen. 60 (20.00%): Max/Min/Avg Fitness(Raw) [20.24(66.94)/15.80(1.02)/16.87(16.87)]
Gen. 61 (20.33%): Max/Min/Avg Fitness(Raw) [18.12(66.94)/14.28(1.02)/15.10(15.10)]
Gen. 62 (20.67%): Max/Min/Avg Fitness(Raw) [19.68(66.94)/15.40(1.02)/16.40(16.40)]
Gen. 63 (21.00%): Max/Min/Avg Fitness(Raw) [19.12(66.94)/15.00(1.02)/15.94(15.94)]
Gen. 64 (21.33%): Max/Min/Avg Fitness(Raw) [19.11(66.94)/14.99(1.02)/15.92(15.92)]
Gen. 65 (21.67%): Max/Min/Avg Fitness(Raw) [20.14(66.94)/15.73(1.02)/16.78(16.78)]
Gen. 66 (22.00%): Max/Min/Avg Fitness(Raw) [19.97(66.94)/15.61(1.02)/16.64(16.64)]
Gen. 67 (22.33%): Max/Min/Avg Fitness(Raw) [16.84(66.94)/13.34(1.02)/14.03(14.03)]
Gen. 68 (22.67%): Max/Min/Avg Fitness(Raw) [18.69(66.94)/14.69(1.02)/15.57(15.57)]
Gen. 69 (23.00%): Max/Min/Avg Fitness(Raw) [18.95(66.94)/14.88(1.02)/15.79(15.79)]
Gen. 70 (23.33%): Max/Min/Avg Fitness(Raw) [17.88(66.94)/14.11(1.02)/14.90(14.90)]
Gen. 71 (23.67%): Max/Min/Avg Fitness(Raw) [19.22(66.94)/15.07(1.02)/16.02(16.02)]
Gen. 72 (24.00%): Max/Min/Avg Fitness(Raw) [17.85(66.94)/14.08(1.02)/14.87(14.87)]
Gen. 73 (24.33%): Max/Min/Avg Fitness(Raw) [19.08(66.94)/14.98(1.02)/15.90(15.90)]
Gen. 74 (24.67%): Max/Min/Avg Fitness(Raw) [20.22(66.94)/15.78(1.02)/16.85(16.85)]
Gen. 75 (25.00%): Max/Min/Avg Fitness(Raw) [17.56(66.94)/13.88(1.02)/14.64(14.64)]
Gen. 76 (25.33%): Max/Min/Avg Fitness(Raw) [18.92(68.98)/14.89(1.02)/15.77(15.77)]
Gen. 77 (25.67%): Max/Min/Avg Fitness(Raw) [13.36(68.98)/10.74(1.02)/11.13(11.13)]
Gen. 78 (26.00%): Max/Min/Avg Fitness(Raw) [14.27(68.98)/11.44(1.02)/11.89(11.89)]
Gen. 79 (26.33%): Max/Min/Avg Fitness(Raw) [14.20(68.98)/11.38(1.02)/11.83(11.83)]
Gen. 80 (26.67%): Max/Min/Avg Fitness(Raw) [13.20(68.98)/10.62(1.02)/11.00(11.00)]
Gen. 81 (27.00%): Max/Min/Avg Fitness(Raw) [14.36(68.98)/11.51(1.02)/11.97(11.97)]
Gen. 82 (27.33%): Max/Min/Avg Fitness(Raw) [14.05(68.98)/11.27(1.02)/11.71(11.71)]
Gen. 83 (27.67%): Max/Min/Avg Fitness(Raw) [14.22(68.98)/11.40(1.02)/11.85(11.85)]
Gen. 84 (28.00%): Max/Min/Avg Fitness(Raw) [14.14(68.98)/11.34(1.02)/11.78(11.78)]
Gen. 85 (28.33%): Max/Min/Avg Fitness(Raw) [14.50(72.49)/11.64(1.02)/12.08(12.08)]
Gen. 86 (28.67%): Max/Min/Avg Fitness(Raw) [21.36(72.49)/16.71(1.02)/17.80(17.80)]
Gen. 87 (29.00%): Max/Min/Avg Fitness(Raw) [22.46(72.49)/17.49(1.02)/18.72(18.72)]
Gen. 88 (29.33%): Max/Min/Avg Fitness(Raw) [21.36(72.49)/16.71(1.02)/17.80(17.80)]
Gen. 89 (29.67%): Max/Min/Avg Fitness(Raw) [21.01(72.49)/16.46(1.02)/17.51(17.51)]
Gen. 90 (30.00%): Max/Min/Avg Fitness(Raw) [21.27(72.49)/16.65(1.02)/17.73(17.73)]
Gen. 91 (30.33%): Max/Min/Avg Fitness(Raw) [22.48(72.49)/17.50(1.02)/18.74(18.74)]
Gen. 92 (30.67%): Max/Min/Avg Fitness(Raw) [22.34(72.49)/17.40(1.02)/18.61(18.61)]
Gen. 93 (31.00%): Max/Min/Avg Fitness(Raw) [22.97(72.49)/17.84(1.02)/19.14(19.14)]
Gen. 94 (31.33%): Max/Min/Avg Fitness(Raw) [20.71(72.49)/16.24(1.02)/17.26(17.26)]
Gen. 95 (31.67%): Max/Min/Avg Fitness(Raw) [21.97(72.49)/17.14(1.02)/18.31(18.31)]
Gen. 96 (32.00%): Max/Min/Avg Fitness(Raw) [22.31(72.49)/17.38(1.02)/18.59(18.59)]
Gen. 97 (32.33%): Max/Min/Avg Fitness(Raw) [22.52(72.49)/17.52(1.02)/18.76(18.76)]
Gen. 98 (32.67%): Max/Min/Avg Fitness(Raw) [20.39(72.49)/16.02(1.02)/16.99(16.99)]
Gen. 99 (33.00%): Max/Min/Avg Fitness(Raw) [20.89(72.49)/16.38(1.02)/17.41(17.41)]
Gen. 100 (33.33%): Max/Min/Avg Fitness(Raw) [22.55(72.49)/17.55(1.02)/18.79(18.79)]
Gen. 101 (33.67%): Max/Min/Avg Fitness(Raw) [23.58(72.49)/18.26(1.02)/19.65(19.65)]
Gen. 102 (34.00%): Max/Min/Avg Fitness(Raw) [21.28(72.49)/16.65(1.02)/17.73(17.73)]
Gen. 103 (34.33%): Max/Min/Avg Fitness(Raw) [21.10(72.49)/16.52(1.02)/17.59(17.59)]
Gen. 104 (34.67%): Max/Min/Avg Fitness(Raw) [21.08(72.49)/16.51(1.02)/17.56(17.56)]
Gen. 105 (35.00%): Max/Min/Avg Fitness(Raw) [20.65(72.49)/16.20(1.02)/17.21(17.21)]
Gen. 106 (35.33%): Max/Min/Avg Fitness(Raw) [22.37(72.49)/17.42(1.02)/18.64(18.64)]
Gen. 107 (35.67%): Max/Min/Avg Fitness(Raw) [19.86(72.49)/15.63(1.02)/16.55(16.55)]
Gen. 108 (36.00%): Max/Min/Avg Fitness(Raw) [22.18(72.49)/17.29(1.02)/18.49(18.49)]
Gen. 109 (36.33%): Max/Min/Avg Fitness(Raw) [24.18(72.49)/18.68(1.02)/20.15(20.15)]
Gen. 110 (36.67%): Max/Min/Avg Fitness(Raw) [22.08(72.49)/17.22(1.02)/18.40(18.40)]
Gen. 111 (37.00%): Max/Min/Avg Fitness(Raw) [20.59(73.27)/16.17(1.02)/17.16(17.16)]
Gen. 112 (37.33%): Max/Min/Avg Fitness(Raw) [18.77(73.86)/14.86(1.02)/15.64(15.64)]
Gen. 113 (37.67%): Max/Min/Avg Fitness(Raw) [28.69(73.86)/21.72(1.02)/23.91(23.91)]
Gen. 114 (38.00%): Max/Min/Avg Fitness(Raw) [26.57(73.86)/20.34(1.02)/22.14(22.14)]
Gen. 115 (38.33%): Max/Min/Avg Fitness(Raw) [27.82(73.86)/21.16(1.02)/23.19(23.19)]
Gen. 116 (38.67%): Max/Min/Avg Fitness(Raw) [28.64(74.26)/21.70(1.02)/23.87(23.87)]
Gen. 117 (39.00%): Max/Min/Avg Fitness(Raw) [32.31(74.26)/23.98(1.02)/26.92(26.92)]
Gen. 118 (39.33%): Max/Min/Avg Fitness(Raw) [30.56(79.63)/23.17(1.02)/25.47(25.47)]
Gen. 119 (39.67%): Max/Min/Avg Fitness(Raw) [19.44(79.63)/15.43(1.02)/16.20(16.20)]
Gen. 120 (40.00%): Max/Min/Avg Fitness(Raw) [18.43(79.63)/14.68(1.02)/15.36(15.36)]
Gen. 121 (40.33%): Max/Min/Avg Fitness(Raw) [19.41(79.63)/15.40(1.02)/16.17(16.17)]
Gen. 122 (40.67%): Max/Min/Avg Fitness(Raw) [18.35(79.63)/14.61(1.02)/15.29(15.29)]
Gen. 123 (41.00%): Max/Min/Avg Fitness(Raw) [16.91(79.63)/13.53(1.02)/14.10(14.10)]
Gen. 124 (41.33%): Max/Min/Avg Fitness(Raw) [18.98(79.63)/15.08(1.02)/15.81(15.81)]
Gen. 125 (41.67%): Max/Min/Avg Fitness(Raw) [19.75(79.63)/15.65(1.02)/16.46(16.46)]
Gen. 126 (42.00%): Max/Min/Avg Fitness(Raw) [19.41(79.63)/15.40(1.02)/16.17(16.17)]
Gen. 127 (42.33%): Max/Min/Avg Fitness(Raw) [19.40(79.63)/15.40(1.02)/16.17(16.17)]
Gen. 128 (42.67%): Max/Min/Avg Fitness(Raw) [17.81(79.63)/14.21(1.02)/14.85(14.85)]
Gen. 129 (43.00%): Max/Min/Avg Fitness(Raw) [18.18(79.63)/14.49(1.02)/15.15(15.15)]
Gen. 130 (43.33%): Max/Min/Avg Fitness(Raw) [20.45(79.63)/16.17(1.02)/17.04(17.04)]
Gen. 131 (43.67%): Max/Min/Avg Fitness(Raw) [18.64(79.63)/14.83(1.02)/15.53(15.53)]
Gen. 132 (44.00%): Max/Min/Avg Fitness(Raw) [19.30(79.63)/15.32(1.02)/16.09(16.09)]
Gen. 133 (44.33%): Max/Min/Avg Fitness(Raw) [18.82(79.63)/14.96(1.02)/15.68(15.68)]
Gen. 134 (44.67%): Max/Min/Avg Fitness(Raw) [17.07(79.63)/13.65(1.02)/14.22(14.22)]
Gen. 135 (45.00%): Max/Min/Avg Fitness(Raw) [17.60(79.63)/14.05(1.02)/14.67(14.67)]
Gen. 136 (45.33%): Max/Min/Avg Fitness(Raw) [19.78(79.63)/15.68(1.02)/16.48(16.48)]
Gen. 137 (45.67%): Max/Min/Avg Fitness(Raw) [19.96(79.63)/15.81(1.02)/16.63(16.63)]
Gen. 138 (46.00%): Max/Min/Avg Fitness(Raw) [19.59(79.63)/15.53(1.02)/16.32(16.32)]
Gen. 139 (46.33%): Max/Min/Avg Fitness(Raw) [17.79(79.63)/14.19(1.02)/14.82(14.82)]
Gen. 140 (46.67%): Max/Min/Avg Fitness(Raw) [19.68(79.63)/15.61(1.02)/16.40(16.40)]
Gen. 141 (47.00%): Max/Min/Avg Fitness(Raw) [19.08(79.63)/15.16(1.02)/15.90(15.90)]
Gen. 142 (47.33%): Max/Min/Avg Fitness(Raw) [17.29(79.63)/13.82(1.02)/14.41(14.41)]
Gen. 143 (47.67%): Max/Min/Avg Fitness(Raw) [19.35(79.63)/15.36(1.02)/16.12(16.12)]
Gen. 144 (48.00%): Max/Min/Avg Fitness(Raw) [18.20(79.63)/14.50(1.02)/15.17(15.17)]
Gen. 145 (48.33%): Max/Min/Avg Fitness(Raw) [18.07(79.63)/14.40(1.02)/15.05(15.05)]
Gen. 146 (48.67%): Max/Min/Avg Fitness(Raw) [20.27(79.63)/16.03(1.02)/16.89(16.89)]
Gen. 147 (49.00%): Max/Min/Avg Fitness(Raw) [18.52(79.63)/14.74(1.02)/15.44(15.44)]
Gen. 148 (49.33%): Max/Min/Avg Fitness(Raw) [16.67(80.36)/13.35(1.02)/13.89(13.89)]
Gen. 149 (49.67%): Max/Min/Avg Fitness(Raw) [17.68(80.36)/14.12(1.02)/14.73(14.73)]
Gen. 150 (50.00%): Max/Min/Avg Fitness(Raw) [18.09(80.36)/14.43(1.02)/15.08(15.08)]
Gen. 151 (50.33%): Max/Min/Avg Fitness(Raw) [18.42(80.36)/14.67(1.02)/15.35(15.35)]
Gen. 152 (50.67%): Max/Min/Avg Fitness(Raw) [17.91(80.36)/14.29(1.02)/14.92(14.92)]
Gen. 153 (51.00%): Max/Min/Avg Fitness(Raw) [17.82(80.36)/14.23(1.02)/14.85(14.85)]
Gen. 154 (51.33%): Max/Min/Avg Fitness(Raw) [17.77(80.36)/14.19(1.02)/14.81(14.81)]
Gen. 155 (51.67%): Max/Min/Avg Fitness(Raw) [18.06(80.36)/14.40(1.02)/15.05(15.05)]
Gen. 156 (52.00%): Max/Min/Avg Fitness(Raw) [18.41(80.36)/14.67(1.02)/15.34(15.34)]
Gen. 157 (52.33%): Max/Min/Avg Fitness(Raw) [18.32(80.36)/14.60(1.02)/15.27(15.27)]
Gen. 158 (52.67%): Max/Min/Avg Fitness(Raw) [17.74(80.36)/14.17(1.02)/14.79(14.79)]
Gen. 159 (53.00%): Max/Min/Avg Fitness(Raw) [17.87(80.36)/14.26(1.02)/14.89(14.89)]
Gen. 160 (53.33%): Max/Min/Avg Fitness(Raw) [18.64(80.36)/14.84(1.02)/15.53(15.53)]
Gen. 161 (53.67%): Max/Min/Avg Fitness(Raw) [16.93(80.36)/13.55(1.02)/14.11(14.11)]
Gen. 162 (54.00%): Max/Min/Avg Fitness(Raw) [17.54(80.36)/14.01(1.02)/14.62(14.62)]
Gen. 163 (54.33%): Max/Min/Avg Fitness(Raw) [15.37(80.36)/12.36(1.02)/12.81(12.81)]
Gen. 164 (54.67%): Max/Min/Avg Fitness(Raw) [18.01(80.36)/14.37(1.02)/15.01(15.01)]
Gen. 165 (55.00%): Max/Min/Avg Fitness(Raw) [17.07(80.36)/13.66(1.02)/14.23(14.23)]
Gen. 166 (55.33%): Max/Min/Avg Fitness(Raw) [20.08(80.36)/15.91(1.02)/16.74(16.74)]
Gen. 167 (55.67%): Max/Min/Avg Fitness(Raw) [17.14(80.36)/13.71(1.02)/14.28(14.28)]
Gen. 168 (56.00%): Max/Min/Avg Fitness(Raw) [17.09(80.36)/13.67(1.02)/14.24(14.24)]
Gen. 169 (56.33%): Max/Min/Avg Fitness(Raw) [17.18(80.36)/13.74(1.02)/14.32(14.32)]
Gen. 170 (56.67%): Max/Min/Avg Fitness(Raw) [16.90(80.36)/13.53(1.02)/14.08(14.08)]
Gen. 171 (57.00%): Max/Min/Avg Fitness(Raw) [17.67(80.36)/14.11(1.02)/14.72(14.72)]
Gen. 172 (57.33%): Max/Min/Avg Fitness(Raw) [17.83(80.36)/14.23(1.02)/14.86(14.86)]
Gen. 173 (57.67%): Max/Min/Avg Fitness(Raw) [16.00(80.36)/12.84(1.02)/13.33(13.33)]
Gen. 174 (58.00%): Max/Min/Avg Fitness(Raw) [19.38(80.36)/15.39(1.02)/16.15(16.15)]
Gen. 175 (58.33%): Max/Min/Avg Fitness(Raw) [16.57(80.36)/13.28(1.02)/13.81(13.81)]
Gen. 176 (58.67%): Max/Min/Avg Fitness(Raw) [19.15(80.36)/15.22(1.02)/15.96(15.96)]
Gen. 177 (59.00%): Max/Min/Avg Fitness(Raw) [19.43(80.36)/15.42(1.02)/16.19(16.19)]
Gen. 178 (59.33%): Max/Min/Avg Fitness(Raw) [17.18(80.36)/13.74(1.02)/14.32(14.32)]
Gen. 179 (59.67%): Max/Min/Avg Fitness(Raw) [18.01(80.36)/14.36(1.02)/15.01(15.01)]
Gen. 180 (60.00%): Max/Min/Avg Fitness(Raw) [18.52(80.36)/14.75(1.02)/15.43(15.43)]
Gen. 181 (60.33%): Max/Min/Avg Fitness(Raw) [19.41(80.36)/15.41(1.02)/16.18(16.18)]
Gen. 182 (60.67%): Max/Min/Avg Fitness(Raw) [17.33(80.36)/13.85(1.02)/14.44(14.44)]
Gen. 183 (61.00%): Max/Min/Avg Fitness(Raw) [17.61(80.36)/14.06(1.02)/14.67(14.67)]
Gen. 184 (61.33%): Max/Min/Avg Fitness(Raw) [17.39(80.36)/13.90(1.02)/14.49(14.49)]
Gen. 185 (61.67%): Max/Min/Avg Fitness(Raw) [18.06(80.36)/14.40(1.02)/15.05(15.05)]
Gen. 186 (62.00%): Max/Min/Avg Fitness(Raw) [19.65(80.36)/15.59(1.02)/16.38(16.38)]
Gen. 187 (62.33%): Max/Min/Avg Fitness(Raw) [16.62(80.36)/13.32(1.02)/13.85(13.85)]
Gen. 188 (62.67%): Max/Min/Avg Fitness(Raw) [17.82(80.36)/14.23(1.02)/14.85(14.85)]
Gen. 189 (63.00%): Max/Min/Avg Fitness(Raw) [17.78(80.36)/14.20(1.02)/14.82(14.82)]
Gen. 190 (63.33%): Max/Min/Avg Fitness(Raw) [17.32(80.36)/13.85(1.02)/14.44(14.44)]
Gen. 191 (63.67%): Max/Min/Avg Fitness(Raw) [18.12(80.36)/14.45(1.02)/15.10(15.10)]
Gen. 192 (64.00%): Max/Min/Avg Fitness(Raw) [17.68(80.36)/14.12(1.02)/14.74(14.74)]
Gen. 193 (64.33%): Max/Min/Avg Fitness(Raw) [18.05(80.36)/14.40(1.02)/15.04(15.04)]
Gen. 194 (64.67%): Max/Min/Avg Fitness(Raw) [18.00(80.36)/14.36(1.02)/15.00(15.00)]
Gen. 195 (65.00%): Max/Min/Avg Fitness(Raw) [16.13(80.36)/12.94(1.02)/13.44(13.44)]
Gen. 196 (65.33%): Max/Min/Avg Fitness(Raw) [18.55(80.36)/14.77(1.02)/15.46(15.46)]
Gen. 197 (65.67%): Max/Min/Avg Fitness(Raw) [17.01(80.36)/13.61(1.02)/14.18(14.18)]
Gen. 198 (66.00%): Max/Min/Avg Fitness(Raw) [17.49(80.36)/13.97(1.02)/14.57(14.57)]
Gen. 199 (66.33%): Max/Min/Avg Fitness(Raw) [18.30(80.36)/14.58(1.02)/15.25(15.25)]
Gen. 200 (66.67%): Max/Min/Avg Fitness(Raw) [17.98(80.36)/14.34(1.02)/14.98(14.98)]
Gen. 201 (67.00%): Max/Min/Avg Fitness(Raw) [18.49(80.36)/14.72(1.02)/15.41(15.41)]
Gen. 202 (67.33%): Max/Min/Avg Fitness(Raw) [17.14(80.36)/13.71(1.02)/14.28(14.28)]
Gen. 203 (67.67%): Max/Min/Avg Fitness(Raw) [16.72(80.36)/13.40(1.02)/13.94(13.94)]
Gen. 204 (68.00%): Max/Min/Avg Fitness(Raw) [17.77(80.36)/14.18(1.02)/14.81(14.81)]
Gen. 205 (68.33%): Max/Min/Avg Fitness(Raw) [17.74(80.36)/14.17(1.02)/14.79(14.79)]
Gen. 206 (68.67%): Max/Min/Avg Fitness(Raw) [17.94(80.36)/14.32(1.02)/14.95(14.95)]
Gen. 207 (69.00%): Max/Min/Avg Fitness(Raw) [18.24(80.36)/14.54(1.02)/15.20(15.20)]
Gen. 208 (69.33%): Max/Min/Avg Fitness(Raw) [17.96(80.36)/14.33(1.02)/14.96(14.96)]
Gen. 209 (69.67%): Max/Min/Avg Fitness(Raw) [16.62(80.36)/13.31(1.02)/13.85(13.85)]
Gen. 210 (70.00%): Max/Min/Avg Fitness(Raw) [18.29(80.36)/14.57(1.02)/15.24(15.24)]
Gen. 211 (70.33%): Max/Min/Avg Fitness(Raw) [16.07(80.36)/12.89(1.02)/13.39(13.39)]
Gen. 212 (70.67%): Max/Min/Avg Fitness(Raw) [17.58(80.36)/14.04(1.02)/14.65(14.65)]
Gen. 213 (71.00%): Max/Min/Avg Fitness(Raw) [18.16(80.36)/14.48(1.02)/15.13(15.13)]
Gen. 214 (71.33%): Max/Min/Avg Fitness(Raw) [16.93(80.36)/13.55(1.02)/14.10(14.10)]
Gen. 215 (71.67%): Max/Min/Avg Fitness(Raw) [18.70(80.36)/14.89(1.02)/15.59(15.59)]
Gen. 216 (72.00%): Max/Min/Avg Fitness(Raw) [17.76(80.36)/14.18(1.02)/14.80(14.80)]
Gen. 217 (72.33%): Max/Min/Avg Fitness(Raw) [17.76(80.36)/14.18(1.02)/14.80(14.80)]
Gen. 218 (72.67%): Max/Min/Avg Fitness(Raw) [16.97(80.36)/13.58(1.02)/14.14(14.14)]
Gen. 219 (73.00%): Max/Min/Avg Fitness(Raw) [17.52(80.36)/13.99(1.02)/14.60(14.60)]
Gen. 220 (73.33%): Max/Min/Avg Fitness(Raw) [18.55(80.36)/14.77(1.02)/15.46(15.46)]
Gen. 221 (73.67%): Max/Min/Avg Fitness(Raw) [18.56(80.36)/14.78(1.02)/15.47(15.47)]
Gen. 222 (74.00%): Max/Min/Avg Fitness(Raw) [16.72(80.36)/13.39(1.02)/13.93(13.93)]
Gen. 223 (74.33%): Max/Min/Avg Fitness(Raw) [17.11(80.36)/13.69(1.02)/14.26(14.26)]
Gen. 224 (74.67%): Max/Min/Avg Fitness(Raw) [16.71(80.36)/13.38(1.02)/13.92(13.92)]
Gen. 225 (75.00%): Max/Min/Avg Fitness(Raw) [17.06(80.36)/13.65(1.02)/14.22(14.22)]
Gen. 226 (75.33%): Max/Min/Avg Fitness(Raw) [17.27(80.36)/13.81(1.02)/14.39(14.39)]
Gen. 227 (75.67%): Max/Min/Avg Fitness(Raw) [18.01(80.36)/14.37(1.02)/15.01(15.01)]
Gen. 228 (76.00%): Max/Min/Avg Fitness(Raw) [16.55(80.36)/13.26(1.02)/13.79(13.79)]
Gen. 229 (76.33%): Max/Min/Avg Fitness(Raw) [19.13(80.36)/15.20(1.02)/15.94(15.94)]
Gen. 230 (76.67%): Max/Min/Avg Fitness(Raw) [18.87(80.36)/15.01(1.02)/15.73(15.73)]
Gen. 231 (77.00%): Max/Min/Avg Fitness(Raw) [17.98(80.36)/14.34(1.02)/14.98(14.98)]
Gen. 232 (77.33%): Max/Min/Avg Fitness(Raw) [17.42(80.36)/13.92(1.02)/14.52(14.52)]
Gen. 233 (77.67%): Max/Min/Avg Fitness(Raw) [17.35(80.36)/13.87(1.02)/14.46(14.46)]
Gen. 234 (78.00%): Max/Min/Avg Fitness(Raw) [18.97(80.36)/15.09(1.02)/15.81(15.81)]
Gen. 235 (78.33%): Max/Min/Avg Fitness(Raw) [18.03(80.36)/14.38(1.02)/15.03(15.03)]
Gen. 236 (78.67%): Max/Min/Avg Fitness(Raw) [17.27(80.36)/13.81(1.02)/14.40(14.40)]
Gen. 237 (79.00%): Max/Min/Avg Fitness(Raw) [18.67(80.36)/14.86(1.02)/15.56(15.56)]
Gen. 238 (79.33%): Max/Min/Avg Fitness(Raw) [17.47(80.36)/13.96(1.02)/14.56(14.56)]
Gen. 239 (79.67%): Max/Min/Avg Fitness(Raw) [17.39(80.36)/13.90(1.02)/14.49(14.49)]
Gen. 240 (80.00%): Max/Min/Avg Fitness(Raw) [17.61(80.36)/14.07(1.02)/14.68(14.68)]
Gen. 241 (80.33%): Max/Min/Avg Fitness(Raw) [17.99(80.36)/14.35(1.02)/14.99(14.99)]
Gen. 242 (80.67%): Max/Min/Avg Fitness(Raw) [19.43(80.36)/15.42(1.02)/16.19(16.19)]
Gen. 243 (81.00%): Max/Min/Avg Fitness(Raw) [16.40(80.36)/13.15(1.02)/13.66(13.66)]
Gen. 244 (81.33%): Max/Min/Avg Fitness(Raw) [17.68(80.36)/14.12(1.02)/14.73(14.73)]
Gen. 245 (81.67%): Max/Min/Avg Fitness(Raw) [17.91(80.36)/14.29(1.02)/14.93(14.93)]
Gen. 246 (82.00%): Max/Min/Avg Fitness(Raw) [17.40(80.36)/13.91(1.02)/14.50(14.50)]
Gen. 247 (82.33%): Max/Min/Avg Fitness(Raw) [18.24(80.36)/14.54(1.02)/15.20(15.20)]
Gen. 248 (82.67%): Max/Min/Avg Fitness(Raw) [18.13(80.36)/14.46(1.02)/15.11(15.11)]
Gen. 249 (83.00%): Max/Min/Avg Fitness(Raw) [17.72(80.36)/14.15(1.02)/14.76(14.76)]
Gen. 250 (83.33%): Max/Min/Avg Fitness(Raw) [17.53(80.36)/14.01(1.02)/14.61(14.61)]
Gen. 251 (83.67%): Max/Min/Avg Fitness(Raw) [16.53(80.36)/13.25(1.02)/13.78(13.78)]
Gen. 252 (84.00%): Max/Min/Avg Fitness(Raw) [17.51(80.36)/13.99(1.02)/14.59(14.59)]
Gen. 253 (84.33%): Max/Min/Avg Fitness(Raw) [15.00(80.36)/12.08(1.02)/12.50(12.50)]
Gen. 254 (84.67%): Max/Min/Avg Fitness(Raw) [17.04(80.36)/13.64(1.02)/14.20(14.20)]
Gen. 255 (85.00%): Max/Min/Avg Fitness(Raw) [18.47(80.36)/14.71(1.02)/15.39(15.39)]
Gen. 256 (85.33%): Max/Min/Avg Fitness(Raw) [17.30(80.36)/13.83(1.02)/14.42(14.42)]
Gen. 257 (85.67%): Max/Min/Avg Fitness(Raw) [17.09(80.36)/13.67(1.02)/14.24(14.24)]
Gen. 258 (86.00%): Max/Min/Avg Fitness(Raw) [17.46(80.36)/13.95(1.02)/14.55(14.55)]
Gen. 259 (86.33%): Max/Min/Avg Fitness(Raw) [17.23(80.36)/13.78(1.02)/14.36(14.36)]
Gen. 260 (86.67%): Max/Min/Avg Fitness(Raw) [18.09(80.36)/14.42(1.02)/15.07(15.07)]
Gen. 261 (87.00%): Max/Min/Avg Fitness(Raw) [16.94(80.36)/13.56(1.02)/14.11(14.11)]
Gen. 262 (87.33%): Max/Min/Avg Fitness(Raw) [18.83(80.36)/14.98(1.02)/15.69(15.69)]
Gen. 263 (87.67%): Max/Min/Avg Fitness(Raw) [17.22(80.36)/13.77(1.02)/14.35(14.35)]
Gen. 264 (88.00%): Max/Min/Avg Fitness(Raw) [18.67(80.36)/14.86(1.02)/15.56(15.56)]
Gen. 265 (88.33%): Max/Min/Avg Fitness(Raw) [17.33(80.36)/13.86(1.02)/14.44(14.44)]
Gen. 266 (88.67%): Max/Min/Avg Fitness(Raw) [16.69(80.36)/13.37(1.02)/13.91(13.91)]
Gen. 267 (89.00%): Max/Min/Avg Fitness(Raw) [18.57(80.36)/14.78(1.02)/15.47(15.47)]
Gen. 268 (89.33%): Max/Min/Avg Fitness(Raw) [17.19(80.36)/13.75(1.02)/14.33(14.33)]
Gen. 269 (89.67%): Max/Min/Avg Fitness(Raw) [18.86(80.36)/15.00(1.02)/15.72(15.72)]
Gen. 270 (90.00%): Max/Min/Avg Fitness(Raw) [17.34(80.50)/13.86(1.02)/14.45(14.45)]
Gen. 271 (90.33%): Max/Min/Avg Fitness(Raw) [27.86(80.50)/21.42(1.02)/23.22(23.22)]
Gen. 272 (90.67%): Max/Min/Avg Fitness(Raw) [27.95(80.50)/21.48(1.02)/23.29(23.29)]
Gen. 273 (91.00%): Max/Min/Avg Fitness(Raw) [30.22(80.50)/22.98(1.02)/25.18(25.18)]
Gen. 274 (91.33%): Max/Min/Avg Fitness(Raw) [30.02(80.50)/22.85(1.02)/25.02(25.02)]
Gen. 275 (91.67%): Max/Min/Avg Fitness(Raw) [27.52(80.50)/21.19(1.02)/22.93(22.93)]
Gen. 276 (92.00%): Max/Min/Avg Fitness(Raw) [29.60(80.50)/22.57(1.02)/24.66(24.66)]
Gen. 277 (92.33%): Max/Min/Avg Fitness(Raw) [30.99(80.50)/23.48(1.02)/25.82(25.82)]
Gen. 278 (92.67%): Max/Min/Avg Fitness(Raw) [28.32(80.50)/21.72(1.02)/23.60(23.60)]
Gen. 279 (93.00%): Max/Min/Avg Fitness(Raw) [28.00(80.50)/21.51(1.02)/23.34(23.34)]
Gen. 280 (93.33%): Max/Min/Avg Fitness(Raw) [29.93(80.50)/22.80(1.02)/24.94(24.94)]
Gen. 281 (93.67%): Max/Min/Avg Fitness(Raw) [27.79(80.50)/21.37(1.02)/23.16(23.16)]
Gen. 282 (94.00%): Max/Min/Avg Fitness(Raw) [28.78(80.50)/22.03(1.02)/23.98(23.98)]
Gen. 283 (94.33%): Max/Min/Avg Fitness(Raw) [27.91(80.50)/21.45(1.02)/23.26(23.26)]
Gen. 284 (94.67%): Max/Min/Avg Fitness(Raw) [29.89(80.50)/22.77(1.02)/24.91(24.91)]
Gen. 285 (95.00%): Max/Min/Avg Fitness(Raw) [29.25(80.50)/22.34(1.02)/24.37(24.37)]
Gen. 286 (95.33%): Max/Min/Avg Fitness(Raw) [29.06(80.50)/22.22(1.02)/24.21(24.21)]
Gen. 287 (95.67%): Max/Min/Avg Fitness(Raw) [30.76(80.50)/23.33(1.02)/25.63(25.63)]
Gen. 288 (96.00%): Max/Min/Avg Fitness(Raw) [29.24(80.50)/22.34(1.02)/24.36(24.36)]
Gen. 289 (96.33%): Max/Min/Avg Fitness(Raw) [29.54(80.50)/22.54(1.02)/24.62(24.62)]
Gen. 290 (96.67%): Max/Min/Avg Fitness(Raw) [29.72(80.50)/22.66(1.02)/24.77(24.77)]
Gen. 291 (97.00%): Max/Min/Avg Fitness(Raw) [28.73(80.50)/22.00(1.02)/23.94(23.94)]
Gen. 292 (97.33%): Max/Min/Avg Fitness(Raw) [29.84(80.50)/22.73(1.02)/24.87(24.87)]
Gen. 293 (97.67%): Max/Min/Avg Fitness(Raw) [30.90(80.50)/23.42(1.02)/25.75(25.75)]
Gen. 294 (98.00%): Max/Min/Avg Fitness(Raw) [28.73(80.50)/22.00(1.02)/23.94(23.94)]
Gen. 295 (98.33%): Max/Min/Avg Fitness(Raw) [28.69(80.50)/21.98(1.02)/23.91(23.91)]
Gen. 296 (98.67%): Max/Min/Avg Fitness(Raw) [29.26(80.50)/22.36(1.02)/24.39(24.39)]
Gen. 297 (99.00%): Max/Min/Avg Fitness(Raw) [30.17(80.50)/22.95(1.02)/25.14(25.14)]
Gen. 298 (99.33%): Max/Min/Avg Fitness(Raw) [28.65(80.50)/21.95(1.02)/23.88(23.88)]
Gen. 299 (99.67%): Max/Min/Avg Fitness(Raw) [28.58(80.50)/21.90(1.02)/23.82(23.82)]
Gen. 300 (100.00%): Max/Min/Avg Fitness(Raw) [28.39(80.50)/21.77(1.02)/23.65(23.65)]
Total time elapsed: 70714.847 seconds.
GA MSE : 0.028209
Best initial connection wetighs are set on Network
Setting FANN training parameters
Input layer                          :  70 neurons, 1 bias
  Hidden layer                       :  35 neurons, 1 bias
Output layer                         :   1 neurons
Total neurons and biases             : 108
Total connections                    :2521
Connection rate                      :   1.000
Network type                         :   FANN_NETTYPE_LAYER
Training algorithm                   :   FANN_TRAIN_RPROP
Training error function              :   FANN_ERRORFUNC_TANH
Training stop function               :   FANN_STOPFUNC_MSE
Bit fail limit                       :   0.350
Learning rate                        :   0.700
Learning momentum                    :   0.000
Quickprop decay                      :  -0.000100
Quickprop mu                         :   1.750
RPROP increase factor                :   1.001
RPROP decrease factor                :   0.333
RPROP delta min                      :   0.000
RPROP delta max                      :  50.000
Cascade output change fraction       :   0.010000
Cascade candidate change fraction    :   0.010000
Cascade output stagnation epochs     :  12
Cascade candidate stagnation epochs  :  12
Cascade max output epochs            : 150
Cascade max candidate epochs         : 150
Cascade weight multiplier            :   0.400
Cascade candidate limit              :1000.000
Cascade activation functions[0]      :   FANN_SIGMOID
Cascade activation functions[1]      :   FANN_SIGMOID_SYMMETRIC
Cascade activation functions[2]      :   FANN_GAUSSIAN
Cascade activation functions[3]      :   FANN_GAUSSIAN_SYMMETRIC
Cascade activation functions[4]      :   FANN_ELLIOT
Cascade activation functions[5]      :   FANN_ELLIOT_SYMMETRIC
Cascade activation functions[6]      :   FANN_SIN_SYMMETRIC
Cascade activation functions[7]      :   FANN_COS_SYMMETRIC
Cascade activation functions[8]      :   FANN_SIN
Cascade activation functions[9]      :   FANN_COS
Cascade activation steepnesses[0]    :   0.250
Cascade activation steepnesses[1]    :   0.500
Cascade activation steepnesses[2]    :   0.750
Cascade activation steepnesses[3]    :   1.000
Cascade candidate groups             :   2
Cascade no. of candidates            :  80
Start training network with 2-algorithm in FANN
Max epochs     8000. Desired error: 0.0010000000.
Epochs            1. Current error: 0.0124228820. Bit fail 216.
Epochs          100. Current error: 0.0135942344. Bit fail 234.
Epochs          200. Current error: 0.0133824917. Bit fail 346.
Epochs          300. Current error: 0.0132933855. Bit fail 346.
Epochs          400. Current error: 0.0137111628. Bit fail 346.
Epochs          500. Current error: 0.0131794149. Bit fail 231.
Epochs          600. Current error: 0.0129800830. Bit fail 228.
Epochs          700. Current error: 0.0129043069. Bit fail 227.
Epochs          800. Current error: 0.0127003761. Bit fail 223.
Epochs          900. Current error: 0.0127053037. Bit fail 222.
Epochs         1000. Current error: 0.0127049470. Bit fail 224.
Epochs         1100. Current error: 0.0126054743. Bit fail 223.
Epochs         1200. Current error: 0.0124855051. Bit fail 221.
Epochs         1300. Current error: 0.0125187105. Bit fail 222.
Epochs         1400. Current error: 0.0126224179. Bit fail 224.
Epochs         1500. Current error: 0.0124589270. Bit fail 224.
Epochs         1600. Current error: 0.0121975811. Bit fail 220.
Epochs         1700. Current error: 0.0122306244. Bit fail 219.
Epochs         1800. Current error: 0.0120178675. Bit fail 214.
Epochs         1900. Current error: 0.0119009903. Bit fail 212.
Epochs         2000. Current error: 0.0117538571. Bit fail 210.
Epochs         2100. Current error: 0.0116804615. Bit fail 209.
Epochs         2200. Current error: 0.0116546340. Bit fail 209.
Epochs         2300. Current error: 0.0116825113. Bit fail 267.
Epochs         2400. Current error: 0.0115457065. Bit fail 265.
Epochs         2500. Current error: 0.0114400461. Bit fail 262.
Epochs         2600. Current error: 0.0113933459. Bit fail 263.
Epochs         2700. Current error: 0.0113814343. Bit fail 262.
Epochs         2800. Current error: 0.0114079760. Bit fail 263.
Epochs         2900. Current error: 0.0113583989. Bit fail 263.
Epochs         3000. Current error: 0.0113543617. Bit fail 264.
Epochs         3100. Current error: 0.0112102292. Bit fail 261.
Epochs         3200. Current error: 0.0112455357. Bit fail 262.
Epochs         3300. Current error: 0.0112352623. Bit fail 261.
Epochs         3400. Current error: 0.0112813348. Bit fail 264.
Epochs         3500. Current error: 0.0112833194. Bit fail 262.
Epochs         3600. Current error: 0.0111905327. Bit fail 212.
Epochs         3700. Current error: 0.0111482982. Bit fail 212.
Epochs         3800. Current error: 0.0110565871. Bit fail 209.
Epochs         3900. Current error: 0.0109749725. Bit fail 208.
Epochs         4000. Current error: 0.0108503485. Bit fail 203.
Epochs         4100. Current error: 0.0107081151. Bit fail 197.
Epochs         4200. Current error: 0.0105929496. Bit fail 196.
Epochs         4300. Current error: 0.0104925418. Bit fail 201.
Epochs         4400. Current error: 0.0104232598. Bit fail 199.
Epochs         4500. Current error: 0.0104196658. Bit fail 197.
Epochs         4600. Current error: 0.0104034608. Bit fail 197.
Epochs         4700. Current error: 0.0102317827. Bit fail 193.
Epochs         4800. Current error: 0.0101706041. Bit fail 180.
Epochs         4900. Current error: 0.0101417359. Bit fail 179.
Epochs         5000. Current error: 0.0100277383. Bit fail 177.
Epochs         5100. Current error: 0.0100320997. Bit fail 177.
Epochs         5200. Current error: 0.0100640813. Bit fail 179.
Epochs         5300. Current error: 0.0101276170. Bit fail 179.
Epochs         5400. Current error: 0.0101303728. Bit fail 179.
Epochs         5500. Current error: 0.0101211313. Bit fail 179.
Epochs         5600. Current error: 0.0101239523. Bit fail 178.
Epochs         5700. Current error: 0.0101264948. Bit fail 179.
Epochs         5800. Current error: 0.0101200333. Bit fail 178.
Epochs         5900. Current error: 0.0101288995. Bit fail 179.
Epochs         6000. Current error: 0.0100935921. Bit fail 178.
Epochs         6100. Current error: 0.0100717414. Bit fail 179.
Epochs         6200. Current error: 0.0100106848. Bit fail 176.
Epochs         6300. Current error: 0.0100614633. Bit fail 176.
Epochs         6400. Current error: 0.0100922035. Bit fail 176.
Epochs         6500. Current error: 0.0100722872. Bit fail 180.
Epochs         6600. Current error: 0.0100560784. Bit fail 179.
Epochs         6700. Current error: 0.0100582214. Bit fail 177.
Epochs         6800. Current error: 0.0100551108. Bit fail 177.
Epochs         6900. Current error: 0.0100527490. Bit fail 203.
Epochs         7000. Current error: 0.0101366201. Bit fail 205.
Epochs         7100. Current error: 0.0101410532. Bit fail 194.
Epochs         7200. Current error: 0.0099808900. Bit fail 189.
Epochs         7300. Current error: 0.0099231740. Bit fail 186.
Epochs         7400. Current error: 0.0098639950. Bit fail 187.
Epochs         7500. Current error: 0.0097217523. Bit fail 181.
Epochs         7600. Current error: 0.0097684916. Bit fail 180.
Epochs         7700. Current error: 0.0098193316. Bit fail 179.
Epochs         7800. Current error: 0.0098802559. Bit fail 180.
Epochs         7900. Current error: 0.0098906802. Bit fail 178.
Epochs         8000. Current error: 0.0099282637. Bit fail 178.
Time elpased for FANN training: 1499.408821 seconds
Trained Network by GA+FANN is saved in 
./ALL_S6_959126400_hveto_channels_signif_dt_set_2_training_n70n35n1_c10_mr10_p1000_g300_rmin-25_rmax25_gsigma50_y1001_z03333_f05g09_m8000.net.
Total Running Time: 72215.793381 seconds
