Creating network.
The layer structure is following:
[70, 35, 1]
Setting newtork parameters
Getting training data : ALL_S6_959126400_hveto_channels_signif_dt_set_7_training.pat
Setting GA training parameters
Start running GA
Gen. 0 (0.00%): Max/Min/Avg Fitness(Raw) [24.80(61.34)/18.67(1.02)/20.67(20.67)]
Gen. 1 (0.33%): Max/Min/Avg Fitness(Raw) [70.62(68.08)/0.00(13.51)/59.45(59.45)]
Gen. 2 (0.67%): Max/Min/Avg Fitness(Raw) [70.31(70.15)/0.00(1.11)/61.62(61.62)]
Gen. 3 (1.00%): Max/Min/Avg Fitness(Raw) [72.23(71.89)/0.00(2.14)/62.29(62.29)]
Gen. 4 (1.33%): Max/Min/Avg Fitness(Raw) [73.25(72.44)/0.00(5.20)/63.36(63.36)]
Gen. 5 (1.67%): Max/Min/Avg Fitness(Raw) [75.37(73.36)/0.00(10.91)/63.63(63.63)]
Gen. 6 (2.00%): Max/Min/Avg Fitness(Raw) [74.81(74.36)/0.00(3.04)/65.07(65.07)]
Gen. 7 (2.33%): Max/Min/Avg Fitness(Raw) [76.07(74.36)/0.00(9.47)/64.43(64.43)]
Gen. 8 (2.67%): Max/Min/Avg Fitness(Raw) [75.67(74.36)/0.00(7.51)/64.44(64.44)]
Gen. 9 (3.00%): Max/Min/Avg Fitness(Raw) [74.67(74.48)/0.00(1.14)/64.27(64.27)]
Gen. 10 (3.33%): Max/Min/Avg Fitness(Raw) [76.82(74.48)/0.00(11.77)/64.10(64.10)]
Gen. 11 (3.67%): Max/Min/Avg Fitness(Raw) [74.82(74.48)/0.00(2.02)/63.98(63.98)]
Gen. 12 (4.00%): Max/Min/Avg Fitness(Raw) [74.76(74.49)/0.00(1.65)/64.03(64.03)]
Gen. 13 (4.33%): Max/Min/Avg Fitness(Raw) [76.41(74.62)/0.00(9.39)/64.16(64.16)]
Gen. 14 (4.67%): Max/Min/Avg Fitness(Raw) [76.04(74.82)/0.00(6.77)/64.47(64.47)]
Gen. 15 (5.00%): Max/Min/Avg Fitness(Raw) [75.57(74.91)/0.00(4.27)/65.52(65.52)]
Gen. 16 (5.33%): Max/Min/Avg Fitness(Raw) [76.30(75.28)/0.00(6.10)/65.39(65.39)]
Gen. 17 (5.67%): Max/Min/Avg Fitness(Raw) [76.58(75.41)/0.00(7.54)/66.32(66.32)]
Gen. 18 (6.00%): Max/Min/Avg Fitness(Raw) [76.60(76.32)/0.00(1.76)/65.93(65.93)]
Gen. 19 (6.33%): Max/Min/Avg Fitness(Raw) [78.11(76.32)/0.00(10.10)/66.36(66.36)]
Gen. 20 (6.67%): Max/Min/Avg Fitness(Raw) [77.99(76.32)/0.00(9.40)/66.23(66.23)]
Gen. 21 (7.00%): Max/Min/Avg Fitness(Raw) [77.94(76.32)/0.00(9.49)/66.56(66.56)]
Gen. 22 (7.33%): Max/Min/Avg Fitness(Raw) [76.73(76.32)/0.00(2.60)/66.28(66.28)]
Gen. 23 (7.67%): Max/Min/Avg Fitness(Raw) [77.95(76.54)/0.00(8.16)/66.45(66.45)]
Gen. 24 (8.00%): Max/Min/Avg Fitness(Raw) [77.31(77.04)/0.00(1.66)/66.57(66.57)]
Gen. 25 (8.33%): Max/Min/Avg Fitness(Raw) [79.37(78.84)/0.00(2.68)/66.22(66.22)]
Gen. 26 (8.67%): Max/Min/Avg Fitness(Raw) [80.36(78.84)/0.00(8.01)/67.53(67.53)]
Gen. 27 (9.00%): Max/Min/Avg Fitness(Raw) [80.46(78.84)/0.00(8.51)/67.62(67.62)]
Gen. 28 (9.33%): Max/Min/Avg Fitness(Raw) [80.31(78.89)/0.00(7.46)/67.41(67.41)]
Gen. 29 (9.67%): Max/Min/Avg Fitness(Raw) [79.22(78.95)/0.00(1.69)/68.17(68.17)]
Gen. 30 (10.00%): Max/Min/Avg Fitness(Raw) [79.42(79.02)/0.00(2.47)/68.32(68.32)]
Gen. 31 (10.33%): Max/Min/Avg Fitness(Raw) [81.06(80.05)/0.00(5.96)/69.31(69.31)]
Gen. 32 (10.67%): Max/Min/Avg Fitness(Raw) [81.79(80.33)/0.00(8.45)/69.78(69.78)]
Gen. 33 (11.00%): Max/Min/Avg Fitness(Raw) [81.85(80.69)/0.00(6.47)/69.42(69.42)]
Gen. 34 (11.33%): Max/Min/Avg Fitness(Raw) [81.31(80.78)/0.00(2.97)/69.04(69.04)]
Gen. 35 (11.67%): Max/Min/Avg Fitness(Raw) [82.71(81.08)/0.00(8.97)/69.98(69.98)]
Gen. 36 (12.00%): Max/Min/Avg Fitness(Raw) [81.47(81.28)/0.00(1.11)/69.72(69.72)]
Gen. 37 (12.33%): Max/Min/Avg Fitness(Raw) [83.06(81.79)/0.00(7.23)/70.67(70.67)]
Gen. 38 (12.67%): Max/Min/Avg Fitness(Raw) [83.38(81.80)/0.00(8.60)/70.38(70.38)]
Gen. 39 (13.00%): Max/Min/Avg Fitness(Raw) [83.92(82.23)/0.00(8.64)/70.20(70.20)]
Gen. 40 (13.33%): Max/Min/Avg Fitness(Raw) [84.17(82.23)/0.00(11.92)/72.37(72.37)]
Gen. 41 (13.67%): Max/Min/Avg Fitness(Raw) [83.72(82.48)/0.00(7.95)/72.45(72.45)]
Gen. 42 (14.00%): Max/Min/Avg Fitness(Raw) [83.88(82.48)/0.00(8.54)/72.07(72.07)]
Gen. 43 (14.33%): Max/Min/Avg Fitness(Raw) [85.20(82.88)/0.00(12.72)/72.08(72.08)]
Gen. 44 (14.67%): Max/Min/Avg Fitness(Raw) [84.46(82.88)/0.00(9.11)/72.01(72.01)]
Gen. 45 (15.00%): Max/Min/Avg Fitness(Raw) [85.27(83.05)/0.00(12.11)/72.05(72.05)]
Gen. 46 (15.33%): Max/Min/Avg Fitness(Raw) [84.31(83.19)/0.00(7.22)/72.97(72.97)]
Gen. 47 (15.67%): Max/Min/Avg Fitness(Raw) [84.48(83.19)/0.00(8.33)/73.20(73.20)]
Gen. 48 (16.00%): Max/Min/Avg Fitness(Raw) [83.49(83.32)/0.00(1.20)/73.34(73.34)]
Gen. 49 (16.33%): Max/Min/Avg Fitness(Raw) [85.71(84.18)/0.00(8.95)/73.20(73.20)]
Gen. 50 (16.67%): Max/Min/Avg Fitness(Raw) [85.99(84.77)/0.00(6.18)/71.79(71.79)]
Gen. 51 (17.00%): Max/Min/Avg Fitness(Raw) [86.15(85.86)/0.00(1.43)/71.89(71.89)]
Gen. 52 (17.33%): Max/Min/Avg Fitness(Raw) [87.31(86.70)/0.00(3.15)/73.10(73.10)]
Gen. 53 (17.67%): Max/Min/Avg Fitness(Raw) [87.98(86.70)/0.00(6.79)/74.00(74.00)]
Gen. 54 (18.00%): Max/Min/Avg Fitness(Raw) [88.37(86.70)/0.00(8.73)/74.14(74.14)]
Gen. 55 (18.33%): Max/Min/Avg Fitness(Raw) [87.11(86.70)/0.00(2.38)/74.20(74.20)]
Gen. 56 (18.67%): Max/Min/Avg Fitness(Raw) [87.25(87.02)/0.00(1.13)/72.25(72.25)]
Gen. 57 (19.00%): Max/Min/Avg Fitness(Raw) [88.91(87.81)/0.00(5.34)/73.73(73.73)]
Gen. 58 (19.33%): Max/Min/Avg Fitness(Raw) [89.79(88.18)/0.00(7.85)/74.50(74.50)]
Gen. 59 (19.67%): Max/Min/Avg Fitness(Raw) [89.95(88.48)/0.00(7.04)/74.36(74.36)]
Gen. 60 (20.00%): Max/Min/Avg Fitness(Raw) [90.54(88.84)/0.00(7.92)/74.51(74.51)]
Gen. 61 (20.33%): Max/Min/Avg Fitness(Raw) [91.44(90.10)/0.00(6.56)/75.95(75.95)]
Gen. 62 (20.67%): Max/Min/Avg Fitness(Raw) [92.15(90.43)/0.00(7.72)/75.40(75.40)]
Gen. 63 (21.00%): Max/Min/Avg Fitness(Raw) [92.67(90.81)/0.00(8.14)/75.43(75.43)]
Gen. 64 (21.33%): Max/Min/Avg Fitness(Raw) [92.24(90.81)/0.00(6.38)/75.38(75.38)]
Gen. 65 (21.67%): Max/Min/Avg Fitness(Raw) [91.20(90.96)/0.00(1.13)/75.39(75.39)]
Gen. 66 (22.00%): Max/Min/Avg Fitness(Raw) [92.77(90.96)/0.00(8.16)/75.96(75.96)]
Gen. 67 (22.33%): Max/Min/Avg Fitness(Raw) [92.86(90.96)/0.00(8.49)/75.91(75.91)]
Gen. 68 (22.67%): Max/Min/Avg Fitness(Raw) [91.52(91.25)/0.00(1.29)/75.94(75.94)]
Gen. 69 (23.00%): Max/Min/Avg Fitness(Raw) [91.51(91.25)/0.00(1.22)/75.64(75.64)]
Gen. 70 (23.33%): Max/Min/Avg Fitness(Raw) [92.70(91.25)/0.00(6.48)/75.81(75.81)]
Gen. 71 (23.67%): Max/Min/Avg Fitness(Raw) [92.94(91.25)/0.00(7.36)/75.64(75.64)]
Gen. 72 (24.00%): Max/Min/Avg Fitness(Raw) [92.90(91.25)/0.00(7.06)/75.34(75.34)]
Gen. 73 (24.33%): Max/Min/Avg Fitness(Raw) [91.57(91.25)/0.00(1.51)/75.48(75.48)]
Gen. 74 (24.67%): Max/Min/Avg Fitness(Raw) [92.95(91.25)/0.00(7.36)/75.55(75.55)]
Gen. 75 (25.00%): Max/Min/Avg Fitness(Raw) [91.49(91.25)/0.00(1.13)/75.69(75.69)]
Gen. 76 (25.33%): Max/Min/Avg Fitness(Raw) [92.61(91.25)/0.00(6.10)/75.73(75.73)]
Gen. 77 (25.67%): Max/Min/Avg Fitness(Raw) [92.86(91.25)/0.00(7.02)/75.56(75.56)]
Gen. 78 (26.00%): Max/Min/Avg Fitness(Raw) [93.10(91.25)/0.00(7.88)/75.44(75.44)]
Gen. 79 (26.33%): Max/Min/Avg Fitness(Raw) [93.43(91.25)/0.00(9.27)/75.65(75.65)]
Gen. 80 (26.67%): Max/Min/Avg Fitness(Raw) [92.96(91.25)/0.00(7.46)/75.62(75.62)]
Gen. 81 (27.00%): Max/Min/Avg Fitness(Raw) [92.78(91.29)/0.00(6.68)/75.83(75.83)]
Gen. 82 (27.33%): Max/Min/Avg Fitness(Raw) [91.84(91.36)/0.00(2.27)/75.85(75.85)]
Gen. 83 (27.67%): Max/Min/Avg Fitness(Raw) [93.66(91.76)/0.00(8.12)/75.95(75.95)]
Gen. 84 (28.00%): Max/Min/Avg Fitness(Raw) [92.16(91.91)/0.00(1.17)/76.23(76.23)]
Gen. 85 (28.33%): Max/Min/Avg Fitness(Raw) [93.05(92.04)/0.00(4.45)/75.93(75.93)]
Gen. 86 (28.67%): Max/Min/Avg Fitness(Raw) [93.86(92.16)/0.00(7.29)/76.10(76.10)]
Gen. 87 (29.00%): Max/Min/Avg Fitness(Raw) [92.42(92.16)/0.00(1.21)/76.06(76.06)]
Gen. 88 (29.33%): Max/Min/Avg Fitness(Raw) [94.74(92.16)/0.00(10.53)/76.11(76.11)]
Gen. 89 (29.67%): Max/Min/Avg Fitness(Raw) [93.93(92.16)/0.00(7.50)/76.03(76.03)]
Gen. 90 (30.00%): Max/Min/Avg Fitness(Raw) [94.12(92.16)/0.00(8.20)/75.99(75.99)]
Gen. 91 (30.33%): Max/Min/Avg Fitness(Raw) [93.60(92.16)/0.00(6.18)/75.94(75.94)]
Gen. 92 (30.67%): Max/Min/Avg Fitness(Raw) [94.08(92.16)/0.00(8.05)/75.96(75.96)]
Gen. 93 (31.00%): Max/Min/Avg Fitness(Raw) [93.67(92.16)/0.00(6.44)/75.90(75.90)]
Gen. 94 (31.33%): Max/Min/Avg Fitness(Raw) [93.07(92.16)/0.00(4.09)/76.10(76.10)]
Gen. 95 (31.67%): Max/Min/Avg Fitness(Raw) [94.18(92.16)/0.00(8.33)/75.82(75.82)]
Gen. 96 (32.00%): Max/Min/Avg Fitness(Raw) [93.39(92.16)/0.00(5.29)/75.79(75.79)]
Gen. 97 (32.33%): Max/Min/Avg Fitness(Raw) [94.35(92.16)/0.00(9.17)/76.18(76.18)]
Gen. 98 (32.67%): Max/Min/Avg Fitness(Raw) [93.95(92.16)/0.00(7.59)/76.07(76.07)]
Gen. 99 (33.00%): Max/Min/Avg Fitness(Raw) [94.33(92.16)/0.00(9.15)/76.28(76.28)]
Gen. 100 (33.33%): Max/Min/Avg Fitness(Raw) [94.20(92.16)/0.00(8.46)/75.92(75.92)]
Gen. 101 (33.67%): Max/Min/Avg Fitness(Raw) [93.62(92.16)/0.00(6.25)/75.89(75.89)]
Gen. 102 (34.00%): Max/Min/Avg Fitness(Raw) [94.66(92.37)/0.00(9.44)/76.19(76.19)]
Gen. 103 (34.33%): Max/Min/Avg Fitness(Raw) [93.91(92.37)/0.00(6.74)/76.50(76.50)]
Gen. 104 (34.67%): Max/Min/Avg Fitness(Raw) [93.36(92.37)/0.00(4.41)/76.24(76.24)]
Gen. 105 (35.00%): Max/Min/Avg Fitness(Raw) [94.11(92.37)/0.00(7.51)/76.46(76.46)]
Gen. 106 (35.33%): Max/Min/Avg Fitness(Raw) [94.59(92.37)/0.00(9.41)/76.56(76.56)]
Gen. 107 (35.67%): Max/Min/Avg Fitness(Raw) [94.58(92.37)/0.00(9.33)/76.46(76.46)]
Gen. 108 (36.00%): Max/Min/Avg Fitness(Raw) [94.89(92.37)/0.00(10.49)/76.55(76.55)]
Gen. 109 (36.33%): Max/Min/Avg Fitness(Raw) [94.42(92.37)/0.00(8.75)/76.49(76.49)]
Gen. 110 (36.67%): Max/Min/Avg Fitness(Raw) [94.73(92.37)/0.00(9.96)/76.60(76.60)]
Gen. 111 (37.00%): Max/Min/Avg Fitness(Raw) [94.26(92.37)/0.00(8.07)/76.43(76.43)]
Gen. 112 (37.33%): Max/Min/Avg Fitness(Raw) [94.45(92.37)/0.00(8.78)/76.41(76.41)]
Gen. 113 (37.67%): Max/Min/Avg Fitness(Raw) [94.10(92.37)/0.00(7.48)/76.46(76.46)]
Gen. 114 (38.00%): Max/Min/Avg Fitness(Raw) [94.38(92.37)/0.00(8.58)/76.46(76.46)]
Gen. 115 (38.33%): Max/Min/Avg Fitness(Raw) [94.10(92.37)/0.00(7.50)/76.49(76.49)]
Gen. 116 (38.67%): Max/Min/Avg Fitness(Raw) [93.47(92.37)/0.00(4.99)/76.65(76.65)]
Gen. 117 (39.00%): Max/Min/Avg Fitness(Raw) [93.84(92.37)/0.00(6.45)/76.42(76.42)]
Gen. 118 (39.33%): Max/Min/Avg Fitness(Raw) [94.06(92.37)/0.00(7.37)/76.52(76.52)]
Gen. 119 (39.67%): Max/Min/Avg Fitness(Raw) [95.28(92.37)/0.00(12.00)/76.72(76.72)]
Gen. 120 (40.00%): Max/Min/Avg Fitness(Raw) [94.45(92.37)/0.00(8.79)/76.43(76.43)]
Gen. 121 (40.33%): Max/Min/Avg Fitness(Raw) [94.65(92.37)/0.00(9.57)/76.48(76.48)]
Gen. 122 (40.67%): Max/Min/Avg Fitness(Raw) [94.32(92.37)/0.00(8.31)/76.44(76.44)]
Gen. 123 (41.00%): Max/Min/Avg Fitness(Raw) [94.35(92.37)/0.00(8.43)/76.45(76.45)]
Gen. 124 (41.33%): Max/Min/Avg Fitness(Raw) [94.56(92.37)/0.00(9.27)/76.52(76.52)]
Gen. 125 (41.67%): Max/Min/Avg Fitness(Raw) [93.73(92.37)/0.00(5.95)/76.37(76.37)]
Gen. 126 (42.00%): Max/Min/Avg Fitness(Raw) [93.55(92.38)/0.00(5.22)/76.45(76.45)]
Gen. 127 (42.33%): Max/Min/Avg Fitness(Raw) [93.64(92.38)/0.00(5.73)/76.80(76.80)]
Gen. 128 (42.67%): Max/Min/Avg Fitness(Raw) [94.48(92.38)/0.00(8.97)/76.54(76.54)]
Gen. 129 (43.00%): Max/Min/Avg Fitness(Raw) [94.52(92.38)/0.00(9.09)/76.49(76.49)]
Gen. 130 (43.33%): Max/Min/Avg Fitness(Raw) [94.61(92.38)/0.00(9.42)/76.49(76.49)]
Gen. 131 (43.67%): Max/Min/Avg Fitness(Raw) [94.46(92.38)/0.00(8.93)/76.65(76.65)]
Gen. 132 (44.00%): Max/Min/Avg Fitness(Raw) [94.08(92.38)/0.00(7.36)/76.46(76.46)]
Gen. 133 (44.33%): Max/Min/Avg Fitness(Raw) [94.36(92.38)/0.00(8.46)/76.46(76.46)]
Gen. 134 (44.67%): Max/Min/Avg Fitness(Raw) [94.28(92.38)/0.00(8.12)/76.45(76.45)]
Gen. 135 (45.00%): Max/Min/Avg Fitness(Raw) [94.98(92.38)/0.00(10.82)/76.60(76.60)]
Gen. 136 (45.33%): Max/Min/Avg Fitness(Raw) [94.39(92.38)/0.00(8.58)/76.46(76.46)]
Gen. 137 (45.67%): Max/Min/Avg Fitness(Raw) [93.63(92.38)/0.00(5.55)/76.46(76.46)]
Gen. 138 (46.00%): Max/Min/Avg Fitness(Raw) [94.55(92.38)/0.00(9.22)/76.52(76.52)]
Gen. 139 (46.33%): Max/Min/Avg Fitness(Raw) [94.76(92.38)/0.00(9.92)/76.45(76.45)]
Gen. 140 (46.67%): Max/Min/Avg Fitness(Raw) [93.57(92.38)/0.00(5.32)/76.45(76.45)]
Gen. 141 (47.00%): Max/Min/Avg Fitness(Raw) [94.32(92.38)/0.00(8.26)/76.42(76.42)]
Gen. 142 (47.33%): Max/Min/Avg Fitness(Raw) [94.49(92.38)/0.00(8.95)/76.48(76.48)]
Gen. 143 (47.67%): Max/Min/Avg Fitness(Raw) [94.33(92.38)/0.00(8.33)/76.45(76.45)]
Gen. 144 (48.00%): Max/Min/Avg Fitness(Raw) [94.10(92.38)/0.00(7.46)/76.48(76.48)]
Gen. 145 (48.33%): Max/Min/Avg Fitness(Raw) [94.61(92.38)/0.00(9.43)/76.52(76.52)]
Gen. 146 (48.67%): Max/Min/Avg Fitness(Raw) [94.30(92.38)/0.00(8.33)/76.66(76.66)]
Gen. 147 (49.00%): Max/Min/Avg Fitness(Raw) [94.22(92.38)/0.00(7.91)/76.48(76.48)]
Gen. 148 (49.33%): Max/Min/Avg Fitness(Raw) [92.81(92.57)/0.00(1.12)/76.45(76.45)]
Gen. 149 (49.67%): Max/Min/Avg Fitness(Raw) [94.30(92.57)/0.00(7.49)/76.64(76.64)]
Gen. 150 (50.00%): Max/Min/Avg Fitness(Raw) [93.52(92.57)/0.00(4.25)/76.51(76.51)]
Gen. 151 (50.33%): Max/Min/Avg Fitness(Raw) [92.96(92.57)/0.00(1.81)/76.45(76.45)]
Gen. 152 (50.67%): Max/Min/Avg Fitness(Raw) [94.62(92.57)/0.00(8.79)/76.72(76.72)]
Gen. 153 (51.00%): Max/Min/Avg Fitness(Raw) [94.52(92.57)/0.00(8.43)/76.80(76.80)]
Gen. 154 (51.33%): Max/Min/Avg Fitness(Raw) [94.94(92.57)/0.00(9.83)/76.49(76.49)]
Gen. 155 (51.67%): Max/Min/Avg Fitness(Raw) [95.00(92.57)/0.00(10.13)/76.66(76.66)]
Gen. 156 (52.00%): Max/Min/Avg Fitness(Raw) [94.01(92.58)/0.00(6.21)/76.49(76.49)]
Gen. 157 (52.33%): Max/Min/Avg Fitness(Raw) [92.89(92.64)/0.00(1.17)/77.09(77.09)]
Gen. 158 (52.67%): Max/Min/Avg Fitness(Raw) [94.72(92.64)/0.00(8.92)/76.83(76.83)]
Gen. 159 (53.00%): Max/Min/Avg Fitness(Raw) [94.40(92.64)/0.00(7.77)/76.98(76.98)]
Gen. 160 (53.33%): Max/Min/Avg Fitness(Raw) [94.39(92.64)/0.00(7.52)/76.64(76.64)]
Gen. 161 (53.67%): Max/Min/Avg Fitness(Raw) [94.54(92.68)/0.00(8.04)/76.75(76.75)]
Gen. 162 (54.00%): Max/Min/Avg Fitness(Raw) [94.12(92.89)/0.00(5.59)/77.12(77.12)]
Gen. 163 (54.33%): Max/Min/Avg Fitness(Raw) [93.39(92.89)/0.00(2.26)/76.56(76.56)]
Gen. 164 (54.67%): Max/Min/Avg Fitness(Raw) [95.06(92.99)/0.00(8.45)/76.38(76.38)]
Gen. 165 (55.00%): Max/Min/Avg Fitness(Raw) [93.24(92.99)/0.00(1.15)/76.67(76.67)]
Gen. 166 (55.33%): Max/Min/Avg Fitness(Raw) [94.06(93.09)/0.00(4.31)/76.81(76.81)]
Gen. 167 (55.67%): Max/Min/Avg Fitness(Raw) [93.48(93.26)/0.00(1.05)/77.38(77.38)]
Gen. 168 (56.00%): Max/Min/Avg Fitness(Raw) [95.60(93.26)/0.00(9.98)/77.41(77.41)]
Gen. 169 (56.33%): Max/Min/Avg Fitness(Raw) [94.26(93.59)/0.00(3.03)/77.25(77.25)]
Gen. 170 (56.67%): Max/Min/Avg Fitness(Raw) [96.17(93.59)/0.00(10.38)/77.06(77.06)]
Gen. 171 (57.00%): Max/Min/Avg Fitness(Raw) [93.85(93.61)/0.00(1.10)/76.92(76.92)]
Gen. 172 (57.33%): Max/Min/Avg Fitness(Raw) [95.43(93.61)/0.00(8.07)/77.82(77.82)]
Gen. 173 (57.67%): Max/Min/Avg Fitness(Raw) [95.93(93.61)/0.00(9.88)/77.65(77.65)]
Gen. 174 (58.00%): Max/Min/Avg Fitness(Raw) [95.51(93.61)/0.00(8.27)/77.61(77.61)]
Gen. 175 (58.33%): Max/Min/Avg Fitness(Raw) [94.75(93.61)/0.00(5.15)/77.48(77.48)]
Gen. 176 (58.67%): Max/Min/Avg Fitness(Raw) [95.33(93.61)/0.00(7.63)/77.75(77.75)]
Gen. 177 (59.00%): Max/Min/Avg Fitness(Raw) [95.67(93.61)/0.00(8.87)/77.64(77.64)]
Gen. 178 (59.33%): Max/Min/Avg Fitness(Raw) [93.88(93.61)/0.00(1.29)/77.58(77.58)]
Gen. 179 (59.67%): Max/Min/Avg Fitness(Raw) [95.07(93.61)/0.00(6.54)/77.72(77.72)]
Gen. 180 (60.00%): Max/Min/Avg Fitness(Raw) [95.74(93.61)/0.00(9.17)/77.64(77.64)]
Gen. 181 (60.33%): Max/Min/Avg Fitness(Raw) [96.42(93.61)/0.00(11.49)/77.48(77.48)]
Gen. 182 (60.67%): Max/Min/Avg Fitness(Raw) [95.01(93.61)/0.00(6.25)/77.64(77.64)]
Gen. 183 (61.00%): Max/Min/Avg Fitness(Raw) [95.89(93.61)/0.00(9.76)/77.74(77.74)]
Gen. 184 (61.33%): Max/Min/Avg Fitness(Raw) [95.90(93.61)/0.00(9.92)/77.91(77.91)]
Gen. 185 (61.67%): Max/Min/Avg Fitness(Raw) [95.30(93.61)/0.00(7.57)/77.87(77.87)]
Gen. 186 (62.00%): Max/Min/Avg Fitness(Raw) [95.74(93.61)/0.00(9.15)/77.67(77.67)]
Gen. 187 (62.33%): Max/Min/Avg Fitness(Raw) [95.47(93.61)/0.00(8.12)/77.67(77.67)]
Gen. 188 (62.67%): Max/Min/Avg Fitness(Raw) [95.70(93.61)/0.00(9.13)/77.87(77.87)]
Gen. 189 (63.00%): Max/Min/Avg Fitness(Raw) [95.75(93.61)/0.00(9.32)/77.86(77.86)]
Gen. 190 (63.33%): Max/Min/Avg Fitness(Raw) [95.45(93.61)/0.00(8.20)/77.97(77.97)]
Gen. 191 (63.67%): Max/Min/Avg Fitness(Raw) [95.84(93.61)/0.00(9.55)/77.70(77.70)]
Gen. 192 (64.00%): Max/Min/Avg Fitness(Raw) [95.00(93.61)/0.00(6.26)/77.76(77.76)]
Gen. 193 (64.33%): Max/Min/Avg Fitness(Raw) [94.50(94.20)/0.00(1.37)/77.61(77.61)]
Gen. 194 (64.67%): Max/Min/Avg Fitness(Raw) [95.92(94.20)/0.00(7.31)/77.66(77.66)]
Gen. 195 (65.00%): Max/Min/Avg Fitness(Raw) [94.45(94.20)/0.00(1.18)/77.75(77.75)]
Gen. 196 (65.33%): Max/Min/Avg Fitness(Raw) [95.75(94.20)/0.00(6.72)/77.77(77.77)]
Gen. 197 (65.67%): Max/Min/Avg Fitness(Raw) [95.71(94.20)/0.00(6.57)/77.84(77.84)]
Gen. 198 (66.00%): Max/Min/Avg Fitness(Raw) [95.76(94.28)/0.00(6.41)/77.80(77.80)]
Gen. 199 (66.33%): Max/Min/Avg Fitness(Raw) [95.40(94.28)/0.00(4.77)/77.36(77.36)]
Gen. 200 (66.67%): Max/Min/Avg Fitness(Raw) [95.97(94.28)/0.00(7.10)/77.55(77.55)]
Gen. 201 (67.00%): Max/Min/Avg Fitness(Raw) [96.67(94.28)/0.00(9.60)/77.43(77.43)]
Gen. 202 (67.33%): Max/Min/Avg Fitness(Raw) [94.90(94.28)/0.00(2.76)/77.49(77.49)]
Gen. 203 (67.67%): Max/Min/Avg Fitness(Raw) [96.72(94.28)/0.00(9.74)/77.37(77.37)]
Gen. 204 (68.00%): Max/Min/Avg Fitness(Raw) [96.38(94.28)/0.00(8.45)/77.25(77.25)]
Gen. 205 (68.33%): Max/Min/Avg Fitness(Raw) [95.88(94.28)/0.00(6.66)/77.32(77.32)]
Gen. 206 (68.67%): Max/Min/Avg Fitness(Raw) [95.48(94.28)/0.00(5.14)/77.46(77.46)]
Gen. 207 (69.00%): Max/Min/Avg Fitness(Raw) [96.25(94.28)/0.00(8.01)/77.25(77.25)]
Gen. 208 (69.33%): Max/Min/Avg Fitness(Raw) [96.65(94.28)/0.00(9.49)/77.34(77.34)]
Gen. 209 (69.67%): Max/Min/Avg Fitness(Raw) [96.17(94.28)/0.00(7.79)/77.41(77.41)]
Gen. 210 (70.00%): Max/Min/Avg Fitness(Raw) [96.08(94.28)/0.00(7.48)/77.50(77.50)]
Gen. 211 (70.33%): Max/Min/Avg Fitness(Raw) [96.49(94.28)/0.00(9.10)/77.64(77.64)]
Gen. 212 (70.67%): Max/Min/Avg Fitness(Raw) [95.70(94.28)/0.00(5.95)/77.31(77.31)]
Gen. 213 (71.00%): Max/Min/Avg Fitness(Raw) [96.11(94.28)/0.00(7.63)/77.52(77.52)]
Gen. 214 (71.33%): Max/Min/Avg Fitness(Raw) [95.48(94.28)/0.00(5.14)/77.41(77.41)]
Gen. 215 (71.67%): Max/Min/Avg Fitness(Raw) [96.69(94.28)/0.00(9.70)/77.45(77.45)]
Gen. 216 (72.00%): Max/Min/Avg Fitness(Raw) [96.10(94.28)/0.00(7.60)/77.54(77.54)]
Gen. 217 (72.33%): Max/Min/Avg Fitness(Raw) [95.53(94.28)/0.00(5.34)/77.42(77.42)]
Gen. 218 (72.67%): Max/Min/Avg Fitness(Raw) [96.10(94.28)/0.00(7.50)/77.36(77.36)]
Gen. 219 (73.00%): Max/Min/Avg Fitness(Raw) [95.78(94.28)/0.00(6.34)/77.54(77.54)]
Gen. 220 (73.33%): Max/Min/Avg Fitness(Raw) [96.26(94.28)/0.00(8.11)/77.37(77.37)]
Gen. 221 (73.67%): Max/Min/Avg Fitness(Raw) [95.42(94.28)/0.00(4.88)/77.38(77.38)]
Gen. 222 (74.00%):