Creating network.
The layer structure is following:
[70, 20, 1]
Setting newtork parameters
Getting training data : ALL_S6_959126400_hveto_channels_signif_dt_set_3_training.pat
Setting GA training parameters
Start running GA
Gen. 0 (0.00%): Max/Min/Avg Fitness(Raw) [25.27(61.93)/19.00(1.02)/21.06(21.06)]
Gen. 1 (0.50%): Max/Min/Avg Fitness(Raw) [59.22(71.54)/27.86(1.02)/49.35(49.35)]
Gen. 2 (1.00%): Max/Min/Avg Fitness(Raw) [74.59(74.29)/0.00(1.02)/57.66(57.66)]
Gen. 3 (1.50%): Max/Min/Avg Fitness(Raw) [77.05(76.72)/0.00(1.02)/58.17(58.17)]
Gen. 4 (2.00%): Max/Min/Avg Fitness(Raw) [79.59(79.25)/0.00(1.02)/59.99(59.99)]
Gen. 5 (2.50%): Max/Min/Avg Fitness(Raw) [81.65(81.34)/0.00(1.02)/62.47(62.47)]
Gen. 6 (3.00%): Max/Min/Avg Fitness(Raw) [82.81(82.46)/0.00(1.02)/61.81(61.81)]
Gen. 7 (3.50%): Max/Min/Avg Fitness(Raw) [83.58(83.25)/0.00(1.02)/62.84(62.84)]
Gen. 8 (4.00%): Max/Min/Avg Fitness(Raw) [84.17(83.84)/0.00(1.02)/63.86(63.86)]
Gen. 9 (4.50%): Max/Min/Avg Fitness(Raw) [85.04(84.70)/0.00(1.02)/63.74(63.74)]
Gen. 10 (5.00%): Max/Min/Avg Fitness(Raw) [85.66(85.32)/0.00(1.02)/64.22(64.22)]
Gen. 11 (5.50%): Max/Min/Avg Fitness(Raw) [86.31(85.98)/0.00(1.02)/65.16(65.16)]
Gen. 12 (6.00%): Max/Min/Avg Fitness(Raw) [86.97(86.63)/0.00(1.02)/65.48(65.48)]
Gen. 13 (6.50%): Max/Min/Avg Fitness(Raw) [87.96(87.63)/0.00(1.02)/66.37(66.37)]
Gen. 14 (7.00%): Max/Min/Avg Fitness(Raw) [89.02(88.68)/0.00(1.02)/66.69(66.69)]
Gen. 15 (7.50%): Max/Min/Avg Fitness(Raw) [89.76(89.42)/0.00(1.02)/67.34(67.34)]
Gen. 16 (8.00%): Max/Min/Avg Fitness(Raw) [90.19(89.85)/0.00(1.02)/67.69(67.69)]
Gen. 17 (8.50%): Max/Min/Avg Fitness(Raw) [90.61(90.27)/0.00(1.02)/68.37(68.37)]
Gen. 18 (9.00%): Max/Min/Avg Fitness(Raw) [91.56(91.23)/0.00(1.02)/69.18(69.18)]
Gen. 19 (9.50%): Max/Min/Avg Fitness(Raw) [91.95(91.63)/0.00(1.02)/69.99(69.99)]
Gen. 20 (10.00%): Max/Min/Avg Fitness(Raw) [92.19(91.87)/0.00(1.02)/69.94(69.94)]
Gen. 21 (10.50%): Max/Min/Avg Fitness(Raw) [92.84(92.49)/0.00(1.02)/69.33(69.33)]
Gen. 22 (11.00%): Max/Min/Avg Fitness(Raw) [93.16(92.82)/0.00(1.02)/70.33(70.33)]
Gen. 23 (11.50%): Max/Min/Avg Fitness(Raw) [93.92(93.58)/0.00(1.02)/70.34(70.34)]
Gen. 24 (12.00%): Max/Min/Avg Fitness(Raw) [94.35(94.02)/0.00(1.02)/71.13(71.13)]
Gen. 25 (12.50%): Max/Min/Avg Fitness(Raw) [94.86(94.52)/0.00(1.02)/71.43(71.43)]
Gen. 26 (13.00%): Max/Min/Avg Fitness(Raw) [95.28(94.94)/0.00(1.02)/71.40(71.40)]
Gen. 27 (13.50%): Max/Min/Avg Fitness(Raw) [95.57(95.25)/0.00(1.02)/72.43(72.43)]
Gen. 28 (14.00%): Max/Min/Avg Fitness(Raw) [95.95(95.62)/0.00(1.02)/72.32(72.32)]
Gen. 29 (14.50%): Max/Min/Avg Fitness(Raw) [96.74(96.40)/0.00(1.02)/72.48(72.48)]
Gen. 30 (15.00%): Max/Min/Avg Fitness(Raw) [96.84(96.52)/0.00(1.02)/73.72(73.72)]
Gen. 31 (15.50%): Max/Min/Avg Fitness(Raw) [97.23(96.90)/0.00(1.02)/73.93(73.93)]
Gen. 32 (16.00%): Max/Min/Avg Fitness(Raw) [98.12(97.78)/0.00(1.02)/73.57(73.57)]
Gen. 33 (16.50%): Max/Min/Avg Fitness(Raw) [98.64(98.31)/0.00(1.02)/74.73(74.73)]
Gen. 34 (17.00%): Max/Min/Avg Fitness(Raw) [99.34(99.02)/0.00(1.02)/75.71(75.71)]
Gen. 35 (17.50%): Max/Min/Avg Fitness(Raw) [100.02(99.69)/0.00(1.02)/75.92(75.92)]
Gen. 36 (18.00%): Max/Min/Avg Fitness(Raw) [101.02(100.68)/0.00(1.02)/76.12(76.12)]
Gen. 37 (18.50%): Max/Min/Avg Fitness(Raw) [101.73(101.39)/0.00(1.02)/76.36(76.36)]
Gen. 38 (19.00%): Max/Min/Avg Fitness(Raw) [102.94(102.59)/0.00(1.02)/76.61(76.61)]
Gen. 39 (19.50%): Max/Min/Avg Fitness(Raw) [103.60(103.24)/0.00(1.02)/76.53(76.53)]
Gen. 40 (20.00%): Max/Min/Avg Fitness(Raw) [103.99(103.65)/0.00(1.02)/78.55(78.55)]
Gen. 41 (20.50%): Max/Min/Avg Fitness(Raw) [104.69(104.34)/0.00(1.02)/78.17(78.17)]
Gen. 42 (21.00%): Max/Min/Avg Fitness(Raw) [105.15(104.80)/0.00(1.02)/78.69(78.69)]
Gen. 43 (21.50%): Max/Min/Avg Fitness(Raw) [105.79(105.45)/0.00(1.02)/79.37(79.37)]
Gen. 44 (22.00%): Max/Min/Avg Fitness(Raw) [106.14(105.78)/0.00(1.02)/78.73(78.73)]
Gen. 45 (22.50%): Max/Min/Avg Fitness(Raw) [106.53(106.18)/0.00(1.02)/79.03(79.03)]
Gen. 46 (23.00%): Max/Min/Avg Fitness(Raw) [107.25(106.88)/0.00(1.02)/78.77(78.77)]
Gen. 47 (23.50%): Max/Min/Avg Fitness(Raw) [107.87(107.51)/0.00(1.02)/79.59(79.59)]
Gen. 48 (24.00%): Max/Min/Avg Fitness(Raw) [108.73(108.38)/0.00(1.02)/80.51(80.51)]
Gen. 49 (24.50%): Max/Min/Avg Fitness(Raw) [109.33(108.97)/0.00(1.02)/80.94(80.94)]
Gen. 50 (25.00%): Max/Min/Avg Fitness(Raw) [109.60(109.24)/0.00(1.02)/81.35(81.35)]
Gen. 51 (25.50%): Max/Min/Avg Fitness(Raw) [109.85(109.49)/0.00(1.02)/81.34(81.34)]
Gen. 52 (26.00%): Max/Min/Avg Fitness(Raw) [110.34(110.00)/0.00(1.02)/82.87(82.87)]
Gen. 53 (26.50%): Max/Min/Avg Fitness(Raw) [110.47(110.12)/0.00(1.02)/82.40(82.40)]
Gen. 54 (27.00%): Max/Min/Avg Fitness(Raw) [110.98(110.61)/0.00(1.02)/81.70(81.70)]
Gen. 55 (27.50%): Max/Min/Avg Fitness(Raw) [111.26(110.90)/0.00(1.02)/82.59(82.59)]
Gen. 56 (28.00%): Max/Min/Avg Fitness(Raw) [111.63(111.29)/0.00(1.02)/83.66(83.66)]
Gen. 57 (28.50%): Max/Min/Avg Fitness(Raw) [111.83(111.45)/0.00(1.02)/81.92(81.92)]
Gen. 58 (29.00%): Max/Min/Avg Fitness(Raw) [112.10(111.73)/0.00(1.02)/82.25(82.25)]
Gen. 59 (29.50%): Max/Min/Avg Fitness(Raw) [112.62(112.26)/0.00(1.02)/82.91(82.91)]
Gen. 60 (30.00%): Max/Min/Avg Fitness(Raw) [113.32(112.94)/0.00(1.02)/82.71(82.71)]
Gen. 61 (30.50%): Max/Min/Avg Fitness(Raw) [113.64(113.25)/0.00(1.02)/82.41(82.41)]
Gen. 62 (31.00%): Max/Min/Avg Fitness(Raw) [113.88(113.52)/0.00(1.02)/84.15(84.15)]
Gen. 63 (31.50%): Max/Min/Avg Fitness(Raw) [114.07(113.69)/0.00(1.02)/83.35(83.35)]
Gen. 64 (32.00%): Max/Min/Avg Fitness(Raw) [114.23(113.86)/0.00(1.02)/83.66(83.66)]
Gen. 65 (32.50%): Max/Min/Avg Fitness(Raw) [114.62(114.25)/0.00(1.02)/83.88(83.88)]
Gen. 66 (33.00%): Max/Min/Avg Fitness(Raw) [114.96(114.58)/0.00(1.02)/83.77(83.77)]
Gen. 67 (33.50%): Max/Min/Avg Fitness(Raw) [115.25(114.87)/0.00(1.02)/84.56(84.56)]
Gen. 68 (34.00%): Max/Min/Avg Fitness(Raw) [115.50(115.12)/0.00(1.02)/84.02(84.02)]
Gen. 69 (34.50%): Max/Min/Avg Fitness(Raw) [115.77(115.39)/0.00(1.02)/84.18(84.18)]
Gen. 70 (35.00%): Max/Min/Avg Fitness(Raw) [116.23(115.84)/0.00(1.02)/83.89(83.89)]
Gen. 71 (35.50%): Max/Min/Avg Fitness(Raw) [116.41(116.03)/0.00(1.02)/84.90(84.90)]
Gen. 72 (36.00%): Max/Min/Avg Fitness(Raw) [116.69(116.29)/0.00(1.02)/84.01(84.01)]
Gen. 73 (36.50%): Max/Min/Avg Fitness(Raw) [116.77(116.39)/0.00(1.02)/84.90(84.90)]
Gen. 74 (37.00%): Max/Min/Avg Fitness(Raw) [116.85(116.48)/0.00(1.02)/85.80(85.80)]
Gen. 75 (37.50%): Max/Min/Avg Fitness(Raw) [116.97(116.57)/0.00(1.02)/84.54(84.54)]
Gen. 76 (38.00%): Max/Min/Avg Fitness(Raw) [117.08(116.71)/0.00(1.02)/85.78(85.78)]
Gen. 77 (38.50%): Max/Min/Avg Fitness(Raw) [117.19(116.80)/0.00(1.02)/85.05(85.05)]
Gen. 78 (39.00%): Max/Min/Avg Fitness(Raw) [117.41(117.03)/0.00(1.02)/85.46(85.46)]
Gen. 79 (39.50%): Max/Min/Avg Fitness(Raw) [117.47(117.09)/0.00(1.02)/85.82(85.82)]
Gen. 80 (40.00%): Max/Min/Avg Fitness(Raw) [117.52(117.13)/0.00(1.02)/85.15(85.15)]
Gen. 81 (40.50%): Max/Min/Avg Fitness(Raw) [117.75(117.36)/0.00(1.02)/85.35(85.35)]
Gen. 82 (41.00%): Max/Min/Avg Fitness(Raw) [118.03(117.64)/0.00(1.02)/85.35(85.35)]
Gen. 83 (41.50%): Max/Min/Avg Fitness(Raw) [118.20(117.82)/0.00(1.02)/85.67(85.67)]
Gen. 84 (42.00%): Max/Min/Avg Fitness(Raw) [118.71(118.32)/0.00(1.02)/86.20(86.20)]
Gen. 85 (42.50%): Max/Min/Avg Fitness(Raw) [119.03(118.64)/0.00(1.02)/86.29(86.29)]
Gen. 86 (43.00%): Max/Min/Avg Fitness(Raw) [119.14(118.75)/0.00(1.02)/85.96(85.96)]
Gen. 87 (43.50%): Max/Min/Avg Fitness(Raw) [119.62(119.22)/0.00(1.02)/86.22(86.22)]
Gen. 88 (44.00%): Max/Min/Avg Fitness(Raw) [119.78(119.38)/0.00(1.02)/86.03(86.03)]
Gen. 89 (44.50%): Max/Min/Avg Fitness(Raw) [119.81(119.43)/0.00(1.02)/87.19(87.19)]
Gen. 90 (45.00%): Max/Min/Avg Fitness(Raw) [119.90(119.51)/0.00(1.02)/86.51(86.51)]
Gen. 91 (45.50%): Max/Min/Avg Fitness(Raw) [119.96(119.57)/0.00(1.02)/86.55(86.55)]
Gen. 92 (46.00%): Max/Min/Avg Fitness(Raw) [119.97(119.57)/0.00(1.02)/86.74(86.74)]
Gen. 93 (46.50%): Max/Min/Avg Fitness(Raw) [120.15(119.76)/0.00(1.02)/87.31(87.31)]
Gen. 94 (47.00%): Max/Min/Avg Fitness(Raw) [120.33(119.94)/0.00(1.02)/86.99(86.99)]
Gen. 95 (47.50%): Max/Min/Avg Fitness(Raw) [120.46(120.08)/0.00(1.02)/87.75(87.75)]
Gen. 96 (48.00%): Max/Min/Avg Fitness(Raw) [120.96(120.57)/0.00(1.02)/87.85(87.85)]
Gen. 97 (48.50%): Max/Min/Avg Fitness(Raw) [121.09(120.69)/0.00(1.02)/87.09(87.09)]
Gen. 98 (49.00%): Max/Min/Avg Fitness(Raw) [121.14(120.75)/0.00(1.02)/88.03(88.03)]
Gen. 99 (49.50%): Max/Min/Avg Fitness(Raw) [121.20(120.82)/0.00(1.02)/88.15(88.15)]
Gen. 100 (50.00%): Max/Min/Avg Fitness(Raw) [121.34(120.95)/0.00(1.02)/87.49(87.49)]
Gen. 101 (50.50%): Max/Min/Avg Fitness(Raw) [121.42(121.04)/0.00(1.02)/88.51(88.51)]
Gen. 102 (51.00%): Max/Min/Avg Fitness(Raw) [121.74(121.36)/0.00(1.02)/88.65(88.65)]
Gen. 103 (51.50%): Max/Min/Avg Fitness(Raw) [121.87(121.48)/0.00(1.02)/88.37(88.37)]
Gen. 104 (52.00%): Max/Min/Avg Fitness(Raw) [122.15(121.77)/0.00(1.02)/88.80(88.80)]
Gen. 105 (52.50%): Max/Min/Avg Fitness(Raw) [122.56(122.18)/0.00(1.02)/89.33(89.33)]
Gen. 106 (53.00%): Max/Min/Avg Fitness(Raw) [122.98(122.61)/0.00(1.02)/90.34(90.34)]
Gen. 107 (53.50%): Max/Min/Avg Fitness(Raw) [123.96(123.56)/0.00(1.02)/89.23(89.23)]
Gen. 108 (54.00%): Max/Min/Avg Fitness(Raw) [124.59(124.19)/0.00(1.02)/89.81(89.81)]
Gen. 109 (54.50%): Max/Min/Avg Fitness(Raw) [124.68(124.27)/0.00(1.02)/88.91(88.91)]
Gen. 110 (55.00%): Max/Min/Avg Fitness(Raw) [124.73(124.34)/0.00(1.02)/89.97(89.97)]
Gen. 111 (55.50%): Max/Min/Avg Fitness(Raw) [124.86(124.47)/0.00(1.02)/90.30(90.30)]
Gen. 112 (56.00%): Max/Min/Avg Fitness(Raw) [125.00(124.58)/0.00(1.02)/88.88(88.88)]
Gen. 113 (56.50%): Max/Min/Avg Fitness(Raw) [125.34(124.95)/0.00(1.02)/90.95(90.95)]
Gen. 114 (57.00%): Max/Min/Avg Fitness(Raw) [125.50(125.10)/0.00(1.02)/89.85(89.85)]
Gen. 115 (57.50%): Max/Min/Avg Fitness(Raw) [125.49(125.10)/0.00(1.02)/90.52(90.52)]
Gen. 116 (58.00%): Max/Min/Avg Fitness(Raw) [125.63(125.22)/0.00(1.02)/89.74(89.74)]
Gen. 117 (58.50%): Max/Min/Avg Fitness(Raw) [125.73(125.34)/0.00(1.02)/90.55(90.55)]
Gen. 118 (59.00%): Max/Min/Avg Fitness(Raw) [125.72(125.34)/0.00(1.02)/91.36(91.36)]
Gen. 119 (59.50%): Max/Min/Avg Fitness(Raw) [125.75(125.36)/0.00(1.02)/91.11(91.11)]
Gen. 120 (60.00%): Max/Min/Avg Fitness(Raw) [125.82(125.41)/0.00(1.02)/90.00(90.00)]
Gen. 121 (60.50%): Max/Min/Avg Fitness(Raw) [125.84(125.45)/0.00(1.02)/90.89(90.89)]
Gen. 122 (61.00%): Max/Min/Avg Fitness(Raw) [125.96(125.58)/0.00(1.02)/91.95(91.95)]
Gen. 123 (61.50%): Max/Min/Avg Fitness(Raw) [126.04(125.64)/0.00(1.02)/90.78(90.78)]
Gen. 124 (62.00%): Max/Min/Avg Fitness(Raw) [126.03(125.64)/0.00(1.02)/91.18(91.18)]
Gen. 125 (62.50%): Max/Min/Avg Fitness(Raw) [126.06(125.65)/0.00(1.02)/90.53(90.53)]
Gen. 126 (63.00%): Max/Min/Avg Fitness(Raw) [126.07(125.66)/0.00(1.02)/89.95(89.95)]
Gen. 127 (63.50%): Max/Min/Avg Fitness(Raw) [126.07(125.66)/0.00(1.02)/90.33(90.33)]
Gen. 128 (64.00%): Max/Min/Avg Fitness(Raw) [126.19(125.81)/0.00(1.02)/91.66(91.66)]
Gen. 129 (64.50%): Max/Min/Avg Fitness(Raw) [126.22(125.81)/0.00(1.02)/90.17(90.17)]
Gen. 130 (65.00%): Max/Min/Avg Fitness(Raw) [126.28(125.88)/0.00(1.02)/90.83(90.83)]
Gen. 131 (65.50%): Max/Min/Avg Fitness(Raw) [126.50(126.11)/0.00(1.02)/91.93(91.93)]
Gen. 132 (66.00%): Max/Min/Avg Fitness(Raw) [126.61(126.21)/0.00(1.02)/90.93(90.93)]
Gen. 133 (66.50%): Max/Min/Avg Fitness(Raw) [126.70(126.29)/0.00(1.02)/90.36(90.36)]
Gen. 134 (67.00%): Max/Min/Avg Fitness(Raw) [126.73(126.35)/0.00(1.02)/92.07(92.07)]
Gen. 135 (67.50%): Max/Min/Avg Fitness(Raw) [126.82(126.43)/0.00(1.02)/92.06(92.06)]
Gen. 136 (68.00%): Max/Min/Avg Fitness(Raw) [126.82(126.43)/0.00(1.02)/91.81(91.81)]
Gen. 137 (68.50%): Max/Min/Avg Fitness(Raw) [126.92(126.52)/0.00(1.02)/91.08(91.08)]
Gen. 138 (69.00%): Max/Min/Avg Fitness(Raw) [126.90(126.52)/0.00(1.02)/92.97(92.97)]
Gen. 139 (69.50%): Max/Min/Avg Fitness(Raw) [126.98(126.60)/0.00(1.02)/92.18(92.18)]
Gen. 140 (70.00%): Max/Min/Avg Fitness(Raw) [127.01(126.62)/0.00(1.02)/91.58(91.58)]
Gen. 141 (70.50%): Max/Min/Avg Fitness(Raw) [127.09(126.69)/0.00(1.02)/91.49(91.49)]
Gen. 142 (71.00%): Max/Min/Avg Fitness(Raw) [127.23(126.83)/0.00(1.02)/91.41(91.41)]
Gen. 143 (71.50%): Max/Min/Avg Fitness(Raw) [127.35(126.95)/0.00(1.02)/91.29(91.29)]
Gen. 144 (72.00%): Max/Min/Avg Fitness(Raw) [127.47(127.07)/0.00(1.02)/92.23(92.23)]
Gen. 145 (72.50%): Max/Min/Avg Fitness(Raw) [127.58(127.20)/0.00(1.02)/92.77(92.77)]
Gen. 146 (73.00%): Max/Min/Avg Fitness(Raw) [127.64(127.23)/0.00(1.02)/90.94(90.94)]
Gen. 147 (73.50%): Max/Min/Avg Fitness(Raw) [107.84(127.43)/47.36(1.02)/89.87(89.87)]
Gen. 148 (74.00%): Max/Min/Avg Fitness(Raw) [127.84(127.43)/0.00(1.02)/91.31(91.31)]
Gen. 149 (74.50%): Max/Min/Avg Fitness(Raw) [127.84(127.43)/0.00(1.02)/91.39(91.39)]
Gen. 150 (75.00%): Max/Min/Avg Fitness(Raw) [127.97(127.57)/0.00(1.02)/91.74(91.74)]
Gen. 151 (75.50%): Max/Min/Avg Fitness(Raw) [128.06(127.65)/0.00(1.02)/91.65(91.65)]
Gen. 152 (76.00%): Max/Min/Avg Fitness(Raw) [128.07(127.65)/0.00(1.02)/90.99(90.99)]
Gen. 153 (76.50%): Max/Min/Avg Fitness(Raw) [128.05(127.65)/0.00(1.02)/92.02(92.02)]
Gen. 154 (77.00%): Max/Min/Avg Fitness(Raw) [128.06(127.65)/0.00(1.02)/91.68(91.68)]
Gen. 155 (77.50%): Max/Min/Avg Fitness(Raw) [128.06(127.66)/0.00(1.02)/91.85(91.85)]
Gen. 156 (78.00%): Max/Min/Avg Fitness(Raw) [128.06(127.66)/0.00(1.02)/91.76(91.76)]
Gen. 157 (78.50%): Max/Min/Avg Fitness(Raw) [128.07(127.66)/0.00(1.02)/91.14(91.14)]
Gen. 158 (79.00%): Max/Min/Avg Fitness(Raw) [128.09(127.66)/0.00(1.02)/90.42(90.42)]
Gen. 159 (79.50%): Max/Min/Avg Fitness(Raw) [128.06(127.66)/0.00(1.02)/92.15(92.15)]
Gen. 160 (80.00%): Max/Min/Avg Fitness(Raw) [128.05(127.66)/0.00(1.02)/92.76(92.76)]
Gen. 161 (80.50%): Max/Min/Avg Fitness(Raw) [128.08(127.66)/0.00(1.02)/90.78(90.78)]
Gen. 162 (81.00%): Max/Min/Avg Fitness(Raw) [128.07(127.66)/0.00(1.02)/91.20(91.20)]
Gen. 163 (81.50%): Max/Min/Avg Fitness(Raw) [128.06(127.66)/0.00(1.02)/92.37(92.37)]
Gen. 164 (82.00%): Max/Min/Avg Fitness(Raw) [128.05(127.66)/0.00(1.02)/92.60(92.60)]
Gen. 165 (82.50%): Max/Min/Avg Fitness(Raw) [128.08(127.66)/0.00(1.02)/90.90(90.90)]
Gen. 166 (83.00%): Max/Min/Avg Fitness(Raw) [128.06(127.66)/0.00(1.02)/91.91(91.91)]
Gen. 167 (83.50%): Max/Min/Avg Fitness(Raw) [128.07(127.66)/0.00(1.02)/91.33(91.33)]
Gen. 168 (84.00%): Max/Min/Avg Fitness(Raw) [128.08(127.66)/0.00(1.02)/90.95(90.95)]
Gen. 169 (84.50%): Max/Min/Avg Fitness(Raw) [128.07(127.66)/0.00(1.02)/91.48(91.48)]
Gen. 170 (85.00%): Max/Min/Avg Fitness(Raw) [128.08(127.66)/0.00(1.02)/90.78(90.78)]
Gen. 171 (85.50%): Max/Min/Avg Fitness(Raw) [128.08(127.66)/0.00(1.02)/91.10(91.10)]
Gen. 172 (86.00%): Max/Min/Avg Fitness(Raw) [128.08(127.67)/0.00(1.02)/91.53(91.53)]
Gen. 173 (86.50%): Max/Min/Avg Fitness(Raw) [128.10(127.67)/0.00(1.02)/90.48(90.48)]
Gen. 174 (87.00%): Max/Min/Avg Fitness(Raw) [128.07(127.68)/0.00(1.02)/92.57(92.57)]
Gen. 175 (87.50%): Max/Min/Avg Fitness(Raw) [128.30(127.89)/0.00(1.02)/91.93(91.93)]
Gen. 176 (88.00%): Max/Min/Avg Fitness(Raw) [128.36(127.95)/0.00(1.02)/91.88(91.88)]
Gen. 177 (88.50%): Max/Min/Avg Fitness(Raw) [128.37(127.95)/0.00(1.02)/91.43(91.43)]
Gen. 178 (89.00%): Max/Min/Avg Fitness(Raw) [128.37(127.97)/0.00(1.02)/92.47(92.47)]
Gen. 179 (89.50%): Max/Min/Avg Fitness(Raw) [128.51(128.10)/0.00(1.02)/91.85(91.85)]
Gen. 180 (90.00%): Max/Min/Avg Fitness(Raw) [128.52(128.10)/0.00(1.02)/91.33(91.33)]
Gen. 181 (90.50%): Max/Min/Avg Fitness(Raw) [128.72(128.32)/0.00(1.02)/92.87(92.87)]
Gen. 182 (91.00%): Max/Min/Avg Fitness(Raw) [128.78(128.39)/0.00(1.02)/93.26(93.26)]
Gen. 183 (91.50%): Max/Min/Avg Fitness(Raw) [128.79(128.39)/0.00(1.02)/92.03(92.03)]
Gen. 184 (92.00%): Max/Min/Avg Fitness(Raw) [128.79(128.39)/0.00(1.02)/92.11(92.11)]
Gen. 185 (92.50%): Max/Min/Avg Fitness(Raw) [128.80(128.39)/0.00(1.02)/91.94(91.94)]
Gen. 186 (93.00%): Max/Min/Avg Fitness(Raw) [128.93(128.52)/0.00(1.02)/92.30(92.30)]
Gen. 187 (93.50%): Max/Min/Avg Fitness(Raw) [128.93(128.52)/0.00(1.02)/92.47(92.47)]
Gen. 188 (94.00%): Max/Min/Avg Fitness(Raw) [128.91(128.52)/0.00(1.02)/93.42(93.42)]
Gen. 189 (94.50%): Max/Min/Avg Fitness(Raw) [128.93(128.52)/0.00(1.02)/91.95(91.95)]
Gen. 190 (95.00%): Max/Min/Avg Fitness(Raw) [128.92(128.52)/0.00(1.02)/92.87(92.87)]
Gen. 191 (95.50%): Max/Min/Avg Fitness(Raw) [128.93(128.52)/0.00(1.02)/92.52(92.52)]
Gen. 192 (96.00%): Max/Min/Avg Fitness(Raw) [128.93(128.53)/0.00(1.02)/92.62(92.62)]
Gen. 193 (96.50%): Max/Min/Avg Fitness(Raw) [129.07(128.65)/0.00(1.02)/91.66(91.66)]
Gen. 194 (97.00%): Max/Min/Avg Fitness(Raw) [129.09(128.68)/0.00(1.02)/92.51(92.51)]
Gen. 195 (97.50%): Max/Min/Avg Fitness(Raw) [129.24(128.85)/0.00(1.02)/93.13(93.13)]
Gen. 196 (98.00%): Max/Min/Avg Fitness(Raw) [129.25(128.85)/0.00(1.02)/92.55(92.55)]
Gen. 197 (98.50%): Max/Min/Avg Fitness(Raw) [129.33(128.92)/0.00(1.02)/92.23(92.23)]
Gen. 198 (99.00%): Max/Min/Avg Fitness(Raw) [129.32(128.92)/0.00(1.02)/92.98(92.98)]
Gen. 199 (99.50%): Max/Min/Avg Fitness(Raw) [129.33(128.92)/0.00(1.02)/92.46(92.46)]
Gen. 200 (100.00%): Max/Min/Avg Fitness(Raw) [129.34(128.94)/0.00(1.02)/92.75(92.75)]
Total time elapsed: 80746.320 seconds.
GA MSE : 0.008355
Best initial connection wetighs are set on Network
Setting FANN training parameters
Input layer                          :  70 neurons, 1 bias
  Hidden layer                       :  20 neurons, 1 bias
Output layer                         :   1 neurons
Total neurons and biases             :  93
Total connections                    :1441
Connection rate                      :   1.000
Network type                         :   FANN_NETTYPE_LAYER
Training algorithm                   :   FANN_TRAIN_RPROP
Training error function              :   FANN_ERRORFUNC_TANH
Training stop function               :   FANN_STOPFUNC_MSE
Bit fail limit                       :   0.350
Learning rate                        :   0.700
Learning momentum                    :   0.000
Quickprop decay                      :  -0.000100
Quickprop mu                         :   1.750
RPROP increase factor                :   1.001
RPROP decrease factor                :   0.333
RPROP delta min                      :   0.000
RPROP delta max                      :  50.000
Cascade output change fraction       :   0.010000
Cascade candidate change fraction    :   0.010000
Cascade output stagnation epochs     :  12
Cascade candidate stagnation epochs  :  12
Cascade max output epochs            : 150
Cascade max candidate epochs         : 150
Cascade weight multiplier            :   0.400
Cascade candidate limit              :1000.000
Cascade activation functions[0]      :   FANN_SIGMOID
Cascade activation functions[1]      :   FANN_SIGMOID_SYMMETRIC
Cascade activation functions[2]      :   FANN_GAUSSIAN
Cascade activation functions[3]      :   FANN_GAUSSIAN_SYMMETRIC
Cascade activation functions[4]      :   FANN_ELLIOT
Cascade activation functions[5]      :   FANN_ELLIOT_SYMMETRIC
Cascade activation functions[6]      :   FANN_SIN_SYMMETRIC
Cascade activation functions[7]      :   FANN_COS_SYMMETRIC
Cascade activation functions[8]      :   FANN_SIN
Cascade activation functions[9]      :   FANN_COS
Cascade activation steepnesses[0]    :   0.250
Cascade activation steepnesses[1]    :   0.500
Cascade activation steepnesses[2]    :   0.750
Cascade activation steepnesses[3]    :   1.000
Cascade candidate groups             :   2
Cascade no. of candidates            :  80
Start training network with 2-algorithm in FANN
Max epochs     8000. Desired error: 0.0010000000.
Epochs            1. Current error: 0.0077555906. Bit fail 150.
Epochs          100. Current error: 0.0085187163. Bit fail 169.
Epochs          200. Current error: 0.0081209317. Bit fail 159.
Epochs          300. Current error: 0.0078892056. Bit fail 158.
Epochs          400. Current error: 0.0077576139. Bit fail 153.
Epochs          500. Current error: 0.0075941123. Bit fail 147.
Epochs          600. Current error: 0.0075192265. Bit fail 144.
Epochs          700. Current error: 0.0074413102. Bit fail 143.
Epochs          800. Current error: 0.0073558213. Bit fail 139.
Epochs          900. Current error: 0.0072949757. Bit fail 138.
Epochs         1000. Current error: 0.0072393832. Bit fail 138.
Epochs         1100. Current error: 0.0071851839. Bit fail 137.
Epochs         1200. Current error: 0.0071372604. Bit fail 138.
Epochs         1300. Current error: 0.0071000466. Bit fail 139.
Epochs         1400. Current error: 0.0070491326. Bit fail 140.
Epochs         1500. Current error: 0.0070089023. Bit fail 139.
Epochs         1600. Current error: 0.0069425474. Bit fail 137.
Epochs         1700. Current error: 0.0068586841. Bit fail 134.
Epochs         1800. Current error: 0.0067626284. Bit fail 133.
Epochs         1900. Current error: 0.0066947052. Bit fail 131.
Epochs         2000. Current error: 0.0066407975. Bit fail 128.
Epochs         2100. Current error: 0.0065961555. Bit fail 124.
Epochs         2200. Current error: 0.0065578735. Bit fail 122.
Epochs         2300. Current error: 0.0065311939. Bit fail 122.
Epochs         2400. Current error: 0.0065179397. Bit fail 120.
Epochs         2500. Current error: 0.0064912876. Bit fail 120.
Epochs         2600. Current error: 0.0064586690. Bit fail 119.
Epochs         2700. Current error: 0.0064208927. Bit fail 120.
Epochs         2800. Current error: 0.0063791941. Bit fail 122.
Epochs         2900. Current error: 0.0063493717. Bit fail 122.
Epochs         3000. Current error: 0.0062902216. Bit fail 120.
Epochs         3100. Current error: 0.0062328079. Bit fail 118.
Epochs         3200. Current error: 0.0062073953. Bit fail 116.
Epochs         3300. Current error: 0.0061838077. Bit fail 117.
Epochs         3400. Current error: 0.0061603636. Bit fail 115.
Epochs         3500. Current error: 0.0061335713. Bit fail 115.
Epochs         3600. Current error: 0.0061021456. Bit fail 114.
Epochs         3700. Current error: 0.0060701361. Bit fail 114.
Epochs         3800. Current error: 0.0060465545. Bit fail 113.
Epochs         3900. Current error: 0.0060271975. Bit fail 111.
Epochs         4000. Current error: 0.0060165804. Bit fail 109.
Epochs         4100. Current error: 0.0060072700. Bit fail 109.
Epochs         4200. Current error: 0.0059968024. Bit fail 109.
Epochs         4300. Current error: 0.0059898095. Bit fail 112.
Epochs         4400. Current error: 0.0059832591. Bit fail 113.
Epochs         4500. Current error: 0.0059615439. Bit fail 110.
Epochs         4600. Current error: 0.0059379027. Bit fail 110.
Epochs         4700. Current error: 0.0059117773. Bit fail 109.
Epochs         4800. Current error: 0.0058880658. Bit fail 108.
Epochs         4900. Current error: 0.0058233631. Bit fail 111.
Epochs         5000. Current error: 0.0057847113. Bit fail 111.
Epochs         5100. Current error: 0.0057644970. Bit fail 111.
Epochs         5200. Current error: 0.0057485155. Bit fail 109.
Epochs         5300. Current error: 0.0057343510. Bit fail 107.
Epochs         5400. Current error: 0.0057198871. Bit fail 106.
Epochs         5500. Current error: 0.0057103424. Bit fail 106.
Epochs         5600. Current error: 0.0056915181. Bit fail 103.
Epochs         5700. Current error: 0.0056857611. Bit fail 104.
Epochs         5800. Current error: 0.0056761429. Bit fail 104.
Epochs         5900. Current error: 0.0056678890. Bit fail 104.
Epochs         6000. Current error: 0.0056570405. Bit fail 104.
Epochs         6100. Current error: 0.0056533469. Bit fail 104.
Epochs         6200. Current error: 0.0056459848. Bit fail 104.
Epochs         6300. Current error: 0.0056388220. Bit fail 104.
Epochs         6400. Current error: 0.0056320471. Bit fail 106.
Epochs         6500. Current error: 0.0056311688. Bit fail 106.
Epochs         6600. Current error: 0.0055878749. Bit fail 108.
Epochs         6700. Current error: 0.0055699106. Bit fail 108.
Epochs         6800. Current error: 0.0055551408. Bit fail 107.
Epochs         6900. Current error: 0.0055406443. Bit fail 106.
Epochs         7000. Current error: 0.0055193603. Bit fail 107.
Epochs         7100. Current error: 0.0054962812. Bit fail 107.
Epochs         7200. Current error: 0.0054786145. Bit fail 107.
Epochs         7300. Current error: 0.0054561393. Bit fail 107.
Epochs         7400. Current error: 0.0054394049. Bit fail 106.
Epochs         7500. Current error: 0.0054189847. Bit fail 105.
Epochs         7600. Current error: 0.0053999824. Bit fail 105.
Epochs         7700. Current error: 0.0053824354. Bit fail 107.
Epochs         7800. Current error: 0.0053707431. Bit fail 107.
Epochs         7900. Current error: 0.0053610546. Bit fail 106.
Epochs         8000. Current error: 0.0053440430. Bit fail 105.
Time elpased for FANN training: 895.828686 seconds
Trained Network by GA+FANN is saved in 
./ALL_S6_959126400_hveto_channels_signif_dt_set_3_training_n70n20n1_c10_mr04_p5000_g200_rmin-25_rmax25_gsigma1_y1001_z03333_f05g09_m8000.net.
Total Running Time: 81642.566634 seconds
