Creating network.
The layer structure is following:
[70, 15, 1]
Setting newtork parameters
Getting training data : ALL_S6_959126400_hveto_channels_signif_dt_set_0_training.pat
Setting GA training parameters
Start running GA
Gen. 0 (0.00%): Max/Min/Avg Fitness(Raw) [24.31(60.66)/18.33(1.02)/20.26(20.26)]
Gen. 1 (1.00%): Max/Min/Avg Fitness(Raw) [22.23(60.66)/16.98(1.02)/18.52(18.52)]
Gen. 2 (2.00%): Max/Min/Avg Fitness(Raw) [23.32(60.66)/17.69(1.02)/19.43(19.43)]
Gen. 3 (3.00%): Max/Min/Avg Fitness(Raw) [22.86(60.66)/17.40(1.02)/19.05(19.05)]
Gen. 4 (4.00%): Max/Min/Avg Fitness(Raw) [22.76(60.66)/17.33(1.02)/18.97(18.97)]
Gen. 5 (5.00%): Max/Min/Avg Fitness(Raw) [24.12(60.66)/18.21(1.02)/20.10(20.10)]
Gen. 6 (6.00%): Max/Min/Avg Fitness(Raw) [23.09(60.66)/17.55(1.02)/19.25(19.25)]
Gen. 7 (7.00%): Max/Min/Avg Fitness(Raw) [23.12(60.66)/17.57(1.02)/19.27(19.27)]
Gen. 8 (8.00%): Max/Min/Avg Fitness(Raw) [22.41(60.66)/17.10(1.02)/18.67(18.67)]
Gen. 9 (9.00%): Max/Min/Avg Fitness(Raw) [22.63(60.66)/17.25(1.02)/18.86(18.86)]
Gen. 10 (10.00%): Max/Min/Avg Fitness(Raw) [22.28(60.66)/17.02(1.02)/18.57(18.57)]
Gen. 11 (11.00%): Max/Min/Avg Fitness(Raw) [24.33(60.66)/18.34(1.02)/20.27(20.27)]
Gen. 12 (12.00%): Max/Min/Avg Fitness(Raw) [24.07(60.66)/18.18(1.02)/20.06(20.06)]
Gen. 13 (13.00%): Max/Min/Avg Fitness(Raw) [23.72(60.66)/17.96(1.02)/19.77(19.77)]
Gen. 14 (14.00%): Max/Min/Avg Fitness(Raw) [23.95(60.66)/18.10(1.02)/19.96(19.96)]
Gen. 15 (15.00%): Max/Min/Avg Fitness(Raw) [21.58(60.66)/16.55(1.02)/17.98(17.98)]
Gen. 16 (16.00%): Max/Min/Avg Fitness(Raw) [23.78(60.66)/17.99(1.02)/19.82(19.82)]
Gen. 17 (17.00%): Max/Min/Avg Fitness(Raw) [23.70(60.66)/17.94(1.02)/19.75(19.75)]
Gen. 18 (18.00%): Max/Min/Avg Fitness(Raw) [22.14(60.66)/16.92(1.02)/18.45(18.45)]
Gen. 19 (19.00%): Max/Min/Avg Fitness(Raw) [23.44(60.66)/17.78(1.02)/19.54(19.54)]
Gen. 20 (20.00%): Max/Min/Avg Fitness(Raw) [23.90(60.66)/18.07(1.02)/19.91(19.91)]
Gen. 21 (21.00%): Max/Min/Avg Fitness(Raw) [21.30(60.66)/16.37(1.02)/17.75(17.75)]
Gen. 22 (22.00%): Max/Min/Avg Fitness(Raw) [23.08(60.66)/17.54(1.02)/19.23(19.23)]
Gen. 23 (23.00%): Max/Min/Avg Fitness(Raw) [24.63(60.66)/18.53(1.02)/20.53(20.53)]
Gen. 24 (24.00%): Max/Min/Avg Fitness(Raw) [22.26(60.66)/17.01(1.02)/18.55(18.55)]
Gen. 25 (25.00%): Max/Min/Avg Fitness(Raw) [21.44(60.66)/16.46(1.02)/17.86(17.86)]
Gen. 26 (26.00%): Max/Min/Avg Fitness(Raw) [22.23(61.08)/17.00(1.02)/18.52(18.52)]
Gen. 27 (27.00%): Max/Min/Avg Fitness(Raw) [24.24(61.08)/18.31(1.02)/20.20(20.20)]
Gen. 28 (28.00%): Max/Min/Avg Fitness(Raw) [24.72(61.08)/18.61(1.02)/20.60(20.60)]
Gen. 29 (29.00%): Max/Min/Avg Fitness(Raw) [26.66(61.08)/19.79(1.02)/22.21(22.21)]
Gen. 30 (30.00%): Max/Min/Avg Fitness(Raw) [25.83(65.16)/19.50(1.02)/21.52(21.52)]
Gen. 31 (31.00%): Max/Min/Avg Fitness(Raw) [16.64(65.16)/13.17(1.02)/13.87(13.87)]
Gen. 32 (32.00%): Max/Min/Avg Fitness(Raw) [18.21(65.16)/14.32(1.02)/15.18(15.18)]
Gen. 33 (33.00%): Max/Min/Avg Fitness(Raw) [18.29(65.16)/14.37(1.02)/15.24(15.24)]
Gen. 34 (34.00%): Max/Min/Avg Fitness(Raw) [17.97(65.16)/14.14(1.02)/14.97(14.97)]
Gen. 35 (35.00%): Max/Min/Avg Fitness(Raw) [15.78(65.16)/12.53(1.02)/13.15(13.15)]
Gen. 36 (36.00%): Max/Min/Avg Fitness(Raw) [19.00(65.16)/14.88(1.02)/15.83(15.83)]
Gen. 37 (37.00%): Max/Min/Avg Fitness(Raw) [17.48(65.16)/13.79(1.02)/14.57(14.57)]
Gen. 38 (38.00%): Max/Min/Avg Fitness(Raw) [18.19(65.16)/14.30(1.02)/15.16(15.16)]
Gen. 39 (39.00%): Max/Min/Avg Fitness(Raw) [17.76(65.16)/13.99(1.02)/14.80(14.80)]
Gen. 40 (40.00%): Max/Min/Avg Fitness(Raw) [17.02(65.16)/13.45(1.02)/14.18(14.18)]
Gen. 41 (41.00%): Max/Min/Avg Fitness(Raw) [18.02(65.16)/14.18(1.02)/15.01(15.01)]
Gen. 42 (42.00%): Max/Min/Avg Fitness(Raw) [16.78(65.16)/13.28(1.02)/13.98(13.98)]
Gen. 43 (43.00%): Max/Min/Avg Fitness(Raw) [18.17(65.16)/14.28(1.02)/15.14(15.14)]
Gen. 44 (44.00%): Max/Min/Avg Fitness(Raw) [17.98(68.63)/14.20(1.02)/14.98(14.98)]
Gen. 45 (45.00%): Max/Min/Avg Fitness(Raw) [16.25(68.63)/12.92(1.02)/13.54(13.54)]
Gen. 46 (46.00%): Max/Min/Avg Fitness(Raw) [17.61(68.63)/13.93(1.02)/14.68(14.68)]
Gen. 47 (47.00%): Max/Min/Avg Fitness(Raw) [15.61(68.63)/12.44(1.02)/13.00(13.00)]
Gen. 48 (48.00%): Max/Min/Avg Fitness(Raw) [14.48(68.63)/11.60(1.02)/12.07(12.07)]
Gen. 49 (49.00%): Max/Min/Avg Fitness(Raw) [16.88(68.63)/13.40(1.02)/14.07(14.07)]
Gen. 50 (50.00%): Max/Min/Avg Fitness(Raw) [16.68(68.63)/13.25(1.02)/13.90(13.90)]
Gen. 51 (51.00%): Max/Min/Avg Fitness(Raw) [15.89(68.63)/12.66(1.02)/13.24(13.24)]
Gen. 52 (52.00%): Max/Min/Avg Fitness(Raw) [15.09(68.63)/12.06(1.02)/12.57(12.57)]
Gen. 53 (53.00%): Max/Min/Avg Fitness(Raw) [15.40(68.63)/12.29(1.02)/12.84(12.84)]
Gen. 54 (54.00%): Max/Min/Avg Fitness(Raw) [14.73(68.63)/11.78(1.02)/12.27(12.27)]
Gen. 55 (55.00%): Max/Min/Avg Fitness(Raw) [17.16(68.63)/13.60(1.02)/14.30(14.30)]
Gen. 56 (56.00%): Max/Min/Avg Fitness(Raw) [15.96(68.63)/12.71(1.02)/13.30(13.30)]
Gen. 57 (57.00%): Max/Min/Avg Fitness(Raw) [14.97(68.63)/11.96(1.02)/12.47(12.47)]
Gen. 58 (58.00%): Max/Min/Avg Fitness(Raw) [16.05(68.63)/12.78(1.02)/13.38(13.38)]
Gen. 59 (59.00%): Max/Min/Avg Fitness(Raw) [15.60(68.63)/12.44(1.02)/13.00(13.00)]
Gen. 60 (60.00%): Max/Min/Avg Fitness(Raw) [16.42(68.63)/13.06(1.02)/13.69(13.69)]
Gen. 61 (61.00%): Max/Min/Avg Fitness(Raw) [14.66(68.63)/11.74(1.02)/12.22(12.22)]
Gen. 62 (62.00%): Max/Min/Avg Fitness(Raw) [14.93(68.63)/11.94(1.02)/12.44(12.44)]
Gen. 63 (63.00%): Max/Min/Avg Fitness(Raw) [15.67(68.63)/12.49(1.02)/13.05(13.05)]
Gen. 64 (64.00%): Max/Min/Avg Fitness(Raw) [18.17(68.63)/14.34(1.02)/15.14(15.14)]
Gen. 65 (65.00%): Max/Min/Avg Fitness(Raw) [13.89(68.63)/11.15(1.02)/11.57(11.57)]
Gen. 66 (66.00%): Max/Min/Avg Fitness(Raw) [16.53(68.63)/13.13(1.02)/13.77(13.77)]
Gen. 67 (67.00%): Max/Min/Avg Fitness(Raw) [15.41(68.63)/12.30(1.02)/12.84(12.84)]
Gen. 68 (68.00%): Max/Min/Avg Fitness(Raw) [16.10(68.63)/12.81(1.02)/13.42(13.42)]
Gen. 69 (69.00%): Max/Min/Avg Fitness(Raw) [15.83(68.63)/12.61(1.02)/13.19(13.19)]
Gen. 70 (70.00%): Max/Min/Avg Fitness(Raw) [15.96(68.63)/12.71(1.02)/13.30(13.30)]
Gen. 71 (71.00%): Max/Min/Avg Fitness(Raw) [16.52(68.63)/13.13(1.02)/13.76(13.76)]
Gen. 72 (72.00%): Max/Min/Avg Fitness(Raw) [15.77(68.63)/12.57(1.02)/13.14(13.14)]
Gen. 73 (73.00%): Max/Min/Avg Fitness(Raw) [17.14(68.63)/13.58(1.02)/14.28(14.28)]
Gen. 74 (74.00%): Max/Min/Avg Fitness(Raw) [14.38(68.63)/11.52(1.02)/11.99(11.99)]
Gen. 75 (75.00%): Max/Min/Avg Fitness(Raw) [15.76(68.63)/12.56(1.02)/13.13(13.13)]
Gen. 76 (76.00%): Max/Min/Avg Fitness(Raw) [15.50(68.63)/12.37(1.02)/12.92(12.92)]
Gen. 77 (77.00%): Max/Min/Avg Fitness(Raw) [14.56(68.63)/11.66(1.02)/12.14(12.14)]
Gen. 78 (78.00%): Max/Min/Avg Fitness(Raw) [14.95(68.63)/11.95(1.02)/12.46(12.46)]
Gen. 79 (79.00%): Max/Min/Avg Fitness(Raw) [13.83(68.63)/11.10(1.02)/11.53(11.53)]
Gen. 80 (80.00%): Max/Min/Avg Fitness(Raw) [15.51(68.63)/12.37(1.02)/12.92(12.92)]
Gen. 81 (81.00%): Max/Min/Avg Fitness(Raw) [17.12(68.63)/13.57(1.02)/14.26(14.26)]
Gen. 82 (82.00%): Max/Min/Avg Fitness(Raw) [16.34(68.63)/12.99(1.02)/13.61(13.61)]
Gen. 83 (83.00%): Max/Min/Avg Fitness(Raw) [15.50(68.63)/12.37(1.02)/12.92(12.92)]
Gen. 84 (84.00%): Max/Min/Avg Fitness(Raw) [15.98(68.63)/12.73(1.02)/13.32(13.32)]
Gen. 85 (85.00%): Max/Min/Avg Fitness(Raw) [16.03(68.63)/12.76(1.02)/13.36(13.36)]
Gen. 86 (86.00%): Max/Min/Avg Fitness(Raw) [16.56(68.63)/13.16(1.02)/13.80(13.80)]
Gen. 87 (87.00%): Max/Min/Avg Fitness(Raw) [14.95(68.63)/11.95(1.02)/12.46(12.46)]
Gen. 88 (88.00%): Max/Min/Avg Fitness(Raw) [14.28(68.63)/11.45(1.02)/11.90(11.90)]
Gen. 89 (89.00%): Max/Min/Avg Fitness(Raw) [14.72(68.63)/11.77(1.02)/12.26(12.26)]
Gen. 90 (90.00%): Max/Min/Avg Fitness(Raw) [16.34(68.63)/12.99(1.02)/13.61(13.61)]
Gen. 91 (91.00%): Max/Min/Avg Fitness(Raw) [15.81(68.63)/12.60(1.02)/13.18(13.18)]
Gen. 92 (92.00%): Max/Min/Avg Fitness(Raw) [16.41(68.63)/13.05(1.02)/13.68(13.68)]
Gen. 93 (93.00%): Max/Min/Avg Fitness(Raw) [15.87(68.63)/12.64(1.02)/13.23(13.23)]
Gen. 94 (94.00%): Max/Min/Avg Fitness(Raw) [16.39(68.63)/13.03(1.02)/13.66(13.66)]
Gen. 95 (95.00%): Max/Min/Avg Fitness(Raw) [15.84(68.63)/12.62(1.02)/13.20(13.20)]
Gen. 96 (96.00%): Max/Min/Avg Fitness(Raw) [14.82(68.63)/11.85(1.02)/12.35(12.35)]
Gen. 97 (97.00%): Max/Min/Avg Fitness(Raw) [15.13(68.63)/12.09(1.02)/12.61(12.61)]
Gen. 98 (98.00%): Max/Min/Avg Fitness(Raw) [15.95(68.63)/12.70(1.02)/13.29(13.29)]
Gen. 99 (99.00%): Max/Min/Avg Fitness(Raw) [16.73(68.63)/13.29(1.02)/13.94(13.94)]
Gen. 100 (100.00%): Max/Min/Avg Fitness(Raw) [15.47(68.63)/12.34(1.02)/12.89(12.89)]
Total time elapsed: 8537.094 seconds.
GA MSE : 0.026832
Best initial connection wetighs are set on Network
Setting FANN training parameters
Input layer                          :  70 neurons, 1 bias
  Hidden layer                       :  15 neurons, 1 bias
Output layer                         :   1 neurons
Total neurons and biases             :  88
Total connections                    :1081
Connection rate                      :   1.000
Network type                         :   FANN_NETTYPE_LAYER
Training algorithm                   :   FANN_TRAIN_RPROP
Training error function              :   FANN_ERRORFUNC_TANH
Training stop function               :   FANN_STOPFUNC_MSE
Bit fail limit                       :   0.350
Learning rate                        :   0.700
Learning momentum                    :   0.000
Quickprop decay                      :  -0.000100
Quickprop mu                         :   1.750
RPROP increase factor                :   1.001
RPROP decrease factor                :   0.500
RPROP delta min                      :   0.000
RPROP delta max                      :  50.000
Cascade output change fraction       :   0.010000
Cascade candidate change fraction    :   0.010000
Cascade output stagnation epochs     :  12
Cascade candidate stagnation epochs  :  12
Cascade max output epochs            : 150
Cascade max candidate epochs         : 150
Cascade weight multiplier            :   0.400
Cascade candidate limit              :1000.000
Cascade activation functions[0]      :   FANN_SIGMOID
Cascade activation functions[1]      :   FANN_SIGMOID_SYMMETRIC
Cascade activation functions[2]      :   FANN_GAUSSIAN
Cascade activation functions[3]      :   FANN_GAUSSIAN_SYMMETRIC
Cascade activation functions[4]      :   FANN_ELLIOT
Cascade activation functions[5]      :   FANN_ELLIOT_SYMMETRIC
Cascade activation functions[6]      :   FANN_SIN_SYMMETRIC
Cascade activation functions[7]      :   FANN_COS_SYMMETRIC
Cascade activation functions[8]      :   FANN_SIN
Cascade activation functions[9]      :   FANN_COS
Cascade activation steepnesses[0]    :   0.250
Cascade activation steepnesses[1]    :   0.500
Cascade activation steepnesses[2]    :   0.750
Cascade activation steepnesses[3]    :   1.000
Cascade candidate groups             :   2
Cascade no. of candidates            :  80
Start training network with 2-algorithm in FANN
Max epochs     8000. Desired error: 0.0010000000.
Epochs            1. Current error: 0.0145709515. Bit fail 254.
Epochs          100. Current error: 0.0149630811. Bit fail 260.
Epochs          200. Current error: 0.0148677966. Bit fail 258.
Epochs          300. Current error: 0.0148096420. Bit fail 261.
Epochs          400. Current error: 0.0145378709. Bit fail 253.
Epochs          500. Current error: 0.0141042983. Bit fail 245.
Epochs          600. Current error: 0.0139833800. Bit fail 246.
Epochs          700. Current error: 0.0138461515. Bit fail 245.
Epochs          800. Current error: 0.0138439322. Bit fail 245.
Epochs          900. Current error: 0.0135703767. Bit fail 240.
Epochs         1000. Current error: 0.0135110505. Bit fail 241.
Epochs         1100. Current error: 0.0134167960. Bit fail 236.
Epochs         1200. Current error: 0.0133472402. Bit fail 240.
Epochs         1300. Current error: 0.0133280996. Bit fail 241.
Epochs         1400. Current error: 0.0131101888. Bit fail 241.
Epochs         1500. Current error: 0.0129005201. Bit fail 239.
Epochs         1600. Current error: 0.0127093857. Bit fail 253.
Epochs         1700. Current error: 0.0126328906. Bit fail 249.
Epochs         1800. Current error: 0.0124729276. Bit fail 245.
Epochs         1900. Current error: 0.0123649668. Bit fail 243.
Epochs         2000. Current error: 0.0121658035. Bit fail 240.
Epochs         2100. Current error: 0.0120457299. Bit fail 238.
Epochs         2200. Current error: 0.0119547071. Bit fail 216.
Epochs         2300. Current error: 0.0119506316. Bit fail 217.
Epochs         2400. Current error: 0.0118163917. Bit fail 216.
Epochs         2500. Current error: 0.0116764400. Bit fail 215.
Epochs         2600. Current error: 0.0114967898. Bit fail 211.
Epochs         2700. Current error: 0.0112634376. Bit fail 208.
Epochs         2800. Current error: 0.0112546878. Bit fail 208.
Epochs         2900. Current error: 0.0113159083. Bit fail 209.
Epochs         3000. Current error: 0.0113213025. Bit fail 212.
Epochs         3100. Current error: 0.0115244398. Bit fail 213.
Epochs         3200. Current error: 0.0115853902. Bit fail 213.
Epochs         3300. Current error: 0.0116547877. Bit fail 212.
Epochs         3400. Current error: 0.0117884679. Bit fail 212.
Epochs         3500. Current error: 0.0119503140. Bit fail 215.
Epochs         3600. Current error: 0.0120586669. Bit fail 215.
Epochs         3700. Current error: 0.0120771686. Bit fail 216.
Epochs         3800. Current error: 0.0122490311. Bit fail 218.
Epochs         3900. Current error: 0.0122671975. Bit fail 219.
Epochs         4000. Current error: 0.0125315543. Bit fail 223.
Epochs         4100. Current error: 0.0126542710. Bit fail 226.
Epochs         4200. Current error: 0.0126324864. Bit fail 225.
Epochs         4300. Current error: 0.0126452306. Bit fail 229.
Epochs         4400. Current error: 0.0127569474. Bit fail 230.
Epochs         4500. Current error: 0.0127206631. Bit fail 229.
Epochs         4600. Current error: 0.0126676597. Bit fail 230.
Epochs         4700. Current error: 0.0127290152. Bit fail 231.
Epochs         4800. Current error: 0.0127102248. Bit fail 229.
Epochs         4900. Current error: 0.0127183087. Bit fail 228.
Epochs         5000. Current error: 0.0127206249. Bit fail 228.
Epochs         5100. Current error: 0.0127500640. Bit fail 228.
Epochs         5200. Current error: 0.0128052179. Bit fail 227.
Epochs         5300. Current error: 0.0127974199. Bit fail 227.
Epochs         5400. Current error: 0.0127876028. Bit fail 227.
Epochs         5500. Current error: 0.0127788046. Bit fail 227.
Epochs         5600. Current error: 0.0128394421. Bit fail 230.
Epochs         5700. Current error: 0.0128538329. Bit fail 231.
Epochs         5800. Current error: 0.0128600290. Bit fail 230.
Epochs         5900. Current error: 0.0127981883. Bit fail 228.
Epochs         6000. Current error: 0.0128036989. Bit fail 229.
Epochs         6100. Current error: 0.0128726894. Bit fail 230.
Epochs         6200. Current error: 0.0128481304. Bit fail 230.
Epochs         6300. Current error: 0.0128929112. Bit fail 231.
Epochs         6400. Current error: 0.0129379872. Bit fail 233.
Epochs         6500. Current error: 0.0129456026. Bit fail 233.
Epochs         6600. Current error: 0.0129356124. Bit fail 233.
Epochs         6700. Current error: 0.0129182190. Bit fail 232.
Epochs         6800. Current error: 0.0129020484. Bit fail 231.
Epochs         6900. Current error: 0.0129134292. Bit fail 232.
Epochs         7000. Current error: 0.0129353758. Bit fail 232.
Epochs         7100. Current error: 0.0129234465. Bit fail 233.
Epochs         7200. Current error: 0.0129291089. Bit fail 235.
Epochs         7300. Current error: 0.0129209524. Bit fail 236.
Epochs         7400. Current error: 0.0129016433. Bit fail 234.
Epochs         7500. Current error: 0.0128942849. Bit fail 234.
Epochs         7600. Current error: 0.0128155183. Bit fail 229.
Epochs         7700. Current error: 0.0128024733. Bit fail 229.
Epochs         7800. Current error: 0.0127813499. Bit fail 228.
Epochs         7900. Current error: 0.0127283577. Bit fail 227.
Epochs         8000. Current error: 0.0127219334. Bit fail 228.
Time elpased for FANN training: 634.383039 seconds
Trained Network by GA+FANN is saved in 
./ALL_S6_959126400_hveto_channels_signif_dt_set_0_training_n70n15n1_c10_mr10_p1000_g100_rmin-25_rmax25_gsigma50_y1001_z05_f05g09_m8000.net.
Total Running Time: 9171.881353 seconds
