Creating network.
The layer structure is following:
[70, 35, 1]
Setting newtork parameters
Getting training data : ALL_S6_959126400_hveto_channels_signif_dt_set_1_training.pat
Setting GA training parameters
Start running GA
Gen. 0 (0.00%): Max/Min/Avg Fitness(Raw) [25.07(59.94)/18.76(1.02)/20.89(20.89)]
Gen. 1 (0.33%): Max/Min/Avg Fitness(Raw) [65.45(65.13)/0.00(1.02)/49.79(49.79)]
Gen. 2 (0.67%): Max/Min/Avg Fitness(Raw) [58.22(69.58)/26.63(1.02)/48.52(48.52)]
Gen. 3 (1.00%): Max/Min/Avg Fitness(Raw) [59.00(71.99)/28.42(1.02)/49.17(49.17)]
Gen. 4 (1.33%): Max/Min/Avg Fitness(Raw) [59.10(73.88)/29.96(1.02)/49.25(49.25)]
Gen. 5 (1.67%): Max/Min/Avg Fitness(Raw) [60.88(75.52)/30.38(1.02)/50.74(50.74)]
Gen. 6 (2.00%): Max/Min/Avg Fitness(Raw) [61.94(77.48)/31.42(1.02)/51.62(51.62)]
Gen. 7 (2.33%): Max/Min/Avg Fitness(Raw) [63.84(79.13)/31.79(1.02)/53.20(53.20)]
Gen. 8 (2.67%): Max/Min/Avg Fitness(Raw) [64.33(81.05)/33.07(1.02)/53.61(53.61)]
Gen. 9 (3.00%): Max/Min/Avg Fitness(Raw) [66.06(82.24)/33.17(1.02)/55.05(55.05)]
Gen. 10 (3.33%): Max/Min/Avg Fitness(Raw) [65.52(83.69)/34.48(1.02)/54.60(54.60)]
Gen. 11 (3.67%): Max/Min/Avg Fitness(Raw) [68.01(84.36)/33.89(1.02)/56.67(56.67)]
Gen. 12 (4.00%): Max/Min/Avg Fitness(Raw) [67.60(85.29)/34.81(1.02)/56.34(56.34)]
Gen. 13 (4.33%): Max/Min/Avg Fitness(Raw) [68.07(85.82)/35.01(1.02)/56.73(56.73)]
Gen. 14 (4.67%): Max/Min/Avg Fitness(Raw) [68.06(86.07)/35.20(1.02)/56.72(56.72)]
Gen. 15 (5.00%): Max/Min/Avg Fitness(Raw) [69.16(87.14)/35.52(1.02)/57.64(57.64)]
Gen. 16 (5.33%): Max/Min/Avg Fitness(Raw) [69.27(87.54)/35.77(1.02)/57.73(57.73)]
Gen. 17 (5.67%): Max/Min/Avg Fitness(Raw) [69.93(88.18)/35.96(1.02)/58.27(58.27)]
Gen. 18 (6.00%): Max/Min/Avg Fitness(Raw) [71.05(89.02)/36.10(1.02)/59.20(59.20)]
Gen. 19 (6.33%): Max/Min/Avg Fitness(Raw) [71.19(90.54)/37.17(1.02)/59.32(59.32)]
Gen. 20 (6.67%): Max/Min/Avg Fitness(Raw) [72.86(91.37)/37.07(1.02)/60.72(60.72)]
Gen. 21 (7.00%): Max/Min/Avg Fitness(Raw) [73.92(92.79)/37.68(1.02)/61.60(61.60)]
Gen. 22 (7.33%): Max/Min/Avg Fitness(Raw) [73.28(93.30)/38.31(1.02)/61.07(61.07)]
Gen. 23 (7.67%): Max/Min/Avg Fitness(Raw) [76.57(94.65)/37.83(1.02)/63.81(63.81)]
Gen. 24 (8.00%): Max/Min/Avg Fitness(Raw) [76.86(96.20)/38.94(1.02)/64.05(64.05)]
Gen. 25 (8.33%): Max/Min/Avg Fitness(Raw) [75.16(97.25)/40.34(1.02)/62.63(62.63)]
Gen. 26 (8.67%): Max/Min/Avg Fitness(Raw) [76.55(97.80)/40.24(1.02)/63.79(63.79)]
Gen. 27 (9.00%): Max/Min/Avg Fitness(Raw) [76.30(99.51)/41.44(1.02)/63.58(63.58)]
Gen. 28 (9.33%): Max/Min/Avg Fitness(Raw) [77.81(100.27)/41.48(1.02)/64.85(64.85)]
Gen. 29 (9.67%): Max/Min/Avg Fitness(Raw) [77.80(100.66)/41.74(1.02)/64.84(64.84)]
Gen. 30 (10.00%): Max/Min/Avg Fitness(Raw) [78.26(102.33)/42.66(1.02)/65.22(65.22)]
Gen. 31 (10.33%): Max/Min/Avg Fitness(Raw) [80.05(102.97)/42.54(1.02)/66.71(66.71)]
Gen. 32 (10.67%): Max/Min/Avg Fitness(Raw) [80.12(103.35)/42.77(1.02)/66.77(66.77)]
Gen. 33 (11.00%): Max/Min/Avg Fitness(Raw) [80.22(104.05)/43.19(1.02)/66.85(66.85)]
Gen. 34 (11.33%): Max/Min/Avg Fitness(Raw) [80.71(104.25)/43.17(1.02)/67.26(67.26)]
Gen. 35 (11.67%): Max/Min/Avg Fitness(Raw) [81.87(105.40)/43.56(1.02)/68.23(68.23)]
Gen. 36 (12.00%): Max/Min/Avg Fitness(Raw) [80.60(105.60)/44.05(1.02)/67.17(67.17)]
Gen. 37 (12.33%): Max/Min/Avg Fitness(Raw) [81.43(107.63)/45.05(1.02)/67.86(67.86)]
Gen. 38 (12.67%): Max/Min/Avg Fitness(Raw) [81.29(108.34)/45.48(1.02)/67.74(67.74)]
Gen. 39 (13.00%): Max/Min/Avg Fitness(Raw) [81.33(108.54)/45.58(1.02)/67.77(67.77)]
Gen. 40 (13.33%): Max/Min/Avg Fitness(Raw) [81.09(109.01)/45.87(1.02)/67.58(67.58)]
Gen. 41 (13.67%): Max/Min/Avg Fitness(Raw) [82.39(111.06)/46.75(1.02)/68.66(68.66)]
Gen. 42 (14.00%): Max/Min/Avg Fitness(Raw) [83.47(111.57)/46.86(1.02)/69.56(69.56)]
Gen. 43 (14.33%): Max/Min/Avg Fitness(Raw) [82.22(111.57)/47.03(1.02)/68.51(68.51)]
Gen. 44 (14.67%): Max/Min/Avg Fitness(Raw) [82.20(111.57)/47.04(1.02)/68.50(68.50)]
Gen. 45 (15.00%): Max/Min/Avg Fitness(Raw) [82.71(111.57)/46.98(1.02)/68.92(68.92)]
Gen. 46 (15.33%): Max/Min/Avg Fitness(Raw) [82.19(111.57)/47.04(1.02)/68.49(68.49)]
Gen. 47 (15.67%): Max/Min/Avg Fitness(Raw) [81.68(112.13)/47.35(1.02)/68.07(68.07)]
Gen. 48 (16.00%): Max/Min/Avg Fitness(Raw) [83.07(112.14)/47.22(1.02)/69.23(69.23)]
Gen. 49 (16.33%): Max/Min/Avg Fitness(Raw) [82.29(112.35)/47.41(1.02)/68.57(68.57)]
Gen. 50 (16.67%): Max/Min/Avg Fitness(Raw) [83.75(112.35)/47.24(1.02)/69.79(69.79)]
Gen. 51 (17.00%): Max/Min/Avg Fitness(Raw) [83.47(112.35)/47.28(1.02)/69.56(69.56)]
Gen. 52 (17.33%): Max/Min/Avg Fitness(Raw) [82.75(112.54)/47.46(1.02)/68.96(68.96)]
Gen. 53 (17.67%): Max/Min/Avg Fitness(Raw) [83.45(112.54)/47.38(1.02)/69.54(69.54)]
Gen. 54 (18.00%): Max/Min/Avg Fitness(Raw) [83.06(112.54)/47.43(1.02)/69.22(69.22)]
Gen. 55 (18.33%): Max/Min/Avg Fitness(Raw) [83.79(112.54)/47.33(1.02)/69.83(69.83)]
Gen. 56 (18.67%): Max/Min/Avg Fitness(Raw) [83.22(112.54)/47.41(1.02)/69.35(69.35)]
Gen. 57 (19.00%): Max/Min/Avg Fitness(Raw) [83.66(112.56)/47.36(1.02)/69.72(69.72)]
Gen. 58 (19.33%): Max/Min/Avg Fitness(Raw) [82.94(112.56)/47.45(1.02)/69.12(69.12)]
Gen. 59 (19.67%): Max/Min/Avg Fitness(Raw) [82.43(112.56)/47.50(1.02)/68.69(68.69)]
Gen. 60 (20.00%): Max/Min/Avg Fitness(Raw) [82.17(112.86)/47.66(1.02)/68.47(68.47)]
Gen. 61 (20.33%): Max/Min/Avg Fitness(Raw) [83.31(112.86)/47.56(1.02)/69.42(69.42)]
Gen. 62 (20.67%): Max/Min/Avg Fitness(Raw) [82.78(112.86)/47.61(1.02)/68.98(68.98)]
Gen. 63 (21.00%): Max/Min/Avg Fitness(Raw) [83.12(113.01)/47.65(1.02)/69.27(69.27)]
Gen. 64 (21.33%): Max/Min/Avg Fitness(Raw) [82.31(113.01)/47.72(1.02)/68.59(68.59)]
Gen. 65 (21.67%): Max/Min/Avg Fitness(Raw) [81.60(113.01)/47.76(1.02)/68.00(68.00)]
Gen. 66 (22.00%): Max/Min/Avg Fitness(Raw) [82.87(113.39)/47.86(1.02)/69.06(69.06)]
Gen. 67 (22.33%): Max/Min/Avg Fitness(Raw) [82.96(113.39)/47.85(1.02)/69.13(69.13)]
Gen. 68 (22.67%): Max/Min/Avg Fitness(Raw) [82.96(114.03)/48.16(1.02)/69.13(69.13)]
Gen. 69 (23.00%): Max/Min/Avg Fitness(Raw) [83.12(114.03)/48.15(1.02)/69.26(69.26)]
Gen. 70 (23.33%): Max/Min/Avg Fitness(Raw) [83.36(114.38)/48.30(1.02)/69.47(69.47)]
Gen. 71 (23.67%): Max/Min/Avg Fitness(Raw) [82.98(114.38)/48.32(1.02)/69.15(69.15)]
Gen. 72 (24.00%): Max/Min/Avg Fitness(Raw) [83.28(114.38)/48.30(1.02)/69.40(69.40)]
Gen. 73 (24.33%): Max/Min/Avg Fitness(Raw) [83.94(114.38)/48.25(1.02)/69.95(69.95)]
Gen. 74 (24.67%): Max/Min/Avg Fitness(Raw) [83.23(114.38)/48.31(1.02)/69.35(69.35)]
Gen. 75 (25.00%): Max/Min/Avg Fitness(Raw) [84.11(114.61)/48.34(1.02)/70.09(70.09)]
Gen. 76 (25.33%): Max/Min/Avg Fitness(Raw) [84.80(114.61)/48.27(1.02)/70.67(70.67)]
Gen. 77 (25.67%): Max/Min/Avg Fitness(Raw) [84.47(114.61)/48.31(1.02)/70.39(70.39)]
Gen. 78 (26.00%): Max/Min/Avg Fitness(Raw) [84.30(114.61)/48.32(1.02)/70.25(70.25)]
Gen. 79 (26.33%): Max/Min/Avg Fitness(Raw) [84.26(114.61)/48.33(1.02)/70.22(70.22)]
Gen. 80 (26.67%): Max/Min/Avg Fitness(Raw) [83.98(114.64)/48.37(1.02)/69.98(69.98)]
Gen. 81 (27.00%): Max/Min/Avg Fitness(Raw) [83.31(114.96)/48.57(1.02)/69.43(69.43)]
Gen. 82 (27.33%): Max/Min/Avg Fitness(Raw) [83.21(114.96)/48.57(1.02)/69.34(69.34)]
Gen. 83 (27.67%): Max/Min/Avg Fitness(Raw) [83.20(114.96)/48.57(1.02)/69.33(69.33)]
Gen. 84 (28.00%): Max/Min/Avg Fitness(Raw) [82.43(114.96)/48.60(1.02)/68.69(68.69)]
Gen. 85 (28.33%): Max/Min/Avg Fitness(Raw) [83.85(115.26)/48.67(1.02)/69.88(69.88)]
Gen. 86 (28.67%): Max/Min/Avg Fitness(Raw) [82.99(115.26)/48.72(1.02)/69.16(69.16)]
Gen. 87 (29.00%): Max/Min/Avg Fitness(Raw) [83.97(115.92)/48.97(1.02)/69.97(69.97)]
Gen. 88 (29.33%): Max/Min/Avg Fitness(Raw) [83.52(115.92)/48.99(1.02)/69.60(69.60)]
Gen. 89 (29.67%): Max/Min/Avg Fitness(Raw) [84.22(115.92)/48.96(1.02)/70.18(70.18)]
Gen. 90 (30.00%): Max/Min/Avg Fitness(Raw) [83.24(115.92)/49.00(1.02)/69.37(69.37)]
Gen. 91 (30.33%): Max/Min/Avg Fitness(Raw) [83.75(115.92)/48.98(1.02)/69.79(69.79)]
Gen. 92 (30.67%): Max/Min/Avg Fitness(Raw) [84.01(115.92)/48.97(1.02)/70.01(70.01)]
Gen. 93 (31.00%): Max/Min/Avg Fitness(Raw) [84.77(115.92)/48.92(1.02)/70.64(70.64)]
Gen. 94 (31.33%): Max/Min/Avg Fitness(Raw) [83.19(115.92)/49.00(1.02)/69.32(69.32)]
Gen. 95 (31.67%): Max/Min/Avg Fitness(Raw) [83.29(115.92)/49.00(1.02)/69.41(69.41)]
Gen. 96 (32.00%): Max/Min/Avg Fitness(Raw) [83.63(115.92)/48.99(1.02)/69.69(69.69)]
Gen. 97 (32.33%): Max/Min/Avg Fitness(Raw) [83.73(115.92)/48.98(1.02)/69.77(69.77)]
Gen. 98 (32.67%): Max/Min/Avg Fitness(Raw) [83.02(115.92)/49.00(1.02)/69.19(69.19)]
Gen. 99 (33.00%): Max/Min/Avg Fitness(Raw) [84.03(115.92)/48.97(1.02)/70.02(70.02)]
Gen. 100 (33.33%): Max/Min/Avg Fitness(Raw) [82.62(116.11)/49.09(1.02)/68.85(68.85)]
Gen. 101 (33.67%): Max/Min/Avg Fitness(Raw) [85.12(116.11)/48.98(1.02)/70.93(70.93)]
Gen. 102 (34.00%): Max/Min/Avg Fitness(Raw) [84.41(116.11)/49.04(1.02)/70.34(70.34)]
Gen. 103 (34.33%): Max/Min/Avg Fitness(Raw) [84.71(116.11)/49.01(1.02)/70.60(70.60)]
Gen. 104 (34.67%): Max/Min/Avg Fitness(Raw) [84.45(116.11)/49.03(1.02)/70.37(70.37)]
Gen. 105 (35.00%): Max/Min/Avg Fitness(Raw) [84.54(116.11)/49.03(1.02)/70.45(70.45)]
Gen. 106 (35.33%): Max/Min/Avg Fitness(Raw) [84.18(116.11)/49.05(1.02)/70.15(70.15)]
Gen. 107 (35.67%): Max/Min/Avg Fitness(Raw) [84.33(116.51)/49.22(1.02)/70.28(70.28)]
Gen. 108 (36.00%): Max/Min/Avg Fitness(Raw) [84.37(116.51)/49.22(1.02)/70.31(70.31)]
Gen. 109 (36.33%): Max/Min/Avg Fitness(Raw) [84.51(116.51)/49.21(1.02)/70.42(70.42)]
Gen. 110 (36.67%): Max/Min/Avg Fitness(Raw) [84.76(116.51)/49.20(1.02)/70.63(70.63)]
Gen. 111 (37.00%): Max/Min/Avg Fitness(Raw) [85.04(116.51)/49.18(1.02)/70.87(70.87)]
Gen. 112 (37.33%): Max/Min/Avg Fitness(Raw) [84.78(116.51)/49.20(1.02)/70.65(70.65)]
Gen. 113 (37.67%): Max/Min/Avg Fitness(Raw) [83.63(116.51)/49.25(1.02)/69.70(69.70)]
Gen. 114 (38.00%): Max/Min/Avg Fitness(Raw) [84.19(116.51)/49.23(1.02)/70.16(70.16)]
Gen. 115 (38.33%): Max/Min/Avg Fitness(Raw) [84.15(116.51)/49.23(1.02)/70.12(70.12)]
Gen. 116 (38.67%): Max/Min/Avg Fitness(Raw) [84.51(116.51)/49.21(1.02)/70.43(70.43)]
Gen. 117 (39.00%): Max/Min/Avg Fitness(Raw) [84.46(116.51)/49.22(1.02)/70.38(70.38)]
Gen. 118 (39.33%): Max/Min/Avg Fitness(Raw) [83.77(116.51)/49.24(1.02)/69.81(69.81)]
Gen. 119 (39.67%): Max/Min/Avg Fitness(Raw) [84.83(116.51)/49.19(1.02)/70.69(70.69)]
Gen. 120 (40.00%): Max/Min/Avg Fitness(Raw) [84.67(116.51)/49.20(1.02)/70.56(70.56)]
Gen. 121 (40.33%): Max/Min/Avg Fitness(Raw) [84.55(116.51)/49.21(1.02)/70.46(70.46)]
Gen. 122 (40.67%): Max/Min/Avg Fitness(Raw) [84.55(116.51)/49.21(1.02)/70.46(70.46)]
Gen. 123 (41.00%): Max/Min/Avg Fitness(Raw) [84.47(116.51)/49.22(1.02)/70.39(70.39)]
Gen. 124 (41.33%): Max/Min/Avg Fitness(Raw) [84.43(116.51)/49.22(1.02)/70.36(70.36)]
Gen. 125 (41.67%): Max/Min/Avg Fitness(Raw) [83.92(116.51)/49.24(1.02)/69.93(69.93)]
Gen. 126 (42.00%): Max/Min/Avg Fitness(Raw) [84.44(116.67)/49.29(1.02)/70.36(70.36)]
Gen. 127 (42.33%): Max/Min/Avg Fitness(Raw) [83.39(117.02)/49.47(1.02)/69.49(69.49)]
Gen. 128 (42.67%): Max/Min/Avg Fitness(Raw) [85.65(117.71)/49.70(1.02)/71.37(71.37)]
Gen. 129 (43.00%): Max/Min/Avg Fitness(Raw) [85.94(117.71)/49.68(1.02)/71.62(71.62)]
Gen. 130 (43.33%): Max/Min/Avg Fitness(Raw) [86.04(117.71)/49.67(1.02)/71.70(71.70)]
Gen. 131 (43.67%): Max/Min/Avg Fitness(Raw) [85.53(117.71)/49.71(1.02)/71.27(71.27)]
Gen. 132 (44.00%): Max/Min/Avg Fitness(Raw) [86.33(117.71)/49.65(1.02)/71.94(71.94)]
Gen. 133 (44.33%): Max/Min/Avg Fitness(Raw) [85.76(117.71)/49.70(1.02)/71.47(71.47)]
Gen. 134 (44.67%): Max/Min/Avg Fitness(Raw) [85.39(117.71)/49.72(1.02)/71.16(71.16)]
Gen. 135 (45.00%): Max/Min/Avg Fitness(Raw) [86.40(117.71)/49.64(1.02)/72.00(72.00)]
Gen. 136 (45.33%): Max/Min/Avg Fitness(Raw) [86.76(117.71)/49.60(1.02)/72.30(72.30)]
Gen. 137 (45.67%): Max/Min/Avg Fitness(Raw) [85.18(117.87)/49.80(1.02)/70.98(70.98)]
Gen. 138 (46.00%): Max/Min/Avg Fitness(Raw) [87.04(117.87)/49.65(1.02)/72.54(72.54)]
Gen. 139 (46.33%): Max/Min/Avg Fitness(Raw) [86.37(117.87)/49.72(1.02)/71.97(71.97)]
Gen. 140 (46.67%): Max/Min/Avg Fitness(Raw) [86.94(117.88)/49.67(1.02)/72.45(72.45)]
Gen. 141 (47.00%): Max/Min/Avg Fitness(Raw) [86.58(117.94)/49.74(1.02)/72.15(72.15)]
Gen. 142 (47.33%): Max/Min/Avg Fitness(Raw) [86.80(117.94)/49.72(1.02)/72.34(72.34)]
Gen. 143 (47.67%): Max/Min/Avg Fitness(Raw) [86.42(118.32)/49.93(1.02)/72.02(72.02)]
Gen. 144 (48.00%): Max/Min/Avg Fitness(Raw) [87.57(118.32)/49.82(1.02)/72.97(72.97)]
Gen. 145 (48.33%): Max/Min/Avg Fitness(Raw) [87.27(118.32)/49.85(1.02)/72.72(72.72)]
Gen. 146 (48.67%): Max/Min/Avg Fitness(Raw) [87.72(118.32)/49.80(1.02)/73.10(73.10)]
Gen. 147 (49.00%): Max/Min/Avg Fitness(Raw) [86.93(118.32)/49.89(1.02)/72.44(72.44)]
Gen. 148 (49.33%): Max/Min/Avg Fitness(Raw) [86.60(118.32)/49.92(1.02)/72.17(72.17)]
Gen. 149 (49.67%): Max/Min/Avg Fitness(Raw) [87.13(118.32)/49.87(1.02)/72.61(72.61)]
Gen. 150 (50.00%): Max/Min/Avg Fitness(Raw) [87.45(118.32)/49.83(1.02)/72.88(72.88)]
Gen. 151 (50.33%): Max/Min/Avg Fitness(Raw) [87.05(118.32)/49.87(1.02)/72.54(72.54)]
Gen. 152 (50.67%): Max/Min/Avg Fitness(Raw) [87.08(118.32)/49.87(1.02)/72.57(72.57)]
Gen. 153 (51.00%): Max/Min/Avg Fitness(Raw) [86.88(118.32)/49.89(1.02)/72.40(72.40)]
Gen. 154 (51.33%): Max/Min/Avg Fitness(Raw) [86.88(118.32)/49.89(1.02)/72.40(72.40)]
Gen. 155 (51.67%): Max/Min/Avg Fitness(Raw) [87.10(118.32)/49.87(1.02)/72.58(72.58)]
Gen. 156 (52.00%): Max/Min/Avg Fitness(Raw) [86.92(118.32)/49.89(1.02)/72.44(72.44)]
Gen. 157 (52.33%): Max/Min/Avg Fitness(Raw) [86.18(118.32)/49.95(1.02)/71.82(71.82)]
Gen. 158 (52.67%): Max/Min/Avg Fitness(Raw) [87.44(118.32)/49.83(1.02)/72.87(72.87)]
Gen. 159 (53.00%): Max/Min/Avg Fitness(Raw) [87.16(118.32)/49.86(1.02)/72.63(72.63)]
Gen. 160 (53.33%): Max/Min/Avg Fitness(Raw) [87.36(118.32)/49.84(1.02)/72.80(72.80)]
Gen. 161 (53.67%): Max/Min/Avg Fitness(Raw) [87.61(118.32)/49.81(1.02)/73.01(73.01)]
Gen. 162 (54.00%): Max/Min/Avg Fitness(Raw) [86.72(118.32)/49.91(1.02)/72.27(72.27)]
Gen. 163 (54.33%): Max/Min/Avg Fitness(Raw) [86.89(118.32)/49.89(1.02)/72.41(72.41)]
Gen. 164 (54.67%): Max/Min/Avg Fitness(Raw) [87.16(118.32)/49.86(1.02)/72.63(72.63)]
Gen. 165 (55.00%): Max/Min/Avg Fitness(Raw) [87.08(118.32)/49.87(1.02)/72.57(72.57)]
Gen. 166 (55.33%): Max/Min/Avg Fitness(Raw) [86.56(118.32)/49.92(1.02)/72.14(72.14)]
Gen. 167 (55.67%): Max/Min/Avg Fitness(Raw) [86.97(118.32)/49.88(1.02)/72.48(72.48)]
Gen. 168 (56.00%): Max/Min/Avg Fitness(Raw) [87.42(118.32)/49.83(1.02)/72.85(72.85)]
Gen. 169 (56.33%): Max/Min/Avg Fitness(Raw) [87.07(118.32)/49.87(1.02)/72.56(72.56)]
Gen. 170 (56.67%): Max/Min/Avg Fitness(Raw) [86.85(118.32)/49.89(1.02)/72.37(72.37)]
Gen. 171 (57.00%): Max/Min/Avg Fitness(Raw) [86.50(118.32)/49.93(1.02)/72.09(72.09)]
Gen. 172 (57.33%): Max/Min/Avg Fitness(Raw) [86.77(118.32)/49.90(1.02)/72.30(72.30)]
Gen. 173 (57.67%): Max/Min/Avg Fitness(Raw) [86.64(118.32)/49.91(1.02)/72.20(72.20)]
Gen. 174 (58.00%): Max/Min/Avg Fitness(Raw) [86.57(118.32)/49.92(1.02)/72.15(72.15)]
Gen. 175 (58.33%): Max/Min/Avg Fitness(Raw) [87.24(118.32)/49.85(1.02)/72.70(72.70)]
Gen. 176 (58.67%): Max/Min/Avg Fitness(Raw) [87.44(118.32)/49.83(1.02)/72.86(72.86)]
Gen. 177 (59.00%): Max/Min/Avg Fitness(Raw) [87.27(118.32)/49.85(1.02)/72.72(72.72)]
Gen. 178 (59.33%): Max/Min/Avg Fitness(Raw) [87.26(118.32)/49.85(1.02)/72.71(72.71)]
Gen. 179 (59.67%): Max/Min/Avg Fitness(Raw) [87.00(118.32)/49.88(1.02)/72.50(72.50)]
Gen. 180 (60.00%): Max/Min/Avg Fitness(Raw) [86.71(118.32)/49.91(1.02)/72.26(72.26)]
Gen. 181 (60.33%): Max/Min/Avg Fitness(Raw) [86.07(118.32)/49.96(1.02)/71.72(71.72)]
Gen. 182 (60.67%): Max/Min/Avg Fitness(Raw) [86.69(118.32)/49.91(1.02)/72.24(72.24)]
Gen. 183 (61.00%): Max/Min/Avg Fitness(Raw) [87.19(118.32)/49.86(1.02)/72.65(72.65)]
Gen. 184 (61.33%): Max/Min/Avg Fitness(Raw) [87.92(118.38)/49.80(1.02)/73.27(73.27)]
Gen. 185 (61.67%): Max/Min/Avg Fitness(Raw) [86.94(118.38)/49.92(1.02)/72.45(72.45)]
Gen. 186 (62.00%): Max/Min/Avg Fitness(Raw) [86.91(118.38)/49.92(1.02)/72.43(72.43)]
Gen. 187 (62.33%): Max/Min/Avg Fitness(Raw) [85.23(118.38)/50.03(1.02)/71.03(71.03)]
Gen. 188 (62.67%): Max/Min/Avg Fitness(Raw) [85.87(118.38)/50.00(1.02)/71.56(71.56)]
Gen. 189 (63.00%): Max/Min/Avg Fitness(Raw) [86.20(118.38)/49.98(1.02)/71.83(71.83)]
Gen. 190 (63.33%): Max/Min/Avg Fitness(Raw) [86.30(118.55)/50.05(1.02)/71.92(71.92)]
Gen. 191 (63.67%): Max/Min/Avg Fitness(Raw) [86.62(118.55)/50.02(1.02)/72.19(72.19)]
Gen. 192 (64.00%): Max/Min/Avg Fitness(Raw) [88.06(118.55)/49.87(1.02)/73.38(73.38)]
Gen. 193 (64.33%): Max/Min/Avg Fitness(Raw) [87.36(118.55)/49.95(1.02)/72.80(72.80)]
Gen. 194 (64.67%): Max/Min/Avg Fitness(Raw) [88.45(118.55)/49.81(1.02)/73.71(73.71)]
Gen. 195 (65.00%): Max/Min/Avg Fitness(Raw) [87.16(118.55)/49.98(1.02)/72.64(72.64)]
Gen. 196 (65.33%): Max/Min/Avg Fitness(Raw) [87.44(118.55)/49.95(1.02)/72.87(72.87)]
Gen. 197 (65.67%): Max/Min/Avg Fitness(Raw) [86.23(118.55)/50.05(1.02)/71.86(71.86)]
Gen. 198 (66.00%): Max/Min/Avg Fitness(Raw) [87.55(118.55)/49.93(1.02)/72.96(72.96)]
Gen. 199 (66.33%): Max/Min/Avg Fitness(Raw) [87.53(118.55)/49.94(1.02)/72.94(72.94)]
Gen. 200 (66.67%): Max/Min/Avg Fitness(Raw) [87.50(118.55)/49.94(1.02)/72.91(72.91)]
Gen. 201 (67.00%): Max/Min/Avg Fitness(Raw) [86.72(118.55)/50.02(1.02)/72.27(72.27)]
Gen. 202 (67.33%): Max/Min/Avg Fitness(Raw) [87.16(118.55)/49.98(1.02)/72.63(72.63)]
Gen. 203 (67.67%): Max/Min/Avg Fitness(Raw) [86.87(118.55)/50.00(1.02)/72.39(72.39)]
Gen. 204 (68.00%): Max/Min/Avg Fitness(Raw) [87.03(118.55)/49.99(1.02)/72.53(72.53)]
Gen. 205 (68.33%): Max/Min/Avg Fitness(Raw) [87.33(118.55)/49.96(1.02)/72.78(72.78)]
Gen. 206 (68.67%): Max/Min/Avg Fitness(Raw) [87.27(118.55)/49.96(1.02)/72.72(72.72)]
Gen. 207 (69.00%): Max/Min/Avg Fitness(Raw) [87.32(118.55)/49.96(1.02)/72.77(72.77)]
Gen. 208 (69.33%): Max/Min/Avg Fitness(Raw) [86.25(118.55)/50.05(1.02)/71.87(71.87)]
Gen. 209 (69.67%): Max/Min/Avg Fitness(Raw) [87.50(118.55)/49.94(1.02)/72.92(72.92)]
Gen. 210 (70.00%):