Creating network.
The layer structure is following:
[70, 8, 1]
Setting newtork parameters
Getting training data : ALL_S6_959126400_hveto_channels_signif_dt_set_1_training.pat
Setting GA training parameters
Start running GA
Gen. 0 (0.00%): Max/Min/Avg Fitness(Raw) [0.59(0.98)/0.40(0.02)/0.49(0.49)]
Gen. 1 (5.00%): Max/Min/Avg Fitness(Raw) [0.59(0.98)/0.40(0.02)/0.49(0.49)]
Gen. 2 (10.00%): Max/Min/Avg Fitness(Raw) [0.56(0.98)/0.39(0.02)/0.47(0.47)]
Gen. 3 (15.00%): Max/Min/Avg Fitness(Raw) [0.74(0.98)/0.42(0.02)/0.62(0.62)]
Gen. 4 (20.00%): Max/Min/Avg Fitness(Raw) [0.72(0.98)/0.42(0.02)/0.60(0.60)]
Gen. 5 (25.00%): Max/Min/Avg Fitness(Raw) [0.54(0.98)/0.38(0.02)/0.45(0.45)]
Gen. 6 (30.00%): Max/Min/Avg Fitness(Raw) [0.64(0.98)/0.41(0.02)/0.54(0.54)]
Gen. 7 (35.00%): Max/Min/Avg Fitness(Raw) [0.68(0.98)/0.42(0.02)/0.56(0.56)]
Gen. 8 (40.00%): Max/Min/Avg Fitness(Raw) [0.59(0.98)/0.40(0.02)/0.49(0.49)]
Gen. 9 (45.00%): Max/Min/Avg Fitness(Raw) [0.61(0.98)/0.41(0.02)/0.51(0.51)]
Gen. 10 (50.00%): Max/Min/Avg Fitness(Raw) [0.58(0.98)/0.39(0.02)/0.48(0.48)]
Gen. 11 (55.00%): Max/Min/Avg Fitness(Raw) [0.56(0.98)/0.39(0.02)/0.47(0.47)]
Gen. 12 (60.00%): Max/Min/Avg Fitness(Raw) [0.64(0.98)/0.41(0.02)/0.53(0.53)]
Gen. 13 (65.00%): Max/Min/Avg Fitness(Raw) [0.62(0.98)/0.41(0.02)/0.51(0.51)]
Gen. 14 (70.00%): Max/Min/Avg Fitness(Raw) [0.58(0.98)/0.39(0.02)/0.48(0.48)]
Gen. 15 (75.00%): Max/Min/Avg Fitness(Raw) [0.63(0.98)/0.41(0.02)/0.53(0.53)]
Gen. 16 (80.00%): Max/Min/Avg Fitness(Raw) [0.63(0.98)/0.41(0.02)/0.53(0.53)]
Gen. 17 (85.00%): Max/Min/Avg Fitness(Raw) [0.64(0.98)/0.41(0.02)/0.53(0.53)]
Gen. 18 (90.00%): Max/Min/Avg Fitness(Raw) [0.77(0.99)/0.41(0.02)/0.64(0.64)]
Gen. 19 (95.00%): Max/Min/Avg Fitness(Raw) [0.65(0.99)/0.42(0.02)/0.54(0.54)]
Gen. 20 (100.00%): Max/Min/Avg Fitness(Raw) [0.71(0.99)/0.42(0.02)/0.59(0.59)]
Total time elapsed: 350.769 seconds.
GA MSE : 0.021487
Best initial connection wetighs are set on Network
Setting FANN training parameters
Input layer                          :  70 neurons, 1 bias
  Hidden layer                       :   8 neurons, 1 bias
Output layer                         :   1 neurons
Total neurons and biases             :  81
Total connections                    : 577
Connection rate                      :   1.000
Network type                         :   FANN_NETTYPE_LAYER
Training algorithm                   :   FANN_TRAIN_RPROP
Training error function              :   FANN_ERRORFUNC_TANH
Training stop function               :   FANN_STOPFUNC_MSE
Bit fail limit                       :   0.350
Learning rate                        :   0.700
Learning momentum                    :   0.000
Quickprop decay                      :  -0.000100
Quickprop mu                         :   1.750
RPROP increase factor                :   1.001
RPROP decrease factor                :   0.500
RPROP delta min                      :   0.000
RPROP delta max                      :  50.000
Cascade output change fraction       :   0.010000
Cascade candidate change fraction    :   0.010000
Cascade output stagnation epochs     :  12
Cascade candidate stagnation epochs  :  12
Cascade max output epochs            : 150
Cascade max candidate epochs         : 150
Cascade weight multiplier            :   0.400
Cascade candidate limit              :1000.000
Cascade activation functions[0]      :   FANN_SIGMOID
Cascade activation functions[1]      :   FANN_SIGMOID_SYMMETRIC
Cascade activation functions[2]      :   FANN_GAUSSIAN
Cascade activation functions[3]      :   FANN_GAUSSIAN_SYMMETRIC
Cascade activation functions[4]      :   FANN_ELLIOT
Cascade activation functions[5]      :   FANN_ELLIOT_SYMMETRIC
Cascade activation functions[6]      :   FANN_SIN_SYMMETRIC
Cascade activation functions[7]      :   FANN_COS_SYMMETRIC
Cascade activation functions[8]      :   FANN_SIN
Cascade activation functions[9]      :   FANN_COS
Cascade activation steepnesses[0]    :   0.250
Cascade activation steepnesses[1]    :   0.500
Cascade activation steepnesses[2]    :   0.750
Cascade activation steepnesses[3]    :   1.000
Cascade candidate groups             :   2
Cascade no. of candidates            :  80
Start training network with 2-algorithm in FANN
Max epochs     8000. Desired error: 0.0010000000.
Epochs            1. Current error: 0.0141039183. Bit fail 246.
Epochs          100. Current error: 0.0155635383. Bit fail 271.
Epochs          200. Current error: 0.0160000268. Bit fail 282.
Epochs          300. Current error: 0.0152464500. Bit fail 266.
Epochs          400. Current error: 0.0147510767. Bit fail 261.
Epochs          500. Current error: 0.0141174002. Bit fail 249.
Epochs          600. Current error: 0.0139096305. Bit fail 246.
Epochs          700. Current error: 0.0135079836. Bit fail 239.
Epochs          800. Current error: 0.0130243907. Bit fail 229.
Epochs          900. Current error: 0.0129930610. Bit fail 229.
Epochs         1000. Current error: 0.0127655743. Bit fail 228.
Epochs         1100. Current error: 0.0123361358. Bit fail 237.
Epochs         1200. Current error: 0.0123143522. Bit fail 234.
Epochs         1300. Current error: 0.0123036038. Bit fail 232.
Epochs         1400. Current error: 0.0122440346. Bit fail 231.
Epochs         1500. Current error: 0.0122297565. Bit fail 232.
Epochs         1600. Current error: 0.0122155482. Bit fail 230.
Epochs         1700. Current error: 0.0121975038. Bit fail 231.
Epochs         1800. Current error: 0.0121078985. Bit fail 229.
Epochs         1900. Current error: 0.0120654292. Bit fail 229.
Epochs         2000. Current error: 0.0118760131. Bit fail 235.
Epochs         2100. Current error: 0.0116391396. Bit fail 231.
Epochs         2200. Current error: 0.0115342000. Bit fail 227.
Epochs         2300. Current error: 0.0114389304. Bit fail 226.
Epochs         2400. Current error: 0.0113682309. Bit fail 223.
Epochs         2500. Current error: 0.0113510573. Bit fail 223.
Epochs         2600. Current error: 0.0112966932. Bit fail 221.
Epochs         2700. Current error: 0.0112802498. Bit fail 223.
Epochs         2800. Current error: 0.0112838950. Bit fail 224.
Epochs         2900. Current error: 0.0112707382. Bit fail 222.
Epochs         3000. Current error: 0.0113156391. Bit fail 222.
Epochs         3100. Current error: 0.0113328462. Bit fail 222.
Epochs         3200. Current error: 0.0113660209. Bit fail 223.
Epochs         3300. Current error: 0.0113981152. Bit fail 223.
Epochs         3400. Current error: 0.0113787781. Bit fail 224.
Epochs         3500. Current error: 0.0113799805. Bit fail 225.
Epochs         3600. Current error: 0.0113795269. Bit fail 225.
Epochs         3700. Current error: 0.0113756340. Bit fail 225.
Epochs         3800. Current error: 0.0114214495. Bit fail 226.
Epochs         3900. Current error: 0.0113704698. Bit fail 225.
Epochs         4000. Current error: 0.0114221238. Bit fail 227.
Epochs         4100. Current error: 0.0114386035. Bit fail 227.
Epochs         4200. Current error: 0.0114961406. Bit fail 229.
Epochs         4300. Current error: 0.0114255566. Bit fail 228.
Epochs         4400. Current error: 0.0113766026. Bit fail 228.
Epochs         4500. Current error: 0.0113277817. Bit fail 228.
Epochs         4600. Current error: 0.0113004846. Bit fail 228.
Epochs         4700. Current error: 0.0112632615. Bit fail 227.
Epochs         4800. Current error: 0.0112726334. Bit fail 229.
Epochs         4900. Current error: 0.0112549262. Bit fail 229.
Epochs         5000. Current error: 0.0112620341. Bit fail 228.
Epochs         5100. Current error: 0.0112699177. Bit fail 225.
Epochs         5200. Current error: 0.0112664187. Bit fail 225.
Epochs         5300. Current error: 0.0111947972. Bit fail 223.
Epochs         5400. Current error: 0.0110706380. Bit fail 222.
Epochs         5500. Current error: 0.0109976716. Bit fail 220.
Epochs         5600. Current error: 0.0109880446. Bit fail 219.
Epochs         5700. Current error: 0.0109615941. Bit fail 219.
Epochs         5800. Current error: 0.0109398197. Bit fail 219.
Epochs         5900. Current error: 0.0109245479. Bit fail 216.
Epochs         6000. Current error: 0.0109052798. Bit fail 216.
Epochs         6100. Current error: 0.0108674588. Bit fail 216.
Epochs         6200. Current error: 0.0108880568. Bit fail 217.
Epochs         6300. Current error: 0.0109239602. Bit fail 217.
Epochs         6400. Current error: 0.0110482639. Bit fail 219.
Epochs         6500. Current error: 0.0111085419. Bit fail 221.
Epochs         6600. Current error: 0.0110966237. Bit fail 219.
Epochs         6700. Current error: 0.0111067472. Bit fail 218.
Epochs         6800. Current error: 0.0111177024. Bit fail 217.
Epochs         6900. Current error: 0.0111237066. Bit fail 218.
Epochs         7000. Current error: 0.0111113135. Bit fail 218.
Epochs         7100. Current error: 0.0110986698. Bit fail 220.
Epochs         7200. Current error: 0.0111057302. Bit fail 221.
Epochs         7300. Current error: 0.0111574242. Bit fail 221.
Epochs         7400. Current error: 0.0112626739. Bit fail 224.
Epochs         7500. Current error: 0.0113154827. Bit fail 222.
Epochs         7600. Current error: 0.0113039874. Bit fail 222.
Epochs         7700. Current error: 0.0114178853. Bit fail 224.
Epochs         7800. Current error: 0.0115485284. Bit fail 227.
Epochs         7900. Current error: 0.0115551380. Bit fail 229.
Epochs         8000. Current error: 0.0115559446. Bit fail 229.
Time elpased for FANN training: 284.124688 seconds
Trained Network by GA+FANN is saved in 
./ALL_S6_959126400_hveto_channels_signif_dt_set_1_training_n70n8n1_c10_mr10_p500_g20_rmin-25_rmax25_gsigma50_y1001_z05_f05g09_m8000.net.
Total Running Time: 635.451440 seconds
