Creating network.
The layer structure is following:
[70, 30, 1]
Setting newtork parameters
Getting training data : ALL_S6_959126400_hveto_channels_signif_dt_set_0_training.pat
Setting GA training parameters
Start running GA
Gen. 0 (0.00%): Max/Min/Avg Fitness(Raw) [25.61(59.17)/19.05(1.02)/21.34(21.34)]
Gen. 1 (0.50%): Max/Min/Avg Fitness(Raw) [63.75(63.58)/0.00(1.23)/55.64(55.64)]
Gen. 2 (1.00%): Max/Min/Avg Fitness(Raw) [66.87(66.73)/0.00(1.03)/58.90(58.90)]
Gen. 3 (1.50%): Max/Min/Avg Fitness(Raw) [69.46(69.35)/0.00(1.02)/62.67(62.67)]
Gen. 4 (2.00%): Max/Min/Avg Fitness(Raw) [71.35(71.21)/0.00(1.03)/63.14(63.14)]
Gen. 5 (2.50%): Max/Min/Avg Fitness(Raw) [73.63(73.48)/0.00(1.09)/64.44(64.44)]
Gen. 6 (3.00%): Max/Min/Avg Fitness(Raw) [76.51(76.35)/0.00(1.02)/65.82(65.82)]
Gen. 7 (3.50%): Max/Min/Avg Fitness(Raw) [78.52(78.25)/0.00(1.02)/62.24(62.24)]
Gen. 8 (4.00%): Max/Min/Avg Fitness(Raw) [80.18(79.92)/0.00(1.02)/64.20(64.20)]
Gen. 9 (4.50%): Max/Min/Avg Fitness(Raw) [81.02(80.77)/0.00(1.02)/65.29(65.29)]
Gen. 10 (5.00%): Max/Min/Avg Fitness(Raw) [82.15(81.90)/0.00(1.02)/65.67(65.67)]
Gen. 11 (5.50%): Max/Min/Avg Fitness(Raw) [82.60(82.34)/0.00(1.02)/65.77(65.77)]
Gen. 12 (6.00%): Max/Min/Avg Fitness(Raw) [82.96(82.72)/0.00(1.02)/66.85(66.85)]
Gen. 13 (6.50%): Max/Min/Avg Fitness(Raw) [83.26(83.01)/0.00(1.02)/66.56(66.56)]
Gen. 14 (7.00%): Max/Min/Avg Fitness(Raw) [83.60(83.35)/0.00(1.02)/67.25(67.25)]
Gen. 15 (7.50%): Max/Min/Avg Fitness(Raw) [84.12(83.84)/0.00(1.02)/66.26(66.26)]
Gen. 16 (8.00%): Max/Min/Avg Fitness(Raw) [84.67(84.39)/0.00(1.02)/66.50(66.50)]
Gen. 17 (8.50%): Max/Min/Avg Fitness(Raw) [85.57(85.31)/0.00(1.02)/68.35(68.35)]
Gen. 18 (9.00%): Max/Min/Avg Fitness(Raw) [86.41(86.15)/0.00(1.02)/68.92(68.92)]
Gen. 19 (9.50%): Max/Min/Avg Fitness(Raw) [87.29(87.02)/0.00(1.02)/69.47(69.47)]
Gen. 20 (10.00%): Max/Min/Avg Fitness(Raw) [87.76(87.50)/0.00(1.02)/69.67(69.67)]
Gen. 21 (10.50%): Max/Min/Avg Fitness(Raw) [88.16(87.90)/0.00(1.02)/70.24(70.24)]
Gen. 22 (11.00%): Max/Min/Avg Fitness(Raw) [88.82(88.54)/0.00(1.02)/70.12(70.12)]
Gen. 23 (11.50%): Max/Min/Avg Fitness(Raw) [89.33(89.04)/0.00(1.02)/69.96(69.96)]
Gen. 24 (12.00%): Max/Min/Avg Fitness(Raw) [89.99(89.71)/0.00(1.02)/70.76(70.76)]
Gen. 25 (12.50%): Max/Min/Avg Fitness(Raw) [90.38(90.10)/0.00(1.02)/71.18(71.18)]
Gen. 26 (13.00%): Max/Min/Avg Fitness(Raw) [90.91(90.63)/0.00(1.02)/71.37(71.37)]
Gen. 27 (13.50%): Max/Min/Avg Fitness(Raw) [91.36(91.08)/0.00(1.02)/71.72(71.72)]
Gen. 28 (14.00%): Max/Min/Avg Fitness(Raw) [92.08(91.80)/0.00(1.02)/71.93(71.93)]
Gen. 29 (14.50%): Max/Min/Avg Fitness(Raw) [93.39(93.10)/0.00(1.02)/72.48(72.48)]
Gen. 30 (15.00%): Max/Min/Avg Fitness(Raw) [93.97(93.68)/0.00(1.02)/72.70(72.70)]
Gen. 31 (15.50%): Max/Min/Avg Fitness(Raw) [94.30(94.03)/0.00(1.02)/74.40(74.40)]
Gen. 32 (16.00%): Max/Min/Avg Fitness(Raw) [94.66(94.38)/0.00(1.02)/74.31(74.31)]
Gen. 33 (16.50%): Max/Min/Avg Fitness(Raw) [94.97(94.68)/0.00(1.02)/74.43(74.43)]
Gen. 34 (17.00%): Max/Min/Avg Fitness(Raw) [95.85(95.56)/0.00(1.02)/74.64(74.64)]
Gen. 35 (17.50%): Max/Min/Avg Fitness(Raw) [96.24(95.95)/0.00(1.02)/75.37(75.37)]
Gen. 36 (18.00%): Max/Min/Avg Fitness(Raw) [96.54(96.26)/0.00(1.02)/75.31(75.31)]
Gen. 37 (18.50%): Max/Min/Avg Fitness(Raw) [96.79(96.51)/0.00(1.02)/75.71(75.71)]
Gen. 38 (19.00%): Max/Min/Avg Fitness(Raw) [97.28(96.99)/0.00(1.02)/75.94(75.94)]
Gen. 39 (19.50%): Max/Min/Avg Fitness(Raw) [97.36(97.07)/0.00(1.02)/75.86(75.86)]
Gen. 40 (20.00%): Max/Min/Avg Fitness(Raw) [97.79(97.49)/0.00(1.02)/75.37(75.37)]
Gen. 41 (20.50%): Max/Min/Avg Fitness(Raw) [98.32(98.04)/0.00(1.02)/77.00(77.00)]
Gen. 42 (21.00%): Max/Min/Avg Fitness(Raw) [98.54(98.24)/0.00(1.02)/76.00(76.00)]
Gen. 43 (21.50%): Max/Min/Avg Fitness(Raw) [98.62(98.33)/0.00(1.02)/76.60(76.60)]
Gen. 44 (22.00%): Max/Min/Avg Fitness(Raw) [98.78(98.48)/0.00(1.02)/76.57(76.57)]
Gen. 45 (22.50%): Max/Min/Avg Fitness(Raw) [98.91(98.62)/0.00(1.02)/77.04(77.04)]
Gen. 46 (23.00%): Max/Min/Avg Fitness(Raw) [99.09(98.79)/0.00(1.02)/76.72(76.72)]
Gen. 47 (23.50%): Max/Min/Avg Fitness(Raw) [99.29(98.99)/0.00(1.02)/76.89(76.89)]
Gen. 48 (24.00%): Max/Min/Avg Fitness(Raw) [99.30(99.02)/0.00(1.02)/77.95(77.95)]
Gen. 49 (24.50%): Max/Min/Avg Fitness(Raw) [99.40(99.12)/0.00(1.02)/77.76(77.76)]
Gen. 50 (25.00%): Max/Min/Avg Fitness(Raw) [100.15(99.86)/0.00(1.02)/77.80(77.80)]
Gen. 51 (25.50%): Max/Min/Avg Fitness(Raw) [101.03(100.73)/0.00(1.02)/78.44(78.44)]
Gen. 52 (26.00%): Max/Min/Avg Fitness(Raw) [101.42(101.13)/0.00(1.02)/78.74(78.74)]
Gen. 53 (26.50%): Max/Min/Avg Fitness(Raw) [101.70(101.41)/0.00(1.02)/79.13(79.13)]
Gen. 54 (27.00%): Max/Min/Avg Fitness(Raw) [102.05(101.77)/0.00(1.02)/79.95(79.95)]
Gen. 55 (27.50%): Max/Min/Avg Fitness(Raw) [102.07(101.77)/0.00(1.02)/79.03(79.03)]
Gen. 56 (28.00%): Max/Min/Avg Fitness(Raw) [102.21(101.93)/0.00(1.02)/80.18(80.18)]
Gen. 57 (28.50%): Max/Min/Avg Fitness(Raw) [102.35(102.06)/0.00(1.02)/79.47(79.47)]
Gen. 58 (29.00%): Max/Min/Avg Fitness(Raw) [102.47(102.18)/0.00(1.02)/79.54(79.54)]
Gen. 59 (29.50%): Max/Min/Avg Fitness(Raw) [102.84(102.54)/0.00(1.02)/79.79(79.79)]
Gen. 60 (30.00%): Max/Min/Avg Fitness(Raw) [102.91(102.62)/0.00(1.02)/80.30(80.30)]
Gen. 61 (30.50%): Max/Min/Avg Fitness(Raw) [103.02(102.72)/0.00(1.02)/80.03(80.03)]
Gen. 62 (31.00%): Max/Min/Avg Fitness(Raw) [103.13(102.82)/0.00(1.02)/79.32(79.32)]
Gen. 63 (31.50%): Max/Min/Avg Fitness(Raw) [103.42(103.12)/0.00(1.02)/80.06(80.06)]
Gen. 64 (32.00%): Max/Min/Avg Fitness(Raw) [103.43(103.12)/0.00(1.02)/79.33(79.33)]
Gen. 65 (32.50%): Max/Min/Avg Fitness(Raw) [103.69(103.37)/0.00(1.02)/79.23(79.23)]
Gen. 66 (33.00%): Max/Min/Avg Fitness(Raw) [104.03(103.75)/0.00(1.02)/81.41(81.41)]
Gen. 67 (33.50%): Max/Min/Avg Fitness(Raw) [104.15(103.88)/0.00(1.02)/82.03(82.03)]
Gen. 68 (34.00%): Max/Min/Avg Fitness(Raw) [104.17(103.88)/0.00(1.02)/81.23(81.23)]
Gen. 69 (34.50%): Max/Min/Avg Fitness(Raw) [104.16(103.88)/0.00(1.02)/81.84(81.84)]
Gen. 70 (35.00%): Max/Min/Avg Fitness(Raw) [104.15(103.88)/0.00(1.02)/82.02(82.02)]
Gen. 71 (35.50%): Max/Min/Avg Fitness(Raw) [104.28(104.01)/0.00(1.02)/82.20(82.20)]
Gen. 72 (36.00%): Max/Min/Avg Fitness(Raw) [104.31(104.02)/0.00(1.02)/81.04(81.04)]
Gen. 73 (36.50%): Max/Min/Avg Fitness(Raw) [104.57(104.28)/0.00(1.02)/81.83(81.83)]
Gen. 74 (37.00%): Max/Min/Avg Fitness(Raw) [104.88(104.59)/0.00(1.02)/81.45(81.45)]
Gen. 75 (37.50%): Max/Min/Avg Fitness(Raw) [104.97(104.67)/0.00(1.02)/81.56(81.56)]
Gen. 76 (38.00%): Max/Min/Avg Fitness(Raw) [105.41(105.11)/0.00(1.02)/81.63(81.63)]
Gen. 77 (38.50%): Max/Min/Avg Fitness(Raw) [105.42(105.13)/0.00(1.02)/82.37(82.37)]
Gen. 78 (39.00%): Max/Min/Avg Fitness(Raw) [105.68(105.40)/0.00(1.02)/82.67(82.67)]
Gen. 79 (39.50%): Max/Min/Avg Fitness(Raw) [105.85(105.57)/0.00(1.02)/83.07(83.07)]
Gen. 80 (40.00%): Max/Min/Avg Fitness(Raw) [107.17(106.87)/0.00(1.02)/83.15(83.15)]
Gen. 81 (40.50%): Max/Min/Avg Fitness(Raw) [107.17(106.87)/0.00(1.02)/82.78(82.78)]
Gen. 82 (41.00%): Max/Min/Avg Fitness(Raw) [107.19(106.90)/0.00(1.02)/83.80(83.80)]
Gen. 83 (41.50%): Max/Min/Avg Fitness(Raw) [107.19(106.90)/0.00(1.02)/83.57(83.57)]
Gen. 84 (42.00%): Max/Min/Avg Fitness(Raw) [107.18(106.90)/0.00(1.02)/84.00(84.00)]
Gen. 85 (42.50%): Max/Min/Avg Fitness(Raw) [107.23(106.93)/0.00(1.02)/83.06(83.06)]
Gen. 86 (43.00%): Max/Min/Avg Fitness(Raw) [107.22(106.93)/0.00(1.02)/83.76(83.76)]
Gen. 87 (43.50%): Max/Min/Avg Fitness(Raw) [107.31(107.02)/0.00(1.02)/83.48(83.48)]
Gen. 88 (44.00%): Max/Min/Avg Fitness(Raw) [107.30(107.02)/0.00(1.02)/84.12(84.12)]
Gen. 89 (44.50%): Max/Min/Avg Fitness(Raw) [107.44(107.15)/0.00(1.02)/83.71(83.71)]
Gen. 90 (45.00%): Max/Min/Avg Fitness(Raw) [107.47(107.18)/0.00(1.02)/83.93(83.93)]
Gen. 91 (45.50%): Max/Min/Avg Fitness(Raw) [107.49(107.19)/0.00(1.02)/83.48(83.48)]
Gen. 92 (46.00%): Max/Min/Avg Fitness(Raw) [107.57(107.27)/0.00(1.02)/83.28(83.28)]
Gen. 93 (46.50%): Max/Min/Avg Fitness(Raw) [107.69(107.38)/0.00(1.02)/82.61(82.61)]
Gen. 94 (47.00%): Max/Min/Avg Fitness(Raw) [107.68(107.38)/0.00(1.02)/83.06(83.06)]
Gen. 95 (47.50%): Max/Min/Avg Fitness(Raw) [107.67(107.38)/0.00(1.02)/83.96(83.96)]
Gen. 96 (48.00%): Max/Min/Avg Fitness(Raw) [107.68(107.38)/0.00(1.02)/83.21(83.21)]
Gen. 97 (48.50%): Max/Min/Avg Fitness(Raw) [107.68(107.38)/0.00(1.02)/83.69(83.69)]
Gen. 98 (49.00%): Max/Min/Avg Fitness(Raw) [107.72(107.43)/0.00(1.02)/83.75(83.75)]
Gen. 99 (49.50%): Max/Min/Avg Fitness(Raw) [107.96(107.66)/0.00(1.02)/83.13(83.13)]
Gen. 100 (50.00%): Max/Min/Avg Fitness(Raw) [108.62(108.31)/0.00(1.02)/83.51(83.51)]
Gen. 101 (50.50%): Max/Min/Avg Fitness(Raw) [109.38(109.07)/0.00(1.02)/83.84(83.84)]
Gen. 102 (51.00%): Max/Min/Avg Fitness(Raw) [109.82(109.51)/0.00(1.02)/84.52(84.52)]
Gen. 103 (51.50%): Max/Min/Avg Fitness(Raw) [109.81(109.51)/0.00(1.02)/85.05(85.05)]
Gen. 104 (52.00%): Max/Min/Avg Fitness(Raw) [109.81(109.51)/0.00(1.02)/85.38(85.38)]
Gen. 105 (52.50%): Max/Min/Avg Fitness(Raw) [109.81(109.51)/0.00(1.02)/84.83(84.83)]
Gen. 106 (53.00%): Max/Min/Avg Fitness(Raw) [109.81(109.51)/0.00(1.02)/84.86(84.86)]
Gen. 107 (53.50%): Max/Min/Avg Fitness(Raw) [109.81(109.51)/0.00(1.02)/85.14(85.14)]
Gen. 108 (54.00%): Max/Min/Avg Fitness(Raw) [109.82(109.51)/0.00(1.02)/84.38(84.38)]
Gen. 109 (54.50%): Max/Min/Avg Fitness(Raw) [110.11(109.80)/0.00(1.02)/84.52(84.52)]
Gen. 110 (55.00%): Max/Min/Avg Fitness(Raw) [110.20(109.91)/0.00(1.02)/86.10(86.10)]
Gen. 111 (55.50%): Max/Min/Avg Fitness(Raw) [110.41(110.11)/0.00(1.02)/85.53(85.53)]
Gen. 112 (56.00%): Max/Min/Avg Fitness(Raw) [110.43(110.14)/0.00(1.02)/85.87(85.87)]
Gen. 113 (56.50%): Max/Min/Avg Fitness(Raw) [110.44(110.14)/0.00(1.02)/85.38(85.38)]
Gen. 114 (57.00%): Max/Min/Avg Fitness(Raw) [110.56(110.27)/0.00(1.02)/85.91(85.91)]
Gen. 115 (57.50%): Max/Min/Avg Fitness(Raw) [110.55(110.27)/0.00(1.02)/86.45(86.45)]
Gen. 116 (58.00%): Max/Min/Avg Fitness(Raw) [110.60(110.30)/0.00(1.02)/85.46(85.46)]
Gen. 117 (58.50%): Max/Min/Avg Fitness(Raw) [110.70(110.42)/0.00(1.02)/86.90(86.90)]
Gen. 118 (59.00%): Max/Min/Avg Fitness(Raw) [110.97(110.67)/0.00(1.02)/85.76(85.76)]
Gen. 119 (59.50%): Max/Min/Avg Fitness(Raw) [110.98(110.67)/0.00(1.02)/85.66(85.66)]
Gen. 120 (60.00%): Max/Min/Avg Fitness(Raw) [110.96(110.67)/0.00(1.02)/86.38(86.38)]
Gen. 121 (60.50%): Max/Min/Avg Fitness(Raw) [110.96(110.67)/0.00(1.02)/86.39(86.39)]
Gen. 122 (61.00%): Max/Min/Avg Fitness(Raw) [110.96(110.67)/0.00(1.02)/86.86(86.86)]
Gen. 123 (61.50%): Max/Min/Avg Fitness(Raw) [110.96(110.67)/0.00(1.02)/86.44(86.44)]
Gen. 124 (62.00%): Max/Min/Avg Fitness(Raw) [111.16(110.88)/0.00(1.02)/87.04(87.04)]
Gen. 125 (62.50%): Max/Min/Avg Fitness(Raw) [111.18(110.88)/0.00(1.02)/86.16(86.16)]
Gen. 126 (63.00%): Max/Min/Avg Fitness(Raw) [111.21(110.92)/0.00(1.02)/86.49(86.49)]
Gen. 127 (63.50%): Max/Min/Avg Fitness(Raw) [111.41(111.11)/0.00(1.02)/86.03(86.03)]
Gen. 128 (64.00%): Max/Min/Avg Fitness(Raw) [111.40(111.11)/0.00(1.02)/86.40(86.40)]
Gen. 129 (64.50%): Max/Min/Avg Fitness(Raw) [111.41(111.11)/0.00(1.02)/86.03(86.03)]
Gen. 130 (65.00%): Max/Min/Avg Fitness(Raw) [111.41(111.11)/0.00(1.02)/86.28(86.28)]
Gen. 131 (65.50%): Max/Min/Avg Fitness(Raw) [111.41(111.11)/0.00(1.02)/86.25(86.25)]
Gen. 132 (66.00%): Max/Min/Avg Fitness(Raw) [111.67(111.37)/0.00(1.02)/86.42(86.42)]
Gen. 133 (66.50%): Max/Min/Avg Fitness(Raw) [111.67(111.37)/0.00(1.02)/86.19(86.19)]
Gen. 134 (67.00%): Max/Min/Avg Fitness(Raw) [111.82(111.53)/0.00(1.02)/86.81(86.81)]
Gen. 135 (67.50%): Max/Min/Avg Fitness(Raw) [111.84(111.53)/0.00(1.02)/85.38(85.38)]
Gen. 136 (68.00%): Max/Min/Avg Fitness(Raw) [111.82(111.53)/0.00(1.02)/86.59(86.59)]
Gen. 137 (68.50%): Max/Min/Avg Fitness(Raw) [111.82(111.53)/0.00(1.02)/86.59(86.59)]
Gen. 138 (69.00%): Max/Min/Avg Fitness(Raw) [112.02(111.72)/0.00(1.02)/86.67(86.67)]
Gen. 139 (69.50%): Max/Min/Avg Fitness(Raw) [112.07(111.77)/0.00(1.02)/86.42(86.42)]
Gen. 140 (70.00%): Max/Min/Avg Fitness(Raw) [112.20(111.90)/0.00(1.02)/87.04(87.04)]
Gen. 141 (70.50%): Max/Min/Avg Fitness(Raw) [112.34(112.04)/0.00(1.02)/87.06(87.06)]
Gen. 142 (71.00%): Max/Min/Avg Fitness(Raw) [112.33(112.04)/0.00(1.02)/87.66(87.66)]
Gen. 143 (71.50%): Max/Min/Avg Fitness(Raw) [112.35(112.04)/0.00(1.02)/86.66(86.66)]
Gen. 144 (72.00%): Max/Min/Avg Fitness(Raw) [112.35(112.04)/0.00(1.02)/86.44(86.44)]
Gen. 145 (72.50%): Max/Min/Avg Fitness(Raw) [112.45(112.15)/0.00(1.02)/86.47(86.47)]
Gen. 146 (73.00%): Max/Min/Avg Fitness(Raw) [112.70(112.38)/0.00(1.02)/86.38(86.38)]
Gen. 147 (73.50%): Max/Min/Avg Fitness(Raw) [112.73(112.41)/0.00(1.02)/85.74(85.74)]
Gen. 148 (74.00%): Max/Min/Avg Fitness(Raw) [112.84(112.52)/0.00(1.02)/86.25(86.25)]
Gen. 149 (74.50%): Max/Min/Avg Fitness(Raw) [112.83(112.52)/0.00(1.02)/86.73(86.73)]
Gen. 150 (75.00%): Max/Min/Avg Fitness(Raw) [112.84(112.52)/0.00(1.02)/86.30(86.30)]
Gen. 151 (75.50%): Max/Min/Avg Fitness(Raw) [112.83(112.52)/0.00(1.02)/86.75(86.75)]
Gen. 152 (76.00%): Max/Min/Avg Fitness(Raw) [112.86(112.54)/0.00(1.02)/86.20(86.20)]
Gen. 153 (76.50%): Max/Min/Avg Fitness(Raw) [112.86(112.54)/0.00(1.02)/86.47(86.47)]
Gen. 154 (77.00%): Max/Min/Avg Fitness(Raw) [112.95(112.64)/0.00(1.02)/86.57(86.57)]
Gen. 155 (77.50%): Max/Min/Avg Fitness(Raw) [113.13(112.83)/0.00(1.02)/87.26(87.26)]
Gen. 156 (78.00%): Max/Min/Avg Fitness(Raw) [113.27(112.98)/0.00(1.02)/88.05(88.05)]
Gen. 157 (78.50%): Max/Min/Avg Fitness(Raw) [113.49(113.20)/0.00(1.02)/88.36(88.36)]
Gen. 158 (79.00%): Max/Min/Avg Fitness(Raw) [113.71(113.42)/0.00(1.02)/88.47(88.47)]
Gen. 159 (79.50%): Max/Min/Avg Fitness(Raw) [113.97(113.67)/0.00(1.02)/88.08(88.08)]
Gen. 160 (80.00%): Max/Min/Avg Fitness(Raw) [114.11(113.81)/0.00(1.02)/88.65(88.65)]
Gen. 161 (80.50%): Max/Min/Avg Fitness(Raw) [114.11(113.81)/0.00(1.02)/88.59(88.59)]
Gen. 162 (81.00%): Max/Min/Avg Fitness(Raw) [114.11(113.81)/0.00(1.02)/88.63(88.63)]
Gen. 163 (81.50%): Max/Min/Avg Fitness(Raw) [114.11(113.81)/0.00(1.02)/88.54(88.54)]
Gen. 164 (82.00%): Max/Min/Avg Fitness(Raw) [114.13(113.84)/0.00(1.02)/88.70(88.70)]
Gen. 165 (82.50%): Max/Min/Avg Fitness(Raw) [114.14(113.84)/0.00(1.02)/88.30(88.30)]
Gen. 166 (83.00%): Max/Min/Avg Fitness(Raw) [114.13(113.84)/0.00(1.02)/88.49(88.49)]
Gen. 167 (83.50%): Max/Min/Avg Fitness(Raw) [114.16(113.86)/0.00(1.02)/88.34(88.34)]
Gen. 168 (84.00%): Max/Min/Avg Fitness(Raw) [114.17(113.86)/0.00(1.02)/87.84(87.84)]
Gen. 169 (84.50%): Max/Min/Avg Fitness(Raw) [114.56(114.26)/0.00(1.02)/88.53(88.53)]
Gen. 170 (85.00%): Max/Min/Avg Fitness(Raw) [114.57(114.26)/0.00(1.02)/87.72(87.72)]
Gen. 171 (85.50%): Max/Min/Avg Fitness(Raw) [114.56(114.26)/0.00(1.02)/88.39(88.39)]
Gen. 172 (86.00%): Max/Min/Avg Fitness(Raw) [114.58(114.26)/0.00(1.02)/87.63(87.63)]
Gen. 173 (86.50%): Max/Min/Avg Fitness(Raw) [114.69(114.38)/0.00(1.02)/87.72(87.72)]
Gen. 174 (87.00%): Max/Min/Avg Fitness(Raw) [114.68(114.38)/0.00(1.02)/88.36(88.36)]
Gen. 175 (87.50%): Max/Min/Avg Fitness(Raw) [114.78(114.46)/0.00(1.02)/87.45(87.45)]
Gen. 176 (88.00%): Max/Min/Avg Fitness(Raw) [114.76(114.46)/0.00(1.02)/88.78(88.78)]
Gen. 177 (88.50%): Max/Min/Avg Fitness(Raw) [114.77(114.46)/0.00(1.02)/87.96(87.96)]
Gen. 178 (89.00%): Max/Min/Avg Fitness(Raw) [114.76(114.46)/0.00(1.02)/88.28(88.28)]
Gen. 179 (89.50%): Max/Min/Avg Fitness(Raw) [114.76(114.46)/0.00(1.02)/88.60(88.60)]
Gen. 180 (90.00%): Max/Min/Avg Fitness(Raw) [114.77(114.46)/0.00(1.02)/87.80(87.80)]
Gen. 181 (90.50%): Max/Min/Avg Fitness(Raw) [114.77(114.46)/0.00(1.02)/88.12(88.12)]
Gen. 182 (91.00%): Max/Min/Avg Fitness(Raw) [114.78(114.48)/0.00(1.02)/88.53(88.53)]
Gen. 183 (91.50%): Max/Min/Avg Fitness(Raw) [114.79(114.48)/0.00(1.02)/88.26(88.26)]
Gen. 184 (92.00%): Max/Min/Avg Fitness(Raw) [114.79(114.48)/0.00(1.02)/88.26(88.26)]
Gen. 185 (92.50%): Max/Min/Avg Fitness(Raw) [114.78(114.48)/0.00(1.02)/88.83(88.83)]
Gen. 186 (93.00%): Max/Min/Avg Fitness(Raw) [114.79(114.49)/0.00(1.02)/88.95(88.95)]
Gen. 187 (93.50%): Max/Min/Avg Fitness(Raw) [114.80(114.49)/0.00(1.02)/88.51(88.51)]
Gen. 188 (94.00%): Max/Min/Avg Fitness(Raw) [114.81(114.51)/0.00(1.02)/88.81(88.81)]
Gen. 189 (94.50%): Max/Min/Avg Fitness(Raw) [114.82(114.52)/0.00(1.02)/88.34(88.34)]
Gen. 190 (95.00%): Max/Min/Avg Fitness(Raw) [114.87(114.56)/0.00(1.02)/88.44(88.44)]
Gen. 191 (95.50%): Max/Min/Avg Fitness(Raw) [115.00(114.69)/0.00(1.02)/88.36(88.36)]
Gen. 192 (96.00%): Max/Min/Avg Fitness(Raw) [115.29(114.99)/0.00(1.02)/88.78(88.78)]
Gen. 193 (96.50%): Max/Min/Avg Fitness(Raw) [115.49(115.18)/0.00(1.02)/89.01(89.01)]
Gen. 194 (97.00%): Max/Min/Avg Fitness(Raw) [115.64(115.34)/0.00(1.02)/89.78(89.78)]
Gen. 195 (97.50%): Max/Min/Avg Fitness(Raw) [115.65(115.35)/0.00(1.02)/89.41(89.41)]
Gen. 196 (98.00%): Max/Min/Avg Fitness(Raw) [115.87(115.56)/0.00(1.02)/88.81(88.81)]
Gen. 197 (98.50%): Max/Min/Avg Fitness(Raw) [115.90(115.59)/0.00(1.02)/89.30(89.30)]
Gen. 198 (99.00%): Max/Min/Avg Fitness(Raw) [116.20(115.88)/0.00(1.02)/88.98(88.98)]
Gen. 199 (99.50%): Max/Min/Avg Fitness(Raw) [116.28(115.97)/0.00(1.02)/89.10(89.10)]
Gen. 200 (100.00%): Max/Min/Avg Fitness(Raw) [116.39(116.07)/0.00(1.02)/88.60(88.60)]
Total time elapsed: 124929.701 seconds.
GA MSE : 0.010114
Best initial connection wetighs are set on Network
Setting FANN training parameters
Input layer                          :  70 neurons, 1 bias
  Hidden layer                       :  30 neurons, 1 bias
Output layer                         :   1 neurons
Total neurons and biases             : 103
Total connections                    :2161
Connection rate                      :   1.000
Network type                         :   FANN_NETTYPE_LAYER
Training algorithm                   :   FANN_TRAIN_RPROP
Training error function              :   FANN_ERRORFUNC_TANH
Training stop function               :   FANN_STOPFUNC_MSE
Bit fail limit                       :   0.350
Learning rate                        :   0.700
Learning momentum                    :   0.000
Quickprop decay                      :  -0.000100
Quickprop mu                         :   1.750
RPROP increase factor                :   1.001
RPROP decrease factor                :   0.500
RPROP delta min                      :   0.000
RPROP delta max                      :  50.000
Cascade output change fraction       :   0.010000
Cascade candidate change fraction    :   0.010000
Cascade output stagnation epochs     :  12
Cascade candidate stagnation epochs  :  12
Cascade max output epochs            : 150
Cascade max candidate epochs         : 150
Cascade weight multiplier            :   0.400
Cascade candidate limit              :1000.000
Cascade activation functions[0]      :   FANN_SIGMOID
Cascade activation functions[1]      :   FANN_SIGMOID_SYMMETRIC
Cascade activation functions[2]      :   FANN_GAUSSIAN
Cascade activation functions[3]      :   FANN_GAUSSIAN_SYMMETRIC
Cascade activation functions[4]      :   FANN_ELLIOT
Cascade activation functions[5]      :   FANN_ELLIOT_SYMMETRIC
Cascade activation functions[6]      :   FANN_SIN_SYMMETRIC
Cascade activation functions[7]      :   FANN_COS_SYMMETRIC
Cascade activation functions[8]      :   FANN_SIN
Cascade activation functions[9]      :   FANN_COS
Cascade activation steepnesses[0]    :   0.250
Cascade activation steepnesses[1]    :   0.500
Cascade activation steepnesses[2]    :   0.750
Cascade activation steepnesses[3]    :   1.000
Cascade candidate groups             :   2
Cascade no. of candidates            :  80
Start training network with 2-algorithm in FANN
Max epochs     8000. Desired error: 0.0010000000.
Epochs            1. Current error: 0.0086156568. Bit fail 162.
Epochs          100. Current error: 0.0092140092. Bit fail 192.
Epochs          200. Current error: 0.0087743048. Bit fail 179.
Epochs          300. Current error: 0.0083018430. Bit fail 166.
Epochs          400. Current error: 0.0080030533. Bit fail 158.
Epochs          500. Current error: 0.0077008349. Bit fail 152.
Epochs          600. Current error: 0.0074744611. Bit fail 147.
Epochs          700. Current error: 0.0073299166. Bit fail 145.
Epochs          800. Current error: 0.0071939663. Bit fail 143.
Epochs          900. Current error: 0.0070683816. Bit fail 141.
Epochs         1000. Current error: 0.0069713076. Bit fail 139.
Epochs         1100. Current error: 0.0068456843. Bit fail 136.
Epochs         1200. Current error: 0.0067293635. Bit fail 134.
Epochs         1300. Current error: 0.0066427062. Bit fail 132.
Epochs         1400. Current error: 0.0065807272. Bit fail 131.
Epochs         1500. Current error: 0.0065301727. Bit fail 129.
Epochs         1600. Current error: 0.0064763576. Bit fail 128.
Epochs         1700. Current error: 0.0064069922. Bit fail 126.
Epochs         1800. Current error: 0.0063544111. Bit fail 121.
Epochs         1900. Current error: 0.0063027986. Bit fail 120.
Epochs         2000. Current error: 0.0062433272. Bit fail 118.
Epochs         2100. Current error: 0.0061714957. Bit fail 120.
Epochs         2200. Current error: 0.0061074472. Bit fail 121.
Epochs         2300. Current error: 0.0060709869. Bit fail 118.
Epochs         2400. Current error: 0.0060429932. Bit fail 116.
Epochs         2500. Current error: 0.0060230247. Bit fail 115.
Epochs         2600. Current error: 0.0060098241. Bit fail 117.
Epochs         2700. Current error: 0.0059974892. Bit fail 116.
Epochs         2800. Current error: 0.0059739528. Bit fail 112.
Epochs         2900. Current error: 0.0059455321. Bit fail 113.
Epochs         3000. Current error: 0.0059108268. Bit fail 113.
Epochs         3100. Current error: 0.0058793253. Bit fail 113.
Epochs         3200. Current error: 0.0058534835. Bit fail 112.
Epochs         3300. Current error: 0.0058224383. Bit fail 112.
Epochs         3400. Current error: 0.0057877731. Bit fail 110.
Epochs         3500. Current error: 0.0057596778. Bit fail 108.
Epochs         3600. Current error: 0.0057344814. Bit fail 107.
Epochs         3700. Current error: 0.0057162684. Bit fail 105.
Epochs         3800. Current error: 0.0056991070. Bit fail 104.
Epochs         3900. Current error: 0.0056838780. Bit fail 104.
Epochs         4000. Current error: 0.0056692744. Bit fail 103.
Epochs         4100. Current error: 0.0056608901. Bit fail 104.
Epochs         4200. Current error: 0.0056384974. Bit fail 104.
Epochs         4300. Current error: 0.0055916435. Bit fail 103.
Epochs         4400. Current error: 0.0055732261. Bit fail 103.
Epochs         4500. Current error: 0.0055562370. Bit fail 101.
Epochs         4600. Current error: 0.0055407351. Bit fail 100.
Epochs         4700. Current error: 0.0055293320. Bit fail 100.
Epochs         4800. Current error: 0.0055179750. Bit fail 100.
Epochs         4900. Current error: 0.0055001760. Bit fail 100.
Epochs         5000. Current error: 0.0054454263. Bit fail 100.
Epochs         5100. Current error: 0.0054080016. Bit fail 99.
Epochs         5200. Current error: 0.0054494552. Bit fail 100.
Epochs         5300. Current error: 0.0053969445. Bit fail 99.
Epochs         5400. Current error: 0.0053616492. Bit fail 98.
Epochs         5500. Current error: 0.0053513222. Bit fail 98.
Epochs         5600. Current error: 0.0053401049. Bit fail 97.
Epochs         5700. Current error: 0.0053552063. Bit fail 98.
Epochs         5800. Current error: 0.0053421962. Bit fail 96.
Epochs         5900. Current error: 0.0053299675. Bit fail 96.
Epochs         6000. Current error: 0.0052866531. Bit fail 96.
Epochs         6100. Current error: 0.0052623372. Bit fail 94.
Epochs         6200. Current error: 0.0052521052. Bit fail 95.
Epochs         6300. Current error: 0.0052450723. Bit fail 94.
Epochs         6400. Current error: 0.0052391835. Bit fail 93.
Epochs         6500. Current error: 0.0052343472. Bit fail 93.
Epochs         6600. Current error: 0.0052317032. Bit fail 93.
Epochs         6700. Current error: 0.0052255853. Bit fail 93.
Epochs         6800. Current error: 0.0052209450. Bit fail 93.
Epochs         6900. Current error: 0.0052167247. Bit fail 93.
Epochs         7000. Current error: 0.0052125854. Bit fail 93.
Epochs         7100. Current error: 0.0052089300. Bit fail 92.
Epochs         7200. Current error: 0.0052046916. Bit fail 91.
Epochs         7300. Current error: 0.0052032406. Bit fail 89.
Epochs         7400. Current error: 0.0052010850. Bit fail 89.
Epochs         7500. Current error: 0.0051983828. Bit fail 89.
Epochs         7600. Current error: 0.0051960535. Bit fail 89.
Epochs         7700. Current error: 0.0051934901. Bit fail 89.
Epochs         7800. Current error: 0.0051917918. Bit fail 90.
Epochs         7900. Current error: 0.0051893913. Bit fail 90.
Epochs         8000. Current error: 0.0051868088. Bit fail 91.
Time elpased for FANN training: 1287.967476 seconds
Trained Network by GA+FANN is saved in 
./ALL_S6_959126400_hveto_channels_signif_dt_set_0_training_n70n30n1_c10_mr04_p5000_g200_rmin-25_rmax25_gsigma1_y1001_z05_f05g09_m8000.net.
Total Running Time: 126218.121559 seconds
