Creating network.
The layer structure is following:
[70, 30, 1]
Setting newtork parameters
Getting training data : ALL_S6_959126400_hveto_channels_signif_dt_set_7_training.pat
Setting GA training parameters
Start running GA
Gen. 0 (0.00%): Max/Min/Avg Fitness(Raw) [23.93(56.68)/17.89(1.02)/19.95(19.95)]
Gen. 1 (0.50%): Max/Min/Avg Fitness(Raw) [20.51(56.68)/15.71(1.02)/17.09(17.09)]
Gen. 2 (1.00%): Max/Min/Avg Fitness(Raw) [21.11(59.17)/16.19(1.02)/17.59(17.59)]
Gen. 3 (1.50%): Max/Min/Avg Fitness(Raw) [16.00(59.17)/12.61(1.02)/13.33(13.33)]
Gen. 4 (2.00%): Max/Min/Avg Fitness(Raw) [16.57(59.17)/13.03(1.02)/13.81(13.81)]
Gen. 5 (2.50%): Max/Min/Avg Fitness(Raw) [15.20(59.17)/12.03(1.02)/12.67(12.67)]
Gen. 6 (3.00%): Max/Min/Avg Fitness(Raw) [15.29(59.17)/12.10(1.02)/12.74(12.74)]
Gen. 7 (3.50%): Max/Min/Avg Fitness(Raw) [16.28(59.17)/12.82(1.02)/13.57(13.57)]
Gen. 8 (4.00%): Max/Min/Avg Fitness(Raw) [15.16(59.17)/12.01(1.02)/12.64(12.64)]
Gen. 9 (4.50%): Max/Min/Avg Fitness(Raw) [14.23(59.17)/11.32(1.02)/11.86(11.86)]
Gen. 10 (5.00%): Max/Min/Avg Fitness(Raw) [15.89(59.17)/12.54(1.02)/13.24(13.24)]
Gen. 11 (5.50%): Max/Min/Avg Fitness(Raw) [16.74(59.17)/13.15(1.02)/13.95(13.95)]
Gen. 12 (6.00%): Max/Min/Avg Fitness(Raw) [16.93(59.17)/13.29(1.02)/14.11(14.11)]
Gen. 13 (6.50%): Max/Min/Avg Fitness(Raw) [14.30(59.17)/11.37(1.02)/11.92(11.92)]
Gen. 14 (7.00%): Max/Min/Avg Fitness(Raw) [16.63(59.17)/13.07(1.02)/13.86(13.86)]
Gen. 15 (7.50%): Max/Min/Avg Fitness(Raw) [16.22(59.17)/12.78(1.02)/13.52(13.52)]
Gen. 16 (8.00%): Max/Min/Avg Fitness(Raw) [16.19(59.17)/12.76(1.02)/13.49(13.49)]
Gen. 17 (8.50%): Max/Min/Avg Fitness(Raw) [17.11(59.17)/13.42(1.02)/14.26(14.26)]
Gen. 18 (9.00%): Max/Min/Avg Fitness(Raw) [16.48(59.17)/12.97(1.02)/13.74(13.74)]
Gen. 19 (9.50%): Max/Min/Avg Fitness(Raw) [15.76(59.17)/12.44(1.02)/13.13(13.13)]
Gen. 20 (10.00%): Max/Min/Avg Fitness(Raw) [15.20(59.17)/12.03(1.02)/12.67(12.67)]
Gen. 21 (10.50%): Max/Min/Avg Fitness(Raw) [15.87(59.17)/12.52(1.02)/13.23(13.23)]
Gen. 22 (11.00%): Max/Min/Avg Fitness(Raw) [16.97(59.17)/13.32(1.02)/14.14(14.14)]
Gen. 23 (11.50%): Max/Min/Avg Fitness(Raw) [15.81(59.17)/12.48(1.02)/13.17(13.17)]
Gen. 24 (12.00%): Max/Min/Avg Fitness(Raw) [15.35(59.17)/12.14(1.02)/12.79(12.79)]
Gen. 25 (12.50%): Max/Min/Avg Fitness(Raw) [16.29(59.17)/12.83(1.02)/13.57(13.57)]
Gen. 26 (13.00%): Max/Min/Avg Fitness(Raw) [17.00(59.17)/13.34(1.02)/14.16(14.16)]
Gen. 27 (13.50%): Max/Min/Avg Fitness(Raw) [15.81(59.17)/12.48(1.02)/13.17(13.17)]
Gen. 28 (14.00%): Max/Min/Avg Fitness(Raw) [16.01(59.17)/12.63(1.02)/13.34(13.34)]
Gen. 29 (14.50%): Max/Min/Avg Fitness(Raw) [16.80(59.17)/13.20(1.02)/14.00(14.00)]
Gen. 30 (15.00%): Max/Min/Avg Fitness(Raw) [17.49(59.17)/13.69(1.02)/14.58(14.58)]
Gen. 31 (15.50%): Max/Min/Avg Fitness(Raw) [16.37(59.17)/12.88(1.02)/13.64(13.64)]
Gen. 32 (16.00%): Max/Min/Avg Fitness(Raw) [16.13(59.17)/12.71(1.02)/13.44(13.44)]
Gen. 33 (16.50%): Max/Min/Avg Fitness(Raw) [16.07(59.17)/12.67(1.02)/13.39(13.39)]
Gen. 34 (17.00%): Max/Min/Avg Fitness(Raw) [16.31(60.09)/12.86(1.02)/13.59(13.59)]
Gen. 35 (17.50%): Max/Min/Avg Fitness(Raw) [15.93(60.09)/12.58(1.02)/13.28(13.28)]
Gen. 36 (18.00%): Max/Min/Avg Fitness(Raw) [15.67(60.09)/12.39(1.02)/13.06(13.06)]
Gen. 37 (18.50%): Max/Min/Avg Fitness(Raw) [15.81(60.09)/12.49(1.02)/13.18(13.18)]
Gen. 38 (19.00%): Max/Min/Avg Fitness(Raw) [15.35(60.09)/12.15(1.02)/12.79(12.79)]
Gen. 39 (19.50%): Max/Min/Avg Fitness(Raw) [15.52(60.09)/12.28(1.02)/12.93(12.93)]
Gen. 40 (20.00%): Max/Min/Avg Fitness(Raw) [14.30(60.09)/11.38(1.02)/11.92(11.92)]
Gen. 41 (20.50%): Max/Min/Avg Fitness(Raw) [16.21(60.09)/12.78(1.02)/13.51(13.51)]
Gen. 42 (21.00%): Max/Min/Avg Fitness(Raw) [14.84(60.09)/11.78(1.02)/12.37(12.37)]
Gen. 43 (21.50%): Max/Min/Avg Fitness(Raw) [15.80(60.09)/12.48(1.02)/13.17(13.17)]
Gen. 44 (22.00%): Max/Min/Avg Fitness(Raw) [16.40(60.09)/12.92(1.02)/13.66(13.66)]
Gen. 45 (22.50%): Max/Min/Avg Fitness(Raw) [15.83(60.09)/12.51(1.02)/13.19(13.19)]
Gen. 46 (23.00%): Max/Min/Avg Fitness(Raw) [15.10(60.64)/11.98(1.02)/12.58(12.58)]
Gen. 47 (23.50%): Max/Min/Avg Fitness(Raw) [17.01(60.64)/13.37(1.02)/14.18(14.18)]
Gen. 48 (24.00%): Max/Min/Avg Fitness(Raw) [19.23(60.64)/14.95(1.02)/16.03(16.03)]
Gen. 49 (24.50%): Max/Min/Avg Fitness(Raw) [18.65(60.64)/14.54(1.02)/15.54(15.54)]
Gen. 50 (25.00%): Max/Min/Avg Fitness(Raw) [18.00(60.64)/14.08(1.02)/15.00(15.00)]
Gen. 51 (25.50%): Max/Min/Avg Fitness(Raw) [18.45(60.64)/14.40(1.02)/15.38(15.38)]
Gen. 52 (26.00%): Max/Min/Avg Fitness(Raw) [17.54(60.64)/13.75(1.02)/14.62(14.62)]
Gen. 53 (26.50%): Max/Min/Avg Fitness(Raw) [17.97(60.64)/14.06(1.02)/14.98(14.98)]
Gen. 54 (27.00%): Max/Min/Avg Fitness(Raw) [18.78(60.64)/14.63(1.02)/15.65(15.65)]
Gen. 55 (27.50%): Max/Min/Avg Fitness(Raw) [19.37(60.64)/15.05(1.02)/16.15(16.15)]
Gen. 56 (28.00%): Max/Min/Avg Fitness(Raw) [19.30(60.64)/15.00(1.02)/16.09(16.09)]
Gen. 57 (28.50%): Max/Min/Avg Fitness(Raw) [19.66(60.64)/15.25(1.02)/16.38(16.38)]
Gen. 58 (29.00%): Max/Min/Avg Fitness(Raw) [18.56(60.64)/14.48(1.02)/15.47(15.47)]
Gen. 59 (29.50%): Max/Min/Avg Fitness(Raw) [18.28(60.64)/14.28(1.02)/15.23(15.23)]
Gen. 60 (30.00%): Max/Min/Avg Fitness(Raw) [18.39(60.64)/14.36(1.02)/15.33(15.33)]
Gen. 61 (30.50%): Max/Min/Avg Fitness(Raw) [18.11(60.64)/14.16(1.02)/15.09(15.09)]
Gen. 62 (31.00%): Max/Min/Avg Fitness(Raw) [18.56(60.64)/14.48(1.02)/15.46(15.46)]
Gen. 63 (31.50%): Max/Min/Avg Fitness(Raw) [17.68(62.20)/13.88(1.02)/14.73(14.73)]
Gen. 64 (32.00%): Max/Min/Avg Fitness(Raw) [10.89(62.20)/8.80(1.02)/9.08(9.08)]
Gen. 65 (32.50%): Max/Min/Avg Fitness(Raw) [10.69(64.16)/8.65(1.02)/8.91(8.91)]
Gen. 66 (33.00%): Max/Min/Avg Fitness(Raw) [24.62(64.16)/18.68(1.02)/20.51(20.51)]
Gen. 67 (33.50%): Max/Min/Avg Fitness(Raw) [24.09(64.76)/18.36(1.02)/20.08(20.08)]
Gen. 68 (34.00%): Max/Min/Avg Fitness(Raw) [13.12(64.76)/10.53(1.02)/10.94(10.94)]
Gen. 69 (34.50%): Max/Min/Avg Fitness(Raw) [12.95(64.76)/10.40(1.02)/10.80(10.80)]
Gen. 70 (35.00%): Max/Min/Avg Fitness(Raw) [12.22(64.76)/9.84(1.02)/10.18(10.18)]
Gen. 71 (35.50%): Max/Min/Avg Fitness(Raw) [12.54(64.76)/10.08(1.02)/10.45(10.45)]
Gen. 72 (36.00%): Max/Min/Avg Fitness(Raw) [12.24(64.76)/9.85(1.02)/10.20(10.20)]
Gen. 73 (36.50%): Max/Min/Avg Fitness(Raw) [11.81(68.72)/9.55(1.02)/9.84(9.84)]
Gen. 74 (37.00%): Max/Min/Avg Fitness(Raw) [18.02(68.72)/14.24(1.02)/15.02(15.02)]
Gen. 75 (37.50%): Max/Min/Avg Fitness(Raw) [18.70(68.72)/14.73(1.02)/15.58(15.58)]
Gen. 76 (38.00%): Max/Min/Avg Fitness(Raw) [19.69(68.72)/15.44(1.02)/16.40(16.40)]
Gen. 77 (38.50%): Max/Min/Avg Fitness(Raw) [18.47(68.72)/14.56(1.02)/15.39(15.39)]
Gen. 78 (39.00%): Max/Min/Avg Fitness(Raw) [18.50(68.72)/14.58(1.02)/15.42(15.42)]
Gen. 79 (39.50%): Max/Min/Avg Fitness(Raw) [18.58(68.72)/14.64(1.02)/15.48(15.48)]
Gen. 80 (40.00%): Max/Min/Avg Fitness(Raw) [17.55(70.08)/13.91(1.02)/14.63(14.63)]
Gen. 81 (40.50%): Max/Min/Avg Fitness(Raw) [13.15(70.08)/10.59(1.02)/10.96(10.96)]
Gen. 82 (41.00%): Max/Min/Avg Fitness(Raw) [14.38(70.08)/11.53(1.02)/11.98(11.98)]
Gen. 83 (41.50%): Max/Min/Avg Fitness(Raw) [14.34(70.08)/11.50(1.02)/11.95(11.95)]
Gen. 84 (42.00%): Max/Min/Avg Fitness(Raw) [13.53(70.08)/10.89(1.02)/11.28(11.28)]
Gen. 85 (42.50%): Max/Min/Avg Fitness(Raw) [13.65(70.08)/10.98(1.02)/11.38(11.38)]
Gen. 86 (43.00%): Max/Min/Avg Fitness(Raw) [13.68(70.08)/11.00(1.02)/11.40(11.40)]
Gen. 87 (43.50%): Max/Min/Avg Fitness(Raw) [13.85(70.08)/11.13(1.02)/11.54(11.54)]
Gen. 88 (44.00%): Max/Min/Avg Fitness(Raw) [13.65(70.08)/10.97(1.02)/11.38(11.38)]
Gen. 89 (44.50%): Max/Min/Avg Fitness(Raw) [12.83(70.08)/10.35(1.02)/10.70(10.70)]
Gen. 90 (45.00%): Max/Min/Avg Fitness(Raw) [14.13(70.08)/11.34(1.02)/11.78(11.78)]
Gen. 91 (45.50%): Max/Min/Avg Fitness(Raw) [13.25(70.08)/10.67(1.02)/11.04(11.04)]
Gen. 92 (46.00%): Max/Min/Avg Fitness(Raw) [13.56(70.08)/10.90(1.02)/11.30(11.30)]
Gen. 93 (46.50%): Max/Min/Avg Fitness(Raw) [14.80(70.08)/11.85(1.02)/12.33(12.33)]
Gen. 94 (47.00%): Max/Min/Avg Fitness(Raw) [14.16(70.08)/11.36(1.02)/11.80(11.80)]
Gen. 95 (47.50%): Max/Min/Avg Fitness(Raw) [13.12(70.08)/10.57(1.02)/10.93(10.93)]
Gen. 96 (48.00%): Max/Min/Avg Fitness(Raw) [13.09(70.08)/10.54(1.02)/10.90(10.90)]
Gen. 97 (48.50%): Max/Min/Avg Fitness(Raw) [14.43(70.08)/11.57(1.02)/12.03(12.03)]
Gen. 98 (49.00%): Max/Min/Avg Fitness(Raw) [13.59(70.08)/10.93(1.02)/11.33(11.33)]
Gen. 99 (49.50%): Max/Min/Avg Fitness(Raw) [13.49(70.08)/10.85(1.02)/11.24(11.24)]
Gen. 100 (50.00%): Max/Min/Avg Fitness(Raw) [14.17(70.08)/11.37(1.02)/11.80(11.80)]
Gen. 101 (50.50%): Max/Min/Avg Fitness(Raw) [13.40(70.08)/10.78(1.02)/11.16(11.16)]
Gen. 102 (51.00%): Max/Min/Avg Fitness(Raw) [14.10(70.08)/11.32(1.02)/11.75(11.75)]
Gen. 103 (51.50%): Max/Min/Avg Fitness(Raw) [14.40(70.08)/11.55(1.02)/12.00(12.00)]
Gen. 104 (52.00%): Max/Min/Avg Fitness(Raw) [13.22(70.08)/10.64(1.02)/11.01(11.01)]
Gen. 105 (52.50%): Max/Min/Avg Fitness(Raw) [13.77(70.08)/11.07(1.02)/11.48(11.48)]
Gen. 106 (53.00%): Max/Min/Avg Fitness(Raw) [13.52(72.10)/10.88(1.02)/11.26(11.26)]
Gen. 107 (53.50%): Max/Min/Avg Fitness(Raw) [18.05(72.10)/14.30(1.02)/15.04(15.04)]
Gen. 108 (54.00%): Max/Min/Avg Fitness(Raw) [19.94(72.10)/15.68(1.02)/16.62(16.62)]
Gen. 109 (54.50%): Max/Min/Avg Fitness(Raw) [19.65(72.10)/15.47(1.02)/16.38(16.38)]
Gen. 110 (55.00%): Max/Min/Avg Fitness(Raw) [21.23(72.10)/16.61(1.02)/17.69(17.69)]
Gen. 111 (55.50%): Max/Min/Avg Fitness(Raw) [20.52(72.10)/16.10(1.02)/17.10(17.10)]
Gen. 112 (56.00%): Max/Min/Avg Fitness(Raw) [20.00(72.10)/15.72(1.02)/16.67(16.67)]
Gen. 113 (56.50%): Max/Min/Avg Fitness(Raw) [19.89(72.10)/15.65(1.02)/16.57(16.57)]
Gen. 114 (57.00%): Max/Min/Avg Fitness(Raw) [19.60(72.10)/15.43(1.02)/16.33(16.33)]
Gen. 115 (57.50%): Max/Min/Avg Fitness(Raw) [19.35(72.14)/15.26(1.02)/16.13(16.13)]
Gen. 116 (58.00%): Max/Min/Avg Fitness(Raw) [16.43(72.14)/13.09(1.02)/13.69(13.69)]
Gen. 117 (58.50%): Max/Min/Avg Fitness(Raw) [16.32(72.14)/13.02(1.02)/13.60(13.60)]
Gen. 118 (59.00%): Max/Min/Avg Fitness(Raw) [16.21(72.14)/12.93(1.02)/13.51(13.51)]
Gen. 119 (59.50%): Max/Min/Avg Fitness(Raw) [16.31(72.14)/13.01(1.02)/13.59(13.59)]
Gen. 120 (60.00%): Max/Min/Avg Fitness(Raw) [15.10(72.14)/12.09(1.02)/12.58(12.58)]
Gen. 121 (60.50%): Max/Min/Avg Fitness(Raw) [15.48(72.14)/12.38(1.02)/12.90(12.90)]
Gen. 122 (61.00%): Max/Min/Avg Fitness(Raw) [16.51(72.14)/13.16(1.02)/13.76(13.76)]
Gen. 123 (61.50%): Max/Min/Avg Fitness(Raw) [15.73(72.14)/12.57(1.02)/13.11(13.11)]
Gen. 124 (62.00%): Max/Min/Avg Fitness(Raw) [15.99(72.14)/12.77(1.02)/13.33(13.33)]
Gen. 125 (62.50%): Max/Min/Avg Fitness(Raw) [17.01(72.14)/13.53(1.02)/14.17(14.17)]
Gen. 126 (63.00%): Max/Min/Avg Fitness(Raw) [16.27(72.14)/12.98(1.02)/13.56(13.56)]
Gen. 127 (63.50%): Max/Min/Avg Fitness(Raw) [16.02(72.14)/12.79(1.02)/13.35(13.35)]
Gen. 128 (64.00%): Max/Min/Avg Fitness(Raw) [15.57(72.14)/12.45(1.02)/12.97(12.97)]
Gen. 129 (64.50%): Max/Min/Avg Fitness(Raw) [17.08(72.14)/13.58(1.02)/14.23(14.23)]
Gen. 130 (65.00%): Max/Min/Avg Fitness(Raw) [15.16(72.14)/12.14(1.02)/12.63(12.63)]
Gen. 131 (65.50%): Max/Min/Avg Fitness(Raw) [16.28(72.14)/12.99(1.02)/13.57(13.57)]
Gen. 132 (66.00%): Max/Min/Avg Fitness(Raw) [15.59(72.14)/12.47(1.02)/12.99(12.99)]
Gen. 133 (66.50%): Max/Min/Avg Fitness(Raw) [15.72(72.14)/12.56(1.02)/13.10(13.10)]
Gen. 134 (67.00%): Max/Min/Avg Fitness(Raw) [15.38(72.14)/12.31(1.02)/12.82(12.82)]
Gen. 135 (67.50%): Max/Min/Avg Fitness(Raw) [14.00(72.14)/11.25(1.02)/11.67(11.67)]
Gen. 136 (68.00%): Max/Min/Avg Fitness(Raw) [14.81(72.14)/11.88(1.02)/12.35(12.35)]
Gen. 137 (68.50%): Max/Min/Avg Fitness(Raw) [15.33(72.14)/12.27(1.02)/12.78(12.78)]
Gen. 138 (69.00%): Max/Min/Avg Fitness(Raw) [15.75(72.14)/12.59(1.02)/13.13(13.13)]
Gen. 139 (69.50%): Max/Min/Avg Fitness(Raw) [16.32(72.14)/13.01(1.02)/13.60(13.60)]
Gen. 140 (70.00%): Max/Min/Avg Fitness(Raw) [16.11(72.14)/12.86(1.02)/13.42(13.42)]
Gen. 141 (70.50%): Max/Min/Avg Fitness(Raw) [17.26(72.14)/13.72(1.02)/14.38(14.38)]
Gen. 142 (71.00%): Max/Min/Avg Fitness(Raw) [15.70(72.14)/12.55(1.02)/13.08(13.08)]
Gen. 143 (71.50%): Max/Min/Avg Fitness(Raw) [15.92(72.14)/12.71(1.02)/13.26(13.26)]
Gen. 144 (72.00%): Max/Min/Avg Fitness(Raw) [15.51(72.14)/12.41(1.02)/12.93(12.93)]
Gen. 145 (72.50%): Max/Min/Avg Fitness(Raw) [16.27(72.14)/12.98(1.02)/13.56(13.56)]
Gen. 146 (73.00%): Max/Min/Avg Fitness(Raw) [16.77(72.14)/13.35(1.02)/13.97(13.97)]
Gen. 147 (73.50%): Max/Min/Avg Fitness(Raw) [17.51(72.14)/13.91(1.02)/14.59(14.59)]
Gen. 148 (74.00%): Max/Min/Avg Fitness(Raw) [16.54(72.14)/13.18(1.02)/13.78(13.78)]
Gen. 149 (74.50%): Max/Min/Avg Fitness(Raw) [16.85(72.14)/13.42(1.02)/14.05(14.05)]
Gen. 150 (75.00%): Max/Min/Avg Fitness(Raw) [16.87(72.14)/13.43(1.02)/14.06(14.06)]
Gen. 151 (75.50%): Max/Min/Avg Fitness(Raw) [15.40(72.14)/12.32(1.02)/12.83(12.83)]
Gen. 152 (76.00%): Max/Min/Avg Fitness(Raw) [14.70(72.14)/11.79(1.02)/12.25(12.25)]
Gen. 153 (76.50%): Max/Min/Avg Fitness(Raw) [15.29(72.14)/12.24(1.02)/12.74(12.74)]
Gen. 154 (77.00%): Max/Min/Avg Fitness(Raw) [16.59(72.14)/13.22(1.02)/13.82(13.82)]
Gen. 155 (77.50%): Max/Min/Avg Fitness(Raw) [14.90(72.14)/11.94(1.02)/12.41(12.41)]
Gen. 156 (78.00%): Max/Min/Avg Fitness(Raw) [16.23(72.14)/12.95(1.02)/13.53(13.53)]
Gen. 157 (78.50%): Max/Min/Avg Fitness(Raw) [14.84(72.14)/11.90(1.02)/12.37(12.37)]
Gen. 158 (79.00%): Max/Min/Avg Fitness(Raw) [16.29(72.14)/13.00(1.02)/13.58(13.58)]
Gen. 159 (79.50%): Max/Min/Avg Fitness(Raw) [14.58(72.14)/11.70(1.02)/12.15(12.15)]
Gen. 160 (80.00%): Max/Min/Avg Fitness(Raw) [15.99(72.14)/12.77(1.02)/13.32(13.32)]
Gen. 161 (80.50%): Max/Min/Avg Fitness(Raw) [17.36(72.14)/13.79(1.02)/14.47(14.47)]
Gen. 162 (81.00%): Max/Min/Avg Fitness(Raw) [16.28(72.14)/12.98(1.02)/13.57(13.57)]
Gen. 163 (81.50%): Max/Min/Avg Fitness(Raw) [14.65(72.14)/11.75(1.02)/12.21(12.21)]
Gen. 164 (82.00%): Max/Min/Avg Fitness(Raw) [16.00(72.14)/12.78(1.02)/13.33(13.33)]
Gen. 165 (82.50%): Max/Min/Avg Fitness(Raw) [14.44(72.14)/11.59(1.02)/12.03(12.03)]
Gen. 166 (83.00%): Max/Min/Avg Fitness(Raw) [16.56(72.14)/13.20(1.02)/13.80(13.80)]
Gen. 167 (83.50%): Max/Min/Avg Fitness(Raw) [14.46(72.14)/11.61(1.02)/12.05(12.05)]
Gen. 168 (84.00%): Max/Min/Avg Fitness(Raw) [17.41(72.14)/13.83(1.02)/14.51(14.51)]
Gen. 169 (84.50%): Max/Min/Avg Fitness(Raw) [16.16(72.14)/12.89(1.02)/13.46(13.46)]
Gen. 170 (85.00%): Max/Min/Avg Fitness(Raw) [15.48(72.14)/12.39(1.02)/12.90(12.90)]
Gen. 171 (85.50%): Max/Min/Avg Fitness(Raw) [15.48(72.14)/12.38(1.02)/12.90(12.90)]
Gen. 172 (86.00%): Max/Min/Avg Fitness(Raw) [16.46(72.14)/13.12(1.02)/13.72(13.72)]
Gen. 173 (86.50%): Max/Min/Avg Fitness(Raw) [17.41(72.14)/13.83(1.02)/14.51(14.51)]
Gen. 174 (87.00%): Max/Min/Avg Fitness(Raw) [15.33(72.14)/12.27(1.02)/12.77(12.77)]
Gen. 175 (87.50%): Max/Min/Avg Fitness(Raw) [15.57(72.14)/12.45(1.02)/12.97(12.97)]
Gen. 176 (88.00%): Max/Min/Avg Fitness(Raw) [17.03(72.14)/13.55(1.02)/14.19(14.19)]
Gen. 177 (88.50%): Max/Min/Avg Fitness(Raw) [16.36(72.14)/13.04(1.02)/13.63(13.63)]
Gen. 178 (89.00%): Max/Min/Avg Fitness(Raw) [13.87(72.14)/11.16(1.02)/11.56(11.56)]
Gen. 179 (89.50%): Max/Min/Avg Fitness(Raw) [16.38(72.14)/13.06(1.02)/13.65(13.65)]
Gen. 180 (90.00%): Max/Min/Avg Fitness(Raw) [15.73(72.14)/12.57(1.02)/13.11(13.11)]
Gen. 181 (90.50%): Max/Min/Avg Fitness(Raw) [15.30(72.14)/12.24(1.02)/12.75(12.75)]
Gen. 182 (91.00%): Max/Min/Avg Fitness(Raw) [16.58(72.14)/13.21(1.02)/13.81(13.81)]
Gen. 183 (91.50%): Max/Min/Avg Fitness(Raw) [16.05(72.14)/12.81(1.02)/13.38(13.38)]
Gen. 184 (92.00%): Max/Min/Avg Fitness(Raw) [15.82(72.14)/12.64(1.02)/13.18(13.18)]
Gen. 185 (92.50%): Max/Min/Avg Fitness(Raw) [15.21(72.14)/12.18(1.02)/12.67(12.67)]
Gen. 186 (93.00%): Max/Min/Avg Fitness(Raw) [15.54(72.14)/12.43(1.02)/12.95(12.95)]
Gen. 187 (93.50%): Max/Min/Avg Fitness(Raw) [16.88(72.14)/13.43(1.02)/14.06(14.06)]
Gen. 188 (94.00%): Max/Min/Avg Fitness(Raw) [17.19(72.14)/13.66(1.02)/14.32(14.32)]
Gen. 189 (94.50%): Max/Min/Avg Fitness(Raw) [16.10(72.14)/12.85(1.02)/13.41(13.41)]
Gen. 190 (95.00%): Max/Min/Avg Fitness(Raw) [14.89(72.14)/11.93(1.02)/12.40(12.40)]
Gen. 191 (95.50%): Max/Min/Avg Fitness(Raw) [15.01(72.14)/12.03(1.02)/12.51(12.51)]
Gen. 192 (96.00%): Max/Min/Avg Fitness(Raw) [16.85(72.14)/13.41(1.02)/14.04(14.04)]
Gen. 193 (96.50%): Max/Min/Avg Fitness(Raw) [16.20(72.14)/12.93(1.02)/13.50(13.50)]
Gen. 194 (97.00%): Max/Min/Avg Fitness(Raw) [15.99(72.14)/12.77(1.02)/13.33(13.33)]
Gen. 195 (97.50%): Max/Min/Avg Fitness(Raw) [16.00(72.14)/12.78(1.02)/13.34(13.34)]
Gen. 196 (98.00%): Max/Min/Avg Fitness(Raw) [15.59(72.14)/12.47(1.02)/13.00(13.00)]
Gen. 197 (98.50%): Max/Min/Avg Fitness(Raw) [16.94(72.14)/13.48(1.02)/14.12(14.12)]
Gen. 198 (99.00%): Max/Min/Avg Fitness(Raw) [15.80(72.14)/12.63(1.02)/13.17(13.17)]
Gen. 199 (99.50%): Max/Min/Avg Fitness(Raw) [16.96(72.14)/13.50(1.02)/14.14(14.14)]
Gen. 200 (100.00%): Max/Min/Avg Fitness(Raw) [15.22(72.14)/12.19(1.02)/12.69(12.69)]
Total time elapsed: 38695.390 seconds.
GA MSE : 0.017823
Best initial connection wetighs are set on Network
Setting FANN training parameters
Input layer                          :  70 neurons, 1 bias
  Hidden layer                       :  30 neurons, 1 bias
Output layer                         :   1 neurons
Total neurons and biases             : 103
Total connections                    :2161
Connection rate                      :   1.000
Network type                         :   FANN_NETTYPE_LAYER
Training algorithm                   :   FANN_TRAIN_RPROP
Training error function              :   FANN_ERRORFUNC_TANH
Training stop function               :   FANN_STOPFUNC_MSE
Bit fail limit                       :   0.350
Learning rate                        :   0.700
Learning momentum                    :   0.000
Quickprop decay                      :  -0.000100
Quickprop mu                         :   1.750
RPROP increase factor                :   1.001
RPROP decrease factor                :   0.500
RPROP delta min                      :   0.000
RPROP delta max                      :  50.000
Cascade output change fraction       :   0.010000
Cascade candidate change fraction    :   0.010000
Cascade output stagnation epochs     :  12
Cascade candidate stagnation epochs  :  12
Cascade max output epochs            : 150
Cascade max candidate epochs         : 150
Cascade weight multiplier            :   0.400
Cascade candidate limit              :1000.000
Cascade activation functions[0]      :   FANN_SIGMOID
Cascade activation functions[1]      :   FANN_SIGMOID_SYMMETRIC
Cascade activation functions[2]      :   FANN_GAUSSIAN
Cascade activation functions[3]      :   FANN_GAUSSIAN_SYMMETRIC
Cascade activation functions[4]      :   FANN_ELLIOT
Cascade activation functions[5]      :   FANN_ELLIOT_SYMMETRIC
Cascade activation functions[6]      :   FANN_SIN_SYMMETRIC
Cascade activation functions[7]      :   FANN_COS_SYMMETRIC
Cascade activation functions[8]      :   FANN_SIN
Cascade activation functions[9]      :   FANN_COS
Cascade activation steepnesses[0]    :   0.250
Cascade activation steepnesses[1]    :   0.500
Cascade activation steepnesses[2]    :   0.750
Cascade activation steepnesses[3]    :   1.000
Cascade candidate groups             :   2
Cascade no. of candidates            :  80
Start training network with 2-algorithm in FANN
Max epochs     8000. Desired error: 0.0010000000.
Epochs            1. Current error: 0.0138617279. Bit fail 241.
Epochs          100. Current error: 0.0136598442. Bit fail 241.
Epochs          200. Current error: 0.0129802218. Bit fail 244.
Epochs          300. Current error: 0.0125342067. Bit fail 237.
Epochs          400. Current error: 0.0125007406. Bit fail 239.
Epochs          500. Current error: 0.0127886403. Bit fail 245.
Epochs          600. Current error: 0.0130242817. Bit fail 254.
Epochs          700. Current error: 0.0129445316. Bit fail 252.
Epochs          800. Current error: 0.0129819550. Bit fail 257.
Epochs          900. Current error: 0.0129665220. Bit fail 259.
Epochs         1000. Current error: 0.0127883675. Bit fail 253.
Epochs         1100. Current error: 0.0129098706. Bit fail 254.
Epochs         1200. Current error: 0.0126747368. Bit fail 252.
Epochs         1300. Current error: 0.0123878838. Bit fail 246.
Epochs         1400. Current error: 0.0121546285. Bit fail 242.
Epochs         1500. Current error: 0.0119693307. Bit fail 239.
Epochs         1600. Current error: 0.0118582724. Bit fail 234.
Epochs         1700. Current error: 0.0118504325. Bit fail 235.
Epochs         1800. Current error: 0.0117953820. Bit fail 233.
Epochs         1900. Current error: 0.0117041990. Bit fail 234.
Epochs         2000. Current error: 0.0115391240. Bit fail 231.
Epochs         2100. Current error: 0.0115016643. Bit fail 231.
Epochs         2200. Current error: 0.0114405202. Bit fail 228.
Epochs         2300. Current error: 0.0113346847. Bit fail 227.
Epochs         2400. Current error: 0.0112772426. Bit fail 226.
Epochs         2500. Current error: 0.0111992359. Bit fail 223.
Epochs         2600. Current error: 0.0111439098. Bit fail 223.
Epochs         2700. Current error: 0.0111339437. Bit fail 223.
Epochs         2800. Current error: 0.0111097479. Bit fail 223.
Epochs         2900. Current error: 0.0112247933. Bit fail 225.
Epochs         3000. Current error: 0.0112178093. Bit fail 226.
Epochs         3100. Current error: 0.0111303302. Bit fail 224.
Epochs         3200. Current error: 0.0110039609. Bit fail 224.
Epochs         3300. Current error: 0.0110428110. Bit fail 225.
Epochs         3400. Current error: 0.0110487780. Bit fail 225.
Epochs         3500. Current error: 0.0110000400. Bit fail 225.
Epochs         3600. Current error: 0.0109620607. Bit fail 225.
Epochs         3700. Current error: 0.0108840084. Bit fail 224.
Epochs         3800. Current error: 0.0108527262. Bit fail 223.
Epochs         3900. Current error: 0.0107969707. Bit fail 223.
Epochs         4000. Current error: 0.0107395910. Bit fail 222.
Epochs         4100. Current error: 0.0107317185. Bit fail 223.
Epochs         4200. Current error: 0.0107448576. Bit fail 223.
Epochs         4300. Current error: 0.0106750652. Bit fail 224.
Epochs         4400. Current error: 0.0106558204. Bit fail 223.
Epochs         4500. Current error: 0.0106334528. Bit fail 222.
Epochs         4600. Current error: 0.0106236124. Bit fail 222.
Epochs         4700. Current error: 0.0106149986. Bit fail 223.
Epochs         4800. Current error: 0.0105663454. Bit fail 220.
Epochs         4900. Current error: 0.0103894575. Bit fail 217.
Epochs         5000. Current error: 0.0104263593. Bit fail 219.
Epochs         5100. Current error: 0.0105392104. Bit fail 221.
Epochs         5200. Current error: 0.0104239490. Bit fail 218.
Epochs         5300. Current error: 0.0103805307. Bit fail 218.
Epochs         5400. Current error: 0.0103965877. Bit fail 220.
Epochs         5500. Current error: 0.0103771873. Bit fail 222.
Epochs         5600. Current error: 0.0103512714. Bit fail 221.
Epochs         5700. Current error: 0.0103841648. Bit fail 221.
Epochs         5800. Current error: 0.0105278986. Bit fail 223.
Epochs         5900. Current error: 0.0105835544. Bit fail 225.
Epochs         6000. Current error: 0.0105953980. Bit fail 226.
Epochs         6100. Current error: 0.0105448756. Bit fail 224.
Epochs         6200. Current error: 0.0104761841. Bit fail 222.
Epochs         6300. Current error: 0.0104120662. Bit fail 221.
Epochs         6400. Current error: 0.0104498714. Bit fail 222.
Epochs         6500. Current error: 0.0103854313. Bit fail 220.
Epochs         6600. Current error: 0.0103552574. Bit fail 221.
Epochs         6700. Current error: 0.0103047602. Bit fail 221.
Epochs         6800. Current error: 0.0102885375. Bit fail 221.
Epochs         6900. Current error: 0.0102186427. Bit fail 220.
Epochs         7000. Current error: 0.0102001010. Bit fail 220.
Epochs         7100. Current error: 0.0101824012. Bit fail 220.
Epochs         7200. Current error: 0.0101816570. Bit fail 221.
Epochs         7300. Current error: 0.0101315668. Bit fail 220.
Epochs         7400. Current error: 0.0101262312. Bit fail 219.
Epochs         7500. Current error: 0.0100474507. Bit fail 215.
Epochs         7600. Current error: 0.0100617735. Bit fail 216.
Epochs         7700. Current error: 0.0100598214. Bit fail 216.
Epochs         7800. Current error: 0.0100829862. Bit fail 216.
Epochs         7900. Current error: 0.0100901537. Bit fail 216.
Epochs         8000. Current error: 0.0100858770. Bit fail 215.
Time elpased for FANN training: 1274.678151 seconds
Trained Network by GA+FANN is saved in 
./ALL_S6_959126400_hveto_channels_signif_dt_set_7_training_n70n30n1_c10_mr10_p1000_g200_rmin-25_rmax25_gsigma50_y1001_z05_f05g09_m8000.net.
Total Running Time: 39970.507413 seconds
