Creating network.
The layer structure is following:
[70, 15, 1]
Setting newtork parameters
Getting training data : ALL_S6_959126400_hveto_channels_signif_dt_set_2_training.pat
Setting GA training parameters
Start running GA
Gen. 0 (0.00%): Max/Min/Avg Fitness(Raw) [24.10(55.53)/17.92(1.02)/20.08(20.08)]
Gen. 1 (1.00%): Max/Min/Avg Fitness(Raw) [25.70(55.53)/18.86(1.02)/21.42(21.42)]
Gen. 2 (2.00%): Max/Min/Avg Fitness(Raw) [23.52(57.85)/17.69(1.02)/19.60(19.60)]
Gen. 3 (3.00%): Max/Min/Avg Fitness(Raw) [16.10(57.85)/12.67(1.02)/13.41(13.41)]
Gen. 4 (4.00%): Max/Min/Avg Fitness(Raw) [16.33(57.85)/12.83(1.02)/13.61(13.61)]
Gen. 5 (5.00%): Max/Min/Avg Fitness(Raw) [18.08(57.85)/14.08(1.02)/15.07(15.07)]
Gen. 6 (6.00%): Max/Min/Avg Fitness(Raw) [17.84(57.85)/13.91(1.02)/14.86(14.86)]
Gen. 7 (7.00%): Max/Min/Avg Fitness(Raw) [16.61(57.85)/13.03(1.02)/13.84(13.84)]
Gen. 8 (8.00%): Max/Min/Avg Fitness(Raw) [16.62(58.93)/13.06(1.02)/13.85(13.85)]
Gen. 9 (9.00%): Max/Min/Avg Fitness(Raw) [19.88(58.93)/15.35(1.02)/16.57(16.57)]
Gen. 10 (10.00%): Max/Min/Avg Fitness(Raw) [20.34(58.93)/15.67(1.02)/16.95(16.95)]
Gen. 11 (11.00%): Max/Min/Avg Fitness(Raw) [20.54(58.93)/15.80(1.02)/17.12(17.12)]
Gen. 12 (12.00%): Max/Min/Avg Fitness(Raw) [19.65(59.84)/15.22(1.02)/16.38(16.38)]
Gen. 13 (13.00%): Max/Min/Avg Fitness(Raw) [18.84(60.49)/14.67(1.02)/15.70(15.70)]
Gen. 14 (14.00%): Max/Min/Avg Fitness(Raw) [15.18(60.49)/12.04(1.02)/12.65(12.65)]
Gen. 15 (15.00%): Max/Min/Avg Fitness(Raw) [14.16(60.49)/11.28(1.02)/11.80(11.80)]
Gen. 16 (16.00%): Max/Min/Avg Fitness(Raw) [14.87(60.49)/11.80(1.02)/12.39(12.39)]
Gen. 17 (17.00%): Max/Min/Avg Fitness(Raw) [14.28(63.58)/11.40(1.02)/11.90(11.90)]
Gen. 18 (18.00%): Max/Min/Avg Fitness(Raw) [17.54(63.58)/13.80(1.02)/14.61(14.61)]
Gen. 19 (19.00%): Max/Min/Avg Fitness(Raw) [16.58(65.34)/13.13(1.02)/13.82(13.82)]
Gen. 20 (20.00%): Max/Min/Avg Fitness(Raw) [14.82(66.60)/11.83(1.02)/12.35(12.35)]
Gen. 21 (21.00%): Max/Min/Avg Fitness(Raw) [17.24(66.60)/13.63(1.02)/14.37(14.37)]
Gen. 22 (22.00%): Max/Min/Avg Fitness(Raw) [18.10(66.60)/14.26(1.02)/15.08(15.08)]
Gen. 23 (23.00%): Max/Min/Avg Fitness(Raw) [17.03(66.60)/13.48(1.02)/14.19(14.19)]
Gen. 24 (24.00%): Max/Min/Avg Fitness(Raw) [16.71(66.60)/13.24(1.02)/13.92(13.92)]
Gen. 25 (25.00%): Max/Min/Avg Fitness(Raw) [17.24(66.60)/13.63(1.02)/14.37(14.37)]
Gen. 26 (26.00%): Max/Min/Avg Fitness(Raw) [19.36(66.60)/15.16(1.02)/16.13(16.13)]
Gen. 27 (27.00%): Max/Min/Avg Fitness(Raw) [16.26(66.60)/12.91(1.02)/13.55(13.55)]
Gen. 28 (28.00%): Max/Min/Avg Fitness(Raw) [16.92(66.60)/13.39(1.02)/14.10(14.10)]
Gen. 29 (29.00%): Max/Min/Avg Fitness(Raw) [17.94(66.60)/14.14(1.02)/14.95(14.95)]
Gen. 30 (30.00%): Max/Min/Avg Fitness(Raw) [18.49(68.77)/14.57(1.02)/15.40(15.40)]
Gen. 31 (31.00%): Max/Min/Avg Fitness(Raw) [12.74(68.77)/10.27(1.02)/10.62(10.62)]
Gen. 32 (32.00%): Max/Min/Avg Fitness(Raw) [13.68(68.77)/10.99(1.02)/11.40(11.40)]
Gen. 33 (33.00%): Max/Min/Avg Fitness(Raw) [12.72(68.77)/10.25(1.02)/10.60(10.60)]
Gen. 34 (34.00%): Max/Min/Avg Fitness(Raw) [14.42(68.77)/11.55(1.02)/12.02(12.02)]
Gen. 35 (35.00%): Max/Min/Avg Fitness(Raw) [12.47(68.77)/10.06(1.02)/10.39(10.39)]
Gen. 36 (36.00%): Max/Min/Avg Fitness(Raw) [13.71(68.77)/11.01(1.02)/11.42(11.42)]
Gen. 37 (37.00%): Max/Min/Avg Fitness(Raw) [13.62(68.77)/10.94(1.02)/11.35(11.35)]
Gen. 38 (38.00%): Max/Min/Avg Fitness(Raw) [12.54(68.77)/10.11(1.02)/10.45(10.45)]
Gen. 39 (39.00%): Max/Min/Avg Fitness(Raw) [13.37(68.77)/10.75(1.02)/11.14(11.14)]
Gen. 40 (40.00%): Max/Min/Avg Fitness(Raw) [11.92(68.77)/9.63(1.02)/9.93(9.93)]
Gen. 41 (41.00%): Max/Min/Avg Fitness(Raw) [14.07(68.77)/11.29(1.02)/11.73(11.73)]
Gen. 42 (42.00%): Max/Min/Avg Fitness(Raw) [13.65(68.77)/10.97(1.02)/11.38(11.38)]
Gen. 43 (43.00%): Max/Min/Avg Fitness(Raw) [14.34(68.77)/11.49(1.02)/11.95(11.95)]
Gen. 44 (44.00%): Max/Min/Avg Fitness(Raw) [14.03(68.77)/11.26(1.02)/11.69(11.69)]
Gen. 45 (45.00%): Max/Min/Avg Fitness(Raw) [12.91(68.77)/10.40(1.02)/10.76(10.76)]
Gen. 46 (46.00%): Max/Min/Avg Fitness(Raw) [13.02(68.77)/10.48(1.02)/10.85(10.85)]
Gen. 47 (47.00%): Max/Min/Avg Fitness(Raw) [12.53(68.77)/10.11(1.02)/10.45(10.45)]
Gen. 48 (48.00%): Max/Min/Avg Fitness(Raw) [13.10(68.77)/10.54(1.02)/10.92(10.92)]
Gen. 49 (49.00%): Max/Min/Avg Fitness(Raw) [14.15(68.77)/11.35(1.02)/11.80(11.80)]
Gen. 50 (50.00%): Max/Min/Avg Fitness(Raw) [12.20(68.77)/9.85(1.02)/10.17(10.17)]
Gen. 51 (51.00%): Max/Min/Avg Fitness(Raw) [13.14(68.77)/10.57(1.02)/10.95(10.95)]
Gen. 52 (52.00%): Max/Min/Avg Fitness(Raw) [13.01(68.77)/10.48(1.02)/10.84(10.84)]
Gen. 53 (53.00%): Max/Min/Avg Fitness(Raw) [14.29(68.77)/11.45(1.02)/11.91(11.91)]
Gen. 54 (54.00%): Max/Min/Avg Fitness(Raw) [13.04(68.77)/10.49(1.02)/10.86(10.86)]
Gen. 55 (55.00%): Max/Min/Avg Fitness(Raw) [14.04(68.77)/11.26(1.02)/11.70(11.70)]
Gen. 56 (56.00%): Max/Min/Avg Fitness(Raw) [12.86(68.77)/10.36(1.02)/10.72(10.72)]
Gen. 57 (57.00%): Max/Min/Avg Fitness(Raw) [13.37(68.77)/10.75(1.02)/11.14(11.14)]
Gen. 58 (58.00%): Max/Min/Avg Fitness(Raw) [11.90(68.77)/9.62(1.02)/9.92(9.92)]
Gen. 59 (59.00%): Max/Min/Avg Fitness(Raw) [11.88(68.77)/9.60(1.02)/9.90(9.90)]
Gen. 60 (60.00%): Max/Min/Avg Fitness(Raw) [13.32(68.77)/10.71(1.02)/11.10(11.10)]
Gen. 61 (61.00%): Max/Min/Avg Fitness(Raw) [12.96(68.77)/10.44(1.02)/10.80(10.80)]
Gen. 62 (62.00%): Max/Min/Avg Fitness(Raw) [14.41(68.77)/11.54(1.02)/12.01(12.01)]
Gen. 63 (63.00%): Max/Min/Avg Fitness(Raw) [11.89(68.77)/9.61(1.02)/9.91(9.91)]
Gen. 64 (64.00%): Max/Min/Avg Fitness(Raw) [13.12(68.77)/10.56(1.02)/10.93(10.93)]
Gen. 65 (65.00%): Max/Min/Avg Fitness(Raw) [13.75(68.77)/11.04(1.02)/11.46(11.46)]
Gen. 66 (66.00%): Max/Min/Avg Fitness(Raw) [13.83(68.77)/11.10(1.02)/11.53(11.53)]
Gen. 67 (67.00%): Max/Min/Avg Fitness(Raw) [13.09(68.77)/10.53(1.02)/10.91(10.91)]
Gen. 68 (68.00%): Max/Min/Avg Fitness(Raw) [12.70(70.95)/10.24(1.02)/10.58(10.58)]
Gen. 69 (69.00%): Max/Min/Avg Fitness(Raw) [21.16(70.95)/16.54(1.02)/17.64(17.64)]
Gen. 70 (70.00%): Max/Min/Avg Fitness(Raw) [20.96(70.95)/16.39(1.02)/17.47(17.47)]
Gen. 71 (71.00%): Max/Min/Avg Fitness(Raw) [19.83(71.77)/15.60(1.02)/16.53(16.53)]
Gen. 72 (72.00%): Max/Min/Avg Fitness(Raw) [10.48(71.77)/8.52(1.02)/8.73(8.73)]
Gen. 73 (73.00%): Max/Min/Avg Fitness(Raw) [10.91(71.77)/8.85(1.02)/9.09(9.09)]
Gen. 74 (74.00%): Max/Min/Avg Fitness(Raw) [11.01(71.77)/8.93(1.02)/9.17(9.17)]
Gen. 75 (75.00%): Max/Min/Avg Fitness(Raw) [10.95(71.77)/8.89(1.02)/9.13(9.13)]
Gen. 76 (76.00%): Max/Min/Avg Fitness(Raw) [10.61(71.77)/8.63(1.02)/8.84(8.84)]
Gen. 77 (77.00%): Max/Min/Avg Fitness(Raw) [11.57(71.77)/9.37(1.02)/9.64(9.64)]
Gen. 78 (78.00%): Max/Min/Avg Fitness(Raw) [10.11(71.77)/8.23(1.02)/8.42(8.42)]
Gen. 79 (79.00%): Max/Min/Avg Fitness(Raw) [10.80(71.77)/8.77(1.02)/9.00(9.00)]
Gen. 80 (80.00%): Max/Min/Avg Fitness(Raw) [11.72(71.77)/9.49(1.02)/9.76(9.76)]
Gen. 81 (81.00%): Max/Min/Avg Fitness(Raw) [11.68(71.77)/9.46(1.02)/9.74(9.74)]
Gen. 82 (82.00%): Max/Min/Avg Fitness(Raw) [10.57(71.77)/8.59(1.02)/8.81(8.81)]
Gen. 83 (83.00%): Max/Min/Avg Fitness(Raw) [11.14(71.77)/9.04(1.02)/9.29(9.29)]
Gen. 84 (84.00%): Max/Min/Avg Fitness(Raw) [11.20(71.77)/9.08(1.02)/9.33(9.33)]
Gen. 85 (85.00%): Max/Min/Avg Fitness(Raw) [10.35(71.77)/8.42(1.02)/8.63(8.63)]
Gen. 86 (86.00%): Max/Min/Avg Fitness(Raw) [10.38(71.77)/8.44(1.02)/8.65(8.65)]
Gen. 87 (87.00%): Max/Min/Avg Fitness(Raw) [10.02(71.77)/8.16(1.02)/8.35(8.35)]
Gen. 88 (88.00%): Max/Min/Avg Fitness(Raw) [10.20(71.77)/8.30(1.02)/8.50(8.50)]
Gen. 89 (89.00%): Max/Min/Avg Fitness(Raw) [11.06(71.77)/8.98(1.02)/9.22(9.22)]
Gen. 90 (90.00%): Max/Min/Avg Fitness(Raw) [11.75(71.77)/9.52(1.02)/9.79(9.79)]
Gen. 91 (91.00%): Max/Min/Avg Fitness(Raw) [11.54(71.77)/9.35(1.02)/9.61(9.61)]
Gen. 92 (92.00%): Max/Min/Avg Fitness(Raw) [11.25(71.77)/9.12(1.02)/9.37(9.37)]
Gen. 93 (93.00%): Max/Min/Avg Fitness(Raw) [10.31(71.77)/8.39(1.02)/8.59(8.59)]
Gen. 94 (94.00%): Max/Min/Avg Fitness(Raw) [11.23(71.77)/9.11(1.02)/9.36(9.36)]
Gen. 95 (95.00%): Max/Min/Avg Fitness(Raw) [10.69(71.77)/8.69(1.02)/8.91(8.91)]
Gen. 96 (96.00%): Max/Min/Avg Fitness(Raw) [11.54(71.77)/9.35(1.02)/9.62(9.62)]
Gen. 97 (97.00%): Max/Min/Avg Fitness(Raw) [10.57(71.77)/8.59(1.02)/8.81(8.81)]
Gen. 98 (98.00%): Max/Min/Avg Fitness(Raw) [10.76(71.77)/8.74(1.02)/8.96(8.96)]
Gen. 99 (99.00%): Max/Min/Avg Fitness(Raw) [12.17(71.77)/9.84(1.02)/10.15(10.15)]
Gen. 100 (100.00%): Max/Min/Avg Fitness(Raw) [10.92(71.77)/8.86(1.02)/9.10(9.10)]
Total time elapsed: 8994.906 seconds.
GA MSE : 0.976470
Best initial connection wetighs are set on Network
Setting FANN training parameters
Input layer                          :  70 neurons, 1 bias
  Hidden layer                       :  15 neurons, 1 bias
Output layer                         :   1 neurons
Total neurons and biases             :  88
Total connections                    :1081
Connection rate                      :   1.000
Network type                         :   FANN_NETTYPE_LAYER
Training algorithm                   :   FANN_TRAIN_RPROP
Training error function              :   FANN_ERRORFUNC_TANH
Training stop function               :   FANN_STOPFUNC_MSE
Bit fail limit                       :   0.350
Learning rate                        :   0.700
Learning momentum                    :   0.000
Quickprop decay                      :  -0.000100
Quickprop mu                         :   1.750
RPROP increase factor                :   1.001
RPROP decrease factor                :   0.500
RPROP delta min                      :   0.000
RPROP delta max                      :  50.000
Cascade output change fraction       :   0.010000
Cascade candidate change fraction    :   0.010000
Cascade output stagnation epochs     :  12
Cascade candidate stagnation epochs  :  12
Cascade max output epochs            : 150
Cascade max candidate epochs         : 150
Cascade weight multiplier            :   0.400
Cascade candidate limit              :1000.000
Cascade activation functions[0]      :   FANN_SIGMOID
Cascade activation functions[1]      :   FANN_SIGMOID_SYMMETRIC
Cascade activation functions[2]      :   FANN_GAUSSIAN
Cascade activation functions[3]      :   FANN_GAUSSIAN_SYMMETRIC
Cascade activation functions[4]      :   FANN_ELLIOT
Cascade activation functions[5]      :   FANN_ELLIOT_SYMMETRIC
Cascade activation functions[6]      :   FANN_SIN_SYMMETRIC
Cascade activation functions[7]      :   FANN_COS_SYMMETRIC
Cascade activation functions[8]      :   FANN_SIN
Cascade activation functions[9]      :   FANN_COS
Cascade activation steepnesses[0]    :   0.250
Cascade activation steepnesses[1]    :   0.500
Cascade activation steepnesses[2]    :   0.750
Cascade activation steepnesses[3]    :   1.000
Cascade candidate groups             :   2
Cascade no. of candidates            :  80
Start training network with 2-algorithm in FANN
Max epochs     8000. Desired error: 0.0010000000.
Epochs            1. Current error: 0.0139326733. Bit fail 243.
Epochs          100. Current error: 0.0133508835. Bit fail 233.
Epochs          200. Current error: 0.0134575069. Bit fail 236.
Epochs          300. Current error: 0.0134510947. Bit fail 236.
Epochs          400. Current error: 0.0133483978. Bit fail 235.
Epochs          500. Current error: 0.0130690029. Bit fail 233.
Epochs          600. Current error: 0.0130979894. Bit fail 234.
Epochs          700. Current error: 0.0128141902. Bit fail 232.
Epochs          800. Current error: 0.0127369864. Bit fail 231.
Epochs          900. Current error: 0.0125332428. Bit fail 228.
Epochs         1000. Current error: 0.0122686354. Bit fail 224.
Epochs         1100. Current error: 0.0122817690. Bit fail 225.
Epochs         1200. Current error: 0.0122760562. Bit fail 227.
Epochs         1300. Current error: 0.0119350664. Bit fail 226.
Epochs         1400. Current error: 0.0118780918. Bit fail 222.
Epochs         1500. Current error: 0.0119297337. Bit fail 224.
Epochs         1600. Current error: 0.0119514009. Bit fail 223.
Epochs         1700. Current error: 0.0118709262. Bit fail 222.
Epochs         1800. Current error: 0.0117996959. Bit fail 222.
Epochs         1900. Current error: 0.0116260843. Bit fail 218.
Epochs         2000. Current error: 0.0115083447. Bit fail 215.
Epochs         2100. Current error: 0.0113935564. Bit fail 213.
Epochs         2200. Current error: 0.0112554347. Bit fail 211.
Epochs         2300. Current error: 0.0111062815. Bit fail 209.
Epochs         2400. Current error: 0.0110228164. Bit fail 205.
Epochs         2500. Current error: 0.0109145781. Bit fail 203.
Epochs         2600. Current error: 0.0107748788. Bit fail 201.
Epochs         2700. Current error: 0.0106618768. Bit fail 198.
Epochs         2800. Current error: 0.0106312586. Bit fail 196.
Epochs         2900. Current error: 0.0105988970. Bit fail 196.
Epochs         3000. Current error: 0.0105341012. Bit fail 195.
Epochs         3100. Current error: 0.0104853110. Bit fail 194.
Epochs         3200. Current error: 0.0105504664. Bit fail 193.
Epochs         3300. Current error: 0.0105294259. Bit fail 195.
Epochs         3400. Current error: 0.0106548974. Bit fail 197.
Epochs         3500. Current error: 0.0107086757. Bit fail 197.
Epochs         3600. Current error: 0.0107102869. Bit fail 197.
Epochs         3700. Current error: 0.0107089868. Bit fail 198.
Epochs         3800. Current error: 0.0107450038. Bit fail 198.
Epochs         3900. Current error: 0.0107659521. Bit fail 198.
Epochs         4000. Current error: 0.0107995570. Bit fail 198.
Epochs         4100. Current error: 0.0109006893. Bit fail 204.
Epochs         4200. Current error: 0.0108456779. Bit fail 204.
Epochs         4300. Current error: 0.0107319560. Bit fail 201.
Epochs         4400. Current error: 0.0106284991. Bit fail 198.
Epochs         4500. Current error: 0.0105952043. Bit fail 194.
Epochs         4600. Current error: 0.0105654057. Bit fail 191.
Epochs         4700. Current error: 0.0105224112. Bit fail 192.
Epochs         4800. Current error: 0.0106388358. Bit fail 191.
Epochs         4900. Current error: 0.0106599759. Bit fail 196.
Epochs         5000. Current error: 0.0106726522. Bit fail 193.
Epochs         5100. Current error: 0.0106860735. Bit fail 197.
Epochs         5200. Current error: 0.0107211871. Bit fail 197.
Epochs         5300. Current error: 0.0108139990. Bit fail 200.
Epochs         5400. Current error: 0.0108422497. Bit fail 204.
Epochs         5500. Current error: 0.0108479140. Bit fail 203.
Epochs         5600. Current error: 0.0109792352. Bit fail 205.
Epochs         5700. Current error: 0.0110838600. Bit fail 208.
Epochs         5800. Current error: 0.0111620734. Bit fail 211.
Epochs         5900. Current error: 0.0112152724. Bit fail 211.
Epochs         6000. Current error: 0.0111862151. Bit fail 210.
Epochs         6100. Current error: 0.0112135652. Bit fail 211.
Epochs         6200. Current error: 0.0111902263. Bit fail 211.
Epochs         6300. Current error: 0.0111668557. Bit fail 209.
Epochs         6400. Current error: 0.0112005426. Bit fail 210.
Epochs         6500. Current error: 0.0112357605. Bit fail 210.
Epochs         6600. Current error: 0.0113291088. Bit fail 208.
Epochs         6700. Current error: 0.0113379220. Bit fail 210.
Epochs         6800. Current error: 0.0113885002. Bit fail 207.
Epochs         6900. Current error: 0.0113629466. Bit fail 207.
Epochs         7000. Current error: 0.0113437250. Bit fail 208.
Epochs         7100. Current error: 0.0114446254. Bit fail 210.
Epochs         7200. Current error: 0.0113833118. Bit fail 208.
Epochs         7300. Current error: 0.0113703851. Bit fail 208.
Epochs         7400. Current error: 0.0114012947. Bit fail 210.
Epochs         7500. Current error: 0.0114046009. Bit fail 210.
Epochs         7600. Current error: 0.0113960681. Bit fail 209.
Epochs         7700. Current error: 0.0114253089. Bit fail 208.
Epochs         7800. Current error: 0.0114458585. Bit fail 208.
Epochs         7900. Current error: 0.0114538111. Bit fail 207.
Epochs         8000. Current error: 0.0115155168. Bit fail 209.
Time elpased for FANN training: 699.830308 seconds
Trained Network by GA+FANN is saved in 
./ALL_S6_959126400_hveto_channels_signif_dt_set_2_training_n70n15n1_c10_mr10_p1000_g100_rmin-25_rmax25_gsigma50_y1001_z05_f05g09_m8000.net.
Total Running Time: 9695.143907 seconds
