Creating network.
The layer structure is following:
[70, 30, 1]
Setting newtork parameters
Getting training data : ALL_S6_959126400_hveto_channels_signif_dt_set_4_training.pat
Setting GA training parameters
Start running GA
Gen. 0 (0.00%): Max/Min/Avg Fitness(Raw) [24.79(60.70)/18.63(1.02)/20.66(20.66)]
Gen. 1 (0.50%): Max/Min/Avg Fitness(Raw) [64.04(63.82)/0.00(2.05)/57.85(57.85)]
Gen. 2 (1.00%): Max/Min/Avg Fitness(Raw) [66.92(66.81)/0.00(1.13)/60.85(60.85)]
Gen. 3 (1.50%): Max/Min/Avg Fitness(Raw) [71.06(70.90)/0.00(1.05)/61.70(61.70)]
Gen. 4 (2.00%): Max/Min/Avg Fitness(Raw) [74.14(73.85)/0.00(2.19)/65.56(65.56)]
Gen. 5 (2.50%): Max/Min/Avg Fitness(Raw) [75.97(75.80)/0.00(1.10)/65.86(65.86)]
Gen. 6 (3.00%): Max/Min/Avg Fitness(Raw) [79.32(79.10)/0.00(1.06)/65.73(65.73)]
Gen. 7 (3.50%): Max/Min/Avg Fitness(Raw) [83.72(83.42)/0.00(1.57)/70.34(70.34)]
Gen. 8 (4.00%): Max/Min/Avg Fitness(Raw) [85.71(85.46)/0.00(1.35)/72.45(72.45)]
Gen. 9 (4.50%): Max/Min/Avg Fitness(Raw) [88.63(88.21)/0.00(2.02)/73.56(73.56)]
Gen. 10 (5.00%): Max/Min/Avg Fitness(Raw) [90.81(90.57)/0.00(1.02)/73.70(73.70)]
Gen. 11 (5.50%): Max/Min/Avg Fitness(Raw) [92.51(92.26)/0.00(1.03)/74.92(74.92)]
Gen. 12 (6.00%): Max/Min/Avg Fitness(Raw) [93.22(92.99)/0.00(1.07)/76.86(76.86)]
Gen. 13 (6.50%): Max/Min/Avg Fitness(Raw) [94.86(94.62)/0.00(1.09)/77.72(77.72)]
Gen. 14 (7.00%): Max/Min/Avg Fitness(Raw) [96.11(95.86)/0.00(1.07)/77.75(77.75)]
Gen. 15 (7.50%): Max/Min/Avg Fitness(Raw) [96.91(96.67)/0.00(1.15)/80.09(80.09)]
Gen. 16 (8.00%): Max/Min/Avg Fitness(Raw) [97.27(97.02)/0.00(1.08)/78.81(78.81)]
Gen. 17 (8.50%): Max/Min/Avg Fitness(Raw) [98.25(98.00)/0.00(1.12)/80.16(80.16)]
Gen. 18 (9.00%): Max/Min/Avg Fitness(Raw) [98.60(98.36)/0.00(1.04)/80.47(80.47)]
Gen. 19 (9.50%): Max/Min/Avg Fitness(Raw) [99.19(98.96)/0.00(1.02)/81.51(81.51)]
Gen. 20 (10.00%): Max/Min/Avg Fitness(Raw) [99.68(99.45)/0.00(1.02)/81.51(81.51)]
Gen. 21 (10.50%): Max/Min/Avg Fitness(Raw) [100.54(100.28)/0.00(1.04)/80.55(80.55)]
Gen. 22 (11.00%): Max/Min/Avg Fitness(Raw) [100.80(100.55)/0.00(1.06)/81.14(81.14)]
Gen. 23 (11.50%): Max/Min/Avg Fitness(Raw) [101.25(100.99)/0.00(1.02)/81.04(81.04)]
Gen. 24 (12.00%): Max/Min/Avg Fitness(Raw) [101.88(101.60)/0.00(1.03)/80.15(80.15)]
Gen. 25 (12.50%): Max/Min/Avg Fitness(Raw) [101.88(101.60)/0.00(1.05)/80.81(80.81)]
Gen. 26 (13.00%): Max/Min/Avg Fitness(Raw) [102.32(102.04)/0.00(1.08)/81.00(81.00)]
Gen. 27 (13.50%): Max/Min/Avg Fitness(Raw) [102.62(102.34)/0.00(1.07)/81.53(81.53)]
Gen. 28 (14.00%): Max/Min/Avg Fitness(Raw) [102.66(102.34)/0.00(1.23)/81.28(81.28)]
Gen. 29 (14.50%): Max/Min/Avg Fitness(Raw) [102.99(102.70)/0.00(1.13)/81.42(81.42)]
Gen. 30 (15.00%): Max/Min/Avg Fitness(Raw) [103.27(103.00)/0.00(1.05)/82.07(82.07)]
Gen. 31 (15.50%): Max/Min/Avg Fitness(Raw) [104.12(103.83)/0.00(1.20)/83.71(83.71)]
Gen. 32 (16.00%): Max/Min/Avg Fitness(Raw) [104.20(103.96)/0.00(1.02)/84.30(84.30)]
Gen. 33 (16.50%): Max/Min/Avg Fitness(Raw) [104.21(103.96)/0.00(1.03)/84.14(84.14)]
Gen. 34 (17.00%): Max/Min/Avg Fitness(Raw) [104.24(103.97)/0.00(1.10)/83.84(83.84)]
Gen. 35 (17.50%): Max/Min/Avg Fitness(Raw) [104.57(104.32)/0.00(1.04)/83.72(83.72)]
Gen. 36 (18.00%): Max/Min/Avg Fitness(Raw) [105.44(105.12)/0.00(1.32)/84.89(84.89)]
Gen. 37 (18.50%): Max/Min/Avg Fitness(Raw) [105.85(105.60)/0.00(1.06)/85.04(85.04)]
Gen. 38 (19.00%): Max/Min/Avg Fitness(Raw) [106.06(105.80)/0.00(1.04)/84.95(84.95)]
Gen. 39 (19.50%): Max/Min/Avg Fitness(Raw) [106.07(105.80)/0.00(1.06)/84.88(84.88)]
Gen. 40 (20.00%): Max/Min/Avg Fitness(Raw) [106.06(105.80)/0.00(1.03)/84.89(84.89)]
Gen. 41 (20.50%): Max/Min/Avg Fitness(Raw) [106.12(105.80)/0.00(1.25)/84.75(84.75)]
Gen. 42 (21.00%): Max/Min/Avg Fitness(Raw) [106.25(105.98)/0.00(1.04)/84.31(84.31)]
Gen. 43 (21.50%): Max/Min/Avg Fitness(Raw) [106.83(106.52)/0.00(1.21)/85.24(85.24)]
Gen. 44 (22.00%): Max/Min/Avg Fitness(Raw) [106.79(106.52)/0.00(1.06)/85.37(85.37)]
Gen. 45 (22.50%): Max/Min/Avg Fitness(Raw) [107.13(106.74)/0.00(1.54)/85.36(85.36)]
Gen. 46 (23.00%): Max/Min/Avg Fitness(Raw) [107.19(106.94)/0.00(1.04)/85.92(85.92)]
Gen. 47 (23.50%): Max/Min/Avg Fitness(Raw) [107.19(106.94)/0.00(1.04)/86.45(86.45)]
Gen. 48 (24.00%): Max/Min/Avg Fitness(Raw) [107.46(107.17)/0.00(1.17)/85.93(85.93)]
Gen. 49 (24.50%): Max/Min/Avg Fitness(Raw) [107.82(107.54)/0.00(1.04)/85.38(85.38)]
Gen. 50 (25.00%): Max/Min/Avg Fitness(Raw) [108.52(108.23)/0.00(1.03)/84.85(84.85)]
Gen. 51 (25.50%): Max/Min/Avg Fitness(Raw) [108.68(108.40)/0.00(1.02)/85.69(85.69)]
Gen. 52 (26.00%): Max/Min/Avg Fitness(Raw) [109.55(109.26)/0.00(1.08)/86.13(86.13)]
Gen. 53 (26.50%): Max/Min/Avg Fitness(Raw) [111.09(110.76)/0.00(1.03)/84.21(84.21)]
Gen. 54 (27.00%): Max/Min/Avg Fitness(Raw) [111.24(110.96)/0.00(1.02)/87.04(87.04)]
Gen. 55 (27.50%): Max/Min/Avg Fitness(Raw) [111.72(111.39)/0.00(1.08)/85.17(85.17)]
Gen. 56 (28.00%): Max/Min/Avg Fitness(Raw) [112.24(111.94)/0.00(1.07)/88.00(88.00)]
Gen. 57 (28.50%): Max/Min/Avg Fitness(Raw) [112.74(112.43)/0.00(1.02)/86.81(86.81)]
Gen. 58 (29.00%): Max/Min/Avg Fitness(Raw) [112.79(112.50)/0.00(1.04)/88.08(88.08)]
Gen. 59 (29.50%): Max/Min/Avg Fitness(Raw) [113.78(113.49)/0.00(1.02)/88.94(88.94)]
Gen. 60 (30.00%): Max/Min/Avg Fitness(Raw) [113.78(113.49)/0.00(1.03)/89.04(89.04)]
Gen. 61 (30.50%): Max/Min/Avg Fitness(Raw) [113.79(113.49)/0.00(1.08)/88.87(88.87)]
Gen. 62 (31.00%): Max/Min/Avg Fitness(Raw) [114.13(113.83)/0.00(1.02)/88.61(88.61)]
Gen. 63 (31.50%): Max/Min/Avg Fitness(Raw) [114.36(113.83)/0.00(1.85)/88.88(88.88)]
Gen. 64 (32.00%): Max/Min/Avg Fitness(Raw) [114.30(114.01)/0.00(1.04)/89.04(89.04)]
Gen. 65 (32.50%): Max/Min/Avg Fitness(Raw) [114.37(114.07)/0.00(1.02)/88.67(88.67)]
Gen. 66 (33.00%): Max/Min/Avg Fitness(Raw) [114.37(114.07)/0.00(1.04)/89.05(89.05)]
Gen. 67 (33.50%): Max/Min/Avg Fitness(Raw) [114.53(114.23)/0.00(1.03)/88.70(88.70)]
Gen. 68 (34.00%): Max/Min/Avg Fitness(Raw) [114.57(114.28)/0.00(1.03)/89.28(89.28)]
Gen. 69 (34.50%): Max/Min/Avg Fitness(Raw) [115.12(114.81)/0.00(1.05)/89.19(89.19)]
Gen. 70 (35.00%): Max/Min/Avg Fitness(Raw) [115.11(114.81)/0.00(1.03)/89.34(89.34)]
Gen. 71 (35.50%): Max/Min/Avg Fitness(Raw) [115.39(115.09)/0.00(1.03)/89.26(89.26)]
Gen. 72 (36.00%): Max/Min/Avg Fitness(Raw) [115.94(115.64)/0.00(1.02)/89.48(89.48)]
Gen. 73 (36.50%): Max/Min/Avg Fitness(Raw) [115.98(115.64)/0.00(1.08)/88.50(88.50)]
Gen. 74 (37.00%): Max/Min/Avg Fitness(Raw) [115.97(115.64)/0.00(1.09)/88.95(88.95)]
Gen. 75 (37.50%): Max/Min/Avg Fitness(Raw) [115.95(115.64)/0.00(1.03)/89.00(89.00)]
Gen. 76 (38.00%): Max/Min/Avg Fitness(Raw) [115.95(115.64)/0.00(1.02)/89.03(89.03)]
Gen. 77 (38.50%): Max/Min/Avg Fitness(Raw) [115.95(115.64)/0.00(1.03)/89.12(89.12)]
Gen. 78 (39.00%): Max/Min/Avg Fitness(Raw) [116.02(115.71)/0.00(1.02)/89.19(89.19)]
Gen. 79 (39.50%): Max/Min/Avg Fitness(Raw) [116.27(115.97)/0.00(1.02)/89.49(89.49)]
Gen. 80 (40.00%): Max/Min/Avg Fitness(Raw) [116.29(115.97)/0.00(1.07)/89.65(89.65)]
Gen. 81 (40.50%): Max/Min/Avg Fitness(Raw) [116.27(115.97)/0.00(1.07)/90.31(90.31)]
Gen. 82 (41.00%): Max/Min/Avg Fitness(Raw) [116.31(115.99)/0.00(1.10)/90.08(90.08)]
Gen. 83 (41.50%): Max/Min/Avg Fitness(Raw) [116.30(115.99)/0.00(1.04)/89.82(89.82)]
Gen. 84 (42.00%): Max/Min/Avg Fitness(Raw) [116.42(116.09)/0.00(1.12)/90.01(90.01)]
Gen. 85 (42.50%): Max/Min/Avg Fitness(Raw) [116.47(116.16)/0.00(1.04)/89.74(89.74)]
Gen. 86 (43.00%): Max/Min/Avg Fitness(Raw) [116.91(116.58)/0.00(1.08)/90.01(90.01)]
Gen. 87 (43.50%): Max/Min/Avg Fitness(Raw) [116.89(116.58)/0.00(1.03)/89.84(89.84)]
Gen. 88 (44.00%): Max/Min/Avg Fitness(Raw) [116.90(116.58)/0.00(1.09)/90.50(90.50)]
Gen. 89 (44.50%): Max/Min/Avg Fitness(Raw) [116.99(116.69)/0.00(1.02)/90.23(90.23)]
Gen. 90 (45.00%): Max/Min/Avg Fitness(Raw) [117.04(116.69)/0.00(1.18)/89.68(89.68)]
Gen. 91 (45.50%): Max/Min/Avg Fitness(Raw) [117.01(116.69)/0.00(1.09)/90.16(90.16)]
Gen. 92 (46.00%): Max/Min/Avg Fitness(Raw) [117.03(116.69)/0.00(1.14)/90.01(90.01)]
Gen. 93 (46.50%): Max/Min/Avg Fitness(Raw) [117.58(117.26)/0.00(1.04)/90.11(90.11)]
Gen. 94 (47.00%): Max/Min/Avg Fitness(Raw) [117.71(117.40)/0.00(1.02)/89.94(89.94)]
Gen. 95 (47.50%): Max/Min/Avg Fitness(Raw) [118.00(117.70)/0.00(1.02)/91.24(91.24)]
Gen. 96 (48.00%): Max/Min/Avg Fitness(Raw) [118.02(117.70)/0.00(1.03)/89.84(89.84)]
Gen. 97 (48.50%): Max/Min/Avg Fitness(Raw) [118.04(117.70)/0.00(1.07)/89.63(89.63)]
Gen. 98 (49.00%): Max/Min/Avg Fitness(Raw) [118.02(117.70)/0.00(1.03)/90.21(90.21)]
Gen. 99 (49.50%): Max/Min/Avg Fitness(Raw) [118.02(117.70)/0.00(1.02)/89.85(89.85)]
Gen. 100 (50.00%): Max/Min/Avg Fitness(Raw) [118.20(117.88)/0.00(1.02)/89.76(89.76)]
Gen. 101 (50.50%): Max/Min/Avg Fitness(Raw) [118.25(117.93)/0.00(1.03)/90.03(90.03)]
Gen. 102 (51.00%): Max/Min/Avg Fitness(Raw) [118.25(117.93)/0.00(1.03)/90.26(90.26)]
Gen. 103 (51.50%): Max/Min/Avg Fitness(Raw) [118.56(118.24)/0.00(1.04)/90.45(90.45)]
Gen. 104 (52.00%): Max/Min/Avg Fitness(Raw) [118.58(118.26)/0.00(1.07)/90.97(90.97)]
Gen. 105 (52.50%): Max/Min/Avg Fitness(Raw) [118.62(118.26)/0.00(1.19)/91.10(91.10)]
Gen. 106 (53.00%): Max/Min/Avg Fitness(Raw) [118.57(118.26)/0.00(1.03)/91.03(91.03)]
Gen. 107 (53.50%): Max/Min/Avg Fitness(Raw) [118.92(118.62)/0.00(1.03)/91.46(91.46)]
Gen. 108 (54.00%): Max/Min/Avg Fitness(Raw) [119.23(118.91)/0.00(1.03)/90.95(90.95)]
Gen. 109 (54.50%): Max/Min/Avg Fitness(Raw) [119.23(118.91)/0.00(1.02)/91.22(91.22)]
Gen. 110 (55.00%): Max/Min/Avg Fitness(Raw) [119.27(118.91)/0.00(1.15)/91.11(91.11)]
Gen. 111 (55.50%): Max/Min/Avg Fitness(Raw) [119.45(119.11)/0.00(1.12)/91.58(91.58)]
Gen. 112 (56.00%): Max/Min/Avg Fitness(Raw) [119.89(119.11)/0.00(2.50)/91.31(91.31)]
Gen. 113 (56.50%): Max/Min/Avg Fitness(Raw) [119.44(119.11)/0.00(1.03)/90.32(90.32)]
Gen. 114 (57.00%): Max/Min/Avg Fitness(Raw) [119.47(119.11)/0.00(1.15)/90.93(90.93)]
Gen. 115 (57.50%): Max/Min/Avg Fitness(Raw) [119.44(119.11)/0.00(1.02)/90.62(90.62)]
Gen. 116 (58.00%): Max/Min/Avg Fitness(Raw) [119.70(119.37)/0.00(1.08)/91.26(91.26)]
Gen. 117 (58.50%): Max/Min/Avg Fitness(Raw) [119.71(119.37)/0.00(1.10)/91.17(91.17)]
Gen. 118 (59.00%): Max/Min/Avg Fitness(Raw) [119.73(119.41)/0.00(1.02)/91.03(91.03)]
Gen. 119 (59.50%): Max/Min/Avg Fitness(Raw) [119.86(119.54)/0.00(1.02)/91.10(91.10)]
Gen. 120 (60.00%): Max/Min/Avg Fitness(Raw) [119.87(119.54)/0.00(1.05)/91.00(91.00)]
Gen. 121 (60.50%): Max/Min/Avg Fitness(Raw) [119.88(119.56)/0.00(1.04)/91.25(91.25)]
Gen. 122 (61.00%): Max/Min/Avg Fitness(Raw) [119.90(119.56)/0.00(1.08)/91.23(91.23)]
Gen. 123 (61.50%): Max/Min/Avg Fitness(Raw) [119.90(119.57)/0.00(1.03)/90.79(90.79)]
Gen. 124 (62.00%): Max/Min/Avg Fitness(Raw) [120.08(119.57)/0.00(1.77)/93.26(93.26)]
Gen. 125 (62.50%): Max/Min/Avg Fitness(Raw) [120.22(119.92)/0.00(1.02)/93.05(93.05)]
Gen. 126 (63.00%): Max/Min/Avg Fitness(Raw) [120.33(120.00)/0.00(1.11)/92.18(92.18)]
Gen. 127 (63.50%): Max/Min/Avg Fitness(Raw) [120.48(120.17)/0.00(1.02)/92.11(92.11)]
Gen. 128 (64.00%): Max/Min/Avg Fitness(Raw) [120.47(120.17)/0.00(1.03)/93.13(93.13)]
Gen. 129 (64.50%): Max/Min/Avg Fitness(Raw) [120.74(120.39)/0.00(1.12)/92.43(92.43)]
Gen. 130 (65.00%): Max/Min/Avg Fitness(Raw) [120.73(120.41)/0.00(1.02)/92.20(92.20)]
Gen. 131 (65.50%): Max/Min/Avg Fitness(Raw) [120.72(120.41)/0.00(1.03)/92.52(92.52)]
Gen. 132 (66.00%): Max/Min/Avg Fitness(Raw) [120.74(120.41)/0.00(1.06)/91.91(91.91)]
Gen. 133 (66.50%): Max/Min/Avg Fitness(Raw) [120.74(120.41)/0.00(1.06)/92.02(92.02)]
Gen. 134 (67.00%): Max/Min/Avg Fitness(Raw) [120.76(120.41)/0.00(1.13)/92.25(92.25)]
Gen. 135 (67.50%): Max/Min/Avg Fitness(Raw) [120.74(120.41)/0.00(1.04)/92.04(92.04)]
Gen. 136 (68.00%): Max/Min/Avg Fitness(Raw) [120.81(120.41)/0.00(1.29)/92.41(92.41)]
Gen. 137 (68.50%): Max/Min/Avg Fitness(Raw) [120.73(120.41)/0.00(1.03)/92.56(92.56)]
Gen. 138 (69.00%): Max/Min/Avg Fitness(Raw) [120.73(120.41)/0.00(1.02)/92.37(92.37)]
Gen. 139 (69.50%): Max/Min/Avg Fitness(Raw) [120.77(120.46)/0.00(1.02)/92.72(92.72)]
Gen. 140 (70.00%): Max/Min/Avg Fitness(Raw) [120.79(120.48)/0.00(1.03)/92.87(92.87)]
Gen. 141 (70.50%): Max/Min/Avg Fitness(Raw) [120.81(120.48)/0.00(1.08)/92.66(92.66)]
Gen. 142 (71.00%): Max/Min/Avg Fitness(Raw) [120.81(120.48)/0.00(1.09)/92.74(92.74)]
Gen. 143 (71.50%): Max/Min/Avg Fitness(Raw) [120.80(120.48)/0.00(1.05)/92.87(92.87)]
Gen. 144 (72.00%): Max/Min/Avg Fitness(Raw) [120.82(120.48)/0.00(1.10)/92.65(92.65)]
Gen. 145 (72.50%): Max/Min/Avg Fitness(Raw) [120.79(120.48)/0.00(1.02)/92.92(92.92)]
Gen. 146 (73.00%): Max/Min/Avg Fitness(Raw) [120.80(120.48)/0.00(1.08)/93.20(93.20)]
Gen. 147 (73.50%): Max/Min/Avg Fitness(Raw) [120.88(120.56)/0.00(1.04)/92.67(92.67)]
Gen. 148 (74.00%): Max/Min/Avg Fitness(Raw) [120.89(120.56)/0.00(1.08)/92.55(92.55)]
Gen. 149 (74.50%): Max/Min/Avg Fitness(Raw) [120.91(120.56)/0.00(1.15)/92.95(92.95)]
Gen. 150 (75.00%): Max/Min/Avg Fitness(Raw) [120.89(120.56)/0.00(1.10)/93.01(93.01)]
Gen. 151 (75.50%): Max/Min/Avg Fitness(Raw) [120.94(120.56)/0.00(1.22)/92.49(92.49)]
Gen. 152 (76.00%): Max/Min/Avg Fitness(Raw) [120.89(120.56)/0.00(1.13)/93.26(93.26)]
Gen. 153 (76.50%): Max/Min/Avg Fitness(Raw) [120.94(120.61)/0.00(1.10)/92.89(92.89)]
Gen. 154 (77.00%): Max/Min/Avg Fitness(Raw) [121.01(120.61)/0.00(1.31)/92.79(92.79)]
Gen. 155 (77.50%): Max/Min/Avg Fitness(Raw) [120.92(120.61)/0.00(1.06)/93.48(93.48)]
Gen. 156 (78.00%): Max/Min/Avg Fitness(Raw) [120.92(120.61)/0.00(1.03)/92.79(92.79)]
Gen. 157 (78.50%): Max/Min/Avg Fitness(Raw) [120.94(120.61)/0.00(1.13)/93.37(93.37)]
Gen. 158 (79.00%): Max/Min/Avg Fitness(Raw) [120.96(120.61)/0.00(1.13)/92.08(92.08)]
Gen. 159 (79.50%): Max/Min/Avg Fitness(Raw) [121.05(120.64)/0.00(1.35)/93.00(93.00)]
Gen. 160 (80.00%): Max/Min/Avg Fitness(Raw) [120.96(120.64)/0.00(1.05)/92.70(92.70)]
Gen. 161 (80.50%): Max/Min/Avg Fitness(Raw) [121.14(120.83)/0.00(1.02)/92.69(92.69)]
Gen. 162 (81.00%): Max/Min/Avg Fitness(Raw) [121.35(121.04)/0.00(1.02)/93.35(93.35)]
Gen. 163 (81.50%): Max/Min/Avg Fitness(Raw) [121.37(121.04)/0.00(1.07)/92.96(92.96)]
Gen. 164 (82.00%): Max/Min/Avg Fitness(Raw) [121.50(121.20)/0.00(1.03)/93.97(93.97)]
Gen. 165 (82.50%): Max/Min/Avg Fitness(Raw) [121.56(121.26)/0.00(1.02)/94.28(94.28)]
Gen. 166 (83.00%): Max/Min/Avg Fitness(Raw) [122.02(121.65)/0.00(1.22)/93.66(93.66)]
Gen. 167 (83.50%): Max/Min/Avg Fitness(Raw) [121.96(121.65)/0.00(1.02)/94.15(94.15)]
Gen. 168 (84.00%): Max/Min/Avg Fitness(Raw) [121.97(121.65)/0.00(1.09)/94.27(94.27)]
Gen. 169 (84.50%): Max/Min/Avg Fitness(Raw) [122.10(121.79)/0.00(1.03)/93.46(93.46)]
Gen. 170 (85.00%): Max/Min/Avg Fitness(Raw) [122.31(122.01)/0.00(1.03)/94.54(94.54)]
Gen. 171 (85.50%): Max/Min/Avg Fitness(Raw) [122.30(122.01)/0.00(1.04)/95.41(95.41)]
Gen. 172 (86.00%): Max/Min/Avg Fitness(Raw) [122.32(122.01)/0.00(1.10)/95.42(95.42)]
Gen. 173 (86.50%): Max/Min/Avg Fitness(Raw) [122.33(122.01)/0.00(1.11)/94.75(94.75)]
Gen. 174 (87.00%): Max/Min/Avg Fitness(Raw) [122.45(122.13)/0.00(1.09)/94.97(94.97)]
Gen. 175 (87.50%): Max/Min/Avg Fitness(Raw) [122.77(122.42)/0.00(1.18)/94.59(94.59)]
Gen. 176 (88.00%): Max/Min/Avg Fitness(Raw) [122.72(122.42)/0.00(1.03)/94.84(94.84)]
Gen. 177 (88.50%): Max/Min/Avg Fitness(Raw) [122.88(122.56)/0.00(1.07)/94.13(94.13)]
Gen. 178 (89.00%): Max/Min/Avg Fitness(Raw) [122.87(122.56)/0.00(1.09)/95.18(95.18)]
Gen. 179 (89.50%): Max/Min/Avg Fitness(Raw) [123.02(122.70)/0.00(1.05)/94.64(94.64)]
Gen. 180 (90.00%): Max/Min/Avg Fitness(Raw) [123.02(122.70)/0.00(1.03)/94.05(94.05)]
Gen. 181 (90.50%): Max/Min/Avg Fitness(Raw) [123.02(122.70)/0.00(1.03)/94.30(94.30)]
Gen. 182 (91.00%): Max/Min/Avg Fitness(Raw) [123.06(122.70)/0.00(1.12)/93.67(93.67)]
Gen. 183 (91.50%): Max/Min/Avg Fitness(Raw) [123.03(122.70)/0.00(1.05)/93.97(93.97)]
Gen. 184 (92.00%): Max/Min/Avg Fitness(Raw) [123.04(122.71)/0.00(1.07)/94.45(94.45)]
Gen. 185 (92.50%): Max/Min/Avg Fitness(Raw) [123.03(122.71)/0.00(1.03)/93.99(93.99)]
Gen. 186 (93.00%): Max/Min/Avg Fitness(Raw) [123.06(122.73)/0.00(1.07)/94.02(94.02)]
Gen. 187 (93.50%): Max/Min/Avg Fitness(Raw) [123.04(122.73)/0.00(1.02)/94.77(94.77)]
Gen. 188 (94.00%): Max/Min/Avg Fitness(Raw) [123.05(122.73)/0.00(1.03)/93.82(93.82)]
Gen. 189 (94.50%): Max/Min/Avg Fitness(Raw) [123.16(122.73)/0.00(1.41)/94.38(94.38)]
Gen. 190 (95.00%): Max/Min/Avg Fitness(Raw) [123.13(122.81)/0.00(1.02)/94.37(94.37)]
Gen. 191 (95.50%): Max/Min/Avg Fitness(Raw) [123.16(122.81)/0.00(1.11)/94.10(94.10)]
Gen. 192 (96.00%): Max/Min/Avg Fitness(Raw) [123.19(122.88)/0.00(1.02)/94.89(94.89)]
Gen. 193 (96.50%): Max/Min/Avg Fitness(Raw) [123.54(123.21)/0.00(1.08)/94.52(94.52)]
Gen. 194 (97.00%): Max/Min/Avg Fitness(Raw) [123.54(123.21)/0.00(1.04)/93.86(93.86)]
Gen. 195 (97.50%): Max/Min/Avg Fitness(Raw) [123.63(123.29)/0.00(1.03)/93.60(93.60)]
Gen. 196 (98.00%): Max/Min/Avg Fitness(Raw) [123.75(123.29)/0.00(1.38)/93.18(93.18)]
Gen. 197 (98.50%): Max/Min/Avg Fitness(Raw) [123.66(123.33)/0.00(1.03)/93.45(93.45)]
Gen. 198 (99.00%): Max/Min/Avg Fitness(Raw) [123.69(123.33)/0.00(1.10)/92.91(92.91)]
Gen. 199 (99.50%): Max/Min/Avg Fitness(Raw) [124.05(123.71)/0.00(1.04)/93.24(93.24)]
Gen. 200 (100.00%): Max/Min/Avg Fitness(Raw) [124.07(123.71)/0.00(1.12)/93.72(93.72)]
Total time elapsed: 125651.833 seconds.
GA MSE : 0.012009
Best initial connection wetighs are set on Network
Setting FANN training parameters
Input layer                          :  70 neurons, 1 bias
  Hidden layer                       :  30 neurons, 1 bias
Output layer                         :   1 neurons
Total neurons and biases             : 103
Total connections                    :2161
Connection rate                      :   1.000
Network type                         :   FANN_NETTYPE_LAYER
Training algorithm                   :   FANN_TRAIN_RPROP
Training error function              :   FANN_ERRORFUNC_TANH
Training stop function               :   FANN_STOPFUNC_MSE
Bit fail limit                       :   0.350
Learning rate                        :   0.700
Learning momentum                    :   0.000
Quickprop decay                      :  -0.000100
Quickprop mu                         :   1.750
RPROP increase factor                :   1.001
RPROP decrease factor                :   0.500
RPROP delta min                      :   0.000
RPROP delta max                      :  50.000
Cascade output change fraction       :   0.010000
Cascade candidate change fraction    :   0.010000
Cascade output stagnation epochs     :  12
Cascade candidate stagnation epochs  :  12
Cascade max output epochs            : 150
Cascade max candidate epochs         : 150
Cascade weight multiplier            :   0.400
Cascade candidate limit              :1000.000
Cascade activation functions[0]      :   FANN_SIGMOID
Cascade activation functions[1]      :   FANN_SIGMOID_SYMMETRIC
Cascade activation functions[2]      :   FANN_GAUSSIAN
Cascade activation functions[3]      :   FANN_GAUSSIAN_SYMMETRIC
Cascade activation functions[4]      :   FANN_ELLIOT
Cascade activation functions[5]      :   FANN_ELLIOT_SYMMETRIC
Cascade activation functions[6]      :   FANN_SIN_SYMMETRIC
Cascade activation functions[7]      :   FANN_COS_SYMMETRIC
Cascade activation functions[8]      :   FANN_SIN
Cascade activation functions[9]      :   FANN_COS
Cascade activation steepnesses[0]    :   0.250
Cascade activation steepnesses[1]    :   0.500
Cascade activation steepnesses[2]    :   0.750
Cascade activation steepnesses[3]    :   1.000
Cascade candidate groups             :   2
Cascade no. of candidates            :  80
Start training network with 2-algorithm in FANN
Max epochs     8000. Desired error: 0.0010000000.
Epochs            1. Current error: 0.0080833575. Bit fail 148.
Epochs          100. Current error: 0.0096311271. Bit fail 217.
Epochs          200. Current error: 0.0087687252. Bit fail 214.
Epochs          300. Current error: 0.0081359698. Bit fail 188.
Epochs          400. Current error: 0.0078505501. Bit fail 182.
Epochs          500. Current error: 0.0075746379. Bit fail 170.
Epochs          600. Current error: 0.0073965993. Bit fail 165.
Epochs          700. Current error: 0.0072801840. Bit fail 166.
Epochs          800. Current error: 0.0071419501. Bit fail 161.
Epochs          900. Current error: 0.0070538418. Bit fail 160.
Epochs         1000. Current error: 0.0069909897. Bit fail 157.
Epochs         1100. Current error: 0.0069219037. Bit fail 157.
Epochs         1200. Current error: 0.0068329908. Bit fail 159.
Epochs         1300. Current error: 0.0067603909. Bit fail 156.
Epochs         1400. Current error: 0.0066868840. Bit fail 154.
Epochs         1500. Current error: 0.0066188802. Bit fail 149.
Epochs         1600. Current error: 0.0065633999. Bit fail 150.
Epochs         1700. Current error: 0.0064967577. Bit fail 148.
Epochs         1800. Current error: 0.0064180554. Bit fail 145.
Epochs         1900. Current error: 0.0063436972. Bit fail 140.
Epochs         2000. Current error: 0.0063130623. Bit fail 139.
Epochs         2100. Current error: 0.0062644295. Bit fail 136.
Epochs         2200. Current error: 0.0061938874. Bit fail 137.
Epochs         2300. Current error: 0.0061609880. Bit fail 134.
Epochs         2400. Current error: 0.0060870205. Bit fail 133.
Epochs         2500. Current error: 0.0060544107. Bit fail 131.
Epochs         2600. Current error: 0.0059976890. Bit fail 130.
Epochs         2700. Current error: 0.0059330161. Bit fail 127.
Epochs         2800. Current error: 0.0058977073. Bit fail 127.
Epochs         2900. Current error: 0.0058574253. Bit fail 123.
Epochs         3000. Current error: 0.0058221179. Bit fail 123.
Epochs         3100. Current error: 0.0057899877. Bit fail 122.
Epochs         3200. Current error: 0.0057592201. Bit fail 123.
Epochs         3300. Current error: 0.0057294494. Bit fail 120.
Epochs         3400. Current error: 0.0057109920. Bit fail 119.
Epochs         3500. Current error: 0.0056858687. Bit fail 115.
Epochs         3600. Current error: 0.0057213157. Bit fail 117.
Epochs         3700. Current error: 0.0057088402. Bit fail 118.
Epochs         3800. Current error: 0.0056884792. Bit fail 117.
Epochs         3900. Current error: 0.0056091878. Bit fail 115.
Epochs         4000. Current error: 0.0055729630. Bit fail 115.
Epochs         4100. Current error: 0.0055460222. Bit fail 114.
Epochs         4200. Current error: 0.0055268002. Bit fail 113.
Epochs         4300. Current error: 0.0055089407. Bit fail 111.
Epochs         4400. Current error: 0.0054895612. Bit fail 111.
Epochs         4500. Current error: 0.0054686842. Bit fail 110.
Epochs         4600. Current error: 0.0054512247. Bit fail 110.
Epochs         4700. Current error: 0.0054278397. Bit fail 114.
Epochs         4800. Current error: 0.0054064263. Bit fail 112.
Epochs         4900. Current error: 0.0053829062. Bit fail 110.
Epochs         5000. Current error: 0.0053545199. Bit fail 111.
Epochs         5100. Current error: 0.0053336122. Bit fail 110.
Epochs         5200. Current error: 0.0053210543. Bit fail 110.
Epochs         5300. Current error: 0.0053151650. Bit fail 109.
Epochs         5400. Current error: 0.0052877073. Bit fail 108.
Epochs         5500. Current error: 0.0052563408. Bit fail 108.
Epochs         5600. Current error: 0.0052672955. Bit fail 106.
Epochs         5700. Current error: 0.0052597388. Bit fail 104.
Epochs         5800. Current error: 0.0052433456. Bit fail 103.
Epochs         5900. Current error: 0.0052342326. Bit fail 103.
Epochs         6000. Current error: 0.0052467575. Bit fail 104.
Epochs         6100. Current error: 0.0052281558. Bit fail 104.
Epochs         6200. Current error: 0.0052061495. Bit fail 104.
Epochs         6300. Current error: 0.0051864637. Bit fail 102.
Epochs         6400. Current error: 0.0051646922. Bit fail 100.
Epochs         6500. Current error: 0.0051518846. Bit fail 99.
Epochs         6600. Current error: 0.0051387032. Bit fail 100.
Epochs         6700. Current error: 0.0051261806. Bit fail 99.
Epochs         6800. Current error: 0.0051713963. Bit fail 100.
Epochs         6900. Current error: 0.0050986628. Bit fail 99.
Epochs         7000. Current error: 0.0050896625. Bit fail 99.
Epochs         7100. Current error: 0.0050841230. Bit fail 99.
Epochs         7200. Current error: 0.0050764526. Bit fail 98.
Epochs         7300. Current error: 0.0050699739. Bit fail 98.
Epochs         7400. Current error: 0.0050621261. Bit fail 96.
Epochs         7500. Current error: 0.0050529148. Bit fail 96.
Epochs         7600. Current error: 0.0050508343. Bit fail 96.
Epochs         7700. Current error: 0.0050362060. Bit fail 96.
Epochs         7800. Current error: 0.0050285365. Bit fail 96.
Epochs         7900. Current error: 0.0050226543. Bit fail 96.
Epochs         8000. Current error: 0.0049708975. Bit fail 94.
Time elpased for FANN training: 1284.432149 seconds
Trained Network by GA+FANN is saved in 
./ALL_S6_959126400_hveto_channels_signif_dt_set_4_training_n70n30n1_c10_mr04_p5000_g200_rmin-25_rmax25_gsigma1_y1001_z05_f05g09_m8000.net.
Total Running Time: 126936.709243 seconds
