Creating network.
The layer structure is following:
[70, 15, 1]
Setting newtork parameters
Getting training data : ALL_S6_959126400_hveto_channels_signif_dt_set_7_training.pat
Setting GA training parameters
Start running GA
Gen. 0 (0.00%): Max/Min/Avg Fitness(Raw) [24.94(61.58)/18.77(1.02)/20.78(20.78)]
Gen. 1 (1.00%): Max/Min/Avg Fitness(Raw) [20.64(61.58)/15.95(1.02)/17.20(17.20)]
Gen. 2 (2.00%): Max/Min/Avg Fitness(Raw) [19.43(61.58)/15.11(1.02)/16.19(16.19)]
Gen. 3 (3.00%): Max/Min/Avg Fitness(Raw) [20.21(61.58)/15.65(1.02)/16.84(16.84)]
Gen. 4 (4.00%): Max/Min/Avg Fitness(Raw) [19.95(61.58)/15.47(1.02)/16.62(16.62)]
Gen. 5 (5.00%): Max/Min/Avg Fitness(Raw) [20.03(61.58)/15.52(1.02)/16.69(16.69)]
Gen. 6 (6.00%): Max/Min/Avg Fitness(Raw) [20.53(61.58)/15.87(1.02)/17.10(17.10)]
Gen. 7 (7.00%): Max/Min/Avg Fitness(Raw) [19.74(61.58)/15.33(1.02)/16.45(16.45)]
Gen. 8 (8.00%): Max/Min/Avg Fitness(Raw) [19.35(61.58)/15.05(1.02)/16.12(16.12)]
Gen. 9 (9.00%): Max/Min/Avg Fitness(Raw) [19.23(61.58)/14.97(1.02)/16.03(16.03)]
Gen. 10 (10.00%): Max/Min/Avg Fitness(Raw) [19.78(61.58)/15.36(1.02)/16.49(16.49)]
Gen. 11 (11.00%): Max/Min/Avg Fitness(Raw) [21.03(61.58)/16.21(1.02)/17.53(17.53)]
Gen. 12 (12.00%): Max/Min/Avg Fitness(Raw) [19.44(61.58)/15.11(1.02)/16.20(16.20)]
Gen. 13 (13.00%): Max/Min/Avg Fitness(Raw) [19.18(61.58)/14.93(1.02)/15.98(15.98)]
Gen. 14 (14.00%): Max/Min/Avg Fitness(Raw) [22.01(61.58)/16.87(1.02)/18.34(18.34)]
Gen. 15 (15.00%): Max/Min/Avg Fitness(Raw) [19.39(61.58)/15.08(1.02)/16.16(16.16)]
Gen. 16 (16.00%): Max/Min/Avg Fitness(Raw) [19.73(61.58)/15.32(1.02)/16.44(16.44)]
Gen. 17 (17.00%): Max/Min/Avg Fitness(Raw) [19.57(61.58)/15.20(1.02)/16.30(16.30)]
Gen. 18 (18.00%): Max/Min/Avg Fitness(Raw) [19.61(61.58)/15.23(1.02)/16.34(16.34)]
Gen. 19 (19.00%): Max/Min/Avg Fitness(Raw) [20.34(61.58)/15.74(1.02)/16.95(16.95)]
Gen. 20 (20.00%): Max/Min/Avg Fitness(Raw) [20.16(61.58)/15.61(1.02)/16.80(16.80)]
Gen. 21 (21.00%): Max/Min/Avg Fitness(Raw) [20.00(61.58)/15.51(1.02)/16.67(16.67)]
Gen. 22 (22.00%): Max/Min/Avg Fitness(Raw) [19.34(62.82)/15.07(1.02)/16.11(16.11)]
Gen. 23 (23.00%): Max/Min/Avg Fitness(Raw) [14.30(62.82)/11.41(1.02)/11.92(11.92)]
Gen. 24 (24.00%): Max/Min/Avg Fitness(Raw) [15.32(62.82)/12.17(1.02)/12.77(12.77)]
Gen. 25 (25.00%): Max/Min/Avg Fitness(Raw) [14.09(62.82)/11.25(1.02)/11.74(11.74)]
Gen. 26 (26.00%): Max/Min/Avg Fitness(Raw) [13.58(62.82)/10.87(1.02)/11.32(11.32)]
Gen. 27 (27.00%): Max/Min/Avg Fitness(Raw) [13.93(62.82)/11.13(1.02)/11.61(11.61)]
Gen. 28 (28.00%): Max/Min/Avg Fitness(Raw) [13.96(62.82)/11.15(1.02)/11.63(11.63)]
Gen. 29 (29.00%): Max/Min/Avg Fitness(Raw) [15.06(62.82)/11.98(1.02)/12.55(12.55)]
Gen. 30 (30.00%): Max/Min/Avg Fitness(Raw) [14.67(62.82)/11.68(1.02)/12.22(12.22)]
Gen. 31 (31.00%): Max/Min/Avg Fitness(Raw) [13.19(62.82)/10.57(1.02)/10.99(10.99)]
Gen. 32 (32.00%): Max/Min/Avg Fitness(Raw) [14.37(62.82)/11.46(1.02)/11.97(11.97)]
Gen. 33 (33.00%): Max/Min/Avg Fitness(Raw) [14.11(62.82)/11.27(1.02)/11.76(11.76)]
Gen. 34 (34.00%): Max/Min/Avg Fitness(Raw) [15.16(62.82)/12.05(1.02)/12.63(12.63)]
Gen. 35 (35.00%): Max/Min/Avg Fitness(Raw) [14.42(62.82)/11.49(1.02)/12.01(12.01)]
Gen. 36 (36.00%): Max/Min/Avg Fitness(Raw) [13.28(62.82)/10.64(1.02)/11.07(11.07)]
Gen. 37 (37.00%): Max/Min/Avg Fitness(Raw) [13.86(62.82)/11.08(1.02)/11.55(11.55)]
Gen. 38 (38.00%): Max/Min/Avg Fitness(Raw) [13.39(62.82)/10.72(1.02)/11.16(11.16)]
Gen. 39 (39.00%): Max/Min/Avg Fitness(Raw) [14.82(62.82)/11.80(1.02)/12.35(12.35)]
Gen. 40 (40.00%): Max/Min/Avg Fitness(Raw) [14.18(62.82)/11.32(1.02)/11.82(11.82)]
Gen. 41 (41.00%): Max/Min/Avg Fitness(Raw) [14.02(62.82)/11.19(1.02)/11.68(11.68)]
Gen. 42 (42.00%): Max/Min/Avg Fitness(Raw) [14.45(62.82)/11.52(1.02)/12.04(12.04)]
Gen. 43 (43.00%): Max/Min/Avg Fitness(Raw) [13.86(62.82)/11.08(1.02)/11.55(11.55)]
Gen. 44 (44.00%): Max/Min/Avg Fitness(Raw) [14.56(62.82)/11.60(1.02)/12.13(12.13)]
Gen. 45 (45.00%): Max/Min/Avg Fitness(Raw) [14.32(62.82)/11.42(1.02)/11.93(11.93)]
Gen. 46 (46.00%): Max/Min/Avg Fitness(Raw) [14.71(62.82)/11.71(1.02)/12.26(12.26)]
Gen. 47 (47.00%): Max/Min/Avg Fitness(Raw) [14.99(62.82)/11.92(1.02)/12.49(12.49)]
Gen. 48 (48.00%): Max/Min/Avg Fitness(Raw) [14.09(62.82)/11.25(1.02)/11.74(11.74)]
Gen. 49 (49.00%): Max/Min/Avg Fitness(Raw) [13.29(62.82)/10.65(1.02)/11.08(11.08)]
Gen. 50 (50.00%): Max/Min/Avg Fitness(Raw) [15.16(62.82)/12.05(1.02)/12.64(12.64)]
Gen. 51 (51.00%): Max/Min/Avg Fitness(Raw) [14.75(62.82)/11.74(1.02)/12.29(12.29)]
Gen. 52 (52.00%): Max/Min/Avg Fitness(Raw) [14.12(62.82)/11.27(1.02)/11.77(11.77)]
Gen. 53 (53.00%): Max/Min/Avg Fitness(Raw) [14.09(62.82)/11.25(1.02)/11.74(11.74)]
Gen. 54 (54.00%): Max/Min/Avg Fitness(Raw) [14.49(62.82)/11.55(1.02)/12.08(12.08)]
Gen. 55 (55.00%): Max/Min/Avg Fitness(Raw) [14.64(62.82)/11.66(1.02)/12.20(12.20)]
Gen. 56 (56.00%): Max/Min/Avg Fitness(Raw) [13.86(62.82)/11.07(1.02)/11.55(11.55)]
Gen. 57 (57.00%): Max/Min/Avg Fitness(Raw) [14.58(62.82)/11.62(1.02)/12.15(12.15)]
Gen. 58 (58.00%): Max/Min/Avg Fitness(Raw) [15.59(62.82)/12.37(1.02)/12.99(12.99)]
Gen. 59 (59.00%): Max/Min/Avg Fitness(Raw) [14.55(62.82)/11.59(1.02)/12.12(12.12)]
Gen. 60 (60.00%): Max/Min/Avg Fitness(Raw) [14.08(62.82)/11.24(1.02)/11.73(11.73)]
Gen. 61 (61.00%): Max/Min/Avg Fitness(Raw) [13.89(62.82)/11.10(1.02)/11.58(11.58)]
Gen. 62 (62.00%): Max/Min/Avg Fitness(Raw) [14.44(62.82)/11.51(1.02)/12.03(12.03)]
Gen. 63 (63.00%): Max/Min/Avg Fitness(Raw) [15.39(62.82)/12.22(1.02)/12.82(12.82)]
Gen. 64 (64.00%): Max/Min/Avg Fitness(Raw) [14.30(62.82)/11.41(1.02)/11.92(11.92)]
Gen. 65 (65.00%): Max/Min/Avg Fitness(Raw) [13.80(62.82)/11.03(1.02)/11.50(11.50)]
Gen. 66 (66.00%): Max/Min/Avg Fitness(Raw) [14.35(62.82)/11.44(1.02)/11.96(11.96)]
Gen. 67 (67.00%): Max/Min/Avg Fitness(Raw) [14.19(62.82)/11.32(1.02)/11.82(11.82)]
Gen. 68 (68.00%): Max/Min/Avg Fitness(Raw) [14.84(62.82)/11.81(1.02)/12.37(12.37)]
Gen. 69 (69.00%): Max/Min/Avg Fitness(Raw) [14.90(62.82)/11.85(1.02)/12.41(12.41)]
Gen. 70 (70.00%): Max/Min/Avg Fitness(Raw) [14.82(62.82)/11.79(1.02)/12.35(12.35)]
Gen. 71 (71.00%): Max/Min/Avg Fitness(Raw) [15.79(62.82)/12.51(1.02)/13.15(13.15)]
Gen. 72 (72.00%): Max/Min/Avg Fitness(Raw) [13.62(62.82)/10.90(1.02)/11.35(11.35)]
Gen. 73 (73.00%): Max/Min/Avg Fitness(Raw) [14.80(62.82)/11.78(1.02)/12.33(12.33)]
Gen. 74 (74.00%): Max/Min/Avg Fitness(Raw) [15.50(62.82)/12.30(1.02)/12.92(12.92)]
Gen. 75 (75.00%): Max/Min/Avg Fitness(Raw) [15.28(62.82)/12.14(1.02)/12.73(12.73)]
Gen. 76 (76.00%): Max/Min/Avg Fitness(Raw) [15.21(62.82)/12.09(1.02)/12.68(12.68)]
Gen. 77 (77.00%): Max/Min/Avg Fitness(Raw) [14.34(62.82)/11.44(1.02)/11.95(11.95)]
Gen. 78 (78.00%): Max/Min/Avg Fitness(Raw) [14.08(62.82)/11.24(1.02)/11.73(11.73)]
Gen. 79 (79.00%): Max/Min/Avg Fitness(Raw) [14.41(62.82)/11.49(1.02)/12.00(12.00)]
Gen. 80 (80.00%): Max/Min/Avg Fitness(Raw) [14.00(62.82)/11.18(1.02)/11.67(11.67)]
Gen. 81 (81.00%): Max/Min/Avg Fitness(Raw) [14.38(62.82)/11.46(1.02)/11.98(11.98)]
Gen. 82 (82.00%): Max/Min/Avg Fitness(Raw) [13.64(62.82)/10.91(1.02)/11.36(11.36)]
Gen. 83 (83.00%): Max/Min/Avg Fitness(Raw) [14.41(62.82)/11.49(1.02)/12.01(12.01)]
Gen. 84 (84.00%): Max/Min/Avg Fitness(Raw) [13.71(62.82)/10.96(1.02)/11.42(11.42)]
Gen. 85 (85.00%): Max/Min/Avg Fitness(Raw) [13.67(62.82)/10.93(1.02)/11.39(11.39)]
Gen. 86 (86.00%): Max/Min/Avg Fitness(Raw) [15.13(62.82)/12.03(1.02)/12.61(12.61)]
Gen. 87 (87.00%): Max/Min/Avg Fitness(Raw) [14.36(62.82)/11.45(1.02)/11.97(11.97)]
Gen. 88 (88.00%): Max/Min/Avg Fitness(Raw) [13.43(62.82)/10.75(1.02)/11.20(11.20)]
Gen. 89 (89.00%): Max/Min/Avg Fitness(Raw) [15.47(62.82)/12.28(1.02)/12.90(12.90)]
Gen. 90 (90.00%): Max/Min/Avg Fitness(Raw) [14.20(62.82)/11.33(1.02)/11.83(11.83)]
Gen. 91 (91.00%): Max/Min/Avg Fitness(Raw) [14.17(62.82)/11.31(1.02)/11.81(11.81)]
Gen. 92 (92.00%): Max/Min/Avg Fitness(Raw) [14.45(62.82)/11.52(1.02)/12.05(12.05)]
Gen. 93 (93.00%): Max/Min/Avg Fitness(Raw) [14.79(64.28)/11.79(1.02)/12.33(12.33)]
Gen. 94 (94.00%): Max/Min/Avg Fitness(Raw) [15.98(64.28)/12.67(1.02)/13.31(13.31)]
Gen. 95 (95.00%): Max/Min/Avg Fitness(Raw) [14.94(64.28)/11.90(1.02)/12.45(12.45)]
Gen. 96 (96.00%): Max/Min/Avg Fitness(Raw) [16.21(64.28)/12.84(1.02)/13.51(13.51)]
Gen. 97 (97.00%): Max/Min/Avg Fitness(Raw) [15.72(64.28)/12.49(1.02)/13.10(13.10)]
Gen. 98 (98.00%): Max/Min/Avg Fitness(Raw) [14.60(64.28)/11.64(1.02)/12.16(12.16)]
Gen. 99 (99.00%): Max/Min/Avg Fitness(Raw) [15.53(64.28)/12.34(1.02)/12.94(12.94)]
Gen. 100 (100.00%): Max/Min/Avg Fitness(Raw) [16.18(64.28)/12.82(1.02)/13.48(13.48)]
Total time elapsed: 8716.276 seconds.
GA MSE : 0.977209
Best initial connection wetighs are set on Network
Setting FANN training parameters
Input layer                          :  70 neurons, 1 bias
  Hidden layer                       :  15 neurons, 1 bias
Output layer                         :   1 neurons
Total neurons and biases             :  88
Total connections                    :1081
Connection rate                      :   1.000
Network type                         :   FANN_NETTYPE_LAYER
Training algorithm                   :   FANN_TRAIN_RPROP
Training error function              :   FANN_ERRORFUNC_TANH
Training stop function               :   FANN_STOPFUNC_MSE
Bit fail limit                       :   0.350
Learning rate                        :   0.700
Learning momentum                    :   0.000
Quickprop decay                      :  -0.000100
Quickprop mu                         :   1.750
RPROP increase factor                :   1.001
RPROP decrease factor                :   0.500
RPROP delta min                      :   0.000
RPROP delta max                      :  50.000
Cascade output change fraction       :   0.010000
Cascade candidate change fraction    :   0.010000
Cascade output stagnation epochs     :  12
Cascade candidate stagnation epochs  :  12
Cascade max output epochs            : 150
Cascade max candidate epochs         : 150
Cascade weight multiplier            :   0.400
Cascade candidate limit              :1000.000
Cascade activation functions[0]      :   FANN_SIGMOID
Cascade activation functions[1]      :   FANN_SIGMOID_SYMMETRIC
Cascade activation functions[2]      :   FANN_GAUSSIAN
Cascade activation functions[3]      :   FANN_GAUSSIAN_SYMMETRIC
Cascade activation functions[4]      :   FANN_ELLIOT
Cascade activation functions[5]      :   FANN_ELLIOT_SYMMETRIC
Cascade activation functions[6]      :   FANN_SIN_SYMMETRIC
Cascade activation functions[7]      :   FANN_COS_SYMMETRIC
Cascade activation functions[8]      :   FANN_SIN
Cascade activation functions[9]      :   FANN_COS
Cascade activation steepnesses[0]    :   0.250
Cascade activation steepnesses[1]    :   0.500
Cascade activation steepnesses[2]    :   0.750
Cascade activation steepnesses[3]    :   1.000
Cascade candidate groups             :   2
Cascade no. of candidates            :  80
Start training network with 2-algorithm in FANN
Max epochs     8000. Desired error: 0.0010000000.
Epochs            1. Current error: 0.0155562805. Bit fail 271.
Epochs          100. Current error: 0.0147472136. Bit fail 259.
Epochs          200. Current error: 0.0147108249. Bit fail 260.
Epochs          300. Current error: 0.0151068456. Bit fail 266.
Epochs          400. Current error: 0.0152166449. Bit fail 273.
Epochs          500. Current error: 0.0151187265. Bit fail 270.
Epochs          600. Current error: 0.0151180178. Bit fail 271.
Epochs          700. Current error: 0.0147587107. Bit fail 266.
Epochs          800. Current error: 0.0145128137. Bit fail 260.
Epochs          900. Current error: 0.0144816628. Bit fail 262.
Epochs         1000. Current error: 0.0145023400. Bit fail 262.
Epochs         1100. Current error: 0.0142884348. Bit fail 257.
Epochs         1200. Current error: 0.0142593030. Bit fail 255.
Epochs         1300. Current error: 0.0142487315. Bit fail 255.
Epochs         1400. Current error: 0.0141289402. Bit fail 253.
Epochs         1500. Current error: 0.0140945083. Bit fail 254.
Epochs         1600. Current error: 0.0137117738. Bit fail 246.
Epochs         1700. Current error: 0.0136252008. Bit fail 244.
Epochs         1800. Current error: 0.0135251600. Bit fail 243.
Epochs         1900. Current error: 0.0134293502. Bit fail 239.
Epochs         2000. Current error: 0.0133448169. Bit fail 237.
Epochs         2100. Current error: 0.0132602444. Bit fail 238.
Epochs         2200. Current error: 0.0130626690. Bit fail 234.
Epochs         2300. Current error: 0.0128404507. Bit fail 230.
Epochs         2400. Current error: 0.0126637444. Bit fail 227.
Epochs         2500. Current error: 0.0125449970. Bit fail 225.
Epochs         2600. Current error: 0.0124096451. Bit fail 223.
Epochs         2700. Current error: 0.0123356534. Bit fail 222.
Epochs         2800. Current error: 0.0123064611. Bit fail 222.
Epochs         2900. Current error: 0.0123455543. Bit fail 220.
Epochs         3000. Current error: 0.0123937922. Bit fail 221.
Epochs         3100. Current error: 0.0124472789. Bit fail 222.
Epochs         3200. Current error: 0.0124961864. Bit fail 223.
Epochs         3300. Current error: 0.0124889491. Bit fail 223.
Epochs         3400. Current error: 0.0124151921. Bit fail 222.
Epochs         3500. Current error: 0.0123144398. Bit fail 220.
Epochs         3600. Current error: 0.0122958133. Bit fail 220.
Epochs         3700. Current error: 0.0122980541. Bit fail 220.
Epochs         3800. Current error: 0.0122508183. Bit fail 221.
Epochs         3900. Current error: 0.0122273518. Bit fail 221.
Epochs         4000. Current error: 0.0120860720. Bit fail 218.
Epochs         4100. Current error: 0.0119628888. Bit fail 218.
Epochs         4200. Current error: 0.0119519839. Bit fail 217.
Epochs         4300. Current error: 0.0119252624. Bit fail 217.
Epochs         4400. Current error: 0.0119040711. Bit fail 216.
Epochs         4500. Current error: 0.0118516861. Bit fail 216.
Epochs         4600. Current error: 0.0118206348. Bit fail 214.
Epochs         4700. Current error: 0.0117886141. Bit fail 214.
Epochs         4800. Current error: 0.0117271524. Bit fail 211.
Epochs         4900. Current error: 0.0117086247. Bit fail 211.
Epochs         5000. Current error: 0.0116855809. Bit fail 212.
Epochs         5100. Current error: 0.0116809439. Bit fail 211.
Epochs         5200. Current error: 0.0116603570. Bit fail 209.
Epochs         5300. Current error: 0.0116172750. Bit fail 209.
Epochs         5400. Current error: 0.0115581620. Bit fail 209.
Epochs         5500. Current error: 0.0114367120. Bit fail 207.
Epochs         5600. Current error: 0.0113406107. Bit fail 206.
Epochs         5700. Current error: 0.0112433219. Bit fail 204.
Epochs         5800. Current error: 0.0111509264. Bit fail 200.
Epochs         5900. Current error: 0.0110790767. Bit fail 202.
Epochs         6000. Current error: 0.0110219689. Bit fail 205.
Epochs         6100. Current error: 0.0109792938. Bit fail 204.
Epochs         6200. Current error: 0.0109303584. Bit fail 204.
Epochs         6300. Current error: 0.0108810663. Bit fail 207.
Epochs         6400. Current error: 0.0108714243. Bit fail 208.
Epochs         6500. Current error: 0.0108661801. Bit fail 207.
Epochs         6600. Current error: 0.0108437873. Bit fail 206.
Epochs         6700. Current error: 0.0107768755. Bit fail 203.
Epochs         6800. Current error: 0.0107423980. Bit fail 202.
Epochs         6900. Current error: 0.0106935529. Bit fail 200.
Epochs         7000. Current error: 0.0106594935. Bit fail 196.
Epochs         7100. Current error: 0.0106051294. Bit fail 198.
Epochs         7200. Current error: 0.0106176883. Bit fail 199.
Epochs         7300. Current error: 0.0105866799. Bit fail 202.
Epochs         7400. Current error: 0.0105443541. Bit fail 237.
Epochs         7500. Current error: 0.0105148759. Bit fail 245.
Epochs         7600. Current error: 0.0104152635. Bit fail 248.
Epochs         7700. Current error: 0.0103907902. Bit fail 245.
Epochs         7800. Current error: 0.0103760790. Bit fail 245.
Epochs         7900. Current error: 0.0103463065. Bit fail 246.
Epochs         8000. Current error: 0.0103357378. Bit fail 245.
Time elpased for FANN training: 652.052998 seconds
Trained Network by GA+FANN is saved in 
./ALL_S6_959126400_hveto_channels_signif_dt_set_7_training_n70n15n1_c10_mr10_p1000_g100_rmin-25_rmax25_gsigma50_y1001_z05_f05g09_m8000.net.
Total Running Time: 9368.737150 seconds
