Creating network.
The layer structure is following:
[70, 15, 1]
Setting newtork parameters
Getting training data : ALL_S6_959126400_hveto_channels_signif_dt_set_3_training.pat
Setting GA training parameters
Start running GA
Gen. 0 (0.00%): Max/Min/Avg Fitness(Raw) [25.70(67.95)/19.54(1.02)/21.42(21.42)]
Gen. 1 (5.00%): Max/Min/Avg Fitness(Raw) [21.95(67.95)/17.02(1.02)/18.29(18.29)]
Gen. 2 (10.00%): Max/Min/Avg Fitness(Raw) [19.33(67.95)/15.17(1.02)/16.11(16.11)]
Gen. 3 (15.00%): Max/Min/Avg Fitness(Raw) [23.10(67.95)/17.81(1.02)/19.25(19.25)]
Gen. 4 (20.00%): Max/Min/Avg Fitness(Raw) [22.55(67.95)/17.43(1.02)/18.79(18.79)]
Gen. 5 (25.00%): Max/Min/Avg Fitness(Raw) [23.20(67.95)/17.87(1.02)/19.33(19.33)]
Gen. 6 (30.00%): Max/Min/Avg Fitness(Raw) [22.59(67.95)/17.46(1.02)/18.82(18.82)]
Gen. 7 (35.00%): Max/Min/Avg Fitness(Raw) [21.67(67.95)/16.82(1.02)/18.06(18.06)]
Gen. 8 (40.00%): Max/Min/Avg Fitness(Raw) [22.38(67.95)/17.31(1.02)/18.65(18.65)]
Gen. 9 (45.00%): Max/Min/Avg Fitness(Raw) [19.79(67.95)/15.50(1.02)/16.49(16.49)]
Gen. 10 (50.00%): Max/Min/Avg Fitness(Raw) [21.61(67.95)/16.78(1.02)/18.01(18.01)]
Gen. 11 (55.00%): Max/Min/Avg Fitness(Raw) [20.79(67.95)/16.21(1.02)/17.32(17.32)]
Gen. 12 (60.00%): Max/Min/Avg Fitness(Raw) [21.03(67.95)/16.38(1.02)/17.53(17.53)]
Gen. 13 (65.00%): Max/Min/Avg Fitness(Raw) [21.97(67.95)/17.03(1.02)/18.31(18.31)]
Gen. 14 (70.00%): Max/Min/Avg Fitness(Raw) [20.77(67.95)/16.19(1.02)/17.31(17.31)]
Gen. 15 (75.00%): Max/Min/Avg Fitness(Raw) [21.72(67.95)/16.86(1.02)/18.10(18.10)]
Gen. 16 (80.00%): Max/Min/Avg Fitness(Raw) [19.48(67.95)/15.28(1.02)/16.24(16.24)]
Gen. 17 (85.00%): Max/Min/Avg Fitness(Raw) [18.77(67.95)/14.77(1.02)/15.64(15.64)]
Gen. 18 (90.00%): Max/Min/Avg Fitness(Raw) [21.24(67.95)/16.53(1.02)/17.70(17.70)]
Gen. 19 (95.00%): Max/Min/Avg Fitness(Raw) [17.69(67.95)/13.98(1.02)/14.74(14.74)]
Gen. 20 (100.00%): Max/Min/Avg Fitness(Raw) [21.69(67.95)/16.84(1.02)/18.08(18.08)]
Total time elapsed: 884.964 seconds.
GA MSE : 0.023076
Best initial connection wetighs are set on Network
Setting FANN training parameters
Input layer                          :  70 neurons, 1 bias
  Hidden layer                       :  15 neurons, 1 bias
Output layer                         :   1 neurons
Total neurons and biases             :  88
Total connections                    :1081
Connection rate                      :   1.000
Network type                         :   FANN_NETTYPE_LAYER
Training algorithm                   :   FANN_TRAIN_RPROP
Training error function              :   FANN_ERRORFUNC_TANH
Training stop function               :   FANN_STOPFUNC_MSE
Bit fail limit                       :   0.350
Learning rate                        :   0.700
Learning momentum                    :   0.000
Quickprop decay                      :  -0.000100
Quickprop mu                         :   1.750
RPROP increase factor                :   1.001
RPROP decrease factor                :   0.500
RPROP delta min                      :   0.000
RPROP delta max                      :  50.000
Cascade output change fraction       :   0.010000
Cascade candidate change fraction    :   0.010000
Cascade output stagnation epochs     :  12
Cascade candidate stagnation epochs  :  12
Cascade max output epochs            : 150
Cascade max candidate epochs         : 150
Cascade weight multiplier            :   0.400
Cascade candidate limit              :1000.000
Cascade activation functions[0]      :   FANN_SIGMOID
Cascade activation functions[1]      :   FANN_SIGMOID_SYMMETRIC
Cascade activation functions[2]      :   FANN_GAUSSIAN
Cascade activation functions[3]      :   FANN_GAUSSIAN_SYMMETRIC
Cascade activation functions[4]      :   FANN_ELLIOT
Cascade activation functions[5]      :   FANN_ELLIOT_SYMMETRIC
Cascade activation functions[6]      :   FANN_SIN_SYMMETRIC
Cascade activation functions[7]      :   FANN_COS_SYMMETRIC
Cascade activation functions[8]      :   FANN_SIN
Cascade activation functions[9]      :   FANN_COS
Cascade activation steepnesses[0]    :   0.250
Cascade activation steepnesses[1]    :   0.500
Cascade activation steepnesses[2]    :   0.750
Cascade activation steepnesses[3]    :   1.000
Cascade candidate groups             :   2
Cascade no. of candidates            :  80
Start training network with 2-algorithm in FANN
Max epochs     8000. Desired error: 0.0010000000.
Epochs            1. Current error: 0.0147158122. Bit fail 266.
Epochs          100. Current error: 0.0117256027. Bit fail 226.
Epochs          200. Current error: 0.0105598625. Bit fail 220.
Epochs          300. Current error: 0.0100515736. Bit fail 228.
Epochs          400. Current error: 0.0096030096. Bit fail 221.
Epochs          500. Current error: 0.0092358338. Bit fail 217.
Epochs          600. Current error: 0.0089833941. Bit fail 211.
Epochs          700. Current error: 0.0087042926. Bit fail 197.
Epochs          800. Current error: 0.0084515540. Bit fail 193.
Epochs          900. Current error: 0.0083002457. Bit fail 189.
Epochs         1000. Current error: 0.0081770774. Bit fail 188.
Epochs         1100. Current error: 0.0080603035. Bit fail 186.
Epochs         1200. Current error: 0.0079341810. Bit fail 185.
Epochs         1300. Current error: 0.0076981252. Bit fail 179.
Epochs         1400. Current error: 0.0076099513. Bit fail 176.
Epochs         1500. Current error: 0.0075378409. Bit fail 175.
Epochs         1600. Current error: 0.0074657518. Bit fail 175.
Epochs         1700. Current error: 0.0073930840. Bit fail 174.
Epochs         1800. Current error: 0.0073259957. Bit fail 174.
Epochs         1900. Current error: 0.0072249556. Bit fail 170.
Epochs         2000. Current error: 0.0071189580. Bit fail 165.
Epochs         2100. Current error: 0.0070404434. Bit fail 164.
Epochs         2200. Current error: 0.0069732792. Bit fail 163.
Epochs         2300. Current error: 0.0068653608. Bit fail 162.
Epochs         2400. Current error: 0.0067786044. Bit fail 158.
Epochs         2500. Current error: 0.0067206454. Bit fail 155.
Epochs         2600. Current error: 0.0066462080. Bit fail 151.
Epochs         2700. Current error: 0.0066453675. Bit fail 151.
Epochs         2800. Current error: 0.0065456508. Bit fail 149.
Epochs         2900. Current error: 0.0065138489. Bit fail 147.
Epochs         3000. Current error: 0.0064832317. Bit fail 143.
Epochs         3100. Current error: 0.0064441198. Bit fail 142.
Epochs         3200. Current error: 0.0064060208. Bit fail 140.
Epochs         3300. Current error: 0.0063691582. Bit fail 138.
Epochs         3400. Current error: 0.0063332324. Bit fail 135.
Epochs         3500. Current error: 0.0063057863. Bit fail 136.
Epochs         3600. Current error: 0.0062838090. Bit fail 135.
Epochs         3700. Current error: 0.0062603350. Bit fail 133.
Epochs         3800. Current error: 0.0062342272. Bit fail 131.
Epochs         3900. Current error: 0.0061906083. Bit fail 133.
Epochs         4000. Current error: 0.0061225006. Bit fail 131.
Epochs         4100. Current error: 0.0060791867. Bit fail 131.
Epochs         4200. Current error: 0.0060557318. Bit fail 128.
Epochs         4300. Current error: 0.0060297539. Bit fail 125.
Epochs         4400. Current error: 0.0060004489. Bit fail 125.
Epochs         4500. Current error: 0.0059804698. Bit fail 124.
Epochs         4600. Current error: 0.0059593301. Bit fail 124.
Epochs         4700. Current error: 0.0059304731. Bit fail 124.
Epochs         4800. Current error: 0.0059151533. Bit fail 123.
Epochs         4900. Current error: 0.0058999159. Bit fail 123.
Epochs         5000. Current error: 0.0058759702. Bit fail 121.
Epochs         5100. Current error: 0.0058701099. Bit fail 120.
Epochs         5200. Current error: 0.0058585317. Bit fail 120.
Epochs         5300. Current error: 0.0058426568. Bit fail 120.
Epochs         5400. Current error: 0.0057898709. Bit fail 121.
Epochs         5500. Current error: 0.0057487283. Bit fail 120.
Epochs         5600. Current error: 0.0057342155. Bit fail 119.
Epochs         5700. Current error: 0.0057203230. Bit fail 118.
Epochs         5800. Current error: 0.0056984797. Bit fail 117.
Epochs         5900. Current error: 0.0056835138. Bit fail 116.
Epochs         6000. Current error: 0.0056644659. Bit fail 118.
Epochs         6100. Current error: 0.0056431945. Bit fail 118.
Epochs         6200. Current error: 0.0056176521. Bit fail 119.
Epochs         6300. Current error: 0.0055953367. Bit fail 119.
Epochs         6400. Current error: 0.0055687749. Bit fail 118.
Epochs         6500. Current error: 0.0055563864. Bit fail 115.
Epochs         6600. Current error: 0.0055445242. Bit fail 116.
Epochs         6700. Current error: 0.0055274656. Bit fail 116.
Epochs         6800. Current error: 0.0055115148. Bit fail 116.
Epochs         6900. Current error: 0.0055023916. Bit fail 118.
Epochs         7000. Current error: 0.0054812687. Bit fail 117.
Epochs         7100. Current error: 0.0054638465. Bit fail 117.
Epochs         7200. Current error: 0.0054592527. Bit fail 117.
Epochs         7300. Current error: 0.0054489993. Bit fail 116.
Epochs         7400. Current error: 0.0054378845. Bit fail 116.
Epochs         7500. Current error: 0.0054213847. Bit fail 118.
Epochs         7600. Current error: 0.0054088286. Bit fail 118.
Epochs         7700. Current error: 0.0053996304. Bit fail 118.
Epochs         7800. Current error: 0.0053900196. Bit fail 116.
Epochs         7900. Current error: 0.0053824885. Bit fail 116.
Epochs         8000. Current error: 0.0053733326. Bit fail 116.
Time elpased for FANN training: 659.574268 seconds
Trained Network by GA+FANN is saved in 
./ALL_S6_959126400_hveto_channels_signif_dt_set_3_training_n70n15n1_c10_mr10_p500_g20_rmin-25_rmax25_gsigma50_y1001_z05_f05g09_m8000.net.
Total Running Time: 1544.941916 seconds
