Creating network.
The layer structure is following:
[70, 35, 1]
Setting newtork parameters
Getting training data : ALL_S6_959126400_hveto_channels_signif_dt_set_1_training.pat
Setting GA training parameters
Start running GA
Gen. 0 (0.00%): Max/Min/Avg Fitness(Raw) [24.90(56.50)/18.46(1.02)/20.75(20.75)]
Gen. 1 (0.33%): Max/Min/Avg Fitness(Raw) [21.01(56.50)/16.03(1.02)/17.51(17.51)]
Gen. 2 (0.67%): Max/Min/Avg Fitness(Raw) [19.45(57.16)/15.00(1.02)/16.20(16.20)]
Gen. 3 (1.00%): Max/Min/Avg Fitness(Raw) [19.85(65.43)/15.49(1.02)/16.54(16.54)]
Gen. 4 (1.33%): Max/Min/Avg Fitness(Raw) [17.66(65.43)/13.92(1.02)/14.71(14.71)]
Gen. 5 (1.67%): Max/Min/Avg Fitness(Raw) [17.74(65.43)/13.98(1.02)/14.79(14.79)]
Gen. 6 (2.00%): Max/Min/Avg Fitness(Raw) [18.61(66.27)/14.63(1.02)/15.51(15.51)]
Gen. 7 (2.33%): Max/Min/Avg Fitness(Raw) [21.76(66.27)/16.84(1.02)/18.13(18.13)]
Gen. 8 (2.67%): Max/Min/Avg Fitness(Raw) [22.12(66.27)/17.09(1.02)/18.43(18.43)]
Gen. 9 (3.00%): Max/Min/Avg Fitness(Raw) [22.59(68.59)/17.48(1.02)/18.82(18.82)]
Gen. 10 (3.33%): Max/Min/Avg Fitness(Raw) [22.76(68.59)/17.60(1.02)/18.97(18.97)]
Gen. 11 (3.67%): Max/Min/Avg Fitness(Raw) [20.61(68.59)/16.09(1.02)/17.17(17.17)]
Gen. 12 (4.00%): Max/Min/Avg Fitness(Raw) [21.65(68.59)/16.83(1.02)/18.04(18.04)]
Gen. 13 (4.33%): Max/Min/Avg Fitness(Raw) [21.98(68.59)/17.05(1.02)/18.31(18.31)]
Gen. 14 (4.67%): Max/Min/Avg Fitness(Raw) [21.58(68.59)/16.78(1.02)/17.99(17.99)]
Gen. 15 (5.00%): Max/Min/Avg Fitness(Raw) [22.54(68.59)/17.44(1.02)/18.78(18.78)]
Gen. 16 (5.33%): Max/Min/Avg Fitness(Raw) [21.93(68.59)/17.02(1.02)/18.28(18.28)]
Gen. 17 (5.67%): Max/Min/Avg Fitness(Raw) [22.58(68.59)/17.47(1.02)/18.82(18.82)]
Gen. 18 (6.00%): Max/Min/Avg Fitness(Raw) [20.30(68.59)/15.88(1.02)/16.92(16.92)]
Gen. 19 (6.33%): Max/Min/Avg Fitness(Raw) [21.43(68.59)/16.68(1.02)/17.86(17.86)]
Gen. 20 (6.67%): Max/Min/Avg Fitness(Raw) [22.03(68.59)/17.09(1.02)/18.36(18.36)]
Gen. 21 (7.00%): Max/Min/Avg Fitness(Raw) [22.32(69.47)/17.32(1.02)/18.60(18.60)]
Gen. 22 (7.33%): Max/Min/Avg Fitness(Raw) [22.13(69.47)/17.18(1.02)/18.44(18.44)]
Gen. 23 (7.67%): Max/Min/Avg Fitness(Raw) [23.89(69.47)/18.39(1.02)/19.91(19.91)]
Gen. 24 (8.00%): Max/Min/Avg Fitness(Raw) [24.26(69.47)/18.64(1.02)/20.22(20.22)]
Gen. 25 (8.33%): Max/Min/Avg Fitness(Raw) [22.12(69.47)/17.18(1.02)/18.43(18.43)]
Gen. 26 (8.67%): Max/Min/Avg Fitness(Raw) [22.21(69.47)/17.24(1.02)/18.51(18.51)]
Gen. 27 (9.00%): Max/Min/Avg Fitness(Raw) [23.95(69.47)/18.43(1.02)/19.96(19.96)]
Gen. 28 (9.33%): Max/Min/Avg Fitness(Raw) [22.67(69.47)/17.56(1.02)/18.89(18.89)]
Gen. 29 (9.67%): Max/Min/Avg Fitness(Raw) [22.40(69.47)/17.37(1.02)/18.66(18.66)]
Gen. 30 (10.00%): Max/Min/Avg Fitness(Raw) [23.80(69.47)/18.33(1.02)/19.83(19.83)]
Gen. 31 (10.33%): Max/Min/Avg Fitness(Raw) [22.73(69.47)/17.60(1.02)/18.94(18.94)]
Gen. 32 (10.67%): Max/Min/Avg Fitness(Raw) [22.50(71.66)/17.49(1.02)/18.75(18.75)]
Gen. 33 (11.00%): Max/Min/Avg Fitness(Raw) [25.00(71.66)/19.21(1.02)/20.83(20.83)]
Gen. 34 (11.33%): Max/Min/Avg Fitness(Raw) [24.78(71.66)/19.06(1.02)/20.65(20.65)]
Gen. 35 (11.67%): Max/Min/Avg Fitness(Raw) [25.73(71.66)/19.70(1.02)/21.44(21.44)]
Gen. 36 (12.00%): Max/Min/Avg Fitness(Raw) [24.93(71.66)/19.16(1.02)/20.77(20.77)]
Gen. 37 (12.33%): Max/Min/Avg Fitness(Raw) [24.24(71.66)/18.69(1.02)/20.20(20.20)]
Gen. 38 (12.67%): Max/Min/Avg Fitness(Raw) [24.94(71.66)/19.17(1.02)/20.79(20.79)]
Gen. 39 (13.00%): Max/Min/Avg Fitness(Raw) [26.89(71.66)/20.46(1.02)/22.41(22.41)]
Gen. 40 (13.33%): Max/Min/Avg Fitness(Raw) [24.78(71.66)/19.06(1.02)/20.65(20.65)]
Gen. 41 (13.67%): Max/Min/Avg Fitness(Raw) [24.96(71.66)/19.18(1.02)/20.80(20.80)]
Gen. 42 (14.00%): Max/Min/Avg Fitness(Raw) [24.39(71.66)/18.80(1.02)/20.32(20.32)]
Gen. 43 (14.33%): Max/Min/Avg Fitness(Raw) [23.56(71.66)/18.23(1.02)/19.63(19.63)]
Gen. 44 (14.67%): Max/Min/Avg Fitness(Raw) [25.25(71.66)/19.38(1.02)/21.05(21.05)]
Gen. 45 (15.00%): Max/Min/Avg Fitness(Raw) [25.03(71.66)/19.23(1.02)/20.86(20.86)]
Gen. 46 (15.33%): Max/Min/Avg Fitness(Raw) [25.67(71.66)/19.66(1.02)/21.39(21.39)]
Gen. 47 (15.67%): Max/Min/Avg Fitness(Raw) [24.11(71.66)/18.61(1.02)/20.10(20.10)]
Gen. 48 (16.00%): Max/Min/Avg Fitness(Raw) [25.24(71.66)/19.37(1.02)/21.04(21.04)]
Gen. 49 (16.33%): Max/Min/Avg Fitness(Raw) [23.79(71.66)/18.38(1.02)/19.82(19.82)]
Gen. 50 (16.67%): Max/Min/Avg Fitness(Raw) [26.07(71.66)/19.92(1.02)/21.72(21.72)]
Gen. 51 (17.00%): Max/Min/Avg Fitness(Raw) [23.82(71.66)/18.41(1.02)/19.85(19.85)]
Gen. 52 (17.33%): Max/Min/Avg Fitness(Raw) [25.28(71.66)/19.40(1.02)/21.07(21.07)]
Gen. 53 (17.67%): Max/Min/Avg Fitness(Raw) [24.86(71.66)/19.11(1.02)/20.72(20.72)]
Gen. 54 (18.00%): Max/Min/Avg Fitness(Raw) [24.45(71.66)/18.83(1.02)/20.37(20.37)]
Gen. 55 (18.33%): Max/Min/Avg Fitness(Raw) [24.93(71.66)/19.16(1.02)/20.77(20.77)]
Gen. 56 (18.67%): Max/Min/Avg Fitness(Raw) [24.86(71.66)/19.12(1.02)/20.72(20.72)]
Gen. 57 (19.00%): Max/Min/Avg Fitness(Raw) [27.33(71.66)/20.75(1.02)/22.77(22.77)]
Gen. 58 (19.33%): Max/Min/Avg Fitness(Raw) [24.55(71.66)/18.91(1.02)/20.46(20.46)]
Gen. 59 (19.67%): Max/Min/Avg Fitness(Raw) [25.24(71.66)/19.37(1.02)/21.03(21.03)]
Gen. 60 (20.00%): Max/Min/Avg Fitness(Raw) [24.84(71.66)/19.10(1.02)/20.70(20.70)]
Gen. 61 (20.33%): Max/Min/Avg Fitness(Raw) [24.46(71.66)/18.84(1.02)/20.38(20.38)]
Gen. 62 (20.67%): Max/Min/Avg Fitness(Raw) [25.76(71.66)/19.72(1.02)/21.47(21.47)]
Gen. 63 (21.00%): Max/Min/Avg Fitness(Raw) [25.53(71.66)/19.56(1.02)/21.27(21.27)]
Gen. 64 (21.33%): Max/Min/Avg Fitness(Raw) [23.75(71.66)/18.36(1.02)/19.79(19.79)]
Gen. 65 (21.67%): Max/Min/Avg Fitness(Raw) [23.95(71.66)/18.50(1.02)/19.96(19.96)]
Gen. 66 (22.00%): Max/Min/Avg Fitness(Raw) [24.21(71.66)/18.67(1.02)/20.17(20.17)]
Gen. 67 (22.33%): Max/Min/Avg Fitness(Raw) [25.06(71.66)/19.25(1.02)/20.88(20.88)]
Gen. 68 (22.67%): Max/Min/Avg Fitness(Raw) [24.51(71.66)/18.88(1.02)/20.43(20.43)]
Gen. 69 (23.00%): Max/Min/Avg Fitness(Raw) [25.09(71.66)/19.27(1.02)/20.91(20.91)]
Gen. 70 (23.33%): Max/Min/Avg Fitness(Raw) [23.91(71.66)/18.47(1.02)/19.93(19.93)]
Gen. 71 (23.67%): Max/Min/Avg Fitness(Raw) [24.51(71.66)/18.88(1.02)/20.42(20.42)]
Gen. 72 (24.00%): Max/Min/Avg Fitness(Raw) [24.89(71.66)/19.14(1.02)/20.74(20.74)]
Gen. 73 (24.33%): Max/Min/Avg Fitness(Raw) [23.71(71.66)/18.33(1.02)/19.76(19.76)]
Gen. 74 (24.67%): Max/Min/Avg Fitness(Raw) [23.24(71.66)/18.01(1.02)/19.37(19.37)]
Gen. 75 (25.00%): Max/Min/Avg Fitness(Raw) [24.67(71.66)/18.99(1.02)/20.56(20.56)]
Gen. 76 (25.33%): Max/Min/Avg Fitness(Raw) [23.87(71.66)/18.44(1.02)/19.89(19.89)]
Gen. 77 (25.67%): Max/Min/Avg Fitness(Raw) [26.39(71.66)/20.13(1.02)/21.99(21.99)]
Gen. 78 (26.00%): Max/Min/Avg Fitness(Raw) [25.54(71.66)/19.57(1.02)/21.28(21.28)]
Gen. 79 (26.33%): Max/Min/Avg Fitness(Raw) [24.13(71.66)/18.62(1.02)/20.11(20.11)]
Gen. 80 (26.67%): Max/Min/Avg Fitness(Raw) [24.55(71.66)/18.90(1.02)/20.46(20.46)]
Gen. 81 (27.00%): Max/Min/Avg Fitness(Raw) [24.09(71.66)/18.59(1.02)/20.07(20.07)]
Gen. 82 (27.33%): Max/Min/Avg Fitness(Raw) [24.78(71.66)/19.06(1.02)/20.65(20.65)]
Gen. 83 (27.67%): Max/Min/Avg Fitness(Raw) [25.30(71.66)/19.41(1.02)/21.09(21.09)]
Gen. 84 (28.00%): Max/Min/Avg Fitness(Raw) [26.08(71.66)/19.93(1.02)/21.73(21.73)]
Gen. 85 (28.33%): Max/Min/Avg Fitness(Raw) [24.62(71.66)/18.95(1.02)/20.52(20.52)]
Gen. 86 (28.67%): Max/Min/Avg Fitness(Raw) [23.55(71.66)/18.22(1.02)/19.63(19.63)]
Gen. 87 (29.00%): Max/Min/Avg Fitness(Raw) [25.49(71.66)/19.53(1.02)/21.24(21.24)]
Gen. 88 (29.33%): Max/Min/Avg Fitness(Raw) [22.92(71.66)/17.79(1.02)/19.10(19.10)]
Gen. 89 (29.67%): Max/Min/Avg Fitness(Raw) [24.86(71.66)/19.12(1.02)/20.72(20.72)]
Gen. 90 (30.00%): Max/Min/Avg Fitness(Raw) [24.98(71.66)/19.20(1.02)/20.82(20.82)]
Gen. 91 (30.33%): Max/Min/Avg Fitness(Raw) [23.80(71.66)/18.40(1.02)/19.84(19.84)]
Gen. 92 (30.67%): Max/Min/Avg Fitness(Raw) [25.34(71.66)/19.44(1.02)/21.12(21.12)]
Gen. 93 (31.00%): Max/Min/Avg Fitness(Raw) [25.79(72.22)/19.76(1.02)/21.49(21.49)]
Gen. 94 (31.33%): Max/Min/Avg Fitness(Raw) [24.30(72.22)/18.75(1.02)/20.25(20.25)]
Gen. 95 (31.67%): Max/Min/Avg Fitness(Raw) [25.67(72.52)/19.69(1.02)/21.39(21.39)]
Gen. 96 (32.00%): Max/Min/Avg Fitness(Raw) [24.39(72.52)/18.82(1.02)/20.32(20.32)]
Gen. 97 (32.33%): Max/Min/Avg Fitness(Raw) [23.83(72.52)/18.44(1.02)/19.86(19.86)]
Gen. 98 (32.67%): Max/Min/Avg Fitness(Raw) [23.79(72.52)/18.41(1.02)/19.82(19.82)]
Gen. 99 (33.00%): Max/Min/Avg Fitness(Raw) [23.47(72.52)/18.19(1.02)/19.56(19.56)]
Gen. 100 (33.33%): Max/Min/Avg Fitness(Raw) [23.05(72.52)/17.90(1.02)/19.21(19.21)]
Gen. 101 (33.67%): Max/Min/Avg Fitness(Raw) [22.87(72.52)/17.78(1.02)/19.06(19.06)]
Gen. 102 (34.00%): Max/Min/Avg Fitness(Raw) [25.01(72.52)/19.24(1.02)/20.84(20.84)]
Gen. 103 (34.33%): Max/Min/Avg Fitness(Raw) [23.08(72.52)/17.92(1.02)/19.23(19.23)]
Gen. 104 (34.67%): Max/Min/Avg Fitness(Raw) [23.96(72.52)/18.53(1.02)/19.97(19.97)]
Gen. 105 (35.00%): Max/Min/Avg Fitness(Raw) [23.84(72.52)/18.44(1.02)/19.87(19.87)]
Gen. 106 (35.33%): Max/Min/Avg Fitness(Raw) [24.63(72.52)/18.98(1.02)/20.52(20.52)]
Gen. 107 (35.67%): Max/Min/Avg Fitness(Raw) [22.90(72.52)/17.79(1.02)/19.08(19.08)]
Gen. 108 (36.00%): Max/Min/Avg Fitness(Raw) [22.18(75.75)/17.35(1.02)/18.48(18.48)]
Gen. 109 (36.33%): Max/Min/Avg Fitness(Raw) [22.24(75.75)/17.40(1.02)/18.54(18.54)]
Gen. 110 (36.67%): Max/Min/Avg Fitness(Raw) [24.63(75.75)/19.07(1.02)/20.52(20.52)]
Gen. 111 (37.00%): Max/Min/Avg Fitness(Raw) [24.36(75.75)/18.89(1.02)/20.30(20.30)]
Gen. 112 (37.33%): Max/Min/Avg Fitness(Raw) [23.29(75.75)/18.14(1.02)/19.40(19.40)]
Gen. 113 (37.67%): Max/Min/Avg Fitness(Raw) [25.07(75.75)/19.38(1.02)/20.90(20.90)]
Gen. 114 (38.00%): Max/Min/Avg Fitness(Raw) [24.33(75.75)/18.87(1.02)/20.27(20.27)]
Gen. 115 (38.33%): Max/Min/Avg Fitness(Raw) [24.73(75.75)/19.15(1.02)/20.61(20.61)]
Gen. 116 (38.67%): Max/Min/Avg Fitness(Raw) [25.45(75.75)/19.64(1.02)/21.21(21.21)]
Gen. 117 (39.00%): Max/Min/Avg Fitness(Raw) [24.22(75.75)/18.79(1.02)/20.19(20.19)]
Gen. 118 (39.33%): Max/Min/Avg Fitness(Raw) [23.75(75.75)/18.47(1.02)/19.79(19.79)]
Gen. 119 (39.67%): Max/Min/Avg Fitness(Raw) [26.18(75.75)/20.13(1.02)/21.82(21.82)]
Gen. 120 (40.00%): Max/Min/Avg Fitness(Raw) [25.78(75.75)/19.87(1.02)/21.49(21.49)]
Gen. 121 (40.33%): Max/Min/Avg Fitness(Raw) [24.50(75.75)/18.99(1.02)/20.42(20.42)]
Gen. 122 (40.67%): Max/Min/Avg Fitness(Raw) [23.73(75.75)/18.45(1.02)/19.78(19.78)]
Gen. 123 (41.00%): Max/Min/Avg Fitness(Raw) [26.08(75.75)/20.07(1.02)/21.74(21.74)]
Gen. 124 (41.33%): Max/Min/Avg Fitness(Raw) [23.63(75.75)/18.38(1.02)/19.69(19.69)]
Gen. 125 (41.67%): Max/Min/Avg Fitness(Raw) [25.26(75.75)/19.51(1.02)/21.05(21.05)]
Gen. 126 (42.00%): Max/Min/Avg Fitness(Raw) [23.75(75.75)/18.46(1.02)/19.79(19.79)]
Gen. 127 (42.33%): Max/Min/Avg Fitness(Raw) [24.35(75.75)/18.88(1.02)/20.29(20.29)]
Gen. 128 (42.67%): Max/Min/Avg Fitness(Raw) [23.45(75.75)/18.25(1.02)/19.54(19.54)]
Gen. 129 (43.00%): Max/Min/Avg Fitness(Raw) [24.36(75.75)/18.89(1.02)/20.30(20.30)]
Gen. 130 (43.33%): Max/Min/Avg Fitness(Raw) [23.77(75.75)/18.48(1.02)/19.81(19.81)]
Gen. 131 (43.67%): Max/Min/Avg Fitness(Raw) [23.87(75.75)/18.55(1.02)/19.89(19.89)]
Gen. 132 (44.00%): Max/Min/Avg Fitness(Raw) [23.88(75.75)/18.55(1.02)/19.90(19.90)]
Gen. 133 (44.33%): Max/Min/Avg Fitness(Raw) [25.94(75.75)/19.97(1.02)/21.61(21.61)]
Gen. 134 (44.67%): Max/Min/Avg Fitness(Raw) [24.03(75.75)/18.66(1.02)/20.03(20.03)]
Gen. 135 (45.00%): Max/Min/Avg Fitness(Raw) [24.78(75.75)/19.18(1.02)/20.65(20.65)]
Gen. 136 (45.33%): Max/Min/Avg Fitness(Raw) [25.37(75.75)/19.58(1.02)/21.14(21.14)]
Gen. 137 (45.67%): Max/Min/Avg Fitness(Raw) [25.42(75.75)/19.62(1.02)/21.18(21.18)]
Gen. 138 (46.00%): Max/Min/Avg Fitness(Raw) [24.21(75.75)/18.78(1.02)/20.17(20.17)]
Gen. 139 (46.33%): Max/Min/Avg Fitness(Raw) [24.08(75.75)/18.69(1.02)/20.06(20.06)]
Gen. 140 (46.67%): Max/Min/Avg Fitness(Raw) [23.06(75.75)/17.98(1.02)/19.22(19.22)]
Gen. 141 (47.00%): Max/Min/Avg Fitness(Raw) [24.63(75.75)/19.07(1.02)/20.52(20.52)]
Gen. 142 (47.33%): Max/Min/Avg Fitness(Raw) [24.61(75.75)/19.06(1.02)/20.51(20.51)]
Gen. 143 (47.67%): Max/Min/Avg Fitness(Raw) [23.65(75.75)/18.39(1.02)/19.71(19.71)]
Gen. 144 (48.00%): Max/Min/Avg Fitness(Raw) [23.82(75.75)/18.51(1.02)/19.85(19.85)]
Gen. 145 (48.33%): Max/Min/Avg Fitness(Raw) [23.58(75.75)/18.34(1.02)/19.65(19.65)]
Gen. 146 (48.67%): Max/Min/Avg Fitness(Raw) [25.25(75.75)/19.50(1.02)/21.04(21.04)]
Gen. 147 (49.00%): Max/Min/Avg Fitness(Raw) [25.82(75.75)/19.89(1.02)/21.51(21.51)]
Gen. 148 (49.33%): Max/Min/Avg Fitness(Raw) [24.37(75.75)/18.90(1.02)/20.31(20.31)]
Gen. 149 (49.67%): Max/Min/Avg Fitness(Raw) [24.77(75.75)/19.17(1.02)/20.64(20.64)]
Gen. 150 (50.00%): Max/Min/Avg Fitness(Raw) [23.99(75.75)/18.63(1.02)/19.99(19.99)]
Gen. 151 (50.33%): Max/Min/Avg Fitness(Raw) [24.45(75.75)/18.95(1.02)/20.38(20.38)]
Gen. 152 (50.67%): Max/Min/Avg Fitness(Raw) [24.96(75.75)/19.30(1.02)/20.80(20.80)]
Gen. 153 (51.00%): Max/Min/Avg Fitness(Raw) [24.80(75.75)/19.19(1.02)/20.67(20.67)]
Gen. 154 (51.33%): Max/Min/Avg Fitness(Raw) [23.62(75.75)/18.37(1.02)/19.68(19.68)]
Gen. 155 (51.67%): Max/Min/Avg Fitness(Raw) [23.76(75.75)/18.47(1.02)/19.80(19.80)]
Gen. 156 (52.00%): Max/Min/Avg Fitness(Raw) [25.13(75.75)/19.42(1.02)/20.94(20.94)]
Gen. 157 (52.33%): Max/Min/Avg Fitness(Raw) [23.95(75.75)/18.61(1.02)/19.96(19.96)]
Gen. 158 (52.67%): Max/Min/Avg Fitness(Raw) [24.91(75.75)/19.26(1.02)/20.75(20.75)]
Gen. 159 (53.00%): Max/Min/Avg Fitness(Raw) [24.15(75.75)/18.75(1.02)/20.13(20.13)]
Gen. 160 (53.33%): Max/Min/Avg Fitness(Raw) [26.07(75.75)/20.06(1.02)/21.73(21.73)]
Gen. 161 (53.67%): Max/Min/Avg Fitness(Raw) [24.44(75.75)/18.94(1.02)/20.37(20.37)]
Gen. 162 (54.00%): Max/Min/Avg Fitness(Raw) [25.03(75.75)/19.35(1.02)/20.86(20.86)]
Gen. 163 (54.33%): Max/Min/Avg Fitness(Raw) [23.73(75.75)/18.45(1.02)/19.77(19.77)]
Gen. 164 (54.67%): Max/Min/Avg Fitness(Raw) [24.39(75.75)/18.91(1.02)/20.32(20.32)]
Gen. 165 (55.00%): Max/Min/Avg Fitness(Raw) [24.10(75.75)/18.71(1.02)/20.08(20.08)]
Gen. 166 (55.33%): Max/Min/Avg Fitness(Raw) [24.32(75.75)/18.86(1.02)/20.26(20.26)]
Gen. 167 (55.67%): Max/Min/Avg Fitness(Raw) [25.97(75.75)/19.99(1.02)/21.64(21.64)]
Gen. 168 (56.00%): Max/Min/Avg Fitness(Raw) [24.71(75.75)/19.13(1.02)/20.59(20.59)]
Gen. 169 (56.33%): Max/Min/Avg Fitness(Raw) [25.47(75.75)/19.65(1.02)/21.22(21.22)]
Gen. 170 (56.67%): Max/Min/Avg Fitness(Raw) [23.96(75.75)/18.61(1.02)/19.97(19.97)]
Gen. 171 (57.00%): Max/Min/Avg Fitness(Raw) [25.52(75.75)/19.68(1.02)/21.26(21.26)]
Gen. 172 (57.33%): Max/Min/Avg Fitness(Raw) [24.41(75.75)/18.92(1.02)/20.34(20.34)]
Gen. 173 (57.67%): Max/Min/Avg Fitness(Raw) [25.17(75.75)/19.45(1.02)/20.97(20.97)]
Gen. 174 (58.00%): Max/Min/Avg Fitness(Raw) [24.67(75.75)/19.10(1.02)/20.56(20.56)]
Gen. 175 (58.33%): Max/Min/Avg Fitness(Raw) [25.28(75.75)/19.52(1.02)/21.07(21.07)]
Gen. 176 (58.67%): Max/Min/Avg Fitness(Raw) [24.46(75.75)/18.96(1.02)/20.38(20.38)]
Gen. 177 (59.00%): Max/Min/Avg Fitness(Raw) [23.04(75.75)/17.97(1.02)/19.20(19.20)]
Gen. 178 (59.33%): Max/Min/Avg Fitness(Raw) [23.19(75.75)/18.07(1.02)/19.32(19.32)]
Gen. 179 (59.67%): Max/Min/Avg Fitness(Raw) [22.36(75.75)/17.48(1.02)/18.63(18.63)]
Gen. 180 (60.00%): Max/Min/Avg Fitness(Raw) [25.35(75.75)/19.57(1.02)/21.13(21.13)]
Gen. 181 (60.33%): Max/Min/Avg Fitness(Raw) [23.64(75.75)/18.38(1.02)/19.70(19.70)]
Gen. 182 (60.67%): Max/Min/Avg Fitness(Raw) [24.00(75.75)/18.64(1.02)/20.00(20.00)]
Gen. 183 (61.00%): Max/Min/Avg Fitness(Raw) [24.12(75.75)/18.72(1.02)/20.10(20.10)]
Gen. 184 (61.33%): Max/Min/Avg Fitness(Raw) [23.08(75.75)/17.99(1.02)/19.23(19.23)]
Gen. 185 (61.67%): Max/Min/Avg Fitness(Raw) [25.13(75.75)/19.42(1.02)/20.94(20.94)]
Gen. 186 (62.00%): Max/Min/Avg Fitness(Raw) [23.42(75.75)/18.23(1.02)/19.52(19.52)]
Gen. 187 (62.33%): Max/Min/Avg Fitness(Raw) [24.03(75.75)/18.66(1.02)/20.02(20.02)]
Gen. 188 (62.67%): Max/Min/Avg Fitness(Raw) [24.38(75.75)/18.90(1.02)/20.32(20.32)]
Gen. 189 (63.00%): Max/Min/Avg Fitness(Raw) [23.28(75.75)/18.14(1.02)/19.40(19.40)]
Gen. 190 (63.33%): Max/Min/Avg Fitness(Raw) [23.18(75.75)/18.06(1.02)/19.31(19.31)]
Gen. 191 (63.67%): Max/Min/Avg Fitness(Raw) [24.58(75.75)/19.04(1.02)/20.48(20.48)]
Gen. 192 (64.00%): Max/Min/Avg Fitness(Raw) [24.83(75.75)/19.21(1.02)/20.69(20.69)]
Gen. 193 (64.33%): Max/Min/Avg Fitness(Raw) [23.25(75.75)/18.11(1.02)/19.37(19.37)]
Gen. 194 (64.67%): Max/Min/Avg Fitness(Raw) [23.94(75.75)/18.60(1.02)/19.95(19.95)]
Gen. 195 (65.00%): Max/Min/Avg Fitness(Raw) [24.47(76.51)/18.98(1.02)/20.39(20.39)]
Gen. 196 (65.33%): Max/Min/Avg Fitness(Raw) [23.62(76.51)/18.39(1.02)/19.68(19.68)]
Gen. 197 (65.67%): Max/Min/Avg Fitness(Raw) [22.32(76.51)/17.47(1.02)/18.60(18.60)]
Gen. 198 (66.00%): Max/Min/Avg Fitness(Raw) [23.44(76.51)/18.26(1.02)/19.53(19.53)]
Gen. 199 (66.33%): Max/Min/Avg Fitness(Raw) [22.35(76.51)/17.49(1.02)/18.63(18.63)]
Gen. 200 (66.67%): Max/Min/Avg Fitness(Raw) [22.99(76.51)/17.95(1.02)/19.16(19.16)]
Gen. 201 (67.00%): Max/Min/Avg Fitness(Raw) [21.53(76.51)/16.91(1.02)/17.94(17.94)]
Gen. 202 (67.33%): Max/Min/Avg Fitness(Raw) [20.26(76.51)/15.98(1.02)/16.88(16.88)]
Gen. 203 (67.67%): Max/Min/Avg Fitness(Raw) [20.67(76.51)/16.28(1.02)/17.23(17.23)]
Gen. 204 (68.00%): Max/Min/Avg Fitness(Raw) [23.40(76.51)/18.24(1.02)/19.50(19.50)]
Gen. 205 (68.33%): Max/Min/Avg Fitness(Raw) [22.05(76.51)/17.28(1.02)/18.37(18.37)]
Gen. 206 (68.67%): Max/Min/Avg Fitness(Raw) [22.57(76.51)/17.65(1.02)/18.81(18.81)]
Gen. 207 (69.00%): Max/Min/Avg Fitness(Raw) [21.84(76.51)/17.13(1.02)/18.20(18.20)]
Gen. 208 (69.33%): Max/Min/Avg Fitness(Raw) [21.16(76.51)/16.64(1.02)/17.64(17.64)]
Gen. 209 (69.67%): Max/Min/Avg Fitness(Raw) [22.23(76.51)/17.41(1.02)/18.53(18.53)]
Gen. 210 (70.00%): Max/Min/Avg Fitness(Raw) [22.48(76.51)/17.59(1.02)/18.74(18.74)]
Gen. 211 (70.33%): Max/Min/Avg Fitness(Raw) [23.17(76.51)/18.07(1.02)/19.31(19.31)]
Gen. 212 (70.67%): Max/Min/Avg Fitness(Raw) [21.11(76.51)/16.60(1.02)/17.59(17.59)]
Gen. 213 (71.00%): Max/Min/Avg Fitness(Raw) [21.42(76.51)/16.83(1.02)/17.85(17.85)]
Gen. 214 (71.33%): Max/Min/Avg Fitness(Raw) [22.97(76.51)/17.93(1.02)/19.14(19.14)]
Gen. 215 (71.67%): Max/Min/Avg Fitness(Raw) [22.40(76.51)/17.53(1.02)/18.67(18.67)]
Gen. 216 (72.00%): Max/Min/Avg Fitness(Raw) [23.17(76.51)/18.07(1.02)/19.31(19.31)]
Gen. 217 (72.33%): Max/Min/Avg Fitness(Raw) [22.01(76.51)/17.25(1.02)/18.34(18.34)]
Gen. 218 (72.67%): Max/Min/Avg Fitness(Raw) [22.15(76.51)/17.35(1.02)/18.46(18.46)]
Gen. 219 (73.00%): Max/Min/Avg Fitness(Raw) [22.47(76.51)/17.58(1.02)/18.72(18.72)]
Gen. 220 (73.33%): Max/Min/Avg Fitness(Raw) [21.65(76.51)/16.99(1.02)/18.04(18.04)]
Gen. 221 (73.67%): Max/Min/Avg Fitness(Raw) [22.52(76.51)/17.61(1.02)/18.76(18.76)]
Gen. 222 (74.00%): Max/Min/Avg Fitness(Raw) [22.20(76.51)/17.39(1.02)/18.50(18.50)]
Gen. 223 (74.33%): Max/Min/Avg Fitness(Raw) [21.88(76.51)/17.16(1.02)/18.24(18.24)]
Gen. 224 (74.67%): Max/Min/Avg Fitness(Raw) [23.24(76.51)/18.12(1.02)/19.37(19.37)]
Gen. 225 (75.00%): Max/Min/Avg Fitness(Raw) [20.86(76.51)/16.42(1.02)/17.39(17.39)]
Gen. 226 (75.33%): Max/Min/Avg Fitness(Raw) [23.49(76.51)/18.30(1.02)/19.58(19.58)]
Gen. 227 (75.67%): Max/Min/Avg Fitness(Raw) [22.30(76.51)/17.46(1.02)/18.58(18.58)]
Gen. 228 (76.00%): Max/Min/Avg Fitness(Raw) [22.70(76.51)/17.74(1.02)/18.92(18.92)]
Gen. 229 (76.33%): Max/Min/Avg Fitness(Raw) [23.12(76.51)/18.04(1.02)/19.26(19.26)]
Gen. 230 (76.67%): Max/Min/Avg Fitness(Raw) [22.79(76.51)/17.81(1.02)/18.99(18.99)]
Gen. 231 (77.00%): Max/Min/Avg Fitness(Raw) [22.16(76.51)/17.35(1.02)/18.46(18.46)]
Gen. 232 (77.33%): Max/Min/Avg Fitness(Raw) [21.11(76.51)/16.60(1.02)/17.59(17.59)]
Gen. 233 (77.67%): Max/Min/Avg Fitness(Raw) [22.40(76.51)/17.53(1.02)/18.67(18.67)]
Gen. 234 (78.00%): Max/Min/Avg Fitness(Raw) [23.29(76.51)/18.16(1.02)/19.41(19.41)]
Gen. 235 (78.33%): Max/Min/Avg Fitness(Raw) [22.13(76.51)/17.33(1.02)/18.44(18.44)]
Gen. 236 (78.67%): Max/Min/Avg Fitness(Raw) [21.09(76.51)/16.59(1.02)/17.58(17.58)]
Gen. 237 (79.00%): Max/Min/Avg Fitness(Raw) [22.56(76.51)/17.64(1.02)/18.80(18.80)]
Gen. 238 (79.33%): Max/Min/Avg Fitness(Raw) [22.13(76.51)/17.34(1.02)/18.44(18.44)]
Gen. 239 (79.67%): Max/Min/Avg Fitness(Raw) [21.84(76.51)/17.13(1.02)/18.20(18.20)]
Gen. 240 (80.00%): Max/Min/Avg Fitness(Raw) [21.83(76.51)/17.12(1.02)/18.19(18.19)]
Gen. 241 (80.33%): Max/Min/Avg Fitness(Raw) [22.62(76.51)/17.69(1.02)/18.85(18.85)]
Gen. 242 (80.67%): Max/Min/Avg Fitness(Raw) [21.35(76.51)/16.78(1.02)/17.80(17.80)]
Gen. 243 (81.00%): Max/Min/Avg Fitness(Raw) [22.16(76.51)/17.36(1.02)/18.47(18.47)]
Gen. 244 (81.33%): Max/Min/Avg Fitness(Raw) [23.15(76.51)/18.06(1.02)/19.29(19.29)]
Gen. 245 (81.67%): Max/Min/Avg Fitness(Raw) [21.41(76.51)/16.82(1.02)/17.84(17.84)]
Gen. 246 (82.00%): Max/Min/Avg Fitness(Raw) [21.41(76.51)/16.82(1.02)/17.84(17.84)]
Gen. 247 (82.33%): Max/Min/Avg Fitness(Raw) [22.76(76.51)/17.78(1.02)/18.97(18.97)]
Gen. 248 (82.67%): Max/Min/Avg Fitness(Raw) [22.67(76.51)/17.72(1.02)/18.89(18.89)]
Gen. 249 (83.00%): Max/Min/Avg Fitness(Raw) [22.73(76.51)/17.76(1.02)/18.94(18.94)]
Gen. 250 (83.33%): Max/Min/Avg Fitness(Raw) [22.34(76.51)/17.49(1.02)/18.62(18.62)]
Gen. 251 (83.67%): Max/Min/Avg Fitness(Raw) [22.29(76.51)/17.45(1.02)/18.57(18.57)]
Gen. 252 (84.00%): Max/Min/Avg Fitness(Raw) [24.23(76.51)/18.82(1.02)/20.19(20.19)]
Gen. 253 (84.33%): Max/Min/Avg Fitness(Raw) [22.51(76.51)/17.61(1.02)/18.76(18.76)]
Gen. 254 (84.67%): Max/Min/Avg Fitness(Raw) [21.24(76.51)/16.69(1.02)/17.70(17.70)]
Gen. 255 (85.00%): Max/Min/Avg Fitness(Raw) [23.25(76.51)/18.13(1.02)/19.37(19.37)]
Gen. 256 (85.33%): Max/Min/Avg Fitness(Raw) [21.29(76.51)/16.73(1.02)/17.74(17.74)]
Gen. 257 (85.67%): Max/Min/Avg Fitness(Raw) [23.57(76.51)/18.36(1.02)/19.65(19.65)]
Gen. 258 (86.00%): Max/Min/Avg Fitness(Raw) [22.77(76.51)/17.79(1.02)/18.98(18.98)]
Gen. 259 (86.33%): Max/Min/Avg Fitness(Raw) [22.18(76.51)/17.37(1.02)/18.48(18.48)]
Gen. 260 (86.67%): Max/Min/Avg Fitness(Raw) [22.47(76.51)/17.58(1.02)/18.73(18.73)]
Gen. 261 (87.00%): Max/Min/Avg Fitness(Raw) [23.17(76.51)/18.07(1.02)/19.31(19.31)]
Gen. 262 (87.33%): Max/Min/Avg Fitness(Raw) [22.16(76.51)/17.36(1.02)/18.46(18.46)]
Gen. 263 (87.67%): Max/Min/Avg Fitness(Raw) [22.95(76.51)/17.92(1.02)/19.12(19.12)]
Gen. 264 (88.00%): Max/Min/Avg Fitness(Raw) [21.94(76.51)/17.20(1.02)/18.28(18.28)]
Gen. 265 (88.33%): Max/Min/Avg Fitness(Raw) [21.94(76.51)/17.20(1.02)/18.28(18.28)]
Gen. 266 (88.67%): Max/Min/Avg Fitness(Raw) [22.49(76.51)/17.59(1.02)/18.74(18.74)]
Gen. 267 (89.00%): Max/Min/Avg Fitness(Raw) [20.84(76.51)/16.41(1.02)/17.37(17.37)]
Gen. 268 (89.33%): Max/Min/Avg Fitness(Raw) [21.90(76.51)/17.17(1.02)/18.25(18.25)]
Gen. 269 (89.67%): Max/Min/Avg Fitness(Raw) [24.25(76.51)/18.83(1.02)/20.21(20.21)]
Gen. 270 (90.00%): Max/Min/Avg Fitness(Raw) [21.81(76.51)/17.11(1.02)/18.18(18.18)]
Gen. 271 (90.33%): Max/Min/Avg Fitness(Raw) [21.65(76.51)/16.99(1.02)/18.04(18.04)]
Gen. 272 (90.67%): Max/Min/Avg Fitness(Raw) [23.20(76.51)/18.10(1.02)/19.34(19.34)]
Gen. 273 (91.00%): Max/Min/Avg Fitness(Raw) [21.41(76.51)/16.82(1.02)/17.84(17.84)]
Gen. 274 (91.33%): Max/Min/Avg Fitness(Raw) [22.09(76.51)/17.31(1.02)/18.41(18.41)]
Gen. 275 (91.67%): Max/Min/Avg Fitness(Raw) [20.87(76.51)/16.43(1.02)/17.39(17.39)]
Gen. 276 (92.00%): Max/Min/Avg Fitness(Raw) [21.98(76.51)/17.23(1.02)/18.32(18.32)]
Gen. 277 (92.33%): Max/Min/Avg Fitness(Raw) [23.50(76.51)/18.31(1.02)/19.58(19.58)]
Gen. 278 (92.67%): Max/Min/Avg Fitness(Raw) [22.52(76.51)/17.61(1.02)/18.76(18.76)]
Gen. 279 (93.00%): Max/Min/Avg Fitness(Raw) [22.43(76.51)/17.55(1.02)/18.69(18.69)]
Gen. 280 (93.33%): Max/Min/Avg Fitness(Raw) [21.95(76.51)/17.21(1.02)/18.29(18.29)]
Gen. 281 (93.67%): Max/Min/Avg Fitness(Raw) [22.62(76.51)/17.69(1.02)/18.85(18.85)]
Gen. 282 (94.00%): Max/Min/Avg Fitness(Raw) [23.35(76.51)/18.20(1.02)/19.46(19.46)]
Gen. 283 (94.33%): Max/Min/Avg Fitness(Raw) [21.03(76.51)/16.54(1.02)/17.52(17.52)]
Gen. 284 (94.67%): Max/Min/Avg Fitness(Raw) [22.41(76.51)/17.53(1.02)/18.67(18.67)]
Gen. 285 (95.00%): Max/Min/Avg Fitness(Raw) [22.89(76.51)/17.87(1.02)/19.07(19.07)]
Gen. 286 (95.33%): Max/Min/Avg Fitness(Raw) [22.11(76.51)/17.32(1.02)/18.43(18.43)]
Gen. 287 (95.67%): Max/Min/Avg Fitness(Raw) [22.91(76.51)/17.89(1.02)/19.09(19.09)]
Gen. 288 (96.00%): Max/Min/Avg Fitness(Raw) [22.41(76.51)/17.53(1.02)/18.67(18.67)]
Gen. 289 (96.33%): Max/Min/Avg Fitness(Raw) [23.13(76.51)/18.05(1.02)/19.28(19.28)]
Gen. 290 (96.67%): Max/Min/Avg Fitness(Raw) [22.40(76.51)/17.53(1.02)/18.67(18.67)]
Gen. 291 (97.00%): Max/Min/Avg Fitness(Raw) [23.05(76.51)/17.99(1.02)/19.21(19.21)]
Gen. 292 (97.33%): Max/Min/Avg Fitness(Raw) [22.70(76.51)/17.74(1.02)/18.92(18.92)]
Gen. 293 (97.67%): Max/Min/Avg Fitness(Raw) [23.80(76.51)/18.51(1.02)/19.83(19.83)]
Gen. 294 (98.00%): Max/Min/Avg Fitness(Raw) [23.58(76.51)/18.36(1.02)/19.65(19.65)]
Gen. 295 (98.33%): Max/Min/Avg Fitness(Raw) [21.97(76.51)/17.22(1.02)/18.31(18.31)]
Gen. 296 (98.67%): Max/Min/Avg Fitness(Raw) [21.67(76.51)/17.01(1.02)/18.06(18.06)]
Gen. 297 (99.00%): Max/Min/Avg Fitness(Raw) [22.55(76.51)/17.64(1.02)/18.79(18.79)]
Gen. 298 (99.33%): Max/Min/Avg Fitness(Raw) [21.66(76.51)/17.00(1.02)/18.05(18.05)]
Gen. 299 (99.67%): Max/Min/Avg Fitness(Raw) [22.54(76.51)/17.63(1.02)/18.78(18.78)]
Gen. 300 (100.00%): Max/Min/Avg Fitness(Raw) [21.95(76.51)/17.21(1.02)/18.29(18.29)]
Total time elapsed: 70567.863 seconds.
GA MSE : 0.118912
Best initial connection wetighs are set on Network
Setting FANN training parameters
Input layer                          :  70 neurons, 1 bias
  Hidden layer                       :  35 neurons, 1 bias
Output layer                         :   1 neurons
Total neurons and biases             : 108
Total connections                    :2521
Connection rate                      :   1.000
Network type                         :   FANN_NETTYPE_LAYER
Training algorithm                   :   FANN_TRAIN_RPROP
Training error function              :   FANN_ERRORFUNC_TANH
Training stop function               :   FANN_STOPFUNC_MSE
Bit fail limit                       :   0.350
Learning rate                        :   0.700
Learning momentum                    :   0.000
Quickprop decay                      :  -0.000100
Quickprop mu                         :   1.750
RPROP increase factor                :   1.001
RPROP decrease factor                :   0.333
RPROP delta min                      :   0.000
RPROP delta max                      :  50.000
Cascade output change fraction       :   0.010000
Cascade candidate change fraction    :   0.010000
Cascade output stagnation epochs     :  12
Cascade candidate stagnation epochs  :  12
Cascade max output epochs            : 150
Cascade max candidate epochs         : 150
Cascade weight multiplier            :   0.400
Cascade candidate limit              :1000.000
Cascade activation functions[0]      :   FANN_SIGMOID
Cascade activation functions[1]      :   FANN_SIGMOID_SYMMETRIC
Cascade activation functions[2]      :   FANN_GAUSSIAN
Cascade activation functions[3]      :   FANN_GAUSSIAN_SYMMETRIC
Cascade activation functions[4]      :   FANN_ELLIOT
Cascade activation functions[5]      :   FANN_ELLIOT_SYMMETRIC
Cascade activation functions[6]      :   FANN_SIN_SYMMETRIC
Cascade activation functions[7]      :   FANN_COS_SYMMETRIC
Cascade activation functions[8]      :   FANN_SIN
Cascade activation functions[9]      :   FANN_COS
Cascade activation steepnesses[0]    :   0.250
Cascade activation steepnesses[1]    :   0.500
Cascade activation steepnesses[2]    :   0.750
Cascade activation steepnesses[3]    :   1.000
Cascade candidate groups             :   2
Cascade no. of candidates            :  80
Start training network with 2-algorithm in FANN
Max epochs     8000. Desired error: 0.0010000000.
Epochs            1. Current error: 0.0130702108. Bit fail 228.
Epochs          100. Current error: 0.0130580114. Bit fail 230.
Epochs          200. Current error: 0.0130944364. Bit fail 232.
Epochs          300. Current error: 0.0128384149. Bit fail 227.
Epochs          400. Current error: 0.0127071673. Bit fail 225.
Epochs          500. Current error: 0.0124671021. Bit fail 234.
Epochs          600. Current error: 0.0124385608. Bit fail 233.
Epochs          700. Current error: 0.0124046830. Bit fail 234.
Epochs          800. Current error: 0.0123342779. Bit fail 234.
Epochs          900. Current error: 0.0122743817. Bit fail 232.
Epochs         1000. Current error: 0.0123169376. Bit fail 232.
Epochs         1100. Current error: 0.0120314462. Bit fail 227.
Epochs         1200. Current error: 0.0120048579. Bit fail 228.
Epochs         1300. Current error: 0.0117480615. Bit fail 223.
Epochs         1400. Current error: 0.0116718421. Bit fail 226.
Epochs         1500. Current error: 0.0117486129. Bit fail 230.
Epochs         1600. Current error: 0.0116740689. Bit fail 229.
Epochs         1700. Current error: 0.0115306536. Bit fail 227.
Epochs         1800. Current error: 0.0113100586. Bit fail 225.
Epochs         1900. Current error: 0.0111342007. Bit fail 220.
Epochs         2000. Current error: 0.0110878795. Bit fail 220.
Epochs         2100. Current error: 0.0109556420. Bit fail 216.
Epochs         2200. Current error: 0.0108034797. Bit fail 210.
Epochs         2300. Current error: 0.0107661439. Bit fail 208.
Epochs         2400. Current error: 0.0107249785. Bit fail 208.
Epochs         2500. Current error: 0.0106141260. Bit fail 207.
Epochs         2600. Current error: 0.0105630327. Bit fail 205.
Epochs         2700. Current error: 0.0105791269. Bit fail 205.
Epochs         2800. Current error: 0.0105699785. Bit fail 205.
Epochs         2900. Current error: 0.0104975197. Bit fail 203.
Epochs         3000. Current error: 0.0104150353. Bit fail 201.
Epochs         3100. Current error: 0.0103548579. Bit fail 200.
Epochs         3200. Current error: 0.0103072552. Bit fail 199.
Epochs         3300. Current error: 0.0103163850. Bit fail 197.
Epochs         3400. Current error: 0.0103200786. Bit fail 198.
Epochs         3500. Current error: 0.0103055472. Bit fail 199.
Epochs         3600. Current error: 0.0103460280. Bit fail 199.
Epochs         3700. Current error: 0.0102762328. Bit fail 200.
Epochs         3800. Current error: 0.0101350145. Bit fail 199.
Epochs         3900. Current error: 0.0100727892. Bit fail 196.
Epochs         4000. Current error: 0.0100923646. Bit fail 197.
Epochs         4100. Current error: 0.0100566456. Bit fail 198.
Epochs         4200. Current error: 0.0099480459. Bit fail 195.
Epochs         4300. Current error: 0.0099327499. Bit fail 194.
Epochs         4400. Current error: 0.0099539170. Bit fail 195.
Epochs         4500. Current error: 0.0099501219. Bit fail 195.
Epochs         4600. Current error: 0.0099930670. Bit fail 196.
Epochs         4700. Current error: 0.0099087581. Bit fail 196.
Epochs         4800. Current error: 0.0099416971. Bit fail 195.
Epochs         4900. Current error: 0.0100251921. Bit fail 197.
Epochs         5000. Current error: 0.0099840732. Bit fail 205.
Epochs         5100. Current error: 0.0099831047. Bit fail 205.
Epochs         5200. Current error: 0.0098488620. Bit fail 202.
Epochs         5300. Current error: 0.0098230690. Bit fail 202.
Epochs         5400. Current error: 0.0097959442. Bit fail 201.
Epochs         5500. Current error: 0.0098620178. Bit fail 203.
Epochs         5600. Current error: 0.0098933382. Bit fail 194.
Epochs         5700. Current error: 0.0098462859. Bit fail 194.
Epochs         5800. Current error: 0.0098295510. Bit fail 193.
Epochs         5900. Current error: 0.0098142968. Bit fail 192.
Epochs         6000. Current error: 0.0098218657. Bit fail 193.
Epochs         6100. Current error: 0.0098617179. Bit fail 203.
Epochs         6200. Current error: 0.0100233136. Bit fail 206.
Epochs         6300. Current error: 0.0100776004. Bit fail 206.
Epochs         6400. Current error: 0.0101717236. Bit fail 199.
Epochs         6500. Current error: 0.0101894867. Bit fail 199.
Epochs         6600. Current error: 0.0101829814. Bit fail 199.
Epochs         6700. Current error: 0.0101124877. Bit fail 199.
Epochs         6800. Current error: 0.0100154569. Bit fail 197.
Epochs         6900. Current error: 0.0100375153. Bit fail 197.
Epochs         7000. Current error: 0.0100158378. Bit fail 196.
Epochs         7100. Current error: 0.0100074522. Bit fail 196.
Epochs         7200. Current error: 0.0100071309. Bit fail 196.
Epochs         7300. Current error: 0.0100218514. Bit fail 198.
Epochs         7400. Current error: 0.0100274198. Bit fail 198.
Epochs         7500. Current error: 0.0100495042. Bit fail 198.
Epochs         7600. Current error: 0.0100620771. Bit fail 200.
Epochs         7700. Current error: 0.0099813286. Bit fail 196.
Epochs         7800. Current error: 0.0099904183. Bit fail 199.
Epochs         7900. Current error: 0.0100052254. Bit fail 208.
Epochs         8000. Current error: 0.0100399237. Bit fail 209.
Time elpased for FANN training: 1553.750258 seconds
Trained Network by GA+FANN is saved in 
./ALL_S6_959126400_hveto_channels_signif_dt_set_1_training_n70n35n1_c10_mr10_p1000_g300_rmin-25_rmax25_gsigma50_y1001_z03333_f05g09_m8000.net.
Total Running Time: 72123.321307 seconds
