Creating network.
The layer structure is following:
[70, 20, 1]
Setting newtork parameters
Getting training data : ALL_S6_959126400_hveto_channels_signif_dt_set_5_training.pat
Setting GA training parameters
Start running GA
Gen. 0 (0.00%): Max/Min/Avg Fitness(Raw) [25.36(57.30)/18.78(1.02)/21.14(21.14)]
Gen. 1 (0.50%): Max/Min/Avg Fitness(Raw) [66.40(65.66)/0.00(4.44)/56.98(56.98)]
Gen. 2 (1.00%): Max/Min/Avg Fitness(Raw) [68.40(68.24)/0.00(1.68)/62.48(62.48)]
Gen. 3 (1.50%): Max/Min/Avg Fitness(Raw) [69.48(69.30)/0.00(2.00)/63.68(63.68)]
Gen. 4 (2.00%): Max/Min/Avg Fitness(Raw) [70.27(70.14)/0.00(1.20)/63.56(63.56)]
Gen. 5 (2.50%): Max/Min/Avg Fitness(Raw) [71.55(71.45)/0.00(1.03)/65.22(65.22)]
Gen. 6 (3.00%): Max/Min/Avg Fitness(Raw) [72.83(72.70)/0.00(1.10)/65.55(65.55)]
Gen. 7 (3.50%): Max/Min/Avg Fitness(Raw) [73.79(73.65)/0.00(1.16)/65.89(65.89)]
Gen. 8 (4.00%): Max/Min/Avg Fitness(Raw) [74.29(74.14)/0.00(1.21)/66.04(66.04)]
Gen. 9 (4.50%): Max/Min/Avg Fitness(Raw) [74.90(74.77)/0.00(1.03)/66.57(66.57)]
Gen. 10 (5.00%): Max/Min/Avg Fitness(Raw) [75.54(75.40)/0.00(1.12)/67.20(67.20)]
Gen. 11 (5.50%): Max/Min/Avg Fitness(Raw) [76.05(75.91)/0.00(1.11)/67.56(67.56)]
Gen. 12 (6.00%): Max/Min/Avg Fitness(Raw) [76.84(76.67)/0.00(1.38)/68.24(68.24)]
Gen. 13 (6.50%): Max/Min/Avg Fitness(Raw) [77.05(76.92)/0.00(1.14)/69.09(69.09)]
Gen. 14 (7.00%): Max/Min/Avg Fitness(Raw) [77.75(77.56)/0.00(1.71)/69.81(69.81)]
Gen. 15 (7.50%): Max/Min/Avg Fitness(Raw) [77.93(77.77)/0.00(1.17)/68.96(68.96)]
Gen. 16 (8.00%): Max/Min/Avg Fitness(Raw) [78.10(77.94)/0.00(1.42)/69.86(69.86)]
Gen. 17 (8.50%): Max/Min/Avg Fitness(Raw) [78.29(78.17)/0.00(1.03)/69.73(69.73)]
Gen. 18 (9.00%): Max/Min/Avg Fitness(Raw) [78.67(78.48)/0.00(1.53)/69.93(69.93)]
Gen. 19 (9.50%): Max/Min/Avg Fitness(Raw) [78.91(78.77)/0.00(1.05)/69.91(69.91)]
Gen. 20 (10.00%): Max/Min/Avg Fitness(Raw) [79.38(79.23)/0.00(1.11)/70.16(70.16)]
Gen. 21 (10.50%): Max/Min/Avg Fitness(Raw) [79.60(79.47)/0.00(1.03)/70.69(70.69)]
Gen. 22 (11.00%): Max/Min/Avg Fitness(Raw) [79.72(79.53)/0.00(1.52)/70.91(70.91)]
Gen. 23 (11.50%): Max/Min/Avg Fitness(Raw) [79.82(79.60)/0.00(1.77)/71.04(71.04)]
Gen. 24 (12.00%): Max/Min/Avg Fitness(Raw) [79.91(79.73)/0.00(1.44)/70.73(70.73)]
Gen. 25 (12.50%): Max/Min/Avg Fitness(Raw) [80.27(80.10)/0.00(1.25)/70.86(70.86)]
Gen. 26 (13.00%): Max/Min/Avg Fitness(Raw) [80.51(80.38)/0.00(1.05)/71.40(71.40)]
Gen. 27 (13.50%): Max/Min/Avg Fitness(Raw) [80.66(80.50)/0.00(1.15)/71.25(71.25)]
Gen. 28 (14.00%): Max/Min/Avg Fitness(Raw) [80.82(80.67)/0.00(1.22)/71.85(71.85)]
Gen. 29 (14.50%): Max/Min/Avg Fitness(Raw) [80.92(80.79)/0.00(1.02)/71.56(71.56)]
Gen. 30 (15.00%): Max/Min/Avg Fitness(Raw) [81.18(80.97)/0.00(1.55)/71.69(71.69)]
Gen. 31 (15.50%): Max/Min/Avg Fitness(Raw) [81.51(81.36)/0.00(1.10)/71.82(71.82)]
Gen. 32 (16.00%): Max/Min/Avg Fitness(Raw) [81.78(81.59)/0.00(1.45)/72.21(72.21)]
Gen. 33 (16.50%): Max/Min/Avg Fitness(Raw) [81.82(81.68)/0.00(1.06)/72.54(72.54)]
Gen. 34 (17.00%): Max/Min/Avg Fitness(Raw) [82.19(82.01)/0.00(1.31)/72.55(72.55)]
Gen. 35 (17.50%): Max/Min/Avg Fitness(Raw) [82.24(82.09)/0.00(1.13)/72.58(72.58)]
Gen. 36 (18.00%): Max/Min/Avg Fitness(Raw) [82.46(82.25)/0.00(1.52)/72.57(72.57)]
Gen. 37 (18.50%): Max/Min/Avg Fitness(Raw) [82.59(82.42)/0.00(1.28)/73.12(73.12)]
Gen. 38 (19.00%): Max/Min/Avg Fitness(Raw) [82.71(82.57)/0.00(1.07)/73.47(73.47)]
Gen. 39 (19.50%): Max/Min/Avg Fitness(Raw) [83.04(82.90)/0.00(1.09)/73.91(73.91)]
Gen. 40 (20.00%): Max/Min/Avg Fitness(Raw) [83.13(83.00)/0.00(1.08)/74.06(74.06)]
Gen. 41 (20.50%): Max/Min/Avg Fitness(Raw) [83.31(83.16)/0.00(1.10)/73.63(73.63)]
Gen. 42 (21.00%): Max/Min/Avg Fitness(Raw) [83.45(83.27)/0.00(1.36)/73.70(73.70)]
Gen. 43 (21.50%): Max/Min/Avg Fitness(Raw) [85.30(85.05)/0.00(1.74)/74.53(74.53)]
Gen. 44 (22.00%): Max/Min/Avg Fitness(Raw) [86.31(86.03)/0.00(1.85)/75.05(75.05)]
Gen. 45 (22.50%): Max/Min/Avg Fitness(Raw) [86.94(86.74)/0.00(1.31)/75.55(75.55)]
Gen. 46 (23.00%): Max/Min/Avg Fitness(Raw) [87.40(87.24)/0.00(1.10)/76.01(76.01)]
Gen. 47 (23.50%): Max/Min/Avg Fitness(Raw) [88.56(88.31)/0.00(1.65)/76.65(76.65)]
Gen. 48 (24.00%): Max/Min/Avg Fitness(Raw) [89.56(89.32)/0.00(1.54)/77.63(77.63)]
Gen. 49 (24.50%): Max/Min/Avg Fitness(Raw) [90.23(90.06)/0.00(1.05)/77.77(77.77)]
Gen. 50 (25.00%): Max/Min/Avg Fitness(Raw) [91.10(90.91)/0.00(1.07)/77.89(77.89)]
Gen. 51 (25.50%): Max/Min/Avg Fitness(Raw) [91.94(91.78)/0.00(1.04)/79.28(79.28)]
Gen. 52 (26.00%): Max/Min/Avg Fitness(Raw) [92.99(92.81)/0.00(1.11)/79.56(79.56)]
Gen. 53 (26.50%): Max/Min/Avg Fitness(Raw) [94.48(94.29)/0.00(1.05)/79.77(79.77)]
Gen. 54 (27.00%): Max/Min/Avg Fitness(Raw) [95.42(95.24)/0.00(1.05)/81.28(81.28)]
Gen. 55 (27.50%): Max/Min/Avg Fitness(Raw) [96.19(96.02)/0.00(1.02)/82.53(82.53)]
Gen. 56 (28.00%): Max/Min/Avg Fitness(Raw) [96.84(96.66)/0.00(1.10)/83.23(83.23)]
Gen. 57 (28.50%): Max/Min/Avg Fitness(Raw) [98.36(98.09)/0.00(1.46)/83.42(83.42)]
Gen. 58 (29.00%): Max/Min/Avg Fitness(Raw) [98.65(98.47)/0.00(1.05)/84.16(84.16)]
Gen. 59 (29.50%): Max/Min/Avg Fitness(Raw) [99.13(98.92)/0.00(1.09)/83.49(83.49)]
Gen. 60 (30.00%): Max/Min/Avg Fitness(Raw) [99.68(99.49)/0.00(1.02)/83.72(83.72)]
Gen. 61 (30.50%): Max/Min/Avg Fitness(Raw) [100.00(99.82)/0.00(1.02)/84.69(84.69)]
Gen. 62 (31.00%): Max/Min/Avg Fitness(Raw) [100.56(100.36)/0.00(1.07)/84.70(84.70)]
Gen. 63 (31.50%): Max/Min/Avg Fitness(Raw) [100.98(100.78)/0.00(1.02)/84.79(84.79)]
Gen. 64 (32.00%): Max/Min/Avg Fitness(Raw) [101.31(101.08)/0.00(1.21)/85.33(85.33)]
Gen. 65 (32.50%): Max/Min/Avg Fitness(Raw) [101.65(101.46)/0.00(1.08)/86.15(86.15)]
Gen. 66 (33.00%): Max/Min/Avg Fitness(Raw) [101.68(101.50)/0.00(1.02)/86.25(86.25)]
Gen. 67 (33.50%): Max/Min/Avg Fitness(Raw) [102.27(102.07)/0.00(1.02)/85.94(85.94)]
Gen. 68 (34.00%): Max/Min/Avg Fitness(Raw) [102.46(102.27)/0.00(1.04)/86.28(86.28)]
Gen. 69 (34.50%): Max/Min/Avg Fitness(Raw) [102.57(102.39)/0.00(1.04)/86.89(86.89)]
Gen. 70 (35.00%): Max/Min/Avg Fitness(Raw) [102.70(102.52)/0.00(1.02)/87.26(87.26)]
Gen. 71 (35.50%): Max/Min/Avg Fitness(Raw) [102.83(102.63)/0.00(1.03)/86.80(86.80)]
Gen. 72 (36.00%): Max/Min/Avg Fitness(Raw) [102.87(102.67)/0.00(1.08)/87.12(87.12)]
Gen. 73 (36.50%): Max/Min/Avg Fitness(Raw) [103.12(102.93)/0.00(1.03)/87.10(87.10)]
Gen. 74 (37.00%): Max/Min/Avg Fitness(Raw) [103.70(103.36)/0.00(1.78)/87.12(87.12)]
Gen. 75 (37.50%): Max/Min/Avg Fitness(Raw) [103.68(103.49)/0.00(1.02)/87.99(87.99)]
Gen. 76 (38.00%): Max/Min/Avg Fitness(Raw) [104.09(103.87)/0.00(1.23)/88.30(88.30)]
Gen. 77 (38.50%): Max/Min/Avg Fitness(Raw) [104.09(103.90)/0.00(1.08)/88.18(88.18)]
Gen. 78 (39.00%): Max/Min/Avg Fitness(Raw) [104.23(104.04)/0.00(1.02)/88.21(88.21)]
Gen. 79 (39.50%): Max/Min/Avg Fitness(Raw) [104.47(104.27)/0.00(1.15)/88.66(88.66)]
Gen. 80 (40.00%): Max/Min/Avg Fitness(Raw) [104.79(104.60)/0.00(1.02)/88.35(88.35)]
Gen. 81 (40.50%): Max/Min/Avg Fitness(Raw) [104.91(104.73)/0.00(1.02)/88.68(88.68)]
Gen. 82 (41.00%): Max/Min/Avg Fitness(Raw) [104.94(104.76)/0.00(1.04)/89.08(89.08)]
Gen. 83 (41.50%): Max/Min/Avg Fitness(Raw) [105.12(104.91)/0.00(1.12)/89.00(89.00)]
Gen. 84 (42.00%): Max/Min/Avg Fitness(Raw) [105.38(105.19)/0.00(1.03)/89.32(89.32)]
Gen. 85 (42.50%): Max/Min/Avg Fitness(Raw) [105.48(105.30)/0.00(1.04)/89.63(89.63)]
Gen. 86 (43.00%): Max/Min/Avg Fitness(Raw) [105.58(105.39)/0.00(1.11)/90.11(90.11)]
Gen. 87 (43.50%): Max/Min/Avg Fitness(Raw) [105.69(105.51)/0.00(1.02)/89.78(89.78)]
Gen. 88 (44.00%): Max/Min/Avg Fitness(Raw) [106.00(105.82)/0.00(1.02)/89.97(89.97)]
Gen. 89 (44.50%): Max/Min/Avg Fitness(Raw) [106.05(105.86)/0.00(1.02)/89.42(89.42)]
Gen. 90 (45.00%): Max/Min/Avg Fitness(Raw) [106.13(105.94)/0.00(1.02)/89.81(89.81)]
Gen. 91 (45.50%): Max/Min/Avg Fitness(Raw) [106.25(106.05)/0.00(1.09)/89.99(89.99)]
Gen. 92 (46.00%): Max/Min/Avg Fitness(Raw) [106.47(106.19)/0.00(1.53)/89.99(89.99)]
Gen. 93 (46.50%): Max/Min/Avg Fitness(Raw) [106.62(106.42)/0.00(1.07)/89.91(89.91)]
Gen. 94 (47.00%): Max/Min/Avg Fitness(Raw) [106.72(106.52)/0.00(1.11)/90.18(90.18)]
Gen. 95 (47.50%): Max/Min/Avg Fitness(Raw) [107.04(106.61)/0.00(2.33)/90.51(90.51)]
Gen. 96 (48.00%): Max/Min/Avg Fitness(Raw) [107.02(106.80)/0.00(1.26)/91.12(91.12)]
Gen. 97 (48.50%): Max/Min/Avg Fitness(Raw) [107.31(107.02)/0.00(1.59)/90.56(90.56)]
Gen. 98 (49.00%): Max/Min/Avg Fitness(Raw) [107.37(107.07)/0.00(1.68)/91.10(91.10)]
Gen. 99 (49.50%): Max/Min/Avg Fitness(Raw) [107.53(107.34)/0.00(1.07)/91.04(91.04)]
Gen. 100 (50.00%): Max/Min/Avg Fitness(Raw) [107.65(107.46)/0.00(1.06)/91.11(91.11)]
Gen. 101 (50.50%): Max/Min/Avg Fitness(Raw) [107.82(107.60)/0.00(1.15)/90.76(90.76)]
Gen. 102 (51.00%): Max/Min/Avg Fitness(Raw) [107.91(107.72)/0.00(1.02)/90.89(90.89)]
Gen. 103 (51.50%): Max/Min/Avg Fitness(Raw) [108.05(107.83)/0.00(1.18)/90.81(90.81)]
Gen. 104 (52.00%): Max/Min/Avg Fitness(Raw) [108.26(108.05)/0.00(1.10)/91.07(91.07)]
Gen. 105 (52.50%): Max/Min/Avg Fitness(Raw) [108.41(108.20)/0.00(1.05)/90.84(90.84)]
Gen. 106 (53.00%): Max/Min/Avg Fitness(Raw) [109.61(109.40)/0.00(1.03)/90.92(90.92)]
Gen. 107 (53.50%): Max/Min/Avg Fitness(Raw) [110.01(109.80)/0.00(1.05)/91.42(91.42)]
Gen. 108 (54.00%): Max/Min/Avg Fitness(Raw) [110.23(110.01)/0.00(1.10)/92.22(92.22)]
Gen. 109 (54.50%): Max/Min/Avg Fitness(Raw) [110.43(110.19)/0.00(1.25)/92.45(92.45)]
Gen. 110 (55.00%): Max/Min/Avg Fitness(Raw) [110.59(110.39)/0.00(1.02)/92.15(92.15)]
Gen. 111 (55.50%): Max/Min/Avg Fitness(Raw) [111.14(110.94)/0.00(1.02)/92.78(92.78)]
Gen. 112 (56.00%): Max/Min/Avg Fitness(Raw) [111.42(111.18)/0.00(1.19)/92.69(92.69)]
Gen. 113 (56.50%): Max/Min/Avg Fitness(Raw) [111.49(111.24)/0.00(1.21)/92.39(92.39)]
Gen. 114 (57.00%): Max/Min/Avg Fitness(Raw) [111.77(111.55)/0.00(1.08)/93.13(93.13)]
Gen. 115 (57.50%): Max/Min/Avg Fitness(Raw) [111.88(111.63)/0.00(1.31)/93.46(93.46)]
Gen. 116 (58.00%): Max/Min/Avg Fitness(Raw) [112.07(111.82)/0.00(1.22)/92.65(92.65)]
Gen. 117 (58.50%): Max/Min/Avg Fitness(Raw) [112.57(112.32)/0.00(1.22)/93.59(93.59)]
Gen. 118 (59.00%): Max/Min/Avg Fitness(Raw) [112.71(112.48)/0.00(1.10)/93.54(93.54)]
Gen. 119 (59.50%): Max/Min/Avg Fitness(Raw) [113.32(113.09)/0.00(1.06)/93.63(93.63)]
Gen. 120 (60.00%): Max/Min/Avg Fitness(Raw) [113.44(113.23)/0.00(1.02)/94.16(94.16)]
Gen. 121 (60.50%): Max/Min/Avg Fitness(Raw) [113.72(113.51)/0.00(1.02)/94.62(94.62)]
Gen. 122 (61.00%): Max/Min/Avg Fitness(Raw) [114.25(114.02)/0.00(1.12)/94.85(94.85)]
Gen. 123 (61.50%): Max/Min/Avg Fitness(Raw) [114.64(114.43)/0.00(1.06)/95.10(95.10)]
Gen. 124 (62.00%): Max/Min/Avg Fitness(Raw) [114.73(114.52)/0.00(1.03)/95.16(95.16)]
Gen. 125 (62.50%): Max/Min/Avg Fitness(Raw) [115.17(114.94)/0.00(1.09)/95.28(95.28)]
Gen. 126 (63.00%): Max/Min/Avg Fitness(Raw) [115.86(115.63)/0.00(1.06)/95.10(95.10)]
Gen. 127 (63.50%): Max/Min/Avg Fitness(Raw) [115.95(115.74)/0.00(1.02)/96.64(96.64)]
Gen. 128 (64.00%): Max/Min/Avg Fitness(Raw) [116.30(116.06)/0.00(1.15)/96.12(96.12)]
Gen. 129 (64.50%): Max/Min/Avg Fitness(Raw) [116.75(116.39)/0.00(1.79)/96.86(96.86)]
Gen. 130 (65.00%): Max/Min/Avg Fitness(Raw) [117.03(116.79)/0.00(1.11)/96.26(96.26)]
Gen. 131 (65.50%): Max/Min/Avg Fitness(Raw) [117.09(116.88)/0.00(1.02)/96.74(96.74)]
Gen. 132 (66.00%): Max/Min/Avg Fitness(Raw) [117.31(117.09)/0.00(1.05)/97.31(97.31)]
Gen. 133 (66.50%): Max/Min/Avg Fitness(Raw) [117.74(117.50)/0.00(1.12)/96.87(96.87)]
Gen. 134 (67.00%): Max/Min/Avg Fitness(Raw) [118.18(117.92)/0.00(1.13)/96.25(96.25)]
Gen. 135 (67.50%): Max/Min/Avg Fitness(Raw) [118.53(118.30)/0.00(1.02)/97.06(97.06)]
Gen. 136 (68.00%): Max/Min/Avg Fitness(Raw) [118.59(118.36)/0.00(1.02)/97.01(97.01)]
Gen. 137 (68.50%): Max/Min/Avg Fitness(Raw) [118.61(118.38)/0.00(1.02)/97.25(97.25)]
Gen. 138 (69.00%): Max/Min/Avg Fitness(Raw) [118.73(118.49)/0.00(1.07)/96.69(96.69)]
Gen. 139 (69.50%): Max/Min/Avg Fitness(Raw) [118.96(118.70)/0.00(1.16)/97.36(97.36)]
Gen. 140 (70.00%): Max/Min/Avg Fitness(Raw) [119.06(118.84)/0.00(1.02)/97.65(97.65)]
Gen. 141 (70.50%): Max/Min/Avg Fitness(Raw) [119.28(119.04)/0.00(1.09)/97.79(97.79)]
Gen. 142 (71.00%): Max/Min/Avg Fitness(Raw) [119.33(119.10)/0.00(1.04)/98.11(98.11)]
Gen. 143 (71.50%): Max/Min/Avg Fitness(Raw) [119.50(119.27)/0.00(1.09)/98.43(98.43)]
Gen. 144 (72.00%): Max/Min/Avg Fitness(Raw) [119.53(119.30)/0.00(1.07)/98.55(98.55)]
Gen. 145 (72.50%): Max/Min/Avg Fitness(Raw) [119.59(119.35)/0.00(1.10)/98.50(98.50)]
Gen. 146 (73.00%): Max/Min/Avg Fitness(Raw) [119.63(119.41)/0.00(1.04)/98.66(98.66)]
Gen. 147 (73.50%): Max/Min/Avg Fitness(Raw) [119.66(119.44)/0.00(1.02)/98.33(98.33)]
Gen. 148 (74.00%): Max/Min/Avg Fitness(Raw) [119.68(119.45)/0.00(1.02)/98.10(98.10)]
Gen. 149 (74.50%): Max/Min/Avg Fitness(Raw) [119.70(119.48)/0.00(1.02)/98.15(98.15)]
Gen. 150 (75.00%): Max/Min/Avg Fitness(Raw) [119.79(119.50)/0.00(1.36)/98.72(98.72)]
Gen. 151 (75.50%): Max/Min/Avg Fitness(Raw) [119.73(119.51)/0.00(1.07)/99.40(99.40)]
Gen. 152 (76.00%): Max/Min/Avg Fitness(Raw) [119.75(119.53)/0.00(1.02)/98.30(98.30)]
Gen. 153 (76.50%): Max/Min/Avg Fitness(Raw) [119.76(119.54)/0.00(1.03)/98.37(98.37)]
Gen. 154 (77.00%): Max/Min/Avg Fitness(Raw) [119.97(119.74)/0.00(1.02)/98.19(98.19)]
Gen. 155 (77.50%): Max/Min/Avg Fitness(Raw) [120.01(119.78)/0.00(1.06)/98.59(98.59)]
Gen. 156 (78.00%): Max/Min/Avg Fitness(Raw) [120.41(120.18)/0.00(1.02)/98.30(98.30)]
Gen. 157 (78.50%): Max/Min/Avg Fitness(Raw) [120.51(120.27)/0.00(1.05)/98.39(98.39)]
Gen. 158 (79.00%): Max/Min/Avg Fitness(Raw) [120.52(120.29)/0.00(1.07)/99.34(99.34)]
Gen. 159 (79.50%): Max/Min/Avg Fitness(Raw) [120.55(120.33)/0.00(1.02)/99.44(99.44)]
Gen. 160 (80.00%): Max/Min/Avg Fitness(Raw) [120.56(120.35)/0.00(1.02)/99.62(99.62)]
Gen. 161 (80.50%): Max/Min/Avg Fitness(Raw) [120.62(120.38)/0.00(1.12)/99.40(99.40)]
Gen. 162 (81.00%): Max/Min/Avg Fitness(Raw) [120.64(120.41)/0.00(1.09)/99.62(99.62)]
Gen. 163 (81.50%): Max/Min/Avg Fitness(Raw) [120.82(120.60)/0.00(1.04)/99.93(99.93)]
Gen. 164 (82.00%): Max/Min/Avg Fitness(Raw) [121.19(120.92)/0.00(1.23)/99.38(99.38)]
Gen. 165 (82.50%): Max/Min/Avg Fitness(Raw) [121.20(120.95)/0.00(1.15)/99.82(99.82)]
Gen. 166 (83.00%): Max/Min/Avg Fitness(Raw) [121.26(120.99)/0.00(1.29)/99.95(99.95)]
Gen. 167 (83.50%): Max/Min/Avg Fitness(Raw) [121.28(121.05)/0.00(1.05)/99.76(99.76)]
Gen. 168 (84.00%): Max/Min/Avg Fitness(Raw) [121.29(121.06)/0.00(1.02)/99.12(99.12)]
Gen. 169 (84.50%): Max/Min/Avg Fitness(Raw) [121.48(121.24)/0.00(1.07)/99.02(99.02)]
Gen. 170 (85.00%): Max/Min/Avg Fitness(Raw) [121.47(121.24)/0.00(1.06)/99.73(99.73)]
Gen. 171 (85.50%): Max/Min/Avg Fitness(Raw) [121.47(121.25)/0.00(1.02)/99.94(99.94)]
Gen. 172 (86.00%): Max/Min/Avg Fitness(Raw) [121.48(121.26)/0.00(1.05)/100.27(100.27)]
Gen. 173 (86.50%): Max/Min/Avg Fitness(Raw) [121.50(121.27)/0.00(1.02)/99.35(99.35)]
Gen. 174 (87.00%): Max/Min/Avg Fitness(Raw) [121.50(121.27)/0.00(1.02)/99.37(99.37)]
Gen. 175 (87.50%): Max/Min/Avg Fitness(Raw) [121.50(121.28)/0.00(1.02)/99.60(99.60)]
Gen. 176 (88.00%): Max/Min/Avg Fitness(Raw) [121.51(121.28)/0.00(1.06)/99.52(99.52)]
Gen. 177 (88.50%): Max/Min/Avg Fitness(Raw) [121.53(121.28)/0.00(1.12)/99.43(99.43)]
Gen. 178 (89.00%): Max/Min/Avg Fitness(Raw) [121.55(121.28)/0.00(1.21)/99.52(99.52)]
Gen. 179 (89.50%): Max/Min/Avg Fitness(Raw) [121.63(121.29)/0.00(1.50)/99.15(99.15)]
Gen. 180 (90.00%): Max/Min/Avg Fitness(Raw) [121.55(121.32)/0.00(1.08)/99.82(99.82)]
Gen. 181 (90.50%): Max/Min/Avg Fitness(Raw) [121.56(121.33)/0.00(1.02)/99.53(99.53)]
Gen. 182 (91.00%): Max/Min/Avg Fitness(Raw) [121.57(121.34)/0.00(1.04)/99.81(99.81)]
Gen. 183 (91.50%): Max/Min/Avg Fitness(Raw) [121.56(121.35)/0.00(1.02)/100.30(100.30)]
Gen. 184 (92.00%): Max/Min/Avg Fitness(Raw) [121.68(121.37)/0.00(1.41)/99.84(99.84)]
Gen. 185 (92.50%): Max/Min/Avg Fitness(Raw) [121.67(121.44)/0.00(1.02)/99.48(99.48)]
Gen. 186 (93.00%): Max/Min/Avg Fitness(Raw) [121.76(121.52)/0.00(1.08)/99.78(99.78)]
Gen. 187 (93.50%): Max/Min/Avg Fitness(Raw) [121.76(121.54)/0.00(1.02)/99.83(99.83)]
Gen. 188 (94.00%): Max/Min/Avg Fitness(Raw) [121.80(121.57)/0.00(1.02)/99.50(99.50)]
Gen. 189 (94.50%): Max/Min/Avg Fitness(Raw) [121.82(121.59)/0.00(1.02)/99.94(99.94)]
Gen. 190 (95.00%): Max/Min/Avg Fitness(Raw) [121.86(121.63)/0.00(1.02)/99.72(99.72)]
Gen. 191 (95.50%): Max/Min/Avg Fitness(Raw) [121.87(121.63)/0.00(1.12)/100.31(100.31)]
Gen. 192 (96.00%): Max/Min/Avg Fitness(Raw) [121.88(121.65)/0.00(1.05)/99.97(99.97)]
Gen. 193 (96.50%): Max/Min/Avg Fitness(Raw) [121.93(121.70)/0.00(1.02)/99.31(99.31)]
Gen. 194 (97.00%): Max/Min/Avg Fitness(Raw) [122.06(121.81)/0.00(1.18)/100.63(100.63)]
Gen. 195 (97.50%): Max/Min/Avg Fitness(Raw) [122.11(121.88)/0.00(1.07)/100.75(100.75)]
Gen. 196 (98.00%): Max/Min/Avg Fitness(Raw) [122.15(121.92)/0.00(1.02)/100.21(100.21)]
Gen. 197 (98.50%): Max/Min/Avg Fitness(Raw) [122.16(121.93)/0.00(1.02)/100.22(100.22)]
Gen. 198 (99.00%): Max/Min/Avg Fitness(Raw) [122.22(121.93)/0.00(1.30)/100.28(100.28)]
Gen. 199 (99.50%): Max/Min/Avg Fitness(Raw) [122.20(121.94)/0.00(1.17)/100.13(100.13)]
Gen. 200 (100.00%): Max/Min/Avg Fitness(Raw) [122.19(121.94)/0.00(1.09)/99.93(99.93)]
Total time elapsed: 79348.222 seconds.
GA MSE : 0.013141
Best initial connection wetighs are set on Network
Setting FANN training parameters
Input layer                          :  70 neurons, 1 bias
  Hidden layer                       :  20 neurons, 1 bias
Output layer                         :   1 neurons
Total neurons and biases             :  93
Total connections                    :1441
Connection rate                      :   1.000
Network type                         :   FANN_NETTYPE_LAYER
Training algorithm                   :   FANN_TRAIN_RPROP
Training error function              :   FANN_ERRORFUNC_TANH
Training stop function               :   FANN_STOPFUNC_MSE
Bit fail limit                       :   0.350
Learning rate                        :   0.700
Learning momentum                    :   0.000
Quickprop decay                      :  -0.000100
Quickprop mu                         :   1.750
RPROP increase factor                :   1.001
RPROP decrease factor                :   0.333
RPROP delta min                      :   0.000
RPROP delta max                      :  50.000
Cascade output change fraction       :   0.010000
Cascade candidate change fraction    :   0.010000
Cascade output stagnation epochs     :  12
Cascade candidate stagnation epochs  :  12
Cascade max output epochs            : 150
Cascade max candidate epochs         : 150
Cascade weight multiplier            :   0.400
Cascade candidate limit              :1000.000
Cascade activation functions[0]      :   FANN_SIGMOID
Cascade activation functions[1]      :   FANN_SIGMOID_SYMMETRIC
Cascade activation functions[2]      :   FANN_GAUSSIAN
Cascade activation functions[3]      :   FANN_GAUSSIAN_SYMMETRIC
Cascade activation functions[4]      :   FANN_ELLIOT
Cascade activation functions[5]      :   FANN_ELLIOT_SYMMETRIC
Cascade activation functions[6]      :   FANN_SIN_SYMMETRIC
Cascade activation functions[7]      :   FANN_COS_SYMMETRIC
Cascade activation functions[8]      :   FANN_SIN
Cascade activation functions[9]      :   FANN_COS
Cascade activation steepnesses[0]    :   0.250
Cascade activation steepnesses[1]    :   0.500
Cascade activation steepnesses[2]    :   0.750
Cascade activation steepnesses[3]    :   1.000
Cascade candidate groups             :   2
Cascade no. of candidates            :  80
Start training network with 2-algorithm in FANN
Max epochs     8000. Desired error: 0.0010000000.
Epochs            1. Current error: 0.0082004340. Bit fail 143.
Epochs          100. Current error: 0.0087488713. Bit fail 164.
Epochs          200. Current error: 0.0089498041. Bit fail 175.
Epochs          300. Current error: 0.0085715977. Bit fail 171.
Epochs          400. Current error: 0.0084087159. Bit fail 160.
Epochs          500. Current error: 0.0082667395. Bit fail 159.
Epochs          600. Current error: 0.0081854258. Bit fail 159.
Epochs          700. Current error: 0.0080862092. Bit fail 162.
Epochs          800. Current error: 0.0079712309. Bit fail 159.
Epochs          900. Current error: 0.0078342604. Bit fail 158.
Epochs         1000. Current error: 0.0077243722. Bit fail 154.
Epochs         1100. Current error: 0.0076589976. Bit fail 149.
Epochs         1200. Current error: 0.0076001841. Bit fail 147.
Epochs         1300. Current error: 0.0075476104. Bit fail 149.
Epochs         1400. Current error: 0.0074915984. Bit fail 150.
Epochs         1500. Current error: 0.0074464367. Bit fail 147.
Epochs         1600. Current error: 0.0073940805. Bit fail 145.
Epochs         1700. Current error: 0.0073382840. Bit fail 144.
Epochs         1800. Current error: 0.0072893281. Bit fail 145.
Epochs         1900. Current error: 0.0072298911. Bit fail 147.
Epochs         2000. Current error: 0.0071738674. Bit fail 145.
Epochs         2100. Current error: 0.0071281749. Bit fail 143.
Epochs         2200. Current error: 0.0070833466. Bit fail 142.
Epochs         2300. Current error: 0.0070353071. Bit fail 142.
Epochs         2400. Current error: 0.0069836960. Bit fail 142.
Epochs         2500. Current error: 0.0069004716. Bit fail 142.
Epochs         2600. Current error: 0.0068156426. Bit fail 140.
Epochs         2700. Current error: 0.0067191934. Bit fail 136.
Epochs         2800. Current error: 0.0066281934. Bit fail 135.
Epochs         2900. Current error: 0.0065619159. Bit fail 132.
Epochs         3000. Current error: 0.0064724996. Bit fail 128.
Epochs         3100. Current error: 0.0064116893. Bit fail 122.
Epochs         3200. Current error: 0.0063692047. Bit fail 122.
Epochs         3300. Current error: 0.0063374955. Bit fail 122.
Epochs         3400. Current error: 0.0063032666. Bit fail 121.
Epochs         3500. Current error: 0.0062569133. Bit fail 121.
Epochs         3600. Current error: 0.0061963052. Bit fail 120.
Epochs         3700. Current error: 0.0061414288. Bit fail 120.
Epochs         3800. Current error: 0.0061063450. Bit fail 119.
Epochs         3900. Current error: 0.0060614021. Bit fail 119.
Epochs         4000. Current error: 0.0060231662. Bit fail 116.
Epochs         4100. Current error: 0.0059960829. Bit fail 115.
Epochs         4200. Current error: 0.0059699351. Bit fail 116.
Epochs         4300. Current error: 0.0059392103. Bit fail 115.
Epochs         4400. Current error: 0.0059086876. Bit fail 114.
Epochs         4500. Current error: 0.0058900197. Bit fail 114.
Epochs         4600. Current error: 0.0058726822. Bit fail 112.
Epochs         4700. Current error: 0.0058280788. Bit fail 112.
Epochs         4800. Current error: 0.0058037639. Bit fail 111.
Epochs         4900. Current error: 0.0057823635. Bit fail 111.
Epochs         5000. Current error: 0.0057623992. Bit fail 111.
Epochs         5100. Current error: 0.0057383562. Bit fail 111.
Epochs         5200. Current error: 0.0057207039. Bit fail 112.
Epochs         5300. Current error: 0.0057073366. Bit fail 111.
Epochs         5400. Current error: 0.0056884461. Bit fail 110.
Epochs         5500. Current error: 0.0056784251. Bit fail 110.
Epochs         5600. Current error: 0.0056628175. Bit fail 110.
Epochs         5700. Current error: 0.0056491336. Bit fail 108.
Epochs         5800. Current error: 0.0056318459. Bit fail 108.
Epochs         5900. Current error: 0.0056224158. Bit fail 107.
Epochs         6000. Current error: 0.0056138323. Bit fail 106.
Epochs         6100. Current error: 0.0055991402. Bit fail 106.
Epochs         6200. Current error: 0.0055882148. Bit fail 106.
Epochs         6300. Current error: 0.0055713048. Bit fail 107.
Epochs         6400. Current error: 0.0055515207. Bit fail 108.
Epochs         6500. Current error: 0.0055309753. Bit fail 106.
Epochs         6600. Current error: 0.0055028647. Bit fail 106.
Epochs         6700. Current error: 0.0054794909. Bit fail 104.
Epochs         6800. Current error: 0.0054622255. Bit fail 104.
Epochs         6900. Current error: 0.0054412424. Bit fail 103.
Epochs         7000. Current error: 0.0054182871. Bit fail 104.
Epochs         7100. Current error: 0.0053909197. Bit fail 103.
Epochs         7200. Current error: 0.0053844606. Bit fail 102.
Epochs         7300. Current error: 0.0053730612. Bit fail 101.
Epochs         7400. Current error: 0.0053615556. Bit fail 99.
Epochs         7500. Current error: 0.0053521125. Bit fail 99.
Epochs         7600. Current error: 0.0053397673. Bit fail 99.
Epochs         7700. Current error: 0.0053365137. Bit fail 99.
Epochs         7800. Current error: 0.0053266641. Bit fail 100.
Epochs         7900. Current error: 0.0053165001. Bit fail 99.
Epochs         8000. Current error: 0.0053041754. Bit fail 99.
Time elpased for FANN training: 878.838549 seconds
Trained Network by GA+FANN is saved in 
./ALL_S6_959126400_hveto_channels_signif_dt_set_5_training_n70n20n1_c10_mr04_p5000_g200_rmin-25_rmax25_gsigma1_y1001_z03333_f05g09_m8000.net.
Total Running Time: 80227.485693 seconds
