Creating network.
The layer structure is following:
[70, 35, 1]
Setting newtork parameters
Getting training data : ALL_S6_959126400_hveto_channels_signif_dt_set_8_training.pat
Setting GA training parameters
Start running GA
Gen. 0 (0.00%): Max/Min/Avg Fitness(Raw) [25.25(64.31)/19.09(1.02)/21.04(21.04)]
Gen. 1 (0.33%): Max/Min/Avg Fitness(Raw) [67.73(67.54)/0.00(1.05)/57.07(57.07)]
Gen. 2 (0.67%): Max/Min/Avg Fitness(Raw) [71.64(71.39)/0.00(1.02)/57.66(57.66)]
Gen. 3 (1.00%): Max/Min/Avg Fitness(Raw) [74.27(74.05)/0.00(1.02)/60.92(60.92)]
Gen. 4 (1.33%): Max/Min/Avg Fitness(Raw) [76.72(76.46)/0.00(1.02)/61.34(61.34)]
Gen. 5 (1.67%): Max/Min/Avg Fitness(Raw) [79.30(78.94)/0.00(1.02)/58.35(58.35)]
Gen. 6 (2.00%): Max/Min/Avg Fitness(Raw) [80.92(80.59)/0.00(1.02)/61.15(61.15)]
Gen. 7 (2.33%): Max/Min/Avg Fitness(Raw) [81.96(81.63)/0.00(1.02)/61.88(61.88)]
Gen. 8 (2.67%): Max/Min/Avg Fitness(Raw) [83.05(82.73)/0.00(1.02)/63.08(63.08)]
Gen. 9 (3.00%): Max/Min/Avg Fitness(Raw) [85.16(84.77)/0.00(1.02)/61.48(61.48)]
Gen. 10 (3.33%): Max/Min/Avg Fitness(Raw) [86.56(86.23)/0.00(1.02)/65.56(65.56)]
Gen. 11 (3.67%): Max/Min/Avg Fitness(Raw) [87.01(86.65)/0.00(1.02)/64.59(64.59)]
Gen. 12 (4.00%): Max/Min/Avg Fitness(Raw) [76.60(89.70)/32.83(1.02)/63.83(63.83)]
Gen. 13 (4.33%): Max/Min/Avg Fitness(Raw) [92.69(92.29)/0.00(1.02)/66.52(66.52)]
Gen. 14 (4.67%): Max/Min/Avg Fitness(Raw) [94.68(94.30)/0.00(1.02)/68.71(68.71)]
Gen. 15 (5.00%): Max/Min/Avg Fitness(Raw) [95.03(94.68)/0.00(1.02)/70.90(70.90)]
Gen. 16 (5.33%): Max/Min/Avg Fitness(Raw) [95.60(95.19)/0.00(1.02)/68.04(68.04)]
Gen. 17 (5.67%): Max/Min/Avg Fitness(Raw) [81.41(96.09)/35.74(1.02)/67.84(67.84)]
Gen. 18 (6.00%): Max/Min/Avg Fitness(Raw) [82.42(96.85)/35.68(1.02)/68.68(68.68)]
Gen. 19 (6.33%): Max/Min/Avg Fitness(Raw) [82.79(97.04)/35.55(1.02)/68.99(68.99)]
Gen. 20 (6.67%): Max/Min/Avg Fitness(Raw) [82.62(97.04)/35.72(1.02)/68.85(68.85)]
Gen. 21 (7.00%): Max/Min/Avg Fitness(Raw) [82.95(97.11)/35.49(1.02)/69.12(69.12)]
Gen. 22 (7.33%): Max/Min/Avg Fitness(Raw) [81.72(97.11)/36.61(1.02)/68.10(68.10)]
Gen. 23 (7.67%): Max/Min/Avg Fitness(Raw) [81.45(97.11)/36.84(1.02)/67.87(67.87)]
Gen. 24 (8.00%): Max/Min/Avg Fitness(Raw) [81.50(97.22)/36.91(1.02)/67.92(67.92)]
Gen. 25 (8.33%): Max/Min/Avg Fitness(Raw) [81.55(97.22)/36.87(1.02)/67.96(67.96)]
Gen. 26 (8.67%): Max/Min/Avg Fitness(Raw) [82.24(97.22)/36.28(1.02)/68.53(68.53)]
Gen. 27 (9.00%): Max/Min/Avg Fitness(Raw) [81.76(97.99)/37.50(1.02)/68.13(68.13)]
Gen. 28 (9.33%): Max/Min/Avg Fitness(Raw) [81.41(98.46)/38.23(1.02)/67.84(67.84)]
Gen. 29 (9.67%): Max/Min/Avg Fitness(Raw) [82.96(99.36)/37.97(1.02)/69.14(69.14)]
Gen. 30 (10.00%): Max/Min/Avg Fitness(Raw) [81.26(99.36)/39.17(1.02)/67.72(67.72)]
Gen. 31 (10.33%): Max/Min/Avg Fitness(Raw) [81.49(99.36)/39.02(1.02)/67.91(67.91)]
Gen. 32 (10.67%): Max/Min/Avg Fitness(Raw) [81.24(99.36)/39.18(1.02)/67.70(67.70)]
Gen. 33 (11.00%): Max/Min/Avg Fitness(Raw) [81.73(100.35)/39.76(1.02)/68.11(68.11)]
Gen. 34 (11.33%): Max/Min/Avg Fitness(Raw) [82.13(100.35)/39.52(1.02)/68.44(68.44)]
Gen. 35 (11.67%): Max/Min/Avg Fitness(Raw) [82.40(100.35)/39.34(1.02)/68.67(68.67)]
Gen. 36 (12.00%): Max/Min/Avg Fitness(Raw) [81.90(100.35)/39.66(1.02)/68.25(68.25)]
Gen. 37 (12.33%): Max/Min/Avg Fitness(Raw) [82.49(100.63)/39.55(1.02)/68.74(68.74)]
Gen. 38 (12.67%): Max/Min/Avg Fitness(Raw) [82.76(100.68)/39.42(1.02)/68.96(68.96)]
Gen. 39 (13.00%): Max/Min/Avg Fitness(Raw) [82.26(101.67)/40.60(1.02)/68.55(68.55)]
Gen. 40 (13.33%): Max/Min/Avg Fitness(Raw) [82.13(101.67)/40.67(1.02)/68.44(68.44)]
Gen. 41 (13.67%): Max/Min/Avg Fitness(Raw) [82.23(101.67)/40.61(1.02)/68.53(68.53)]
Gen. 42 (14.00%): Max/Min/Avg Fitness(Raw) [81.84(101.81)/40.94(1.02)/68.20(68.20)]
Gen. 43 (14.33%): Max/Min/Avg Fitness(Raw) [84.62(102.17)/39.55(1.02)/70.51(70.51)]
Gen. 44 (14.67%): Max/Min/Avg Fitness(Raw) [84.31(102.17)/39.77(1.02)/70.26(70.26)]
Gen. 45 (15.00%): Max/Min/Avg Fitness(Raw) [84.26(102.17)/39.80(1.02)/70.22(70.22)]
Gen. 46 (15.33%): Max/Min/Avg Fitness(Raw) [84.81(102.17)/39.42(1.02)/70.67(70.67)]
Gen. 47 (15.67%): Max/Min/Avg Fitness(Raw) [84.97(102.17)/39.29(1.02)/70.81(70.81)]
Gen. 48 (16.00%): Max/Min/Avg Fitness(Raw) [84.41(102.17)/39.70(1.02)/70.34(70.34)]
Gen. 49 (16.33%): Max/Min/Avg Fitness(Raw) [84.74(102.17)/39.46(1.02)/70.62(70.62)]
Gen. 50 (16.67%): Max/Min/Avg Fitness(Raw) [85.35(102.17)/39.00(1.02)/71.12(71.12)]
Gen. 51 (17.00%): Max/Min/Avg Fitness(Raw) [84.79(102.27)/39.52(1.02)/70.66(70.66)]
Gen. 52 (17.33%): Max/Min/Avg Fitness(Raw) [85.11(102.66)/39.68(1.02)/70.93(70.93)]
Gen. 53 (17.67%): Max/Min/Avg Fitness(Raw) [85.13(102.66)/39.67(1.02)/70.94(70.94)]
Gen. 54 (18.00%): Max/Min/Avg Fitness(Raw) [85.70(102.66)/39.24(1.02)/71.42(71.42)]
Gen. 55 (18.33%): Max/Min/Avg Fitness(Raw) [85.35(103.10)/39.94(1.02)/71.12(71.12)]
Gen. 56 (18.67%): Max/Min/Avg Fitness(Raw) [86.87(103.10)/38.74(1.02)/72.39(72.39)]
Gen. 57 (19.00%): Max/Min/Avg Fitness(Raw) [87.16(103.43)/38.86(1.02)/72.63(72.63)]
Gen. 58 (19.33%): Max/Min/Avg Fitness(Raw) [85.37(103.43)/40.25(1.02)/71.14(71.14)]
Gen. 59 (19.67%): Max/Min/Avg Fitness(Raw) [85.29(103.43)/40.30(1.02)/71.08(71.08)]
Gen. 60 (20.00%): Max/Min/Avg Fitness(Raw) [84.83(103.43)/40.61(1.02)/70.69(70.69)]
Gen. 61 (20.33%): Max/Min/Avg Fitness(Raw) [84.60(103.43)/40.75(1.02)/70.50(70.50)]
Gen. 62 (20.67%): Max/Min/Avg Fitness(Raw) [85.31(103.43)/40.29(1.02)/71.09(71.09)]
Gen. 63 (21.00%): Max/Min/Avg Fitness(Raw) [84.75(103.43)/40.66(1.02)/70.62(70.62)]
Gen. 64 (21.33%): Max/Min/Avg Fitness(Raw) [85.79(103.43)/39.95(1.02)/71.49(71.49)]
Gen. 65 (21.67%): Max/Min/Avg Fitness(Raw) [85.12(103.43)/40.42(1.02)/70.93(70.93)]
Gen. 66 (22.00%): Max/Min/Avg Fitness(Raw) [85.40(103.43)/40.22(1.02)/71.17(71.17)]
Gen. 67 (22.33%): Max/Min/Avg Fitness(Raw) [85.28(103.43)/40.31(1.02)/71.07(71.07)]
Gen. 68 (22.67%): Max/Min/Avg Fitness(Raw) [85.07(103.43)/40.45(1.02)/70.89(70.89)]
Gen. 69 (23.00%): Max/Min/Avg Fitness(Raw) [85.59(103.43)/40.09(1.02)/71.32(71.32)]
Gen. 70 (23.33%): Max/Min/Avg Fitness(Raw) [84.39(103.57)/41.01(1.02)/70.33(70.33)]
Gen. 71 (23.67%): Max/Min/Avg Fitness(Raw) [85.37(103.66)/40.45(1.02)/71.15(71.15)]
Gen. 72 (24.00%): Max/Min/Avg Fitness(Raw) [86.36(103.66)/39.74(1.02)/71.97(71.97)]
Gen. 73 (24.33%): Max/Min/Avg Fitness(Raw) [86.58(103.66)/39.57(1.02)/72.15(72.15)]
Gen. 74 (24.67%): Max/Min/Avg Fitness(Raw) [86.22(103.66)/39.85(1.02)/71.85(71.85)]
Gen. 75 (25.00%): Max/Min/Avg Fitness(Raw) [87.06(103.85)/39.39(1.02)/72.55(72.55)]
Gen. 76 (25.33%): Max/Min/Avg Fitness(Raw) [87.96(104.49)/39.33(1.02)/73.30(73.30)]
Gen. 77 (25.67%): Max/Min/Avg Fitness(Raw) [85.74(104.52)/41.02(1.02)/71.45(71.45)]
Gen. 78 (26.00%): Max/Min/Avg Fitness(Raw) [86.69(104.52)/40.36(1.02)/72.24(72.24)]
Gen. 79 (26.33%): Max/Min/Avg Fitness(Raw) [86.11(104.57)/40.81(1.02)/71.76(71.76)]
Gen. 80 (26.67%): Max/Min/Avg Fitness(Raw) [86.47(104.67)/40.67(1.02)/72.06(72.06)]
Gen. 81 (27.00%): Max/Min/Avg Fitness(Raw) [87.10(105.50)/41.02(1.02)/72.58(72.58)]
Gen. 82 (27.33%): Max/Min/Avg Fitness(Raw) [88.30(106.03)/40.67(1.02)/73.58(73.58)]
Gen. 83 (27.67%): Max/Min/Avg Fitness(Raw) [88.71(106.03)/40.35(1.02)/73.92(73.92)]
Gen. 84 (28.00%): Max/Min/Avg Fitness(Raw) [89.28(106.27)/40.14(1.02)/74.40(74.40)]
Gen. 85 (28.33%): Max/Min/Avg Fitness(Raw) [88.21(106.27)/40.98(1.02)/73.51(73.51)]
Gen. 86 (28.67%): Max/Min/Avg Fitness(Raw) [89.07(106.27)/40.32(1.02)/74.22(74.22)]
Gen. 87 (29.00%): Max/Min/Avg Fitness(Raw) [88.82(106.27)/40.51(1.02)/74.02(74.02)]
Gen. 88 (29.33%): Max/Min/Avg Fitness(Raw) [88.51(106.27)/40.76(1.02)/73.76(73.76)]
Gen. 89 (29.67%): Max/Min/Avg Fitness(Raw) [88.05(106.27)/41.10(1.02)/73.38(73.38)]
Gen. 90 (30.00%): Max/Min/Avg Fitness(Raw) [88.61(106.27)/40.68(1.02)/73.84(73.84)]
Gen. 91 (30.33%): Max/Min/Avg Fitness(Raw) [88.82(106.96)/41.22(1.02)/74.01(74.01)]
Gen. 92 (30.67%): Max/Min/Avg Fitness(Raw) [88.76(106.96)/41.26(1.02)/73.97(73.97)]
Gen. 93 (31.00%): Max/Min/Avg Fitness(Raw) [88.44(106.96)/41.49(1.02)/73.70(73.70)]
Gen. 94 (31.33%): Max/Min/Avg Fitness(Raw) [88.98(107.24)/41.37(1.02)/74.15(74.15)]
Gen. 95 (31.67%): Max/Min/Avg Fitness(Raw) [88.67(107.24)/41.59(1.02)/73.89(73.89)]
Gen. 96 (32.00%): Max/Min/Avg Fitness(Raw) [88.92(107.24)/41.42(1.02)/74.10(74.10)]
Gen. 97 (32.33%): Max/Min/Avg Fitness(Raw) [89.26(107.24)/41.16(1.02)/74.38(74.38)]
Gen. 98 (32.67%): Max/Min/Avg Fitness(Raw) [89.21(107.24)/41.20(1.02)/74.34(74.34)]
Gen. 99 (33.00%): Max/Min/Avg Fitness(Raw) [87.93(107.24)/42.10(1.02)/73.28(73.28)]
Gen. 100 (33.33%): Max/Min/Avg Fitness(Raw) [89.03(107.24)/41.34(1.02)/74.19(74.19)]
Gen. 101 (33.67%): Max/Min/Avg Fitness(Raw) [86.96(107.94)/43.28(1.02)/72.47(72.47)]
Gen. 102 (34.00%): Max/Min/Avg Fitness(Raw) [90.35(108.71)/41.82(1.02)/75.29(75.29)]
Gen. 103 (34.33%): Max/Min/Avg Fitness(Raw) [90.08(108.79)/42.09(1.02)/75.07(75.07)]
Gen. 104 (34.67%): Max/Min/Avg Fitness(Raw) [87.78(108.79)/43.54(1.02)/73.15(73.15)]
Gen. 105 (35.00%): Max/Min/Avg Fitness(Raw) [87.50(108.79)/43.69(1.02)/72.92(72.92)]
Gen. 106 (35.33%): Max/Min/Avg Fitness(Raw) [88.12(108.79)/43.35(1.02)/73.43(73.43)]
Gen. 107 (35.67%): Max/Min/Avg Fitness(Raw) [87.97(108.79)/43.43(1.02)/73.31(73.31)]
Gen. 108 (36.00%): Max/Min/Avg Fitness(Raw) [88.04(108.90)/43.49(1.02)/73.36(73.36)]
Gen. 109 (36.33%): Max/Min/Avg Fitness(Raw) [91.86(109.15)/41.09(1.02)/76.55(76.55)]
Gen. 110 (36.67%): Max/Min/Avg Fitness(Raw) [92.95(109.15)/40.10(1.02)/77.46(77.46)]
Gen. 111 (37.00%): Max/Min/Avg Fitness(Raw) [92.53(109.15)/40.49(1.02)/77.11(77.11)]
Gen. 112 (37.33%): Max/Min/Avg Fitness(Raw) [92.54(109.15)/40.48(1.02)/77.12(77.12)]
Gen. 113 (37.67%): Max/Min/Avg Fitness(Raw) [109.58(109.15)/0.00(1.02)/77.49(77.49)]
Gen. 114 (38.00%): Max/Min/Avg Fitness(Raw) [92.87(109.15)/40.17(1.02)/77.40(77.40)]
Gen. 115 (38.33%): Max/Min/Avg Fitness(Raw) [92.90(109.36)/40.39(1.02)/77.42(77.42)]
Gen. 116 (38.67%): Max/Min/Avg Fitness(Raw) [92.26(109.47)/41.10(1.02)/76.88(76.88)]
Gen. 117 (39.00%): Max/Min/Avg Fitness(Raw) [92.37(110.44)/42.03(1.02)/76.97(76.97)]
Gen. 118 (39.33%): Max/Min/Avg Fitness(Raw) [91.28(110.44)/42.85(1.02)/76.06(76.06)]
Gen. 119 (39.67%): Max/Min/Avg Fitness(Raw) [91.73(110.44)/42.53(1.02)/76.44(76.44)]
Gen. 120 (40.00%): Max/Min/Avg Fitness(Raw) [91.70(110.44)/42.55(1.02)/76.41(76.41)]
Gen. 121 (40.33%): Max/Min/Avg Fitness(Raw) [92.34(110.44)/42.06(1.02)/76.95(76.95)]
Gen. 122 (40.67%): Max/Min/Avg Fitness(Raw) [91.83(110.48)/42.49(1.02)/76.52(76.52)]
Gen. 123 (41.00%): Max/Min/Avg Fitness(Raw) [91.51(110.48)/42.73(1.02)/76.26(76.26)]
Gen. 124 (41.33%): Max/Min/Avg Fitness(Raw) [92.28(110.48)/42.14(1.02)/76.90(76.90)]
Gen. 125 (41.67%): Max/Min/Avg Fitness(Raw) [91.97(110.48)/42.39(1.02)/76.64(76.64)]
Gen. 126 (42.00%): Max/Min/Avg Fitness(Raw) [91.85(110.48)/42.48(1.02)/76.54(76.54)]
Gen. 127 (42.33%): Max/Min/Avg Fitness(Raw) [91.29(110.48)/42.88(1.02)/76.08(76.08)]
Gen. 128 (42.67%): Max/Min/Avg Fitness(Raw) [90.99(110.74)/43.34(1.02)/75.83(75.83)]
Gen. 129 (43.00%): Max/Min/Avg Fitness(Raw) [92.04(110.74)/42.60(1.02)/76.70(76.70)]
Gen. 130 (43.33%): Max/Min/Avg Fitness(Raw) [92.58(110.74)/42.18(1.02)/77.15(77.15)]
Gen. 131 (43.67%): Max/Min/Avg Fitness(Raw) [91.74(111.09)/43.16(1.02)/76.45(76.45)]
Gen. 132 (44.00%): Max/Min/Avg Fitness(Raw) [92.01(111.35)/43.22(1.02)/76.68(76.68)]
Gen. 133 (44.33%): Max/Min/Avg Fitness(Raw) [93.15(112.02)/43.05(1.02)/77.62(77.62)]
Gen. 134 (44.67%): Max/Min/Avg Fitness(Raw) [93.38(112.22)/43.08(1.02)/77.82(77.82)]
Gen. 135 (45.00%): Max/Min/Avg Fitness(Raw) [92.52(112.22)/43.70(1.02)/77.10(77.10)]
Gen. 136 (45.33%): Max/Min/Avg Fitness(Raw) [91.89(112.22)/44.12(1.02)/76.57(76.57)]
Gen. 137 (45.67%): Max/Min/Avg Fitness(Raw) [92.24(112.22)/43.89(1.02)/76.87(76.87)]
Gen. 138 (46.00%): Max/Min/Avg Fitness(Raw) [91.67(112.22)/44.25(1.02)/76.39(76.39)]
Gen. 139 (46.33%): Max/Min/Avg Fitness(Raw) [91.83(112.38)/44.30(1.02)/76.52(76.52)]
Gen. 140 (46.67%): Max/Min/Avg Fitness(Raw) [93.14(112.38)/43.41(1.02)/77.62(77.62)]
Gen. 141 (47.00%): Max/Min/Avg Fitness(Raw) [93.06(112.38)/43.47(1.02)/77.55(77.55)]
Gen. 142 (47.33%): Max/Min/Avg Fitness(Raw) [93.72(112.39)/42.99(1.02)/78.10(78.10)]
Gen. 143 (47.67%): Max/Min/Avg Fitness(Raw) [94.75(112.83)/42.62(1.02)/78.96(78.96)]
Gen. 144 (48.00%): Max/Min/Avg Fitness(Raw) [93.29(112.88)/43.80(1.02)/77.74(77.74)]
Gen. 145 (48.33%): Max/Min/Avg Fitness(Raw) [93.13(113.10)/44.12(1.02)/77.61(77.61)]
Gen. 146 (48.67%): Max/Min/Avg Fitness(Raw) [92.94(113.43)/44.55(1.02)/77.45(77.45)]
Gen. 147 (49.00%): Max/Min/Avg Fitness(Raw) [93.55(113.43)/44.15(1.02)/77.96(77.96)]
Gen. 148 (49.33%): Max/Min/Avg Fitness(Raw) [93.10(113.51)/44.51(1.02)/77.58(77.58)]
Gen. 149 (49.67%): Max/Min/Avg Fitness(Raw) [93.21(113.51)/44.44(1.02)/77.67(77.67)]
Gen. 150 (50.00%): Max/Min/Avg Fitness(Raw) [93.10(113.51)/44.51(1.02)/77.58(77.58)]
Gen. 151 (50.33%): Max/Min/Avg Fitness(Raw) [93.14(113.51)/44.49(1.02)/77.62(77.62)]
Gen. 152 (50.67%): Max/Min/Avg Fitness(Raw) [92.70(113.51)/44.77(1.02)/77.25(77.25)]
Gen. 153 (51.00%): Max/Min/Avg Fitness(Raw) [93.58(113.60)/44.28(1.02)/77.98(77.98)]
Gen. 154 (51.33%): Max/Min/Avg Fitness(Raw) [94.61(113.75)/43.69(1.02)/78.84(78.84)]
Gen. 155 (51.67%): Max/Min/Avg Fitness(Raw) [93.08(113.81)/44.81(1.02)/77.56(77.56)]
Gen. 156 (52.00%): Max/Min/Avg Fitness(Raw) [92.58(113.96)/45.24(1.02)/77.15(77.15)]
Gen. 157 (52.33%): Max/Min/Avg Fitness(Raw) [93.49(113.96)/44.67(1.02)/77.91(77.91)]
Gen. 158 (52.67%): Max/Min/Avg Fitness(Raw) [94.51(113.96)/43.97(1.02)/78.75(78.75)]
Gen. 159 (53.00%): Max/Min/Avg Fitness(Raw) [94.23(113.99)/44.21(1.02)/78.53(78.53)]
Gen. 160 (53.33%): Max/Min/Avg Fitness(Raw) [93.17(113.99)/44.91(1.02)/77.64(77.64)]
Gen. 161 (53.67%): Max/Min/Avg Fitness(Raw) [93.05(113.99)/44.99(1.02)/77.54(77.54)]
Gen. 162 (54.00%): Max/Min/Avg Fitness(Raw) [93.93(113.99)/44.42(1.02)/78.27(78.27)]
Gen. 163 (54.33%): Max/Min/Avg Fitness(Raw) [94.08(113.99)/44.31(1.02)/78.40(78.40)]
Gen. 164 (54.67%): Max/Min/Avg Fitness(Raw) [94.45(113.99)/44.05(1.02)/78.70(78.70)]
Gen. 165 (55.00%): Max/Min/Avg Fitness(Raw) [93.62(113.99)/44.62(1.02)/78.02(78.02)]
Gen. 166 (55.33%): Max/Min/Avg Fitness(Raw) [93.39(113.99)/44.77(1.02)/77.83(77.83)]
Gen. 167 (55.67%): Max/Min/Avg Fitness(Raw) [94.08(114.14)/44.45(1.02)/78.40(78.40)]
Gen. 168 (56.00%): Max/Min/Avg Fitness(Raw) [94.06(114.37)/44.69(1.02)/78.38(78.38)]
Gen. 169 (56.33%): Max/Min/Avg Fitness(Raw) [93.73(114.37)/44.90(1.02)/78.11(78.11)]
Gen. 170 (56.67%): Max/Min/Avg Fitness(Raw) [93.48(114.37)/45.06(1.02)/77.90(77.90)]
Gen. 171 (57.00%): Max/Min/Avg Fitness(Raw) [92.83(114.37)/45.45(1.02)/77.36(77.36)]
Gen. 172 (57.33%): Max/Min/Avg Fitness(Raw) [94.08(114.37)/44.68(1.02)/78.40(78.40)]
Gen. 173 (57.67%): Max/Min/Avg Fitness(Raw) [93.21(114.37)/45.23(1.02)/77.68(77.68)]
Gen. 174 (58.00%): Max/Min/Avg Fitness(Raw) [93.66(114.37)/44.95(1.02)/78.05(78.05)]
Gen. 175 (58.33%): Max/Min/Avg Fitness(Raw) [93.74(114.37)/44.89(1.02)/78.12(78.12)]
Gen. 176 (58.67%): Max/Min/Avg Fitness(Raw) [93.78(114.37)/44.87(1.02)/78.15(78.15)]
Gen. 177 (59.00%): Max/Min/Avg Fitness(Raw) [93.74(114.37)/44.90(1.02)/78.12(78.12)]
Gen. 178 (59.33%): Max/Min/Avg Fitness(Raw) [94.71(114.37)/44.24(1.02)/78.92(78.92)]
Gen. 179 (59.67%): Max/Min/Avg Fitness(Raw) [93.96(114.37)/44.75(1.02)/78.30(78.30)]
Gen. 180 (60.00%): Max/Min/Avg Fitness(Raw) [93.66(114.37)/44.95(1.02)/78.05(78.05)]
Gen. 181 (60.33%): Max/Min/Avg Fitness(Raw) [93.26(114.37)/45.19(1.02)/77.72(77.72)]
Gen. 182 (60.67%): Max/Min/Avg Fitness(Raw) [93.94(114.37)/44.77(1.02)/78.28(78.28)]
Gen. 183 (61.00%): Max/Min/Avg Fitness(Raw) [92.88(114.37)/45.42(1.02)/77.40(77.40)]
Gen. 184 (61.33%): Max/Min/Avg Fitness(Raw) [93.28(114.37)/45.19(1.02)/77.73(77.73)]
Gen. 185 (61.67%): Max/Min/Avg Fitness(Raw) [93.68(114.37)/44.93(1.02)/78.07(78.07)]
Gen. 186 (62.00%): Max/Min/Avg Fitness(Raw) [93.49(114.37)/45.05(1.02)/77.91(77.91)]
Gen. 187 (62.33%): Max/Min/Avg Fitness(Raw) [93.69(114.37)/44.93(1.02)/78.07(78.07)]
Gen. 188 (62.67%): Max/Min/Avg Fitness(Raw) [93.24(114.37)/45.21(1.02)/77.70(77.70)]
Gen. 189 (63.00%): Max/Min/Avg Fitness(Raw) [93.87(114.37)/44.81(1.02)/78.23(78.23)]
Gen. 190 (63.33%): Max/Min/Avg Fitness(Raw) [94.26(114.37)/44.55(1.02)/78.55(78.55)]
Gen. 191 (63.67%): Max/Min/Avg Fitness(Raw) [93.02(114.37)/45.34(1.02)/77.52(77.52)]
Gen. 192 (64.00%): Max/Min/Avg Fitness(Raw) [94.19(114.37)/44.60(1.02)/78.49(78.49)]
Gen. 193 (64.33%): Max/Min/Avg Fitness(Raw) [93.52(114.37)/45.04(1.02)/77.93(77.93)]
Gen. 194 (64.67%): Max/Min/Avg Fitness(Raw) [93.61(114.37)/44.98(1.02)/78.01(78.01)]
Gen. 195 (65.00%): Max/Min/Avg Fitness(Raw) [93.37(114.37)/45.13(1.02)/77.81(77.81)]
Gen. 196 (65.33%): Max/Min/Avg Fitness(Raw) [94.01(114.49)/44.83(1.02)/78.35(78.35)]
Gen. 197 (65.67%): Max/Min/Avg Fitness(Raw) [95.10(114.49)/44.07(1.02)/79.25(79.25)]
Gen. 198 (66.00%): Max/Min/Avg Fitness(Raw) [94.18(114.49)/44.72(1.02)/78.48(78.48)]
Gen. 199 (66.33%): Max/Min/Avg Fitness(Raw) [93.94(114.49)/44.88(1.02)/78.28(78.28)]
Gen. 200 (66.67%): Max/Min/Avg Fitness(Raw) [95.13(114.68)/44.24(1.02)/79.27(79.27)]
Gen. 201 (67.00%): Max/Min/Avg Fitness(Raw) [93.83(114.68)/45.12(1.02)/78.19(78.19)]
Gen. 202 (67.33%): Max/Min/Avg Fitness(Raw) [94.18(114.68)/44.89(1.02)/78.49(78.49)]
Gen. 203 (67.67%): Max/Min/Avg Fitness(Raw) [93.90(114.69)/45.08(1.02)/78.25(78.25)]
Gen. 204 (68.00%): Max/Min/Avg Fitness(Raw) [95.07(114.69)/44.29(1.02)/79.22(79.22)]
Gen. 205 (68.33%): Max/Min/Avg Fitness(Raw) [94.40(114.69)/44.76(1.02)/78.66(78.66)]
Gen. 206 (68.67%): Max/Min/Avg Fitness(Raw) [95.01(114.69)/44.33(1.02)/79.18(79.18)]
Gen. 207 (69.00%): Max/Min/Avg Fitness(Raw) [93.84(114.69)/45.13(1.02)/78.20(78.20)]
Gen. 208 (69.33%): Max/Min/Avg Fitness(Raw) [94.92(114.69)/44.40(1.02)/79.10(79.10)]
Gen. 209 (69.67%): Max/Min/Avg Fitness(Raw) [94.76(114.69)/44.51(1.02)/78.96(78.96)]
Gen. 210 (70.00%): Max/Min/Avg Fitness(Raw) [94.69(114.69)/44.56(1.02)/78.91(78.91)]
Gen. 211 (70.33%): Max/Min/Avg Fitness(Raw) [94.49(114.69)/44.70(1.02)/78.74(78.74)]
Gen. 212 (70.67%): Max/Min/Avg Fitness(Raw) [94.81(114.69)/44.48(1.02)/79.01(79.01)]
Gen. 213 (71.00%): Max/Min/Avg Fitness(Raw) [94.16(114.69)/44.92(1.02)/78.47(78.47)]
Gen. 214 (71.33%): Max/Min/Avg Fitness(Raw) [95.12(114.69)/44.25(1.02)/79.27(79.27)]
Gen. 215 (71.67%): Max/Min/Avg Fitness(Raw) [94.04(114.69)/44.99(1.02)/78.37(78.37)]
Gen. 216 (72.00%): Max/Min/Avg Fitness(Raw) [94.00(114.69)/45.02(1.02)/78.33(78.33)]
Gen. 217 (72.33%): Max/Min/Avg Fitness(Raw) [94.35(114.78)/44.88(1.02)/78.62(78.62)]
Gen. 218 (72.67%):