Creating network.
The layer structure is following:
[70, 20, 1]
Setting newtork parameters
Getting training data : ALL_S6_959126400_hveto_channels_signif_dt_set_1_training.pat
Setting GA training parameters
Start running GA
Gen. 0 (0.00%): Max/Min/Avg Fitness(Raw) [24.78(57.47)/18.45(1.02)/20.65(20.65)]
Gen. 1 (0.50%): Max/Min/Avg Fitness(Raw) [23.62(59.53)/17.84(1.02)/19.68(19.68)]
Gen. 2 (1.00%): Max/Min/Avg Fitness(Raw) [17.27(59.53)/13.54(1.02)/14.39(14.39)]
Gen. 3 (1.50%): Max/Min/Avg Fitness(Raw) [16.92(59.53)/13.29(1.02)/14.10(14.10)]
Gen. 4 (2.00%): Max/Min/Avg Fitness(Raw) [17.27(59.53)/13.54(1.02)/14.39(14.39)]
Gen. 5 (2.50%): Max/Min/Avg Fitness(Raw) [16.95(60.04)/13.32(1.02)/14.13(14.13)]
Gen. 6 (3.00%): Max/Min/Avg Fitness(Raw) [19.14(60.04)/14.87(1.02)/15.95(15.95)]
Gen. 7 (3.50%): Max/Min/Avg Fitness(Raw) [18.93(61.07)/14.75(1.02)/15.78(15.78)]
Gen. 8 (4.00%): Max/Min/Avg Fitness(Raw) [17.79(64.94)/14.01(1.02)/14.82(14.82)]
Gen. 9 (4.50%): Max/Min/Avg Fitness(Raw) [14.59(64.94)/11.65(1.02)/12.16(12.16)]
Gen. 10 (5.00%): Max/Min/Avg Fitness(Raw) [15.95(64.94)/12.66(1.02)/13.30(13.30)]
Gen. 11 (5.50%): Max/Min/Avg Fitness(Raw) [15.36(64.94)/12.22(1.02)/12.80(12.80)]
Gen. 12 (6.00%): Max/Min/Avg Fitness(Raw) [14.74(64.94)/11.76(1.02)/12.29(12.29)]
Gen. 13 (6.50%): Max/Min/Avg Fitness(Raw) [14.60(67.92)/11.68(1.02)/12.16(12.16)]
Gen. 14 (7.00%): Max/Min/Avg Fitness(Raw) [13.66(67.92)/10.97(1.02)/11.39(11.39)]
Gen. 15 (7.50%): Max/Min/Avg Fitness(Raw) [14.28(67.92)/11.44(1.02)/11.90(11.90)]
Gen. 16 (8.00%): Max/Min/Avg Fitness(Raw) [13.40(67.92)/10.77(1.02)/11.17(11.17)]
Gen. 17 (8.50%): Max/Min/Avg Fitness(Raw) [14.68(67.92)/11.74(1.02)/12.23(12.23)]
Gen. 18 (9.00%): Max/Min/Avg Fitness(Raw) [13.55(67.92)/10.88(1.02)/11.29(11.29)]
Gen. 19 (9.50%): Max/Min/Avg Fitness(Raw) [13.78(67.92)/11.06(1.02)/11.48(11.48)]
Gen. 20 (10.00%): Max/Min/Avg Fitness(Raw) [13.37(67.92)/10.74(1.02)/11.14(11.14)]
Gen. 21 (10.50%): Max/Min/Avg Fitness(Raw) [14.43(67.92)/11.55(1.02)/12.03(12.03)]
Gen. 22 (11.00%): Max/Min/Avg Fitness(Raw) [14.17(67.92)/11.35(1.02)/11.81(11.81)]
Gen. 23 (11.50%): Max/Min/Avg Fitness(Raw) [14.05(67.92)/11.27(1.02)/11.71(11.71)]
Gen. 24 (12.00%): Max/Min/Avg Fitness(Raw) [13.42(67.92)/10.79(1.02)/11.19(11.19)]
Gen. 25 (12.50%): Max/Min/Avg Fitness(Raw) [13.27(67.92)/10.66(1.02)/11.05(11.05)]
Gen. 26 (13.00%): Max/Min/Avg Fitness(Raw) [14.02(67.92)/11.24(1.02)/11.69(11.69)]
Gen. 27 (13.50%): Max/Min/Avg Fitness(Raw) [14.83(67.92)/11.85(1.02)/12.36(12.36)]
Gen. 28 (14.00%): Max/Min/Avg Fitness(Raw) [13.28(67.92)/10.68(1.02)/11.07(11.07)]
Gen. 29 (14.50%): Max/Min/Avg Fitness(Raw) [13.94(67.92)/11.18(1.02)/11.62(11.62)]
Gen. 30 (15.00%): Max/Min/Avg Fitness(Raw) [13.56(67.92)/10.89(1.02)/11.30(11.30)]
Gen. 31 (15.50%): Max/Min/Avg Fitness(Raw) [13.68(67.92)/10.98(1.02)/11.40(11.40)]
Gen. 32 (16.00%): Max/Min/Avg Fitness(Raw) [13.50(67.92)/10.84(1.02)/11.25(11.25)]
Gen. 33 (16.50%): Max/Min/Avg Fitness(Raw) [14.17(67.92)/11.36(1.02)/11.81(11.81)]
Gen. 34 (17.00%): Max/Min/Avg Fitness(Raw) [13.72(67.92)/11.01(1.02)/11.43(11.43)]
Gen. 35 (17.50%): Max/Min/Avg Fitness(Raw) [13.89(67.92)/11.14(1.02)/11.57(11.57)]
Gen. 36 (18.00%): Max/Min/Avg Fitness(Raw) [14.46(67.92)/11.58(1.02)/12.05(12.05)]
Gen. 37 (18.50%): Max/Min/Avg Fitness(Raw) [14.04(67.92)/11.26(1.02)/11.70(11.70)]
Gen. 38 (19.00%): Max/Min/Avg Fitness(Raw) [13.83(67.92)/11.10(1.02)/11.53(11.53)]
Gen. 39 (19.50%): Max/Min/Avg Fitness(Raw) [13.76(67.92)/11.04(1.02)/11.46(11.46)]
Gen. 40 (20.00%): Max/Min/Avg Fitness(Raw) [14.17(67.92)/11.36(1.02)/11.81(11.81)]
Gen. 41 (20.50%): Max/Min/Avg Fitness(Raw) [14.06(67.92)/11.27(1.02)/11.72(11.72)]
Gen. 42 (21.00%): Max/Min/Avg Fitness(Raw) [14.09(67.92)/11.29(1.02)/11.74(11.74)]
Gen. 43 (21.50%): Max/Min/Avg Fitness(Raw) [13.75(67.92)/11.04(1.02)/11.46(11.46)]
Gen. 44 (22.00%): Max/Min/Avg Fitness(Raw) [13.22(67.92)/10.63(1.02)/11.02(11.02)]
Gen. 45 (22.50%): Max/Min/Avg Fitness(Raw) [14.24(67.92)/11.41(1.02)/11.87(11.87)]
Gen. 46 (23.00%): Max/Min/Avg Fitness(Raw) [13.62(67.92)/10.94(1.02)/11.35(11.35)]
Gen. 47 (23.50%): Max/Min/Avg Fitness(Raw) [14.03(67.92)/11.25(1.02)/11.69(11.69)]
Gen. 48 (24.00%): Max/Min/Avg Fitness(Raw) [14.26(67.92)/11.43(1.02)/11.89(11.89)]
Gen. 49 (24.50%): Max/Min/Avg Fitness(Raw) [14.35(67.92)/11.49(1.02)/11.96(11.96)]
Gen. 50 (25.00%): Max/Min/Avg Fitness(Raw) [15.00(67.92)/11.99(1.02)/12.50(12.50)]
Gen. 51 (25.50%): Max/Min/Avg Fitness(Raw) [13.40(67.92)/10.76(1.02)/11.16(11.16)]
Gen. 52 (26.00%): Max/Min/Avg Fitness(Raw) [13.94(67.92)/11.18(1.02)/11.62(11.62)]
Gen. 53 (26.50%): Max/Min/Avg Fitness(Raw) [14.47(68.61)/11.59(1.02)/12.06(12.06)]
Gen. 54 (27.00%): Max/Min/Avg Fitness(Raw) [15.00(68.61)/11.99(1.02)/12.50(12.50)]
Gen. 55 (27.50%): Max/Min/Avg Fitness(Raw) [13.59(68.61)/10.92(1.02)/11.33(11.33)]
Gen. 56 (28.00%): Max/Min/Avg Fitness(Raw) [13.20(68.61)/10.62(1.02)/11.00(11.00)]
Gen. 57 (28.50%): Max/Min/Avg Fitness(Raw) [14.04(68.61)/11.26(1.02)/11.70(11.70)]
Gen. 58 (29.00%): Max/Min/Avg Fitness(Raw) [13.76(68.61)/11.04(1.02)/11.46(11.46)]
Gen. 59 (29.50%): Max/Min/Avg Fitness(Raw) [12.74(68.61)/10.26(1.02)/10.61(10.61)]
Gen. 60 (30.00%): Max/Min/Avg Fitness(Raw) [13.63(68.61)/10.95(1.02)/11.36(11.36)]
Gen. 61 (30.50%): Max/Min/Avg Fitness(Raw) [14.29(68.61)/11.45(1.02)/11.91(11.91)]
Gen. 62 (31.00%): Max/Min/Avg Fitness(Raw) [13.43(68.61)/10.80(1.02)/11.19(11.19)]
Gen. 63 (31.50%): Max/Min/Avg Fitness(Raw) [13.86(70.07)/11.13(1.02)/11.55(11.55)]
Gen. 64 (32.00%): Max/Min/Avg Fitness(Raw) [17.66(70.07)/13.99(1.02)/14.72(14.72)]
Gen. 65 (32.50%): Max/Min/Avg Fitness(Raw) [17.91(70.07)/14.17(1.02)/14.92(14.92)]
Gen. 66 (33.00%): Max/Min/Avg Fitness(Raw) [18.46(70.07)/14.58(1.02)/15.39(15.39)]
Gen. 67 (33.50%): Max/Min/Avg Fitness(Raw) [17.63(70.07)/13.96(1.02)/14.69(14.69)]
Gen. 68 (34.00%): Max/Min/Avg Fitness(Raw) [17.16(70.07)/13.62(1.02)/14.30(14.30)]
Gen. 69 (34.50%): Max/Min/Avg Fitness(Raw) [16.35(70.07)/13.02(1.02)/13.63(13.63)]
Gen. 70 (35.00%): Max/Min/Avg Fitness(Raw) [17.73(70.07)/14.04(1.02)/14.78(14.78)]
Gen. 71 (35.50%): Max/Min/Avg Fitness(Raw) [17.76(70.07)/14.07(1.02)/14.80(14.80)]
Gen. 72 (36.00%): Max/Min/Avg Fitness(Raw) [18.14(70.07)/14.34(1.02)/15.11(15.11)]
Gen. 73 (36.50%): Max/Min/Avg Fitness(Raw) [16.78(70.07)/13.34(1.02)/13.99(13.99)]
Gen. 74 (37.00%): Max/Min/Avg Fitness(Raw) [17.51(70.07)/13.88(1.02)/14.59(14.59)]
Gen. 75 (37.50%): Max/Min/Avg Fitness(Raw) [17.48(70.07)/13.85(1.02)/14.56(14.56)]
Gen. 76 (38.00%): Max/Min/Avg Fitness(Raw) [17.58(70.07)/13.93(1.02)/14.65(14.65)]
Gen. 77 (38.50%): Max/Min/Avg Fitness(Raw) [17.81(70.07)/14.10(1.02)/14.84(14.84)]
Gen. 78 (39.00%): Max/Min/Avg Fitness(Raw) [17.78(70.07)/14.07(1.02)/14.81(14.81)]
Gen. 79 (39.50%): Max/Min/Avg Fitness(Raw) [18.12(70.07)/14.33(1.02)/15.10(15.10)]
Gen. 80 (40.00%): Max/Min/Avg Fitness(Raw) [17.96(70.07)/14.21(1.02)/14.97(14.97)]
Gen. 81 (40.50%): Max/Min/Avg Fitness(Raw) [16.16(70.07)/12.88(1.02)/13.47(13.47)]
Gen. 82 (41.00%): Max/Min/Avg Fitness(Raw) [17.08(70.07)/13.56(1.02)/14.23(14.23)]
Gen. 83 (41.50%): Max/Min/Avg Fitness(Raw) [16.89(70.07)/13.42(1.02)/14.07(14.07)]
Gen. 84 (42.00%): Max/Min/Avg Fitness(Raw) [16.96(70.07)/13.47(1.02)/14.13(14.13)]
Gen. 85 (42.50%): Max/Min/Avg Fitness(Raw) [17.70(70.07)/14.02(1.02)/14.75(14.75)]
Gen. 86 (43.00%): Max/Min/Avg Fitness(Raw) [17.61(70.07)/13.95(1.02)/14.68(14.68)]
Gen. 87 (43.50%): Max/Min/Avg Fitness(Raw) [16.55(70.07)/13.17(1.02)/13.79(13.79)]
Gen. 88 (44.00%): Max/Min/Avg Fitness(Raw) [17.32(70.07)/13.74(1.02)/14.44(14.44)]
Gen. 89 (44.50%): Max/Min/Avg Fitness(Raw) [17.98(70.07)/14.22(1.02)/14.98(14.98)]
Gen. 90 (45.00%): Max/Min/Avg Fitness(Raw) [17.87(70.07)/14.15(1.02)/14.90(14.90)]
Gen. 91 (45.50%): Max/Min/Avg Fitness(Raw) [17.90(70.07)/14.16(1.02)/14.92(14.92)]
Gen. 92 (46.00%): Max/Min/Avg Fitness(Raw) [17.54(70.07)/13.90(1.02)/14.62(14.62)]
Gen. 93 (46.50%): Max/Min/Avg Fitness(Raw) [17.66(70.07)/13.99(1.02)/14.72(14.72)]
Gen. 94 (47.00%): Max/Min/Avg Fitness(Raw) [17.76(70.07)/14.07(1.02)/14.80(14.80)]
Gen. 95 (47.50%): Max/Min/Avg Fitness(Raw) [17.67(70.07)/14.00(1.02)/14.73(14.73)]
Gen. 96 (48.00%): Max/Min/Avg Fitness(Raw) [17.28(70.07)/13.71(1.02)/14.40(14.40)]
Gen. 97 (48.50%): Max/Min/Avg Fitness(Raw) [17.80(70.07)/14.09(1.02)/14.83(14.83)]
Gen. 98 (49.00%): Max/Min/Avg Fitness(Raw) [16.62(70.07)/13.22(1.02)/13.85(13.85)]
Gen. 99 (49.50%): Max/Min/Avg Fitness(Raw) [17.27(70.07)/13.70(1.02)/14.39(14.39)]
Gen. 100 (50.00%): Max/Min/Avg Fitness(Raw) [17.72(70.07)/14.03(1.02)/14.77(14.77)]
Gen. 101 (50.50%): Max/Min/Avg Fitness(Raw) [17.67(70.07)/13.99(1.02)/14.72(14.72)]
Gen. 102 (51.00%): Max/Min/Avg Fitness(Raw) [17.04(70.07)/13.53(1.02)/14.20(14.20)]
Gen. 103 (51.50%): Max/Min/Avg Fitness(Raw) [17.87(70.07)/14.15(1.02)/14.89(14.89)]
Gen. 104 (52.00%): Max/Min/Avg Fitness(Raw) [17.32(70.07)/13.73(1.02)/14.43(14.43)]
Gen. 105 (52.50%): Max/Min/Avg Fitness(Raw) [18.25(70.07)/14.42(1.02)/15.20(15.20)]
Gen. 106 (53.00%): Max/Min/Avg Fitness(Raw) [17.23(70.07)/13.67(1.02)/14.36(14.36)]
Gen. 107 (53.50%): Max/Min/Avg Fitness(Raw) [17.54(70.07)/13.90(1.02)/14.62(14.62)]
Gen. 108 (54.00%): Max/Min/Avg Fitness(Raw) [17.95(70.07)/14.20(1.02)/14.96(14.96)]
Gen. 109 (54.50%): Max/Min/Avg Fitness(Raw) [17.05(70.07)/13.54(1.02)/14.21(14.21)]
Gen. 110 (55.00%): Max/Min/Avg Fitness(Raw) [17.17(70.07)/13.62(1.02)/14.31(14.31)]
Gen. 111 (55.50%): Max/Min/Avg Fitness(Raw) [18.63(70.07)/14.70(1.02)/15.52(15.52)]
Gen. 112 (56.00%): Max/Min/Avg Fitness(Raw) [17.55(70.07)/13.91(1.02)/14.63(14.63)]
Gen. 113 (56.50%): Max/Min/Avg Fitness(Raw) [17.10(70.07)/13.58(1.02)/14.25(14.25)]
Gen. 114 (57.00%): Max/Min/Avg Fitness(Raw) [17.70(70.07)/14.02(1.02)/14.75(14.75)]
Gen. 115 (57.50%): Max/Min/Avg Fitness(Raw) [17.71(70.07)/14.02(1.02)/14.76(14.76)]
Gen. 116 (58.00%): Max/Min/Avg Fitness(Raw) [17.91(70.45)/14.18(1.02)/14.93(14.93)]
Gen. 117 (58.50%): Max/Min/Avg Fitness(Raw) [22.92(70.45)/17.76(1.02)/19.10(19.10)]
Gen. 118 (59.00%): Max/Min/Avg Fitness(Raw) [21.99(71.80)/17.14(1.02)/18.33(18.33)]
Gen. 119 (59.50%): Max/Min/Avg Fitness(Raw) [15.99(71.80)/12.76(1.02)/13.32(13.32)]
Gen. 120 (60.00%): Max/Min/Avg Fitness(Raw) [16.43(71.80)/13.10(1.02)/13.69(13.69)]
Gen. 121 (60.50%): Max/Min/Avg Fitness(Raw) [16.50(71.80)/13.15(1.02)/13.75(13.75)]
Gen. 122 (61.00%): Max/Min/Avg Fitness(Raw) [16.69(71.80)/13.29(1.02)/13.91(13.91)]
Gen. 123 (61.50%): Max/Min/Avg Fitness(Raw) [16.18(73.10)/12.92(1.02)/13.48(13.48)]
Gen. 124 (62.00%): Max/Min/Avg Fitness(Raw) [21.61(73.10)/16.90(1.02)/18.01(18.01)]
Gen. 125 (62.50%): Max/Min/Avg Fitness(Raw) [22.63(73.10)/17.61(1.02)/18.85(18.85)]
Gen. 126 (63.00%): Max/Min/Avg Fitness(Raw) [22.40(73.10)/17.46(1.02)/18.67(18.67)]
Gen. 127 (63.50%): Max/Min/Avg Fitness(Raw) [21.39(73.10)/16.74(1.02)/17.82(17.82)]
Gen. 128 (64.00%): Max/Min/Avg Fitness(Raw) [22.35(73.10)/17.42(1.02)/18.63(18.63)]
Gen. 129 (64.50%): Max/Min/Avg Fitness(Raw) [22.36(73.10)/17.43(1.02)/18.63(18.63)]
Gen. 130 (65.00%): Max/Min/Avg Fitness(Raw) [21.96(73.10)/17.14(1.02)/18.30(18.30)]
Gen. 131 (65.50%): Max/Min/Avg Fitness(Raw) [23.43(73.10)/18.17(1.02)/19.52(19.52)]
Gen. 132 (66.00%): Max/Min/Avg Fitness(Raw) [21.63(73.10)/16.91(1.02)/18.03(18.03)]
Gen. 133 (66.50%): Max/Min/Avg Fitness(Raw) [21.65(73.10)/16.92(1.02)/18.04(18.04)]
Gen. 134 (67.00%): Max/Min/Avg Fitness(Raw) [21.72(73.10)/16.98(1.02)/18.10(18.10)]
Gen. 135 (67.50%): Max/Min/Avg Fitness(Raw) [22.85(73.10)/17.77(1.02)/19.04(19.04)]
Gen. 136 (68.00%): Max/Min/Avg Fitness(Raw) [22.77(73.10)/17.71(1.02)/18.97(18.97)]
Gen. 137 (68.50%): Max/Min/Avg Fitness(Raw) [21.15(73.10)/16.57(1.02)/17.63(17.63)]
Gen. 138 (69.00%): Max/Min/Avg Fitness(Raw) [21.94(73.10)/17.13(1.02)/18.29(18.29)]
Gen. 139 (69.50%): Max/Min/Avg Fitness(Raw) [22.30(73.10)/17.39(1.02)/18.59(18.59)]
Gen. 140 (70.00%): Max/Min/Avg Fitness(Raw) [22.21(73.10)/17.32(1.02)/18.51(18.51)]
Gen. 141 (70.50%): Max/Min/Avg Fitness(Raw) [23.20(73.10)/18.02(1.02)/19.34(19.34)]
Gen. 142 (71.00%): Max/Min/Avg Fitness(Raw) [22.46(73.10)/17.50(1.02)/18.71(18.71)]
Gen. 143 (71.50%): Max/Min/Avg Fitness(Raw) [21.79(73.10)/17.02(1.02)/18.16(18.16)]
Gen. 144 (72.00%): Max/Min/Avg Fitness(Raw) [22.81(73.10)/17.74(1.02)/19.01(19.01)]
Gen. 145 (72.50%): Max/Min/Avg Fitness(Raw) [21.88(73.10)/17.09(1.02)/18.23(18.23)]
Gen. 146 (73.00%): Max/Min/Avg Fitness(Raw) [22.10(73.10)/17.24(1.02)/18.41(18.41)]
Gen. 147 (73.50%): Max/Min/Avg Fitness(Raw) [22.64(73.10)/17.63(1.02)/18.87(18.87)]
Gen. 148 (74.00%): Max/Min/Avg Fitness(Raw) [22.40(73.10)/17.46(1.02)/18.67(18.67)]
Gen. 149 (74.50%): Max/Min/Avg Fitness(Raw) [23.71(73.10)/18.37(1.02)/19.76(19.76)]
Gen. 150 (75.00%): Max/Min/Avg Fitness(Raw) [22.13(73.10)/17.27(1.02)/18.44(18.44)]
Gen. 151 (75.50%): Max/Min/Avg Fitness(Raw) [21.80(73.10)/17.03(1.02)/18.17(18.17)]
Gen. 152 (76.00%): Max/Min/Avg Fitness(Raw) [21.04(73.10)/16.49(1.02)/17.53(17.53)]
Gen. 153 (76.50%): Max/Min/Avg Fitness(Raw) [21.24(73.10)/16.64(1.02)/17.70(17.70)]
Gen. 154 (77.00%): Max/Min/Avg Fitness(Raw) [21.24(73.10)/16.64(1.02)/17.70(17.70)]
Gen. 155 (77.50%): Max/Min/Avg Fitness(Raw) [21.96(73.10)/17.14(1.02)/18.30(18.30)]
Gen. 156 (78.00%): Max/Min/Avg Fitness(Raw) [22.34(73.10)/17.41(1.02)/18.61(18.61)]
Gen. 157 (78.50%): Max/Min/Avg Fitness(Raw) [20.90(73.10)/16.39(1.02)/17.42(17.42)]
Gen. 158 (79.00%): Max/Min/Avg Fitness(Raw) [22.16(73.10)/17.28(1.02)/18.46(18.46)]
Gen. 159 (79.50%): Max/Min/Avg Fitness(Raw) [21.99(73.10)/17.17(1.02)/18.32(18.32)]
Gen. 160 (80.00%): Max/Min/Avg Fitness(Raw) [22.25(73.10)/17.35(1.02)/18.54(18.54)]
Gen. 161 (80.50%): Max/Min/Avg Fitness(Raw) [21.17(73.10)/16.58(1.02)/17.64(17.64)]
Gen. 162 (81.00%): Max/Min/Avg Fitness(Raw) [22.38(73.10)/17.44(1.02)/18.65(18.65)]
Gen. 163 (81.50%): Max/Min/Avg Fitness(Raw) [22.40(73.10)/17.46(1.02)/18.67(18.67)]
Gen. 164 (82.00%): Max/Min/Avg Fitness(Raw) [23.19(73.10)/18.01(1.02)/19.32(19.32)]
Gen. 165 (82.50%): Max/Min/Avg Fitness(Raw) [22.19(73.10)/17.31(1.02)/18.50(18.50)]
Gen. 166 (83.00%): Max/Min/Avg Fitness(Raw) [21.35(73.10)/16.71(1.02)/17.79(17.79)]
Gen. 167 (83.50%): Max/Min/Avg Fitness(Raw) [22.22(73.10)/17.33(1.02)/18.52(18.52)]
Gen. 168 (84.00%): Max/Min/Avg Fitness(Raw) [22.28(73.10)/17.37(1.02)/18.57(18.57)]
Gen. 169 (84.50%): Max/Min/Avg Fitness(Raw) [21.80(73.10)/17.03(1.02)/18.17(18.17)]
Gen. 170 (85.00%): Max/Min/Avg Fitness(Raw) [21.88(73.10)/17.09(1.02)/18.23(18.23)]
Gen. 171 (85.50%): Max/Min/Avg Fitness(Raw) [21.98(73.10)/17.16(1.02)/18.32(18.32)]
Gen. 172 (86.00%): Max/Min/Avg Fitness(Raw) [22.58(73.10)/17.58(1.02)/18.82(18.82)]
Gen. 173 (86.50%): Max/Min/Avg Fitness(Raw) [22.12(73.10)/17.26(1.02)/18.43(18.43)]
Gen. 174 (87.00%): Max/Min/Avg Fitness(Raw) [22.76(73.10)/17.71(1.02)/18.97(18.97)]
Gen. 175 (87.50%): Max/Min/Avg Fitness(Raw) [21.71(73.10)/16.97(1.02)/18.09(18.09)]
Gen. 176 (88.00%): Max/Min/Avg Fitness(Raw) [22.20(73.10)/17.32(1.02)/18.50(18.50)]
Gen. 177 (88.50%): Max/Min/Avg Fitness(Raw) [23.19(73.10)/18.01(1.02)/19.32(19.32)]
Gen. 178 (89.00%): Max/Min/Avg Fitness(Raw) [21.23(73.10)/16.63(1.02)/17.69(17.69)]
Gen. 179 (89.50%): Max/Min/Avg Fitness(Raw) [22.00(73.10)/17.17(1.02)/18.33(18.33)]
Gen. 180 (90.00%): Max/Min/Avg Fitness(Raw) [21.43(73.10)/16.77(1.02)/17.86(17.86)]
Gen. 181 (90.50%):