Creating network.
The layer structure is following:
[70, 35, 1]
Setting newtork parameters
Getting training data : ALL_S6_959126400_hveto_channels_signif_dt_set_3_training.pat
Setting GA training parameters
Start running GA
Gen. 0 (0.00%): Max/Min/Avg Fitness(Raw) [24.87(60.41)/18.67(1.02)/20.72(20.72)]
Gen. 1 (0.33%): Max/Min/Avg Fitness(Raw) [65.44(65.17)/0.00(1.09)/52.77(52.77)]
Gen. 2 (0.67%): Max/Min/Avg Fitness(Raw) [69.44(69.28)/0.00(1.04)/59.98(59.98)]
Gen. 3 (1.00%): Max/Min/Avg Fitness(Raw) [73.04(72.79)/0.00(1.03)/58.72(58.72)]
Gen. 4 (1.33%): Max/Min/Avg Fitness(Raw) [74.81(74.59)/0.00(1.03)/61.28(61.28)]
Gen. 5 (1.67%): Max/Min/Avg Fitness(Raw) [76.01(75.78)/0.00(1.03)/61.96(61.96)]
Gen. 6 (2.00%): Max/Min/Avg Fitness(Raw) [77.15(76.92)/0.00(1.02)/62.82(62.82)]
Gen. 7 (2.33%): Max/Min/Avg Fitness(Raw) [78.26(78.02)/0.00(1.03)/63.36(63.36)]
Gen. 8 (2.67%): Max/Min/Avg Fitness(Raw) [78.79(78.56)/0.00(1.04)/64.35(64.35)]
Gen. 9 (3.00%): Max/Min/Avg Fitness(Raw) [79.94(79.68)/0.00(1.02)/63.87(63.87)]
Gen. 10 (3.33%): Max/Min/Avg Fitness(Raw) [80.41(80.17)/0.00(1.02)/65.15(65.15)]
Gen. 11 (3.67%): Max/Min/Avg Fitness(Raw) [82.10(81.82)/0.00(1.03)/64.57(64.57)]
Gen. 12 (4.00%): Max/Min/Avg Fitness(Raw) [82.50(82.28)/0.00(1.02)/67.62(67.62)]
Gen. 13 (4.33%): Max/Min/Avg Fitness(Raw) [84.08(83.85)/0.00(1.03)/68.58(68.58)]
Gen. 14 (4.67%): Max/Min/Avg Fitness(Raw) [85.33(85.04)/0.00(1.05)/67.07(67.07)]
Gen. 15 (5.00%): Max/Min/Avg Fitness(Raw) [85.58(85.33)/0.00(1.03)/68.77(68.77)]
Gen. 16 (5.33%): Max/Min/Avg Fitness(Raw) [86.16(85.89)/0.00(1.06)/68.61(68.61)]
Gen. 17 (5.67%): Max/Min/Avg Fitness(Raw) [86.96(86.67)/0.00(1.12)/69.21(69.21)]
Gen. 18 (6.00%): Max/Min/Avg Fitness(Raw) [87.96(87.65)/0.00(1.07)/68.22(68.22)]
Gen. 19 (6.33%): Max/Min/Avg Fitness(Raw) [88.72(88.39)/0.00(1.03)/67.27(67.27)]
Gen. 20 (6.67%): Max/Min/Avg Fitness(Raw) [89.65(89.33)/0.00(1.02)/68.23(68.23)]
Gen. 21 (7.00%): Max/Min/Avg Fitness(Raw) [90.00(89.68)/0.00(1.04)/69.20(69.20)]
Gen. 22 (7.33%): Max/Min/Avg Fitness(Raw) [90.01(89.68)/0.00(1.07)/68.90(68.90)]
Gen. 23 (7.67%): Max/Min/Avg Fitness(Raw) [90.19(89.88)/0.00(1.02)/69.17(69.17)]
Gen. 24 (8.00%): Max/Min/Avg Fitness(Raw) [90.40(90.09)/0.00(1.03)/69.51(69.51)]
Gen. 25 (8.33%): Max/Min/Avg Fitness(Raw) [90.42(90.09)/0.00(1.06)/69.24(69.24)]
Gen. 26 (8.67%): Max/Min/Avg Fitness(Raw) [90.90(90.58)/0.00(1.04)/69.43(69.43)]
Gen. 27 (9.00%): Max/Min/Avg Fitness(Raw) [91.46(91.13)/0.00(1.04)/69.73(69.73)]
Gen. 28 (9.33%): Max/Min/Avg Fitness(Raw) [91.90(91.59)/0.00(1.03)/70.80(70.80)]
Gen. 29 (9.67%): Max/Min/Avg Fitness(Raw) [92.09(91.79)/0.00(1.04)/71.32(71.32)]
Gen. 30 (10.00%): Max/Min/Avg Fitness(Raw) [92.39(92.10)/0.00(1.02)/71.85(71.85)]
Gen. 31 (10.33%): Max/Min/Avg Fitness(Raw) [92.58(92.29)/0.00(1.02)/72.26(72.26)]
Gen. 32 (10.67%): Max/Min/Avg Fitness(Raw) [92.58(92.29)/0.00(1.05)/72.29(72.29)]
Gen. 33 (11.00%): Max/Min/Avg Fitness(Raw) [92.76(92.46)/0.00(1.04)/72.09(72.09)]
Gen. 34 (11.33%): Max/Min/Avg Fitness(Raw) [93.34(93.04)/0.00(1.05)/72.92(72.92)]
Gen. 35 (11.67%): Max/Min/Avg Fitness(Raw) [93.35(93.04)/0.00(1.04)/72.19(72.19)]
Gen. 36 (12.00%): Max/Min/Avg Fitness(Raw) [93.36(93.04)/0.00(1.07)/72.09(72.09)]
Gen. 37 (12.33%): Max/Min/Avg Fitness(Raw) [93.35(93.04)/0.00(1.06)/72.20(72.20)]
Gen. 38 (12.67%): Max/Min/Avg Fitness(Raw) [93.70(93.40)/0.00(1.02)/72.12(72.12)]
Gen. 39 (13.00%): Max/Min/Avg Fitness(Raw) [93.74(93.40)/0.00(1.14)/72.17(72.17)]
Gen. 40 (13.33%): Max/Min/Avg Fitness(Raw) [93.73(93.40)/0.00(1.10)/72.11(72.11)]
Gen. 41 (13.67%): Max/Min/Avg Fitness(Raw) [93.73(93.40)/0.00(1.12)/72.36(72.36)]
Gen. 42 (14.00%): Max/Min/Avg Fitness(Raw) [93.72(93.40)/0.00(1.07)/72.05(72.05)]
Gen. 43 (14.33%): Max/Min/Avg Fitness(Raw) [93.72(93.40)/0.00(1.08)/72.16(72.16)]
Gen. 44 (14.67%): Max/Min/Avg Fitness(Raw) [94.10(93.77)/0.00(1.10)/72.26(72.26)]
Gen. 45 (15.00%): Max/Min/Avg Fitness(Raw) [94.11(93.77)/0.00(1.11)/72.18(72.18)]
Gen. 46 (15.33%): Max/Min/Avg Fitness(Raw) [94.12(93.77)/0.00(1.16)/72.31(72.31)]
Gen. 47 (15.67%): Max/Min/Avg Fitness(Raw) [94.09(93.77)/0.00(1.04)/72.14(72.14)]
Gen. 48 (16.00%): Max/Min/Avg Fitness(Raw) [94.21(93.90)/0.00(1.02)/72.35(72.35)]
Gen. 49 (16.33%): Max/Min/Avg Fitness(Raw) [94.75(94.42)/0.00(1.07)/72.11(72.11)]
Gen. 50 (16.67%): Max/Min/Avg Fitness(Raw) [95.17(94.85)/0.00(1.04)/73.00(73.00)]
Gen. 51 (17.00%): Max/Min/Avg Fitness(Raw) [95.22(94.85)/0.00(1.21)/72.72(72.72)]
Gen. 52 (17.33%): Max/Min/Avg Fitness(Raw) [95.19(94.85)/0.00(1.10)/72.79(72.79)]
Gen. 53 (17.67%): Max/Min/Avg Fitness(Raw) [95.18(94.85)/0.00(1.09)/72.94(72.94)]
Gen. 54 (18.00%): Max/Min/Avg Fitness(Raw) [95.79(95.46)/0.00(1.04)/72.66(72.66)]
Gen. 55 (18.33%): Max/Min/Avg Fitness(Raw) [95.81(95.46)/0.00(1.15)/73.27(73.27)]
Gen. 56 (18.67%): Max/Min/Avg Fitness(Raw) [95.81(95.46)/0.00(1.14)/73.33(73.33)]
Gen. 57 (19.00%): Max/Min/Avg Fitness(Raw) [96.03(95.69)/0.00(1.11)/73.39(73.39)]
Gen. 58 (19.33%): Max/Min/Avg Fitness(Raw) [96.03(95.69)/0.00(1.08)/73.08(73.08)]
Gen. 59 (19.67%): Max/Min/Avg Fitness(Raw) [96.02(95.69)/0.00(1.08)/73.38(73.38)]
Gen. 60 (20.00%): Max/Min/Avg Fitness(Raw) [96.02(95.69)/0.00(1.04)/72.73(72.73)]
Gen. 61 (20.33%): Max/Min/Avg Fitness(Raw) [96.03(95.69)/0.00(1.07)/72.82(72.82)]
Gen. 62 (20.67%): Max/Min/Avg Fitness(Raw) [96.03(95.69)/0.00(1.08)/73.02(73.02)]
Gen. 63 (21.00%): Max/Min/Avg Fitness(Raw) [96.07(95.69)/0.00(1.21)/72.96(72.96)]
Gen. 64 (21.33%): Max/Min/Avg Fitness(Raw) [96.02(95.69)/0.00(1.06)/73.07(73.07)]
Gen. 65 (21.67%): Max/Min/Avg Fitness(Raw) [96.03(95.69)/0.00(1.08)/73.03(73.03)]
Gen. 66 (22.00%): Max/Min/Avg Fitness(Raw) [96.14(95.80)/0.00(1.04)/72.57(72.57)]
Gen. 67 (22.33%): Max/Min/Avg Fitness(Raw) [96.34(96.00)/0.00(1.04)/72.80(72.80)]
Gen. 68 (22.67%): Max/Min/Avg Fitness(Raw) [96.64(96.28)/0.00(1.07)/72.45(72.45)]
Gen. 69 (23.00%): Max/Min/Avg Fitness(Raw) [96.74(96.40)/0.00(1.03)/72.67(72.67)]
Gen. 70 (23.33%): Max/Min/Avg Fitness(Raw) [96.75(96.40)/0.00(1.08)/73.07(73.07)]
Gen. 71 (23.67%): Max/Min/Avg Fitness(Raw) [97.43(97.08)/0.00(1.04)/72.78(72.78)]
Gen. 72 (24.00%): Max/Min/Avg Fitness(Raw) [97.40(97.08)/0.00(1.05)/74.26(74.26)]
Gen. 73 (24.33%): Max/Min/Avg Fitness(Raw) [97.39(97.08)/0.00(1.04)/74.61(74.61)]
Gen. 74 (24.67%): Max/Min/Avg Fitness(Raw) [97.72(97.39)/0.00(1.06)/74.69(74.69)]
Gen. 75 (25.00%): Max/Min/Avg Fitness(Raw) [97.74(97.39)/0.00(1.11)/74.71(74.71)]
Gen. 76 (25.33%): Max/Min/Avg Fitness(Raw) [97.72(97.39)/0.00(1.09)/75.21(75.21)]
Gen. 77 (25.67%): Max/Min/Avg Fitness(Raw) [97.76(97.44)/0.00(1.05)/74.76(74.76)]
Gen. 78 (26.00%): Max/Min/Avg Fitness(Raw) [97.88(97.57)/0.00(1.03)/74.96(74.96)]
Gen. 79 (26.33%): Max/Min/Avg Fitness(Raw) [98.02(97.69)/0.00(1.03)/74.58(74.58)]
Gen. 80 (26.67%): Max/Min/Avg Fitness(Raw) [98.04(97.69)/0.00(1.08)/74.43(74.43)]
Gen. 81 (27.00%): Max/Min/Avg Fitness(Raw) [98.53(98.19)/0.00(1.04)/74.00(74.00)]
Gen. 82 (27.33%): Max/Min/Avg Fitness(Raw) [98.51(98.19)/0.00(1.22)/78.18(78.18)]
Gen. 83 (27.67%): Max/Min/Avg Fitness(Raw) [98.74(98.46)/0.00(1.06)/78.22(78.22)]
Gen. 84 (28.00%): Max/Min/Avg Fitness(Raw) [99.02(98.72)/0.00(1.08)/77.57(77.57)]
Gen. 85 (28.33%): Max/Min/Avg Fitness(Raw) [99.50(99.20)/0.00(1.04)/77.06(77.06)]
Gen. 86 (28.67%): Max/Min/Avg Fitness(Raw) [99.53(99.20)/0.00(1.14)/76.89(76.89)]
Gen. 87 (29.00%): Max/Min/Avg Fitness(Raw) [99.53(99.20)/0.00(1.16)/77.02(77.02)]
Gen. 88 (29.33%): Max/Min/Avg Fitness(Raw) [99.59(99.27)/0.00(1.07)/76.67(76.67)]
Gen. 89 (29.67%): Max/Min/Avg Fitness(Raw) [99.73(99.27)/0.00(1.54)/76.73(76.73)]
Gen. 90 (30.00%): Max/Min/Avg Fitness(Raw) [99.61(99.27)/0.00(1.12)/76.57(76.57)]
Gen. 91 (30.33%): Max/Min/Avg Fitness(Raw) [99.58(99.27)/0.00(1.07)/77.05(77.05)]
Gen. 92 (30.67%): Max/Min/Avg Fitness(Raw) [99.61(99.27)/0.00(1.14)/76.52(76.52)]
Gen. 93 (31.00%): Max/Min/Avg Fitness(Raw) [99.59(99.27)/0.00(1.08)/76.82(76.82)]
Gen. 94 (31.33%): Max/Min/Avg Fitness(Raw) [99.59(99.27)/0.00(1.05)/76.39(76.39)]
Gen. 95 (31.67%): Max/Min/Avg Fitness(Raw) [99.59(99.27)/0.00(1.08)/76.81(76.81)]
Gen. 96 (32.00%): Max/Min/Avg Fitness(Raw) [99.89(99.27)/0.00(2.06)/76.74(76.74)]
Gen. 97 (32.33%): Max/Min/Avg Fitness(Raw) [99.60(99.27)/0.00(1.10)/76.50(76.50)]
Gen. 98 (32.67%): Max/Min/Avg Fitness(Raw) [99.60(99.27)/0.00(1.11)/76.82(76.82)]
Gen. 99 (33.00%): Max/Min/Avg Fitness(Raw) [99.65(99.27)/0.00(1.28)/76.78(76.78)]
Gen. 100 (33.33%): Max/Min/Avg Fitness(Raw) [99.61(99.27)/0.00(1.15)/76.68(76.68)]
Gen. 101 (33.67%): Max/Min/Avg Fitness(Raw) [99.61(99.27)/0.00(1.17)/76.94(76.94)]
Gen. 102 (34.00%): Max/Min/Avg Fitness(Raw) [99.58(99.27)/0.00(1.05)/77.00(77.00)]
Gen. 103 (34.33%): Max/Min/Avg Fitness(Raw) [99.65(99.32)/0.00(1.09)/76.76(76.76)]
Gen. 104 (34.67%): Max/Min/Avg Fitness(Raw) [99.85(99.49)/0.00(1.13)/75.98(75.98)]
Gen. 105 (35.00%): Max/Min/Avg Fitness(Raw) [99.83(99.51)/0.00(1.04)/76.29(76.29)]
Gen. 106 (35.33%): Max/Min/Avg Fitness(Raw) [99.94(99.62)/0.00(1.05)/76.28(76.28)]
Gen. 107 (35.67%): Max/Min/Avg Fitness(Raw) [100.04(99.72)/0.00(1.07)/76.84(76.84)]
Gen. 108 (36.00%): Max/Min/Avg Fitness(Raw) [100.48(100.16)/0.00(1.03)/76.67(76.67)]
Gen. 109 (36.33%): Max/Min/Avg Fitness(Raw) [101.11(100.78)/0.00(1.05)/77.04(77.04)]
Gen. 110 (36.67%): Max/Min/Avg Fitness(Raw) [101.13(100.78)/0.00(1.10)/77.02(77.02)]
Gen. 111 (37.00%): Max/Min/Avg Fitness(Raw) [101.12(100.78)/0.00(1.07)/76.95(76.95)]
Gen. 112 (37.33%): Max/Min/Avg Fitness(Raw) [101.16(100.78)/0.00(1.20)/77.10(77.10)]
Gen. 113 (37.67%): Max/Min/Avg Fitness(Raw) [101.18(100.85)/0.00(1.05)/76.86(76.86)]
Gen. 114 (38.00%): Max/Min/Avg Fitness(Raw) [101.20(100.85)/0.00(1.09)/76.51(76.51)]
Gen. 115 (38.33%): Max/Min/Avg Fitness(Raw) [101.22(100.85)/0.00(1.16)/76.72(76.72)]
Gen. 116 (38.67%): Max/Min/Avg Fitness(Raw) [101.24(100.85)/0.00(1.24)/76.88(76.88)]
Gen. 117 (39.00%): Max/Min/Avg Fitness(Raw) [101.21(100.85)/0.00(1.15)/76.99(76.99)]
Gen. 118 (39.33%): Max/Min/Avg Fitness(Raw) [101.29(100.95)/0.00(1.08)/76.83(76.83)]
Gen. 119 (39.67%): Max/Min/Avg Fitness(Raw) [101.28(100.95)/0.00(1.06)/77.19(77.19)]
Gen. 120 (40.00%): Max/Min/Avg Fitness(Raw) [101.29(100.95)/0.00(1.10)/77.38(77.38)]
Gen. 121 (40.33%): Max/Min/Avg Fitness(Raw) [101.28(100.95)/0.00(1.04)/76.63(76.63)]
Gen. 122 (40.67%): Max/Min/Avg Fitness(Raw) [101.30(100.95)/0.00(1.11)/76.97(76.97)]
Gen. 123 (41.00%): Max/Min/Avg Fitness(Raw) [101.31(100.95)/0.00(1.13)/76.84(76.84)]
Gen. 124 (41.33%): Max/Min/Avg Fitness(Raw) [101.32(100.95)/0.00(1.15)/76.75(76.75)]
Gen. 125 (41.67%): Max/Min/Avg Fitness(Raw) [101.29(100.95)/0.00(1.10)/77.08(77.08)]
Gen. 126 (42.00%): Max/Min/Avg Fitness(Raw) [101.31(100.95)/0.00(1.12)/76.75(76.75)]
Gen. 127 (42.33%): Max/Min/Avg Fitness(Raw) [101.34(100.95)/0.00(1.23)/76.75(76.75)]
Gen. 128 (42.67%): Max/Min/Avg Fitness(Raw) [101.28(100.95)/0.00(1.04)/76.97(76.97)]
Gen. 129 (43.00%): Max/Min/Avg Fitness(Raw) [101.29(100.95)/0.00(1.07)/76.82(76.82)]
Gen. 130 (43.33%): Max/Min/Avg Fitness(Raw) [101.33(100.95)/0.00(1.22)/77.10(77.10)]
Gen. 131 (43.67%): Max/Min/Avg Fitness(Raw) [101.32(100.95)/0.00(1.18)/77.13(77.13)]
Gen. 132 (44.00%): Max/Min/Avg Fitness(Raw) [101.35(100.95)/0.00(1.26)/77.04(77.04)]
Gen. 133 (44.33%): Max/Min/Avg Fitness(Raw) [101.30(100.95)/0.00(1.10)/76.81(76.81)]
Gen. 134 (44.67%): Max/Min/Avg Fitness(Raw) [102.15(101.63)/0.00(1.58)/76.77(76.77)]
Gen. 135 (45.00%): Max/Min/Avg Fitness(Raw) [102.01(101.63)/0.00(1.20)/77.42(77.42)]
Gen. 136 (45.33%): Max/Min/Avg Fitness(Raw) [101.97(101.63)/0.00(1.12)/77.98(77.98)]
Gen. 137 (45.67%): Max/Min/Avg Fitness(Raw) [101.97(101.63)/0.00(1.07)/77.40(77.40)]
Gen. 138 (46.00%): Max/Min/Avg Fitness(Raw) [101.99(101.63)/0.00(1.16)/77.58(77.58)]
Gen. 139 (46.33%): Max/Min/Avg Fitness(Raw) [101.96(101.63)/0.00(1.06)/77.46(77.46)]
Gen. 140 (46.67%): Max/Min/Avg Fitness(Raw) [101.99(101.63)/0.00(1.17)/77.59(77.59)]
Gen. 141 (47.00%): Max/Min/Avg Fitness(Raw) [101.95(101.63)/0.00(1.05)/77.79(77.79)]
Gen. 142 (47.33%): Max/Min/Avg Fitness(Raw) [102.32(101.98)/0.00(1.06)/77.40(77.40)]
Gen. 143 (47.67%): Max/Min/Avg Fitness(Raw) [102.33(101.98)/0.00(1.18)/78.86(78.86)]
Gen. 144 (48.00%): Max/Min/Avg Fitness(Raw) [102.31(101.98)/0.00(1.08)/78.68(78.68)]
Gen. 145 (48.33%): Max/Min/Avg Fitness(Raw) [102.40(101.98)/0.00(1.37)/78.38(78.38)]
Gen. 146 (48.67%): Max/Min/Avg Fitness(Raw) [102.31(101.98)/0.00(1.09)/78.60(78.60)]
Gen. 147 (49.00%): Max/Min/Avg Fitness(Raw) [102.32(101.98)/0.00(1.13)/78.74(78.74)]
Gen. 148 (49.33%): Max/Min/Avg Fitness(Raw) [102.34(101.98)/0.00(1.19)/78.49(78.49)]
Gen. 149 (49.67%): Max/Min/Avg Fitness(Raw) [102.31(101.98)/0.00(1.08)/78.49(78.49)]
Gen. 150 (50.00%): Max/Min/Avg Fitness(Raw) [102.32(101.98)/0.00(1.11)/78.58(78.58)]
Gen. 151 (50.33%): Max/Min/Avg Fitness(Raw) [102.30(101.98)/0.00(1.05)/78.40(78.40)]
Gen. 152 (50.67%): Max/Min/Avg Fitness(Raw) [102.29(101.98)/0.00(1.04)/78.75(78.75)]
Gen. 153 (51.00%): Max/Min/Avg Fitness(Raw) [102.30(101.98)/0.00(1.06)/78.39(78.39)]
Gen. 154 (51.33%): Max/Min/Avg Fitness(Raw) [102.32(101.98)/0.00(1.14)/78.74(78.74)]
Gen. 155 (51.67%): Max/Min/Avg Fitness(Raw) [102.31(101.98)/0.00(1.07)/78.46(78.46)]
Gen. 156 (52.00%): Max/Min/Avg Fitness(Raw) [102.84(102.51)/0.00(1.08)/78.57(78.57)]
Gen. 157 (52.33%): Max/Min/Avg Fitness(Raw) [102.85(102.51)/0.00(1.14)/79.05(79.05)]
Gen. 158 (52.67%): Max/Min/Avg Fitness(Raw) [102.85(102.51)/0.00(1.12)/78.98(78.98)]
Gen. 159 (53.00%): Max/Min/Avg Fitness(Raw) [102.90(102.51)/0.00(1.29)/79.05(79.05)]
Gen. 160 (53.33%): Max/Min/Avg Fitness(Raw) [102.90(102.51)/0.00(1.30)/79.25(79.25)]
Gen. 161 (53.67%): Max/Min/Avg Fitness(Raw) [102.91(102.51)/0.00(1.34)/79.22(79.22)]
Gen. 162 (54.00%): Max/Min/Avg Fitness(Raw) [102.94(102.51)/0.00(1.41)/79.06(79.06)]
Gen. 163 (54.33%): Max/Min/Avg Fitness(Raw) [102.85(102.51)/0.00(1.12)/78.99(78.99)]
Gen. 164 (54.67%): Max/Min/Avg Fitness(Raw) [102.83(102.51)/0.00(1.06)/79.16(79.16)]
Gen. 165 (55.00%): Max/Min/Avg Fitness(Raw) [103.04(102.51)/0.00(1.75)/78.99(78.99)]
Gen. 166 (55.33%): Max/Min/Avg Fitness(Raw) [102.86(102.51)/0.00(1.13)/78.71(78.71)]
Gen. 167 (55.67%): Max/Min/Avg Fitness(Raw) [102.88(102.51)/0.00(1.22)/78.99(78.99)]
Gen. 168 (56.00%): Max/Min/Avg Fitness(Raw) [102.84(102.51)/0.00(1.07)/78.80(78.80)]
Gen. 169 (56.33%): Max/Min/Avg Fitness(Raw) [102.86(102.51)/0.00(1.13)/78.64(78.64)]
Gen. 170 (56.67%): Max/Min/Avg Fitness(Raw) [102.86(102.51)/0.00(1.16)/78.92(78.92)]
Gen. 171 (57.00%): Max/Min/Avg Fitness(Raw) [102.84(102.51)/0.00(1.09)/79.10(79.10)]
Gen. 172 (57.33%): Max/Min/Avg Fitness(Raw) [102.87(102.51)/0.00(1.17)/78.81(78.81)]
Gen. 173 (57.67%): Max/Min/Avg Fitness(Raw) [102.82(102.51)/0.00(1.04)/79.12(79.12)]
Gen. 174 (58.00%): Max/Min/Avg Fitness(Raw) [102.83(102.51)/0.00(1.06)/79.07(79.07)]
Gen. 175 (58.33%): Max/Min/Avg Fitness(Raw) [102.83(102.51)/0.00(1.07)/79.38(79.38)]
Gen. 176 (58.67%): Max/Min/Avg Fitness(Raw) [102.86(102.51)/0.00(1.16)/79.14(79.14)]
Gen. 177 (59.00%): Max/Min/Avg Fitness(Raw) [103.30(102.97)/0.00(1.05)/78.77(78.77)]
Gen. 178 (59.33%): Max/Min/Avg Fitness(Raw) [103.30(102.97)/0.00(1.15)/80.15(80.15)]
Gen. 179 (59.67%): Max/Min/Avg Fitness(Raw) [103.30(102.97)/0.00(1.13)/79.86(79.86)]
Gen. 180 (60.00%): Max/Min/Avg Fitness(Raw) [103.28(102.97)/0.00(1.06)/79.97(79.97)]
Gen. 181 (60.33%): Max/Min/Avg Fitness(Raw) [103.28(102.97)/0.00(1.05)/80.04(80.04)]
Gen. 182 (60.67%): Max/Min/Avg Fitness(Raw) [103.29(102.97)/0.00(1.07)/79.83(79.83)]
Gen. 183 (61.00%): Max/Min/Avg Fitness(Raw) [103.65(103.33)/0.00(1.09)/80.26(80.26)]
Gen. 184 (61.33%): Max/Min/Avg Fitness(Raw) [103.87(103.56)/0.00(1.05)/80.16(80.16)]
Gen. 185 (61.67%): Max/Min/Avg Fitness(Raw) [103.95(103.56)/0.00(1.40)/81.31(81.31)]
Gen. 186 (62.00%): Max/Min/Avg Fitness(Raw) [103.89(103.56)/0.00(1.16)/80.88(80.88)]
Gen. 187 (62.33%): Max/Min/Avg Fitness(Raw) [103.86(103.56)/0.00(1.07)/81.18(81.18)]
Gen. 188 (62.67%): Max/Min/Avg Fitness(Raw) [104.23(103.56)/0.00(2.38)/81.41(81.41)]
Gen. 189 (63.00%): Max/Min/Avg Fitness(Raw) [103.89(103.56)/0.00(1.16)/80.98(80.98)]
Gen. 190 (63.33%): Max/Min/Avg Fitness(Raw) [103.96(103.65)/0.00(1.09)/81.28(81.28)]
Gen. 191 (63.67%): Max/Min/Avg Fitness(Raw) [103.96(103.65)/0.00(1.07)/81.08(81.08)]
Gen. 192 (64.00%): Max/Min/Avg Fitness(Raw) [104.09(103.79)/0.00(1.06)/81.02(81.02)]
Gen. 193 (64.33%): Max/Min/Avg Fitness(Raw) [104.18(103.79)/0.00(1.34)/80.75(80.75)]
Gen. 194 (64.67%): Max/Min/Avg Fitness(Raw) [104.16(103.79)/0.00(1.29)/80.81(80.81)]
Gen. 195 (65.00%): Max/Min/Avg Fitness(Raw) [104.13(103.79)/0.00(1.15)/80.36(80.36)]
Gen. 196 (65.33%): Max/Min/Avg Fitness(Raw) [104.14(103.79)/0.00(1.22)/80.55(80.55)]
Gen. 197 (65.67%): Max/Min/Avg Fitness(Raw) [104.19(103.79)/0.00(1.35)/80.43(80.43)]
Gen. 198 (66.00%): Max/Min/Avg Fitness(Raw) [104.31(103.79)/0.00(1.76)/80.65(80.65)]
Gen. 199 (66.33%): Max/Min/Avg Fitness(Raw) [104.30(103.99)/0.00(1.06)/80.60(80.60)]
Gen. 200 (66.67%): Max/Min/Avg Fitness(Raw) [104.35(103.99)/0.00(1.34)/82.19(82.19)]
Gen. 201 (67.00%): Max/Min/Avg Fitness(Raw) [104.41(104.13)/0.00(1.04)/81.95(81.95)]
Gen. 202 (67.33%): Max/Min/Avg Fitness(Raw) [104.48(104.13)/0.00(1.19)/80.39(80.39)]
Gen. 203 (67.67%): Max/Min/Avg Fitness(Raw) [104.48(104.13)/0.00(1.16)/79.87(79.87)]
Gen. 204 (68.00%): Max/Min/Avg Fitness(Raw) [104.45(104.13)/0.00(1.06)/80.08(80.08)]
Gen. 205 (68.33%): Max/Min/Avg Fitness(Raw) [104.47(104.13)/0.00(1.13)/80.23(80.23)]
Gen. 206 (68.67%): Max/Min/Avg Fitness(Raw) [104.82(104.41)/0.00(1.33)/80.25(80.25)]
Gen. 207 (69.00%): Max/Min/Avg Fitness(Raw) [104.74(104.41)/0.00(1.06)/80.23(80.23)]
Gen. 208 (69.33%): Max/Min/Avg Fitness(Raw) [104.73(104.41)/0.00(1.05)/80.46(80.46)]
Gen. 209 (69.67%):