Creating network.
The layer structure is following:
[70, 30, 1]
Setting newtork parameters
Getting training data : ALL_S6_959126400_hveto_channels_signif_dt_set_8_training.pat
Setting GA training parameters
Start running GA
Gen. 0 (0.00%): Max/Min/Avg Fitness(Raw) [25.29(55.46)/18.62(1.02)/21.07(21.07)]
Gen. 1 (0.50%): Max/Min/Avg Fitness(Raw) [23.93(57.85)/17.95(1.02)/19.94(19.94)]
Gen. 2 (1.00%): Max/Min/Avg Fitness(Raw) [23.44(57.85)/17.65(1.02)/19.54(19.54)]
Gen. 3 (1.50%): Max/Min/Avg Fitness(Raw) [23.56(57.85)/17.72(1.02)/19.64(19.64)]
Gen. 4 (2.00%): Max/Min/Avg Fitness(Raw) [22.65(57.85)/17.15(1.02)/18.88(18.88)]
Gen. 5 (2.50%): Max/Min/Avg Fitness(Raw) [23.02(57.85)/17.38(1.02)/19.18(19.18)]
Gen. 6 (3.00%): Max/Min/Avg Fitness(Raw) [21.59(57.85)/16.46(1.02)/17.99(17.99)]
Gen. 7 (3.50%): Max/Min/Avg Fitness(Raw) [21.76(57.85)/16.57(1.02)/18.13(18.13)]
Gen. 8 (4.00%): Max/Min/Avg Fitness(Raw) [21.80(59.51)/16.66(1.02)/18.16(18.16)]
Gen. 9 (4.50%): Max/Min/Avg Fitness(Raw) [25.37(59.51)/18.92(1.02)/21.14(21.14)]
Gen. 10 (5.00%): Max/Min/Avg Fitness(Raw) [25.17(60.67)/18.87(1.02)/20.97(20.97)]
Gen. 11 (5.50%): Max/Min/Avg Fitness(Raw) [23.33(60.67)/17.70(1.02)/19.44(19.44)]
Gen. 12 (6.00%): Max/Min/Avg Fitness(Raw) [23.52(60.67)/17.83(1.02)/19.60(19.60)]
Gen. 13 (6.50%): Max/Min/Avg Fitness(Raw) [23.39(64.38)/17.88(1.02)/19.49(19.49)]
Gen. 14 (7.00%): Max/Min/Avg Fitness(Raw) [19.52(64.38)/15.23(1.02)/16.26(16.26)]
Gen. 15 (7.50%): Max/Min/Avg Fitness(Raw) [20.18(64.38)/15.70(1.02)/16.82(16.82)]
Gen. 16 (8.00%): Max/Min/Avg Fitness(Raw) [20.45(64.38)/15.89(1.02)/17.05(17.05)]
Gen. 17 (8.50%): Max/Min/Avg Fitness(Raw) [19.97(64.69)/15.56(1.02)/16.64(16.64)]
Gen. 18 (9.00%): Max/Min/Avg Fitness(Raw) [13.82(64.69)/11.06(1.02)/11.52(11.52)]
Gen. 19 (9.50%): Max/Min/Avg Fitness(Raw) [15.75(64.69)/12.51(1.02)/13.13(13.13)]
Gen. 20 (10.00%): Max/Min/Avg Fitness(Raw) [13.60(65.22)/10.90(1.02)/11.34(11.34)]
Gen. 21 (10.50%): Max/Min/Avg Fitness(Raw) [15.30(65.22)/12.18(1.02)/12.75(12.75)]
Gen. 22 (11.00%): Max/Min/Avg Fitness(Raw) [13.63(65.22)/10.93(1.02)/11.36(11.36)]
Gen. 23 (11.50%): Max/Min/Avg Fitness(Raw) [14.79(65.22)/11.80(1.02)/12.33(12.33)]
Gen. 24 (12.00%): Max/Min/Avg Fitness(Raw) [14.53(65.22)/11.60(1.02)/12.11(12.11)]
Gen. 25 (12.50%): Max/Min/Avg Fitness(Raw) [14.62(65.60)/11.68(1.02)/12.18(12.18)]
Gen. 26 (13.00%): Max/Min/Avg Fitness(Raw) [15.28(65.60)/12.17(1.02)/12.74(12.74)]
Gen. 27 (13.50%): Max/Min/Avg Fitness(Raw) [14.18(65.60)/11.34(1.02)/11.81(11.81)]
Gen. 28 (14.00%): Max/Min/Avg Fitness(Raw) [15.49(67.56)/12.34(1.02)/12.91(12.91)]
Gen. 29 (14.50%): Max/Min/Avg Fitness(Raw) [10.98(67.87)/8.90(1.02)/9.15(9.15)]
Gen. 30 (15.00%): Max/Min/Avg Fitness(Raw) [19.68(67.87)/15.42(1.02)/16.40(16.40)]
Gen. 31 (15.50%): Max/Min/Avg Fitness(Raw) [19.93(67.87)/15.60(1.02)/16.61(16.61)]
Gen. 32 (16.00%): Max/Min/Avg Fitness(Raw) [20.03(67.87)/15.67(1.02)/16.69(16.69)]
Gen. 33 (16.50%): Max/Min/Avg Fitness(Raw) [20.52(67.87)/16.02(1.02)/17.10(17.10)]
Gen. 34 (17.00%): Max/Min/Avg Fitness(Raw) [19.58(67.87)/15.35(1.02)/16.32(16.32)]
Gen. 35 (17.50%): Max/Min/Avg Fitness(Raw) [19.85(67.87)/15.54(1.02)/16.54(16.54)]
Gen. 36 (18.00%): Max/Min/Avg Fitness(Raw) [20.41(67.87)/15.94(1.02)/17.01(17.01)]
Gen. 37 (18.50%): Max/Min/Avg Fitness(Raw) [19.77(71.00)/15.54(1.02)/16.48(16.48)]
Gen. 38 (19.00%): Max/Min/Avg Fitness(Raw) [20.05(71.00)/15.74(1.02)/16.71(16.71)]
Gen. 39 (19.50%): Max/Min/Avg Fitness(Raw) [20.86(71.00)/16.32(1.02)/17.38(17.38)]
Gen. 40 (20.00%): Max/Min/Avg Fitness(Raw) [19.78(71.00)/15.55(1.02)/16.48(16.48)]
Gen. 41 (20.50%): Max/Min/Avg Fitness(Raw) [20.96(71.00)/16.39(1.02)/17.47(17.47)]
Gen. 42 (21.00%): Max/Min/Avg Fitness(Raw) [20.24(71.00)/15.88(1.02)/16.87(16.87)]
Gen. 43 (21.50%): Max/Min/Avg Fitness(Raw) [20.00(71.00)/15.71(1.02)/16.67(16.67)]
Gen. 44 (22.00%): Max/Min/Avg Fitness(Raw) [20.02(71.00)/15.72(1.02)/16.68(16.68)]
Gen. 45 (22.50%): Max/Min/Avg Fitness(Raw) [19.04(71.00)/15.01(1.02)/15.86(15.86)]
Gen. 46 (23.00%): Max/Min/Avg Fitness(Raw) [20.71(71.00)/16.21(1.02)/17.26(17.26)]
Gen. 47 (23.50%): Max/Min/Avg Fitness(Raw) [19.96(71.00)/15.68(1.02)/16.63(16.63)]
Gen. 48 (24.00%): Max/Min/Avg Fitness(Raw) [19.16(71.00)/15.10(1.02)/15.97(15.97)]
Gen. 49 (24.50%): Max/Min/Avg Fitness(Raw) [18.98(71.00)/14.97(1.02)/15.81(15.81)]
Gen. 50 (25.00%): Max/Min/Avg Fitness(Raw) [19.70(71.00)/15.49(1.02)/16.41(16.41)]
Gen. 51 (25.50%): Max/Min/Avg Fitness(Raw) [18.89(71.00)/14.91(1.02)/15.74(15.74)]
Gen. 52 (26.00%): Max/Min/Avg Fitness(Raw) [19.98(71.00)/15.70(1.02)/16.65(16.65)]
Gen. 53 (26.50%): Max/Min/Avg Fitness(Raw) [19.94(71.00)/15.67(1.02)/16.62(16.62)]
Gen. 54 (27.00%): Max/Min/Avg Fitness(Raw) [18.11(71.00)/14.34(1.02)/15.10(15.10)]
Gen. 55 (27.50%): Max/Min/Avg Fitness(Raw) [20.73(71.00)/16.23(1.02)/17.27(17.27)]
Gen. 56 (28.00%): Max/Min/Avg Fitness(Raw) [19.88(71.00)/15.62(1.02)/16.57(16.57)]
Gen. 57 (28.50%): Max/Min/Avg Fitness(Raw) [19.14(71.00)/15.09(1.02)/15.95(15.95)]
Gen. 58 (29.00%): Max/Min/Avg Fitness(Raw) [19.43(71.00)/15.30(1.02)/16.19(16.19)]
Gen. 59 (29.50%): Max/Min/Avg Fitness(Raw) [20.89(71.00)/16.34(1.02)/17.41(17.41)]
Gen. 60 (30.00%): Max/Min/Avg Fitness(Raw) [20.58(71.00)/16.12(1.02)/17.15(17.15)]
Gen. 61 (30.50%): Max/Min/Avg Fitness(Raw) [19.68(71.00)/15.47(1.02)/16.40(16.40)]
Gen. 62 (31.00%): Max/Min/Avg Fitness(Raw) [19.78(71.00)/15.55(1.02)/16.48(16.48)]
Gen. 63 (31.50%): Max/Min/Avg Fitness(Raw) [20.30(71.00)/15.92(1.02)/16.92(16.92)]
Gen. 64 (32.00%): Max/Min/Avg Fitness(Raw) [19.60(71.00)/15.42(1.02)/16.34(16.34)]
Gen. 65 (32.50%): Max/Min/Avg Fitness(Raw) [19.32(71.00)/15.21(1.02)/16.10(16.10)]
Gen. 66 (33.00%): Max/Min/Avg Fitness(Raw) [20.21(71.00)/15.86(1.02)/16.84(16.84)]
Gen. 67 (33.50%): Max/Min/Avg Fitness(Raw) [19.26(71.00)/15.17(1.02)/16.05(16.05)]
Gen. 68 (34.00%): Max/Min/Avg Fitness(Raw) [18.49(71.00)/14.61(1.02)/15.41(15.41)]
Gen. 69 (34.50%): Max/Min/Avg Fitness(Raw) [19.36(71.00)/15.25(1.02)/16.14(16.14)]
Gen. 70 (35.00%): Max/Min/Avg Fitness(Raw) [20.20(71.00)/15.85(1.02)/16.84(16.84)]
Gen. 71 (35.50%): Max/Min/Avg Fitness(Raw) [18.85(71.00)/14.88(1.02)/15.71(15.71)]
Gen. 72 (36.00%): Max/Min/Avg Fitness(Raw) [19.75(71.00)/15.52(1.02)/16.45(16.45)]
Gen. 73 (36.50%): Max/Min/Avg Fitness(Raw) [20.39(71.00)/15.99(1.02)/16.99(16.99)]
Gen. 74 (37.00%): Max/Min/Avg Fitness(Raw) [19.67(71.00)/15.47(1.02)/16.39(16.39)]
Gen. 75 (37.50%): Max/Min/Avg Fitness(Raw) [19.40(71.00)/15.28(1.02)/16.17(16.17)]
Gen. 76 (38.00%): Max/Min/Avg Fitness(Raw) [18.24(71.00)/14.42(1.02)/15.20(15.20)]
Gen. 77 (38.50%): Max/Min/Avg Fitness(Raw) [19.99(71.00)/15.70(1.02)/16.66(16.66)]
Gen. 78 (39.00%): Max/Min/Avg Fitness(Raw) [18.90(71.00)/14.91(1.02)/15.75(15.75)]
Gen. 79 (39.50%): Max/Min/Avg Fitness(Raw) [20.09(71.00)/15.77(1.02)/16.75(16.75)]
Gen. 80 (40.00%): Max/Min/Avg Fitness(Raw) [18.99(71.00)/14.98(1.02)/15.83(15.83)]
Gen. 81 (40.50%): Max/Min/Avg Fitness(Raw) [19.34(71.00)/15.23(1.02)/16.11(16.11)]
Gen. 82 (41.00%): Max/Min/Avg Fitness(Raw) [20.11(71.00)/15.79(1.02)/16.76(16.76)]
Gen. 83 (41.50%): Max/Min/Avg Fitness(Raw) [19.56(71.00)/15.39(1.02)/16.30(16.30)]
Gen. 84 (42.00%): Max/Min/Avg Fitness(Raw) [19.52(71.00)/15.36(1.02)/16.27(16.27)]
Gen. 85 (42.50%): Max/Min/Avg Fitness(Raw) [20.31(71.00)/15.93(1.02)/16.93(16.93)]
Gen. 86 (43.00%): Max/Min/Avg Fitness(Raw) [21.20(71.00)/16.56(1.02)/17.67(17.67)]
Gen. 87 (43.50%): Max/Min/Avg Fitness(Raw) [19.55(71.00)/15.38(1.02)/16.29(16.29)]
Gen. 88 (44.00%): Max/Min/Avg Fitness(Raw) [19.25(71.00)/15.16(1.02)/16.04(16.04)]
Gen. 89 (44.50%): Max/Min/Avg Fitness(Raw) [19.02(71.00)/14.99(1.02)/15.85(15.85)]
Gen. 90 (45.00%): Max/Min/Avg Fitness(Raw) [18.33(71.00)/14.49(1.02)/15.28(15.28)]
Gen. 91 (45.50%): Max/Min/Avg Fitness(Raw) [19.87(71.00)/15.62(1.02)/16.56(16.56)]
Gen. 92 (46.00%): Max/Min/Avg Fitness(Raw) [18.85(71.00)/14.87(1.02)/15.71(15.71)]
Gen. 93 (46.50%): Max/Min/Avg Fitness(Raw) [19.16(71.00)/15.10(1.02)/15.97(15.97)]
Gen. 94 (47.00%): Max/Min/Avg Fitness(Raw) [18.29(71.00)/14.46(1.02)/15.24(15.24)]
Gen. 95 (47.50%): Max/Min/Avg Fitness(Raw) [19.95(71.00)/15.67(1.02)/16.62(16.62)]
Gen. 96 (48.00%): Max/Min/Avg Fitness(Raw) [19.78(71.00)/15.55(1.02)/16.49(16.49)]
Gen. 97 (48.50%): Max/Min/Avg Fitness(Raw) [19.21(71.00)/15.14(1.02)/16.01(16.01)]
Gen. 98 (49.00%): Max/Min/Avg Fitness(Raw) [19.26(71.00)/15.17(1.02)/16.05(16.05)]
Gen. 99 (49.50%): Max/Min/Avg Fitness(Raw) [18.92(71.00)/14.93(1.02)/15.77(15.77)]
Gen. 100 (50.00%): Max/Min/Avg Fitness(Raw) [19.72(71.00)/15.50(1.02)/16.43(16.43)]
Gen. 101 (50.50%): Max/Min/Avg Fitness(Raw) [20.07(71.00)/15.76(1.02)/16.73(16.73)]
Gen. 102 (51.00%): Max/Min/Avg Fitness(Raw) [19.32(71.00)/15.22(1.02)/16.10(16.10)]
Gen. 103 (51.50%): Max/Min/Avg Fitness(Raw) [18.63(71.00)/14.71(1.02)/15.52(15.52)]
Gen. 104 (52.00%): Max/Min/Avg Fitness(Raw) [19.54(71.00)/15.37(1.02)/16.28(16.28)]
Gen. 105 (52.50%): Max/Min/Avg Fitness(Raw) [19.64(71.00)/15.44(1.02)/16.36(16.36)]
Gen. 106 (53.00%): Max/Min/Avg Fitness(Raw) [19.46(71.00)/15.31(1.02)/16.21(16.21)]
Gen. 107 (53.50%): Max/Min/Avg Fitness(Raw) [20.88(71.00)/16.33(1.02)/17.40(17.40)]
Gen. 108 (54.00%): Max/Min/Avg Fitness(Raw) [18.77(71.00)/14.81(1.02)/15.64(15.64)]
Gen. 109 (54.50%): Max/Min/Avg Fitness(Raw) [18.85(71.00)/14.88(1.02)/15.71(15.71)]
Gen. 110 (55.00%): Max/Min/Avg Fitness(Raw) [19.03(71.00)/15.01(1.02)/15.86(15.86)]
Gen. 111 (55.50%): Max/Min/Avg Fitness(Raw) [19.29(71.00)/15.20(1.02)/16.08(16.08)]
Gen. 112 (56.00%): Max/Min/Avg Fitness(Raw) [18.73(71.00)/14.79(1.02)/15.61(15.61)]
Gen. 113 (56.50%): Max/Min/Avg Fitness(Raw) [17.90(71.00)/14.18(1.02)/14.92(14.92)]
Gen. 114 (57.00%): Max/Min/Avg Fitness(Raw) [18.49(71.00)/14.61(1.02)/15.41(15.41)]
Gen. 115 (57.50%): Max/Min/Avg Fitness(Raw) [19.19(71.00)/15.12(1.02)/15.99(15.99)]
Gen. 116 (58.00%): Max/Min/Avg Fitness(Raw) [19.28(71.00)/15.19(1.02)/16.07(16.07)]
Gen. 117 (58.50%): Max/Min/Avg Fitness(Raw) [19.21(71.00)/15.14(1.02)/16.01(16.01)]
Gen. 118 (59.00%): Max/Min/Avg Fitness(Raw) [19.45(71.00)/15.31(1.02)/16.21(16.21)]
Gen. 119 (59.50%): Max/Min/Avg Fitness(Raw) [19.15(71.00)/15.09(1.02)/15.96(15.96)]
Gen. 120 (60.00%): Max/Min/Avg Fitness(Raw) [18.80(71.00)/14.84(1.02)/15.66(15.66)]
Gen. 121 (60.50%): Max/Min/Avg Fitness(Raw) [19.20(71.00)/15.13(1.02)/16.00(16.00)]
Gen. 122 (61.00%): Max/Min/Avg Fitness(Raw) [22.24(71.00)/17.30(1.02)/18.53(18.53)]
Gen. 123 (61.50%): Max/Min/Avg Fitness(Raw) [19.45(71.00)/15.31(1.02)/16.21(16.21)]
Gen. 124 (62.00%): Max/Min/Avg Fitness(Raw) [17.78(71.00)/14.09(1.02)/14.81(14.81)]
Gen. 125 (62.50%): Max/Min/Avg Fitness(Raw) [19.17(71.00)/15.11(1.02)/15.98(15.98)]
Gen. 126 (63.00%): Max/Min/Avg Fitness(Raw) [19.31(71.00)/15.21(1.02)/16.09(16.09)]
Gen. 127 (63.50%): Max/Min/Avg Fitness(Raw) [18.95(71.00)/14.95(1.02)/15.79(15.79)]
Gen. 128 (64.00%): Max/Min/Avg Fitness(Raw) [19.83(71.00)/15.58(1.02)/16.52(16.52)]
Gen. 129 (64.50%): Max/Min/Avg Fitness(Raw) [19.41(71.00)/15.28(1.02)/16.17(16.17)]
Gen. 130 (65.00%): Max/Min/Avg Fitness(Raw) [20.27(71.00)/15.90(1.02)/16.89(16.89)]
Gen. 131 (65.50%): Max/Min/Avg Fitness(Raw) [20.86(71.00)/16.32(1.02)/17.38(17.38)]
Gen. 132 (66.00%): Max/Min/Avg Fitness(Raw) [20.06(71.00)/15.75(1.02)/16.72(16.72)]
Gen. 133 (66.50%): Max/Min/Avg Fitness(Raw) [19.45(71.00)/15.31(1.02)/16.21(16.21)]
Gen. 134 (67.00%): Max/Min/Avg Fitness(Raw) [19.49(71.00)/15.34(1.02)/16.24(16.24)]
Gen. 135 (67.50%): Max/Min/Avg Fitness(Raw) [18.43(71.00)/14.56(1.02)/15.36(15.36)]
Gen. 136 (68.00%): Max/Min/Avg Fitness(Raw) [20.59(71.00)/16.13(1.02)/17.16(17.16)]
Gen. 137 (68.50%): Max/Min/Avg Fitness(Raw) [19.50(71.00)/15.35(1.02)/16.25(16.25)]
Gen. 138 (69.00%): Max/Min/Avg Fitness(Raw) [20.67(71.00)/16.19(1.02)/17.23(17.23)]
Gen. 139 (69.50%): Max/Min/Avg Fitness(Raw) [19.46(71.00)/15.32(1.02)/16.22(16.22)]
Gen. 140 (70.00%): Max/Min/Avg Fitness(Raw) [19.61(71.00)/15.42(1.02)/16.34(16.34)]
Gen. 141 (70.50%): Max/Min/Avg Fitness(Raw) [20.25(71.00)/15.89(1.02)/16.88(16.88)]
Gen. 142 (71.00%): Max/Min/Avg Fitness(Raw) [19.62(71.00)/15.43(1.02)/16.35(16.35)]
Gen. 143 (71.50%): Max/Min/Avg Fitness(Raw) [18.68(71.00)/14.75(1.02)/15.57(15.57)]
Gen. 144 (72.00%): Max/Min/Avg Fitness(Raw) [18.64(71.00)/14.72(1.02)/15.54(15.54)]
Gen. 145 (72.50%): Max/Min/Avg Fitness(Raw) [18.93(71.00)/14.93(1.02)/15.78(15.78)]
Gen. 146 (73.00%): Max/Min/Avg Fitness(Raw) [19.93(71.00)/15.66(1.02)/16.61(16.61)]
Gen. 147 (73.50%): Max/Min/Avg Fitness(Raw) [19.77(71.00)/15.54(1.02)/16.47(16.47)]
Gen. 148 (74.00%): Max/Min/Avg Fitness(Raw) [20.77(71.00)/16.26(1.02)/17.31(17.31)]
Gen. 149 (74.50%): Max/Min/Avg Fitness(Raw) [18.94(71.00)/14.94(1.02)/15.78(15.78)]
Gen. 150 (75.00%): Max/Min/Avg Fitness(Raw) [19.28(71.00)/15.19(1.02)/16.07(16.07)]
Gen. 151 (75.50%): Max/Min/Avg Fitness(Raw) [19.24(71.00)/15.16(1.02)/16.03(16.03)]
Gen. 152 (76.00%): Max/Min/Avg Fitness(Raw) [20.51(71.00)/16.08(1.02)/17.10(17.10)]
Gen. 153 (76.50%): Max/Min/Avg Fitness(Raw) [18.83(71.00)/14.86(1.02)/15.69(15.69)]
Gen. 154 (77.00%): Max/Min/Avg Fitness(Raw) [20.13(71.00)/15.80(1.02)/16.78(16.78)]
Gen. 155 (77.50%): Max/Min/Avg Fitness(Raw) [19.96(71.00)/15.68(1.02)/16.63(16.63)]
Gen. 156 (78.00%): Max/Min/Avg Fitness(Raw) [20.21(71.00)/15.86(1.02)/16.84(16.84)]
Gen. 157 (78.50%): Max/Min/Avg Fitness(Raw) [18.80(71.00)/14.84(1.02)/15.67(15.67)]
Gen. 158 (79.00%): Max/Min/Avg Fitness(Raw) [17.54(71.00)/13.91(1.02)/14.62(14.62)]
Gen. 159 (79.50%): Max/Min/Avg Fitness(Raw) [19.84(71.00)/15.59(1.02)/16.53(16.53)]
Gen. 160 (80.00%): Max/Min/Avg Fitness(Raw) [20.36(71.00)/15.96(1.02)/16.96(16.96)]
Gen. 161 (80.50%): Max/Min/Avg Fitness(Raw) [19.93(71.00)/15.66(1.02)/16.61(16.61)]
Gen. 162 (81.00%): Max/Min/Avg Fitness(Raw) [18.27(71.00)/14.45(1.02)/15.23(15.23)]
Gen. 163 (81.50%): Max/Min/Avg Fitness(Raw) [18.79(71.00)/14.83(1.02)/15.66(15.66)]
Gen. 164 (82.00%): Max/Min/Avg Fitness(Raw) [19.16(71.00)/15.10(1.02)/15.97(15.97)]
Gen. 165 (82.50%): Max/Min/Avg Fitness(Raw) [18.78(71.00)/14.82(1.02)/15.65(15.65)]
Gen. 166 (83.00%): Max/Min/Avg Fitness(Raw) [18.45(71.00)/14.58(1.02)/15.37(15.37)]
Gen. 167 (83.50%): Max/Min/Avg Fitness(Raw) [20.60(71.00)/16.14(1.02)/17.16(17.16)]
Gen. 168 (84.00%): Max/Min/Avg Fitness(Raw) [18.75(71.00)/14.80(1.02)/15.63(15.63)]
Gen. 169 (84.50%): Max/Min/Avg Fitness(Raw) [20.07(71.00)/15.76(1.02)/16.73(16.73)]
Gen. 170 (85.00%): Max/Min/Avg Fitness(Raw) [19.67(71.00)/15.47(1.02)/16.39(16.39)]
Gen. 171 (85.50%): Max/Min/Avg Fitness(Raw) [19.98(71.00)/15.69(1.02)/16.65(16.65)]
Gen. 172 (86.00%): Max/Min/Avg Fitness(Raw) [18.82(71.00)/14.85(1.02)/15.68(15.68)]
Gen. 173 (86.50%): Max/Min/Avg Fitness(Raw) [19.38(71.00)/15.26(1.02)/16.15(16.15)]
Gen. 174 (87.00%): Max/Min/Avg Fitness(Raw) [19.18(71.00)/15.12(1.02)/15.99(15.99)]
Gen. 175 (87.50%): Max/Min/Avg Fitness(Raw) [19.16(71.00)/15.10(1.02)/15.96(15.96)]
Gen. 176 (88.00%): Max/Min/Avg Fitness(Raw) [19.34(71.00)/15.23(1.02)/16.12(16.12)]
Gen. 177 (88.50%): Max/Min/Avg Fitness(Raw) [18.08(71.00)/14.31(1.02)/15.06(15.06)]
Gen. 178 (89.00%): Max/Min/Avg Fitness(Raw) [18.96(71.00)/14.96(1.02)/15.80(15.80)]
Gen. 179 (89.50%): Max/Min/Avg Fitness(Raw) [19.22(71.48)/15.15(1.02)/16.02(16.02)]
Gen. 180 (90.00%): Max/Min/Avg Fitness(Raw) [21.42(71.84)/16.74(1.02)/17.85(17.85)]
Gen. 181 (90.50%): Max/Min/Avg Fitness(Raw) [19.36(71.84)/15.26(1.02)/16.13(16.13)]
Gen. 182 (91.00%): Max/Min/Avg Fitness(Raw) [18.13(71.84)/14.36(1.02)/15.11(15.11)]
Gen. 183 (91.50%): Max/Min/Avg Fitness(Raw) [18.74(71.84)/14.81(1.02)/15.62(15.62)]
Gen. 184 (92.00%): Max/Min/Avg Fitness(Raw) [18.74(71.84)/14.81(1.02)/15.62(15.62)]
Gen. 185 (92.50%): Max/Min/Avg Fitness(Raw) [21.03(71.84)/16.46(1.02)/17.52(17.52)]
Gen. 186 (93.00%): Max/Min/Avg Fitness(Raw) [18.37(71.84)/14.53(1.02)/15.30(15.30)]
Gen. 187 (93.50%): Max/Min/Avg Fitness(Raw) [17.91(71.84)/14.20(1.02)/14.93(14.93)]
Gen. 188 (94.00%): Max/Min/Avg Fitness(Raw) [18.75(71.84)/14.82(1.02)/15.63(15.63)]
Gen. 189 (94.50%): Max/Min/Avg Fitness(Raw) [18.55(71.84)/14.66(1.02)/15.45(15.45)]
Gen. 190 (95.00%): Max/Min/Avg Fitness(Raw) [19.64(71.84)/15.46(1.02)/16.37(16.37)]
Gen. 191 (95.50%): Max/Min/Avg Fitness(Raw) [19.41(71.84)/15.29(1.02)/16.17(16.17)]
Gen. 192 (96.00%): Max/Min/Avg Fitness(Raw) [19.51(71.84)/15.37(1.02)/16.26(16.26)]
Gen. 193 (96.50%): Max/Min/Avg Fitness(Raw) [18.89(71.84)/14.92(1.02)/15.74(15.74)]
Gen. 194 (97.00%): Max/Min/Avg Fitness(Raw) [18.52(71.84)/14.64(1.02)/15.43(15.43)]
Gen. 195 (97.50%): Max/Min/Avg Fitness(Raw) [18.30(71.84)/14.48(1.02)/15.25(15.25)]
Gen. 196 (98.00%): Max/Min/Avg Fitness(Raw) [17.83(71.84)/14.14(1.02)/14.86(14.86)]
Gen. 197 (98.50%): Max/Min/Avg Fitness(Raw) [18.55(72.12)/14.67(1.02)/15.46(15.46)]
Gen. 198 (99.00%): Max/Min/Avg Fitness(Raw) [21.01(72.12)/16.45(1.02)/17.51(17.51)]
Gen. 199 (99.50%): Max/Min/Avg Fitness(Raw) [20.62(72.12)/16.17(1.02)/17.18(17.18)]
Gen. 200 (100.00%): Max/Min/Avg Fitness(Raw) [21.24(72.12)/16.61(1.02)/17.70(17.70)]
Total time elapsed: 39257.970 seconds.
GA MSE : 0.977155
Best initial connection wetighs are set on Network
Setting FANN training parameters
Input layer                          :  70 neurons, 1 bias
  Hidden layer                       :  30 neurons, 1 bias
Output layer                         :   1 neurons
Total neurons and biases             : 103
Total connections                    :2161
Connection rate                      :   1.000
Network type                         :   FANN_NETTYPE_LAYER
Training algorithm                   :   FANN_TRAIN_RPROP
Training error function              :   FANN_ERRORFUNC_TANH
Training stop function               :   FANN_STOPFUNC_MSE
Bit fail limit                       :   0.350
Learning rate                        :   0.700
Learning momentum                    :   0.000
Quickprop decay                      :  -0.000100
Quickprop mu                         :   1.750
RPROP increase factor                :   1.001
RPROP decrease factor                :   0.500
RPROP delta min                      :   0.000
RPROP delta max                      :  50.000
Cascade output change fraction       :   0.010000
Cascade candidate change fraction    :   0.010000
Cascade output stagnation epochs     :  12
Cascade candidate stagnation epochs  :  12
Cascade max output epochs            : 150
Cascade max candidate epochs         : 150
Cascade weight multiplier            :   0.400
Cascade candidate limit              :1000.000
Cascade activation functions[0]      :   FANN_SIGMOID
Cascade activation functions[1]      :   FANN_SIGMOID_SYMMETRIC
Cascade activation functions[2]      :   FANN_GAUSSIAN
Cascade activation functions[3]      :   FANN_GAUSSIAN_SYMMETRIC
Cascade activation functions[4]      :   FANN_ELLIOT
Cascade activation functions[5]      :   FANN_ELLIOT_SYMMETRIC
Cascade activation functions[6]      :   FANN_SIN_SYMMETRIC
Cascade activation functions[7]      :   FANN_COS_SYMMETRIC
Cascade activation functions[8]      :   FANN_SIN
Cascade activation functions[9]      :   FANN_COS
Cascade activation steepnesses[0]    :   0.250
Cascade activation steepnesses[1]    :   0.500
Cascade activation steepnesses[2]    :   0.750
Cascade activation steepnesses[3]    :   1.000
Cascade candidate groups             :   2
Cascade no. of candidates            :  80
Start training network with 2-algorithm in FANN
Max epochs     8000. Desired error: 0.0010000000.
Epochs            1. Current error: 0.0138649084. Bit fail 241.
Epochs          100. Current error: 0.0136045134. Bit fail 239.
Epochs          200. Current error: 0.0134580005. Bit fail 236.
Epochs          300. Current error: 0.0133573040. Bit fail 234.
Epochs          400. Current error: 0.0133304950. Bit fail 234.
Epochs          500. Current error: 0.0133666210. Bit fail 233.
Epochs          600. Current error: 0.0132101579. Bit fail 234.
Epochs          700. Current error: 0.0131536191. Bit fail 235.
Epochs          800. Current error: 0.0130607905. Bit fail 232.
Epochs          900. Current error: 0.0128971254. Bit fail 232.
Epochs         1000. Current error: 0.0127747850. Bit fail 230.
Epochs         1100. Current error: 0.0126904901. Bit fail 229.
Epochs         1200. Current error: 0.0124739157. Bit fail 228.
Epochs         1300. Current error: 0.0124026053. Bit fail 227.
Epochs         1400. Current error: 0.0123282773. Bit fail 226.
Epochs         1500. Current error: 0.0122702364. Bit fail 227.
Epochs         1600. Current error: 0.0121285636. Bit fail 226.
Epochs         1700. Current error: 0.0120150652. Bit fail 225.
Epochs         1800. Current error: 0.0118062738. Bit fail 222.
Epochs         1900. Current error: 0.0116572259. Bit fail 227.
Epochs         2000. Current error: 0.0115394611. Bit fail 224.
Epochs         2100. Current error: 0.0114320945. Bit fail 221.
Epochs         2200. Current error: 0.0112617118. Bit fail 217.
Epochs         2300. Current error: 0.0111951521. Bit fail 216.
Epochs         2400. Current error: 0.0112522487. Bit fail 216.
Epochs         2500. Current error: 0.0111074774. Bit fail 214.
Epochs         2600. Current error: 0.0110083455. Bit fail 212.
Epochs         2700. Current error: 0.0109809004. Bit fail 211.
Epochs         2800. Current error: 0.0109024020. Bit fail 210.
Epochs         2900. Current error: 0.0107765114. Bit fail 207.
Epochs         3000. Current error: 0.0107630594. Bit fail 207.
Epochs         3100. Current error: 0.0107596135. Bit fail 207.
Epochs         3200. Current error: 0.0108676394. Bit fail 209.
Epochs         3300. Current error: 0.0108294040. Bit fail 209.
Epochs         3400. Current error: 0.0108127268. Bit fail 209.
Epochs         3500. Current error: 0.0109227533. Bit fail 210.
Epochs         3600. Current error: 0.0108484840. Bit fail 211.
Epochs         3700. Current error: 0.0108035067. Bit fail 208.
Epochs         3800. Current error: 0.0107665081. Bit fail 208.
Epochs         3900. Current error: 0.0109179327. Bit fail 212.
Epochs         4000. Current error: 0.0109089827. Bit fail 211.
Epochs         4100. Current error: 0.0109097715. Bit fail 211.
Epochs         4200. Current error: 0.0108397277. Bit fail 209.
Epochs         4300. Current error: 0.0108356168. Bit fail 209.
Epochs         4400. Current error: 0.0108102774. Bit fail 209.
Epochs         4500. Current error: 0.0108189452. Bit fail 209.
Epochs         4600. Current error: 0.0108427340. Bit fail 207.
Epochs         4700. Current error: 0.0108485334. Bit fail 208.
Epochs         4800. Current error: 0.0108770505. Bit fail 208.
Epochs         4900. Current error: 0.0108837457. Bit fail 208.
Epochs         5000. Current error: 0.0108242761. Bit fail 207.
Epochs         5100. Current error: 0.0108257746. Bit fail 208.
Epochs         5200. Current error: 0.0109003913. Bit fail 208.
Epochs         5300. Current error: 0.0108496761. Bit fail 207.
Epochs         5400. Current error: 0.0108327577. Bit fail 207.
Epochs         5500. Current error: 0.0108342515. Bit fail 207.
Epochs         5600. Current error: 0.0108463764. Bit fail 208.
Epochs         5700. Current error: 0.0108190784. Bit fail 209.
Epochs         5800. Current error: 0.0107949460. Bit fail 208.
Epochs         5900. Current error: 0.0108198635. Bit fail 195.
Epochs         6000. Current error: 0.0108461566. Bit fail 194.
Epochs         6100. Current error: 0.0109104738. Bit fail 196.
Epochs         6200. Current error: 0.0110672377. Bit fail 198.
Epochs         6300. Current error: 0.0111013791. Bit fail 197.
Epochs         6400. Current error: 0.0111061959. Bit fail 198.
Epochs         6500. Current error: 0.0111367088. Bit fail 198.
Epochs         6600. Current error: 0.0111544691. Bit fail 198.
Epochs         6700. Current error: 0.0111585716. Bit fail 199.
Epochs         6800. Current error: 0.0111621423. Bit fail 199.
Epochs         6900. Current error: 0.0111659877. Bit fail 199.
Epochs         7000. Current error: 0.0112180542. Bit fail 201.
Epochs         7100. Current error: 0.0112290680. Bit fail 201.
Epochs         7200. Current error: 0.0112048136. Bit fail 198.
Epochs         7300. Current error: 0.0111638615. Bit fail 197.
Epochs         7400. Current error: 0.0109147914. Bit fail 195.
Epochs         7500. Current error: 0.0108697442. Bit fail 192.
Epochs         7600. Current error: 0.0108992392. Bit fail 193.
Epochs         7700. Current error: 0.0109288469. Bit fail 193.
Epochs         7800. Current error: 0.0109656304. Bit fail 193.
Epochs         7900. Current error: 0.0108820330. Bit fail 192.
Epochs         8000. Current error: 0.0108970618. Bit fail 193.
Time elpased for FANN training: 1266.221957 seconds
Trained Network by GA+FANN is saved in 
./ALL_S6_959126400_hveto_channels_signif_dt_set_8_training_n70n30n1_c10_mr10_p1000_g200_rmin-25_rmax25_gsigma50_y1001_z05_f05g09_m8000.net.
Total Running Time: 40524.647424 seconds
